[2023-06-16T11:55:25.088+0700] {taskinstance.py:1103} INFO - Dependencies all met for dep_context=non-requeueable deps ti=<TaskInstance: thethree_reqif_to_rst.upload_to_github manual__2023-06-16T04:54:55+00:00 [queued]>
[2023-06-16T11:55:25.100+0700] {taskinstance.py:1103} INFO - Dependencies all met for dep_context=requeueable deps ti=<TaskInstance: thethree_reqif_to_rst.upload_to_github manual__2023-06-16T04:54:55+00:00 [queued]>
[2023-06-16T11:55:25.101+0700] {taskinstance.py:1308} INFO - Starting attempt 1 of 0
[2023-06-16T11:55:25.121+0700] {taskinstance.py:1327} INFO - Executing <Task(PythonOperator): upload_to_github> on 2023-06-16 04:54:55+00:00
[2023-06-16T11:55:25.126+0700] {standard_task_runner.py:57} INFO - Started process 95983 to run task
[2023-06-16T11:55:25.139+0700] {standard_task_runner.py:84} INFO - Running: ['airflow', 'tasks', 'run', 'thethree_reqif_to_rst', 'upload_to_github', 'manual__2023-06-16T04:54:55+00:00', '--job-id', '275', '--raw', '--subdir', 'DAGS_FOLDER/mainflow.py', '--cfg-path', '/var/folders/v7/qsb_cvl92z92z6jf7g1jc0zr0000gn/T/tmp1tagizdw']
[2023-06-16T11:55:25.142+0700] {standard_task_runner.py:85} INFO - Job 275: Subtask upload_to_github
[2023-06-16T11:55:25.222+0700] {task_command.py:410} INFO - Running <TaskInstance: thethree_reqif_to_rst.upload_to_github manual__2023-06-16T04:54:55+00:00 [running]> on host macbook-pro.local
[2023-06-16T11:55:25.305+0700] {taskinstance.py:1545} INFO - Exporting env vars: AIRFLOW_CTX_DAG_OWNER='The Three' AIRFLOW_CTX_DAG_ID='thethree_reqif_to_rst' AIRFLOW_CTX_TASK_ID='upload_to_github' AIRFLOW_CTX_EXECUTION_DATE='2023-06-16T04:54:55+00:00' AIRFLOW_CTX_TRY_NUMBER='1' AIRFLOW_CTX_DAG_RUN_ID='manual__2023-06-16T04:54:55+00:00'
[2023-06-16T11:55:25.317+0700] {mainflow.py:48} INFO - {'AUTHENTICATION': {'TOKEN': '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', 'USERNAME': 'nxquang-al'}, 'MESSAGE': 'test-github-access-token', 'REPOSITORY': {'BRANCH': 'main', 'NAME': 'Test-github-api', 'OWNER': 'R2th'}}
[2023-06-16T11:55:25.318+0700] {mainflow.py:49} INFO - /Users/lap14202/.airflow/data/Requirements.rst
[2023-06-16T11:55:25.318+0700] {upload_to_github.py:21} INFO - https://api.github.com/repos/R2th/Test-github-api/contents/Users/lap14202/.airflow/data/Requirements.rst
[2023-06-16T11:55:25.318+0700] {upload_to_github.py:22} INFO - {'Authorization': 'Bearer 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', 'Content-Type': 'application/vnd.github+json', 'User-Agent': 'Mozilla/5.0 (Macintosh; Intel Mac OS X 10_15_7) AppleWebKit/537.36 (KHTML, like Gecko) Chrome/114.0.0.0 Safari/537.36'}
[2023-06-16T11:55:25.319+0700] {upload_to_github.py:23} INFO - main
[2023-06-16T11:55:25.847+0700] {upload_to_github.py:35} INFO - 200
[2023-06-16T11:55:25.856+0700] {upload_to_github.py:36} INFO - b'{\n  "name": "Requirements.rst",\n  "path": "Users/lap14202/.airflow/data/Requirements.rst",\n  "sha": "51ca0865a6eec4b5641934f261ed8bc9217b041a",\n  "size": 50,\n  "url": "https://api.github.com/repos/R2th/Test-github-api/contents/Users/lap14202/.airflow/data/Requirements.rst?ref=main",\n  "html_url": "https://github.com/R2th/Test-github-api/blob/main/Users/lap14202/.airflow/data/Requirements.rst",\n  "git_url": "https://api.github.com/repos/R2th/Test-github-api/git/blobs/51ca0865a6eec4b5641934f261ed8bc9217b041a",\n  "download_url": "https://raw.githubusercontent.com/R2th/Test-github-api/main/Users/lap14202/.airflow/data/Requirements.rst",\n  "type": "file",\n  "content": "Cj09PT09PT09PT09PT09PQpFQ1VfUmVxdWlyZW1lbnQKPT09PT09PT09PT09\\nPT09Cgo=\\n",\n  "encoding": "base64",\n  "_links": {\n    "self": "https://api.github.com/repos/R2th/Test-github-api/contents/Users/lap14202/.airflow/data/Requirements.rst?ref=main",\n    "git": "https://api.github.com/repos/R2th/Test-github-api/git/blobs/51ca0865a6eec4b5641934f261ed8bc9217b041a",\n    "html": "https://github.com/R2th/Test-github-api/blob/main/Users/lap14202/.airflow/data/Requirements.rst"\n  }\n}\n'
[2023-06-16T11:55:25.857+0700] {upload_to_github.py:37} INFO - [('Server', 'GitHub.com'), ('Date', 'Fri, 16 Jun 2023 04:55:25 GMT'), ('Content-Type', 'application/json; charset=utf-8'), ('Content-Length', '1146'), ('Cache-Control', 'private, max-age=60, s-maxage=60'), ('Vary', 'Accept, Authorization, Cookie, X-GitHub-OTP'), ('ETag', '"51ca0865a6eec4b5641934f261ed8bc9217b041a"'), ('Last-Modified', 'Fri, 16 Jun 2023 03:19:18 GMT'), ('X-OAuth-Scopes', 'admin:repo_hook, admin:ssh_signing_key, project, repo, workflow'), ('X-Accepted-OAuth-Scopes', ''), ('github-authentication-token-expiration', '2023-07-18 03:00:56 UTC'), ('X-GitHub-Media-Type', 'github.v3; format=json'), ('x-github-api-version-selected', '2022-11-28'), ('X-RateLimit-Limit', '5000'), ('X-RateLimit-Remaining', '4993'), ('X-RateLimit-Reset', '1686893402'), ('X-RateLimit-Used', '7'), ('X-RateLimit-Resource', 'core'), ('Access-Control-Expose-Headers', 'ETag, Link, Location, Retry-After, X-GitHub-OTP, X-RateLimit-Limit, X-RateLimit-Remaining, X-RateLimit-Used, X-RateLimit-Resource, X-RateLimit-Reset, X-OAuth-Scopes, X-Accepted-OAuth-Scopes, X-Poll-Interval, X-GitHub-Media-Type, X-GitHub-SSO, X-GitHub-Request-Id, Deprecation, Sunset'), ('Access-Control-Allow-Origin', '*'), ('Strict-Transport-Security', 'max-age=31536000; includeSubdomains; preload'), ('X-Frame-Options', 'deny'), ('X-Content-Type-Options', 'nosniff'), ('X-XSS-Protection', '0'), ('Referrer-Policy', 'origin-when-cross-origin, strict-origin-when-cross-origin'), ('Content-Security-Policy', "default-src 'none'"), ('Vary', 'Accept-Encoding, Accept, X-Requested-With'), ('X-GitHub-Request-Id', 'CB04:4331:4E3A7C:520912:648BEB3D')]
[2023-06-16T11:55:25.879+0700] {python.py:183} INFO - Done. Returned value was: None
[2023-06-16T11:55:25.903+0700] {taskinstance.py:1345} INFO - Marking task as SUCCESS. dag_id=thethree_reqif_to_rst, task_id=upload_to_github, execution_date=20230616T045455, start_date=20230616T045525, end_date=20230616T045525
[2023-06-16T11:55:25.953+0700] {local_task_job_runner.py:225} INFO - Task exited with return code 0
[2023-06-16T11:55:25.971+0700] {taskinstance.py:2651} INFO - 1 downstream tasks scheduled from follow-on schedule check
