[2023-06-15T14:40:58.124+0700] {taskinstance.py:1103} INFO - Dependencies all met for dep_context=non-requeueable deps ti=<TaskInstance: thethree_reqif_to_rst.load_config_then_build_json manual__2023-06-15T07:36:47+00:00 [queued]>
[2023-06-15T14:40:58.129+0700] {taskinstance.py:1103} INFO - Dependencies all met for dep_context=requeueable deps ti=<TaskInstance: thethree_reqif_to_rst.load_config_then_build_json manual__2023-06-15T07:36:47+00:00 [queued]>
[2023-06-15T14:40:58.129+0700] {taskinstance.py:1308} INFO - Starting attempt 4 of 4
[2023-06-15T14:40:58.138+0700] {taskinstance.py:1327} INFO - Executing <Task(PythonOperator): load_config_then_build_json> on 2023-06-15 07:36:47+00:00
[2023-06-15T14:40:58.140+0700] {standard_task_runner.py:57} INFO - Started process 30433 to run task
[2023-06-15T14:40:58.145+0700] {standard_task_runner.py:84} INFO - Running: ['airflow', 'tasks', 'run', 'thethree_reqif_to_rst', 'load_config_then_build_json', 'manual__2023-06-15T07:36:47+00:00', '--job-id', '53', '--raw', '--subdir', 'DAGS_FOLDER/mainflow.py', '--cfg-path', '/var/folders/v7/qsb_cvl92z92z6jf7g1jc0zr0000gn/T/tmphp1ryuru']
[2023-06-15T14:40:58.146+0700] {standard_task_runner.py:85} INFO - Job 53: Subtask load_config_then_build_json
[2023-06-15T14:40:58.187+0700] {task_command.py:410} INFO - Running <TaskInstance: thethree_reqif_to_rst.load_config_then_build_json manual__2023-06-15T07:36:47+00:00 [running]> on host macbook-pro.local
[2023-06-15T14:40:58.225+0700] {taskinstance.py:1545} INFO - Exporting env vars: AIRFLOW_CTX_DAG_OWNER='The Three' AIRFLOW_CTX_DAG_ID='thethree_reqif_to_rst' AIRFLOW_CTX_TASK_ID='load_config_then_build_json' AIRFLOW_CTX_EXECUTION_DATE='2023-06-15T07:36:47+00:00' AIRFLOW_CTX_TRY_NUMBER='4' AIRFLOW_CTX_DAG_RUN_ID='manual__2023-06-15T07:36:47+00:00'
[2023-06-15T14:40:58.245+0700] {mainflow.py:28} INFO - Loading config from /Users/lap14202/.airflow/data/config.yml
[2023-06-15T14:40:58.253+0700] {taskinstance.py:1824} ERROR - Task failed with exception
Traceback (most recent call last):
  File "/Library/Frameworks/Python.framework/Versions/3.11/lib/python3.11/site-packages/airflow/operators/python.py", line 181, in execute
    return_value = self.execute_callable()
                   ^^^^^^^^^^^^^^^^^^^^^^^
  File "/Library/Frameworks/Python.framework/Versions/3.11/lib/python3.11/site-packages/airflow/operators/python.py", line 198, in execute_callable
    return self.python_callable(*self.op_args, **self.op_kwargs)
           ^^^^^^^^^^^^^^^^^^^^^^^^^^^^^^^^^^^^^^^^^^^^^^^^^^^^^
  File "/Users/lap14202/.airflow/dags/mainflow.py", line 30, in load_config_then_build_json_task
    json_data = build_json(reqif, config)
                ^^^^^^^^^^^^^^^^^^^^^^^^^
  File "/Users/lap14202/.airflow/thethree/build_json.py", line 249, in build_json
    artifacts = get_artifacts(reqif, config['artifacts']['artifact'])
                ^^^^^^^^^^^^^^^^^^^^^^^^^^^^^^^^^^^^^^^^^^^^^^^^^^^^^
  File "/Users/lap14202/.airflow/thethree/build_json.py", line 233, in get_artifacts
    artifacts.append(get_artifact(spec_object, config))
                     ^^^^^^^^^^^^^^^^^^^^^^^^^^^^^^^^^
  File "/Users/lap14202/.airflow/thethree/build_json.py", line 208, in get_artifact
    definition = get_artifact_definition(spec_object)
                 ^^^^^^^^^^^^^^^^^^^^^^^^^^^^^^^^^^^^
  File "/Users/lap14202/.airflow/thethree/build_json.py", line 134, in get_artifact_definition
    reqif['SPEC-TYPES']['SPEC-OBJECT-TYPE'], ref)
    ^^^^^
NameError: name 'reqif' is not defined
[2023-06-15T14:40:58.258+0700] {taskinstance.py:1345} INFO - Marking task as FAILED. dag_id=thethree_reqif_to_rst, task_id=load_config_then_build_json, execution_date=20230615T073647, start_date=20230615T074058, end_date=20230615T074058
[2023-06-15T14:40:58.264+0700] {standard_task_runner.py:104} ERROR - Failed to execute job 53 for task load_config_then_build_json (name 'reqif' is not defined; 30433)
[2023-06-15T14:40:58.283+0700] {local_task_job_runner.py:225} INFO - Task exited with return code 1
[2023-06-15T14:40:58.308+0700] {taskinstance.py:2651} INFO - 0 downstream tasks scheduled from follow-on schedule check
