[2023-06-16T12:24:04.957+0700] {taskinstance.py:1103} INFO - Dependencies all met for dep_context=non-requeueable deps ti=<TaskInstance: thethree_reqif_to_rst.upload_to_github manual__2023-06-16T05:23:35+00:00 [queued]>
[2023-06-16T12:24:04.965+0700] {taskinstance.py:1103} INFO - Dependencies all met for dep_context=requeueable deps ti=<TaskInstance: thethree_reqif_to_rst.upload_to_github manual__2023-06-16T05:23:35+00:00 [queued]>
[2023-06-16T12:24:04.965+0700] {taskinstance.py:1308} INFO - Starting attempt 1 of 0
[2023-06-16T12:24:04.984+0700] {taskinstance.py:1327} INFO - Executing <Task(PythonOperator): upload_to_github> on 2023-06-16 05:23:35+00:00
[2023-06-16T12:24:04.987+0700] {standard_task_runner.py:57} INFO - Started process 99728 to run task
[2023-06-16T12:24:04.994+0700] {standard_task_runner.py:84} INFO - Running: ['airflow', 'tasks', 'run', 'thethree_reqif_to_rst', 'upload_to_github', 'manual__2023-06-16T05:23:35+00:00', '--job-id', '289', '--raw', '--subdir', 'DAGS_FOLDER/mainflow.py', '--cfg-path', '/var/folders/v7/qsb_cvl92z92z6jf7g1jc0zr0000gn/T/tmppxa5yhmi']
[2023-06-16T12:24:04.996+0700] {standard_task_runner.py:85} INFO - Job 289: Subtask upload_to_github
[2023-06-16T12:24:05.052+0700] {task_command.py:410} INFO - Running <TaskInstance: thethree_reqif_to_rst.upload_to_github manual__2023-06-16T05:23:35+00:00 [running]> on host macbook-pro.local
[2023-06-16T12:24:05.126+0700] {taskinstance.py:1545} INFO - Exporting env vars: AIRFLOW_CTX_DAG_OWNER='The Three' AIRFLOW_CTX_DAG_ID='thethree_reqif_to_rst' AIRFLOW_CTX_TASK_ID='upload_to_github' AIRFLOW_CTX_EXECUTION_DATE='2023-06-16T05:23:35+00:00' AIRFLOW_CTX_TRY_NUMBER='1' AIRFLOW_CTX_DAG_RUN_ID='manual__2023-06-16T05:23:35+00:00'
[2023-06-16T12:24:05.141+0700] {upload_to_github.py:25} INFO - /repos/R2th/Test-github-api/contents/docs/src/abc.rst
[2023-06-16T12:24:05.141+0700] {upload_to_github.py:26} INFO - {'Authorization': 'Bearer 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', 'Content-Type': 'application/vnd.github+json', 'User-Agent': 'Mozilla/5.0 (Macintosh; Intel Mac OS X 10_15_7) AppleWebKit/537.36 (KHTML, like Gecko) Chrome/114.0.0.0 Safari/537.36'}
[2023-06-16T12:24:05.142+0700] {upload_to_github.py:27} INFO - main
[2023-06-16T12:24:05.679+0700] {upload_to_github.py:38} INFO - 404
[2023-06-16T12:24:05.680+0700] {upload_to_github.py:39} INFO - {
  "message": "Not Found",
  "documentation_url": "https://docs.github.com/rest/reference/repos#get-repository-content"
}

[2023-06-16T12:24:05.680+0700] {upload_to_github.py:40} INFO - [('Server', 'GitHub.com'), ('Date', 'Fri, 16 Jun 2023 05:24:05 GMT'), ('Content-Type', 'application/json; charset=utf-8'), ('Content-Length', '123'), ('X-OAuth-Scopes', 'admin:repo_hook, admin:ssh_signing_key, project, repo, workflow'), ('X-Accepted-OAuth-Scopes', ''), ('github-authentication-token-expiration', '2023-07-18 03:00:56 UTC'), ('X-GitHub-Media-Type', 'github.v3; format=json'), ('x-github-api-version-selected', '2022-11-28'), ('X-RateLimit-Limit', '5000'), ('X-RateLimit-Remaining', '4990'), ('X-RateLimit-Reset', '1686893402'), ('X-RateLimit-Used', '10'), ('X-RateLimit-Resource', 'core'), ('Access-Control-Expose-Headers', 'ETag, Link, Location, Retry-After, X-GitHub-OTP, X-RateLimit-Limit, X-RateLimit-Remaining, X-RateLimit-Used, X-RateLimit-Resource, X-RateLimit-Reset, X-OAuth-Scopes, X-Accepted-OAuth-Scopes, X-Poll-Interval, X-GitHub-Media-Type, X-GitHub-SSO, X-GitHub-Request-Id, Deprecation, Sunset'), ('Access-Control-Allow-Origin', '*'), ('Strict-Transport-Security', 'max-age=31536000; includeSubdomains; preload'), ('X-Frame-Options', 'deny'), ('X-Content-Type-Options', 'nosniff'), ('X-XSS-Protection', '0'), ('Referrer-Policy', 'origin-when-cross-origin, strict-origin-when-cross-origin'), ('Content-Security-Policy', "default-src 'none'"), ('Vary', 'Accept-Encoding, Accept, X-Requested-With'), ('X-GitHub-Request-Id', 'D12C:63AC:2F5C26:31E0AA:648BF1F5')]
[2023-06-16T12:24:05.681+0700] {upload_to_github.py:49} INFO - Retrieve SHA fail!
[2023-06-16T12:24:05.681+0700] {upload_to_github.py:50} INFO - Retrieve SHA fail!
[2023-06-16T12:24:06.429+0700] {logging_mixin.py:149} INFO - 201 - Push a new file successfully!
[2023-06-16T12:24:06.434+0700] {python.py:183} INFO - Done. Returned value was: None
[2023-06-16T12:24:06.443+0700] {taskinstance.py:1345} INFO - Marking task as SUCCESS. dag_id=thethree_reqif_to_rst, task_id=upload_to_github, execution_date=20230616T052335, start_date=20230616T052404, end_date=20230616T052406
[2023-06-16T12:24:06.476+0700] {local_task_job_runner.py:225} INFO - Task exited with return code 0
[2023-06-16T12:24:06.496+0700] {taskinstance.py:2651} INFO - 1 downstream tasks scheduled from follow-on schedule check
