[2023-06-16T08:37:54.613+0700] {processor.py:157} INFO - Started process (PID=88295) to work on /Library/Frameworks/Python.framework/Versions/3.11/lib/python3.11/site-packages/airflow/example_dags/example_datasets.py
[2023-06-16T08:37:54.613+0700] {processor.py:826} INFO - Processing file /Library/Frameworks/Python.framework/Versions/3.11/lib/python3.11/site-packages/airflow/example_dags/example_datasets.py for tasks to queue
[2023-06-16T08:37:54.614+0700] {logging_mixin.py:149} INFO - [2023-06-16T08:37:54.613+0700] {dagbag.py:541} INFO - Filling up the DagBag from /Library/Frameworks/Python.framework/Versions/3.11/lib/python3.11/site-packages/airflow/example_dags/example_datasets.py
[2023-06-16T08:37:54.639+0700] {processor.py:836} INFO - DAG(s) dict_keys(['dataset_consumes_unknown_never_scheduled', 'dataset_consumes_1', 'dataset_produces_2', 'dataset_consumes_1_never_scheduled', 'dataset_produces_1', 'dataset_consumes_1_and_2']) retrieved from /Library/Frameworks/Python.framework/Versions/3.11/lib/python3.11/site-packages/airflow/example_dags/example_datasets.py
[2023-06-16T08:37:55.567+0700] {logging_mixin.py:149} INFO - [2023-06-16T08:37:55.567+0700] {dag.py:2726} INFO - Sync 6 DAGs
[2023-06-16T08:37:55.583+0700] {logging_mixin.py:149} INFO - [2023-06-16T08:37:55.583+0700] {dag.py:3486} INFO - Setting next_dagrun for dataset_consumes_1 to None, run_after=None
[2023-06-16T08:37:55.585+0700] {logging_mixin.py:149} INFO - [2023-06-16T08:37:55.585+0700] {dag.py:3486} INFO - Setting next_dagrun for dataset_consumes_1_and_2 to None, run_after=None
[2023-06-16T08:37:55.586+0700] {logging_mixin.py:149} INFO - [2023-06-16T08:37:55.586+0700] {dag.py:3486} INFO - Setting next_dagrun for dataset_consumes_1_never_scheduled to None, run_after=None
[2023-06-16T08:37:55.587+0700] {logging_mixin.py:149} INFO - [2023-06-16T08:37:55.586+0700] {dag.py:3486} INFO - Setting next_dagrun for dataset_consumes_unknown_never_scheduled to None, run_after=None
[2023-06-16T08:37:55.589+0700] {logging_mixin.py:149} INFO - [2023-06-16T08:37:55.589+0700] {dag.py:3486} INFO - Setting next_dagrun for dataset_produces_1 to 2023-06-15T00:00:00+00:00, run_after=2023-06-16T00:00:00+00:00
[2023-06-16T08:37:55.590+0700] {logging_mixin.py:149} INFO - [2023-06-16T08:37:55.590+0700] {dag.py:3486} INFO - Setting next_dagrun for dataset_produces_2 to None, run_after=None
[2023-06-16T08:37:55.620+0700] {processor.py:179} INFO - Processing /Library/Frameworks/Python.framework/Versions/3.11/lib/python3.11/site-packages/airflow/example_dags/example_datasets.py took 1.007 seconds
[2023-06-16T11:01:58.407+0700] {processor.py:157} INFO - Started process (PID=88969) to work on /Library/Frameworks/Python.framework/Versions/3.11/lib/python3.11/site-packages/airflow/example_dags/example_datasets.py
[2023-06-16T11:01:58.408+0700] {processor.py:826} INFO - Processing file /Library/Frameworks/Python.framework/Versions/3.11/lib/python3.11/site-packages/airflow/example_dags/example_datasets.py for tasks to queue
[2023-06-16T11:01:58.408+0700] {logging_mixin.py:149} INFO - [2023-06-16T11:01:58.408+0700] {dagbag.py:541} INFO - Filling up the DagBag from /Library/Frameworks/Python.framework/Versions/3.11/lib/python3.11/site-packages/airflow/example_dags/example_datasets.py
[2023-06-16T11:01:58.435+0700] {processor.py:836} INFO - DAG(s) dict_keys(['dataset_consumes_1_never_scheduled', 'dataset_consumes_1_and_2', 'dataset_produces_1', 'dataset_consumes_1', 'dataset_consumes_unknown_never_scheduled', 'dataset_produces_2']) retrieved from /Library/Frameworks/Python.framework/Versions/3.11/lib/python3.11/site-packages/airflow/example_dags/example_datasets.py
[2023-06-16T11:01:59.629+0700] {logging_mixin.py:149} INFO - [2023-06-16T11:01:59.629+0700] {dag.py:2726} INFO - Sync 6 DAGs
[2023-06-16T11:01:59.646+0700] {logging_mixin.py:149} INFO - [2023-06-16T11:01:59.645+0700] {dag.py:3486} INFO - Setting next_dagrun for dataset_consumes_1 to None, run_after=None
[2023-06-16T11:01:59.648+0700] {logging_mixin.py:149} INFO - [2023-06-16T11:01:59.647+0700] {dag.py:3486} INFO - Setting next_dagrun for dataset_consumes_1_and_2 to None, run_after=None
[2023-06-16T11:01:59.648+0700] {logging_mixin.py:149} INFO - [2023-06-16T11:01:59.648+0700] {dag.py:3486} INFO - Setting next_dagrun for dataset_consumes_1_never_scheduled to None, run_after=None
[2023-06-16T11:01:59.649+0700] {logging_mixin.py:149} INFO - [2023-06-16T11:01:59.649+0700] {dag.py:3486} INFO - Setting next_dagrun for dataset_consumes_unknown_never_scheduled to None, run_after=None
[2023-06-16T11:01:59.652+0700] {logging_mixin.py:149} INFO - [2023-06-16T11:01:59.652+0700] {dag.py:3486} INFO - Setting next_dagrun for dataset_produces_1 to 2023-06-15T00:00:00+00:00, run_after=2023-06-16T00:00:00+00:00
[2023-06-16T11:01:59.653+0700] {logging_mixin.py:149} INFO - [2023-06-16T11:01:59.653+0700] {dag.py:3486} INFO - Setting next_dagrun for dataset_produces_2 to None, run_after=None
[2023-06-16T11:01:59.680+0700] {processor.py:179} INFO - Processing /Library/Frameworks/Python.framework/Versions/3.11/lib/python3.11/site-packages/airflow/example_dags/example_datasets.py took 1.275 seconds
[2023-06-16T11:07:06.475+0700] {processor.py:157} INFO - Started process (PID=89595) to work on /Library/Frameworks/Python.framework/Versions/3.11/lib/python3.11/site-packages/airflow/example_dags/example_datasets.py
[2023-06-16T11:07:06.475+0700] {processor.py:826} INFO - Processing file /Library/Frameworks/Python.framework/Versions/3.11/lib/python3.11/site-packages/airflow/example_dags/example_datasets.py for tasks to queue
[2023-06-16T11:07:06.476+0700] {logging_mixin.py:149} INFO - [2023-06-16T11:07:06.476+0700] {dagbag.py:541} INFO - Filling up the DagBag from /Library/Frameworks/Python.framework/Versions/3.11/lib/python3.11/site-packages/airflow/example_dags/example_datasets.py
[2023-06-16T11:07:06.508+0700] {processor.py:836} INFO - DAG(s) dict_keys(['dataset_consumes_unknown_never_scheduled', 'dataset_consumes_1_never_scheduled', 'dataset_consumes_1_and_2', 'dataset_produces_1', 'dataset_produces_2', 'dataset_consumes_1']) retrieved from /Library/Frameworks/Python.framework/Versions/3.11/lib/python3.11/site-packages/airflow/example_dags/example_datasets.py
[2023-06-16T11:07:07.872+0700] {logging_mixin.py:149} INFO - [2023-06-16T11:07:07.872+0700] {dag.py:2726} INFO - Sync 6 DAGs
[2023-06-16T11:07:07.893+0700] {logging_mixin.py:149} INFO - [2023-06-16T11:07:07.893+0700] {dag.py:3486} INFO - Setting next_dagrun for dataset_consumes_1 to None, run_after=None
[2023-06-16T11:07:07.897+0700] {logging_mixin.py:149} INFO - [2023-06-16T11:07:07.897+0700] {dag.py:3486} INFO - Setting next_dagrun for dataset_consumes_1_and_2 to None, run_after=None
[2023-06-16T11:07:07.898+0700] {logging_mixin.py:149} INFO - [2023-06-16T11:07:07.898+0700] {dag.py:3486} INFO - Setting next_dagrun for dataset_consumes_1_never_scheduled to None, run_after=None
[2023-06-16T11:07:07.899+0700] {logging_mixin.py:149} INFO - [2023-06-16T11:07:07.899+0700] {dag.py:3486} INFO - Setting next_dagrun for dataset_consumes_unknown_never_scheduled to None, run_after=None
[2023-06-16T11:07:07.903+0700] {logging_mixin.py:149} INFO - [2023-06-16T11:07:07.902+0700] {dag.py:3486} INFO - Setting next_dagrun for dataset_produces_1 to 2023-06-15T00:00:00+00:00, run_after=2023-06-16T00:00:00+00:00
[2023-06-16T11:07:07.904+0700] {logging_mixin.py:149} INFO - [2023-06-16T11:07:07.904+0700] {dag.py:3486} INFO - Setting next_dagrun for dataset_produces_2 to None, run_after=None
[2023-06-16T11:07:07.938+0700] {processor.py:179} INFO - Processing /Library/Frameworks/Python.framework/Versions/3.11/lib/python3.11/site-packages/airflow/example_dags/example_datasets.py took 1.464 seconds
[2023-06-16T11:11:11.239+0700] {processor.py:157} INFO - Started process (PID=90101) to work on /Library/Frameworks/Python.framework/Versions/3.11/lib/python3.11/site-packages/airflow/example_dags/example_datasets.py
[2023-06-16T11:11:11.239+0700] {processor.py:826} INFO - Processing file /Library/Frameworks/Python.framework/Versions/3.11/lib/python3.11/site-packages/airflow/example_dags/example_datasets.py for tasks to queue
[2023-06-16T11:11:11.240+0700] {logging_mixin.py:149} INFO - [2023-06-16T11:11:11.240+0700] {dagbag.py:541} INFO - Filling up the DagBag from /Library/Frameworks/Python.framework/Versions/3.11/lib/python3.11/site-packages/airflow/example_dags/example_datasets.py
[2023-06-16T11:11:11.271+0700] {processor.py:836} INFO - DAG(s) dict_keys(['dataset_consumes_1_and_2', 'dataset_produces_1', 'dataset_produces_2', 'dataset_consumes_1_never_scheduled', 'dataset_consumes_unknown_never_scheduled', 'dataset_consumes_1']) retrieved from /Library/Frameworks/Python.framework/Versions/3.11/lib/python3.11/site-packages/airflow/example_dags/example_datasets.py
[2023-06-16T11:11:12.605+0700] {logging_mixin.py:149} INFO - [2023-06-16T11:11:12.605+0700] {dag.py:2726} INFO - Sync 6 DAGs
[2023-06-16T11:11:12.629+0700] {logging_mixin.py:149} INFO - [2023-06-16T11:11:12.628+0700] {dag.py:3486} INFO - Setting next_dagrun for dataset_consumes_1 to None, run_after=None
[2023-06-16T11:11:12.631+0700] {logging_mixin.py:149} INFO - [2023-06-16T11:11:12.631+0700] {dag.py:3486} INFO - Setting next_dagrun for dataset_consumes_1_and_2 to None, run_after=None
[2023-06-16T11:11:12.631+0700] {logging_mixin.py:149} INFO - [2023-06-16T11:11:12.631+0700] {dag.py:3486} INFO - Setting next_dagrun for dataset_consumes_1_never_scheduled to None, run_after=None
[2023-06-16T11:11:12.632+0700] {logging_mixin.py:149} INFO - [2023-06-16T11:11:12.632+0700] {dag.py:3486} INFO - Setting next_dagrun for dataset_consumes_unknown_never_scheduled to None, run_after=None
[2023-06-16T11:11:12.635+0700] {logging_mixin.py:149} INFO - [2023-06-16T11:11:12.635+0700] {dag.py:3486} INFO - Setting next_dagrun for dataset_produces_1 to 2023-06-15T00:00:00+00:00, run_after=2023-06-16T00:00:00+00:00
[2023-06-16T11:11:12.637+0700] {logging_mixin.py:149} INFO - [2023-06-16T11:11:12.637+0700] {dag.py:3486} INFO - Setting next_dagrun for dataset_produces_2 to None, run_after=None
[2023-06-16T11:11:12.667+0700] {processor.py:179} INFO - Processing /Library/Frameworks/Python.framework/Versions/3.11/lib/python3.11/site-packages/airflow/example_dags/example_datasets.py took 1.429 seconds
[2023-06-16T11:17:34.315+0700] {processor.py:157} INFO - Started process (PID=90789) to work on /Library/Frameworks/Python.framework/Versions/3.11/lib/python3.11/site-packages/airflow/example_dags/example_datasets.py
[2023-06-16T11:17:34.315+0700] {processor.py:826} INFO - Processing file /Library/Frameworks/Python.framework/Versions/3.11/lib/python3.11/site-packages/airflow/example_dags/example_datasets.py for tasks to queue
[2023-06-16T11:17:34.316+0700] {logging_mixin.py:149} INFO - [2023-06-16T11:17:34.316+0700] {dagbag.py:541} INFO - Filling up the DagBag from /Library/Frameworks/Python.framework/Versions/3.11/lib/python3.11/site-packages/airflow/example_dags/example_datasets.py
[2023-06-16T11:17:34.342+0700] {processor.py:836} INFO - DAG(s) dict_keys(['dataset_produces_2', 'dataset_consumes_1', 'dataset_consumes_unknown_never_scheduled', 'dataset_produces_1', 'dataset_consumes_1_never_scheduled', 'dataset_consumes_1_and_2']) retrieved from /Library/Frameworks/Python.framework/Versions/3.11/lib/python3.11/site-packages/airflow/example_dags/example_datasets.py
[2023-06-16T11:17:35.674+0700] {logging_mixin.py:149} INFO - [2023-06-16T11:17:35.674+0700] {dag.py:2726} INFO - Sync 6 DAGs
[2023-06-16T11:17:35.694+0700] {logging_mixin.py:149} INFO - [2023-06-16T11:17:35.694+0700] {dag.py:3486} INFO - Setting next_dagrun for dataset_consumes_1 to None, run_after=None
[2023-06-16T11:17:35.697+0700] {logging_mixin.py:149} INFO - [2023-06-16T11:17:35.697+0700] {dag.py:3486} INFO - Setting next_dagrun for dataset_consumes_1_and_2 to None, run_after=None
[2023-06-16T11:17:35.699+0700] {logging_mixin.py:149} INFO - [2023-06-16T11:17:35.698+0700] {dag.py:3486} INFO - Setting next_dagrun for dataset_consumes_1_never_scheduled to None, run_after=None
[2023-06-16T11:17:35.699+0700] {logging_mixin.py:149} INFO - [2023-06-16T11:17:35.699+0700] {dag.py:3486} INFO - Setting next_dagrun for dataset_consumes_unknown_never_scheduled to None, run_after=None
[2023-06-16T11:17:35.703+0700] {logging_mixin.py:149} INFO - [2023-06-16T11:17:35.702+0700] {dag.py:3486} INFO - Setting next_dagrun for dataset_produces_1 to 2023-06-15T00:00:00+00:00, run_after=2023-06-16T00:00:00+00:00
[2023-06-16T11:17:35.704+0700] {logging_mixin.py:149} INFO - [2023-06-16T11:17:35.703+0700] {dag.py:3486} INFO - Setting next_dagrun for dataset_produces_2 to None, run_after=None
[2023-06-16T11:17:35.732+0700] {processor.py:179} INFO - Processing /Library/Frameworks/Python.framework/Versions/3.11/lib/python3.11/site-packages/airflow/example_dags/example_datasets.py took 1.418 seconds
[2023-06-16T11:23:28.966+0700] {processor.py:157} INFO - Started process (PID=91639) to work on /Library/Frameworks/Python.framework/Versions/3.11/lib/python3.11/site-packages/airflow/example_dags/example_datasets.py
[2023-06-16T11:23:28.968+0700] {processor.py:826} INFO - Processing file /Library/Frameworks/Python.framework/Versions/3.11/lib/python3.11/site-packages/airflow/example_dags/example_datasets.py for tasks to queue
[2023-06-16T11:23:28.969+0700] {logging_mixin.py:149} INFO - [2023-06-16T11:23:28.969+0700] {dagbag.py:541} INFO - Filling up the DagBag from /Library/Frameworks/Python.framework/Versions/3.11/lib/python3.11/site-packages/airflow/example_dags/example_datasets.py
[2023-06-16T11:23:29.001+0700] {processor.py:836} INFO - DAG(s) dict_keys(['dataset_consumes_unknown_never_scheduled', 'dataset_consumes_1_never_scheduled', 'dataset_produces_1', 'dataset_consumes_1_and_2', 'dataset_produces_2', 'dataset_consumes_1']) retrieved from /Library/Frameworks/Python.framework/Versions/3.11/lib/python3.11/site-packages/airflow/example_dags/example_datasets.py
[2023-06-16T11:23:30.222+0700] {logging_mixin.py:149} INFO - [2023-06-16T11:23:30.222+0700] {dag.py:2726} INFO - Sync 6 DAGs
[2023-06-16T11:23:30.243+0700] {logging_mixin.py:149} INFO - [2023-06-16T11:23:30.243+0700] {dag.py:3486} INFO - Setting next_dagrun for dataset_consumes_1 to None, run_after=None
[2023-06-16T11:23:30.248+0700] {logging_mixin.py:149} INFO - [2023-06-16T11:23:30.248+0700] {dag.py:3486} INFO - Setting next_dagrun for dataset_consumes_1_and_2 to None, run_after=None
[2023-06-16T11:23:30.249+0700] {logging_mixin.py:149} INFO - [2023-06-16T11:23:30.249+0700] {dag.py:3486} INFO - Setting next_dagrun for dataset_consumes_1_never_scheduled to None, run_after=None
[2023-06-16T11:23:30.251+0700] {logging_mixin.py:149} INFO - [2023-06-16T11:23:30.251+0700] {dag.py:3486} INFO - Setting next_dagrun for dataset_consumes_unknown_never_scheduled to None, run_after=None
[2023-06-16T11:23:30.254+0700] {logging_mixin.py:149} INFO - [2023-06-16T11:23:30.254+0700] {dag.py:3486} INFO - Setting next_dagrun for dataset_produces_1 to 2023-06-15T00:00:00+00:00, run_after=2023-06-16T00:00:00+00:00
[2023-06-16T11:23:30.255+0700] {logging_mixin.py:149} INFO - [2023-06-16T11:23:30.254+0700] {dag.py:3486} INFO - Setting next_dagrun for dataset_produces_2 to None, run_after=None
[2023-06-16T11:23:30.292+0700] {processor.py:179} INFO - Processing /Library/Frameworks/Python.framework/Versions/3.11/lib/python3.11/site-packages/airflow/example_dags/example_datasets.py took 1.326 seconds
[2023-06-16T11:30:31.112+0700] {processor.py:157} INFO - Started process (PID=92536) to work on /Library/Frameworks/Python.framework/Versions/3.11/lib/python3.11/site-packages/airflow/example_dags/example_datasets.py
[2023-06-16T11:30:31.113+0700] {processor.py:826} INFO - Processing file /Library/Frameworks/Python.framework/Versions/3.11/lib/python3.11/site-packages/airflow/example_dags/example_datasets.py for tasks to queue
[2023-06-16T11:30:31.114+0700] {logging_mixin.py:149} INFO - [2023-06-16T11:30:31.113+0700] {dagbag.py:541} INFO - Filling up the DagBag from /Library/Frameworks/Python.framework/Versions/3.11/lib/python3.11/site-packages/airflow/example_dags/example_datasets.py
[2023-06-16T11:30:31.144+0700] {processor.py:836} INFO - DAG(s) dict_keys(['dataset_produces_1', 'dataset_consumes_unknown_never_scheduled', 'dataset_consumes_1_never_scheduled', 'dataset_consumes_1', 'dataset_consumes_1_and_2', 'dataset_produces_2']) retrieved from /Library/Frameworks/Python.framework/Versions/3.11/lib/python3.11/site-packages/airflow/example_dags/example_datasets.py
[2023-06-16T11:30:32.611+0700] {logging_mixin.py:149} INFO - [2023-06-16T11:30:32.610+0700] {dag.py:2726} INFO - Sync 6 DAGs
[2023-06-16T11:30:32.633+0700] {logging_mixin.py:149} INFO - [2023-06-16T11:30:32.633+0700] {dag.py:3486} INFO - Setting next_dagrun for dataset_consumes_1 to None, run_after=None
[2023-06-16T11:30:32.636+0700] {logging_mixin.py:149} INFO - [2023-06-16T11:30:32.636+0700] {dag.py:3486} INFO - Setting next_dagrun for dataset_consumes_1_and_2 to None, run_after=None
[2023-06-16T11:30:32.638+0700] {logging_mixin.py:149} INFO - [2023-06-16T11:30:32.638+0700] {dag.py:3486} INFO - Setting next_dagrun for dataset_consumes_1_never_scheduled to None, run_after=None
[2023-06-16T11:30:32.640+0700] {logging_mixin.py:149} INFO - [2023-06-16T11:30:32.639+0700] {dag.py:3486} INFO - Setting next_dagrun for dataset_consumes_unknown_never_scheduled to None, run_after=None
[2023-06-16T11:30:32.642+0700] {logging_mixin.py:149} INFO - [2023-06-16T11:30:32.642+0700] {dag.py:3486} INFO - Setting next_dagrun for dataset_produces_1 to 2023-06-15T00:00:00+00:00, run_after=2023-06-16T00:00:00+00:00
[2023-06-16T11:30:32.643+0700] {logging_mixin.py:149} INFO - [2023-06-16T11:30:32.643+0700] {dag.py:3486} INFO - Setting next_dagrun for dataset_produces_2 to None, run_after=None
[2023-06-16T11:30:32.681+0700] {processor.py:179} INFO - Processing /Library/Frameworks/Python.framework/Versions/3.11/lib/python3.11/site-packages/airflow/example_dags/example_datasets.py took 1.570 seconds
[2023-06-16T11:34:32.487+0700] {processor.py:157} INFO - Started process (PID=93052) to work on /Library/Frameworks/Python.framework/Versions/3.11/lib/python3.11/site-packages/airflow/example_dags/example_datasets.py
[2023-06-16T11:34:32.489+0700] {processor.py:826} INFO - Processing file /Library/Frameworks/Python.framework/Versions/3.11/lib/python3.11/site-packages/airflow/example_dags/example_datasets.py for tasks to queue
[2023-06-16T11:34:32.489+0700] {logging_mixin.py:149} INFO - [2023-06-16T11:34:32.489+0700] {dagbag.py:541} INFO - Filling up the DagBag from /Library/Frameworks/Python.framework/Versions/3.11/lib/python3.11/site-packages/airflow/example_dags/example_datasets.py
[2023-06-16T11:34:32.516+0700] {processor.py:836} INFO - DAG(s) dict_keys(['dataset_consumes_1_and_2', 'dataset_consumes_1_never_scheduled', 'dataset_consumes_1', 'dataset_produces_2', 'dataset_produces_1', 'dataset_consumes_unknown_never_scheduled']) retrieved from /Library/Frameworks/Python.framework/Versions/3.11/lib/python3.11/site-packages/airflow/example_dags/example_datasets.py
[2023-06-16T11:34:33.848+0700] {logging_mixin.py:149} INFO - [2023-06-16T11:34:33.847+0700] {dag.py:2726} INFO - Sync 6 DAGs
[2023-06-16T11:34:33.873+0700] {logging_mixin.py:149} INFO - [2023-06-16T11:34:33.873+0700] {dag.py:3486} INFO - Setting next_dagrun for dataset_consumes_1 to None, run_after=None
[2023-06-16T11:34:33.877+0700] {logging_mixin.py:149} INFO - [2023-06-16T11:34:33.877+0700] {dag.py:3486} INFO - Setting next_dagrun for dataset_consumes_1_and_2 to None, run_after=None
[2023-06-16T11:34:33.878+0700] {logging_mixin.py:149} INFO - [2023-06-16T11:34:33.878+0700] {dag.py:3486} INFO - Setting next_dagrun for dataset_consumes_1_never_scheduled to None, run_after=None
[2023-06-16T11:34:33.879+0700] {logging_mixin.py:149} INFO - [2023-06-16T11:34:33.879+0700] {dag.py:3486} INFO - Setting next_dagrun for dataset_consumes_unknown_never_scheduled to None, run_after=None
[2023-06-16T11:34:33.882+0700] {logging_mixin.py:149} INFO - [2023-06-16T11:34:33.882+0700] {dag.py:3486} INFO - Setting next_dagrun for dataset_produces_1 to 2023-06-15T00:00:00+00:00, run_after=2023-06-16T00:00:00+00:00
[2023-06-16T11:34:33.884+0700] {logging_mixin.py:149} INFO - [2023-06-16T11:34:33.884+0700] {dag.py:3486} INFO - Setting next_dagrun for dataset_produces_2 to None, run_after=None
[2023-06-16T11:34:33.920+0700] {processor.py:179} INFO - Processing /Library/Frameworks/Python.framework/Versions/3.11/lib/python3.11/site-packages/airflow/example_dags/example_datasets.py took 1.434 seconds
[2023-06-16T11:40:00.589+0700] {processor.py:157} INFO - Started process (PID=94130) to work on /Library/Frameworks/Python.framework/Versions/3.11/lib/python3.11/site-packages/airflow/example_dags/example_datasets.py
[2023-06-16T11:40:00.590+0700] {processor.py:826} INFO - Processing file /Library/Frameworks/Python.framework/Versions/3.11/lib/python3.11/site-packages/airflow/example_dags/example_datasets.py for tasks to queue
[2023-06-16T11:40:00.591+0700] {logging_mixin.py:149} INFO - [2023-06-16T11:40:00.591+0700] {dagbag.py:541} INFO - Filling up the DagBag from /Library/Frameworks/Python.framework/Versions/3.11/lib/python3.11/site-packages/airflow/example_dags/example_datasets.py
[2023-06-16T11:40:00.671+0700] {processor.py:836} INFO - DAG(s) dict_keys(['dataset_consumes_1_never_scheduled', 'dataset_consumes_1', 'dataset_consumes_1_and_2', 'dataset_produces_2', 'dataset_consumes_unknown_never_scheduled', 'dataset_produces_1']) retrieved from /Library/Frameworks/Python.framework/Versions/3.11/lib/python3.11/site-packages/airflow/example_dags/example_datasets.py
[2023-06-16T11:40:02.048+0700] {logging_mixin.py:149} INFO - [2023-06-16T11:40:02.047+0700] {dag.py:2726} INFO - Sync 6 DAGs
[2023-06-16T11:40:02.085+0700] {logging_mixin.py:149} INFO - [2023-06-16T11:40:02.084+0700] {dag.py:3486} INFO - Setting next_dagrun for dataset_consumes_1 to None, run_after=None
[2023-06-16T11:40:02.091+0700] {logging_mixin.py:149} INFO - [2023-06-16T11:40:02.090+0700] {dag.py:3486} INFO - Setting next_dagrun for dataset_consumes_1_and_2 to None, run_after=None
[2023-06-16T11:40:02.093+0700] {logging_mixin.py:149} INFO - [2023-06-16T11:40:02.092+0700] {dag.py:3486} INFO - Setting next_dagrun for dataset_consumes_1_never_scheduled to None, run_after=None
[2023-06-16T11:40:02.094+0700] {logging_mixin.py:149} INFO - [2023-06-16T11:40:02.094+0700] {dag.py:3486} INFO - Setting next_dagrun for dataset_consumes_unknown_never_scheduled to None, run_after=None
[2023-06-16T11:40:02.099+0700] {logging_mixin.py:149} INFO - [2023-06-16T11:40:02.099+0700] {dag.py:3486} INFO - Setting next_dagrun for dataset_produces_1 to 2023-06-15T00:00:00+00:00, run_after=2023-06-16T00:00:00+00:00
[2023-06-16T11:40:02.101+0700] {logging_mixin.py:149} INFO - [2023-06-16T11:40:02.101+0700] {dag.py:3486} INFO - Setting next_dagrun for dataset_produces_2 to None, run_after=None
[2023-06-16T11:40:02.202+0700] {processor.py:179} INFO - Processing /Library/Frameworks/Python.framework/Versions/3.11/lib/python3.11/site-packages/airflow/example_dags/example_datasets.py took 1.615 seconds
[2023-06-16T11:45:41.017+0700] {processor.py:157} INFO - Started process (PID=94806) to work on /Library/Frameworks/Python.framework/Versions/3.11/lib/python3.11/site-packages/airflow/example_dags/example_datasets.py
[2023-06-16T11:45:41.019+0700] {processor.py:826} INFO - Processing file /Library/Frameworks/Python.framework/Versions/3.11/lib/python3.11/site-packages/airflow/example_dags/example_datasets.py for tasks to queue
[2023-06-16T11:45:41.019+0700] {logging_mixin.py:149} INFO - [2023-06-16T11:45:41.019+0700] {dagbag.py:541} INFO - Filling up the DagBag from /Library/Frameworks/Python.framework/Versions/3.11/lib/python3.11/site-packages/airflow/example_dags/example_datasets.py
[2023-06-16T11:45:41.056+0700] {processor.py:836} INFO - DAG(s) dict_keys(['dataset_consumes_unknown_never_scheduled', 'dataset_produces_2', 'dataset_produces_1', 'dataset_consumes_1_and_2', 'dataset_consumes_1_never_scheduled', 'dataset_consumes_1']) retrieved from /Library/Frameworks/Python.framework/Versions/3.11/lib/python3.11/site-packages/airflow/example_dags/example_datasets.py
[2023-06-16T11:45:42.399+0700] {logging_mixin.py:149} INFO - [2023-06-16T11:45:42.399+0700] {dag.py:2726} INFO - Sync 6 DAGs
[2023-06-16T11:45:42.422+0700] {logging_mixin.py:149} INFO - [2023-06-16T11:45:42.422+0700] {dag.py:3486} INFO - Setting next_dagrun for dataset_consumes_1 to None, run_after=None
[2023-06-16T11:45:42.425+0700] {logging_mixin.py:149} INFO - [2023-06-16T11:45:42.425+0700] {dag.py:3486} INFO - Setting next_dagrun for dataset_consumes_1_and_2 to None, run_after=None
[2023-06-16T11:45:42.426+0700] {logging_mixin.py:149} INFO - [2023-06-16T11:45:42.426+0700] {dag.py:3486} INFO - Setting next_dagrun for dataset_consumes_1_never_scheduled to None, run_after=None
[2023-06-16T11:45:42.428+0700] {logging_mixin.py:149} INFO - [2023-06-16T11:45:42.428+0700] {dag.py:3486} INFO - Setting next_dagrun for dataset_consumes_unknown_never_scheduled to None, run_after=None
[2023-06-16T11:45:42.432+0700] {logging_mixin.py:149} INFO - [2023-06-16T11:45:42.432+0700] {dag.py:3486} INFO - Setting next_dagrun for dataset_produces_1 to 2023-06-15T00:00:00+00:00, run_after=2023-06-16T00:00:00+00:00
[2023-06-16T11:45:42.433+0700] {logging_mixin.py:149} INFO - [2023-06-16T11:45:42.433+0700] {dag.py:3486} INFO - Setting next_dagrun for dataset_produces_2 to None, run_after=None
[2023-06-16T11:45:42.469+0700] {processor.py:179} INFO - Processing /Library/Frameworks/Python.framework/Versions/3.11/lib/python3.11/site-packages/airflow/example_dags/example_datasets.py took 1.452 seconds
[2023-06-16T11:51:05.603+0700] {processor.py:157} INFO - Started process (PID=95465) to work on /Library/Frameworks/Python.framework/Versions/3.11/lib/python3.11/site-packages/airflow/example_dags/example_datasets.py
[2023-06-16T11:51:05.604+0700] {processor.py:826} INFO - Processing file /Library/Frameworks/Python.framework/Versions/3.11/lib/python3.11/site-packages/airflow/example_dags/example_datasets.py for tasks to queue
[2023-06-16T11:51:05.605+0700] {logging_mixin.py:149} INFO - [2023-06-16T11:51:05.604+0700] {dagbag.py:541} INFO - Filling up the DagBag from /Library/Frameworks/Python.framework/Versions/3.11/lib/python3.11/site-packages/airflow/example_dags/example_datasets.py
[2023-06-16T11:51:05.642+0700] {processor.py:836} INFO - DAG(s) dict_keys(['dataset_produces_1', 'dataset_consumes_unknown_never_scheduled', 'dataset_consumes_1', 'dataset_consumes_1_and_2', 'dataset_produces_2', 'dataset_consumes_1_never_scheduled']) retrieved from /Library/Frameworks/Python.framework/Versions/3.11/lib/python3.11/site-packages/airflow/example_dags/example_datasets.py
[2023-06-16T11:51:06.934+0700] {logging_mixin.py:149} INFO - [2023-06-16T11:51:06.934+0700] {dag.py:2726} INFO - Sync 6 DAGs
[2023-06-16T11:51:06.955+0700] {logging_mixin.py:149} INFO - [2023-06-16T11:51:06.955+0700] {dag.py:3486} INFO - Setting next_dagrun for dataset_consumes_1 to None, run_after=None
[2023-06-16T11:51:06.958+0700] {logging_mixin.py:149} INFO - [2023-06-16T11:51:06.958+0700] {dag.py:3486} INFO - Setting next_dagrun for dataset_consumes_1_and_2 to None, run_after=None
[2023-06-16T11:51:06.959+0700] {logging_mixin.py:149} INFO - [2023-06-16T11:51:06.959+0700] {dag.py:3486} INFO - Setting next_dagrun for dataset_consumes_1_never_scheduled to None, run_after=None
[2023-06-16T11:51:06.960+0700] {logging_mixin.py:149} INFO - [2023-06-16T11:51:06.960+0700] {dag.py:3486} INFO - Setting next_dagrun for dataset_consumes_unknown_never_scheduled to None, run_after=None
[2023-06-16T11:51:06.962+0700] {logging_mixin.py:149} INFO - [2023-06-16T11:51:06.962+0700] {dag.py:3486} INFO - Setting next_dagrun for dataset_produces_1 to 2023-06-15T00:00:00+00:00, run_after=2023-06-16T00:00:00+00:00
[2023-06-16T11:51:06.963+0700] {logging_mixin.py:149} INFO - [2023-06-16T11:51:06.963+0700] {dag.py:3486} INFO - Setting next_dagrun for dataset_produces_2 to None, run_after=None
[2023-06-16T11:51:06.997+0700] {processor.py:179} INFO - Processing /Library/Frameworks/Python.framework/Versions/3.11/lib/python3.11/site-packages/airflow/example_dags/example_datasets.py took 1.395 seconds
[2023-06-16T11:54:51.239+0700] {processor.py:157} INFO - Started process (PID=95945) to work on /Library/Frameworks/Python.framework/Versions/3.11/lib/python3.11/site-packages/airflow/example_dags/example_datasets.py
[2023-06-16T11:54:51.240+0700] {processor.py:826} INFO - Processing file /Library/Frameworks/Python.framework/Versions/3.11/lib/python3.11/site-packages/airflow/example_dags/example_datasets.py for tasks to queue
[2023-06-16T11:54:51.241+0700] {logging_mixin.py:149} INFO - [2023-06-16T11:54:51.241+0700] {dagbag.py:541} INFO - Filling up the DagBag from /Library/Frameworks/Python.framework/Versions/3.11/lib/python3.11/site-packages/airflow/example_dags/example_datasets.py
[2023-06-16T11:54:51.268+0700] {processor.py:836} INFO - DAG(s) dict_keys(['dataset_produces_2', 'dataset_consumes_1_and_2', 'dataset_consumes_1', 'dataset_consumes_unknown_never_scheduled', 'dataset_consumes_1_never_scheduled', 'dataset_produces_1']) retrieved from /Library/Frameworks/Python.framework/Versions/3.11/lib/python3.11/site-packages/airflow/example_dags/example_datasets.py
[2023-06-16T11:54:52.582+0700] {logging_mixin.py:149} INFO - [2023-06-16T11:54:52.581+0700] {dag.py:2726} INFO - Sync 6 DAGs
[2023-06-16T11:54:52.609+0700] {logging_mixin.py:149} INFO - [2023-06-16T11:54:52.609+0700] {dag.py:3486} INFO - Setting next_dagrun for dataset_consumes_1 to None, run_after=None
[2023-06-16T11:54:52.613+0700] {logging_mixin.py:149} INFO - [2023-06-16T11:54:52.612+0700] {dag.py:3486} INFO - Setting next_dagrun for dataset_consumes_1_and_2 to None, run_after=None
[2023-06-16T11:54:52.613+0700] {logging_mixin.py:149} INFO - [2023-06-16T11:54:52.613+0700] {dag.py:3486} INFO - Setting next_dagrun for dataset_consumes_1_never_scheduled to None, run_after=None
[2023-06-16T11:54:52.614+0700] {logging_mixin.py:149} INFO - [2023-06-16T11:54:52.614+0700] {dag.py:3486} INFO - Setting next_dagrun for dataset_consumes_unknown_never_scheduled to None, run_after=None
[2023-06-16T11:54:52.617+0700] {logging_mixin.py:149} INFO - [2023-06-16T11:54:52.617+0700] {dag.py:3486} INFO - Setting next_dagrun for dataset_produces_1 to 2023-06-15T00:00:00+00:00, run_after=2023-06-16T00:00:00+00:00
[2023-06-16T11:54:52.618+0700] {logging_mixin.py:149} INFO - [2023-06-16T11:54:52.618+0700] {dag.py:3486} INFO - Setting next_dagrun for dataset_produces_2 to None, run_after=None
[2023-06-16T11:54:52.650+0700] {processor.py:179} INFO - Processing /Library/Frameworks/Python.framework/Versions/3.11/lib/python3.11/site-packages/airflow/example_dags/example_datasets.py took 1.412 seconds
[2023-06-16T12:00:46.049+0700] {processor.py:157} INFO - Started process (PID=96629) to work on /Library/Frameworks/Python.framework/Versions/3.11/lib/python3.11/site-packages/airflow/example_dags/example_datasets.py
[2023-06-16T12:00:46.051+0700] {processor.py:826} INFO - Processing file /Library/Frameworks/Python.framework/Versions/3.11/lib/python3.11/site-packages/airflow/example_dags/example_datasets.py for tasks to queue
[2023-06-16T12:00:46.052+0700] {logging_mixin.py:149} INFO - [2023-06-16T12:00:46.052+0700] {dagbag.py:541} INFO - Filling up the DagBag from /Library/Frameworks/Python.framework/Versions/3.11/lib/python3.11/site-packages/airflow/example_dags/example_datasets.py
[2023-06-16T12:00:46.097+0700] {processor.py:836} INFO - DAG(s) dict_keys(['dataset_consumes_unknown_never_scheduled', 'dataset_consumes_1_never_scheduled', 'dataset_produces_1', 'dataset_produces_2', 'dataset_consumes_1', 'dataset_consumes_1_and_2']) retrieved from /Library/Frameworks/Python.framework/Versions/3.11/lib/python3.11/site-packages/airflow/example_dags/example_datasets.py
[2023-06-16T12:00:47.809+0700] {logging_mixin.py:149} INFO - [2023-06-16T12:00:47.808+0700] {dag.py:2726} INFO - Sync 6 DAGs
[2023-06-16T12:00:47.839+0700] {logging_mixin.py:149} INFO - [2023-06-16T12:00:47.838+0700] {dag.py:3486} INFO - Setting next_dagrun for dataset_consumes_1 to None, run_after=None
[2023-06-16T12:00:47.842+0700] {logging_mixin.py:149} INFO - [2023-06-16T12:00:47.842+0700] {dag.py:3486} INFO - Setting next_dagrun for dataset_consumes_1_and_2 to None, run_after=None
[2023-06-16T12:00:47.844+0700] {logging_mixin.py:149} INFO - [2023-06-16T12:00:47.844+0700] {dag.py:3486} INFO - Setting next_dagrun for dataset_consumes_1_never_scheduled to None, run_after=None
[2023-06-16T12:00:47.845+0700] {logging_mixin.py:149} INFO - [2023-06-16T12:00:47.845+0700] {dag.py:3486} INFO - Setting next_dagrun for dataset_consumes_unknown_never_scheduled to None, run_after=None
[2023-06-16T12:00:47.850+0700] {logging_mixin.py:149} INFO - [2023-06-16T12:00:47.850+0700] {dag.py:3486} INFO - Setting next_dagrun for dataset_produces_1 to 2023-06-15T00:00:00+00:00, run_after=2023-06-16T00:00:00+00:00
[2023-06-16T12:00:47.852+0700] {logging_mixin.py:149} INFO - [2023-06-16T12:00:47.852+0700] {dag.py:3486} INFO - Setting next_dagrun for dataset_produces_2 to None, run_after=None
[2023-06-16T12:00:47.922+0700] {processor.py:179} INFO - Processing /Library/Frameworks/Python.framework/Versions/3.11/lib/python3.11/site-packages/airflow/example_dags/example_datasets.py took 1.875 seconds
[2023-06-16T12:06:03.308+0700] {processor.py:157} INFO - Started process (PID=97411) to work on /Library/Frameworks/Python.framework/Versions/3.11/lib/python3.11/site-packages/airflow/example_dags/example_datasets.py
[2023-06-16T12:06:03.310+0700] {processor.py:826} INFO - Processing file /Library/Frameworks/Python.framework/Versions/3.11/lib/python3.11/site-packages/airflow/example_dags/example_datasets.py for tasks to queue
[2023-06-16T12:06:03.311+0700] {logging_mixin.py:149} INFO - [2023-06-16T12:06:03.311+0700] {dagbag.py:541} INFO - Filling up the DagBag from /Library/Frameworks/Python.framework/Versions/3.11/lib/python3.11/site-packages/airflow/example_dags/example_datasets.py
[2023-06-16T12:06:03.338+0700] {processor.py:836} INFO - DAG(s) dict_keys(['dataset_consumes_1_never_scheduled', 'dataset_consumes_unknown_never_scheduled', 'dataset_consumes_1', 'dataset_produces_1', 'dataset_consumes_1_and_2', 'dataset_produces_2']) retrieved from /Library/Frameworks/Python.framework/Versions/3.11/lib/python3.11/site-packages/airflow/example_dags/example_datasets.py
[2023-06-16T12:06:04.587+0700] {logging_mixin.py:149} INFO - [2023-06-16T12:06:04.587+0700] {dag.py:2726} INFO - Sync 6 DAGs
[2023-06-16T12:06:04.627+0700] {logging_mixin.py:149} INFO - [2023-06-16T12:06:04.627+0700] {dag.py:3486} INFO - Setting next_dagrun for dataset_consumes_1 to None, run_after=None
[2023-06-16T12:06:04.631+0700] {logging_mixin.py:149} INFO - [2023-06-16T12:06:04.631+0700] {dag.py:3486} INFO - Setting next_dagrun for dataset_consumes_1_and_2 to None, run_after=None
[2023-06-16T12:06:04.633+0700] {logging_mixin.py:149} INFO - [2023-06-16T12:06:04.632+0700] {dag.py:3486} INFO - Setting next_dagrun for dataset_consumes_1_never_scheduled to None, run_after=None
[2023-06-16T12:06:04.636+0700] {logging_mixin.py:149} INFO - [2023-06-16T12:06:04.635+0700] {dag.py:3486} INFO - Setting next_dagrun for dataset_consumes_unknown_never_scheduled to None, run_after=None
[2023-06-16T12:06:04.640+0700] {logging_mixin.py:149} INFO - [2023-06-16T12:06:04.640+0700] {dag.py:3486} INFO - Setting next_dagrun for dataset_produces_1 to 2023-06-15T00:00:00+00:00, run_after=2023-06-16T00:00:00+00:00
[2023-06-16T12:06:04.641+0700] {logging_mixin.py:149} INFO - [2023-06-16T12:06:04.641+0700] {dag.py:3486} INFO - Setting next_dagrun for dataset_produces_2 to None, run_after=None
[2023-06-16T12:06:04.691+0700] {processor.py:179} INFO - Processing /Library/Frameworks/Python.framework/Versions/3.11/lib/python3.11/site-packages/airflow/example_dags/example_datasets.py took 1.384 seconds
[2023-06-16T12:10:44.377+0700] {processor.py:157} INFO - Started process (PID=97994) to work on /Library/Frameworks/Python.framework/Versions/3.11/lib/python3.11/site-packages/airflow/example_dags/example_datasets.py
[2023-06-16T12:10:44.378+0700] {processor.py:826} INFO - Processing file /Library/Frameworks/Python.framework/Versions/3.11/lib/python3.11/site-packages/airflow/example_dags/example_datasets.py for tasks to queue
[2023-06-16T12:10:44.379+0700] {logging_mixin.py:149} INFO - [2023-06-16T12:10:44.379+0700] {dagbag.py:541} INFO - Filling up the DagBag from /Library/Frameworks/Python.framework/Versions/3.11/lib/python3.11/site-packages/airflow/example_dags/example_datasets.py
[2023-06-16T12:10:44.414+0700] {processor.py:836} INFO - DAG(s) dict_keys(['dataset_consumes_unknown_never_scheduled', 'dataset_produces_2', 'dataset_produces_1', 'dataset_consumes_1_and_2', 'dataset_consumes_1', 'dataset_consumes_1_never_scheduled']) retrieved from /Library/Frameworks/Python.framework/Versions/3.11/lib/python3.11/site-packages/airflow/example_dags/example_datasets.py
[2023-06-16T12:10:45.716+0700] {logging_mixin.py:149} INFO - [2023-06-16T12:10:45.716+0700] {dag.py:2726} INFO - Sync 6 DAGs
[2023-06-16T12:10:45.741+0700] {logging_mixin.py:149} INFO - [2023-06-16T12:10:45.741+0700] {dag.py:3486} INFO - Setting next_dagrun for dataset_consumes_1 to None, run_after=None
[2023-06-16T12:10:45.743+0700] {logging_mixin.py:149} INFO - [2023-06-16T12:10:45.743+0700] {dag.py:3486} INFO - Setting next_dagrun for dataset_consumes_1_and_2 to None, run_after=None
[2023-06-16T12:10:45.744+0700] {logging_mixin.py:149} INFO - [2023-06-16T12:10:45.744+0700] {dag.py:3486} INFO - Setting next_dagrun for dataset_consumes_1_never_scheduled to None, run_after=None
[2023-06-16T12:10:45.745+0700] {logging_mixin.py:149} INFO - [2023-06-16T12:10:45.745+0700] {dag.py:3486} INFO - Setting next_dagrun for dataset_consumes_unknown_never_scheduled to None, run_after=None
[2023-06-16T12:10:45.748+0700] {logging_mixin.py:149} INFO - [2023-06-16T12:10:45.747+0700] {dag.py:3486} INFO - Setting next_dagrun for dataset_produces_1 to 2023-06-15T00:00:00+00:00, run_after=2023-06-16T00:00:00+00:00
[2023-06-16T12:10:45.749+0700] {logging_mixin.py:149} INFO - [2023-06-16T12:10:45.749+0700] {dag.py:3486} INFO - Setting next_dagrun for dataset_produces_2 to None, run_after=None
[2023-06-16T12:10:45.789+0700] {processor.py:179} INFO - Processing /Library/Frameworks/Python.framework/Versions/3.11/lib/python3.11/site-packages/airflow/example_dags/example_datasets.py took 1.413 seconds
[2023-06-16T12:15:47.149+0700] {processor.py:157} INFO - Started process (PID=98601) to work on /Library/Frameworks/Python.framework/Versions/3.11/lib/python3.11/site-packages/airflow/example_dags/example_datasets.py
[2023-06-16T12:15:47.151+0700] {processor.py:826} INFO - Processing file /Library/Frameworks/Python.framework/Versions/3.11/lib/python3.11/site-packages/airflow/example_dags/example_datasets.py for tasks to queue
[2023-06-16T12:15:47.152+0700] {logging_mixin.py:149} INFO - [2023-06-16T12:15:47.151+0700] {dagbag.py:541} INFO - Filling up the DagBag from /Library/Frameworks/Python.framework/Versions/3.11/lib/python3.11/site-packages/airflow/example_dags/example_datasets.py
[2023-06-16T12:15:47.182+0700] {processor.py:836} INFO - DAG(s) dict_keys(['dataset_consumes_1_never_scheduled', 'dataset_consumes_unknown_never_scheduled', 'dataset_produces_1', 'dataset_consumes_1', 'dataset_produces_2', 'dataset_consumes_1_and_2']) retrieved from /Library/Frameworks/Python.framework/Versions/3.11/lib/python3.11/site-packages/airflow/example_dags/example_datasets.py
[2023-06-16T12:15:48.418+0700] {logging_mixin.py:149} INFO - [2023-06-16T12:15:48.418+0700] {dag.py:2726} INFO - Sync 6 DAGs
[2023-06-16T12:15:48.443+0700] {logging_mixin.py:149} INFO - [2023-06-16T12:15:48.443+0700] {dag.py:3486} INFO - Setting next_dagrun for dataset_consumes_1 to None, run_after=None
[2023-06-16T12:15:48.446+0700] {logging_mixin.py:149} INFO - [2023-06-16T12:15:48.446+0700] {dag.py:3486} INFO - Setting next_dagrun for dataset_consumes_1_and_2 to None, run_after=None
[2023-06-16T12:15:48.447+0700] {logging_mixin.py:149} INFO - [2023-06-16T12:15:48.447+0700] {dag.py:3486} INFO - Setting next_dagrun for dataset_consumes_1_never_scheduled to None, run_after=None
[2023-06-16T12:15:48.448+0700] {logging_mixin.py:149} INFO - [2023-06-16T12:15:48.448+0700] {dag.py:3486} INFO - Setting next_dagrun for dataset_consumes_unknown_never_scheduled to None, run_after=None
[2023-06-16T12:15:48.450+0700] {logging_mixin.py:149} INFO - [2023-06-16T12:15:48.450+0700] {dag.py:3486} INFO - Setting next_dagrun for dataset_produces_1 to 2023-06-15T00:00:00+00:00, run_after=2023-06-16T00:00:00+00:00
[2023-06-16T12:15:48.451+0700] {logging_mixin.py:149} INFO - [2023-06-16T12:15:48.451+0700] {dag.py:3486} INFO - Setting next_dagrun for dataset_produces_2 to None, run_after=None
[2023-06-16T12:15:48.484+0700] {processor.py:179} INFO - Processing /Library/Frameworks/Python.framework/Versions/3.11/lib/python3.11/site-packages/airflow/example_dags/example_datasets.py took 1.335 seconds
[2023-06-16T12:20:45.744+0700] {processor.py:157} INFO - Started process (PID=99240) to work on /Library/Frameworks/Python.framework/Versions/3.11/lib/python3.11/site-packages/airflow/example_dags/example_datasets.py
[2023-06-16T12:20:45.745+0700] {processor.py:826} INFO - Processing file /Library/Frameworks/Python.framework/Versions/3.11/lib/python3.11/site-packages/airflow/example_dags/example_datasets.py for tasks to queue
[2023-06-16T12:20:45.746+0700] {logging_mixin.py:149} INFO - [2023-06-16T12:20:45.746+0700] {dagbag.py:541} INFO - Filling up the DagBag from /Library/Frameworks/Python.framework/Versions/3.11/lib/python3.11/site-packages/airflow/example_dags/example_datasets.py
[2023-06-16T12:20:45.783+0700] {processor.py:836} INFO - DAG(s) dict_keys(['dataset_consumes_1', 'dataset_consumes_1_and_2', 'dataset_produces_2', 'dataset_produces_1', 'dataset_consumes_unknown_never_scheduled', 'dataset_consumes_1_never_scheduled']) retrieved from /Library/Frameworks/Python.framework/Versions/3.11/lib/python3.11/site-packages/airflow/example_dags/example_datasets.py
[2023-06-16T12:20:46.996+0700] {logging_mixin.py:149} INFO - [2023-06-16T12:20:46.996+0700] {dag.py:2726} INFO - Sync 6 DAGs
[2023-06-16T12:20:47.017+0700] {logging_mixin.py:149} INFO - [2023-06-16T12:20:47.017+0700] {dag.py:3486} INFO - Setting next_dagrun for dataset_consumes_1 to None, run_after=None
[2023-06-16T12:20:47.020+0700] {logging_mixin.py:149} INFO - [2023-06-16T12:20:47.020+0700] {dag.py:3486} INFO - Setting next_dagrun for dataset_consumes_1_and_2 to None, run_after=None
[2023-06-16T12:20:47.021+0700] {logging_mixin.py:149} INFO - [2023-06-16T12:20:47.021+0700] {dag.py:3486} INFO - Setting next_dagrun for dataset_consumes_1_never_scheduled to None, run_after=None
[2023-06-16T12:20:47.022+0700] {logging_mixin.py:149} INFO - [2023-06-16T12:20:47.022+0700] {dag.py:3486} INFO - Setting next_dagrun for dataset_consumes_unknown_never_scheduled to None, run_after=None
[2023-06-16T12:20:47.025+0700] {logging_mixin.py:149} INFO - [2023-06-16T12:20:47.024+0700] {dag.py:3486} INFO - Setting next_dagrun for dataset_produces_1 to 2023-06-15T00:00:00+00:00, run_after=2023-06-16T00:00:00+00:00
[2023-06-16T12:20:47.026+0700] {logging_mixin.py:149} INFO - [2023-06-16T12:20:47.025+0700] {dag.py:3486} INFO - Setting next_dagrun for dataset_produces_2 to None, run_after=None
[2023-06-16T12:20:47.056+0700] {processor.py:179} INFO - Processing /Library/Frameworks/Python.framework/Versions/3.11/lib/python3.11/site-packages/airflow/example_dags/example_datasets.py took 1.315 seconds
[2023-06-16T12:26:41.926+0700] {processor.py:157} INFO - Started process (PID=190) to work on /Library/Frameworks/Python.framework/Versions/3.11/lib/python3.11/site-packages/airflow/example_dags/example_datasets.py
[2023-06-16T12:26:41.928+0700] {processor.py:826} INFO - Processing file /Library/Frameworks/Python.framework/Versions/3.11/lib/python3.11/site-packages/airflow/example_dags/example_datasets.py for tasks to queue
[2023-06-16T12:26:41.928+0700] {logging_mixin.py:149} INFO - [2023-06-16T12:26:41.928+0700] {dagbag.py:541} INFO - Filling up the DagBag from /Library/Frameworks/Python.framework/Versions/3.11/lib/python3.11/site-packages/airflow/example_dags/example_datasets.py
[2023-06-16T12:26:41.960+0700] {processor.py:836} INFO - DAG(s) dict_keys(['dataset_consumes_1_and_2', 'dataset_consumes_unknown_never_scheduled', 'dataset_consumes_1', 'dataset_produces_1', 'dataset_consumes_1_never_scheduled', 'dataset_produces_2']) retrieved from /Library/Frameworks/Python.framework/Versions/3.11/lib/python3.11/site-packages/airflow/example_dags/example_datasets.py
[2023-06-16T12:26:43.243+0700] {logging_mixin.py:149} INFO - [2023-06-16T12:26:43.242+0700] {dag.py:2726} INFO - Sync 6 DAGs
[2023-06-16T12:26:43.266+0700] {logging_mixin.py:149} INFO - [2023-06-16T12:26:43.266+0700] {dag.py:3486} INFO - Setting next_dagrun for dataset_consumes_1 to None, run_after=None
[2023-06-16T12:26:43.268+0700] {logging_mixin.py:149} INFO - [2023-06-16T12:26:43.268+0700] {dag.py:3486} INFO - Setting next_dagrun for dataset_consumes_1_and_2 to None, run_after=None
[2023-06-16T12:26:43.269+0700] {logging_mixin.py:149} INFO - [2023-06-16T12:26:43.269+0700] {dag.py:3486} INFO - Setting next_dagrun for dataset_consumes_1_never_scheduled to None, run_after=None
[2023-06-16T12:26:43.270+0700] {logging_mixin.py:149} INFO - [2023-06-16T12:26:43.270+0700] {dag.py:3486} INFO - Setting next_dagrun for dataset_consumes_unknown_never_scheduled to None, run_after=None
[2023-06-16T12:26:43.272+0700] {logging_mixin.py:149} INFO - [2023-06-16T12:26:43.272+0700] {dag.py:3486} INFO - Setting next_dagrun for dataset_produces_1 to 2023-06-15T00:00:00+00:00, run_after=2023-06-16T00:00:00+00:00
[2023-06-16T12:26:43.273+0700] {logging_mixin.py:149} INFO - [2023-06-16T12:26:43.273+0700] {dag.py:3486} INFO - Setting next_dagrun for dataset_produces_2 to None, run_after=None
[2023-06-16T12:26:43.308+0700] {processor.py:179} INFO - Processing /Library/Frameworks/Python.framework/Versions/3.11/lib/python3.11/site-packages/airflow/example_dags/example_datasets.py took 1.383 seconds
[2023-06-16T12:31:54.051+0700] {processor.py:157} INFO - Started process (PID=1162) to work on /Library/Frameworks/Python.framework/Versions/3.11/lib/python3.11/site-packages/airflow/example_dags/example_datasets.py
[2023-06-16T12:31:54.052+0700] {processor.py:826} INFO - Processing file /Library/Frameworks/Python.framework/Versions/3.11/lib/python3.11/site-packages/airflow/example_dags/example_datasets.py for tasks to queue
[2023-06-16T12:31:54.053+0700] {logging_mixin.py:149} INFO - [2023-06-16T12:31:54.052+0700] {dagbag.py:541} INFO - Filling up the DagBag from /Library/Frameworks/Python.framework/Versions/3.11/lib/python3.11/site-packages/airflow/example_dags/example_datasets.py
[2023-06-16T12:31:54.078+0700] {processor.py:836} INFO - DAG(s) dict_keys(['dataset_produces_1', 'dataset_consumes_unknown_never_scheduled', 'dataset_produces_2', 'dataset_consumes_1_never_scheduled', 'dataset_consumes_1', 'dataset_consumes_1_and_2']) retrieved from /Library/Frameworks/Python.framework/Versions/3.11/lib/python3.11/site-packages/airflow/example_dags/example_datasets.py
[2023-06-16T12:31:55.639+0700] {logging_mixin.py:149} INFO - [2023-06-16T12:31:55.638+0700] {dag.py:2726} INFO - Sync 6 DAGs
[2023-06-16T12:31:55.669+0700] {logging_mixin.py:149} INFO - [2023-06-16T12:31:55.669+0700] {dag.py:3486} INFO - Setting next_dagrun for dataset_consumes_1 to None, run_after=None
[2023-06-16T12:31:55.673+0700] {logging_mixin.py:149} INFO - [2023-06-16T12:31:55.673+0700] {dag.py:3486} INFO - Setting next_dagrun for dataset_consumes_1_and_2 to None, run_after=None
[2023-06-16T12:31:55.675+0700] {logging_mixin.py:149} INFO - [2023-06-16T12:31:55.675+0700] {dag.py:3486} INFO - Setting next_dagrun for dataset_consumes_1_never_scheduled to None, run_after=None
[2023-06-16T12:31:55.676+0700] {logging_mixin.py:149} INFO - [2023-06-16T12:31:55.675+0700] {dag.py:3486} INFO - Setting next_dagrun for dataset_consumes_unknown_never_scheduled to None, run_after=None
[2023-06-16T12:31:55.678+0700] {logging_mixin.py:149} INFO - [2023-06-16T12:31:55.678+0700] {dag.py:3486} INFO - Setting next_dagrun for dataset_produces_1 to 2023-06-15T00:00:00+00:00, run_after=2023-06-16T00:00:00+00:00
[2023-06-16T12:31:55.680+0700] {logging_mixin.py:149} INFO - [2023-06-16T12:31:55.680+0700] {dag.py:3486} INFO - Setting next_dagrun for dataset_produces_2 to None, run_after=None
[2023-06-16T12:31:55.715+0700] {processor.py:179} INFO - Processing /Library/Frameworks/Python.framework/Versions/3.11/lib/python3.11/site-packages/airflow/example_dags/example_datasets.py took 1.665 seconds
[2023-06-16T12:37:05.197+0700] {processor.py:157} INFO - Started process (PID=2002) to work on /Library/Frameworks/Python.framework/Versions/3.11/lib/python3.11/site-packages/airflow/example_dags/example_datasets.py
[2023-06-16T12:37:05.197+0700] {processor.py:826} INFO - Processing file /Library/Frameworks/Python.framework/Versions/3.11/lib/python3.11/site-packages/airflow/example_dags/example_datasets.py for tasks to queue
[2023-06-16T12:37:05.198+0700] {logging_mixin.py:149} INFO - [2023-06-16T12:37:05.198+0700] {dagbag.py:541} INFO - Filling up the DagBag from /Library/Frameworks/Python.framework/Versions/3.11/lib/python3.11/site-packages/airflow/example_dags/example_datasets.py
[2023-06-16T12:37:05.231+0700] {processor.py:836} INFO - DAG(s) dict_keys(['dataset_consumes_1_never_scheduled', 'dataset_produces_2', 'dataset_consumes_unknown_never_scheduled', 'dataset_consumes_1_and_2', 'dataset_produces_1', 'dataset_consumes_1']) retrieved from /Library/Frameworks/Python.framework/Versions/3.11/lib/python3.11/site-packages/airflow/example_dags/example_datasets.py
[2023-06-16T12:37:06.385+0700] {logging_mixin.py:149} INFO - [2023-06-16T12:37:06.384+0700] {dag.py:2726} INFO - Sync 6 DAGs
[2023-06-16T12:37:06.407+0700] {logging_mixin.py:149} INFO - [2023-06-16T12:37:06.407+0700] {dag.py:3486} INFO - Setting next_dagrun for dataset_consumes_1 to None, run_after=None
[2023-06-16T12:37:06.409+0700] {logging_mixin.py:149} INFO - [2023-06-16T12:37:06.409+0700] {dag.py:3486} INFO - Setting next_dagrun for dataset_consumes_1_and_2 to None, run_after=None
[2023-06-16T12:37:06.410+0700] {logging_mixin.py:149} INFO - [2023-06-16T12:37:06.410+0700] {dag.py:3486} INFO - Setting next_dagrun for dataset_consumes_1_never_scheduled to None, run_after=None
[2023-06-16T12:37:06.410+0700] {logging_mixin.py:149} INFO - [2023-06-16T12:37:06.410+0700] {dag.py:3486} INFO - Setting next_dagrun for dataset_consumes_unknown_never_scheduled to None, run_after=None
[2023-06-16T12:37:06.414+0700] {logging_mixin.py:149} INFO - [2023-06-16T12:37:06.414+0700] {dag.py:3486} INFO - Setting next_dagrun for dataset_produces_1 to 2023-06-15T00:00:00+00:00, run_after=2023-06-16T00:00:00+00:00
[2023-06-16T12:37:06.416+0700] {logging_mixin.py:149} INFO - [2023-06-16T12:37:06.416+0700] {dag.py:3486} INFO - Setting next_dagrun for dataset_produces_2 to None, run_after=None
[2023-06-16T12:37:06.446+0700] {processor.py:179} INFO - Processing /Library/Frameworks/Python.framework/Versions/3.11/lib/python3.11/site-packages/airflow/example_dags/example_datasets.py took 1.250 seconds
[2023-06-16T12:43:17.849+0700] {processor.py:157} INFO - Started process (PID=2922) to work on /Library/Frameworks/Python.framework/Versions/3.11/lib/python3.11/site-packages/airflow/example_dags/example_datasets.py
[2023-06-16T12:43:17.852+0700] {processor.py:826} INFO - Processing file /Library/Frameworks/Python.framework/Versions/3.11/lib/python3.11/site-packages/airflow/example_dags/example_datasets.py for tasks to queue
[2023-06-16T12:43:17.853+0700] {logging_mixin.py:149} INFO - [2023-06-16T12:43:17.853+0700] {dagbag.py:541} INFO - Filling up the DagBag from /Library/Frameworks/Python.framework/Versions/3.11/lib/python3.11/site-packages/airflow/example_dags/example_datasets.py
[2023-06-16T12:43:17.928+0700] {processor.py:836} INFO - DAG(s) dict_keys(['dataset_produces_2', 'dataset_consumes_unknown_never_scheduled', 'dataset_consumes_1', 'dataset_produces_1', 'dataset_consumes_1_never_scheduled', 'dataset_consumes_1_and_2']) retrieved from /Library/Frameworks/Python.framework/Versions/3.11/lib/python3.11/site-packages/airflow/example_dags/example_datasets.py
[2023-06-16T12:43:19.400+0700] {logging_mixin.py:149} INFO - [2023-06-16T12:43:19.400+0700] {dag.py:2726} INFO - Sync 6 DAGs
[2023-06-16T12:43:19.425+0700] {logging_mixin.py:149} INFO - [2023-06-16T12:43:19.425+0700] {dag.py:3486} INFO - Setting next_dagrun for dataset_consumes_1 to None, run_after=None
[2023-06-16T12:43:19.428+0700] {logging_mixin.py:149} INFO - [2023-06-16T12:43:19.428+0700] {dag.py:3486} INFO - Setting next_dagrun for dataset_consumes_1_and_2 to None, run_after=None
[2023-06-16T12:43:19.429+0700] {logging_mixin.py:149} INFO - [2023-06-16T12:43:19.429+0700] {dag.py:3486} INFO - Setting next_dagrun for dataset_consumes_1_never_scheduled to None, run_after=None
[2023-06-16T12:43:19.430+0700] {logging_mixin.py:149} INFO - [2023-06-16T12:43:19.430+0700] {dag.py:3486} INFO - Setting next_dagrun for dataset_consumes_unknown_never_scheduled to None, run_after=None
[2023-06-16T12:43:19.435+0700] {logging_mixin.py:149} INFO - [2023-06-16T12:43:19.435+0700] {dag.py:3486} INFO - Setting next_dagrun for dataset_produces_1 to 2023-06-15T00:00:00+00:00, run_after=2023-06-16T00:00:00+00:00
[2023-06-16T12:43:19.436+0700] {logging_mixin.py:149} INFO - [2023-06-16T12:43:19.436+0700] {dag.py:3486} INFO - Setting next_dagrun for dataset_produces_2 to None, run_after=None
[2023-06-16T12:43:19.468+0700] {processor.py:179} INFO - Processing /Library/Frameworks/Python.framework/Versions/3.11/lib/python3.11/site-packages/airflow/example_dags/example_datasets.py took 1.621 seconds
[2023-06-16T12:49:39.173+0700] {processor.py:157} INFO - Started process (PID=3785) to work on /Library/Frameworks/Python.framework/Versions/3.11/lib/python3.11/site-packages/airflow/example_dags/example_datasets.py
[2023-06-16T12:49:39.175+0700] {processor.py:826} INFO - Processing file /Library/Frameworks/Python.framework/Versions/3.11/lib/python3.11/site-packages/airflow/example_dags/example_datasets.py for tasks to queue
[2023-06-16T12:49:39.175+0700] {logging_mixin.py:149} INFO - [2023-06-16T12:49:39.175+0700] {dagbag.py:541} INFO - Filling up the DagBag from /Library/Frameworks/Python.framework/Versions/3.11/lib/python3.11/site-packages/airflow/example_dags/example_datasets.py
[2023-06-16T12:49:39.205+0700] {processor.py:836} INFO - DAG(s) dict_keys(['dataset_produces_1', 'dataset_consumes_1', 'dataset_produces_2', 'dataset_consumes_unknown_never_scheduled', 'dataset_consumes_1_and_2', 'dataset_consumes_1_never_scheduled']) retrieved from /Library/Frameworks/Python.framework/Versions/3.11/lib/python3.11/site-packages/airflow/example_dags/example_datasets.py
[2023-06-16T12:49:40.342+0700] {logging_mixin.py:149} INFO - [2023-06-16T12:49:40.342+0700] {dag.py:2726} INFO - Sync 6 DAGs
[2023-06-16T12:49:40.358+0700] {logging_mixin.py:149} INFO - [2023-06-16T12:49:40.358+0700] {dag.py:3486} INFO - Setting next_dagrun for dataset_consumes_1 to None, run_after=None
[2023-06-16T12:49:40.360+0700] {logging_mixin.py:149} INFO - [2023-06-16T12:49:40.360+0700] {dag.py:3486} INFO - Setting next_dagrun for dataset_consumes_1_and_2 to None, run_after=None
[2023-06-16T12:49:40.361+0700] {logging_mixin.py:149} INFO - [2023-06-16T12:49:40.361+0700] {dag.py:3486} INFO - Setting next_dagrun for dataset_consumes_1_never_scheduled to None, run_after=None
[2023-06-16T12:49:40.361+0700] {logging_mixin.py:149} INFO - [2023-06-16T12:49:40.361+0700] {dag.py:3486} INFO - Setting next_dagrun for dataset_consumes_unknown_never_scheduled to None, run_after=None
[2023-06-16T12:49:40.364+0700] {logging_mixin.py:149} INFO - [2023-06-16T12:49:40.364+0700] {dag.py:3486} INFO - Setting next_dagrun for dataset_produces_1 to 2023-06-15T00:00:00+00:00, run_after=2023-06-16T00:00:00+00:00
[2023-06-16T12:49:40.365+0700] {logging_mixin.py:149} INFO - [2023-06-16T12:49:40.365+0700] {dag.py:3486} INFO - Setting next_dagrun for dataset_produces_2 to None, run_after=None
[2023-06-16T12:49:40.397+0700] {processor.py:179} INFO - Processing /Library/Frameworks/Python.framework/Versions/3.11/lib/python3.11/site-packages/airflow/example_dags/example_datasets.py took 1.224 seconds
[2023-06-16T12:54:45.229+0700] {processor.py:157} INFO - Started process (PID=4503) to work on /Library/Frameworks/Python.framework/Versions/3.11/lib/python3.11/site-packages/airflow/example_dags/example_datasets.py
[2023-06-16T12:54:45.229+0700] {processor.py:826} INFO - Processing file /Library/Frameworks/Python.framework/Versions/3.11/lib/python3.11/site-packages/airflow/example_dags/example_datasets.py for tasks to queue
[2023-06-16T12:54:45.230+0700] {logging_mixin.py:149} INFO - [2023-06-16T12:54:45.230+0700] {dagbag.py:541} INFO - Filling up the DagBag from /Library/Frameworks/Python.framework/Versions/3.11/lib/python3.11/site-packages/airflow/example_dags/example_datasets.py
[2023-06-16T12:54:45.261+0700] {processor.py:836} INFO - DAG(s) dict_keys(['dataset_consumes_1_and_2', 'dataset_consumes_1', 'dataset_produces_2', 'dataset_consumes_1_never_scheduled', 'dataset_consumes_unknown_never_scheduled', 'dataset_produces_1']) retrieved from /Library/Frameworks/Python.framework/Versions/3.11/lib/python3.11/site-packages/airflow/example_dags/example_datasets.py
[2023-06-16T12:54:46.519+0700] {logging_mixin.py:149} INFO - [2023-06-16T12:54:46.519+0700] {dag.py:2726} INFO - Sync 6 DAGs
[2023-06-16T12:54:46.545+0700] {logging_mixin.py:149} INFO - [2023-06-16T12:54:46.545+0700] {dag.py:3486} INFO - Setting next_dagrun for dataset_consumes_1 to None, run_after=None
[2023-06-16T12:54:46.548+0700] {logging_mixin.py:149} INFO - [2023-06-16T12:54:46.548+0700] {dag.py:3486} INFO - Setting next_dagrun for dataset_consumes_1_and_2 to None, run_after=None
[2023-06-16T12:54:46.549+0700] {logging_mixin.py:149} INFO - [2023-06-16T12:54:46.549+0700] {dag.py:3486} INFO - Setting next_dagrun for dataset_consumes_1_never_scheduled to None, run_after=None
[2023-06-16T12:54:46.550+0700] {logging_mixin.py:149} INFO - [2023-06-16T12:54:46.550+0700] {dag.py:3486} INFO - Setting next_dagrun for dataset_consumes_unknown_never_scheduled to None, run_after=None
[2023-06-16T12:54:46.553+0700] {logging_mixin.py:149} INFO - [2023-06-16T12:54:46.553+0700] {dag.py:3486} INFO - Setting next_dagrun for dataset_produces_1 to 2023-06-15T00:00:00+00:00, run_after=2023-06-16T00:00:00+00:00
[2023-06-16T12:54:46.555+0700] {logging_mixin.py:149} INFO - [2023-06-16T12:54:46.554+0700] {dag.py:3486} INFO - Setting next_dagrun for dataset_produces_2 to None, run_after=None
[2023-06-16T12:54:46.588+0700] {processor.py:179} INFO - Processing /Library/Frameworks/Python.framework/Versions/3.11/lib/python3.11/site-packages/airflow/example_dags/example_datasets.py took 1.360 seconds
[2023-06-16T12:59:58.947+0700] {processor.py:157} INFO - Started process (PID=5293) to work on /Library/Frameworks/Python.framework/Versions/3.11/lib/python3.11/site-packages/airflow/example_dags/example_datasets.py
[2023-06-16T12:59:58.948+0700] {processor.py:826} INFO - Processing file /Library/Frameworks/Python.framework/Versions/3.11/lib/python3.11/site-packages/airflow/example_dags/example_datasets.py for tasks to queue
[2023-06-16T12:59:58.949+0700] {logging_mixin.py:149} INFO - [2023-06-16T12:59:58.949+0700] {dagbag.py:541} INFO - Filling up the DagBag from /Library/Frameworks/Python.framework/Versions/3.11/lib/python3.11/site-packages/airflow/example_dags/example_datasets.py
[2023-06-16T12:59:58.995+0700] {processor.py:836} INFO - DAG(s) dict_keys(['dataset_produces_1', 'dataset_consumes_1_never_scheduled', 'dataset_consumes_unknown_never_scheduled', 'dataset_consumes_1_and_2', 'dataset_consumes_1', 'dataset_produces_2']) retrieved from /Library/Frameworks/Python.framework/Versions/3.11/lib/python3.11/site-packages/airflow/example_dags/example_datasets.py
[2023-06-16T13:00:00.486+0700] {logging_mixin.py:149} INFO - [2023-06-16T13:00:00.485+0700] {dag.py:2726} INFO - Sync 6 DAGs
[2023-06-16T13:00:00.523+0700] {logging_mixin.py:149} INFO - [2023-06-16T13:00:00.523+0700] {dag.py:3486} INFO - Setting next_dagrun for dataset_consumes_1 to None, run_after=None
[2023-06-16T13:00:00.528+0700] {logging_mixin.py:149} INFO - [2023-06-16T13:00:00.527+0700] {dag.py:3486} INFO - Setting next_dagrun for dataset_consumes_1_and_2 to None, run_after=None
[2023-06-16T13:00:00.529+0700] {logging_mixin.py:149} INFO - [2023-06-16T13:00:00.529+0700] {dag.py:3486} INFO - Setting next_dagrun for dataset_consumes_1_never_scheduled to None, run_after=None
[2023-06-16T13:00:00.531+0700] {logging_mixin.py:149} INFO - [2023-06-16T13:00:00.531+0700] {dag.py:3486} INFO - Setting next_dagrun for dataset_consumes_unknown_never_scheduled to None, run_after=None
[2023-06-16T13:00:00.535+0700] {logging_mixin.py:149} INFO - [2023-06-16T13:00:00.535+0700] {dag.py:3486} INFO - Setting next_dagrun for dataset_produces_1 to 2023-06-15T00:00:00+00:00, run_after=2023-06-16T00:00:00+00:00
[2023-06-16T13:00:00.537+0700] {logging_mixin.py:149} INFO - [2023-06-16T13:00:00.537+0700] {dag.py:3486} INFO - Setting next_dagrun for dataset_produces_2 to None, run_after=None
[2023-06-16T13:00:00.642+0700] {processor.py:179} INFO - Processing /Library/Frameworks/Python.framework/Versions/3.11/lib/python3.11/site-packages/airflow/example_dags/example_datasets.py took 1.696 seconds
[2023-06-16T13:05:33.914+0700] {processor.py:157} INFO - Started process (PID=6126) to work on /Library/Frameworks/Python.framework/Versions/3.11/lib/python3.11/site-packages/airflow/example_dags/example_datasets.py
[2023-06-16T13:05:33.915+0700] {processor.py:826} INFO - Processing file /Library/Frameworks/Python.framework/Versions/3.11/lib/python3.11/site-packages/airflow/example_dags/example_datasets.py for tasks to queue
[2023-06-16T13:05:33.916+0700] {logging_mixin.py:149} INFO - [2023-06-16T13:05:33.916+0700] {dagbag.py:541} INFO - Filling up the DagBag from /Library/Frameworks/Python.framework/Versions/3.11/lib/python3.11/site-packages/airflow/example_dags/example_datasets.py
[2023-06-16T13:05:33.968+0700] {processor.py:836} INFO - DAG(s) dict_keys(['dataset_consumes_1_and_2', 'dataset_consumes_1_never_scheduled', 'dataset_produces_1', 'dataset_produces_2', 'dataset_consumes_1', 'dataset_consumes_unknown_never_scheduled']) retrieved from /Library/Frameworks/Python.framework/Versions/3.11/lib/python3.11/site-packages/airflow/example_dags/example_datasets.py
[2023-06-16T13:05:35.642+0700] {logging_mixin.py:149} INFO - [2023-06-16T13:05:35.642+0700] {dag.py:2726} INFO - Sync 6 DAGs
[2023-06-16T13:05:35.666+0700] {logging_mixin.py:149} INFO - [2023-06-16T13:05:35.665+0700] {dag.py:3486} INFO - Setting next_dagrun for dataset_consumes_1 to None, run_after=None
[2023-06-16T13:05:35.668+0700] {logging_mixin.py:149} INFO - [2023-06-16T13:05:35.668+0700] {dag.py:3486} INFO - Setting next_dagrun for dataset_consumes_1_and_2 to None, run_after=None
[2023-06-16T13:05:35.669+0700] {logging_mixin.py:149} INFO - [2023-06-16T13:05:35.669+0700] {dag.py:3486} INFO - Setting next_dagrun for dataset_consumes_1_never_scheduled to None, run_after=None
[2023-06-16T13:05:35.669+0700] {logging_mixin.py:149} INFO - [2023-06-16T13:05:35.669+0700] {dag.py:3486} INFO - Setting next_dagrun for dataset_consumes_unknown_never_scheduled to None, run_after=None
[2023-06-16T13:05:35.672+0700] {logging_mixin.py:149} INFO - [2023-06-16T13:05:35.671+0700] {dag.py:3486} INFO - Setting next_dagrun for dataset_produces_1 to 2023-06-15T00:00:00+00:00, run_after=2023-06-16T00:00:00+00:00
[2023-06-16T13:05:35.672+0700] {logging_mixin.py:149} INFO - [2023-06-16T13:05:35.672+0700] {dag.py:3486} INFO - Setting next_dagrun for dataset_produces_2 to None, run_after=None
[2023-06-16T13:05:35.718+0700] {processor.py:179} INFO - Processing /Library/Frameworks/Python.framework/Versions/3.11/lib/python3.11/site-packages/airflow/example_dags/example_datasets.py took 1.806 seconds
[2023-06-16T13:10:45.393+0700] {processor.py:157} INFO - Started process (PID=6871) to work on /Library/Frameworks/Python.framework/Versions/3.11/lib/python3.11/site-packages/airflow/example_dags/example_datasets.py
[2023-06-16T13:10:45.394+0700] {processor.py:826} INFO - Processing file /Library/Frameworks/Python.framework/Versions/3.11/lib/python3.11/site-packages/airflow/example_dags/example_datasets.py for tasks to queue
[2023-06-16T13:10:45.395+0700] {logging_mixin.py:149} INFO - [2023-06-16T13:10:45.394+0700] {dagbag.py:541} INFO - Filling up the DagBag from /Library/Frameworks/Python.framework/Versions/3.11/lib/python3.11/site-packages/airflow/example_dags/example_datasets.py
[2023-06-16T13:10:45.425+0700] {processor.py:836} INFO - DAG(s) dict_keys(['dataset_produces_1', 'dataset_consumes_1_and_2', 'dataset_consumes_1', 'dataset_consumes_unknown_never_scheduled', 'dataset_consumes_1_never_scheduled', 'dataset_produces_2']) retrieved from /Library/Frameworks/Python.framework/Versions/3.11/lib/python3.11/site-packages/airflow/example_dags/example_datasets.py
[2023-06-16T13:10:46.582+0700] {logging_mixin.py:149} INFO - [2023-06-16T13:10:46.582+0700] {dag.py:2726} INFO - Sync 6 DAGs
[2023-06-16T13:10:46.599+0700] {logging_mixin.py:149} INFO - [2023-06-16T13:10:46.599+0700] {dag.py:3486} INFO - Setting next_dagrun for dataset_consumes_1 to None, run_after=None
[2023-06-16T13:10:46.602+0700] {logging_mixin.py:149} INFO - [2023-06-16T13:10:46.602+0700] {dag.py:3486} INFO - Setting next_dagrun for dataset_consumes_1_and_2 to None, run_after=None
[2023-06-16T13:10:46.602+0700] {logging_mixin.py:149} INFO - [2023-06-16T13:10:46.602+0700] {dag.py:3486} INFO - Setting next_dagrun for dataset_consumes_1_never_scheduled to None, run_after=None
[2023-06-16T13:10:46.603+0700] {logging_mixin.py:149} INFO - [2023-06-16T13:10:46.603+0700] {dag.py:3486} INFO - Setting next_dagrun for dataset_consumes_unknown_never_scheduled to None, run_after=None
[2023-06-16T13:10:46.605+0700] {logging_mixin.py:149} INFO - [2023-06-16T13:10:46.605+0700] {dag.py:3486} INFO - Setting next_dagrun for dataset_produces_1 to 2023-06-15T00:00:00+00:00, run_after=2023-06-16T00:00:00+00:00
[2023-06-16T13:10:46.606+0700] {logging_mixin.py:149} INFO - [2023-06-16T13:10:46.606+0700] {dag.py:3486} INFO - Setting next_dagrun for dataset_produces_2 to None, run_after=None
[2023-06-16T13:10:46.637+0700] {processor.py:179} INFO - Processing /Library/Frameworks/Python.framework/Versions/3.11/lib/python3.11/site-packages/airflow/example_dags/example_datasets.py took 1.245 seconds
[2023-06-16T13:16:39.378+0700] {processor.py:157} INFO - Started process (PID=7754) to work on /Library/Frameworks/Python.framework/Versions/3.11/lib/python3.11/site-packages/airflow/example_dags/example_datasets.py
[2023-06-16T13:16:39.379+0700] {processor.py:826} INFO - Processing file /Library/Frameworks/Python.framework/Versions/3.11/lib/python3.11/site-packages/airflow/example_dags/example_datasets.py for tasks to queue
[2023-06-16T13:16:39.380+0700] {logging_mixin.py:149} INFO - [2023-06-16T13:16:39.380+0700] {dagbag.py:541} INFO - Filling up the DagBag from /Library/Frameworks/Python.framework/Versions/3.11/lib/python3.11/site-packages/airflow/example_dags/example_datasets.py
[2023-06-16T13:16:39.404+0700] {processor.py:836} INFO - DAG(s) dict_keys(['dataset_consumes_unknown_never_scheduled', 'dataset_produces_1', 'dataset_consumes_1', 'dataset_consumes_1_never_scheduled', 'dataset_consumes_1_and_2', 'dataset_produces_2']) retrieved from /Library/Frameworks/Python.framework/Versions/3.11/lib/python3.11/site-packages/airflow/example_dags/example_datasets.py
[2023-06-16T13:16:40.521+0700] {logging_mixin.py:149} INFO - [2023-06-16T13:16:40.521+0700] {dag.py:2726} INFO - Sync 6 DAGs
[2023-06-16T13:16:40.544+0700] {logging_mixin.py:149} INFO - [2023-06-16T13:16:40.544+0700] {dag.py:3486} INFO - Setting next_dagrun for dataset_consumes_1 to None, run_after=None
[2023-06-16T13:16:40.548+0700] {logging_mixin.py:149} INFO - [2023-06-16T13:16:40.547+0700] {dag.py:3486} INFO - Setting next_dagrun for dataset_consumes_1_and_2 to None, run_after=None
[2023-06-16T13:16:40.549+0700] {logging_mixin.py:149} INFO - [2023-06-16T13:16:40.549+0700] {dag.py:3486} INFO - Setting next_dagrun for dataset_consumes_1_never_scheduled to None, run_after=None
[2023-06-16T13:16:40.550+0700] {logging_mixin.py:149} INFO - [2023-06-16T13:16:40.550+0700] {dag.py:3486} INFO - Setting next_dagrun for dataset_consumes_unknown_never_scheduled to None, run_after=None
[2023-06-16T13:16:40.552+0700] {logging_mixin.py:149} INFO - [2023-06-16T13:16:40.552+0700] {dag.py:3486} INFO - Setting next_dagrun for dataset_produces_1 to 2023-06-15T00:00:00+00:00, run_after=2023-06-16T00:00:00+00:00
[2023-06-16T13:16:40.553+0700] {logging_mixin.py:149} INFO - [2023-06-16T13:16:40.553+0700] {dag.py:3486} INFO - Setting next_dagrun for dataset_produces_2 to None, run_after=None
[2023-06-16T13:16:40.587+0700] {processor.py:179} INFO - Processing /Library/Frameworks/Python.framework/Versions/3.11/lib/python3.11/site-packages/airflow/example_dags/example_datasets.py took 1.210 seconds
[2023-06-16T13:22:49.764+0700] {processor.py:157} INFO - Started process (PID=8591) to work on /Library/Frameworks/Python.framework/Versions/3.11/lib/python3.11/site-packages/airflow/example_dags/example_datasets.py
[2023-06-16T13:22:49.767+0700] {processor.py:826} INFO - Processing file /Library/Frameworks/Python.framework/Versions/3.11/lib/python3.11/site-packages/airflow/example_dags/example_datasets.py for tasks to queue
[2023-06-16T13:22:49.767+0700] {logging_mixin.py:149} INFO - [2023-06-16T13:22:49.767+0700] {dagbag.py:541} INFO - Filling up the DagBag from /Library/Frameworks/Python.framework/Versions/3.11/lib/python3.11/site-packages/airflow/example_dags/example_datasets.py
[2023-06-16T13:22:49.795+0700] {processor.py:836} INFO - DAG(s) dict_keys(['dataset_consumes_1_and_2', 'dataset_consumes_1_never_scheduled', 'dataset_consumes_unknown_never_scheduled', 'dataset_produces_1', 'dataset_produces_2', 'dataset_consumes_1']) retrieved from /Library/Frameworks/Python.framework/Versions/3.11/lib/python3.11/site-packages/airflow/example_dags/example_datasets.py
[2023-06-16T13:22:50.913+0700] {logging_mixin.py:149} INFO - [2023-06-16T13:22:50.912+0700] {dag.py:2726} INFO - Sync 6 DAGs
[2023-06-16T13:22:50.933+0700] {logging_mixin.py:149} INFO - [2023-06-16T13:22:50.933+0700] {dag.py:3486} INFO - Setting next_dagrun for dataset_consumes_1 to None, run_after=None
[2023-06-16T13:22:50.936+0700] {logging_mixin.py:149} INFO - [2023-06-16T13:22:50.936+0700] {dag.py:3486} INFO - Setting next_dagrun for dataset_consumes_1_and_2 to None, run_after=None
[2023-06-16T13:22:50.937+0700] {logging_mixin.py:149} INFO - [2023-06-16T13:22:50.937+0700] {dag.py:3486} INFO - Setting next_dagrun for dataset_consumes_1_never_scheduled to None, run_after=None
[2023-06-16T13:22:50.939+0700] {logging_mixin.py:149} INFO - [2023-06-16T13:22:50.938+0700] {dag.py:3486} INFO - Setting next_dagrun for dataset_consumes_unknown_never_scheduled to None, run_after=None
[2023-06-16T13:22:50.942+0700] {logging_mixin.py:149} INFO - [2023-06-16T13:22:50.942+0700] {dag.py:3486} INFO - Setting next_dagrun for dataset_produces_1 to 2023-06-15T00:00:00+00:00, run_after=2023-06-16T00:00:00+00:00
[2023-06-16T13:22:50.943+0700] {logging_mixin.py:149} INFO - [2023-06-16T13:22:50.943+0700] {dag.py:3486} INFO - Setting next_dagrun for dataset_produces_2 to None, run_after=None
[2023-06-16T13:22:50.976+0700] {processor.py:179} INFO - Processing /Library/Frameworks/Python.framework/Versions/3.11/lib/python3.11/site-packages/airflow/example_dags/example_datasets.py took 1.213 seconds
[2023-06-16T13:27:35.253+0700] {processor.py:157} INFO - Started process (PID=9190) to work on /Library/Frameworks/Python.framework/Versions/3.11/lib/python3.11/site-packages/airflow/example_dags/example_datasets.py
[2023-06-16T13:27:35.254+0700] {processor.py:826} INFO - Processing file /Library/Frameworks/Python.framework/Versions/3.11/lib/python3.11/site-packages/airflow/example_dags/example_datasets.py for tasks to queue
[2023-06-16T13:27:35.255+0700] {logging_mixin.py:149} INFO - [2023-06-16T13:27:35.255+0700] {dagbag.py:541} INFO - Filling up the DagBag from /Library/Frameworks/Python.framework/Versions/3.11/lib/python3.11/site-packages/airflow/example_dags/example_datasets.py
[2023-06-16T13:27:35.292+0700] {processor.py:836} INFO - DAG(s) dict_keys(['dataset_consumes_1_and_2', 'dataset_consumes_unknown_never_scheduled', 'dataset_consumes_1', 'dataset_consumes_1_never_scheduled', 'dataset_produces_2', 'dataset_produces_1']) retrieved from /Library/Frameworks/Python.framework/Versions/3.11/lib/python3.11/site-packages/airflow/example_dags/example_datasets.py
[2023-06-16T13:27:36.831+0700] {logging_mixin.py:149} INFO - [2023-06-16T13:27:36.831+0700] {dag.py:2726} INFO - Sync 6 DAGs
[2023-06-16T13:27:36.858+0700] {logging_mixin.py:149} INFO - [2023-06-16T13:27:36.858+0700] {dag.py:3486} INFO - Setting next_dagrun for dataset_consumes_1 to None, run_after=None
[2023-06-16T13:27:36.861+0700] {logging_mixin.py:149} INFO - [2023-06-16T13:27:36.861+0700] {dag.py:3486} INFO - Setting next_dagrun for dataset_consumes_1_and_2 to None, run_after=None
[2023-06-16T13:27:36.862+0700] {logging_mixin.py:149} INFO - [2023-06-16T13:27:36.862+0700] {dag.py:3486} INFO - Setting next_dagrun for dataset_consumes_1_never_scheduled to None, run_after=None
[2023-06-16T13:27:36.864+0700] {logging_mixin.py:149} INFO - [2023-06-16T13:27:36.864+0700] {dag.py:3486} INFO - Setting next_dagrun for dataset_consumes_unknown_never_scheduled to None, run_after=None
[2023-06-16T13:27:36.868+0700] {logging_mixin.py:149} INFO - [2023-06-16T13:27:36.868+0700] {dag.py:3486} INFO - Setting next_dagrun for dataset_produces_1 to 2023-06-15T00:00:00+00:00, run_after=2023-06-16T00:00:00+00:00
[2023-06-16T13:27:36.870+0700] {logging_mixin.py:149} INFO - [2023-06-16T13:27:36.869+0700] {dag.py:3486} INFO - Setting next_dagrun for dataset_produces_2 to None, run_after=None
[2023-06-16T13:27:36.907+0700] {processor.py:179} INFO - Processing /Library/Frameworks/Python.framework/Versions/3.11/lib/python3.11/site-packages/airflow/example_dags/example_datasets.py took 1.655 seconds
[2023-06-16T13:32:36.395+0700] {processor.py:157} INFO - Started process (PID=10050) to work on /Library/Frameworks/Python.framework/Versions/3.11/lib/python3.11/site-packages/airflow/example_dags/example_datasets.py
[2023-06-16T13:32:36.396+0700] {processor.py:826} INFO - Processing file /Library/Frameworks/Python.framework/Versions/3.11/lib/python3.11/site-packages/airflow/example_dags/example_datasets.py for tasks to queue
[2023-06-16T13:32:36.397+0700] {logging_mixin.py:149} INFO - [2023-06-16T13:32:36.396+0700] {dagbag.py:541} INFO - Filling up the DagBag from /Library/Frameworks/Python.framework/Versions/3.11/lib/python3.11/site-packages/airflow/example_dags/example_datasets.py
[2023-06-16T13:32:36.435+0700] {processor.py:836} INFO - DAG(s) dict_keys(['dataset_consumes_1_and_2', 'dataset_consumes_1', 'dataset_consumes_unknown_never_scheduled', 'dataset_produces_1', 'dataset_produces_2', 'dataset_consumes_1_never_scheduled']) retrieved from /Library/Frameworks/Python.framework/Versions/3.11/lib/python3.11/site-packages/airflow/example_dags/example_datasets.py
[2023-06-16T13:32:37.720+0700] {logging_mixin.py:149} INFO - [2023-06-16T13:32:37.720+0700] {dag.py:2726} INFO - Sync 6 DAGs
[2023-06-16T13:32:37.746+0700] {logging_mixin.py:149} INFO - [2023-06-16T13:32:37.745+0700] {dag.py:3486} INFO - Setting next_dagrun for dataset_consumes_1 to None, run_after=None
[2023-06-16T13:32:37.748+0700] {logging_mixin.py:149} INFO - [2023-06-16T13:32:37.748+0700] {dag.py:3486} INFO - Setting next_dagrun for dataset_consumes_1_and_2 to None, run_after=None
[2023-06-16T13:32:37.749+0700] {logging_mixin.py:149} INFO - [2023-06-16T13:32:37.749+0700] {dag.py:3486} INFO - Setting next_dagrun for dataset_consumes_1_never_scheduled to None, run_after=None
[2023-06-16T13:32:37.749+0700] {logging_mixin.py:149} INFO - [2023-06-16T13:32:37.749+0700] {dag.py:3486} INFO - Setting next_dagrun for dataset_consumes_unknown_never_scheduled to None, run_after=None
[2023-06-16T13:32:37.753+0700] {logging_mixin.py:149} INFO - [2023-06-16T13:32:37.753+0700] {dag.py:3486} INFO - Setting next_dagrun for dataset_produces_1 to 2023-06-15T00:00:00+00:00, run_after=2023-06-16T00:00:00+00:00
[2023-06-16T13:32:37.755+0700] {logging_mixin.py:149} INFO - [2023-06-16T13:32:37.755+0700] {dag.py:3486} INFO - Setting next_dagrun for dataset_produces_2 to None, run_after=None
[2023-06-16T13:32:37.796+0700] {processor.py:179} INFO - Processing /Library/Frameworks/Python.framework/Versions/3.11/lib/python3.11/site-packages/airflow/example_dags/example_datasets.py took 1.402 seconds
[2023-06-16T13:38:13.927+0700] {processor.py:157} INFO - Started process (PID=10863) to work on /Library/Frameworks/Python.framework/Versions/3.11/lib/python3.11/site-packages/airflow/example_dags/example_datasets.py
[2023-06-16T13:38:13.929+0700] {processor.py:826} INFO - Processing file /Library/Frameworks/Python.framework/Versions/3.11/lib/python3.11/site-packages/airflow/example_dags/example_datasets.py for tasks to queue
[2023-06-16T13:38:13.929+0700] {logging_mixin.py:149} INFO - [2023-06-16T13:38:13.929+0700] {dagbag.py:541} INFO - Filling up the DagBag from /Library/Frameworks/Python.framework/Versions/3.11/lib/python3.11/site-packages/airflow/example_dags/example_datasets.py
[2023-06-16T13:38:13.963+0700] {processor.py:836} INFO - DAG(s) dict_keys(['dataset_produces_1', 'dataset_consumes_1', 'dataset_produces_2', 'dataset_consumes_unknown_never_scheduled', 'dataset_consumes_1_and_2', 'dataset_consumes_1_never_scheduled']) retrieved from /Library/Frameworks/Python.framework/Versions/3.11/lib/python3.11/site-packages/airflow/example_dags/example_datasets.py
[2023-06-16T13:38:15.033+0700] {logging_mixin.py:149} INFO - [2023-06-16T13:38:15.033+0700] {dag.py:2726} INFO - Sync 6 DAGs
[2023-06-16T13:38:15.054+0700] {logging_mixin.py:149} INFO - [2023-06-16T13:38:15.054+0700] {dag.py:3486} INFO - Setting next_dagrun for dataset_consumes_1 to None, run_after=None
[2023-06-16T13:38:15.056+0700] {logging_mixin.py:149} INFO - [2023-06-16T13:38:15.056+0700] {dag.py:3486} INFO - Setting next_dagrun for dataset_consumes_1_and_2 to None, run_after=None
[2023-06-16T13:38:15.057+0700] {logging_mixin.py:149} INFO - [2023-06-16T13:38:15.057+0700] {dag.py:3486} INFO - Setting next_dagrun for dataset_consumes_1_never_scheduled to None, run_after=None
[2023-06-16T13:38:15.058+0700] {logging_mixin.py:149} INFO - [2023-06-16T13:38:15.058+0700] {dag.py:3486} INFO - Setting next_dagrun for dataset_consumes_unknown_never_scheduled to None, run_after=None
[2023-06-16T13:38:15.060+0700] {logging_mixin.py:149} INFO - [2023-06-16T13:38:15.060+0700] {dag.py:3486} INFO - Setting next_dagrun for dataset_produces_1 to 2023-06-15T00:00:00+00:00, run_after=2023-06-16T00:00:00+00:00
[2023-06-16T13:38:15.061+0700] {logging_mixin.py:149} INFO - [2023-06-16T13:38:15.061+0700] {dag.py:3486} INFO - Setting next_dagrun for dataset_produces_2 to None, run_after=None
[2023-06-16T13:38:15.091+0700] {processor.py:179} INFO - Processing /Library/Frameworks/Python.framework/Versions/3.11/lib/python3.11/site-packages/airflow/example_dags/example_datasets.py took 1.165 seconds
[2023-06-16T13:43:30.732+0700] {processor.py:157} INFO - Started process (PID=11554) to work on /Library/Frameworks/Python.framework/Versions/3.11/lib/python3.11/site-packages/airflow/example_dags/example_datasets.py
[2023-06-16T13:43:30.734+0700] {processor.py:826} INFO - Processing file /Library/Frameworks/Python.framework/Versions/3.11/lib/python3.11/site-packages/airflow/example_dags/example_datasets.py for tasks to queue
[2023-06-16T13:43:30.735+0700] {logging_mixin.py:149} INFO - [2023-06-16T13:43:30.735+0700] {dagbag.py:541} INFO - Filling up the DagBag from /Library/Frameworks/Python.framework/Versions/3.11/lib/python3.11/site-packages/airflow/example_dags/example_datasets.py
[2023-06-16T13:43:30.765+0700] {processor.py:836} INFO - DAG(s) dict_keys(['dataset_produces_1', 'dataset_consumes_1_never_scheduled', 'dataset_produces_2', 'dataset_consumes_1', 'dataset_consumes_1_and_2', 'dataset_consumes_unknown_never_scheduled']) retrieved from /Library/Frameworks/Python.framework/Versions/3.11/lib/python3.11/site-packages/airflow/example_dags/example_datasets.py
[2023-06-16T13:43:32.030+0700] {logging_mixin.py:149} INFO - [2023-06-16T13:43:32.030+0700] {dag.py:2726} INFO - Sync 6 DAGs
[2023-06-16T13:43:32.052+0700] {logging_mixin.py:149} INFO - [2023-06-16T13:43:32.052+0700] {dag.py:3486} INFO - Setting next_dagrun for dataset_consumes_1 to None, run_after=None
[2023-06-16T13:43:32.054+0700] {logging_mixin.py:149} INFO - [2023-06-16T13:43:32.054+0700] {dag.py:3486} INFO - Setting next_dagrun for dataset_consumes_1_and_2 to None, run_after=None
[2023-06-16T13:43:32.055+0700] {logging_mixin.py:149} INFO - [2023-06-16T13:43:32.055+0700] {dag.py:3486} INFO - Setting next_dagrun for dataset_consumes_1_never_scheduled to None, run_after=None
[2023-06-16T13:43:32.056+0700] {logging_mixin.py:149} INFO - [2023-06-16T13:43:32.056+0700] {dag.py:3486} INFO - Setting next_dagrun for dataset_consumes_unknown_never_scheduled to None, run_after=None
[2023-06-16T13:43:32.061+0700] {logging_mixin.py:149} INFO - [2023-06-16T13:43:32.060+0700] {dag.py:3486} INFO - Setting next_dagrun for dataset_produces_1 to 2023-06-15T00:00:00+00:00, run_after=2023-06-16T00:00:00+00:00
[2023-06-16T13:43:32.062+0700] {logging_mixin.py:149} INFO - [2023-06-16T13:43:32.062+0700] {dag.py:3486} INFO - Setting next_dagrun for dataset_produces_2 to None, run_after=None
[2023-06-16T13:43:32.105+0700] {processor.py:179} INFO - Processing /Library/Frameworks/Python.framework/Versions/3.11/lib/python3.11/site-packages/airflow/example_dags/example_datasets.py took 1.374 seconds
[2023-06-16T13:48:45.798+0700] {processor.py:157} INFO - Started process (PID=12165) to work on /Library/Frameworks/Python.framework/Versions/3.11/lib/python3.11/site-packages/airflow/example_dags/example_datasets.py
[2023-06-16T13:48:45.800+0700] {processor.py:826} INFO - Processing file /Library/Frameworks/Python.framework/Versions/3.11/lib/python3.11/site-packages/airflow/example_dags/example_datasets.py for tasks to queue
[2023-06-16T13:48:45.801+0700] {logging_mixin.py:149} INFO - [2023-06-16T13:48:45.801+0700] {dagbag.py:541} INFO - Filling up the DagBag from /Library/Frameworks/Python.framework/Versions/3.11/lib/python3.11/site-packages/airflow/example_dags/example_datasets.py
[2023-06-16T13:48:45.824+0700] {processor.py:836} INFO - DAG(s) dict_keys(['dataset_produces_2', 'dataset_produces_1', 'dataset_consumes_1', 'dataset_consumes_unknown_never_scheduled', 'dataset_consumes_1_never_scheduled', 'dataset_consumes_1_and_2']) retrieved from /Library/Frameworks/Python.framework/Versions/3.11/lib/python3.11/site-packages/airflow/example_dags/example_datasets.py
[2023-06-16T13:48:47.055+0700] {logging_mixin.py:149} INFO - [2023-06-16T13:48:47.054+0700] {dag.py:2726} INFO - Sync 6 DAGs
[2023-06-16T13:48:47.075+0700] {logging_mixin.py:149} INFO - [2023-06-16T13:48:47.075+0700] {dag.py:3486} INFO - Setting next_dagrun for dataset_consumes_1 to None, run_after=None
[2023-06-16T13:48:47.079+0700] {logging_mixin.py:149} INFO - [2023-06-16T13:48:47.079+0700] {dag.py:3486} INFO - Setting next_dagrun for dataset_consumes_1_and_2 to None, run_after=None
[2023-06-16T13:48:47.080+0700] {logging_mixin.py:149} INFO - [2023-06-16T13:48:47.080+0700] {dag.py:3486} INFO - Setting next_dagrun for dataset_consumes_1_never_scheduled to None, run_after=None
[2023-06-16T13:48:47.081+0700] {logging_mixin.py:149} INFO - [2023-06-16T13:48:47.080+0700] {dag.py:3486} INFO - Setting next_dagrun for dataset_consumes_unknown_never_scheduled to None, run_after=None
[2023-06-16T13:48:47.083+0700] {logging_mixin.py:149} INFO - [2023-06-16T13:48:47.083+0700] {dag.py:3486} INFO - Setting next_dagrun for dataset_produces_1 to 2023-06-15T00:00:00+00:00, run_after=2023-06-16T00:00:00+00:00
[2023-06-16T13:48:47.084+0700] {logging_mixin.py:149} INFO - [2023-06-16T13:48:47.084+0700] {dag.py:3486} INFO - Setting next_dagrun for dataset_produces_2 to None, run_after=None
[2023-06-16T13:48:47.119+0700] {processor.py:179} INFO - Processing /Library/Frameworks/Python.framework/Versions/3.11/lib/python3.11/site-packages/airflow/example_dags/example_datasets.py took 1.322 seconds
[2023-06-16T13:55:42.935+0700] {processor.py:157} INFO - Started process (PID=12974) to work on /Library/Frameworks/Python.framework/Versions/3.11/lib/python3.11/site-packages/airflow/example_dags/example_datasets.py
[2023-06-16T13:55:42.936+0700] {processor.py:826} INFO - Processing file /Library/Frameworks/Python.framework/Versions/3.11/lib/python3.11/site-packages/airflow/example_dags/example_datasets.py for tasks to queue
[2023-06-16T13:55:42.937+0700] {logging_mixin.py:149} INFO - [2023-06-16T13:55:42.937+0700] {dagbag.py:541} INFO - Filling up the DagBag from /Library/Frameworks/Python.framework/Versions/3.11/lib/python3.11/site-packages/airflow/example_dags/example_datasets.py
[2023-06-16T13:55:42.974+0700] {processor.py:836} INFO - DAG(s) dict_keys(['dataset_produces_2', 'dataset_consumes_1_and_2', 'dataset_consumes_1', 'dataset_consumes_unknown_never_scheduled', 'dataset_consumes_1_never_scheduled', 'dataset_produces_1']) retrieved from /Library/Frameworks/Python.framework/Versions/3.11/lib/python3.11/site-packages/airflow/example_dags/example_datasets.py
[2023-06-16T13:55:44.372+0700] {logging_mixin.py:149} INFO - [2023-06-16T13:55:44.372+0700] {dag.py:2726} INFO - Sync 6 DAGs
[2023-06-16T13:55:44.391+0700] {logging_mixin.py:149} INFO - [2023-06-16T13:55:44.391+0700] {dag.py:3486} INFO - Setting next_dagrun for dataset_consumes_1 to None, run_after=None
[2023-06-16T13:55:44.393+0700] {logging_mixin.py:149} INFO - [2023-06-16T13:55:44.393+0700] {dag.py:3486} INFO - Setting next_dagrun for dataset_consumes_1_and_2 to None, run_after=None
[2023-06-16T13:55:44.394+0700] {logging_mixin.py:149} INFO - [2023-06-16T13:55:44.394+0700] {dag.py:3486} INFO - Setting next_dagrun for dataset_consumes_1_never_scheduled to None, run_after=None
[2023-06-16T13:55:44.395+0700] {logging_mixin.py:149} INFO - [2023-06-16T13:55:44.395+0700] {dag.py:3486} INFO - Setting next_dagrun for dataset_consumes_unknown_never_scheduled to None, run_after=None
[2023-06-16T13:55:44.399+0700] {logging_mixin.py:149} INFO - [2023-06-16T13:55:44.399+0700] {dag.py:3486} INFO - Setting next_dagrun for dataset_produces_1 to 2023-06-15T00:00:00+00:00, run_after=2023-06-16T00:00:00+00:00
[2023-06-16T13:55:44.400+0700] {logging_mixin.py:149} INFO - [2023-06-16T13:55:44.400+0700] {dag.py:3486} INFO - Setting next_dagrun for dataset_produces_2 to None, run_after=None
[2023-06-16T13:55:44.433+0700] {processor.py:179} INFO - Processing /Library/Frameworks/Python.framework/Versions/3.11/lib/python3.11/site-packages/airflow/example_dags/example_datasets.py took 1.500 seconds
[2023-06-16T13:58:37.246+0700] {processor.py:157} INFO - Started process (PID=13336) to work on /Library/Frameworks/Python.framework/Versions/3.11/lib/python3.11/site-packages/airflow/example_dags/example_datasets.py
[2023-06-16T13:58:37.247+0700] {processor.py:826} INFO - Processing file /Library/Frameworks/Python.framework/Versions/3.11/lib/python3.11/site-packages/airflow/example_dags/example_datasets.py for tasks to queue
[2023-06-16T13:58:37.247+0700] {logging_mixin.py:149} INFO - [2023-06-16T13:58:37.247+0700] {dagbag.py:541} INFO - Filling up the DagBag from /Library/Frameworks/Python.framework/Versions/3.11/lib/python3.11/site-packages/airflow/example_dags/example_datasets.py
[2023-06-16T13:58:37.279+0700] {processor.py:836} INFO - DAG(s) dict_keys(['dataset_produces_1', 'dataset_consumes_1_and_2', 'dataset_consumes_1_never_scheduled', 'dataset_consumes_1', 'dataset_consumes_unknown_never_scheduled', 'dataset_produces_2']) retrieved from /Library/Frameworks/Python.framework/Versions/3.11/lib/python3.11/site-packages/airflow/example_dags/example_datasets.py
[2023-06-16T13:58:38.765+0700] {logging_mixin.py:149} INFO - [2023-06-16T13:58:38.764+0700] {dag.py:2726} INFO - Sync 6 DAGs
[2023-06-16T13:58:38.788+0700] {logging_mixin.py:149} INFO - [2023-06-16T13:58:38.788+0700] {dag.py:3486} INFO - Setting next_dagrun for dataset_consumes_1 to None, run_after=None
[2023-06-16T13:58:38.792+0700] {logging_mixin.py:149} INFO - [2023-06-16T13:58:38.792+0700] {dag.py:3486} INFO - Setting next_dagrun for dataset_consumes_1_and_2 to None, run_after=None
[2023-06-16T13:58:38.793+0700] {logging_mixin.py:149} INFO - [2023-06-16T13:58:38.793+0700] {dag.py:3486} INFO - Setting next_dagrun for dataset_consumes_1_never_scheduled to None, run_after=None
[2023-06-16T13:58:38.794+0700] {logging_mixin.py:149} INFO - [2023-06-16T13:58:38.794+0700] {dag.py:3486} INFO - Setting next_dagrun for dataset_consumes_unknown_never_scheduled to None, run_after=None
[2023-06-16T13:58:38.798+0700] {logging_mixin.py:149} INFO - [2023-06-16T13:58:38.797+0700] {dag.py:3486} INFO - Setting next_dagrun for dataset_produces_1 to 2023-06-15T00:00:00+00:00, run_after=2023-06-16T00:00:00+00:00
[2023-06-16T13:58:38.799+0700] {logging_mixin.py:149} INFO - [2023-06-16T13:58:38.799+0700] {dag.py:3486} INFO - Setting next_dagrun for dataset_produces_2 to None, run_after=None
[2023-06-16T13:58:38.834+0700] {processor.py:179} INFO - Processing /Library/Frameworks/Python.framework/Versions/3.11/lib/python3.11/site-packages/airflow/example_dags/example_datasets.py took 1.589 seconds
[2023-06-16T14:03:34.101+0700] {processor.py:157} INFO - Started process (PID=13961) to work on /Library/Frameworks/Python.framework/Versions/3.11/lib/python3.11/site-packages/airflow/example_dags/example_datasets.py
[2023-06-16T14:03:34.102+0700] {processor.py:826} INFO - Processing file /Library/Frameworks/Python.framework/Versions/3.11/lib/python3.11/site-packages/airflow/example_dags/example_datasets.py for tasks to queue
[2023-06-16T14:03:34.102+0700] {logging_mixin.py:149} INFO - [2023-06-16T14:03:34.102+0700] {dagbag.py:541} INFO - Filling up the DagBag from /Library/Frameworks/Python.framework/Versions/3.11/lib/python3.11/site-packages/airflow/example_dags/example_datasets.py
[2023-06-16T14:03:34.125+0700] {processor.py:836} INFO - DAG(s) dict_keys(['dataset_produces_1', 'dataset_consumes_unknown_never_scheduled', 'dataset_consumes_1_and_2', 'dataset_consumes_1_never_scheduled', 'dataset_produces_2', 'dataset_consumes_1']) retrieved from /Library/Frameworks/Python.framework/Versions/3.11/lib/python3.11/site-packages/airflow/example_dags/example_datasets.py
[2023-06-16T14:03:35.186+0700] {logging_mixin.py:149} INFO - [2023-06-16T14:03:35.185+0700] {dag.py:2726} INFO - Sync 6 DAGs
[2023-06-16T14:03:35.207+0700] {logging_mixin.py:149} INFO - [2023-06-16T14:03:35.207+0700] {dag.py:3486} INFO - Setting next_dagrun for dataset_consumes_1 to None, run_after=None
[2023-06-16T14:03:35.210+0700] {logging_mixin.py:149} INFO - [2023-06-16T14:03:35.210+0700] {dag.py:3486} INFO - Setting next_dagrun for dataset_consumes_1_and_2 to None, run_after=None
[2023-06-16T14:03:35.211+0700] {logging_mixin.py:149} INFO - [2023-06-16T14:03:35.211+0700] {dag.py:3486} INFO - Setting next_dagrun for dataset_consumes_1_never_scheduled to None, run_after=None
[2023-06-16T14:03:35.212+0700] {logging_mixin.py:149} INFO - [2023-06-16T14:03:35.212+0700] {dag.py:3486} INFO - Setting next_dagrun for dataset_consumes_unknown_never_scheduled to None, run_after=None
[2023-06-16T14:03:35.215+0700] {logging_mixin.py:149} INFO - [2023-06-16T14:03:35.215+0700] {dag.py:3486} INFO - Setting next_dagrun for dataset_produces_1 to 2023-06-15T00:00:00+00:00, run_after=2023-06-16T00:00:00+00:00
[2023-06-16T14:03:35.216+0700] {logging_mixin.py:149} INFO - [2023-06-16T14:03:35.216+0700] {dag.py:3486} INFO - Setting next_dagrun for dataset_produces_2 to None, run_after=None
[2023-06-16T14:03:35.243+0700] {processor.py:179} INFO - Processing /Library/Frameworks/Python.framework/Versions/3.11/lib/python3.11/site-packages/airflow/example_dags/example_datasets.py took 1.143 seconds
[2023-06-16T14:08:58.048+0700] {processor.py:157} INFO - Started process (PID=14843) to work on /Library/Frameworks/Python.framework/Versions/3.11/lib/python3.11/site-packages/airflow/example_dags/example_datasets.py
[2023-06-16T14:08:58.050+0700] {processor.py:826} INFO - Processing file /Library/Frameworks/Python.framework/Versions/3.11/lib/python3.11/site-packages/airflow/example_dags/example_datasets.py for tasks to queue
[2023-06-16T14:08:58.052+0700] {logging_mixin.py:149} INFO - [2023-06-16T14:08:58.051+0700] {dagbag.py:541} INFO - Filling up the DagBag from /Library/Frameworks/Python.framework/Versions/3.11/lib/python3.11/site-packages/airflow/example_dags/example_datasets.py
[2023-06-16T14:08:58.099+0700] {processor.py:836} INFO - DAG(s) dict_keys(['dataset_consumes_1', 'dataset_produces_2', 'dataset_consumes_unknown_never_scheduled', 'dataset_produces_1', 'dataset_consumes_1_and_2', 'dataset_consumes_1_never_scheduled']) retrieved from /Library/Frameworks/Python.framework/Versions/3.11/lib/python3.11/site-packages/airflow/example_dags/example_datasets.py
[2023-06-16T14:08:59.562+0700] {logging_mixin.py:149} INFO - [2023-06-16T14:08:59.562+0700] {dag.py:2726} INFO - Sync 6 DAGs
[2023-06-16T14:08:59.586+0700] {logging_mixin.py:149} INFO - [2023-06-16T14:08:59.585+0700] {dag.py:3486} INFO - Setting next_dagrun for dataset_consumes_1 to None, run_after=None
[2023-06-16T14:08:59.589+0700] {logging_mixin.py:149} INFO - [2023-06-16T14:08:59.589+0700] {dag.py:3486} INFO - Setting next_dagrun for dataset_consumes_1_and_2 to None, run_after=None
[2023-06-16T14:08:59.590+0700] {logging_mixin.py:149} INFO - [2023-06-16T14:08:59.590+0700] {dag.py:3486} INFO - Setting next_dagrun for dataset_consumes_1_never_scheduled to None, run_after=None
[2023-06-16T14:08:59.591+0700] {logging_mixin.py:149} INFO - [2023-06-16T14:08:59.591+0700] {dag.py:3486} INFO - Setting next_dagrun for dataset_consumes_unknown_never_scheduled to None, run_after=None
[2023-06-16T14:08:59.593+0700] {logging_mixin.py:149} INFO - [2023-06-16T14:08:59.593+0700] {dag.py:3486} INFO - Setting next_dagrun for dataset_produces_1 to 2023-06-15T00:00:00+00:00, run_after=2023-06-16T00:00:00+00:00
[2023-06-16T14:08:59.594+0700] {logging_mixin.py:149} INFO - [2023-06-16T14:08:59.594+0700] {dag.py:3486} INFO - Setting next_dagrun for dataset_produces_2 to None, run_after=None
[2023-06-16T14:08:59.628+0700] {processor.py:179} INFO - Processing /Library/Frameworks/Python.framework/Versions/3.11/lib/python3.11/site-packages/airflow/example_dags/example_datasets.py took 1.581 seconds
