[2023-06-16T18:46:32.099+0000] {processor.py:157} INFO - Started process (PID=259) to work on /home/airflow/.local/lib/python3.7/site-packages/airflow/example_dags/example_latest_only_with_trigger.py
[2023-06-16T18:46:32.103+0000] {processor.py:826} INFO - Processing file /home/airflow/.local/lib/python3.7/site-packages/airflow/example_dags/example_latest_only_with_trigger.py for tasks to queue
[2023-06-16T18:46:32.107+0000] {logging_mixin.py:149} INFO - [2023-06-16T18:46:32.107+0000] {dagbag.py:541} INFO - Filling up the DagBag from /home/airflow/.local/lib/python3.7/site-packages/airflow/example_dags/example_latest_only_with_trigger.py
[2023-06-16T18:46:32.126+0000] {processor.py:836} INFO - DAG(s) dict_keys(['latest_only_with_trigger']) retrieved from /home/airflow/.local/lib/python3.7/site-packages/airflow/example_dags/example_latest_only_with_trigger.py
[2023-06-16T18:46:32.196+0000] {logging_mixin.py:149} INFO - [2023-06-16T18:46:32.196+0000] {dag.py:2726} INFO - Sync 1 DAGs
[2023-06-16T18:46:32.262+0000] {logging_mixin.py:149} INFO - [2023-06-16T18:46:32.262+0000] {dag.py:3490} INFO - Setting next_dagrun for latest_only_with_trigger to 2023-06-16T14:46:32.261671+00:00, run_after=2023-06-16T18:46:32.261671+00:00
[2023-06-16T18:46:32.313+0000] {processor.py:179} INFO - Processing /home/airflow/.local/lib/python3.7/site-packages/airflow/example_dags/example_latest_only_with_trigger.py took 0.223 seconds
[2023-06-16T18:47:02.687+0000] {processor.py:157} INFO - Started process (PID=316) to work on /home/airflow/.local/lib/python3.7/site-packages/airflow/example_dags/example_latest_only_with_trigger.py
[2023-06-16T18:47:02.691+0000] {processor.py:826} INFO - Processing file /home/airflow/.local/lib/python3.7/site-packages/airflow/example_dags/example_latest_only_with_trigger.py for tasks to queue
[2023-06-16T18:47:02.694+0000] {logging_mixin.py:149} INFO - [2023-06-16T18:47:02.694+0000] {dagbag.py:541} INFO - Filling up the DagBag from /home/airflow/.local/lib/python3.7/site-packages/airflow/example_dags/example_latest_only_with_trigger.py
[2023-06-16T18:47:02.709+0000] {processor.py:836} INFO - DAG(s) dict_keys(['latest_only_with_trigger']) retrieved from /home/airflow/.local/lib/python3.7/site-packages/airflow/example_dags/example_latest_only_with_trigger.py
[2023-06-16T18:47:02.763+0000] {logging_mixin.py:149} INFO - [2023-06-16T18:47:02.762+0000] {dag.py:2726} INFO - Sync 1 DAGs
[2023-06-16T18:47:02.818+0000] {logging_mixin.py:149} INFO - [2023-06-16T18:47:02.818+0000] {dag.py:3490} INFO - Setting next_dagrun for latest_only_with_trigger to 2023-06-16T14:47:02.817944+00:00, run_after=2023-06-16T18:47:02.817944+00:00
[2023-06-16T18:47:02.866+0000] {processor.py:179} INFO - Processing /home/airflow/.local/lib/python3.7/site-packages/airflow/example_dags/example_latest_only_with_trigger.py took 0.189 seconds
[2023-06-16T18:47:33.780+0000] {processor.py:157} INFO - Started process (PID=373) to work on /home/airflow/.local/lib/python3.7/site-packages/airflow/example_dags/example_latest_only_with_trigger.py
[2023-06-16T18:47:33.785+0000] {processor.py:826} INFO - Processing file /home/airflow/.local/lib/python3.7/site-packages/airflow/example_dags/example_latest_only_with_trigger.py for tasks to queue
[2023-06-16T18:47:33.789+0000] {logging_mixin.py:149} INFO - [2023-06-16T18:47:33.788+0000] {dagbag.py:541} INFO - Filling up the DagBag from /home/airflow/.local/lib/python3.7/site-packages/airflow/example_dags/example_latest_only_with_trigger.py
[2023-06-16T18:47:33.805+0000] {processor.py:836} INFO - DAG(s) dict_keys(['latest_only_with_trigger']) retrieved from /home/airflow/.local/lib/python3.7/site-packages/airflow/example_dags/example_latest_only_with_trigger.py
[2023-06-16T18:47:33.854+0000] {logging_mixin.py:149} INFO - [2023-06-16T18:47:33.854+0000] {dag.py:2726} INFO - Sync 1 DAGs
[2023-06-16T18:47:33.920+0000] {logging_mixin.py:149} INFO - [2023-06-16T18:47:33.919+0000] {dag.py:3490} INFO - Setting next_dagrun for latest_only_with_trigger to 2023-06-16T14:47:33.919194+00:00, run_after=2023-06-16T18:47:33.919194+00:00
[2023-06-16T18:47:33.971+0000] {processor.py:179} INFO - Processing /home/airflow/.local/lib/python3.7/site-packages/airflow/example_dags/example_latest_only_with_trigger.py took 0.200 seconds
[2023-06-16T18:48:04.352+0000] {processor.py:157} INFO - Started process (PID=430) to work on /home/airflow/.local/lib/python3.7/site-packages/airflow/example_dags/example_latest_only_with_trigger.py
[2023-06-16T18:48:04.356+0000] {processor.py:826} INFO - Processing file /home/airflow/.local/lib/python3.7/site-packages/airflow/example_dags/example_latest_only_with_trigger.py for tasks to queue
[2023-06-16T18:48:04.360+0000] {logging_mixin.py:149} INFO - [2023-06-16T18:48:04.359+0000] {dagbag.py:541} INFO - Filling up the DagBag from /home/airflow/.local/lib/python3.7/site-packages/airflow/example_dags/example_latest_only_with_trigger.py
[2023-06-16T18:48:04.376+0000] {processor.py:836} INFO - DAG(s) dict_keys(['latest_only_with_trigger']) retrieved from /home/airflow/.local/lib/python3.7/site-packages/airflow/example_dags/example_latest_only_with_trigger.py
[2023-06-16T18:48:04.433+0000] {logging_mixin.py:149} INFO - [2023-06-16T18:48:04.432+0000] {dag.py:2726} INFO - Sync 1 DAGs
[2023-06-16T18:48:04.499+0000] {logging_mixin.py:149} INFO - [2023-06-16T18:48:04.498+0000] {dag.py:3490} INFO - Setting next_dagrun for latest_only_with_trigger to 2023-06-16T14:48:04.498006+00:00, run_after=2023-06-16T18:48:04.498006+00:00
[2023-06-16T18:48:04.550+0000] {processor.py:179} INFO - Processing /home/airflow/.local/lib/python3.7/site-packages/airflow/example_dags/example_latest_only_with_trigger.py took 0.208 seconds
[2023-06-16T18:48:35.030+0000] {processor.py:157} INFO - Started process (PID=487) to work on /home/airflow/.local/lib/python3.7/site-packages/airflow/example_dags/example_latest_only_with_trigger.py
[2023-06-16T18:48:35.034+0000] {processor.py:826} INFO - Processing file /home/airflow/.local/lib/python3.7/site-packages/airflow/example_dags/example_latest_only_with_trigger.py for tasks to queue
[2023-06-16T18:48:35.037+0000] {logging_mixin.py:149} INFO - [2023-06-16T18:48:35.037+0000] {dagbag.py:541} INFO - Filling up the DagBag from /home/airflow/.local/lib/python3.7/site-packages/airflow/example_dags/example_latest_only_with_trigger.py
[2023-06-16T18:48:35.054+0000] {processor.py:836} INFO - DAG(s) dict_keys(['latest_only_with_trigger']) retrieved from /home/airflow/.local/lib/python3.7/site-packages/airflow/example_dags/example_latest_only_with_trigger.py
[2023-06-16T18:48:35.112+0000] {logging_mixin.py:149} INFO - [2023-06-16T18:48:35.112+0000] {dag.py:2726} INFO - Sync 1 DAGs
[2023-06-16T18:48:35.169+0000] {logging_mixin.py:149} INFO - [2023-06-16T18:48:35.169+0000] {dag.py:3490} INFO - Setting next_dagrun for latest_only_with_trigger to 2023-06-16T14:48:35.168704+00:00, run_after=2023-06-16T18:48:35.168704+00:00
[2023-06-16T18:48:35.219+0000] {processor.py:179} INFO - Processing /home/airflow/.local/lib/python3.7/site-packages/airflow/example_dags/example_latest_only_with_trigger.py took 0.206 seconds
[2023-06-16T18:49:05.587+0000] {processor.py:157} INFO - Started process (PID=544) to work on /home/airflow/.local/lib/python3.7/site-packages/airflow/example_dags/example_latest_only_with_trigger.py
[2023-06-16T18:49:05.591+0000] {processor.py:826} INFO - Processing file /home/airflow/.local/lib/python3.7/site-packages/airflow/example_dags/example_latest_only_with_trigger.py for tasks to queue
[2023-06-16T18:49:05.595+0000] {logging_mixin.py:149} INFO - [2023-06-16T18:49:05.595+0000] {dagbag.py:541} INFO - Filling up the DagBag from /home/airflow/.local/lib/python3.7/site-packages/airflow/example_dags/example_latest_only_with_trigger.py
[2023-06-16T18:49:05.610+0000] {processor.py:836} INFO - DAG(s) dict_keys(['latest_only_with_trigger']) retrieved from /home/airflow/.local/lib/python3.7/site-packages/airflow/example_dags/example_latest_only_with_trigger.py
[2023-06-16T18:49:05.675+0000] {logging_mixin.py:149} INFO - [2023-06-16T18:49:05.674+0000] {dag.py:2726} INFO - Sync 1 DAGs
[2023-06-16T18:49:05.731+0000] {logging_mixin.py:149} INFO - [2023-06-16T18:49:05.731+0000] {dag.py:3490} INFO - Setting next_dagrun for latest_only_with_trigger to 2023-06-16T14:49:05.730534+00:00, run_after=2023-06-16T18:49:05.730534+00:00
[2023-06-16T18:49:05.781+0000] {processor.py:179} INFO - Processing /home/airflow/.local/lib/python3.7/site-packages/airflow/example_dags/example_latest_only_with_trigger.py took 0.206 seconds
[2023-06-16T18:49:36.101+0000] {processor.py:157} INFO - Started process (PID=601) to work on /home/airflow/.local/lib/python3.7/site-packages/airflow/example_dags/example_latest_only_with_trigger.py
[2023-06-16T18:49:36.105+0000] {processor.py:826} INFO - Processing file /home/airflow/.local/lib/python3.7/site-packages/airflow/example_dags/example_latest_only_with_trigger.py for tasks to queue
[2023-06-16T18:49:36.110+0000] {logging_mixin.py:149} INFO - [2023-06-16T18:49:36.109+0000] {dagbag.py:541} INFO - Filling up the DagBag from /home/airflow/.local/lib/python3.7/site-packages/airflow/example_dags/example_latest_only_with_trigger.py
[2023-06-16T18:49:36.133+0000] {processor.py:836} INFO - DAG(s) dict_keys(['latest_only_with_trigger']) retrieved from /home/airflow/.local/lib/python3.7/site-packages/airflow/example_dags/example_latest_only_with_trigger.py
[2023-06-16T18:49:36.244+0000] {logging_mixin.py:149} INFO - [2023-06-16T18:49:36.243+0000] {dag.py:2726} INFO - Sync 1 DAGs
[2023-06-16T18:49:36.355+0000] {logging_mixin.py:149} INFO - [2023-06-16T18:49:36.355+0000] {dag.py:3490} INFO - Setting next_dagrun for latest_only_with_trigger to 2023-06-16T14:49:36.354618+00:00, run_after=2023-06-16T18:49:36.354618+00:00
[2023-06-16T18:49:36.472+0000] {processor.py:179} INFO - Processing /home/airflow/.local/lib/python3.7/site-packages/airflow/example_dags/example_latest_only_with_trigger.py took 0.381 seconds
[2023-06-16T18:50:07.066+0000] {processor.py:157} INFO - Started process (PID=657) to work on /home/airflow/.local/lib/python3.7/site-packages/airflow/example_dags/example_latest_only_with_trigger.py
[2023-06-16T18:50:07.070+0000] {processor.py:826} INFO - Processing file /home/airflow/.local/lib/python3.7/site-packages/airflow/example_dags/example_latest_only_with_trigger.py for tasks to queue
[2023-06-16T18:50:07.074+0000] {logging_mixin.py:149} INFO - [2023-06-16T18:50:07.074+0000] {dagbag.py:541} INFO - Filling up the DagBag from /home/airflow/.local/lib/python3.7/site-packages/airflow/example_dags/example_latest_only_with_trigger.py
[2023-06-16T18:50:07.098+0000] {processor.py:836} INFO - DAG(s) dict_keys(['latest_only_with_trigger']) retrieved from /home/airflow/.local/lib/python3.7/site-packages/airflow/example_dags/example_latest_only_with_trigger.py
[2023-06-16T18:50:07.157+0000] {logging_mixin.py:149} INFO - [2023-06-16T18:50:07.156+0000] {dag.py:2726} INFO - Sync 1 DAGs
[2023-06-16T18:50:07.231+0000] {logging_mixin.py:149} INFO - [2023-06-16T18:50:07.231+0000] {dag.py:3490} INFO - Setting next_dagrun for latest_only_with_trigger to 2023-06-16T14:50:07.231019+00:00, run_after=2023-06-16T18:50:07.231019+00:00
[2023-06-16T18:50:07.290+0000] {processor.py:179} INFO - Processing /home/airflow/.local/lib/python3.7/site-packages/airflow/example_dags/example_latest_only_with_trigger.py took 0.232 seconds
[2023-06-16T18:50:37.617+0000] {processor.py:157} INFO - Started process (PID=714) to work on /home/airflow/.local/lib/python3.7/site-packages/airflow/example_dags/example_latest_only_with_trigger.py
[2023-06-16T18:50:37.622+0000] {processor.py:826} INFO - Processing file /home/airflow/.local/lib/python3.7/site-packages/airflow/example_dags/example_latest_only_with_trigger.py for tasks to queue
[2023-06-16T18:50:37.625+0000] {logging_mixin.py:149} INFO - [2023-06-16T18:50:37.625+0000] {dagbag.py:541} INFO - Filling up the DagBag from /home/airflow/.local/lib/python3.7/site-packages/airflow/example_dags/example_latest_only_with_trigger.py
[2023-06-16T18:50:37.644+0000] {processor.py:836} INFO - DAG(s) dict_keys(['latest_only_with_trigger']) retrieved from /home/airflow/.local/lib/python3.7/site-packages/airflow/example_dags/example_latest_only_with_trigger.py
[2023-06-16T18:50:37.707+0000] {logging_mixin.py:149} INFO - [2023-06-16T18:50:37.706+0000] {dag.py:2726} INFO - Sync 1 DAGs
[2023-06-16T18:50:37.765+0000] {logging_mixin.py:149} INFO - [2023-06-16T18:50:37.765+0000] {dag.py:3490} INFO - Setting next_dagrun for latest_only_with_trigger to 2023-06-16T14:50:37.764514+00:00, run_after=2023-06-16T18:50:37.764514+00:00
[2023-06-16T18:50:37.831+0000] {processor.py:179} INFO - Processing /home/airflow/.local/lib/python3.7/site-packages/airflow/example_dags/example_latest_only_with_trigger.py took 0.225 seconds
[2023-06-16T18:51:08.238+0000] {processor.py:157} INFO - Started process (PID=772) to work on /home/airflow/.local/lib/python3.7/site-packages/airflow/example_dags/example_latest_only_with_trigger.py
[2023-06-16T18:51:08.242+0000] {processor.py:826} INFO - Processing file /home/airflow/.local/lib/python3.7/site-packages/airflow/example_dags/example_latest_only_with_trigger.py for tasks to queue
[2023-06-16T18:51:08.245+0000] {logging_mixin.py:149} INFO - [2023-06-16T18:51:08.245+0000] {dagbag.py:541} INFO - Filling up the DagBag from /home/airflow/.local/lib/python3.7/site-packages/airflow/example_dags/example_latest_only_with_trigger.py
[2023-06-16T18:51:08.260+0000] {processor.py:836} INFO - DAG(s) dict_keys(['latest_only_with_trigger']) retrieved from /home/airflow/.local/lib/python3.7/site-packages/airflow/example_dags/example_latest_only_with_trigger.py
[2023-06-16T18:51:08.309+0000] {logging_mixin.py:149} INFO - [2023-06-16T18:51:08.309+0000] {dag.py:2726} INFO - Sync 1 DAGs
[2023-06-16T18:51:08.363+0000] {logging_mixin.py:149} INFO - [2023-06-16T18:51:08.363+0000] {dag.py:3490} INFO - Setting next_dagrun for latest_only_with_trigger to 2023-06-16T14:51:08.362449+00:00, run_after=2023-06-16T18:51:08.362449+00:00
[2023-06-16T18:51:08.402+0000] {processor.py:179} INFO - Processing /home/airflow/.local/lib/python3.7/site-packages/airflow/example_dags/example_latest_only_with_trigger.py took 0.173 seconds
[2023-06-16T18:51:39.012+0000] {processor.py:157} INFO - Started process (PID=829) to work on /home/airflow/.local/lib/python3.7/site-packages/airflow/example_dags/example_latest_only_with_trigger.py
[2023-06-16T18:51:39.017+0000] {processor.py:826} INFO - Processing file /home/airflow/.local/lib/python3.7/site-packages/airflow/example_dags/example_latest_only_with_trigger.py for tasks to queue
[2023-06-16T18:51:39.021+0000] {logging_mixin.py:149} INFO - [2023-06-16T18:51:39.021+0000] {dagbag.py:541} INFO - Filling up the DagBag from /home/airflow/.local/lib/python3.7/site-packages/airflow/example_dags/example_latest_only_with_trigger.py
[2023-06-16T18:51:39.043+0000] {processor.py:836} INFO - DAG(s) dict_keys(['latest_only_with_trigger']) retrieved from /home/airflow/.local/lib/python3.7/site-packages/airflow/example_dags/example_latest_only_with_trigger.py
[2023-06-16T18:51:39.103+0000] {logging_mixin.py:149} INFO - [2023-06-16T18:51:39.103+0000] {dag.py:2726} INFO - Sync 1 DAGs
[2023-06-16T18:51:39.166+0000] {logging_mixin.py:149} INFO - [2023-06-16T18:51:39.166+0000] {dag.py:3490} INFO - Setting next_dagrun for latest_only_with_trigger to 2023-06-16T14:51:39.165840+00:00, run_after=2023-06-16T18:51:39.165840+00:00
[2023-06-16T18:51:39.222+0000] {processor.py:179} INFO - Processing /home/airflow/.local/lib/python3.7/site-packages/airflow/example_dags/example_latest_only_with_trigger.py took 0.220 seconds
[2023-06-16T18:52:09.526+0000] {processor.py:157} INFO - Started process (PID=887) to work on /home/airflow/.local/lib/python3.7/site-packages/airflow/example_dags/example_latest_only_with_trigger.py
[2023-06-16T18:52:09.537+0000] {processor.py:826} INFO - Processing file /home/airflow/.local/lib/python3.7/site-packages/airflow/example_dags/example_latest_only_with_trigger.py for tasks to queue
[2023-06-16T18:52:09.564+0000] {logging_mixin.py:149} INFO - [2023-06-16T18:52:09.564+0000] {dagbag.py:541} INFO - Filling up the DagBag from /home/airflow/.local/lib/python3.7/site-packages/airflow/example_dags/example_latest_only_with_trigger.py
[2023-06-16T18:52:09.665+0000] {processor.py:836} INFO - DAG(s) dict_keys(['latest_only_with_trigger']) retrieved from /home/airflow/.local/lib/python3.7/site-packages/airflow/example_dags/example_latest_only_with_trigger.py
[2023-06-16T18:52:09.787+0000] {logging_mixin.py:149} INFO - [2023-06-16T18:52:09.785+0000] {dag.py:2726} INFO - Sync 1 DAGs
[2023-06-16T18:52:09.875+0000] {logging_mixin.py:149} INFO - [2023-06-16T18:52:09.874+0000] {dag.py:3490} INFO - Setting next_dagrun for latest_only_with_trigger to 2023-06-16T14:52:09.874484+00:00, run_after=2023-06-16T18:52:09.874484+00:00
[2023-06-16T18:52:09.939+0000] {processor.py:179} INFO - Processing /home/airflow/.local/lib/python3.7/site-packages/airflow/example_dags/example_latest_only_with_trigger.py took 0.442 seconds
[2023-06-16T18:52:40.267+0000] {processor.py:157} INFO - Started process (PID=944) to work on /home/airflow/.local/lib/python3.7/site-packages/airflow/example_dags/example_latest_only_with_trigger.py
[2023-06-16T18:52:40.272+0000] {processor.py:826} INFO - Processing file /home/airflow/.local/lib/python3.7/site-packages/airflow/example_dags/example_latest_only_with_trigger.py for tasks to queue
[2023-06-16T18:52:40.277+0000] {logging_mixin.py:149} INFO - [2023-06-16T18:52:40.277+0000] {dagbag.py:541} INFO - Filling up the DagBag from /home/airflow/.local/lib/python3.7/site-packages/airflow/example_dags/example_latest_only_with_trigger.py
[2023-06-16T18:52:40.299+0000] {processor.py:836} INFO - DAG(s) dict_keys(['latest_only_with_trigger']) retrieved from /home/airflow/.local/lib/python3.7/site-packages/airflow/example_dags/example_latest_only_with_trigger.py
[2023-06-16T18:52:40.373+0000] {logging_mixin.py:149} INFO - [2023-06-16T18:52:40.372+0000] {dag.py:2726} INFO - Sync 1 DAGs
[2023-06-16T18:52:40.464+0000] {logging_mixin.py:149} INFO - [2023-06-16T18:52:40.464+0000] {dag.py:3490} INFO - Setting next_dagrun for latest_only_with_trigger to 2023-06-16T14:52:40.464014+00:00, run_after=2023-06-16T18:52:40.464014+00:00
[2023-06-16T18:52:40.575+0000] {processor.py:179} INFO - Processing /home/airflow/.local/lib/python3.7/site-packages/airflow/example_dags/example_latest_only_with_trigger.py took 0.320 seconds
[2023-06-16T18:53:11.136+0000] {processor.py:157} INFO - Started process (PID=1002) to work on /home/airflow/.local/lib/python3.7/site-packages/airflow/example_dags/example_latest_only_with_trigger.py
[2023-06-16T18:53:11.139+0000] {processor.py:826} INFO - Processing file /home/airflow/.local/lib/python3.7/site-packages/airflow/example_dags/example_latest_only_with_trigger.py for tasks to queue
[2023-06-16T18:53:11.143+0000] {logging_mixin.py:149} INFO - [2023-06-16T18:53:11.143+0000] {dagbag.py:541} INFO - Filling up the DagBag from /home/airflow/.local/lib/python3.7/site-packages/airflow/example_dags/example_latest_only_with_trigger.py
[2023-06-16T18:53:11.160+0000] {processor.py:836} INFO - DAG(s) dict_keys(['latest_only_with_trigger']) retrieved from /home/airflow/.local/lib/python3.7/site-packages/airflow/example_dags/example_latest_only_with_trigger.py
[2023-06-16T18:53:11.213+0000] {logging_mixin.py:149} INFO - [2023-06-16T18:53:11.213+0000] {dag.py:2726} INFO - Sync 1 DAGs
[2023-06-16T18:53:11.275+0000] {logging_mixin.py:149} INFO - [2023-06-16T18:53:11.275+0000] {dag.py:3490} INFO - Setting next_dagrun for latest_only_with_trigger to 2023-06-16T14:53:11.274718+00:00, run_after=2023-06-16T18:53:11.274718+00:00
[2023-06-16T18:53:11.319+0000] {processor.py:179} INFO - Processing /home/airflow/.local/lib/python3.7/site-packages/airflow/example_dags/example_latest_only_with_trigger.py took 0.193 seconds
[2023-06-16T18:53:41.431+0000] {processor.py:157} INFO - Started process (PID=1060) to work on /home/airflow/.local/lib/python3.7/site-packages/airflow/example_dags/example_latest_only_with_trigger.py
[2023-06-16T18:53:41.437+0000] {processor.py:826} INFO - Processing file /home/airflow/.local/lib/python3.7/site-packages/airflow/example_dags/example_latest_only_with_trigger.py for tasks to queue
[2023-06-16T18:53:41.444+0000] {logging_mixin.py:149} INFO - [2023-06-16T18:53:41.444+0000] {dagbag.py:541} INFO - Filling up the DagBag from /home/airflow/.local/lib/python3.7/site-packages/airflow/example_dags/example_latest_only_with_trigger.py
[2023-06-16T18:53:41.467+0000] {processor.py:836} INFO - DAG(s) dict_keys(['latest_only_with_trigger']) retrieved from /home/airflow/.local/lib/python3.7/site-packages/airflow/example_dags/example_latest_only_with_trigger.py
[2023-06-16T18:53:41.555+0000] {logging_mixin.py:149} INFO - [2023-06-16T18:53:41.555+0000] {dag.py:2726} INFO - Sync 1 DAGs
[2023-06-16T18:53:41.640+0000] {logging_mixin.py:149} INFO - [2023-06-16T18:53:41.639+0000] {dag.py:3490} INFO - Setting next_dagrun for latest_only_with_trigger to 2023-06-16T14:53:41.639420+00:00, run_after=2023-06-16T18:53:41.639420+00:00
[2023-06-16T18:53:41.690+0000] {processor.py:179} INFO - Processing /home/airflow/.local/lib/python3.7/site-packages/airflow/example_dags/example_latest_only_with_trigger.py took 0.273 seconds
[2023-06-16T18:54:11.865+0000] {processor.py:157} INFO - Started process (PID=1117) to work on /home/airflow/.local/lib/python3.7/site-packages/airflow/example_dags/example_latest_only_with_trigger.py
[2023-06-16T18:54:11.870+0000] {processor.py:826} INFO - Processing file /home/airflow/.local/lib/python3.7/site-packages/airflow/example_dags/example_latest_only_with_trigger.py for tasks to queue
[2023-06-16T18:54:11.873+0000] {logging_mixin.py:149} INFO - [2023-06-16T18:54:11.873+0000] {dagbag.py:541} INFO - Filling up the DagBag from /home/airflow/.local/lib/python3.7/site-packages/airflow/example_dags/example_latest_only_with_trigger.py
[2023-06-16T18:54:11.892+0000] {processor.py:836} INFO - DAG(s) dict_keys(['latest_only_with_trigger']) retrieved from /home/airflow/.local/lib/python3.7/site-packages/airflow/example_dags/example_latest_only_with_trigger.py
[2023-06-16T18:54:11.945+0000] {logging_mixin.py:149} INFO - [2023-06-16T18:54:11.945+0000] {dag.py:2726} INFO - Sync 1 DAGs
[2023-06-16T18:54:11.994+0000] {logging_mixin.py:149} INFO - [2023-06-16T18:54:11.994+0000] {dag.py:3490} INFO - Setting next_dagrun for latest_only_with_trigger to 2023-06-16T14:54:11.993770+00:00, run_after=2023-06-16T18:54:11.993770+00:00
[2023-06-16T18:54:12.039+0000] {processor.py:179} INFO - Processing /home/airflow/.local/lib/python3.7/site-packages/airflow/example_dags/example_latest_only_with_trigger.py took 0.183 seconds
[2023-06-16T18:54:42.129+0000] {processor.py:157} INFO - Started process (PID=1174) to work on /home/airflow/.local/lib/python3.7/site-packages/airflow/example_dags/example_latest_only_with_trigger.py
[2023-06-16T18:54:42.134+0000] {processor.py:826} INFO - Processing file /home/airflow/.local/lib/python3.7/site-packages/airflow/example_dags/example_latest_only_with_trigger.py for tasks to queue
[2023-06-16T18:54:42.139+0000] {logging_mixin.py:149} INFO - [2023-06-16T18:54:42.138+0000] {dagbag.py:541} INFO - Filling up the DagBag from /home/airflow/.local/lib/python3.7/site-packages/airflow/example_dags/example_latest_only_with_trigger.py
[2023-06-16T18:54:42.159+0000] {processor.py:836} INFO - DAG(s) dict_keys(['latest_only_with_trigger']) retrieved from /home/airflow/.local/lib/python3.7/site-packages/airflow/example_dags/example_latest_only_with_trigger.py
[2023-06-16T18:54:42.238+0000] {logging_mixin.py:149} INFO - [2023-06-16T18:54:42.238+0000] {dag.py:2726} INFO - Sync 1 DAGs
[2023-06-16T18:54:42.320+0000] {logging_mixin.py:149} INFO - [2023-06-16T18:54:42.320+0000] {dag.py:3490} INFO - Setting next_dagrun for latest_only_with_trigger to 2023-06-16T14:54:42.319649+00:00, run_after=2023-06-16T18:54:42.319649+00:00
[2023-06-16T18:54:42.404+0000] {processor.py:179} INFO - Processing /home/airflow/.local/lib/python3.7/site-packages/airflow/example_dags/example_latest_only_with_trigger.py took 0.285 seconds
[2023-06-16T18:55:12.633+0000] {processor.py:157} INFO - Started process (PID=1233) to work on /home/airflow/.local/lib/python3.7/site-packages/airflow/example_dags/example_latest_only_with_trigger.py
[2023-06-16T18:55:12.636+0000] {processor.py:826} INFO - Processing file /home/airflow/.local/lib/python3.7/site-packages/airflow/example_dags/example_latest_only_with_trigger.py for tasks to queue
[2023-06-16T18:55:12.642+0000] {logging_mixin.py:149} INFO - [2023-06-16T18:55:12.641+0000] {dagbag.py:541} INFO - Filling up the DagBag from /home/airflow/.local/lib/python3.7/site-packages/airflow/example_dags/example_latest_only_with_trigger.py
[2023-06-16T18:55:12.659+0000] {processor.py:836} INFO - DAG(s) dict_keys(['latest_only_with_trigger']) retrieved from /home/airflow/.local/lib/python3.7/site-packages/airflow/example_dags/example_latest_only_with_trigger.py
[2023-06-16T18:55:12.722+0000] {logging_mixin.py:149} INFO - [2023-06-16T18:55:12.721+0000] {dag.py:2726} INFO - Sync 1 DAGs
[2023-06-16T18:55:12.786+0000] {logging_mixin.py:149} INFO - [2023-06-16T18:55:12.786+0000] {dag.py:3490} INFO - Setting next_dagrun for latest_only_with_trigger to 2023-06-16T14:55:12.785812+00:00, run_after=2023-06-16T18:55:12.785812+00:00
[2023-06-16T18:55:12.838+0000] {processor.py:179} INFO - Processing /home/airflow/.local/lib/python3.7/site-packages/airflow/example_dags/example_latest_only_with_trigger.py took 0.214 seconds
