[2023-06-16T18:46:43.624+0000] {processor.py:157} INFO - Started process (PID=302) to work on /home/airflow/.local/lib/python3.7/site-packages/airflow/example_dags/example_short_circuit_decorator.py
[2023-06-16T18:46:43.630+0000] {processor.py:826} INFO - Processing file /home/airflow/.local/lib/python3.7/site-packages/airflow/example_dags/example_short_circuit_decorator.py for tasks to queue
[2023-06-16T18:46:43.637+0000] {logging_mixin.py:149} INFO - [2023-06-16T18:46:43.637+0000] {dagbag.py:541} INFO - Filling up the DagBag from /home/airflow/.local/lib/python3.7/site-packages/airflow/example_dags/example_short_circuit_decorator.py
[2023-06-16T18:46:43.687+0000] {processor.py:836} INFO - DAG(s) dict_keys(['example_short_circuit_decorator']) retrieved from /home/airflow/.local/lib/python3.7/site-packages/airflow/example_dags/example_short_circuit_decorator.py
[2023-06-16T18:46:43.798+0000] {logging_mixin.py:149} INFO - [2023-06-16T18:46:43.798+0000] {dag.py:2726} INFO - Sync 1 DAGs
[2023-06-16T18:46:43.877+0000] {logging_mixin.py:149} INFO - [2023-06-16T18:46:43.876+0000] {dag.py:3490} INFO - Setting next_dagrun for example_short_circuit_decorator to 2023-06-15T18:46:43.876381+00:00, run_after=2023-06-16T18:46:43.876381+00:00
[2023-06-16T18:46:43.951+0000] {processor.py:179} INFO - Processing /home/airflow/.local/lib/python3.7/site-packages/airflow/example_dags/example_short_circuit_decorator.py took 0.339 seconds
[2023-06-16T18:47:14.334+0000] {processor.py:157} INFO - Started process (PID=359) to work on /home/airflow/.local/lib/python3.7/site-packages/airflow/example_dags/example_short_circuit_decorator.py
[2023-06-16T18:47:14.339+0000] {processor.py:826} INFO - Processing file /home/airflow/.local/lib/python3.7/site-packages/airflow/example_dags/example_short_circuit_decorator.py for tasks to queue
[2023-06-16T18:47:14.344+0000] {logging_mixin.py:149} INFO - [2023-06-16T18:47:14.343+0000] {dagbag.py:541} INFO - Filling up the DagBag from /home/airflow/.local/lib/python3.7/site-packages/airflow/example_dags/example_short_circuit_decorator.py
[2023-06-16T18:47:14.426+0000] {processor.py:836} INFO - DAG(s) dict_keys(['example_short_circuit_decorator']) retrieved from /home/airflow/.local/lib/python3.7/site-packages/airflow/example_dags/example_short_circuit_decorator.py
[2023-06-16T18:47:14.555+0000] {logging_mixin.py:149} INFO - [2023-06-16T18:47:14.554+0000] {dag.py:2726} INFO - Sync 1 DAGs
[2023-06-16T18:47:14.641+0000] {logging_mixin.py:149} INFO - [2023-06-16T18:47:14.640+0000] {dag.py:3490} INFO - Setting next_dagrun for example_short_circuit_decorator to 2023-06-15T18:47:14.639783+00:00, run_after=2023-06-16T18:47:14.639783+00:00
[2023-06-16T18:47:14.720+0000] {processor.py:179} INFO - Processing /home/airflow/.local/lib/python3.7/site-packages/airflow/example_dags/example_short_circuit_decorator.py took 0.398 seconds
[2023-06-16T18:47:44.903+0000] {processor.py:157} INFO - Started process (PID=416) to work on /home/airflow/.local/lib/python3.7/site-packages/airflow/example_dags/example_short_circuit_decorator.py
[2023-06-16T18:47:44.908+0000] {processor.py:826} INFO - Processing file /home/airflow/.local/lib/python3.7/site-packages/airflow/example_dags/example_short_circuit_decorator.py for tasks to queue
[2023-06-16T18:47:44.911+0000] {logging_mixin.py:149} INFO - [2023-06-16T18:47:44.910+0000] {dagbag.py:541} INFO - Filling up the DagBag from /home/airflow/.local/lib/python3.7/site-packages/airflow/example_dags/example_short_circuit_decorator.py
[2023-06-16T18:47:44.937+0000] {processor.py:836} INFO - DAG(s) dict_keys(['example_short_circuit_decorator']) retrieved from /home/airflow/.local/lib/python3.7/site-packages/airflow/example_dags/example_short_circuit_decorator.py
[2023-06-16T18:47:45.013+0000] {logging_mixin.py:149} INFO - [2023-06-16T18:47:45.012+0000] {dag.py:2726} INFO - Sync 1 DAGs
[2023-06-16T18:47:45.076+0000] {logging_mixin.py:149} INFO - [2023-06-16T18:47:45.076+0000] {dag.py:3490} INFO - Setting next_dagrun for example_short_circuit_decorator to 2023-06-15T18:47:45.075707+00:00, run_after=2023-06-16T18:47:45.075707+00:00
[2023-06-16T18:47:45.124+0000] {processor.py:179} INFO - Processing /home/airflow/.local/lib/python3.7/site-packages/airflow/example_dags/example_short_circuit_decorator.py took 0.229 seconds
[2023-06-16T18:48:15.524+0000] {processor.py:157} INFO - Started process (PID=473) to work on /home/airflow/.local/lib/python3.7/site-packages/airflow/example_dags/example_short_circuit_decorator.py
[2023-06-16T18:48:15.528+0000] {processor.py:826} INFO - Processing file /home/airflow/.local/lib/python3.7/site-packages/airflow/example_dags/example_short_circuit_decorator.py for tasks to queue
[2023-06-16T18:48:15.531+0000] {logging_mixin.py:149} INFO - [2023-06-16T18:48:15.531+0000] {dagbag.py:541} INFO - Filling up the DagBag from /home/airflow/.local/lib/python3.7/site-packages/airflow/example_dags/example_short_circuit_decorator.py
[2023-06-16T18:48:15.556+0000] {processor.py:836} INFO - DAG(s) dict_keys(['example_short_circuit_decorator']) retrieved from /home/airflow/.local/lib/python3.7/site-packages/airflow/example_dags/example_short_circuit_decorator.py
[2023-06-16T18:48:15.621+0000] {logging_mixin.py:149} INFO - [2023-06-16T18:48:15.621+0000] {dag.py:2726} INFO - Sync 1 DAGs
[2023-06-16T18:48:15.685+0000] {logging_mixin.py:149} INFO - [2023-06-16T18:48:15.684+0000] {dag.py:3490} INFO - Setting next_dagrun for example_short_circuit_decorator to 2023-06-15T18:48:15.684402+00:00, run_after=2023-06-16T18:48:15.684402+00:00
[2023-06-16T18:48:15.729+0000] {processor.py:179} INFO - Processing /home/airflow/.local/lib/python3.7/site-packages/airflow/example_dags/example_short_circuit_decorator.py took 0.213 seconds
[2023-06-16T18:48:46.003+0000] {processor.py:157} INFO - Started process (PID=530) to work on /home/airflow/.local/lib/python3.7/site-packages/airflow/example_dags/example_short_circuit_decorator.py
[2023-06-16T18:48:46.007+0000] {processor.py:826} INFO - Processing file /home/airflow/.local/lib/python3.7/site-packages/airflow/example_dags/example_short_circuit_decorator.py for tasks to queue
[2023-06-16T18:48:46.010+0000] {logging_mixin.py:149} INFO - [2023-06-16T18:48:46.010+0000] {dagbag.py:541} INFO - Filling up the DagBag from /home/airflow/.local/lib/python3.7/site-packages/airflow/example_dags/example_short_circuit_decorator.py
[2023-06-16T18:48:46.036+0000] {processor.py:836} INFO - DAG(s) dict_keys(['example_short_circuit_decorator']) retrieved from /home/airflow/.local/lib/python3.7/site-packages/airflow/example_dags/example_short_circuit_decorator.py
[2023-06-16T18:48:46.103+0000] {logging_mixin.py:149} INFO - [2023-06-16T18:48:46.102+0000] {dag.py:2726} INFO - Sync 1 DAGs
[2023-06-16T18:48:46.165+0000] {logging_mixin.py:149} INFO - [2023-06-16T18:48:46.164+0000] {dag.py:3490} INFO - Setting next_dagrun for example_short_circuit_decorator to 2023-06-15T18:48:46.164528+00:00, run_after=2023-06-16T18:48:46.164528+00:00
[2023-06-16T18:48:46.209+0000] {processor.py:179} INFO - Processing /home/airflow/.local/lib/python3.7/site-packages/airflow/example_dags/example_short_circuit_decorator.py took 0.216 seconds
[2023-06-16T18:49:16.809+0000] {processor.py:157} INFO - Started process (PID=587) to work on /home/airflow/.local/lib/python3.7/site-packages/airflow/example_dags/example_short_circuit_decorator.py
[2023-06-16T18:49:16.814+0000] {processor.py:826} INFO - Processing file /home/airflow/.local/lib/python3.7/site-packages/airflow/example_dags/example_short_circuit_decorator.py for tasks to queue
[2023-06-16T18:49:16.819+0000] {logging_mixin.py:149} INFO - [2023-06-16T18:49:16.819+0000] {dagbag.py:541} INFO - Filling up the DagBag from /home/airflow/.local/lib/python3.7/site-packages/airflow/example_dags/example_short_circuit_decorator.py
[2023-06-16T18:49:16.847+0000] {processor.py:836} INFO - DAG(s) dict_keys(['example_short_circuit_decorator']) retrieved from /home/airflow/.local/lib/python3.7/site-packages/airflow/example_dags/example_short_circuit_decorator.py
[2023-06-16T18:49:16.931+0000] {logging_mixin.py:149} INFO - [2023-06-16T18:49:16.931+0000] {dag.py:2726} INFO - Sync 1 DAGs
[2023-06-16T18:49:17.006+0000] {logging_mixin.py:149} INFO - [2023-06-16T18:49:17.005+0000] {dag.py:3490} INFO - Setting next_dagrun for example_short_circuit_decorator to 2023-06-15T18:49:17.003944+00:00, run_after=2023-06-16T18:49:17.003944+00:00
[2023-06-16T18:49:17.060+0000] {processor.py:179} INFO - Processing /home/airflow/.local/lib/python3.7/site-packages/airflow/example_dags/example_short_circuit_decorator.py took 0.261 seconds
[2023-06-16T18:49:48.720+0000] {processor.py:157} INFO - Started process (PID=643) to work on /home/airflow/.local/lib/python3.7/site-packages/airflow/example_dags/example_short_circuit_decorator.py
[2023-06-16T18:49:48.724+0000] {processor.py:826} INFO - Processing file /home/airflow/.local/lib/python3.7/site-packages/airflow/example_dags/example_short_circuit_decorator.py for tasks to queue
[2023-06-16T18:49:48.729+0000] {logging_mixin.py:149} INFO - [2023-06-16T18:49:48.728+0000] {dagbag.py:541} INFO - Filling up the DagBag from /home/airflow/.local/lib/python3.7/site-packages/airflow/example_dags/example_short_circuit_decorator.py
[2023-06-16T18:49:48.754+0000] {processor.py:836} INFO - DAG(s) dict_keys(['example_short_circuit_decorator']) retrieved from /home/airflow/.local/lib/python3.7/site-packages/airflow/example_dags/example_short_circuit_decorator.py
[2023-06-16T18:49:48.827+0000] {logging_mixin.py:149} INFO - [2023-06-16T18:49:48.827+0000] {dag.py:2726} INFO - Sync 1 DAGs
[2023-06-16T18:49:49.017+0000] {logging_mixin.py:149} INFO - [2023-06-16T18:49:49.016+0000] {dag.py:3490} INFO - Setting next_dagrun for example_short_circuit_decorator to 2023-06-15T18:49:49.016241+00:00, run_after=2023-06-16T18:49:49.016241+00:00
[2023-06-16T18:49:49.087+0000] {processor.py:179} INFO - Processing /home/airflow/.local/lib/python3.7/site-packages/airflow/example_dags/example_short_circuit_decorator.py took 0.375 seconds
[2023-06-16T18:50:19.296+0000] {processor.py:157} INFO - Started process (PID=700) to work on /home/airflow/.local/lib/python3.7/site-packages/airflow/example_dags/example_short_circuit_decorator.py
[2023-06-16T18:50:19.300+0000] {processor.py:826} INFO - Processing file /home/airflow/.local/lib/python3.7/site-packages/airflow/example_dags/example_short_circuit_decorator.py for tasks to queue
[2023-06-16T18:50:19.304+0000] {logging_mixin.py:149} INFO - [2023-06-16T18:50:19.303+0000] {dagbag.py:541} INFO - Filling up the DagBag from /home/airflow/.local/lib/python3.7/site-packages/airflow/example_dags/example_short_circuit_decorator.py
[2023-06-16T18:50:19.329+0000] {processor.py:836} INFO - DAG(s) dict_keys(['example_short_circuit_decorator']) retrieved from /home/airflow/.local/lib/python3.7/site-packages/airflow/example_dags/example_short_circuit_decorator.py
[2023-06-16T18:50:19.383+0000] {logging_mixin.py:149} INFO - [2023-06-16T18:50:19.383+0000] {dag.py:2726} INFO - Sync 1 DAGs
[2023-06-16T18:50:19.434+0000] {logging_mixin.py:149} INFO - [2023-06-16T18:50:19.434+0000] {dag.py:3490} INFO - Setting next_dagrun for example_short_circuit_decorator to 2023-06-15T18:50:19.433973+00:00, run_after=2023-06-16T18:50:19.433973+00:00
[2023-06-16T18:50:19.471+0000] {processor.py:179} INFO - Processing /home/airflow/.local/lib/python3.7/site-packages/airflow/example_dags/example_short_circuit_decorator.py took 0.186 seconds
[2023-06-16T18:50:49.683+0000] {processor.py:157} INFO - Started process (PID=758) to work on /home/airflow/.local/lib/python3.7/site-packages/airflow/example_dags/example_short_circuit_decorator.py
[2023-06-16T18:50:49.687+0000] {processor.py:826} INFO - Processing file /home/airflow/.local/lib/python3.7/site-packages/airflow/example_dags/example_short_circuit_decorator.py for tasks to queue
[2023-06-16T18:50:49.691+0000] {logging_mixin.py:149} INFO - [2023-06-16T18:50:49.691+0000] {dagbag.py:541} INFO - Filling up the DagBag from /home/airflow/.local/lib/python3.7/site-packages/airflow/example_dags/example_short_circuit_decorator.py
[2023-06-16T18:50:49.717+0000] {processor.py:836} INFO - DAG(s) dict_keys(['example_short_circuit_decorator']) retrieved from /home/airflow/.local/lib/python3.7/site-packages/airflow/example_dags/example_short_circuit_decorator.py
[2023-06-16T18:50:49.783+0000] {logging_mixin.py:149} INFO - [2023-06-16T18:50:49.783+0000] {dag.py:2726} INFO - Sync 1 DAGs
[2023-06-16T18:50:49.849+0000] {logging_mixin.py:149} INFO - [2023-06-16T18:50:49.848+0000] {dag.py:3490} INFO - Setting next_dagrun for example_short_circuit_decorator to 2023-06-15T18:50:49.848331+00:00, run_after=2023-06-16T18:50:49.848331+00:00
[2023-06-16T18:50:49.894+0000] {processor.py:179} INFO - Processing /home/airflow/.local/lib/python3.7/site-packages/airflow/example_dags/example_short_circuit_decorator.py took 0.220 seconds
[2023-06-16T18:51:20.019+0000] {processor.py:157} INFO - Started process (PID=815) to work on /home/airflow/.local/lib/python3.7/site-packages/airflow/example_dags/example_short_circuit_decorator.py
[2023-06-16T18:51:20.023+0000] {processor.py:826} INFO - Processing file /home/airflow/.local/lib/python3.7/site-packages/airflow/example_dags/example_short_circuit_decorator.py for tasks to queue
[2023-06-16T18:51:20.028+0000] {logging_mixin.py:149} INFO - [2023-06-16T18:51:20.027+0000] {dagbag.py:541} INFO - Filling up the DagBag from /home/airflow/.local/lib/python3.7/site-packages/airflow/example_dags/example_short_circuit_decorator.py
[2023-06-16T18:51:20.055+0000] {processor.py:836} INFO - DAG(s) dict_keys(['example_short_circuit_decorator']) retrieved from /home/airflow/.local/lib/python3.7/site-packages/airflow/example_dags/example_short_circuit_decorator.py
[2023-06-16T18:51:20.127+0000] {logging_mixin.py:149} INFO - [2023-06-16T18:51:20.126+0000] {dag.py:2726} INFO - Sync 1 DAGs
[2023-06-16T18:51:20.181+0000] {logging_mixin.py:149} INFO - [2023-06-16T18:51:20.181+0000] {dag.py:3490} INFO - Setting next_dagrun for example_short_circuit_decorator to 2023-06-15T18:51:20.180896+00:00, run_after=2023-06-16T18:51:20.180896+00:00
[2023-06-16T18:51:20.223+0000] {processor.py:179} INFO - Processing /home/airflow/.local/lib/python3.7/site-packages/airflow/example_dags/example_short_circuit_decorator.py took 0.214 seconds
[2023-06-16T18:51:51.624+0000] {processor.py:157} INFO - Started process (PID=873) to work on /home/airflow/.local/lib/python3.7/site-packages/airflow/example_dags/example_short_circuit_decorator.py
[2023-06-16T18:51:51.637+0000] {processor.py:826} INFO - Processing file /home/airflow/.local/lib/python3.7/site-packages/airflow/example_dags/example_short_circuit_decorator.py for tasks to queue
[2023-06-16T18:51:51.660+0000] {logging_mixin.py:149} INFO - [2023-06-16T18:51:51.659+0000] {dagbag.py:541} INFO - Filling up the DagBag from /home/airflow/.local/lib/python3.7/site-packages/airflow/example_dags/example_short_circuit_decorator.py
[2023-06-16T18:51:51.714+0000] {processor.py:836} INFO - DAG(s) dict_keys(['example_short_circuit_decorator']) retrieved from /home/airflow/.local/lib/python3.7/site-packages/airflow/example_dags/example_short_circuit_decorator.py
[2023-06-16T18:51:51.859+0000] {logging_mixin.py:149} INFO - [2023-06-16T18:51:51.858+0000] {dag.py:2726} INFO - Sync 1 DAGs
[2023-06-16T18:51:51.992+0000] {logging_mixin.py:149} INFO - [2023-06-16T18:51:51.991+0000] {dag.py:3490} INFO - Setting next_dagrun for example_short_circuit_decorator to 2023-06-15T18:51:51.990978+00:00, run_after=2023-06-16T18:51:51.990978+00:00
[2023-06-16T18:51:52.061+0000] {processor.py:179} INFO - Processing /home/airflow/.local/lib/python3.7/site-packages/airflow/example_dags/example_short_circuit_decorator.py took 0.468 seconds
[2023-06-16T18:52:22.423+0000] {processor.py:157} INFO - Started process (PID=930) to work on /home/airflow/.local/lib/python3.7/site-packages/airflow/example_dags/example_short_circuit_decorator.py
[2023-06-16T18:52:22.427+0000] {processor.py:826} INFO - Processing file /home/airflow/.local/lib/python3.7/site-packages/airflow/example_dags/example_short_circuit_decorator.py for tasks to queue
[2023-06-16T18:52:22.432+0000] {logging_mixin.py:149} INFO - [2023-06-16T18:52:22.431+0000] {dagbag.py:541} INFO - Filling up the DagBag from /home/airflow/.local/lib/python3.7/site-packages/airflow/example_dags/example_short_circuit_decorator.py
[2023-06-16T18:52:22.470+0000] {processor.py:836} INFO - DAG(s) dict_keys(['example_short_circuit_decorator']) retrieved from /home/airflow/.local/lib/python3.7/site-packages/airflow/example_dags/example_short_circuit_decorator.py
[2023-06-16T18:52:22.559+0000] {logging_mixin.py:149} INFO - [2023-06-16T18:52:22.559+0000] {dag.py:2726} INFO - Sync 1 DAGs
[2023-06-16T18:52:22.626+0000] {logging_mixin.py:149} INFO - [2023-06-16T18:52:22.625+0000] {dag.py:3490} INFO - Setting next_dagrun for example_short_circuit_decorator to 2023-06-15T18:52:22.625374+00:00, run_after=2023-06-16T18:52:22.625374+00:00
[2023-06-16T18:52:22.710+0000] {processor.py:179} INFO - Processing /home/airflow/.local/lib/python3.7/site-packages/airflow/example_dags/example_short_circuit_decorator.py took 0.295 seconds
[2023-06-16T18:52:55.017+0000] {processor.py:157} INFO - Started process (PID=988) to work on /home/airflow/.local/lib/python3.7/site-packages/airflow/example_dags/example_short_circuit_decorator.py
[2023-06-16T18:52:55.024+0000] {processor.py:826} INFO - Processing file /home/airflow/.local/lib/python3.7/site-packages/airflow/example_dags/example_short_circuit_decorator.py for tasks to queue
[2023-06-16T18:52:55.030+0000] {logging_mixin.py:149} INFO - [2023-06-16T18:52:55.029+0000] {dagbag.py:541} INFO - Filling up the DagBag from /home/airflow/.local/lib/python3.7/site-packages/airflow/example_dags/example_short_circuit_decorator.py
[2023-06-16T18:52:55.059+0000] {processor.py:836} INFO - DAG(s) dict_keys(['example_short_circuit_decorator']) retrieved from /home/airflow/.local/lib/python3.7/site-packages/airflow/example_dags/example_short_circuit_decorator.py
[2023-06-16T18:52:55.137+0000] {logging_mixin.py:149} INFO - [2023-06-16T18:52:55.137+0000] {dag.py:2726} INFO - Sync 1 DAGs
[2023-06-16T18:52:55.202+0000] {logging_mixin.py:149} INFO - [2023-06-16T18:52:55.202+0000] {dag.py:3490} INFO - Setting next_dagrun for example_short_circuit_decorator to 2023-06-15T18:52:55.201796+00:00, run_after=2023-06-16T18:52:55.201796+00:00
[2023-06-16T18:52:55.262+0000] {processor.py:179} INFO - Processing /home/airflow/.local/lib/python3.7/site-packages/airflow/example_dags/example_short_circuit_decorator.py took 0.254 seconds
[2023-06-16T18:53:26.075+0000] {processor.py:157} INFO - Started process (PID=1046) to work on /home/airflow/.local/lib/python3.7/site-packages/airflow/example_dags/example_short_circuit_decorator.py
[2023-06-16T18:53:26.081+0000] {processor.py:826} INFO - Processing file /home/airflow/.local/lib/python3.7/site-packages/airflow/example_dags/example_short_circuit_decorator.py for tasks to queue
[2023-06-16T18:53:26.103+0000] {logging_mixin.py:149} INFO - [2023-06-16T18:53:26.103+0000] {dagbag.py:541} INFO - Filling up the DagBag from /home/airflow/.local/lib/python3.7/site-packages/airflow/example_dags/example_short_circuit_decorator.py
[2023-06-16T18:53:26.130+0000] {processor.py:836} INFO - DAG(s) dict_keys(['example_short_circuit_decorator']) retrieved from /home/airflow/.local/lib/python3.7/site-packages/airflow/example_dags/example_short_circuit_decorator.py
[2023-06-16T18:53:26.232+0000] {logging_mixin.py:149} INFO - [2023-06-16T18:53:26.232+0000] {dag.py:2726} INFO - Sync 1 DAGs
[2023-06-16T18:53:26.303+0000] {logging_mixin.py:149} INFO - [2023-06-16T18:53:26.302+0000] {dag.py:3490} INFO - Setting next_dagrun for example_short_circuit_decorator to 2023-06-15T18:53:26.301873+00:00, run_after=2023-06-16T18:53:26.301873+00:00
[2023-06-16T18:53:26.350+0000] {processor.py:179} INFO - Processing /home/airflow/.local/lib/python3.7/site-packages/airflow/example_dags/example_short_circuit_decorator.py took 0.283 seconds
[2023-06-16T18:53:56.602+0000] {processor.py:157} INFO - Started process (PID=1103) to work on /home/airflow/.local/lib/python3.7/site-packages/airflow/example_dags/example_short_circuit_decorator.py
[2023-06-16T18:53:56.606+0000] {processor.py:826} INFO - Processing file /home/airflow/.local/lib/python3.7/site-packages/airflow/example_dags/example_short_circuit_decorator.py for tasks to queue
[2023-06-16T18:53:56.613+0000] {logging_mixin.py:149} INFO - [2023-06-16T18:53:56.613+0000] {dagbag.py:541} INFO - Filling up the DagBag from /home/airflow/.local/lib/python3.7/site-packages/airflow/example_dags/example_short_circuit_decorator.py
[2023-06-16T18:53:56.643+0000] {processor.py:836} INFO - DAG(s) dict_keys(['example_short_circuit_decorator']) retrieved from /home/airflow/.local/lib/python3.7/site-packages/airflow/example_dags/example_short_circuit_decorator.py
[2023-06-16T18:53:56.724+0000] {logging_mixin.py:149} INFO - [2023-06-16T18:53:56.723+0000] {dag.py:2726} INFO - Sync 1 DAGs
[2023-06-16T18:53:56.802+0000] {logging_mixin.py:149} INFO - [2023-06-16T18:53:56.801+0000] {dag.py:3490} INFO - Setting next_dagrun for example_short_circuit_decorator to 2023-06-15T18:53:56.800819+00:00, run_after=2023-06-16T18:53:56.800819+00:00
[2023-06-16T18:53:56.855+0000] {processor.py:179} INFO - Processing /home/airflow/.local/lib/python3.7/site-packages/airflow/example_dags/example_short_circuit_decorator.py took 0.263 seconds
[2023-06-16T18:54:27.782+0000] {processor.py:157} INFO - Started process (PID=1160) to work on /home/airflow/.local/lib/python3.7/site-packages/airflow/example_dags/example_short_circuit_decorator.py
[2023-06-16T18:54:27.801+0000] {processor.py:826} INFO - Processing file /home/airflow/.local/lib/python3.7/site-packages/airflow/example_dags/example_short_circuit_decorator.py for tasks to queue
[2023-06-16T18:54:27.805+0000] {logging_mixin.py:149} INFO - [2023-06-16T18:54:27.804+0000] {dagbag.py:541} INFO - Filling up the DagBag from /home/airflow/.local/lib/python3.7/site-packages/airflow/example_dags/example_short_circuit_decorator.py
[2023-06-16T18:54:27.841+0000] {processor.py:836} INFO - DAG(s) dict_keys(['example_short_circuit_decorator']) retrieved from /home/airflow/.local/lib/python3.7/site-packages/airflow/example_dags/example_short_circuit_decorator.py
[2023-06-16T18:54:27.920+0000] {logging_mixin.py:149} INFO - [2023-06-16T18:54:27.920+0000] {dag.py:2726} INFO - Sync 1 DAGs
[2023-06-16T18:54:27.993+0000] {logging_mixin.py:149} INFO - [2023-06-16T18:54:27.992+0000] {dag.py:3490} INFO - Setting next_dagrun for example_short_circuit_decorator to 2023-06-15T18:54:27.992403+00:00, run_after=2023-06-16T18:54:27.992403+00:00
[2023-06-16T18:54:28.038+0000] {processor.py:179} INFO - Processing /home/airflow/.local/lib/python3.7/site-packages/airflow/example_dags/example_short_circuit_decorator.py took 0.269 seconds
[2023-06-16T18:54:59.101+0000] {processor.py:157} INFO - Started process (PID=1219) to work on /home/airflow/.local/lib/python3.7/site-packages/airflow/example_dags/example_short_circuit_decorator.py
[2023-06-16T18:54:59.109+0000] {processor.py:826} INFO - Processing file /home/airflow/.local/lib/python3.7/site-packages/airflow/example_dags/example_short_circuit_decorator.py for tasks to queue
[2023-06-16T18:54:59.114+0000] {logging_mixin.py:149} INFO - [2023-06-16T18:54:59.114+0000] {dagbag.py:541} INFO - Filling up the DagBag from /home/airflow/.local/lib/python3.7/site-packages/airflow/example_dags/example_short_circuit_decorator.py
[2023-06-16T18:54:59.149+0000] {processor.py:836} INFO - DAG(s) dict_keys(['example_short_circuit_decorator']) retrieved from /home/airflow/.local/lib/python3.7/site-packages/airflow/example_dags/example_short_circuit_decorator.py
[2023-06-16T18:54:59.249+0000] {logging_mixin.py:149} INFO - [2023-06-16T18:54:59.249+0000] {dag.py:2726} INFO - Sync 1 DAGs
[2023-06-16T18:54:59.305+0000] {logging_mixin.py:149} INFO - [2023-06-16T18:54:59.305+0000] {dag.py:3490} INFO - Setting next_dagrun for example_short_circuit_decorator to 2023-06-15T18:54:59.304453+00:00, run_after=2023-06-16T18:54:59.304453+00:00
[2023-06-16T18:54:59.354+0000] {processor.py:179} INFO - Processing /home/airflow/.local/lib/python3.7/site-packages/airflow/example_dags/example_short_circuit_decorator.py took 0.264 seconds
[2023-06-16T18:55:29.839+0000] {processor.py:157} INFO - Started process (PID=1276) to work on /home/airflow/.local/lib/python3.7/site-packages/airflow/example_dags/example_short_circuit_decorator.py
[2023-06-16T18:55:29.846+0000] {processor.py:826} INFO - Processing file /home/airflow/.local/lib/python3.7/site-packages/airflow/example_dags/example_short_circuit_decorator.py for tasks to queue
[2023-06-16T18:55:29.851+0000] {logging_mixin.py:149} INFO - [2023-06-16T18:55:29.851+0000] {dagbag.py:541} INFO - Filling up the DagBag from /home/airflow/.local/lib/python3.7/site-packages/airflow/example_dags/example_short_circuit_decorator.py
[2023-06-16T18:55:29.888+0000] {processor.py:836} INFO - DAG(s) dict_keys(['example_short_circuit_decorator']) retrieved from /home/airflow/.local/lib/python3.7/site-packages/airflow/example_dags/example_short_circuit_decorator.py
[2023-06-16T18:55:29.974+0000] {logging_mixin.py:149} INFO - [2023-06-16T18:55:29.974+0000] {dag.py:2726} INFO - Sync 1 DAGs
[2023-06-16T18:55:30.055+0000] {logging_mixin.py:149} INFO - [2023-06-16T18:55:30.055+0000] {dag.py:3490} INFO - Setting next_dagrun for example_short_circuit_decorator to 2023-06-15T18:55:30.054874+00:00, run_after=2023-06-16T18:55:30.054874+00:00
[2023-06-16T18:55:30.108+0000] {processor.py:179} INFO - Processing /home/airflow/.local/lib/python3.7/site-packages/airflow/example_dags/example_short_circuit_decorator.py took 0.281 seconds
