[2023-06-16T18:46:44.098+0000] {processor.py:157} INFO - Started process (PID=304) to work on /home/airflow/.local/lib/python3.7/site-packages/airflow/example_dags/example_trigger_target_dag.py
[2023-06-16T18:46:44.103+0000] {processor.py:826} INFO - Processing file /home/airflow/.local/lib/python3.7/site-packages/airflow/example_dags/example_trigger_target_dag.py for tasks to queue
[2023-06-16T18:46:44.108+0000] {logging_mixin.py:149} INFO - [2023-06-16T18:46:44.107+0000] {dagbag.py:541} INFO - Filling up the DagBag from /home/airflow/.local/lib/python3.7/site-packages/airflow/example_dags/example_trigger_target_dag.py
[2023-06-16T18:46:44.127+0000] {processor.py:836} INFO - DAG(s) dict_keys(['example_trigger_target_dag']) retrieved from /home/airflow/.local/lib/python3.7/site-packages/airflow/example_dags/example_trigger_target_dag.py
[2023-06-16T18:46:44.198+0000] {logging_mixin.py:149} INFO - [2023-06-16T18:46:44.197+0000] {dag.py:2726} INFO - Sync 1 DAGs
[2023-06-16T18:46:44.280+0000] {logging_mixin.py:149} INFO - [2023-06-16T18:46:44.280+0000] {dag.py:3490} INFO - Setting next_dagrun for example_trigger_target_dag to None, run_after=None
[2023-06-16T18:46:44.336+0000] {processor.py:179} INFO - Processing /home/airflow/.local/lib/python3.7/site-packages/airflow/example_dags/example_trigger_target_dag.py took 0.250 seconds
[2023-06-16T18:47:14.820+0000] {processor.py:157} INFO - Started process (PID=361) to work on /home/airflow/.local/lib/python3.7/site-packages/airflow/example_dags/example_trigger_target_dag.py
[2023-06-16T18:47:14.827+0000] {processor.py:826} INFO - Processing file /home/airflow/.local/lib/python3.7/site-packages/airflow/example_dags/example_trigger_target_dag.py for tasks to queue
[2023-06-16T18:47:14.834+0000] {logging_mixin.py:149} INFO - [2023-06-16T18:47:14.833+0000] {dagbag.py:541} INFO - Filling up the DagBag from /home/airflow/.local/lib/python3.7/site-packages/airflow/example_dags/example_trigger_target_dag.py
[2023-06-16T18:47:14.861+0000] {processor.py:836} INFO - DAG(s) dict_keys(['example_trigger_target_dag']) retrieved from /home/airflow/.local/lib/python3.7/site-packages/airflow/example_dags/example_trigger_target_dag.py
[2023-06-16T18:47:14.962+0000] {logging_mixin.py:149} INFO - [2023-06-16T18:47:14.956+0000] {dag.py:2726} INFO - Sync 1 DAGs
[2023-06-16T18:47:15.073+0000] {logging_mixin.py:149} INFO - [2023-06-16T18:47:15.073+0000] {dag.py:3490} INFO - Setting next_dagrun for example_trigger_target_dag to None, run_after=None
[2023-06-16T18:47:15.133+0000] {processor.py:179} INFO - Processing /home/airflow/.local/lib/python3.7/site-packages/airflow/example_dags/example_trigger_target_dag.py took 0.339 seconds
[2023-06-16T18:47:45.203+0000] {processor.py:157} INFO - Started process (PID=418) to work on /home/airflow/.local/lib/python3.7/site-packages/airflow/example_dags/example_trigger_target_dag.py
[2023-06-16T18:47:45.207+0000] {processor.py:826} INFO - Processing file /home/airflow/.local/lib/python3.7/site-packages/airflow/example_dags/example_trigger_target_dag.py for tasks to queue
[2023-06-16T18:47:45.211+0000] {logging_mixin.py:149} INFO - [2023-06-16T18:47:45.210+0000] {dagbag.py:541} INFO - Filling up the DagBag from /home/airflow/.local/lib/python3.7/site-packages/airflow/example_dags/example_trigger_target_dag.py
[2023-06-16T18:47:45.230+0000] {processor.py:836} INFO - DAG(s) dict_keys(['example_trigger_target_dag']) retrieved from /home/airflow/.local/lib/python3.7/site-packages/airflow/example_dags/example_trigger_target_dag.py
[2023-06-16T18:47:45.293+0000] {logging_mixin.py:149} INFO - [2023-06-16T18:47:45.293+0000] {dag.py:2726} INFO - Sync 1 DAGs
[2023-06-16T18:47:45.364+0000] {logging_mixin.py:149} INFO - [2023-06-16T18:47:45.364+0000] {dag.py:3490} INFO - Setting next_dagrun for example_trigger_target_dag to None, run_after=None
[2023-06-16T18:47:45.409+0000] {processor.py:179} INFO - Processing /home/airflow/.local/lib/python3.7/site-packages/airflow/example_dags/example_trigger_target_dag.py took 0.214 seconds
[2023-06-16T18:48:15.786+0000] {processor.py:157} INFO - Started process (PID=475) to work on /home/airflow/.local/lib/python3.7/site-packages/airflow/example_dags/example_trigger_target_dag.py
[2023-06-16T18:48:15.791+0000] {processor.py:826} INFO - Processing file /home/airflow/.local/lib/python3.7/site-packages/airflow/example_dags/example_trigger_target_dag.py for tasks to queue
[2023-06-16T18:48:15.795+0000] {logging_mixin.py:149} INFO - [2023-06-16T18:48:15.794+0000] {dagbag.py:541} INFO - Filling up the DagBag from /home/airflow/.local/lib/python3.7/site-packages/airflow/example_dags/example_trigger_target_dag.py
[2023-06-16T18:48:15.810+0000] {processor.py:836} INFO - DAG(s) dict_keys(['example_trigger_target_dag']) retrieved from /home/airflow/.local/lib/python3.7/site-packages/airflow/example_dags/example_trigger_target_dag.py
[2023-06-16T18:48:15.869+0000] {logging_mixin.py:149} INFO - [2023-06-16T18:48:15.869+0000] {dag.py:2726} INFO - Sync 1 DAGs
[2023-06-16T18:48:15.935+0000] {logging_mixin.py:149} INFO - [2023-06-16T18:48:15.935+0000] {dag.py:3490} INFO - Setting next_dagrun for example_trigger_target_dag to None, run_after=None
[2023-06-16T18:48:15.980+0000] {processor.py:179} INFO - Processing /home/airflow/.local/lib/python3.7/site-packages/airflow/example_dags/example_trigger_target_dag.py took 0.203 seconds
[2023-06-16T18:48:46.267+0000] {processor.py:157} INFO - Started process (PID=532) to work on /home/airflow/.local/lib/python3.7/site-packages/airflow/example_dags/example_trigger_target_dag.py
[2023-06-16T18:48:46.271+0000] {processor.py:826} INFO - Processing file /home/airflow/.local/lib/python3.7/site-packages/airflow/example_dags/example_trigger_target_dag.py for tasks to queue
[2023-06-16T18:48:46.274+0000] {logging_mixin.py:149} INFO - [2023-06-16T18:48:46.274+0000] {dagbag.py:541} INFO - Filling up the DagBag from /home/airflow/.local/lib/python3.7/site-packages/airflow/example_dags/example_trigger_target_dag.py
[2023-06-16T18:48:46.290+0000] {processor.py:836} INFO - DAG(s) dict_keys(['example_trigger_target_dag']) retrieved from /home/airflow/.local/lib/python3.7/site-packages/airflow/example_dags/example_trigger_target_dag.py
[2023-06-16T18:48:46.349+0000] {logging_mixin.py:149} INFO - [2023-06-16T18:48:46.349+0000] {dag.py:2726} INFO - Sync 1 DAGs
[2023-06-16T18:48:46.422+0000] {logging_mixin.py:149} INFO - [2023-06-16T18:48:46.421+0000] {dag.py:3490} INFO - Setting next_dagrun for example_trigger_target_dag to None, run_after=None
[2023-06-16T18:48:46.468+0000] {processor.py:179} INFO - Processing /home/airflow/.local/lib/python3.7/site-packages/airflow/example_dags/example_trigger_target_dag.py took 0.210 seconds
[2023-06-16T18:49:17.146+0000] {processor.py:157} INFO - Started process (PID=589) to work on /home/airflow/.local/lib/python3.7/site-packages/airflow/example_dags/example_trigger_target_dag.py
[2023-06-16T18:49:17.151+0000] {processor.py:826} INFO - Processing file /home/airflow/.local/lib/python3.7/site-packages/airflow/example_dags/example_trigger_target_dag.py for tasks to queue
[2023-06-16T18:49:17.155+0000] {logging_mixin.py:149} INFO - [2023-06-16T18:49:17.154+0000] {dagbag.py:541} INFO - Filling up the DagBag from /home/airflow/.local/lib/python3.7/site-packages/airflow/example_dags/example_trigger_target_dag.py
[2023-06-16T18:49:17.179+0000] {processor.py:836} INFO - DAG(s) dict_keys(['example_trigger_target_dag']) retrieved from /home/airflow/.local/lib/python3.7/site-packages/airflow/example_dags/example_trigger_target_dag.py
[2023-06-16T18:49:17.237+0000] {logging_mixin.py:149} INFO - [2023-06-16T18:49:17.237+0000] {dag.py:2726} INFO - Sync 1 DAGs
[2023-06-16T18:49:17.298+0000] {logging_mixin.py:149} INFO - [2023-06-16T18:49:17.298+0000] {dag.py:3490} INFO - Setting next_dagrun for example_trigger_target_dag to None, run_after=None
[2023-06-16T18:49:17.342+0000] {processor.py:179} INFO - Processing /home/airflow/.local/lib/python3.7/site-packages/airflow/example_dags/example_trigger_target_dag.py took 0.207 seconds
[2023-06-16T18:49:49.183+0000] {processor.py:157} INFO - Started process (PID=645) to work on /home/airflow/.local/lib/python3.7/site-packages/airflow/example_dags/example_trigger_target_dag.py
[2023-06-16T18:49:49.201+0000] {processor.py:826} INFO - Processing file /home/airflow/.local/lib/python3.7/site-packages/airflow/example_dags/example_trigger_target_dag.py for tasks to queue
[2023-06-16T18:49:49.210+0000] {logging_mixin.py:149} INFO - [2023-06-16T18:49:49.208+0000] {dagbag.py:541} INFO - Filling up the DagBag from /home/airflow/.local/lib/python3.7/site-packages/airflow/example_dags/example_trigger_target_dag.py
[2023-06-16T18:49:49.280+0000] {processor.py:836} INFO - DAG(s) dict_keys(['example_trigger_target_dag']) retrieved from /home/airflow/.local/lib/python3.7/site-packages/airflow/example_dags/example_trigger_target_dag.py
[2023-06-16T18:49:49.366+0000] {logging_mixin.py:149} INFO - [2023-06-16T18:49:49.366+0000] {dag.py:2726} INFO - Sync 1 DAGs
[2023-06-16T18:49:49.435+0000] {logging_mixin.py:149} INFO - [2023-06-16T18:49:49.434+0000] {dag.py:3490} INFO - Setting next_dagrun for example_trigger_target_dag to None, run_after=None
[2023-06-16T18:49:49.478+0000] {processor.py:179} INFO - Processing /home/airflow/.local/lib/python3.7/site-packages/airflow/example_dags/example_trigger_target_dag.py took 0.308 seconds
[2023-06-16T18:50:19.899+0000] {processor.py:157} INFO - Started process (PID=702) to work on /home/airflow/.local/lib/python3.7/site-packages/airflow/example_dags/example_trigger_target_dag.py
[2023-06-16T18:50:19.909+0000] {processor.py:826} INFO - Processing file /home/airflow/.local/lib/python3.7/site-packages/airflow/example_dags/example_trigger_target_dag.py for tasks to queue
[2023-06-16T18:50:19.917+0000] {logging_mixin.py:149} INFO - [2023-06-16T18:50:19.916+0000] {dagbag.py:541} INFO - Filling up the DagBag from /home/airflow/.local/lib/python3.7/site-packages/airflow/example_dags/example_trigger_target_dag.py
[2023-06-16T18:50:19.946+0000] {processor.py:836} INFO - DAG(s) dict_keys(['example_trigger_target_dag']) retrieved from /home/airflow/.local/lib/python3.7/site-packages/airflow/example_dags/example_trigger_target_dag.py
[2023-06-16T18:50:20.038+0000] {logging_mixin.py:149} INFO - [2023-06-16T18:50:20.038+0000] {dag.py:2726} INFO - Sync 1 DAGs
[2023-06-16T18:50:20.125+0000] {logging_mixin.py:149} INFO - [2023-06-16T18:50:20.125+0000] {dag.py:3490} INFO - Setting next_dagrun for example_trigger_target_dag to None, run_after=None
[2023-06-16T18:50:20.173+0000] {processor.py:179} INFO - Processing /home/airflow/.local/lib/python3.7/site-packages/airflow/example_dags/example_trigger_target_dag.py took 0.282 seconds
[2023-06-16T18:50:50.236+0000] {processor.py:157} INFO - Started process (PID=760) to work on /home/airflow/.local/lib/python3.7/site-packages/airflow/example_dags/example_trigger_target_dag.py
[2023-06-16T18:50:50.245+0000] {processor.py:826} INFO - Processing file /home/airflow/.local/lib/python3.7/site-packages/airflow/example_dags/example_trigger_target_dag.py for tasks to queue
[2023-06-16T18:50:50.253+0000] {logging_mixin.py:149} INFO - [2023-06-16T18:50:50.253+0000] {dagbag.py:541} INFO - Filling up the DagBag from /home/airflow/.local/lib/python3.7/site-packages/airflow/example_dags/example_trigger_target_dag.py
[2023-06-16T18:50:50.281+0000] {processor.py:836} INFO - DAG(s) dict_keys(['example_trigger_target_dag']) retrieved from /home/airflow/.local/lib/python3.7/site-packages/airflow/example_dags/example_trigger_target_dag.py
[2023-06-16T18:50:50.353+0000] {logging_mixin.py:149} INFO - [2023-06-16T18:50:50.353+0000] {dag.py:2726} INFO - Sync 1 DAGs
[2023-06-16T18:50:50.429+0000] {logging_mixin.py:149} INFO - [2023-06-16T18:50:50.429+0000] {dag.py:3490} INFO - Setting next_dagrun for example_trigger_target_dag to None, run_after=None
[2023-06-16T18:50:50.587+0000] {processor.py:179} INFO - Processing /home/airflow/.local/lib/python3.7/site-packages/airflow/example_dags/example_trigger_target_dag.py took 0.359 seconds
[2023-06-16T18:51:21.292+0000] {processor.py:157} INFO - Started process (PID=817) to work on /home/airflow/.local/lib/python3.7/site-packages/airflow/example_dags/example_trigger_target_dag.py
[2023-06-16T18:51:21.297+0000] {processor.py:826} INFO - Processing file /home/airflow/.local/lib/python3.7/site-packages/airflow/example_dags/example_trigger_target_dag.py for tasks to queue
[2023-06-16T18:51:21.300+0000] {logging_mixin.py:149} INFO - [2023-06-16T18:51:21.300+0000] {dagbag.py:541} INFO - Filling up the DagBag from /home/airflow/.local/lib/python3.7/site-packages/airflow/example_dags/example_trigger_target_dag.py
[2023-06-16T18:51:21.313+0000] {processor.py:836} INFO - DAG(s) dict_keys(['example_trigger_target_dag']) retrieved from /home/airflow/.local/lib/python3.7/site-packages/airflow/example_dags/example_trigger_target_dag.py
[2023-06-16T18:51:21.369+0000] {logging_mixin.py:149} INFO - [2023-06-16T18:51:21.369+0000] {dag.py:2726} INFO - Sync 1 DAGs
[2023-06-16T18:51:21.435+0000] {logging_mixin.py:149} INFO - [2023-06-16T18:51:21.435+0000] {dag.py:3490} INFO - Setting next_dagrun for example_trigger_target_dag to None, run_after=None
[2023-06-16T18:51:21.483+0000] {processor.py:179} INFO - Processing /home/airflow/.local/lib/python3.7/site-packages/airflow/example_dags/example_trigger_target_dag.py took 0.198 seconds
[2023-06-16T18:51:52.073+0000] {processor.py:157} INFO - Started process (PID=875) to work on /home/airflow/.local/lib/python3.7/site-packages/airflow/example_dags/example_trigger_target_dag.py
[2023-06-16T18:51:52.077+0000] {processor.py:826} INFO - Processing file /home/airflow/.local/lib/python3.7/site-packages/airflow/example_dags/example_trigger_target_dag.py for tasks to queue
[2023-06-16T18:51:52.083+0000] {logging_mixin.py:149} INFO - [2023-06-16T18:51:52.082+0000] {dagbag.py:541} INFO - Filling up the DagBag from /home/airflow/.local/lib/python3.7/site-packages/airflow/example_dags/example_trigger_target_dag.py
[2023-06-16T18:51:52.098+0000] {processor.py:836} INFO - DAG(s) dict_keys(['example_trigger_target_dag']) retrieved from /home/airflow/.local/lib/python3.7/site-packages/airflow/example_dags/example_trigger_target_dag.py
[2023-06-16T18:51:52.166+0000] {logging_mixin.py:149} INFO - [2023-06-16T18:51:52.165+0000] {dag.py:2726} INFO - Sync 1 DAGs
[2023-06-16T18:51:52.241+0000] {logging_mixin.py:149} INFO - [2023-06-16T18:51:52.240+0000] {dag.py:3490} INFO - Setting next_dagrun for example_trigger_target_dag to None, run_after=None
[2023-06-16T18:51:52.290+0000] {processor.py:179} INFO - Processing /home/airflow/.local/lib/python3.7/site-packages/airflow/example_dags/example_trigger_target_dag.py took 0.228 seconds
[2023-06-16T18:52:22.818+0000] {processor.py:157} INFO - Started process (PID=932) to work on /home/airflow/.local/lib/python3.7/site-packages/airflow/example_dags/example_trigger_target_dag.py
[2023-06-16T18:52:22.828+0000] {processor.py:826} INFO - Processing file /home/airflow/.local/lib/python3.7/site-packages/airflow/example_dags/example_trigger_target_dag.py for tasks to queue
[2023-06-16T18:52:22.840+0000] {logging_mixin.py:149} INFO - [2023-06-16T18:52:22.840+0000] {dagbag.py:541} INFO - Filling up the DagBag from /home/airflow/.local/lib/python3.7/site-packages/airflow/example_dags/example_trigger_target_dag.py
[2023-06-16T18:52:22.859+0000] {processor.py:836} INFO - DAG(s) dict_keys(['example_trigger_target_dag']) retrieved from /home/airflow/.local/lib/python3.7/site-packages/airflow/example_dags/example_trigger_target_dag.py
[2023-06-16T18:52:22.913+0000] {logging_mixin.py:149} INFO - [2023-06-16T18:52:22.913+0000] {dag.py:2726} INFO - Sync 1 DAGs
[2023-06-16T18:52:22.982+0000] {logging_mixin.py:149} INFO - [2023-06-16T18:52:22.981+0000] {dag.py:3490} INFO - Setting next_dagrun for example_trigger_target_dag to None, run_after=None
[2023-06-16T18:52:23.030+0000] {processor.py:179} INFO - Processing /home/airflow/.local/lib/python3.7/site-packages/airflow/example_dags/example_trigger_target_dag.py took 0.226 seconds
[2023-06-16T18:52:55.346+0000] {processor.py:157} INFO - Started process (PID=990) to work on /home/airflow/.local/lib/python3.7/site-packages/airflow/example_dags/example_trigger_target_dag.py
[2023-06-16T18:52:55.350+0000] {processor.py:826} INFO - Processing file /home/airflow/.local/lib/python3.7/site-packages/airflow/example_dags/example_trigger_target_dag.py for tasks to queue
[2023-06-16T18:52:55.356+0000] {logging_mixin.py:149} INFO - [2023-06-16T18:52:55.355+0000] {dagbag.py:541} INFO - Filling up the DagBag from /home/airflow/.local/lib/python3.7/site-packages/airflow/example_dags/example_trigger_target_dag.py
[2023-06-16T18:52:55.380+0000] {processor.py:836} INFO - DAG(s) dict_keys(['example_trigger_target_dag']) retrieved from /home/airflow/.local/lib/python3.7/site-packages/airflow/example_dags/example_trigger_target_dag.py
[2023-06-16T18:52:55.457+0000] {logging_mixin.py:149} INFO - [2023-06-16T18:52:55.456+0000] {dag.py:2726} INFO - Sync 1 DAGs
[2023-06-16T18:52:55.547+0000] {logging_mixin.py:149} INFO - [2023-06-16T18:52:55.547+0000] {dag.py:3490} INFO - Setting next_dagrun for example_trigger_target_dag to None, run_after=None
[2023-06-16T18:52:55.611+0000] {processor.py:179} INFO - Processing /home/airflow/.local/lib/python3.7/site-packages/airflow/example_dags/example_trigger_target_dag.py took 0.276 seconds
[2023-06-16T18:53:26.411+0000] {processor.py:157} INFO - Started process (PID=1048) to work on /home/airflow/.local/lib/python3.7/site-packages/airflow/example_dags/example_trigger_target_dag.py
[2023-06-16T18:53:26.416+0000] {processor.py:826} INFO - Processing file /home/airflow/.local/lib/python3.7/site-packages/airflow/example_dags/example_trigger_target_dag.py for tasks to queue
[2023-06-16T18:53:26.419+0000] {logging_mixin.py:149} INFO - [2023-06-16T18:53:26.419+0000] {dagbag.py:541} INFO - Filling up the DagBag from /home/airflow/.local/lib/python3.7/site-packages/airflow/example_dags/example_trigger_target_dag.py
[2023-06-16T18:53:26.436+0000] {processor.py:836} INFO - DAG(s) dict_keys(['example_trigger_target_dag']) retrieved from /home/airflow/.local/lib/python3.7/site-packages/airflow/example_dags/example_trigger_target_dag.py
[2023-06-16T18:53:26.501+0000] {logging_mixin.py:149} INFO - [2023-06-16T18:53:26.501+0000] {dag.py:2726} INFO - Sync 1 DAGs
[2023-06-16T18:53:26.571+0000] {logging_mixin.py:149} INFO - [2023-06-16T18:53:26.570+0000] {dag.py:3490} INFO - Setting next_dagrun for example_trigger_target_dag to None, run_after=None
[2023-06-16T18:53:26.617+0000] {processor.py:179} INFO - Processing /home/airflow/.local/lib/python3.7/site-packages/airflow/example_dags/example_trigger_target_dag.py took 0.214 seconds
[2023-06-16T18:53:56.928+0000] {processor.py:157} INFO - Started process (PID=1105) to work on /home/airflow/.local/lib/python3.7/site-packages/airflow/example_dags/example_trigger_target_dag.py
[2023-06-16T18:53:56.931+0000] {processor.py:826} INFO - Processing file /home/airflow/.local/lib/python3.7/site-packages/airflow/example_dags/example_trigger_target_dag.py for tasks to queue
[2023-06-16T18:53:56.936+0000] {logging_mixin.py:149} INFO - [2023-06-16T18:53:56.936+0000] {dagbag.py:541} INFO - Filling up the DagBag from /home/airflow/.local/lib/python3.7/site-packages/airflow/example_dags/example_trigger_target_dag.py
[2023-06-16T18:53:56.963+0000] {processor.py:836} INFO - DAG(s) dict_keys(['example_trigger_target_dag']) retrieved from /home/airflow/.local/lib/python3.7/site-packages/airflow/example_dags/example_trigger_target_dag.py
[2023-06-16T18:53:57.029+0000] {logging_mixin.py:149} INFO - [2023-06-16T18:53:57.029+0000] {dag.py:2726} INFO - Sync 1 DAGs
[2023-06-16T18:53:57.100+0000] {logging_mixin.py:149} INFO - [2023-06-16T18:53:57.100+0000] {dag.py:3490} INFO - Setting next_dagrun for example_trigger_target_dag to None, run_after=None
[2023-06-16T18:53:57.155+0000] {processor.py:179} INFO - Processing /home/airflow/.local/lib/python3.7/site-packages/airflow/example_dags/example_trigger_target_dag.py took 0.236 seconds
[2023-06-16T18:54:28.100+0000] {processor.py:157} INFO - Started process (PID=1162) to work on /home/airflow/.local/lib/python3.7/site-packages/airflow/example_dags/example_trigger_target_dag.py
[2023-06-16T18:54:28.104+0000] {processor.py:826} INFO - Processing file /home/airflow/.local/lib/python3.7/site-packages/airflow/example_dags/example_trigger_target_dag.py for tasks to queue
[2023-06-16T18:54:28.111+0000] {logging_mixin.py:149} INFO - [2023-06-16T18:54:28.111+0000] {dagbag.py:541} INFO - Filling up the DagBag from /home/airflow/.local/lib/python3.7/site-packages/airflow/example_dags/example_trigger_target_dag.py
[2023-06-16T18:54:28.128+0000] {processor.py:836} INFO - DAG(s) dict_keys(['example_trigger_target_dag']) retrieved from /home/airflow/.local/lib/python3.7/site-packages/airflow/example_dags/example_trigger_target_dag.py
[2023-06-16T18:54:28.201+0000] {logging_mixin.py:149} INFO - [2023-06-16T18:54:28.201+0000] {dag.py:2726} INFO - Sync 1 DAGs
[2023-06-16T18:54:28.269+0000] {logging_mixin.py:149} INFO - [2023-06-16T18:54:28.269+0000] {dag.py:3490} INFO - Setting next_dagrun for example_trigger_target_dag to None, run_after=None
[2023-06-16T18:54:28.316+0000] {processor.py:179} INFO - Processing /home/airflow/.local/lib/python3.7/site-packages/airflow/example_dags/example_trigger_target_dag.py took 0.226 seconds
[2023-06-16T18:54:59.430+0000] {processor.py:157} INFO - Started process (PID=1221) to work on /home/airflow/.local/lib/python3.7/site-packages/airflow/example_dags/example_trigger_target_dag.py
[2023-06-16T18:54:59.434+0000] {processor.py:826} INFO - Processing file /home/airflow/.local/lib/python3.7/site-packages/airflow/example_dags/example_trigger_target_dag.py for tasks to queue
[2023-06-16T18:54:59.437+0000] {logging_mixin.py:149} INFO - [2023-06-16T18:54:59.437+0000] {dagbag.py:541} INFO - Filling up the DagBag from /home/airflow/.local/lib/python3.7/site-packages/airflow/example_dags/example_trigger_target_dag.py
[2023-06-16T18:54:59.452+0000] {processor.py:836} INFO - DAG(s) dict_keys(['example_trigger_target_dag']) retrieved from /home/airflow/.local/lib/python3.7/site-packages/airflow/example_dags/example_trigger_target_dag.py
[2023-06-16T18:54:59.508+0000] {logging_mixin.py:149} INFO - [2023-06-16T18:54:59.508+0000] {dag.py:2726} INFO - Sync 1 DAGs
[2023-06-16T18:54:59.567+0000] {logging_mixin.py:149} INFO - [2023-06-16T18:54:59.566+0000] {dag.py:3490} INFO - Setting next_dagrun for example_trigger_target_dag to None, run_after=None
[2023-06-16T18:54:59.616+0000] {processor.py:179} INFO - Processing /home/airflow/.local/lib/python3.7/site-packages/airflow/example_dags/example_trigger_target_dag.py took 0.194 seconds
[2023-06-16T18:55:30.173+0000] {processor.py:157} INFO - Started process (PID=1278) to work on /home/airflow/.local/lib/python3.7/site-packages/airflow/example_dags/example_trigger_target_dag.py
[2023-06-16T18:55:30.177+0000] {processor.py:826} INFO - Processing file /home/airflow/.local/lib/python3.7/site-packages/airflow/example_dags/example_trigger_target_dag.py for tasks to queue
[2023-06-16T18:55:30.181+0000] {logging_mixin.py:149} INFO - [2023-06-16T18:55:30.180+0000] {dagbag.py:541} INFO - Filling up the DagBag from /home/airflow/.local/lib/python3.7/site-packages/airflow/example_dags/example_trigger_target_dag.py
[2023-06-16T18:55:30.198+0000] {processor.py:836} INFO - DAG(s) dict_keys(['example_trigger_target_dag']) retrieved from /home/airflow/.local/lib/python3.7/site-packages/airflow/example_dags/example_trigger_target_dag.py
[2023-06-16T18:55:30.251+0000] {logging_mixin.py:149} INFO - [2023-06-16T18:55:30.250+0000] {dag.py:2726} INFO - Sync 1 DAGs
[2023-06-16T18:55:30.318+0000] {logging_mixin.py:149} INFO - [2023-06-16T18:55:30.317+0000] {dag.py:3490} INFO - Setting next_dagrun for example_trigger_target_dag to None, run_after=None
[2023-06-16T18:55:30.367+0000] {processor.py:179} INFO - Processing /home/airflow/.local/lib/python3.7/site-packages/airflow/example_dags/example_trigger_target_dag.py took 0.203 seconds
