[2023-06-16T11:00:37.053+0700] {processor.py:157} INFO - Started process (PID=88714) to work on /Library/Frameworks/Python.framework/Versions/3.11/lib/python3.11/site-packages/airflow/example_dags/example_task_group.py
[2023-06-16T11:00:37.054+0700] {processor.py:826} INFO - Processing file /Library/Frameworks/Python.framework/Versions/3.11/lib/python3.11/site-packages/airflow/example_dags/example_task_group.py for tasks to queue
[2023-06-16T11:00:37.055+0700] {logging_mixin.py:149} INFO - [2023-06-16T11:00:37.055+0700] {dagbag.py:541} INFO - Filling up the DagBag from /Library/Frameworks/Python.framework/Versions/3.11/lib/python3.11/site-packages/airflow/example_dags/example_task_group.py
[2023-06-16T11:00:37.083+0700] {processor.py:836} INFO - DAG(s) dict_keys(['example_task_group']) retrieved from /Library/Frameworks/Python.framework/Versions/3.11/lib/python3.11/site-packages/airflow/example_dags/example_task_group.py
[2023-06-16T11:00:39.392+0700] {logging_mixin.py:149} INFO - [2023-06-16T11:00:39.392+0700] {dag.py:2726} INFO - Sync 1 DAGs
[2023-06-16T11:00:39.434+0700] {logging_mixin.py:149} INFO - [2023-06-16T11:00:39.433+0700] {dag.py:3486} INFO - Setting next_dagrun for example_task_group to 2023-06-15T04:00:39.433692+00:00, run_after=2023-06-16T04:00:39.433692+00:00
[2023-06-16T11:00:39.580+0700] {processor.py:179} INFO - Processing /Library/Frameworks/Python.framework/Versions/3.11/lib/python3.11/site-packages/airflow/example_dags/example_task_group.py took 2.528 seconds
[2023-06-16T11:03:29.845+0700] {processor.py:157} INFO - Started process (PID=89115) to work on /Library/Frameworks/Python.framework/Versions/3.11/lib/python3.11/site-packages/airflow/example_dags/example_task_group.py
[2023-06-16T11:03:29.846+0700] {processor.py:826} INFO - Processing file /Library/Frameworks/Python.framework/Versions/3.11/lib/python3.11/site-packages/airflow/example_dags/example_task_group.py for tasks to queue
[2023-06-16T11:03:29.847+0700] {logging_mixin.py:149} INFO - [2023-06-16T11:03:29.847+0700] {dagbag.py:541} INFO - Filling up the DagBag from /Library/Frameworks/Python.framework/Versions/3.11/lib/python3.11/site-packages/airflow/example_dags/example_task_group.py
[2023-06-16T11:03:29.884+0700] {processor.py:836} INFO - DAG(s) dict_keys(['example_task_group']) retrieved from /Library/Frameworks/Python.framework/Versions/3.11/lib/python3.11/site-packages/airflow/example_dags/example_task_group.py
[2023-06-16T11:03:31.607+0700] {logging_mixin.py:149} INFO - [2023-06-16T11:03:31.606+0700] {dag.py:2726} INFO - Sync 1 DAGs
[2023-06-16T11:03:31.638+0700] {logging_mixin.py:149} INFO - [2023-06-16T11:03:31.638+0700] {dag.py:3486} INFO - Setting next_dagrun for example_task_group to 2023-06-15T04:03:31.637895+00:00, run_after=2023-06-16T04:03:31.637895+00:00
[2023-06-16T11:03:31.667+0700] {processor.py:179} INFO - Processing /Library/Frameworks/Python.framework/Versions/3.11/lib/python3.11/site-packages/airflow/example_dags/example_task_group.py took 1.822 seconds
[2023-06-16T11:06:00.768+0700] {processor.py:157} INFO - Started process (PID=89465) to work on /Library/Frameworks/Python.framework/Versions/3.11/lib/python3.11/site-packages/airflow/example_dags/example_task_group.py
[2023-06-16T11:06:00.769+0700] {processor.py:826} INFO - Processing file /Library/Frameworks/Python.framework/Versions/3.11/lib/python3.11/site-packages/airflow/example_dags/example_task_group.py for tasks to queue
[2023-06-16T11:06:00.770+0700] {logging_mixin.py:149} INFO - [2023-06-16T11:06:00.770+0700] {dagbag.py:541} INFO - Filling up the DagBag from /Library/Frameworks/Python.framework/Versions/3.11/lib/python3.11/site-packages/airflow/example_dags/example_task_group.py
[2023-06-16T11:06:00.802+0700] {processor.py:836} INFO - DAG(s) dict_keys(['example_task_group']) retrieved from /Library/Frameworks/Python.framework/Versions/3.11/lib/python3.11/site-packages/airflow/example_dags/example_task_group.py
[2023-06-16T11:06:02.143+0700] {logging_mixin.py:149} INFO - [2023-06-16T11:06:02.143+0700] {dag.py:2726} INFO - Sync 1 DAGs
[2023-06-16T11:06:02.164+0700] {logging_mixin.py:149} INFO - [2023-06-16T11:06:02.164+0700] {dag.py:3486} INFO - Setting next_dagrun for example_task_group to 2023-06-15T04:06:02.164544+00:00, run_after=2023-06-16T04:06:02.164544+00:00
[2023-06-16T11:06:02.187+0700] {processor.py:179} INFO - Processing /Library/Frameworks/Python.framework/Versions/3.11/lib/python3.11/site-packages/airflow/example_dags/example_task_group.py took 1.420 seconds
[2023-06-16T11:09:27.916+0700] {processor.py:157} INFO - Started process (PID=89875) to work on /Library/Frameworks/Python.framework/Versions/3.11/lib/python3.11/site-packages/airflow/example_dags/example_task_group.py
[2023-06-16T11:09:27.917+0700] {processor.py:826} INFO - Processing file /Library/Frameworks/Python.framework/Versions/3.11/lib/python3.11/site-packages/airflow/example_dags/example_task_group.py for tasks to queue
[2023-06-16T11:09:27.918+0700] {logging_mixin.py:149} INFO - [2023-06-16T11:09:27.917+0700] {dagbag.py:541} INFO - Filling up the DagBag from /Library/Frameworks/Python.framework/Versions/3.11/lib/python3.11/site-packages/airflow/example_dags/example_task_group.py
[2023-06-16T11:09:27.950+0700] {processor.py:836} INFO - DAG(s) dict_keys(['example_task_group']) retrieved from /Library/Frameworks/Python.framework/Versions/3.11/lib/python3.11/site-packages/airflow/example_dags/example_task_group.py
[2023-06-16T11:09:29.340+0700] {logging_mixin.py:149} INFO - [2023-06-16T11:09:29.339+0700] {dag.py:2726} INFO - Sync 1 DAGs
[2023-06-16T11:09:29.370+0700] {logging_mixin.py:149} INFO - [2023-06-16T11:09:29.370+0700] {dag.py:3486} INFO - Setting next_dagrun for example_task_group to 2023-06-15T04:09:29.370461+00:00, run_after=2023-06-16T04:09:29.370461+00:00
[2023-06-16T11:09:29.396+0700] {processor.py:179} INFO - Processing /Library/Frameworks/Python.framework/Versions/3.11/lib/python3.11/site-packages/airflow/example_dags/example_task_group.py took 1.481 seconds
[2023-06-16T11:12:42.220+0700] {processor.py:157} INFO - Started process (PID=90280) to work on /Library/Frameworks/Python.framework/Versions/3.11/lib/python3.11/site-packages/airflow/example_dags/example_task_group.py
[2023-06-16T11:12:42.221+0700] {processor.py:826} INFO - Processing file /Library/Frameworks/Python.framework/Versions/3.11/lib/python3.11/site-packages/airflow/example_dags/example_task_group.py for tasks to queue
[2023-06-16T11:12:42.222+0700] {logging_mixin.py:149} INFO - [2023-06-16T11:12:42.222+0700] {dagbag.py:541} INFO - Filling up the DagBag from /Library/Frameworks/Python.framework/Versions/3.11/lib/python3.11/site-packages/airflow/example_dags/example_task_group.py
[2023-06-16T11:12:42.248+0700] {processor.py:836} INFO - DAG(s) dict_keys(['example_task_group']) retrieved from /Library/Frameworks/Python.framework/Versions/3.11/lib/python3.11/site-packages/airflow/example_dags/example_task_group.py
[2023-06-16T11:12:43.453+0700] {logging_mixin.py:149} INFO - [2023-06-16T11:12:43.452+0700] {dag.py:2726} INFO - Sync 1 DAGs
[2023-06-16T11:12:43.480+0700] {logging_mixin.py:149} INFO - [2023-06-16T11:12:43.480+0700] {dag.py:3486} INFO - Setting next_dagrun for example_task_group to 2023-06-15T04:12:43.480658+00:00, run_after=2023-06-16T04:12:43.480658+00:00
[2023-06-16T11:12:43.504+0700] {processor.py:179} INFO - Processing /Library/Frameworks/Python.framework/Versions/3.11/lib/python3.11/site-packages/airflow/example_dags/example_task_group.py took 1.286 seconds
[2023-06-16T11:15:23.452+0700] {processor.py:157} INFO - Started process (PID=90609) to work on /Library/Frameworks/Python.framework/Versions/3.11/lib/python3.11/site-packages/airflow/example_dags/example_task_group.py
[2023-06-16T11:15:23.453+0700] {processor.py:826} INFO - Processing file /Library/Frameworks/Python.framework/Versions/3.11/lib/python3.11/site-packages/airflow/example_dags/example_task_group.py for tasks to queue
[2023-06-16T11:15:23.453+0700] {logging_mixin.py:149} INFO - [2023-06-16T11:15:23.453+0700] {dagbag.py:541} INFO - Filling up the DagBag from /Library/Frameworks/Python.framework/Versions/3.11/lib/python3.11/site-packages/airflow/example_dags/example_task_group.py
[2023-06-16T11:15:23.476+0700] {processor.py:836} INFO - DAG(s) dict_keys(['example_task_group']) retrieved from /Library/Frameworks/Python.framework/Versions/3.11/lib/python3.11/site-packages/airflow/example_dags/example_task_group.py
[2023-06-16T11:15:24.492+0700] {logging_mixin.py:149} INFO - [2023-06-16T11:15:24.491+0700] {dag.py:2726} INFO - Sync 1 DAGs
[2023-06-16T11:15:24.514+0700] {logging_mixin.py:149} INFO - [2023-06-16T11:15:24.514+0700] {dag.py:3486} INFO - Setting next_dagrun for example_task_group to 2023-06-15T04:15:24.514013+00:00, run_after=2023-06-16T04:15:24.514013+00:00
[2023-06-16T11:15:24.535+0700] {processor.py:179} INFO - Processing /Library/Frameworks/Python.framework/Versions/3.11/lib/python3.11/site-packages/airflow/example_dags/example_task_group.py took 1.084 seconds
[2023-06-16T11:19:05.040+0700] {processor.py:157} INFO - Started process (PID=91076) to work on /Library/Frameworks/Python.framework/Versions/3.11/lib/python3.11/site-packages/airflow/example_dags/example_task_group.py
[2023-06-16T11:19:05.041+0700] {processor.py:826} INFO - Processing file /Library/Frameworks/Python.framework/Versions/3.11/lib/python3.11/site-packages/airflow/example_dags/example_task_group.py for tasks to queue
[2023-06-16T11:19:05.042+0700] {logging_mixin.py:149} INFO - [2023-06-16T11:19:05.041+0700] {dagbag.py:541} INFO - Filling up the DagBag from /Library/Frameworks/Python.framework/Versions/3.11/lib/python3.11/site-packages/airflow/example_dags/example_task_group.py
[2023-06-16T11:19:05.066+0700] {processor.py:836} INFO - DAG(s) dict_keys(['example_task_group']) retrieved from /Library/Frameworks/Python.framework/Versions/3.11/lib/python3.11/site-packages/airflow/example_dags/example_task_group.py
[2023-06-16T11:19:06.296+0700] {logging_mixin.py:149} INFO - [2023-06-16T11:19:06.296+0700] {dag.py:2726} INFO - Sync 1 DAGs
[2023-06-16T11:19:06.320+0700] {logging_mixin.py:149} INFO - [2023-06-16T11:19:06.320+0700] {dag.py:3486} INFO - Setting next_dagrun for example_task_group to 2023-06-15T04:19:06.320378+00:00, run_after=2023-06-16T04:19:06.320378+00:00
[2023-06-16T11:19:06.343+0700] {processor.py:179} INFO - Processing /Library/Frameworks/Python.framework/Versions/3.11/lib/python3.11/site-packages/airflow/example_dags/example_task_group.py took 1.304 seconds
[2023-06-16T11:22:09.776+0700] {processor.py:157} INFO - Started process (PID=91436) to work on /Library/Frameworks/Python.framework/Versions/3.11/lib/python3.11/site-packages/airflow/example_dags/example_task_group.py
[2023-06-16T11:22:09.776+0700] {processor.py:826} INFO - Processing file /Library/Frameworks/Python.framework/Versions/3.11/lib/python3.11/site-packages/airflow/example_dags/example_task_group.py for tasks to queue
[2023-06-16T11:22:09.777+0700] {logging_mixin.py:149} INFO - [2023-06-16T11:22:09.777+0700] {dagbag.py:541} INFO - Filling up the DagBag from /Library/Frameworks/Python.framework/Versions/3.11/lib/python3.11/site-packages/airflow/example_dags/example_task_group.py
[2023-06-16T11:22:09.798+0700] {processor.py:836} INFO - DAG(s) dict_keys(['example_task_group']) retrieved from /Library/Frameworks/Python.framework/Versions/3.11/lib/python3.11/site-packages/airflow/example_dags/example_task_group.py
[2023-06-16T11:22:10.887+0700] {logging_mixin.py:149} INFO - [2023-06-16T11:22:10.886+0700] {dag.py:2726} INFO - Sync 1 DAGs
[2023-06-16T11:22:10.905+0700] {logging_mixin.py:149} INFO - [2023-06-16T11:22:10.905+0700] {dag.py:3486} INFO - Setting next_dagrun for example_task_group to 2023-06-15T04:22:10.905443+00:00, run_after=2023-06-16T04:22:10.905443+00:00
[2023-06-16T11:22:10.927+0700] {processor.py:179} INFO - Processing /Library/Frameworks/Python.framework/Versions/3.11/lib/python3.11/site-packages/airflow/example_dags/example_task_group.py took 1.153 seconds
[2023-06-16T11:24:41.746+0700] {processor.py:157} INFO - Started process (PID=91815) to work on /Library/Frameworks/Python.framework/Versions/3.11/lib/python3.11/site-packages/airflow/example_dags/example_task_group.py
[2023-06-16T11:24:41.747+0700] {processor.py:826} INFO - Processing file /Library/Frameworks/Python.framework/Versions/3.11/lib/python3.11/site-packages/airflow/example_dags/example_task_group.py for tasks to queue
[2023-06-16T11:24:41.748+0700] {logging_mixin.py:149} INFO - [2023-06-16T11:24:41.748+0700] {dagbag.py:541} INFO - Filling up the DagBag from /Library/Frameworks/Python.framework/Versions/3.11/lib/python3.11/site-packages/airflow/example_dags/example_task_group.py
[2023-06-16T11:24:41.779+0700] {processor.py:836} INFO - DAG(s) dict_keys(['example_task_group']) retrieved from /Library/Frameworks/Python.framework/Versions/3.11/lib/python3.11/site-packages/airflow/example_dags/example_task_group.py
[2023-06-16T11:24:42.930+0700] {logging_mixin.py:149} INFO - [2023-06-16T11:24:42.929+0700] {dag.py:2726} INFO - Sync 1 DAGs
[2023-06-16T11:24:42.954+0700] {logging_mixin.py:149} INFO - [2023-06-16T11:24:42.954+0700] {dag.py:3486} INFO - Setting next_dagrun for example_task_group to 2023-06-15T04:24:42.954366+00:00, run_after=2023-06-16T04:24:42.954366+00:00
[2023-06-16T11:24:42.974+0700] {processor.py:179} INFO - Processing /Library/Frameworks/Python.framework/Versions/3.11/lib/python3.11/site-packages/airflow/example_dags/example_task_group.py took 1.231 seconds
[2023-06-16T11:29:06.750+0700] {processor.py:157} INFO - Started process (PID=92388) to work on /Library/Frameworks/Python.framework/Versions/3.11/lib/python3.11/site-packages/airflow/example_dags/example_task_group.py
[2023-06-16T11:29:06.751+0700] {processor.py:826} INFO - Processing file /Library/Frameworks/Python.framework/Versions/3.11/lib/python3.11/site-packages/airflow/example_dags/example_task_group.py for tasks to queue
[2023-06-16T11:29:06.753+0700] {logging_mixin.py:149} INFO - [2023-06-16T11:29:06.753+0700] {dagbag.py:541} INFO - Filling up the DagBag from /Library/Frameworks/Python.framework/Versions/3.11/lib/python3.11/site-packages/airflow/example_dags/example_task_group.py
[2023-06-16T11:29:06.779+0700] {processor.py:836} INFO - DAG(s) dict_keys(['example_task_group']) retrieved from /Library/Frameworks/Python.framework/Versions/3.11/lib/python3.11/site-packages/airflow/example_dags/example_task_group.py
[2023-06-16T11:29:07.818+0700] {logging_mixin.py:149} INFO - [2023-06-16T11:29:07.818+0700] {dag.py:2726} INFO - Sync 1 DAGs
[2023-06-16T11:29:07.839+0700] {logging_mixin.py:149} INFO - [2023-06-16T11:29:07.839+0700] {dag.py:3486} INFO - Setting next_dagrun for example_task_group to 2023-06-15T04:29:07.838829+00:00, run_after=2023-06-16T04:29:07.838829+00:00
[2023-06-16T11:29:07.861+0700] {processor.py:179} INFO - Processing /Library/Frameworks/Python.framework/Versions/3.11/lib/python3.11/site-packages/airflow/example_dags/example_task_group.py took 1.112 seconds
[2023-06-16T11:32:38.103+0700] {processor.py:157} INFO - Started process (PID=92793) to work on /Library/Frameworks/Python.framework/Versions/3.11/lib/python3.11/site-packages/airflow/example_dags/example_task_group.py
[2023-06-16T11:32:38.105+0700] {processor.py:826} INFO - Processing file /Library/Frameworks/Python.framework/Versions/3.11/lib/python3.11/site-packages/airflow/example_dags/example_task_group.py for tasks to queue
[2023-06-16T11:32:38.106+0700] {logging_mixin.py:149} INFO - [2023-06-16T11:32:38.106+0700] {dagbag.py:541} INFO - Filling up the DagBag from /Library/Frameworks/Python.framework/Versions/3.11/lib/python3.11/site-packages/airflow/example_dags/example_task_group.py
[2023-06-16T11:32:38.133+0700] {processor.py:836} INFO - DAG(s) dict_keys(['example_task_group']) retrieved from /Library/Frameworks/Python.framework/Versions/3.11/lib/python3.11/site-packages/airflow/example_dags/example_task_group.py
[2023-06-16T11:32:39.270+0700] {logging_mixin.py:149} INFO - [2023-06-16T11:32:39.270+0700] {dag.py:2726} INFO - Sync 1 DAGs
[2023-06-16T11:32:39.289+0700] {logging_mixin.py:149} INFO - [2023-06-16T11:32:39.289+0700] {dag.py:3486} INFO - Setting next_dagrun for example_task_group to 2023-06-15T04:32:39.289685+00:00, run_after=2023-06-16T04:32:39.289685+00:00
[2023-06-16T11:32:39.315+0700] {processor.py:179} INFO - Processing /Library/Frameworks/Python.framework/Versions/3.11/lib/python3.11/site-packages/airflow/example_dags/example_task_group.py took 1.212 seconds
[2023-06-16T11:35:52.493+0700] {processor.py:157} INFO - Started process (PID=93246) to work on /Library/Frameworks/Python.framework/Versions/3.11/lib/python3.11/site-packages/airflow/example_dags/example_task_group.py
[2023-06-16T11:35:52.494+0700] {processor.py:826} INFO - Processing file /Library/Frameworks/Python.framework/Versions/3.11/lib/python3.11/site-packages/airflow/example_dags/example_task_group.py for tasks to queue
[2023-06-16T11:35:52.495+0700] {logging_mixin.py:149} INFO - [2023-06-16T11:35:52.495+0700] {dagbag.py:541} INFO - Filling up the DagBag from /Library/Frameworks/Python.framework/Versions/3.11/lib/python3.11/site-packages/airflow/example_dags/example_task_group.py
[2023-06-16T11:35:52.524+0700] {processor.py:836} INFO - DAG(s) dict_keys(['example_task_group']) retrieved from /Library/Frameworks/Python.framework/Versions/3.11/lib/python3.11/site-packages/airflow/example_dags/example_task_group.py
[2023-06-16T11:35:53.756+0700] {logging_mixin.py:149} INFO - [2023-06-16T11:35:53.756+0700] {dag.py:2726} INFO - Sync 1 DAGs
[2023-06-16T11:35:53.782+0700] {logging_mixin.py:149} INFO - [2023-06-16T11:35:53.782+0700] {dag.py:3486} INFO - Setting next_dagrun for example_task_group to 2023-06-15T04:35:53.781841+00:00, run_after=2023-06-16T04:35:53.781841+00:00
[2023-06-16T11:35:53.808+0700] {processor.py:179} INFO - Processing /Library/Frameworks/Python.framework/Versions/3.11/lib/python3.11/site-packages/airflow/example_dags/example_task_group.py took 1.315 seconds
[2023-06-16T11:38:47.630+0700] {processor.py:157} INFO - Started process (PID=94002) to work on /Library/Frameworks/Python.framework/Versions/3.11/lib/python3.11/site-packages/airflow/example_dags/example_task_group.py
[2023-06-16T11:38:47.631+0700] {processor.py:826} INFO - Processing file /Library/Frameworks/Python.framework/Versions/3.11/lib/python3.11/site-packages/airflow/example_dags/example_task_group.py for tasks to queue
[2023-06-16T11:38:47.632+0700] {logging_mixin.py:149} INFO - [2023-06-16T11:38:47.632+0700] {dagbag.py:541} INFO - Filling up the DagBag from /Library/Frameworks/Python.framework/Versions/3.11/lib/python3.11/site-packages/airflow/example_dags/example_task_group.py
[2023-06-16T11:38:47.661+0700] {processor.py:836} INFO - DAG(s) dict_keys(['example_task_group']) retrieved from /Library/Frameworks/Python.framework/Versions/3.11/lib/python3.11/site-packages/airflow/example_dags/example_task_group.py
[2023-06-16T11:38:48.871+0700] {logging_mixin.py:149} INFO - [2023-06-16T11:38:48.870+0700] {dag.py:2726} INFO - Sync 1 DAGs
[2023-06-16T11:38:48.894+0700] {logging_mixin.py:149} INFO - [2023-06-16T11:38:48.894+0700] {dag.py:3486} INFO - Setting next_dagrun for example_task_group to 2023-06-15T04:38:48.894013+00:00, run_after=2023-06-16T04:38:48.894013+00:00
[2023-06-16T11:38:48.914+0700] {processor.py:179} INFO - Processing /Library/Frameworks/Python.framework/Versions/3.11/lib/python3.11/site-packages/airflow/example_dags/example_task_group.py took 1.286 seconds
[2023-06-16T11:41:35.096+0700] {processor.py:157} INFO - Started process (PID=94302) to work on /Library/Frameworks/Python.framework/Versions/3.11/lib/python3.11/site-packages/airflow/example_dags/example_task_group.py
[2023-06-16T11:41:35.097+0700] {processor.py:826} INFO - Processing file /Library/Frameworks/Python.framework/Versions/3.11/lib/python3.11/site-packages/airflow/example_dags/example_task_group.py for tasks to queue
[2023-06-16T11:41:35.098+0700] {logging_mixin.py:149} INFO - [2023-06-16T11:41:35.097+0700] {dagbag.py:541} INFO - Filling up the DagBag from /Library/Frameworks/Python.framework/Versions/3.11/lib/python3.11/site-packages/airflow/example_dags/example_task_group.py
[2023-06-16T11:41:35.125+0700] {processor.py:836} INFO - DAG(s) dict_keys(['example_task_group']) retrieved from /Library/Frameworks/Python.framework/Versions/3.11/lib/python3.11/site-packages/airflow/example_dags/example_task_group.py
[2023-06-16T11:41:36.268+0700] {logging_mixin.py:149} INFO - [2023-06-16T11:41:36.268+0700] {dag.py:2726} INFO - Sync 1 DAGs
[2023-06-16T11:41:36.288+0700] {logging_mixin.py:149} INFO - [2023-06-16T11:41:36.288+0700] {dag.py:3486} INFO - Setting next_dagrun for example_task_group to 2023-06-15T04:41:36.287992+00:00, run_after=2023-06-16T04:41:36.287992+00:00
[2023-06-16T11:41:36.307+0700] {processor.py:179} INFO - Processing /Library/Frameworks/Python.framework/Versions/3.11/lib/python3.11/site-packages/airflow/example_dags/example_task_group.py took 1.212 seconds
[2023-06-16T11:44:27.404+0700] {processor.py:157} INFO - Started process (PID=94674) to work on /Library/Frameworks/Python.framework/Versions/3.11/lib/python3.11/site-packages/airflow/example_dags/example_task_group.py
[2023-06-16T11:44:27.405+0700] {processor.py:826} INFO - Processing file /Library/Frameworks/Python.framework/Versions/3.11/lib/python3.11/site-packages/airflow/example_dags/example_task_group.py for tasks to queue
[2023-06-16T11:44:27.406+0700] {logging_mixin.py:149} INFO - [2023-06-16T11:44:27.405+0700] {dagbag.py:541} INFO - Filling up the DagBag from /Library/Frameworks/Python.framework/Versions/3.11/lib/python3.11/site-packages/airflow/example_dags/example_task_group.py
[2023-06-16T11:44:27.433+0700] {processor.py:836} INFO - DAG(s) dict_keys(['example_task_group']) retrieved from /Library/Frameworks/Python.framework/Versions/3.11/lib/python3.11/site-packages/airflow/example_dags/example_task_group.py
[2023-06-16T11:44:28.622+0700] {logging_mixin.py:149} INFO - [2023-06-16T11:44:28.622+0700] {dag.py:2726} INFO - Sync 1 DAGs
[2023-06-16T11:44:28.643+0700] {logging_mixin.py:149} INFO - [2023-06-16T11:44:28.642+0700] {dag.py:3486} INFO - Setting next_dagrun for example_task_group to 2023-06-15T04:44:28.642792+00:00, run_after=2023-06-16T04:44:28.642792+00:00
[2023-06-16T11:44:28.667+0700] {processor.py:179} INFO - Processing /Library/Frameworks/Python.framework/Versions/3.11/lib/python3.11/site-packages/airflow/example_dags/example_task_group.py took 1.264 seconds
[2023-06-16T11:49:42.056+0700] {processor.py:157} INFO - Started process (PID=95285) to work on /Library/Frameworks/Python.framework/Versions/3.11/lib/python3.11/site-packages/airflow/example_dags/example_task_group.py
[2023-06-16T11:49:42.057+0700] {processor.py:826} INFO - Processing file /Library/Frameworks/Python.framework/Versions/3.11/lib/python3.11/site-packages/airflow/example_dags/example_task_group.py for tasks to queue
[2023-06-16T11:49:42.057+0700] {logging_mixin.py:149} INFO - [2023-06-16T11:49:42.057+0700] {dagbag.py:541} INFO - Filling up the DagBag from /Library/Frameworks/Python.framework/Versions/3.11/lib/python3.11/site-packages/airflow/example_dags/example_task_group.py
[2023-06-16T11:49:42.081+0700] {processor.py:836} INFO - DAG(s) dict_keys(['example_task_group']) retrieved from /Library/Frameworks/Python.framework/Versions/3.11/lib/python3.11/site-packages/airflow/example_dags/example_task_group.py
[2023-06-16T11:49:43.206+0700] {logging_mixin.py:149} INFO - [2023-06-16T11:49:43.206+0700] {dag.py:2726} INFO - Sync 1 DAGs
[2023-06-16T11:49:43.240+0700] {logging_mixin.py:149} INFO - [2023-06-16T11:49:43.240+0700] {dag.py:3486} INFO - Setting next_dagrun for example_task_group to 2023-06-15T04:49:43.239990+00:00, run_after=2023-06-16T04:49:43.239990+00:00
[2023-06-16T11:49:43.274+0700] {processor.py:179} INFO - Processing /Library/Frameworks/Python.framework/Versions/3.11/lib/python3.11/site-packages/airflow/example_dags/example_task_group.py took 1.219 seconds
[2023-06-16T11:53:08.031+0700] {processor.py:157} INFO - Started process (PID=95704) to work on /Library/Frameworks/Python.framework/Versions/3.11/lib/python3.11/site-packages/airflow/example_dags/example_task_group.py
[2023-06-16T11:53:08.033+0700] {processor.py:826} INFO - Processing file /Library/Frameworks/Python.framework/Versions/3.11/lib/python3.11/site-packages/airflow/example_dags/example_task_group.py for tasks to queue
[2023-06-16T11:53:08.033+0700] {logging_mixin.py:149} INFO - [2023-06-16T11:53:08.033+0700] {dagbag.py:541} INFO - Filling up the DagBag from /Library/Frameworks/Python.framework/Versions/3.11/lib/python3.11/site-packages/airflow/example_dags/example_task_group.py
[2023-06-16T11:53:08.059+0700] {processor.py:836} INFO - DAG(s) dict_keys(['example_task_group']) retrieved from /Library/Frameworks/Python.framework/Versions/3.11/lib/python3.11/site-packages/airflow/example_dags/example_task_group.py
[2023-06-16T11:53:09.094+0700] {logging_mixin.py:149} INFO - [2023-06-16T11:53:09.094+0700] {dag.py:2726} INFO - Sync 1 DAGs
[2023-06-16T11:53:09.131+0700] {logging_mixin.py:149} INFO - [2023-06-16T11:53:09.131+0700] {dag.py:3486} INFO - Setting next_dagrun for example_task_group to 2023-06-15T04:53:09.131656+00:00, run_after=2023-06-16T04:53:09.131656+00:00
[2023-06-16T11:53:09.159+0700] {processor.py:179} INFO - Processing /Library/Frameworks/Python.framework/Versions/3.11/lib/python3.11/site-packages/airflow/example_dags/example_task_group.py took 1.129 seconds
[2023-06-16T11:56:25.901+0700] {processor.py:157} INFO - Started process (PID=96105) to work on /Library/Frameworks/Python.framework/Versions/3.11/lib/python3.11/site-packages/airflow/example_dags/example_task_group.py
[2023-06-16T11:56:25.904+0700] {processor.py:826} INFO - Processing file /Library/Frameworks/Python.framework/Versions/3.11/lib/python3.11/site-packages/airflow/example_dags/example_task_group.py for tasks to queue
[2023-06-16T11:56:25.905+0700] {logging_mixin.py:149} INFO - [2023-06-16T11:56:25.904+0700] {dagbag.py:541} INFO - Filling up the DagBag from /Library/Frameworks/Python.framework/Versions/3.11/lib/python3.11/site-packages/airflow/example_dags/example_task_group.py
[2023-06-16T11:56:25.943+0700] {processor.py:836} INFO - DAG(s) dict_keys(['example_task_group']) retrieved from /Library/Frameworks/Python.framework/Versions/3.11/lib/python3.11/site-packages/airflow/example_dags/example_task_group.py
[2023-06-16T11:56:27.231+0700] {logging_mixin.py:149} INFO - [2023-06-16T11:56:27.230+0700] {dag.py:2726} INFO - Sync 1 DAGs
[2023-06-16T11:56:27.260+0700] {logging_mixin.py:149} INFO - [2023-06-16T11:56:27.260+0700] {dag.py:3486} INFO - Setting next_dagrun for example_task_group to 2023-06-15T04:56:27.260503+00:00, run_after=2023-06-16T04:56:27.260503+00:00
[2023-06-16T11:56:27.290+0700] {processor.py:179} INFO - Processing /Library/Frameworks/Python.framework/Versions/3.11/lib/python3.11/site-packages/airflow/example_dags/example_task_group.py took 1.390 seconds
[2023-06-16T11:59:12.142+0700] {processor.py:157} INFO - Started process (PID=96472) to work on /Library/Frameworks/Python.framework/Versions/3.11/lib/python3.11/site-packages/airflow/example_dags/example_task_group.py
[2023-06-16T11:59:12.143+0700] {processor.py:826} INFO - Processing file /Library/Frameworks/Python.framework/Versions/3.11/lib/python3.11/site-packages/airflow/example_dags/example_task_group.py for tasks to queue
[2023-06-16T11:59:12.143+0700] {logging_mixin.py:149} INFO - [2023-06-16T11:59:12.143+0700] {dagbag.py:541} INFO - Filling up the DagBag from /Library/Frameworks/Python.framework/Versions/3.11/lib/python3.11/site-packages/airflow/example_dags/example_task_group.py
[2023-06-16T11:59:12.176+0700] {processor.py:836} INFO - DAG(s) dict_keys(['example_task_group']) retrieved from /Library/Frameworks/Python.framework/Versions/3.11/lib/python3.11/site-packages/airflow/example_dags/example_task_group.py
[2023-06-16T11:59:13.320+0700] {logging_mixin.py:149} INFO - [2023-06-16T11:59:13.319+0700] {dag.py:2726} INFO - Sync 1 DAGs
[2023-06-16T11:59:13.342+0700] {logging_mixin.py:149} INFO - [2023-06-16T11:59:13.342+0700] {dag.py:3486} INFO - Setting next_dagrun for example_task_group to 2023-06-15T04:59:13.342651+00:00, run_after=2023-06-16T04:59:13.342651+00:00
[2023-06-16T11:59:13.364+0700] {processor.py:179} INFO - Processing /Library/Frameworks/Python.framework/Versions/3.11/lib/python3.11/site-packages/airflow/example_dags/example_task_group.py took 1.223 seconds
[2023-06-16T12:02:08.661+0700] {processor.py:157} INFO - Started process (PID=96875) to work on /Library/Frameworks/Python.framework/Versions/3.11/lib/python3.11/site-packages/airflow/example_dags/example_task_group.py
[2023-06-16T12:02:08.663+0700] {processor.py:826} INFO - Processing file /Library/Frameworks/Python.framework/Versions/3.11/lib/python3.11/site-packages/airflow/example_dags/example_task_group.py for tasks to queue
[2023-06-16T12:02:08.664+0700] {logging_mixin.py:149} INFO - [2023-06-16T12:02:08.664+0700] {dagbag.py:541} INFO - Filling up the DagBag from /Library/Frameworks/Python.framework/Versions/3.11/lib/python3.11/site-packages/airflow/example_dags/example_task_group.py
[2023-06-16T12:02:08.692+0700] {processor.py:836} INFO - DAG(s) dict_keys(['example_task_group']) retrieved from /Library/Frameworks/Python.framework/Versions/3.11/lib/python3.11/site-packages/airflow/example_dags/example_task_group.py
[2023-06-16T12:02:10.176+0700] {logging_mixin.py:149} INFO - [2023-06-16T12:02:10.176+0700] {dag.py:2726} INFO - Sync 1 DAGs
[2023-06-16T12:02:10.206+0700] {logging_mixin.py:149} INFO - [2023-06-16T12:02:10.206+0700] {dag.py:3486} INFO - Setting next_dagrun for example_task_group to 2023-06-15T05:02:10.206098+00:00, run_after=2023-06-16T05:02:10.206098+00:00
[2023-06-16T12:02:10.226+0700] {processor.py:179} INFO - Processing /Library/Frameworks/Python.framework/Versions/3.11/lib/python3.11/site-packages/airflow/example_dags/example_task_group.py took 1.566 seconds
[2023-06-16T12:04:45.485+0700] {processor.py:157} INFO - Started process (PID=97192) to work on /Library/Frameworks/Python.framework/Versions/3.11/lib/python3.11/site-packages/airflow/example_dags/example_task_group.py
[2023-06-16T12:04:45.487+0700] {processor.py:826} INFO - Processing file /Library/Frameworks/Python.framework/Versions/3.11/lib/python3.11/site-packages/airflow/example_dags/example_task_group.py for tasks to queue
[2023-06-16T12:04:45.488+0700] {logging_mixin.py:149} INFO - [2023-06-16T12:04:45.487+0700] {dagbag.py:541} INFO - Filling up the DagBag from /Library/Frameworks/Python.framework/Versions/3.11/lib/python3.11/site-packages/airflow/example_dags/example_task_group.py
[2023-06-16T12:04:45.523+0700] {processor.py:836} INFO - DAG(s) dict_keys(['example_task_group']) retrieved from /Library/Frameworks/Python.framework/Versions/3.11/lib/python3.11/site-packages/airflow/example_dags/example_task_group.py
[2023-06-16T12:04:46.720+0700] {logging_mixin.py:149} INFO - [2023-06-16T12:04:46.719+0700] {dag.py:2726} INFO - Sync 1 DAGs
[2023-06-16T12:04:46.759+0700] {logging_mixin.py:149} INFO - [2023-06-16T12:04:46.758+0700] {dag.py:3486} INFO - Setting next_dagrun for example_task_group to 2023-06-15T05:04:46.758728+00:00, run_after=2023-06-16T05:04:46.758728+00:00
[2023-06-16T12:04:46.793+0700] {processor.py:179} INFO - Processing /Library/Frameworks/Python.framework/Versions/3.11/lib/python3.11/site-packages/airflow/example_dags/example_task_group.py took 1.309 seconds
[2023-06-16T12:07:15.255+0700] {processor.py:157} INFO - Started process (PID=97537) to work on /Library/Frameworks/Python.framework/Versions/3.11/lib/python3.11/site-packages/airflow/example_dags/example_task_group.py
[2023-06-16T12:07:15.256+0700] {processor.py:826} INFO - Processing file /Library/Frameworks/Python.framework/Versions/3.11/lib/python3.11/site-packages/airflow/example_dags/example_task_group.py for tasks to queue
[2023-06-16T12:07:15.257+0700] {logging_mixin.py:149} INFO - [2023-06-16T12:07:15.257+0700] {dagbag.py:541} INFO - Filling up the DagBag from /Library/Frameworks/Python.framework/Versions/3.11/lib/python3.11/site-packages/airflow/example_dags/example_task_group.py
[2023-06-16T12:07:15.283+0700] {processor.py:836} INFO - DAG(s) dict_keys(['example_task_group']) retrieved from /Library/Frameworks/Python.framework/Versions/3.11/lib/python3.11/site-packages/airflow/example_dags/example_task_group.py
[2023-06-16T12:07:16.349+0700] {logging_mixin.py:149} INFO - [2023-06-16T12:07:16.348+0700] {dag.py:2726} INFO - Sync 1 DAGs
[2023-06-16T12:07:16.372+0700] {logging_mixin.py:149} INFO - [2023-06-16T12:07:16.372+0700] {dag.py:3486} INFO - Setting next_dagrun for example_task_group to 2023-06-15T05:07:16.372108+00:00, run_after=2023-06-16T05:07:16.372108+00:00
[2023-06-16T12:07:16.394+0700] {processor.py:179} INFO - Processing /Library/Frameworks/Python.framework/Versions/3.11/lib/python3.11/site-packages/airflow/example_dags/example_task_group.py took 1.140 seconds
[2023-06-16T12:09:35.234+0700] {processor.py:157} INFO - Started process (PID=97825) to work on /Library/Frameworks/Python.framework/Versions/3.11/lib/python3.11/site-packages/airflow/example_dags/example_task_group.py
[2023-06-16T12:09:35.235+0700] {processor.py:826} INFO - Processing file /Library/Frameworks/Python.framework/Versions/3.11/lib/python3.11/site-packages/airflow/example_dags/example_task_group.py for tasks to queue
[2023-06-16T12:09:35.235+0700] {logging_mixin.py:149} INFO - [2023-06-16T12:09:35.235+0700] {dagbag.py:541} INFO - Filling up the DagBag from /Library/Frameworks/Python.framework/Versions/3.11/lib/python3.11/site-packages/airflow/example_dags/example_task_group.py
[2023-06-16T12:09:35.261+0700] {processor.py:836} INFO - DAG(s) dict_keys(['example_task_group']) retrieved from /Library/Frameworks/Python.framework/Versions/3.11/lib/python3.11/site-packages/airflow/example_dags/example_task_group.py
[2023-06-16T12:09:36.485+0700] {logging_mixin.py:149} INFO - [2023-06-16T12:09:36.485+0700] {dag.py:2726} INFO - Sync 1 DAGs
[2023-06-16T12:09:36.502+0700] {logging_mixin.py:149} INFO - [2023-06-16T12:09:36.502+0700] {dag.py:3486} INFO - Setting next_dagrun for example_task_group to 2023-06-15T05:09:36.502632+00:00, run_after=2023-06-16T05:09:36.502632+00:00
[2023-06-16T12:09:36.523+0700] {processor.py:179} INFO - Processing /Library/Frameworks/Python.framework/Versions/3.11/lib/python3.11/site-packages/airflow/example_dags/example_task_group.py took 1.291 seconds
[2023-06-16T12:12:02.907+0700] {processor.py:157} INFO - Started process (PID=98178) to work on /Library/Frameworks/Python.framework/Versions/3.11/lib/python3.11/site-packages/airflow/example_dags/example_task_group.py
[2023-06-16T12:12:02.908+0700] {processor.py:826} INFO - Processing file /Library/Frameworks/Python.framework/Versions/3.11/lib/python3.11/site-packages/airflow/example_dags/example_task_group.py for tasks to queue
[2023-06-16T12:12:02.909+0700] {logging_mixin.py:149} INFO - [2023-06-16T12:12:02.909+0700] {dagbag.py:541} INFO - Filling up the DagBag from /Library/Frameworks/Python.framework/Versions/3.11/lib/python3.11/site-packages/airflow/example_dags/example_task_group.py
[2023-06-16T12:12:02.937+0700] {processor.py:836} INFO - DAG(s) dict_keys(['example_task_group']) retrieved from /Library/Frameworks/Python.framework/Versions/3.11/lib/python3.11/site-packages/airflow/example_dags/example_task_group.py
[2023-06-16T12:12:04.138+0700] {logging_mixin.py:149} INFO - [2023-06-16T12:12:04.138+0700] {dag.py:2726} INFO - Sync 1 DAGs
[2023-06-16T12:12:04.164+0700] {logging_mixin.py:149} INFO - [2023-06-16T12:12:04.164+0700] {dag.py:3486} INFO - Setting next_dagrun for example_task_group to 2023-06-15T05:12:04.163951+00:00, run_after=2023-06-16T05:12:04.163951+00:00
[2023-06-16T12:12:04.183+0700] {processor.py:179} INFO - Processing /Library/Frameworks/Python.framework/Versions/3.11/lib/python3.11/site-packages/airflow/example_dags/example_task_group.py took 1.277 seconds
[2023-06-16T12:14:35.124+0700] {processor.py:157} INFO - Started process (PID=98479) to work on /Library/Frameworks/Python.framework/Versions/3.11/lib/python3.11/site-packages/airflow/example_dags/example_task_group.py
[2023-06-16T12:14:35.126+0700] {processor.py:826} INFO - Processing file /Library/Frameworks/Python.framework/Versions/3.11/lib/python3.11/site-packages/airflow/example_dags/example_task_group.py for tasks to queue
[2023-06-16T12:14:35.127+0700] {logging_mixin.py:149} INFO - [2023-06-16T12:14:35.127+0700] {dagbag.py:541} INFO - Filling up the DagBag from /Library/Frameworks/Python.framework/Versions/3.11/lib/python3.11/site-packages/airflow/example_dags/example_task_group.py
[2023-06-16T12:14:35.158+0700] {processor.py:836} INFO - DAG(s) dict_keys(['example_task_group']) retrieved from /Library/Frameworks/Python.framework/Versions/3.11/lib/python3.11/site-packages/airflow/example_dags/example_task_group.py
[2023-06-16T12:14:36.534+0700] {logging_mixin.py:149} INFO - [2023-06-16T12:14:36.534+0700] {dag.py:2726} INFO - Sync 1 DAGs
[2023-06-16T12:14:36.557+0700] {logging_mixin.py:149} INFO - [2023-06-16T12:14:36.557+0700] {dag.py:3486} INFO - Setting next_dagrun for example_task_group to 2023-06-15T05:14:36.556894+00:00, run_after=2023-06-16T05:14:36.556894+00:00
[2023-06-16T12:14:36.577+0700] {processor.py:179} INFO - Processing /Library/Frameworks/Python.framework/Versions/3.11/lib/python3.11/site-packages/airflow/example_dags/example_task_group.py took 1.454 seconds
[2023-06-16T12:17:04.840+0700] {processor.py:157} INFO - Started process (PID=98814) to work on /Library/Frameworks/Python.framework/Versions/3.11/lib/python3.11/site-packages/airflow/example_dags/example_task_group.py
[2023-06-16T12:17:04.841+0700] {processor.py:826} INFO - Processing file /Library/Frameworks/Python.framework/Versions/3.11/lib/python3.11/site-packages/airflow/example_dags/example_task_group.py for tasks to queue
[2023-06-16T12:17:04.842+0700] {logging_mixin.py:149} INFO - [2023-06-16T12:17:04.842+0700] {dagbag.py:541} INFO - Filling up the DagBag from /Library/Frameworks/Python.framework/Versions/3.11/lib/python3.11/site-packages/airflow/example_dags/example_task_group.py
[2023-06-16T12:17:04.864+0700] {processor.py:836} INFO - DAG(s) dict_keys(['example_task_group']) retrieved from /Library/Frameworks/Python.framework/Versions/3.11/lib/python3.11/site-packages/airflow/example_dags/example_task_group.py
[2023-06-16T12:17:05.951+0700] {logging_mixin.py:149} INFO - [2023-06-16T12:17:05.951+0700] {dag.py:2726} INFO - Sync 1 DAGs
[2023-06-16T12:17:05.976+0700] {logging_mixin.py:149} INFO - [2023-06-16T12:17:05.975+0700] {dag.py:3486} INFO - Setting next_dagrun for example_task_group to 2023-06-15T05:17:05.975780+00:00, run_after=2023-06-16T05:17:05.975780+00:00
[2023-06-16T12:17:05.995+0700] {processor.py:179} INFO - Processing /Library/Frameworks/Python.framework/Versions/3.11/lib/python3.11/site-packages/airflow/example_dags/example_task_group.py took 1.157 seconds
[2023-06-16T12:19:33.278+0700] {processor.py:157} INFO - Started process (PID=99089) to work on /Library/Frameworks/Python.framework/Versions/3.11/lib/python3.11/site-packages/airflow/example_dags/example_task_group.py
[2023-06-16T12:19:33.278+0700] {processor.py:826} INFO - Processing file /Library/Frameworks/Python.framework/Versions/3.11/lib/python3.11/site-packages/airflow/example_dags/example_task_group.py for tasks to queue
[2023-06-16T12:19:33.280+0700] {logging_mixin.py:149} INFO - [2023-06-16T12:19:33.280+0700] {dagbag.py:541} INFO - Filling up the DagBag from /Library/Frameworks/Python.framework/Versions/3.11/lib/python3.11/site-packages/airflow/example_dags/example_task_group.py
[2023-06-16T12:19:33.305+0700] {processor.py:836} INFO - DAG(s) dict_keys(['example_task_group']) retrieved from /Library/Frameworks/Python.framework/Versions/3.11/lib/python3.11/site-packages/airflow/example_dags/example_task_group.py
[2023-06-16T12:19:34.511+0700] {logging_mixin.py:149} INFO - [2023-06-16T12:19:34.511+0700] {dag.py:2726} INFO - Sync 1 DAGs
[2023-06-16T12:19:34.543+0700] {logging_mixin.py:149} INFO - [2023-06-16T12:19:34.543+0700] {dag.py:3486} INFO - Setting next_dagrun for example_task_group to 2023-06-15T05:19:34.543310+00:00, run_after=2023-06-16T05:19:34.543310+00:00
[2023-06-16T12:19:34.569+0700] {processor.py:179} INFO - Processing /Library/Frameworks/Python.framework/Versions/3.11/lib/python3.11/site-packages/airflow/example_dags/example_task_group.py took 1.292 seconds
[2023-06-16T12:22:04.598+0700] {processor.py:157} INFO - Started process (PID=99435) to work on /Library/Frameworks/Python.framework/Versions/3.11/lib/python3.11/site-packages/airflow/example_dags/example_task_group.py
[2023-06-16T12:22:04.600+0700] {processor.py:826} INFO - Processing file /Library/Frameworks/Python.framework/Versions/3.11/lib/python3.11/site-packages/airflow/example_dags/example_task_group.py for tasks to queue
[2023-06-16T12:22:04.601+0700] {logging_mixin.py:149} INFO - [2023-06-16T12:22:04.601+0700] {dagbag.py:541} INFO - Filling up the DagBag from /Library/Frameworks/Python.framework/Versions/3.11/lib/python3.11/site-packages/airflow/example_dags/example_task_group.py
[2023-06-16T12:22:04.631+0700] {processor.py:836} INFO - DAG(s) dict_keys(['example_task_group']) retrieved from /Library/Frameworks/Python.framework/Versions/3.11/lib/python3.11/site-packages/airflow/example_dags/example_task_group.py
[2023-06-16T12:22:05.757+0700] {logging_mixin.py:149} INFO - [2023-06-16T12:22:05.756+0700] {dag.py:2726} INFO - Sync 1 DAGs
[2023-06-16T12:22:05.782+0700] {logging_mixin.py:149} INFO - [2023-06-16T12:22:05.781+0700] {dag.py:3486} INFO - Setting next_dagrun for example_task_group to 2023-06-15T05:22:05.781513+00:00, run_after=2023-06-16T05:22:05.781513+00:00
[2023-06-16T12:22:05.808+0700] {processor.py:179} INFO - Processing /Library/Frameworks/Python.framework/Versions/3.11/lib/python3.11/site-packages/airflow/example_dags/example_task_group.py took 1.210 seconds
[2023-06-16T12:25:16.692+0700] {processor.py:157} INFO - Started process (PID=99850) to work on /Library/Frameworks/Python.framework/Versions/3.11/lib/python3.11/site-packages/airflow/example_dags/example_task_group.py
[2023-06-16T12:25:16.707+0700] {processor.py:826} INFO - Processing file /Library/Frameworks/Python.framework/Versions/3.11/lib/python3.11/site-packages/airflow/example_dags/example_task_group.py for tasks to queue
[2023-06-16T12:25:16.708+0700] {logging_mixin.py:149} INFO - [2023-06-16T12:25:16.708+0700] {dagbag.py:541} INFO - Filling up the DagBag from /Library/Frameworks/Python.framework/Versions/3.11/lib/python3.11/site-packages/airflow/example_dags/example_task_group.py
[2023-06-16T12:25:16.733+0700] {processor.py:836} INFO - DAG(s) dict_keys(['example_task_group']) retrieved from /Library/Frameworks/Python.framework/Versions/3.11/lib/python3.11/site-packages/airflow/example_dags/example_task_group.py
[2023-06-16T12:25:17.805+0700] {logging_mixin.py:149} INFO - [2023-06-16T12:25:17.805+0700] {dag.py:2726} INFO - Sync 1 DAGs
[2023-06-16T12:25:17.825+0700] {logging_mixin.py:149} INFO - [2023-06-16T12:25:17.825+0700] {dag.py:3486} INFO - Setting next_dagrun for example_task_group to 2023-06-15T05:25:17.825368+00:00, run_after=2023-06-16T05:25:17.825368+00:00
[2023-06-16T12:25:17.853+0700] {processor.py:179} INFO - Processing /Library/Frameworks/Python.framework/Versions/3.11/lib/python3.11/site-packages/airflow/example_dags/example_task_group.py took 1.163 seconds
[2023-06-16T12:28:04.970+0700] {processor.py:157} INFO - Started process (PID=635) to work on /Library/Frameworks/Python.framework/Versions/3.11/lib/python3.11/site-packages/airflow/example_dags/example_task_group.py
[2023-06-16T12:28:04.971+0700] {processor.py:826} INFO - Processing file /Library/Frameworks/Python.framework/Versions/3.11/lib/python3.11/site-packages/airflow/example_dags/example_task_group.py for tasks to queue
[2023-06-16T12:28:04.972+0700] {logging_mixin.py:149} INFO - [2023-06-16T12:28:04.972+0700] {dagbag.py:541} INFO - Filling up the DagBag from /Library/Frameworks/Python.framework/Versions/3.11/lib/python3.11/site-packages/airflow/example_dags/example_task_group.py
[2023-06-16T12:28:05.005+0700] {processor.py:836} INFO - DAG(s) dict_keys(['example_task_group']) retrieved from /Library/Frameworks/Python.framework/Versions/3.11/lib/python3.11/site-packages/airflow/example_dags/example_task_group.py
[2023-06-16T12:28:06.102+0700] {logging_mixin.py:149} INFO - [2023-06-16T12:28:06.102+0700] {dag.py:2726} INFO - Sync 1 DAGs
[2023-06-16T12:28:06.123+0700] {logging_mixin.py:149} INFO - [2023-06-16T12:28:06.122+0700] {dag.py:3486} INFO - Setting next_dagrun for example_task_group to 2023-06-15T05:28:06.122793+00:00, run_after=2023-06-16T05:28:06.122793+00:00
[2023-06-16T12:28:06.148+0700] {processor.py:179} INFO - Processing /Library/Frameworks/Python.framework/Versions/3.11/lib/python3.11/site-packages/airflow/example_dags/example_task_group.py took 1.179 seconds
[2023-06-16T12:30:40.300+0700] {processor.py:157} INFO - Started process (PID=1012) to work on /Library/Frameworks/Python.framework/Versions/3.11/lib/python3.11/site-packages/airflow/example_dags/example_task_group.py
[2023-06-16T12:30:40.301+0700] {processor.py:826} INFO - Processing file /Library/Frameworks/Python.framework/Versions/3.11/lib/python3.11/site-packages/airflow/example_dags/example_task_group.py for tasks to queue
[2023-06-16T12:30:40.301+0700] {logging_mixin.py:149} INFO - [2023-06-16T12:30:40.301+0700] {dagbag.py:541} INFO - Filling up the DagBag from /Library/Frameworks/Python.framework/Versions/3.11/lib/python3.11/site-packages/airflow/example_dags/example_task_group.py
[2023-06-16T12:30:40.329+0700] {processor.py:836} INFO - DAG(s) dict_keys(['example_task_group']) retrieved from /Library/Frameworks/Python.framework/Versions/3.11/lib/python3.11/site-packages/airflow/example_dags/example_task_group.py
[2023-06-16T12:30:41.468+0700] {logging_mixin.py:149} INFO - [2023-06-16T12:30:41.467+0700] {dag.py:2726} INFO - Sync 1 DAGs
[2023-06-16T12:30:41.492+0700] {logging_mixin.py:149} INFO - [2023-06-16T12:30:41.492+0700] {dag.py:3486} INFO - Setting next_dagrun for example_task_group to 2023-06-15T05:30:41.492090+00:00, run_after=2023-06-16T05:30:41.492090+00:00
[2023-06-16T12:30:41.516+0700] {processor.py:179} INFO - Processing /Library/Frameworks/Python.framework/Versions/3.11/lib/python3.11/site-packages/airflow/example_dags/example_task_group.py took 1.217 seconds
[2023-06-16T12:33:18.999+0700] {processor.py:157} INFO - Started process (PID=1390) to work on /Library/Frameworks/Python.framework/Versions/3.11/lib/python3.11/site-packages/airflow/example_dags/example_task_group.py
[2023-06-16T12:33:19.000+0700] {processor.py:826} INFO - Processing file /Library/Frameworks/Python.framework/Versions/3.11/lib/python3.11/site-packages/airflow/example_dags/example_task_group.py for tasks to queue
[2023-06-16T12:33:19.001+0700] {logging_mixin.py:149} INFO - [2023-06-16T12:33:19.001+0700] {dagbag.py:541} INFO - Filling up the DagBag from /Library/Frameworks/Python.framework/Versions/3.11/lib/python3.11/site-packages/airflow/example_dags/example_task_group.py
[2023-06-16T12:33:19.058+0700] {processor.py:836} INFO - DAG(s) dict_keys(['example_task_group']) retrieved from /Library/Frameworks/Python.framework/Versions/3.11/lib/python3.11/site-packages/airflow/example_dags/example_task_group.py
[2023-06-16T12:33:20.348+0700] {logging_mixin.py:149} INFO - [2023-06-16T12:33:20.347+0700] {dag.py:2726} INFO - Sync 1 DAGs
[2023-06-16T12:33:20.379+0700] {logging_mixin.py:149} INFO - [2023-06-16T12:33:20.378+0700] {dag.py:3486} INFO - Setting next_dagrun for example_task_group to 2023-06-15T05:33:20.378745+00:00, run_after=2023-06-16T05:33:20.378745+00:00
[2023-06-16T12:33:20.409+0700] {processor.py:179} INFO - Processing /Library/Frameworks/Python.framework/Versions/3.11/lib/python3.11/site-packages/airflow/example_dags/example_task_group.py took 1.411 seconds
[2023-06-16T12:35:58.458+0700] {processor.py:157} INFO - Started process (PID=1823) to work on /Library/Frameworks/Python.framework/Versions/3.11/lib/python3.11/site-packages/airflow/example_dags/example_task_group.py
[2023-06-16T12:35:58.458+0700] {processor.py:826} INFO - Processing file /Library/Frameworks/Python.framework/Versions/3.11/lib/python3.11/site-packages/airflow/example_dags/example_task_group.py for tasks to queue
[2023-06-16T12:35:58.459+0700] {logging_mixin.py:149} INFO - [2023-06-16T12:35:58.459+0700] {dagbag.py:541} INFO - Filling up the DagBag from /Library/Frameworks/Python.framework/Versions/3.11/lib/python3.11/site-packages/airflow/example_dags/example_task_group.py
[2023-06-16T12:35:58.491+0700] {processor.py:836} INFO - DAG(s) dict_keys(['example_task_group']) retrieved from /Library/Frameworks/Python.framework/Versions/3.11/lib/python3.11/site-packages/airflow/example_dags/example_task_group.py
[2023-06-16T12:35:59.823+0700] {logging_mixin.py:149} INFO - [2023-06-16T12:35:59.823+0700] {dag.py:2726} INFO - Sync 1 DAGs
[2023-06-16T12:35:59.845+0700] {logging_mixin.py:149} INFO - [2023-06-16T12:35:59.845+0700] {dag.py:3486} INFO - Setting next_dagrun for example_task_group to 2023-06-15T05:35:59.845071+00:00, run_after=2023-06-16T05:35:59.845071+00:00
[2023-06-16T12:35:59.870+0700] {processor.py:179} INFO - Processing /Library/Frameworks/Python.framework/Versions/3.11/lib/python3.11/site-packages/airflow/example_dags/example_task_group.py took 1.413 seconds
[2023-06-16T12:38:40.123+0700] {processor.py:157} INFO - Started process (PID=2224) to work on /Library/Frameworks/Python.framework/Versions/3.11/lib/python3.11/site-packages/airflow/example_dags/example_task_group.py
[2023-06-16T12:38:40.124+0700] {processor.py:826} INFO - Processing file /Library/Frameworks/Python.framework/Versions/3.11/lib/python3.11/site-packages/airflow/example_dags/example_task_group.py for tasks to queue
[2023-06-16T12:38:40.125+0700] {logging_mixin.py:149} INFO - [2023-06-16T12:38:40.125+0700] {dagbag.py:541} INFO - Filling up the DagBag from /Library/Frameworks/Python.framework/Versions/3.11/lib/python3.11/site-packages/airflow/example_dags/example_task_group.py
[2023-06-16T12:38:40.155+0700] {processor.py:836} INFO - DAG(s) dict_keys(['example_task_group']) retrieved from /Library/Frameworks/Python.framework/Versions/3.11/lib/python3.11/site-packages/airflow/example_dags/example_task_group.py
[2023-06-16T12:38:41.556+0700] {logging_mixin.py:149} INFO - [2023-06-16T12:38:41.556+0700] {dag.py:2726} INFO - Sync 1 DAGs
[2023-06-16T12:38:41.583+0700] {logging_mixin.py:149} INFO - [2023-06-16T12:38:41.583+0700] {dag.py:3486} INFO - Setting next_dagrun for example_task_group to 2023-06-15T05:38:41.582919+00:00, run_after=2023-06-16T05:38:41.582919+00:00
[2023-06-16T12:38:41.607+0700] {processor.py:179} INFO - Processing /Library/Frameworks/Python.framework/Versions/3.11/lib/python3.11/site-packages/airflow/example_dags/example_task_group.py took 1.485 seconds
[2023-06-16T12:41:43.908+0700] {processor.py:157} INFO - Started process (PID=2652) to work on /Library/Frameworks/Python.framework/Versions/3.11/lib/python3.11/site-packages/airflow/example_dags/example_task_group.py
[2023-06-16T12:41:43.909+0700] {processor.py:826} INFO - Processing file /Library/Frameworks/Python.framework/Versions/3.11/lib/python3.11/site-packages/airflow/example_dags/example_task_group.py for tasks to queue
[2023-06-16T12:41:43.909+0700] {logging_mixin.py:149} INFO - [2023-06-16T12:41:43.909+0700] {dagbag.py:541} INFO - Filling up the DagBag from /Library/Frameworks/Python.framework/Versions/3.11/lib/python3.11/site-packages/airflow/example_dags/example_task_group.py
[2023-06-16T12:41:43.933+0700] {processor.py:836} INFO - DAG(s) dict_keys(['example_task_group']) retrieved from /Library/Frameworks/Python.framework/Versions/3.11/lib/python3.11/site-packages/airflow/example_dags/example_task_group.py
[2023-06-16T12:41:45.544+0700] {logging_mixin.py:149} INFO - [2023-06-16T12:41:45.544+0700] {dag.py:2726} INFO - Sync 1 DAGs
[2023-06-16T12:41:45.582+0700] {logging_mixin.py:149} INFO - [2023-06-16T12:41:45.582+0700] {dag.py:3486} INFO - Setting next_dagrun for example_task_group to 2023-06-15T05:41:45.582446+00:00, run_after=2023-06-16T05:41:45.582446+00:00
[2023-06-16T12:41:45.620+0700] {processor.py:179} INFO - Processing /Library/Frameworks/Python.framework/Versions/3.11/lib/python3.11/site-packages/airflow/example_dags/example_task_group.py took 1.713 seconds
[2023-06-16T12:44:58.616+0700] {processor.py:157} INFO - Started process (PID=3157) to work on /Library/Frameworks/Python.framework/Versions/3.11/lib/python3.11/site-packages/airflow/example_dags/example_task_group.py
[2023-06-16T12:44:58.617+0700] {processor.py:826} INFO - Processing file /Library/Frameworks/Python.framework/Versions/3.11/lib/python3.11/site-packages/airflow/example_dags/example_task_group.py for tasks to queue
[2023-06-16T12:44:58.618+0700] {logging_mixin.py:149} INFO - [2023-06-16T12:44:58.617+0700] {dagbag.py:541} INFO - Filling up the DagBag from /Library/Frameworks/Python.framework/Versions/3.11/lib/python3.11/site-packages/airflow/example_dags/example_task_group.py
[2023-06-16T12:44:58.655+0700] {processor.py:836} INFO - DAG(s) dict_keys(['example_task_group']) retrieved from /Library/Frameworks/Python.framework/Versions/3.11/lib/python3.11/site-packages/airflow/example_dags/example_task_group.py
[2023-06-16T12:45:00.058+0700] {logging_mixin.py:149} INFO - [2023-06-16T12:45:00.057+0700] {dag.py:2726} INFO - Sync 1 DAGs
[2023-06-16T12:45:00.080+0700] {logging_mixin.py:149} INFO - [2023-06-16T12:45:00.080+0700] {dag.py:3486} INFO - Setting next_dagrun for example_task_group to 2023-06-15T05:45:00.079991+00:00, run_after=2023-06-16T05:45:00.079991+00:00
[2023-06-16T12:45:00.108+0700] {processor.py:179} INFO - Processing /Library/Frameworks/Python.framework/Versions/3.11/lib/python3.11/site-packages/airflow/example_dags/example_task_group.py took 1.493 seconds
[2023-06-16T12:48:03.177+0700] {processor.py:157} INFO - Started process (PID=3565) to work on /Library/Frameworks/Python.framework/Versions/3.11/lib/python3.11/site-packages/airflow/example_dags/example_task_group.py
[2023-06-16T12:48:03.179+0700] {processor.py:826} INFO - Processing file /Library/Frameworks/Python.framework/Versions/3.11/lib/python3.11/site-packages/airflow/example_dags/example_task_group.py for tasks to queue
[2023-06-16T12:48:03.179+0700] {logging_mixin.py:149} INFO - [2023-06-16T12:48:03.179+0700] {dagbag.py:541} INFO - Filling up the DagBag from /Library/Frameworks/Python.framework/Versions/3.11/lib/python3.11/site-packages/airflow/example_dags/example_task_group.py
[2023-06-16T12:48:03.211+0700] {processor.py:836} INFO - DAG(s) dict_keys(['example_task_group']) retrieved from /Library/Frameworks/Python.framework/Versions/3.11/lib/python3.11/site-packages/airflow/example_dags/example_task_group.py
[2023-06-16T12:48:04.574+0700] {logging_mixin.py:149} INFO - [2023-06-16T12:48:04.574+0700] {dag.py:2726} INFO - Sync 1 DAGs
[2023-06-16T12:48:04.599+0700] {logging_mixin.py:149} INFO - [2023-06-16T12:48:04.599+0700] {dag.py:3486} INFO - Setting next_dagrun for example_task_group to 2023-06-15T05:48:04.599413+00:00, run_after=2023-06-16T05:48:04.599413+00:00
[2023-06-16T12:48:04.623+0700] {processor.py:179} INFO - Processing /Library/Frameworks/Python.framework/Versions/3.11/lib/python3.11/site-packages/airflow/example_dags/example_task_group.py took 1.446 seconds
[2023-06-16T12:51:00.095+0700] {processor.py:157} INFO - Started process (PID=3964) to work on /Library/Frameworks/Python.framework/Versions/3.11/lib/python3.11/site-packages/airflow/example_dags/example_task_group.py
[2023-06-16T12:51:00.096+0700] {processor.py:826} INFO - Processing file /Library/Frameworks/Python.framework/Versions/3.11/lib/python3.11/site-packages/airflow/example_dags/example_task_group.py for tasks to queue
[2023-06-16T12:51:00.096+0700] {logging_mixin.py:149} INFO - [2023-06-16T12:51:00.096+0700] {dagbag.py:541} INFO - Filling up the DagBag from /Library/Frameworks/Python.framework/Versions/3.11/lib/python3.11/site-packages/airflow/example_dags/example_task_group.py
[2023-06-16T12:51:00.123+0700] {processor.py:836} INFO - DAG(s) dict_keys(['example_task_group']) retrieved from /Library/Frameworks/Python.framework/Versions/3.11/lib/python3.11/site-packages/airflow/example_dags/example_task_group.py
[2023-06-16T12:51:01.297+0700] {logging_mixin.py:149} INFO - [2023-06-16T12:51:01.297+0700] {dag.py:2726} INFO - Sync 1 DAGs
[2023-06-16T12:51:01.315+0700] {logging_mixin.py:149} INFO - [2023-06-16T12:51:01.315+0700] {dag.py:3486} INFO - Setting next_dagrun for example_task_group to 2023-06-15T05:51:01.315464+00:00, run_after=2023-06-16T05:51:01.315464+00:00
[2023-06-16T12:51:01.333+0700] {processor.py:179} INFO - Processing /Library/Frameworks/Python.framework/Versions/3.11/lib/python3.11/site-packages/airflow/example_dags/example_task_group.py took 1.239 seconds
[2023-06-16T12:53:33.315+0700] {processor.py:157} INFO - Started process (PID=4310) to work on /Library/Frameworks/Python.framework/Versions/3.11/lib/python3.11/site-packages/airflow/example_dags/example_task_group.py
[2023-06-16T12:53:33.316+0700] {processor.py:826} INFO - Processing file /Library/Frameworks/Python.framework/Versions/3.11/lib/python3.11/site-packages/airflow/example_dags/example_task_group.py for tasks to queue
[2023-06-16T12:53:33.317+0700] {logging_mixin.py:149} INFO - [2023-06-16T12:53:33.317+0700] {dagbag.py:541} INFO - Filling up the DagBag from /Library/Frameworks/Python.framework/Versions/3.11/lib/python3.11/site-packages/airflow/example_dags/example_task_group.py
[2023-06-16T12:53:33.352+0700] {processor.py:836} INFO - DAG(s) dict_keys(['example_task_group']) retrieved from /Library/Frameworks/Python.framework/Versions/3.11/lib/python3.11/site-packages/airflow/example_dags/example_task_group.py
[2023-06-16T12:53:34.645+0700] {logging_mixin.py:149} INFO - [2023-06-16T12:53:34.644+0700] {dag.py:2726} INFO - Sync 1 DAGs
[2023-06-16T12:53:34.667+0700] {logging_mixin.py:149} INFO - [2023-06-16T12:53:34.667+0700] {dag.py:3486} INFO - Setting next_dagrun for example_task_group to 2023-06-15T05:53:34.667262+00:00, run_after=2023-06-16T05:53:34.667262+00:00
[2023-06-16T12:53:34.685+0700] {processor.py:179} INFO - Processing /Library/Frameworks/Python.framework/Versions/3.11/lib/python3.11/site-packages/airflow/example_dags/example_task_group.py took 1.371 seconds
[2023-06-16T12:56:10.671+0700] {processor.py:157} INFO - Started process (PID=4687) to work on /Library/Frameworks/Python.framework/Versions/3.11/lib/python3.11/site-packages/airflow/example_dags/example_task_group.py
[2023-06-16T12:56:10.672+0700] {processor.py:826} INFO - Processing file /Library/Frameworks/Python.framework/Versions/3.11/lib/python3.11/site-packages/airflow/example_dags/example_task_group.py for tasks to queue
[2023-06-16T12:56:10.673+0700] {logging_mixin.py:149} INFO - [2023-06-16T12:56:10.673+0700] {dagbag.py:541} INFO - Filling up the DagBag from /Library/Frameworks/Python.framework/Versions/3.11/lib/python3.11/site-packages/airflow/example_dags/example_task_group.py
[2023-06-16T12:56:10.702+0700] {processor.py:836} INFO - DAG(s) dict_keys(['example_task_group']) retrieved from /Library/Frameworks/Python.framework/Versions/3.11/lib/python3.11/site-packages/airflow/example_dags/example_task_group.py
[2023-06-16T12:56:11.866+0700] {logging_mixin.py:149} INFO - [2023-06-16T12:56:11.866+0700] {dag.py:2726} INFO - Sync 1 DAGs
[2023-06-16T12:56:11.888+0700] {logging_mixin.py:149} INFO - [2023-06-16T12:56:11.887+0700] {dag.py:3486} INFO - Setting next_dagrun for example_task_group to 2023-06-15T05:56:11.887776+00:00, run_after=2023-06-16T05:56:11.887776+00:00
[2023-06-16T12:56:11.909+0700] {processor.py:179} INFO - Processing /Library/Frameworks/Python.framework/Versions/3.11/lib/python3.11/site-packages/airflow/example_dags/example_task_group.py took 1.239 seconds
[2023-06-16T12:58:45.846+0700] {processor.py:157} INFO - Started process (PID=5100) to work on /Library/Frameworks/Python.framework/Versions/3.11/lib/python3.11/site-packages/airflow/example_dags/example_task_group.py
[2023-06-16T12:58:45.847+0700] {processor.py:826} INFO - Processing file /Library/Frameworks/Python.framework/Versions/3.11/lib/python3.11/site-packages/airflow/example_dags/example_task_group.py for tasks to queue
[2023-06-16T12:58:45.848+0700] {logging_mixin.py:149} INFO - [2023-06-16T12:58:45.847+0700] {dagbag.py:541} INFO - Filling up the DagBag from /Library/Frameworks/Python.framework/Versions/3.11/lib/python3.11/site-packages/airflow/example_dags/example_task_group.py
[2023-06-16T12:58:45.879+0700] {processor.py:836} INFO - DAG(s) dict_keys(['example_task_group']) retrieved from /Library/Frameworks/Python.framework/Versions/3.11/lib/python3.11/site-packages/airflow/example_dags/example_task_group.py
[2023-06-16T12:58:47.305+0700] {logging_mixin.py:149} INFO - [2023-06-16T12:58:47.305+0700] {dag.py:2726} INFO - Sync 1 DAGs
[2023-06-16T12:58:47.331+0700] {logging_mixin.py:149} INFO - [2023-06-16T12:58:47.330+0700] {dag.py:3486} INFO - Setting next_dagrun for example_task_group to 2023-06-15T05:58:47.330736+00:00, run_after=2023-06-16T05:58:47.330736+00:00
[2023-06-16T12:58:47.358+0700] {processor.py:179} INFO - Processing /Library/Frameworks/Python.framework/Versions/3.11/lib/python3.11/site-packages/airflow/example_dags/example_task_group.py took 1.513 seconds
[2023-06-16T13:01:41.500+0700] {processor.py:157} INFO - Started process (PID=5556) to work on /Library/Frameworks/Python.framework/Versions/3.11/lib/python3.11/site-packages/airflow/example_dags/example_task_group.py
[2023-06-16T13:01:41.502+0700] {processor.py:826} INFO - Processing file /Library/Frameworks/Python.framework/Versions/3.11/lib/python3.11/site-packages/airflow/example_dags/example_task_group.py for tasks to queue
[2023-06-16T13:01:41.502+0700] {logging_mixin.py:149} INFO - [2023-06-16T13:01:41.502+0700] {dagbag.py:541} INFO - Filling up the DagBag from /Library/Frameworks/Python.framework/Versions/3.11/lib/python3.11/site-packages/airflow/example_dags/example_task_group.py
[2023-06-16T13:01:41.536+0700] {processor.py:836} INFO - DAG(s) dict_keys(['example_task_group']) retrieved from /Library/Frameworks/Python.framework/Versions/3.11/lib/python3.11/site-packages/airflow/example_dags/example_task_group.py
[2023-06-16T13:01:42.891+0700] {logging_mixin.py:149} INFO - [2023-06-16T13:01:42.890+0700] {dag.py:2726} INFO - Sync 1 DAGs
[2023-06-16T13:01:42.932+0700] {logging_mixin.py:149} INFO - [2023-06-16T13:01:42.931+0700] {dag.py:3486} INFO - Setting next_dagrun for example_task_group to 2023-06-15T06:01:42.931554+00:00, run_after=2023-06-16T06:01:42.931554+00:00
[2023-06-16T13:01:42.969+0700] {processor.py:179} INFO - Processing /Library/Frameworks/Python.framework/Versions/3.11/lib/python3.11/site-packages/airflow/example_dags/example_task_group.py took 1.470 seconds
[2023-06-16T13:04:25.301+0700] {processor.py:157} INFO - Started process (PID=5983) to work on /Library/Frameworks/Python.framework/Versions/3.11/lib/python3.11/site-packages/airflow/example_dags/example_task_group.py
[2023-06-16T13:04:25.302+0700] {processor.py:826} INFO - Processing file /Library/Frameworks/Python.framework/Versions/3.11/lib/python3.11/site-packages/airflow/example_dags/example_task_group.py for tasks to queue
[2023-06-16T13:04:25.303+0700] {logging_mixin.py:149} INFO - [2023-06-16T13:04:25.303+0700] {dagbag.py:541} INFO - Filling up the DagBag from /Library/Frameworks/Python.framework/Versions/3.11/lib/python3.11/site-packages/airflow/example_dags/example_task_group.py
[2023-06-16T13:04:25.347+0700] {processor.py:836} INFO - DAG(s) dict_keys(['example_task_group']) retrieved from /Library/Frameworks/Python.framework/Versions/3.11/lib/python3.11/site-packages/airflow/example_dags/example_task_group.py
[2023-06-16T13:04:26.889+0700] {logging_mixin.py:149} INFO - [2023-06-16T13:04:26.889+0700] {dag.py:2726} INFO - Sync 1 DAGs
[2023-06-16T13:04:26.934+0700] {logging_mixin.py:149} INFO - [2023-06-16T13:04:26.934+0700] {dag.py:3486} INFO - Setting next_dagrun for example_task_group to 2023-06-15T06:04:26.934024+00:00, run_after=2023-06-16T06:04:26.934024+00:00
[2023-06-16T13:04:26.989+0700] {processor.py:179} INFO - Processing /Library/Frameworks/Python.framework/Versions/3.11/lib/python3.11/site-packages/airflow/example_dags/example_task_group.py took 1.689 seconds
[2023-06-16T13:07:01.079+0700] {processor.py:157} INFO - Started process (PID=6307) to work on /Library/Frameworks/Python.framework/Versions/3.11/lib/python3.11/site-packages/airflow/example_dags/example_task_group.py
[2023-06-16T13:07:01.080+0700] {processor.py:826} INFO - Processing file /Library/Frameworks/Python.framework/Versions/3.11/lib/python3.11/site-packages/airflow/example_dags/example_task_group.py for tasks to queue
[2023-06-16T13:07:01.081+0700] {logging_mixin.py:149} INFO - [2023-06-16T13:07:01.081+0700] {dagbag.py:541} INFO - Filling up the DagBag from /Library/Frameworks/Python.framework/Versions/3.11/lib/python3.11/site-packages/airflow/example_dags/example_task_group.py
[2023-06-16T13:07:01.105+0700] {processor.py:836} INFO - DAG(s) dict_keys(['example_task_group']) retrieved from /Library/Frameworks/Python.framework/Versions/3.11/lib/python3.11/site-packages/airflow/example_dags/example_task_group.py
[2023-06-16T13:07:02.400+0700] {logging_mixin.py:149} INFO - [2023-06-16T13:07:02.399+0700] {dag.py:2726} INFO - Sync 1 DAGs
[2023-06-16T13:07:02.423+0700] {logging_mixin.py:149} INFO - [2023-06-16T13:07:02.423+0700] {dag.py:3486} INFO - Setting next_dagrun for example_task_group to 2023-06-15T06:07:02.423077+00:00, run_after=2023-06-16T06:07:02.423077+00:00
[2023-06-16T13:07:02.446+0700] {processor.py:179} INFO - Processing /Library/Frameworks/Python.framework/Versions/3.11/lib/python3.11/site-packages/airflow/example_dags/example_task_group.py took 1.369 seconds
[2023-06-16T13:09:37.126+0700] {processor.py:157} INFO - Started process (PID=6672) to work on /Library/Frameworks/Python.framework/Versions/3.11/lib/python3.11/site-packages/airflow/example_dags/example_task_group.py
[2023-06-16T13:09:37.128+0700] {processor.py:826} INFO - Processing file /Library/Frameworks/Python.framework/Versions/3.11/lib/python3.11/site-packages/airflow/example_dags/example_task_group.py for tasks to queue
[2023-06-16T13:09:37.128+0700] {logging_mixin.py:149} INFO - [2023-06-16T13:09:37.128+0700] {dagbag.py:541} INFO - Filling up the DagBag from /Library/Frameworks/Python.framework/Versions/3.11/lib/python3.11/site-packages/airflow/example_dags/example_task_group.py
[2023-06-16T13:09:37.154+0700] {processor.py:836} INFO - DAG(s) dict_keys(['example_task_group']) retrieved from /Library/Frameworks/Python.framework/Versions/3.11/lib/python3.11/site-packages/airflow/example_dags/example_task_group.py
[2023-06-16T13:09:38.254+0700] {logging_mixin.py:149} INFO - [2023-06-16T13:09:38.254+0700] {dag.py:2726} INFO - Sync 1 DAGs
[2023-06-16T13:09:38.276+0700] {logging_mixin.py:149} INFO - [2023-06-16T13:09:38.276+0700] {dag.py:3486} INFO - Setting next_dagrun for example_task_group to 2023-06-15T06:09:38.276487+00:00, run_after=2023-06-16T06:09:38.276487+00:00
[2023-06-16T13:09:38.295+0700] {processor.py:179} INFO - Processing /Library/Frameworks/Python.framework/Versions/3.11/lib/python3.11/site-packages/airflow/example_dags/example_task_group.py took 1.170 seconds
[2023-06-16T13:12:09.863+0700] {processor.py:157} INFO - Started process (PID=7065) to work on /Library/Frameworks/Python.framework/Versions/3.11/lib/python3.11/site-packages/airflow/example_dags/example_task_group.py
[2023-06-16T13:12:09.865+0700] {processor.py:826} INFO - Processing file /Library/Frameworks/Python.framework/Versions/3.11/lib/python3.11/site-packages/airflow/example_dags/example_task_group.py for tasks to queue
[2023-06-16T13:12:09.865+0700] {logging_mixin.py:149} INFO - [2023-06-16T13:12:09.865+0700] {dagbag.py:541} INFO - Filling up the DagBag from /Library/Frameworks/Python.framework/Versions/3.11/lib/python3.11/site-packages/airflow/example_dags/example_task_group.py
[2023-06-16T13:12:09.890+0700] {processor.py:836} INFO - DAG(s) dict_keys(['example_task_group']) retrieved from /Library/Frameworks/Python.framework/Versions/3.11/lib/python3.11/site-packages/airflow/example_dags/example_task_group.py
[2023-06-16T13:12:11.129+0700] {logging_mixin.py:149} INFO - [2023-06-16T13:12:11.128+0700] {dag.py:2726} INFO - Sync 1 DAGs
[2023-06-16T13:12:11.156+0700] {logging_mixin.py:149} INFO - [2023-06-16T13:12:11.155+0700] {dag.py:3486} INFO - Setting next_dagrun for example_task_group to 2023-06-15T06:12:11.155684+00:00, run_after=2023-06-16T06:12:11.155684+00:00
[2023-06-16T13:12:11.182+0700] {processor.py:179} INFO - Processing /Library/Frameworks/Python.framework/Versions/3.11/lib/python3.11/site-packages/airflow/example_dags/example_task_group.py took 1.320 seconds
[2023-06-16T13:15:07.699+0700] {processor.py:157} INFO - Started process (PID=7518) to work on /Library/Frameworks/Python.framework/Versions/3.11/lib/python3.11/site-packages/airflow/example_dags/example_task_group.py
[2023-06-16T13:15:07.701+0700] {processor.py:826} INFO - Processing file /Library/Frameworks/Python.framework/Versions/3.11/lib/python3.11/site-packages/airflow/example_dags/example_task_group.py for tasks to queue
[2023-06-16T13:15:07.701+0700] {logging_mixin.py:149} INFO - [2023-06-16T13:15:07.701+0700] {dagbag.py:541} INFO - Filling up the DagBag from /Library/Frameworks/Python.framework/Versions/3.11/lib/python3.11/site-packages/airflow/example_dags/example_task_group.py
[2023-06-16T13:15:07.728+0700] {processor.py:836} INFO - DAG(s) dict_keys(['example_task_group']) retrieved from /Library/Frameworks/Python.framework/Versions/3.11/lib/python3.11/site-packages/airflow/example_dags/example_task_group.py
[2023-06-16T13:15:08.998+0700] {logging_mixin.py:149} INFO - [2023-06-16T13:15:08.997+0700] {dag.py:2726} INFO - Sync 1 DAGs
[2023-06-16T13:15:09.018+0700] {logging_mixin.py:149} INFO - [2023-06-16T13:15:09.018+0700] {dag.py:3486} INFO - Setting next_dagrun for example_task_group to 2023-06-15T06:15:09.018128+00:00, run_after=2023-06-16T06:15:09.018128+00:00
[2023-06-16T13:15:09.041+0700] {processor.py:179} INFO - Processing /Library/Frameworks/Python.framework/Versions/3.11/lib/python3.11/site-packages/airflow/example_dags/example_task_group.py took 1.343 seconds
[2023-06-16T13:18:32.835+0700] {processor.py:157} INFO - Started process (PID=8025) to work on /Library/Frameworks/Python.framework/Versions/3.11/lib/python3.11/site-packages/airflow/example_dags/example_task_group.py
[2023-06-16T13:18:32.837+0700] {processor.py:826} INFO - Processing file /Library/Frameworks/Python.framework/Versions/3.11/lib/python3.11/site-packages/airflow/example_dags/example_task_group.py for tasks to queue
[2023-06-16T13:18:32.837+0700] {logging_mixin.py:149} INFO - [2023-06-16T13:18:32.837+0700] {dagbag.py:541} INFO - Filling up the DagBag from /Library/Frameworks/Python.framework/Versions/3.11/lib/python3.11/site-packages/airflow/example_dags/example_task_group.py
[2023-06-16T13:18:32.862+0700] {processor.py:836} INFO - DAG(s) dict_keys(['example_task_group']) retrieved from /Library/Frameworks/Python.framework/Versions/3.11/lib/python3.11/site-packages/airflow/example_dags/example_task_group.py
[2023-06-16T13:18:34.021+0700] {logging_mixin.py:149} INFO - [2023-06-16T13:18:34.021+0700] {dag.py:2726} INFO - Sync 1 DAGs
[2023-06-16T13:18:34.044+0700] {logging_mixin.py:149} INFO - [2023-06-16T13:18:34.044+0700] {dag.py:3486} INFO - Setting next_dagrun for example_task_group to 2023-06-15T06:18:34.044284+00:00, run_after=2023-06-16T06:18:34.044284+00:00
[2023-06-16T13:18:34.067+0700] {processor.py:179} INFO - Processing /Library/Frameworks/Python.framework/Versions/3.11/lib/python3.11/site-packages/airflow/example_dags/example_task_group.py took 1.233 seconds
[2023-06-16T13:21:28.798+0700] {processor.py:157} INFO - Started process (PID=8409) to work on /Library/Frameworks/Python.framework/Versions/3.11/lib/python3.11/site-packages/airflow/example_dags/example_task_group.py
[2023-06-16T13:21:28.799+0700] {processor.py:826} INFO - Processing file /Library/Frameworks/Python.framework/Versions/3.11/lib/python3.11/site-packages/airflow/example_dags/example_task_group.py for tasks to queue
[2023-06-16T13:21:28.799+0700] {logging_mixin.py:149} INFO - [2023-06-16T13:21:28.799+0700] {dagbag.py:541} INFO - Filling up the DagBag from /Library/Frameworks/Python.framework/Versions/3.11/lib/python3.11/site-packages/airflow/example_dags/example_task_group.py
[2023-06-16T13:21:28.830+0700] {processor.py:836} INFO - DAG(s) dict_keys(['example_task_group']) retrieved from /Library/Frameworks/Python.framework/Versions/3.11/lib/python3.11/site-packages/airflow/example_dags/example_task_group.py
[2023-06-16T13:21:29.898+0700] {logging_mixin.py:149} INFO - [2023-06-16T13:21:29.898+0700] {dag.py:2726} INFO - Sync 1 DAGs
[2023-06-16T13:21:29.918+0700] {logging_mixin.py:149} INFO - [2023-06-16T13:21:29.917+0700] {dag.py:3486} INFO - Setting next_dagrun for example_task_group to 2023-06-15T06:21:29.917685+00:00, run_after=2023-06-16T06:21:29.917685+00:00
[2023-06-16T13:21:29.942+0700] {processor.py:179} INFO - Processing /Library/Frameworks/Python.framework/Versions/3.11/lib/python3.11/site-packages/airflow/example_dags/example_task_group.py took 1.145 seconds
[2023-06-16T13:24:03.770+0700] {processor.py:157} INFO - Started process (PID=8714) to work on /Library/Frameworks/Python.framework/Versions/3.11/lib/python3.11/site-packages/airflow/example_dags/example_task_group.py
[2023-06-16T13:24:03.772+0700] {processor.py:826} INFO - Processing file /Library/Frameworks/Python.framework/Versions/3.11/lib/python3.11/site-packages/airflow/example_dags/example_task_group.py for tasks to queue
[2023-06-16T13:24:03.772+0700] {logging_mixin.py:149} INFO - [2023-06-16T13:24:03.772+0700] {dagbag.py:541} INFO - Filling up the DagBag from /Library/Frameworks/Python.framework/Versions/3.11/lib/python3.11/site-packages/airflow/example_dags/example_task_group.py
[2023-06-16T13:24:03.800+0700] {processor.py:836} INFO - DAG(s) dict_keys(['example_task_group']) retrieved from /Library/Frameworks/Python.framework/Versions/3.11/lib/python3.11/site-packages/airflow/example_dags/example_task_group.py
[2023-06-16T13:24:04.905+0700] {logging_mixin.py:149} INFO - [2023-06-16T13:24:04.904+0700] {dag.py:2726} INFO - Sync 1 DAGs
[2023-06-16T13:24:04.922+0700] {logging_mixin.py:149} INFO - [2023-06-16T13:24:04.922+0700] {dag.py:3486} INFO - Setting next_dagrun for example_task_group to 2023-06-15T06:24:04.922218+00:00, run_after=2023-06-16T06:24:04.922218+00:00
[2023-06-16T13:24:04.944+0700] {processor.py:179} INFO - Processing /Library/Frameworks/Python.framework/Versions/3.11/lib/python3.11/site-packages/airflow/example_dags/example_task_group.py took 1.174 seconds
[2023-06-16T13:26:25.366+0700] {processor.py:157} INFO - Started process (PID=9067) to work on /Library/Frameworks/Python.framework/Versions/3.11/lib/python3.11/site-packages/airflow/example_dags/example_task_group.py
[2023-06-16T13:26:25.366+0700] {processor.py:826} INFO - Processing file /Library/Frameworks/Python.framework/Versions/3.11/lib/python3.11/site-packages/airflow/example_dags/example_task_group.py for tasks to queue
[2023-06-16T13:26:25.367+0700] {logging_mixin.py:149} INFO - [2023-06-16T13:26:25.367+0700] {dagbag.py:541} INFO - Filling up the DagBag from /Library/Frameworks/Python.framework/Versions/3.11/lib/python3.11/site-packages/airflow/example_dags/example_task_group.py
[2023-06-16T13:26:25.392+0700] {processor.py:836} INFO - DAG(s) dict_keys(['example_task_group']) retrieved from /Library/Frameworks/Python.framework/Versions/3.11/lib/python3.11/site-packages/airflow/example_dags/example_task_group.py
[2023-06-16T13:26:26.729+0700] {logging_mixin.py:149} INFO - [2023-06-16T13:26:26.729+0700] {dag.py:2726} INFO - Sync 1 DAGs
[2023-06-16T13:26:26.753+0700] {logging_mixin.py:149} INFO - [2023-06-16T13:26:26.753+0700] {dag.py:3486} INFO - Setting next_dagrun for example_task_group to 2023-06-15T06:26:26.752915+00:00, run_after=2023-06-16T06:26:26.752915+00:00
[2023-06-16T13:26:26.778+0700] {processor.py:179} INFO - Processing /Library/Frameworks/Python.framework/Versions/3.11/lib/python3.11/site-packages/airflow/example_dags/example_task_group.py took 1.413 seconds
[2023-06-16T13:28:56.059+0700] {processor.py:157} INFO - Started process (PID=9357) to work on /Library/Frameworks/Python.framework/Versions/3.11/lib/python3.11/site-packages/airflow/example_dags/example_task_group.py
[2023-06-16T13:28:56.060+0700] {processor.py:826} INFO - Processing file /Library/Frameworks/Python.framework/Versions/3.11/lib/python3.11/site-packages/airflow/example_dags/example_task_group.py for tasks to queue
[2023-06-16T13:28:56.061+0700] {logging_mixin.py:149} INFO - [2023-06-16T13:28:56.060+0700] {dagbag.py:541} INFO - Filling up the DagBag from /Library/Frameworks/Python.framework/Versions/3.11/lib/python3.11/site-packages/airflow/example_dags/example_task_group.py
[2023-06-16T13:28:56.087+0700] {processor.py:836} INFO - DAG(s) dict_keys(['example_task_group']) retrieved from /Library/Frameworks/Python.framework/Versions/3.11/lib/python3.11/site-packages/airflow/example_dags/example_task_group.py
[2023-06-16T13:28:57.187+0700] {logging_mixin.py:149} INFO - [2023-06-16T13:28:57.187+0700] {dag.py:2726} INFO - Sync 1 DAGs
[2023-06-16T13:28:57.208+0700] {logging_mixin.py:149} INFO - [2023-06-16T13:28:57.207+0700] {dag.py:3486} INFO - Setting next_dagrun for example_task_group to 2023-06-15T06:28:57.207766+00:00, run_after=2023-06-16T06:28:57.207766+00:00
[2023-06-16T13:28:57.229+0700] {processor.py:179} INFO - Processing /Library/Frameworks/Python.framework/Versions/3.11/lib/python3.11/site-packages/airflow/example_dags/example_task_group.py took 1.171 seconds
[2023-06-16T13:31:26.522+0700] {processor.py:157} INFO - Started process (PID=9764) to work on /Library/Frameworks/Python.framework/Versions/3.11/lib/python3.11/site-packages/airflow/example_dags/example_task_group.py
[2023-06-16T13:31:26.523+0700] {processor.py:826} INFO - Processing file /Library/Frameworks/Python.framework/Versions/3.11/lib/python3.11/site-packages/airflow/example_dags/example_task_group.py for tasks to queue
[2023-06-16T13:31:26.523+0700] {logging_mixin.py:149} INFO - [2023-06-16T13:31:26.523+0700] {dagbag.py:541} INFO - Filling up the DagBag from /Library/Frameworks/Python.framework/Versions/3.11/lib/python3.11/site-packages/airflow/example_dags/example_task_group.py
[2023-06-16T13:31:26.553+0700] {processor.py:836} INFO - DAG(s) dict_keys(['example_task_group']) retrieved from /Library/Frameworks/Python.framework/Versions/3.11/lib/python3.11/site-packages/airflow/example_dags/example_task_group.py
[2023-06-16T13:31:27.719+0700] {logging_mixin.py:149} INFO - [2023-06-16T13:31:27.719+0700] {dag.py:2726} INFO - Sync 1 DAGs
[2023-06-16T13:31:27.738+0700] {logging_mixin.py:149} INFO - [2023-06-16T13:31:27.738+0700] {dag.py:3486} INFO - Setting next_dagrun for example_task_group to 2023-06-15T06:31:27.738503+00:00, run_after=2023-06-16T06:31:27.738503+00:00
[2023-06-16T13:31:27.762+0700] {processor.py:179} INFO - Processing /Library/Frameworks/Python.framework/Versions/3.11/lib/python3.11/site-packages/airflow/example_dags/example_task_group.py took 1.242 seconds
[2023-06-16T13:34:01.455+0700] {processor.py:157} INFO - Started process (PID=10331) to work on /Library/Frameworks/Python.framework/Versions/3.11/lib/python3.11/site-packages/airflow/example_dags/example_task_group.py
[2023-06-16T13:34:01.456+0700] {processor.py:826} INFO - Processing file /Library/Frameworks/Python.framework/Versions/3.11/lib/python3.11/site-packages/airflow/example_dags/example_task_group.py for tasks to queue
[2023-06-16T13:34:01.457+0700] {logging_mixin.py:149} INFO - [2023-06-16T13:34:01.457+0700] {dagbag.py:541} INFO - Filling up the DagBag from /Library/Frameworks/Python.framework/Versions/3.11/lib/python3.11/site-packages/airflow/example_dags/example_task_group.py
[2023-06-16T13:34:01.485+0700] {processor.py:836} INFO - DAG(s) dict_keys(['example_task_group']) retrieved from /Library/Frameworks/Python.framework/Versions/3.11/lib/python3.11/site-packages/airflow/example_dags/example_task_group.py
[2023-06-16T13:34:03.170+0700] {logging_mixin.py:149} INFO - [2023-06-16T13:34:03.169+0700] {dag.py:2726} INFO - Sync 1 DAGs
[2023-06-16T13:34:03.201+0700] {logging_mixin.py:149} INFO - [2023-06-16T13:34:03.201+0700] {dag.py:3486} INFO - Setting next_dagrun for example_task_group to 2023-06-15T06:34:03.201541+00:00, run_after=2023-06-16T06:34:03.201541+00:00
[2023-06-16T13:34:03.235+0700] {processor.py:179} INFO - Processing /Library/Frameworks/Python.framework/Versions/3.11/lib/python3.11/site-packages/airflow/example_dags/example_task_group.py took 1.781 seconds
[2023-06-16T13:36:55.419+0700] {processor.py:157} INFO - Started process (PID=10731) to work on /Library/Frameworks/Python.framework/Versions/3.11/lib/python3.11/site-packages/airflow/example_dags/example_task_group.py
[2023-06-16T13:36:55.421+0700] {processor.py:826} INFO - Processing file /Library/Frameworks/Python.framework/Versions/3.11/lib/python3.11/site-packages/airflow/example_dags/example_task_group.py for tasks to queue
[2023-06-16T13:36:55.423+0700] {logging_mixin.py:149} INFO - [2023-06-16T13:36:55.423+0700] {dagbag.py:541} INFO - Filling up the DagBag from /Library/Frameworks/Python.framework/Versions/3.11/lib/python3.11/site-packages/airflow/example_dags/example_task_group.py
[2023-06-16T13:36:55.468+0700] {processor.py:836} INFO - DAG(s) dict_keys(['example_task_group']) retrieved from /Library/Frameworks/Python.framework/Versions/3.11/lib/python3.11/site-packages/airflow/example_dags/example_task_group.py
[2023-06-16T13:36:56.803+0700] {logging_mixin.py:149} INFO - [2023-06-16T13:36:56.803+0700] {dag.py:2726} INFO - Sync 1 DAGs
[2023-06-16T13:36:56.841+0700] {logging_mixin.py:149} INFO - [2023-06-16T13:36:56.840+0700] {dag.py:3486} INFO - Setting next_dagrun for example_task_group to 2023-06-15T06:36:56.840573+00:00, run_after=2023-06-16T06:36:56.840573+00:00
[2023-06-16T13:36:56.870+0700] {processor.py:179} INFO - Processing /Library/Frameworks/Python.framework/Versions/3.11/lib/python3.11/site-packages/airflow/example_dags/example_task_group.py took 1.452 seconds
[2023-06-16T13:39:38.778+0700] {processor.py:157} INFO - Started process (PID=11086) to work on /Library/Frameworks/Python.framework/Versions/3.11/lib/python3.11/site-packages/airflow/example_dags/example_task_group.py
[2023-06-16T13:39:38.779+0700] {processor.py:826} INFO - Processing file /Library/Frameworks/Python.framework/Versions/3.11/lib/python3.11/site-packages/airflow/example_dags/example_task_group.py for tasks to queue
[2023-06-16T13:39:38.780+0700] {logging_mixin.py:149} INFO - [2023-06-16T13:39:38.780+0700] {dagbag.py:541} INFO - Filling up the DagBag from /Library/Frameworks/Python.framework/Versions/3.11/lib/python3.11/site-packages/airflow/example_dags/example_task_group.py
[2023-06-16T13:39:38.802+0700] {processor.py:836} INFO - DAG(s) dict_keys(['example_task_group']) retrieved from /Library/Frameworks/Python.framework/Versions/3.11/lib/python3.11/site-packages/airflow/example_dags/example_task_group.py
[2023-06-16T13:39:40.277+0700] {logging_mixin.py:149} INFO - [2023-06-16T13:39:40.277+0700] {dag.py:2726} INFO - Sync 1 DAGs
[2023-06-16T13:39:40.295+0700] {logging_mixin.py:149} INFO - [2023-06-16T13:39:40.294+0700] {dag.py:3486} INFO - Setting next_dagrun for example_task_group to 2023-06-15T06:39:40.294723+00:00, run_after=2023-06-16T06:39:40.294723+00:00
[2023-06-16T13:39:40.318+0700] {processor.py:179} INFO - Processing /Library/Frameworks/Python.framework/Versions/3.11/lib/python3.11/site-packages/airflow/example_dags/example_task_group.py took 1.540 seconds
[2023-06-16T13:42:16.465+0700] {processor.py:157} INFO - Started process (PID=11384) to work on /Library/Frameworks/Python.framework/Versions/3.11/lib/python3.11/site-packages/airflow/example_dags/example_task_group.py
[2023-06-16T13:42:16.466+0700] {processor.py:826} INFO - Processing file /Library/Frameworks/Python.framework/Versions/3.11/lib/python3.11/site-packages/airflow/example_dags/example_task_group.py for tasks to queue
[2023-06-16T13:42:16.467+0700] {logging_mixin.py:149} INFO - [2023-06-16T13:42:16.467+0700] {dagbag.py:541} INFO - Filling up the DagBag from /Library/Frameworks/Python.framework/Versions/3.11/lib/python3.11/site-packages/airflow/example_dags/example_task_group.py
[2023-06-16T13:42:16.503+0700] {processor.py:836} INFO - DAG(s) dict_keys(['example_task_group']) retrieved from /Library/Frameworks/Python.framework/Versions/3.11/lib/python3.11/site-packages/airflow/example_dags/example_task_group.py
[2023-06-16T13:42:17.856+0700] {logging_mixin.py:149} INFO - [2023-06-16T13:42:17.856+0700] {dag.py:2726} INFO - Sync 1 DAGs
[2023-06-16T13:42:17.878+0700] {logging_mixin.py:149} INFO - [2023-06-16T13:42:17.878+0700] {dag.py:3486} INFO - Setting next_dagrun for example_task_group to 2023-06-15T06:42:17.878206+00:00, run_after=2023-06-16T06:42:17.878206+00:00
[2023-06-16T13:42:17.902+0700] {processor.py:179} INFO - Processing /Library/Frameworks/Python.framework/Versions/3.11/lib/python3.11/site-packages/airflow/example_dags/example_task_group.py took 1.438 seconds
[2023-06-16T13:45:01.769+0700] {processor.py:157} INFO - Started process (PID=11744) to work on /Library/Frameworks/Python.framework/Versions/3.11/lib/python3.11/site-packages/airflow/example_dags/example_task_group.py
[2023-06-16T13:45:01.770+0700] {processor.py:826} INFO - Processing file /Library/Frameworks/Python.framework/Versions/3.11/lib/python3.11/site-packages/airflow/example_dags/example_task_group.py for tasks to queue
[2023-06-16T13:45:01.771+0700] {logging_mixin.py:149} INFO - [2023-06-16T13:45:01.771+0700] {dagbag.py:541} INFO - Filling up the DagBag from /Library/Frameworks/Python.framework/Versions/3.11/lib/python3.11/site-packages/airflow/example_dags/example_task_group.py
[2023-06-16T13:45:01.798+0700] {processor.py:836} INFO - DAG(s) dict_keys(['example_task_group']) retrieved from /Library/Frameworks/Python.framework/Versions/3.11/lib/python3.11/site-packages/airflow/example_dags/example_task_group.py
[2023-06-16T13:45:03.029+0700] {logging_mixin.py:149} INFO - [2023-06-16T13:45:03.029+0700] {dag.py:2726} INFO - Sync 1 DAGs
[2023-06-16T13:45:03.050+0700] {logging_mixin.py:149} INFO - [2023-06-16T13:45:03.050+0700] {dag.py:3486} INFO - Setting next_dagrun for example_task_group to 2023-06-15T06:45:03.050670+00:00, run_after=2023-06-16T06:45:03.050670+00:00
[2023-06-16T13:45:03.075+0700] {processor.py:179} INFO - Processing /Library/Frameworks/Python.framework/Versions/3.11/lib/python3.11/site-packages/airflow/example_dags/example_task_group.py took 1.307 seconds
[2023-06-16T13:47:42.287+0700] {processor.py:157} INFO - Started process (PID=12052) to work on /Library/Frameworks/Python.framework/Versions/3.11/lib/python3.11/site-packages/airflow/example_dags/example_task_group.py
[2023-06-16T13:47:42.288+0700] {processor.py:826} INFO - Processing file /Library/Frameworks/Python.framework/Versions/3.11/lib/python3.11/site-packages/airflow/example_dags/example_task_group.py for tasks to queue
[2023-06-16T13:47:42.289+0700] {logging_mixin.py:149} INFO - [2023-06-16T13:47:42.289+0700] {dagbag.py:541} INFO - Filling up the DagBag from /Library/Frameworks/Python.framework/Versions/3.11/lib/python3.11/site-packages/airflow/example_dags/example_task_group.py
[2023-06-16T13:47:42.310+0700] {processor.py:836} INFO - DAG(s) dict_keys(['example_task_group']) retrieved from /Library/Frameworks/Python.framework/Versions/3.11/lib/python3.11/site-packages/airflow/example_dags/example_task_group.py
[2023-06-16T13:47:43.421+0700] {logging_mixin.py:149} INFO - [2023-06-16T13:47:43.421+0700] {dag.py:2726} INFO - Sync 1 DAGs
[2023-06-16T13:47:43.446+0700] {logging_mixin.py:149} INFO - [2023-06-16T13:47:43.446+0700] {dag.py:3486} INFO - Setting next_dagrun for example_task_group to 2023-06-15T06:47:43.446466+00:00, run_after=2023-06-16T06:47:43.446466+00:00
[2023-06-16T13:47:43.497+0700] {processor.py:179} INFO - Processing /Library/Frameworks/Python.framework/Versions/3.11/lib/python3.11/site-packages/airflow/example_dags/example_task_group.py took 1.211 seconds
[2023-06-16T13:51:58.986+0700] {processor.py:157} INFO - Started process (PID=12397) to work on /Library/Frameworks/Python.framework/Versions/3.11/lib/python3.11/site-packages/airflow/example_dags/example_task_group.py
[2023-06-16T13:51:58.987+0700] {processor.py:826} INFO - Processing file /Library/Frameworks/Python.framework/Versions/3.11/lib/python3.11/site-packages/airflow/example_dags/example_task_group.py for tasks to queue
[2023-06-16T13:51:58.987+0700] {logging_mixin.py:149} INFO - [2023-06-16T13:51:58.987+0700] {dagbag.py:541} INFO - Filling up the DagBag from /Library/Frameworks/Python.framework/Versions/3.11/lib/python3.11/site-packages/airflow/example_dags/example_task_group.py
[2023-06-16T13:51:59.013+0700] {processor.py:836} INFO - DAG(s) dict_keys(['example_task_group']) retrieved from /Library/Frameworks/Python.framework/Versions/3.11/lib/python3.11/site-packages/airflow/example_dags/example_task_group.py
[2023-06-16T13:52:00.205+0700] {logging_mixin.py:149} INFO - [2023-06-16T13:52:00.205+0700] {dag.py:2726} INFO - Sync 1 DAGs
[2023-06-16T13:52:00.224+0700] {logging_mixin.py:149} INFO - [2023-06-16T13:52:00.224+0700] {dag.py:3486} INFO - Setting next_dagrun for example_task_group to 2023-06-15T06:52:00.224397+00:00, run_after=2023-06-16T06:52:00.224397+00:00
[2023-06-16T13:52:00.245+0700] {processor.py:179} INFO - Processing /Library/Frameworks/Python.framework/Versions/3.11/lib/python3.11/site-packages/airflow/example_dags/example_task_group.py took 1.261 seconds
[2023-06-16T13:54:33.272+0700] {processor.py:157} INFO - Started process (PID=12812) to work on /Library/Frameworks/Python.framework/Versions/3.11/lib/python3.11/site-packages/airflow/example_dags/example_task_group.py
[2023-06-16T13:54:33.274+0700] {processor.py:826} INFO - Processing file /Library/Frameworks/Python.framework/Versions/3.11/lib/python3.11/site-packages/airflow/example_dags/example_task_group.py for tasks to queue
[2023-06-16T13:54:33.275+0700] {logging_mixin.py:149} INFO - [2023-06-16T13:54:33.275+0700] {dagbag.py:541} INFO - Filling up the DagBag from /Library/Frameworks/Python.framework/Versions/3.11/lib/python3.11/site-packages/airflow/example_dags/example_task_group.py
[2023-06-16T13:54:33.304+0700] {processor.py:836} INFO - DAG(s) dict_keys(['example_task_group']) retrieved from /Library/Frameworks/Python.framework/Versions/3.11/lib/python3.11/site-packages/airflow/example_dags/example_task_group.py
[2023-06-16T13:54:34.605+0700] {logging_mixin.py:149} INFO - [2023-06-16T13:54:34.605+0700] {dag.py:2726} INFO - Sync 1 DAGs
[2023-06-16T13:54:34.627+0700] {logging_mixin.py:149} INFO - [2023-06-16T13:54:34.627+0700] {dag.py:3486} INFO - Setting next_dagrun for example_task_group to 2023-06-15T06:54:34.627088+00:00, run_after=2023-06-16T06:54:34.627088+00:00
[2023-06-16T13:54:34.651+0700] {processor.py:179} INFO - Processing /Library/Frameworks/Python.framework/Versions/3.11/lib/python3.11/site-packages/airflow/example_dags/example_task_group.py took 1.380 seconds
[2023-06-16T13:57:14.811+0700] {processor.py:157} INFO - Started process (PID=13171) to work on /Library/Frameworks/Python.framework/Versions/3.11/lib/python3.11/site-packages/airflow/example_dags/example_task_group.py
[2023-06-16T13:57:14.812+0700] {processor.py:826} INFO - Processing file /Library/Frameworks/Python.framework/Versions/3.11/lib/python3.11/site-packages/airflow/example_dags/example_task_group.py for tasks to queue
[2023-06-16T13:57:14.813+0700] {logging_mixin.py:149} INFO - [2023-06-16T13:57:14.812+0700] {dagbag.py:541} INFO - Filling up the DagBag from /Library/Frameworks/Python.framework/Versions/3.11/lib/python3.11/site-packages/airflow/example_dags/example_task_group.py
[2023-06-16T13:57:14.845+0700] {processor.py:836} INFO - DAG(s) dict_keys(['example_task_group']) retrieved from /Library/Frameworks/Python.framework/Versions/3.11/lib/python3.11/site-packages/airflow/example_dags/example_task_group.py
[2023-06-16T13:57:16.049+0700] {logging_mixin.py:149} INFO - [2023-06-16T13:57:16.048+0700] {dag.py:2726} INFO - Sync 1 DAGs
[2023-06-16T13:57:16.074+0700] {logging_mixin.py:149} INFO - [2023-06-16T13:57:16.074+0700] {dag.py:3486} INFO - Setting next_dagrun for example_task_group to 2023-06-15T06:57:16.073808+00:00, run_after=2023-06-16T06:57:16.073808+00:00
[2023-06-16T13:57:16.095+0700] {processor.py:179} INFO - Processing /Library/Frameworks/Python.framework/Versions/3.11/lib/python3.11/site-packages/airflow/example_dags/example_task_group.py took 1.285 seconds
[2023-06-16T13:59:54.563+0700] {processor.py:157} INFO - Started process (PID=13466) to work on /Library/Frameworks/Python.framework/Versions/3.11/lib/python3.11/site-packages/airflow/example_dags/example_task_group.py
[2023-06-16T13:59:54.563+0700] {processor.py:826} INFO - Processing file /Library/Frameworks/Python.framework/Versions/3.11/lib/python3.11/site-packages/airflow/example_dags/example_task_group.py for tasks to queue
[2023-06-16T13:59:54.564+0700] {logging_mixin.py:149} INFO - [2023-06-16T13:59:54.564+0700] {dagbag.py:541} INFO - Filling up the DagBag from /Library/Frameworks/Python.framework/Versions/3.11/lib/python3.11/site-packages/airflow/example_dags/example_task_group.py
[2023-06-16T13:59:54.588+0700] {processor.py:836} INFO - DAG(s) dict_keys(['example_task_group']) retrieved from /Library/Frameworks/Python.framework/Versions/3.11/lib/python3.11/site-packages/airflow/example_dags/example_task_group.py
[2023-06-16T13:59:55.639+0700] {logging_mixin.py:149} INFO - [2023-06-16T13:59:55.639+0700] {dag.py:2726} INFO - Sync 1 DAGs
[2023-06-16T13:59:55.669+0700] {logging_mixin.py:149} INFO - [2023-06-16T13:59:55.669+0700] {dag.py:3486} INFO - Setting next_dagrun for example_task_group to 2023-06-15T06:59:55.669138+00:00, run_after=2023-06-16T06:59:55.669138+00:00
[2023-06-16T13:59:55.688+0700] {processor.py:179} INFO - Processing /Library/Frameworks/Python.framework/Versions/3.11/lib/python3.11/site-packages/airflow/example_dags/example_task_group.py took 1.126 seconds
[2023-06-16T14:02:25.269+0700] {processor.py:157} INFO - Started process (PID=13816) to work on /Library/Frameworks/Python.framework/Versions/3.11/lib/python3.11/site-packages/airflow/example_dags/example_task_group.py
[2023-06-16T14:02:25.269+0700] {processor.py:826} INFO - Processing file /Library/Frameworks/Python.framework/Versions/3.11/lib/python3.11/site-packages/airflow/example_dags/example_task_group.py for tasks to queue
[2023-06-16T14:02:25.270+0700] {logging_mixin.py:149} INFO - [2023-06-16T14:02:25.270+0700] {dagbag.py:541} INFO - Filling up the DagBag from /Library/Frameworks/Python.framework/Versions/3.11/lib/python3.11/site-packages/airflow/example_dags/example_task_group.py
[2023-06-16T14:02:25.296+0700] {processor.py:836} INFO - DAG(s) dict_keys(['example_task_group']) retrieved from /Library/Frameworks/Python.framework/Versions/3.11/lib/python3.11/site-packages/airflow/example_dags/example_task_group.py
[2023-06-16T14:02:26.422+0700] {logging_mixin.py:149} INFO - [2023-06-16T14:02:26.422+0700] {dag.py:2726} INFO - Sync 1 DAGs
[2023-06-16T14:02:26.441+0700] {logging_mixin.py:149} INFO - [2023-06-16T14:02:26.441+0700] {dag.py:3486} INFO - Setting next_dagrun for example_task_group to 2023-06-15T07:02:26.441245+00:00, run_after=2023-06-16T07:02:26.441245+00:00
[2023-06-16T14:02:26.459+0700] {processor.py:179} INFO - Processing /Library/Frameworks/Python.framework/Versions/3.11/lib/python3.11/site-packages/airflow/example_dags/example_task_group.py took 1.192 seconds
[2023-06-16T14:04:44.927+0700] {processor.py:157} INFO - Started process (PID=14089) to work on /Library/Frameworks/Python.framework/Versions/3.11/lib/python3.11/site-packages/airflow/example_dags/example_task_group.py
[2023-06-16T14:04:44.929+0700] {processor.py:826} INFO - Processing file /Library/Frameworks/Python.framework/Versions/3.11/lib/python3.11/site-packages/airflow/example_dags/example_task_group.py for tasks to queue
[2023-06-16T14:04:44.929+0700] {logging_mixin.py:149} INFO - [2023-06-16T14:04:44.929+0700] {dagbag.py:541} INFO - Filling up the DagBag from /Library/Frameworks/Python.framework/Versions/3.11/lib/python3.11/site-packages/airflow/example_dags/example_task_group.py
[2023-06-16T14:04:44.959+0700] {processor.py:836} INFO - DAG(s) dict_keys(['example_task_group']) retrieved from /Library/Frameworks/Python.framework/Versions/3.11/lib/python3.11/site-packages/airflow/example_dags/example_task_group.py
[2023-06-16T14:04:46.151+0700] {logging_mixin.py:149} INFO - [2023-06-16T14:04:46.151+0700] {dag.py:2726} INFO - Sync 1 DAGs
[2023-06-16T14:04:46.175+0700] {logging_mixin.py:149} INFO - [2023-06-16T14:04:46.175+0700] {dag.py:3486} INFO - Setting next_dagrun for example_task_group to 2023-06-15T07:04:46.174932+00:00, run_after=2023-06-16T07:04:46.174932+00:00
[2023-06-16T14:04:46.198+0700] {processor.py:179} INFO - Processing /Library/Frameworks/Python.framework/Versions/3.11/lib/python3.11/site-packages/airflow/example_dags/example_task_group.py took 1.272 seconds
[2023-06-16T14:07:39.410+0700] {processor.py:157} INFO - Started process (PID=14585) to work on /Library/Frameworks/Python.framework/Versions/3.11/lib/python3.11/site-packages/airflow/example_dags/example_task_group.py
[2023-06-16T14:07:39.412+0700] {processor.py:826} INFO - Processing file /Library/Frameworks/Python.framework/Versions/3.11/lib/python3.11/site-packages/airflow/example_dags/example_task_group.py for tasks to queue
[2023-06-16T14:07:39.413+0700] {logging_mixin.py:149} INFO - [2023-06-16T14:07:39.413+0700] {dagbag.py:541} INFO - Filling up the DagBag from /Library/Frameworks/Python.framework/Versions/3.11/lib/python3.11/site-packages/airflow/example_dags/example_task_group.py
[2023-06-16T14:07:39.449+0700] {processor.py:836} INFO - DAG(s) dict_keys(['example_task_group']) retrieved from /Library/Frameworks/Python.framework/Versions/3.11/lib/python3.11/site-packages/airflow/example_dags/example_task_group.py
[2023-06-16T14:07:41.245+0700] {logging_mixin.py:149} INFO - [2023-06-16T14:07:41.244+0700] {dag.py:2726} INFO - Sync 1 DAGs
[2023-06-16T14:07:41.288+0700] {logging_mixin.py:149} INFO - [2023-06-16T14:07:41.288+0700] {dag.py:3486} INFO - Setting next_dagrun for example_task_group to 2023-06-15T07:07:41.287877+00:00, run_after=2023-06-16T07:07:41.287877+00:00
[2023-06-16T14:07:41.329+0700] {processor.py:179} INFO - Processing /Library/Frameworks/Python.framework/Versions/3.11/lib/python3.11/site-packages/airflow/example_dags/example_task_group.py took 1.921 seconds
