[2023-06-16T18:46:42.039+0000] {processor.py:157} INFO - Started process (PID=287) to work on /home/airflow/.local/lib/python3.7/site-packages/airflow/example_dags/example_external_task_marker_dag.py
[2023-06-16T18:46:42.044+0000] {processor.py:826} INFO - Processing file /home/airflow/.local/lib/python3.7/site-packages/airflow/example_dags/example_external_task_marker_dag.py for tasks to queue
[2023-06-16T18:46:42.049+0000] {logging_mixin.py:149} INFO - [2023-06-16T18:46:42.049+0000] {dagbag.py:541} INFO - Filling up the DagBag from /home/airflow/.local/lib/python3.7/site-packages/airflow/example_dags/example_external_task_marker_dag.py
[2023-06-16T18:46:42.071+0000] {processor.py:836} INFO - DAG(s) dict_keys(['example_external_task_marker_parent', 'example_external_task_marker_child']) retrieved from /home/airflow/.local/lib/python3.7/site-packages/airflow/example_dags/example_external_task_marker_dag.py
[2023-06-16T18:46:42.162+0000] {logging_mixin.py:149} INFO - [2023-06-16T18:46:42.162+0000] {dag.py:2726} INFO - Sync 2 DAGs
[2023-06-16T18:46:42.236+0000] {logging_mixin.py:149} INFO - [2023-06-16T18:46:42.235+0000] {dag.py:3490} INFO - Setting next_dagrun for example_external_task_marker_child to None, run_after=None
[2023-06-16T18:46:42.246+0000] {logging_mixin.py:149} INFO - [2023-06-16T18:46:42.246+0000] {dag.py:3490} INFO - Setting next_dagrun for example_external_task_marker_parent to None, run_after=None
[2023-06-16T18:46:42.284+0000] {processor.py:179} INFO - Processing /home/airflow/.local/lib/python3.7/site-packages/airflow/example_dags/example_external_task_marker_dag.py took 0.255 seconds
[2023-06-16T18:47:12.833+0000] {processor.py:157} INFO - Started process (PID=344) to work on /home/airflow/.local/lib/python3.7/site-packages/airflow/example_dags/example_external_task_marker_dag.py
[2023-06-16T18:47:12.836+0000] {processor.py:826} INFO - Processing file /home/airflow/.local/lib/python3.7/site-packages/airflow/example_dags/example_external_task_marker_dag.py for tasks to queue
[2023-06-16T18:47:12.840+0000] {logging_mixin.py:149} INFO - [2023-06-16T18:47:12.840+0000] {dagbag.py:541} INFO - Filling up the DagBag from /home/airflow/.local/lib/python3.7/site-packages/airflow/example_dags/example_external_task_marker_dag.py
[2023-06-16T18:47:12.854+0000] {processor.py:836} INFO - DAG(s) dict_keys(['example_external_task_marker_parent', 'example_external_task_marker_child']) retrieved from /home/airflow/.local/lib/python3.7/site-packages/airflow/example_dags/example_external_task_marker_dag.py
[2023-06-16T18:47:12.923+0000] {logging_mixin.py:149} INFO - [2023-06-16T18:47:12.923+0000] {dag.py:2726} INFO - Sync 2 DAGs
[2023-06-16T18:47:12.993+0000] {logging_mixin.py:149} INFO - [2023-06-16T18:47:12.993+0000] {dag.py:3490} INFO - Setting next_dagrun for example_external_task_marker_child to None, run_after=None
[2023-06-16T18:47:13.004+0000] {logging_mixin.py:149} INFO - [2023-06-16T18:47:13.003+0000] {dag.py:3490} INFO - Setting next_dagrun for example_external_task_marker_parent to None, run_after=None
[2023-06-16T18:47:13.050+0000] {processor.py:179} INFO - Processing /home/airflow/.local/lib/python3.7/site-packages/airflow/example_dags/example_external_task_marker_dag.py took 0.226 seconds
[2023-06-16T18:47:43.610+0000] {processor.py:157} INFO - Started process (PID=408) to work on /home/airflow/.local/lib/python3.7/site-packages/airflow/example_dags/example_external_task_marker_dag.py
[2023-06-16T18:47:43.614+0000] {processor.py:826} INFO - Processing file /home/airflow/.local/lib/python3.7/site-packages/airflow/example_dags/example_external_task_marker_dag.py for tasks to queue
[2023-06-16T18:47:43.618+0000] {logging_mixin.py:149} INFO - [2023-06-16T18:47:43.617+0000] {dagbag.py:541} INFO - Filling up the DagBag from /home/airflow/.local/lib/python3.7/site-packages/airflow/example_dags/example_external_task_marker_dag.py
[2023-06-16T18:47:43.637+0000] {processor.py:836} INFO - DAG(s) dict_keys(['example_external_task_marker_parent', 'example_external_task_marker_child']) retrieved from /home/airflow/.local/lib/python3.7/site-packages/airflow/example_dags/example_external_task_marker_dag.py
[2023-06-16T18:47:43.711+0000] {logging_mixin.py:149} INFO - [2023-06-16T18:47:43.710+0000] {dag.py:2726} INFO - Sync 2 DAGs
[2023-06-16T18:47:43.780+0000] {logging_mixin.py:149} INFO - [2023-06-16T18:47:43.779+0000] {dag.py:3490} INFO - Setting next_dagrun for example_external_task_marker_child to None, run_after=None
[2023-06-16T18:47:43.790+0000] {logging_mixin.py:149} INFO - [2023-06-16T18:47:43.789+0000] {dag.py:3490} INFO - Setting next_dagrun for example_external_task_marker_parent to None, run_after=None
[2023-06-16T18:47:43.832+0000] {processor.py:179} INFO - Processing /home/airflow/.local/lib/python3.7/site-packages/airflow/example_dags/example_external_task_marker_dag.py took 0.230 seconds
[2023-06-16T18:48:14.478+0000] {processor.py:157} INFO - Started process (PID=465) to work on /home/airflow/.local/lib/python3.7/site-packages/airflow/example_dags/example_external_task_marker_dag.py
[2023-06-16T18:48:14.482+0000] {processor.py:826} INFO - Processing file /home/airflow/.local/lib/python3.7/site-packages/airflow/example_dags/example_external_task_marker_dag.py for tasks to queue
[2023-06-16T18:48:14.485+0000] {logging_mixin.py:149} INFO - [2023-06-16T18:48:14.485+0000] {dagbag.py:541} INFO - Filling up the DagBag from /home/airflow/.local/lib/python3.7/site-packages/airflow/example_dags/example_external_task_marker_dag.py
[2023-06-16T18:48:14.500+0000] {processor.py:836} INFO - DAG(s) dict_keys(['example_external_task_marker_parent', 'example_external_task_marker_child']) retrieved from /home/airflow/.local/lib/python3.7/site-packages/airflow/example_dags/example_external_task_marker_dag.py
[2023-06-16T18:48:14.572+0000] {logging_mixin.py:149} INFO - [2023-06-16T18:48:14.571+0000] {dag.py:2726} INFO - Sync 2 DAGs
[2023-06-16T18:48:14.640+0000] {logging_mixin.py:149} INFO - [2023-06-16T18:48:14.639+0000] {dag.py:3490} INFO - Setting next_dagrun for example_external_task_marker_child to None, run_after=None
[2023-06-16T18:48:14.651+0000] {logging_mixin.py:149} INFO - [2023-06-16T18:48:14.651+0000] {dag.py:3490} INFO - Setting next_dagrun for example_external_task_marker_parent to None, run_after=None
[2023-06-16T18:48:14.695+0000] {processor.py:179} INFO - Processing /home/airflow/.local/lib/python3.7/site-packages/airflow/example_dags/example_external_task_marker_dag.py took 0.224 seconds
[2023-06-16T18:48:44.843+0000] {processor.py:157} INFO - Started process (PID=522) to work on /home/airflow/.local/lib/python3.7/site-packages/airflow/example_dags/example_external_task_marker_dag.py
[2023-06-16T18:48:44.848+0000] {processor.py:826} INFO - Processing file /home/airflow/.local/lib/python3.7/site-packages/airflow/example_dags/example_external_task_marker_dag.py for tasks to queue
[2023-06-16T18:48:44.853+0000] {logging_mixin.py:149} INFO - [2023-06-16T18:48:44.852+0000] {dagbag.py:541} INFO - Filling up the DagBag from /home/airflow/.local/lib/python3.7/site-packages/airflow/example_dags/example_external_task_marker_dag.py
[2023-06-16T18:48:44.874+0000] {processor.py:836} INFO - DAG(s) dict_keys(['example_external_task_marker_parent', 'example_external_task_marker_child']) retrieved from /home/airflow/.local/lib/python3.7/site-packages/airflow/example_dags/example_external_task_marker_dag.py
[2023-06-16T18:48:44.961+0000] {logging_mixin.py:149} INFO - [2023-06-16T18:48:44.961+0000] {dag.py:2726} INFO - Sync 2 DAGs
[2023-06-16T18:48:45.037+0000] {logging_mixin.py:149} INFO - [2023-06-16T18:48:45.037+0000] {dag.py:3490} INFO - Setting next_dagrun for example_external_task_marker_child to None, run_after=None
[2023-06-16T18:48:45.051+0000] {logging_mixin.py:149} INFO - [2023-06-16T18:48:45.050+0000] {dag.py:3490} INFO - Setting next_dagrun for example_external_task_marker_parent to None, run_after=None
[2023-06-16T18:48:45.099+0000] {processor.py:179} INFO - Processing /home/airflow/.local/lib/python3.7/site-packages/airflow/example_dags/example_external_task_marker_dag.py took 0.266 seconds
[2023-06-16T18:49:15.632+0000] {processor.py:157} INFO - Started process (PID=579) to work on /home/airflow/.local/lib/python3.7/site-packages/airflow/example_dags/example_external_task_marker_dag.py
[2023-06-16T18:49:15.637+0000] {processor.py:826} INFO - Processing file /home/airflow/.local/lib/python3.7/site-packages/airflow/example_dags/example_external_task_marker_dag.py for tasks to queue
[2023-06-16T18:49:15.640+0000] {logging_mixin.py:149} INFO - [2023-06-16T18:49:15.640+0000] {dagbag.py:541} INFO - Filling up the DagBag from /home/airflow/.local/lib/python3.7/site-packages/airflow/example_dags/example_external_task_marker_dag.py
[2023-06-16T18:49:15.658+0000] {processor.py:836} INFO - DAG(s) dict_keys(['example_external_task_marker_child', 'example_external_task_marker_parent']) retrieved from /home/airflow/.local/lib/python3.7/site-packages/airflow/example_dags/example_external_task_marker_dag.py
[2023-06-16T18:49:15.730+0000] {logging_mixin.py:149} INFO - [2023-06-16T18:49:15.730+0000] {dag.py:2726} INFO - Sync 2 DAGs
[2023-06-16T18:49:15.797+0000] {logging_mixin.py:149} INFO - [2023-06-16T18:49:15.796+0000] {dag.py:3490} INFO - Setting next_dagrun for example_external_task_marker_child to None, run_after=None
[2023-06-16T18:49:15.810+0000] {logging_mixin.py:149} INFO - [2023-06-16T18:49:15.809+0000] {dag.py:3490} INFO - Setting next_dagrun for example_external_task_marker_parent to None, run_after=None
[2023-06-16T18:49:15.856+0000] {processor.py:179} INFO - Processing /home/airflow/.local/lib/python3.7/site-packages/airflow/example_dags/example_external_task_marker_dag.py took 0.231 seconds
[2023-06-16T18:49:47.250+0000] {processor.py:157} INFO - Started process (PID=635) to work on /home/airflow/.local/lib/python3.7/site-packages/airflow/example_dags/example_external_task_marker_dag.py
[2023-06-16T18:49:47.256+0000] {processor.py:826} INFO - Processing file /home/airflow/.local/lib/python3.7/site-packages/airflow/example_dags/example_external_task_marker_dag.py for tasks to queue
[2023-06-16T18:49:47.261+0000] {logging_mixin.py:149} INFO - [2023-06-16T18:49:47.261+0000] {dagbag.py:541} INFO - Filling up the DagBag from /home/airflow/.local/lib/python3.7/site-packages/airflow/example_dags/example_external_task_marker_dag.py
[2023-06-16T18:49:47.280+0000] {processor.py:836} INFO - DAG(s) dict_keys(['example_external_task_marker_parent', 'example_external_task_marker_child']) retrieved from /home/airflow/.local/lib/python3.7/site-packages/airflow/example_dags/example_external_task_marker_dag.py
[2023-06-16T18:49:47.379+0000] {logging_mixin.py:149} INFO - [2023-06-16T18:49:47.379+0000] {dag.py:2726} INFO - Sync 2 DAGs
[2023-06-16T18:49:47.472+0000] {logging_mixin.py:149} INFO - [2023-06-16T18:49:47.472+0000] {dag.py:3490} INFO - Setting next_dagrun for example_external_task_marker_child to None, run_after=None
[2023-06-16T18:49:47.485+0000] {logging_mixin.py:149} INFO - [2023-06-16T18:49:47.485+0000] {dag.py:3490} INFO - Setting next_dagrun for example_external_task_marker_parent to None, run_after=None
[2023-06-16T18:49:47.548+0000] {processor.py:179} INFO - Processing /home/airflow/.local/lib/python3.7/site-packages/airflow/example_dags/example_external_task_marker_dag.py took 0.307 seconds
[2023-06-16T18:50:17.658+0000] {processor.py:157} INFO - Started process (PID=692) to work on /home/airflow/.local/lib/python3.7/site-packages/airflow/example_dags/example_external_task_marker_dag.py
[2023-06-16T18:50:17.662+0000] {processor.py:826} INFO - Processing file /home/airflow/.local/lib/python3.7/site-packages/airflow/example_dags/example_external_task_marker_dag.py for tasks to queue
[2023-06-16T18:50:17.665+0000] {logging_mixin.py:149} INFO - [2023-06-16T18:50:17.665+0000] {dagbag.py:541} INFO - Filling up the DagBag from /home/airflow/.local/lib/python3.7/site-packages/airflow/example_dags/example_external_task_marker_dag.py
[2023-06-16T18:50:17.682+0000] {processor.py:836} INFO - DAG(s) dict_keys(['example_external_task_marker_child', 'example_external_task_marker_parent']) retrieved from /home/airflow/.local/lib/python3.7/site-packages/airflow/example_dags/example_external_task_marker_dag.py
[2023-06-16T18:50:17.755+0000] {logging_mixin.py:149} INFO - [2023-06-16T18:50:17.755+0000] {dag.py:2726} INFO - Sync 2 DAGs
[2023-06-16T18:50:17.824+0000] {logging_mixin.py:149} INFO - [2023-06-16T18:50:17.824+0000] {dag.py:3490} INFO - Setting next_dagrun for example_external_task_marker_child to None, run_after=None
[2023-06-16T18:50:17.835+0000] {logging_mixin.py:149} INFO - [2023-06-16T18:50:17.834+0000] {dag.py:3490} INFO - Setting next_dagrun for example_external_task_marker_parent to None, run_after=None
[2023-06-16T18:50:17.882+0000] {processor.py:179} INFO - Processing /home/airflow/.local/lib/python3.7/site-packages/airflow/example_dags/example_external_task_marker_dag.py took 0.234 seconds
[2023-06-16T18:50:48.179+0000] {processor.py:157} INFO - Started process (PID=750) to work on /home/airflow/.local/lib/python3.7/site-packages/airflow/example_dags/example_external_task_marker_dag.py
[2023-06-16T18:50:48.184+0000] {processor.py:826} INFO - Processing file /home/airflow/.local/lib/python3.7/site-packages/airflow/example_dags/example_external_task_marker_dag.py for tasks to queue
[2023-06-16T18:50:48.187+0000] {logging_mixin.py:149} INFO - [2023-06-16T18:50:48.187+0000] {dagbag.py:541} INFO - Filling up the DagBag from /home/airflow/.local/lib/python3.7/site-packages/airflow/example_dags/example_external_task_marker_dag.py
[2023-06-16T18:50:48.206+0000] {processor.py:836} INFO - DAG(s) dict_keys(['example_external_task_marker_parent', 'example_external_task_marker_child']) retrieved from /home/airflow/.local/lib/python3.7/site-packages/airflow/example_dags/example_external_task_marker_dag.py
[2023-06-16T18:50:48.279+0000] {logging_mixin.py:149} INFO - [2023-06-16T18:50:48.278+0000] {dag.py:2726} INFO - Sync 2 DAGs
[2023-06-16T18:50:48.345+0000] {logging_mixin.py:149} INFO - [2023-06-16T18:50:48.345+0000] {dag.py:3490} INFO - Setting next_dagrun for example_external_task_marker_child to None, run_after=None
[2023-06-16T18:50:48.356+0000] {logging_mixin.py:149} INFO - [2023-06-16T18:50:48.355+0000] {dag.py:3490} INFO - Setting next_dagrun for example_external_task_marker_parent to None, run_after=None
[2023-06-16T18:50:48.400+0000] {processor.py:179} INFO - Processing /home/airflow/.local/lib/python3.7/site-packages/airflow/example_dags/example_external_task_marker_dag.py took 0.230 seconds
[2023-06-16T18:51:18.954+0000] {processor.py:157} INFO - Started process (PID=807) to work on /home/airflow/.local/lib/python3.7/site-packages/airflow/example_dags/example_external_task_marker_dag.py
[2023-06-16T18:51:18.958+0000] {processor.py:826} INFO - Processing file /home/airflow/.local/lib/python3.7/site-packages/airflow/example_dags/example_external_task_marker_dag.py for tasks to queue
[2023-06-16T18:51:18.962+0000] {logging_mixin.py:149} INFO - [2023-06-16T18:51:18.961+0000] {dagbag.py:541} INFO - Filling up the DagBag from /home/airflow/.local/lib/python3.7/site-packages/airflow/example_dags/example_external_task_marker_dag.py
[2023-06-16T18:51:18.979+0000] {processor.py:836} INFO - DAG(s) dict_keys(['example_external_task_marker_parent', 'example_external_task_marker_child']) retrieved from /home/airflow/.local/lib/python3.7/site-packages/airflow/example_dags/example_external_task_marker_dag.py
[2023-06-16T18:51:19.055+0000] {logging_mixin.py:149} INFO - [2023-06-16T18:51:19.054+0000] {dag.py:2726} INFO - Sync 2 DAGs
[2023-06-16T18:51:19.136+0000] {logging_mixin.py:149} INFO - [2023-06-16T18:51:19.135+0000] {dag.py:3490} INFO - Setting next_dagrun for example_external_task_marker_child to None, run_after=None
[2023-06-16T18:51:19.146+0000] {logging_mixin.py:149} INFO - [2023-06-16T18:51:19.146+0000] {dag.py:3490} INFO - Setting next_dagrun for example_external_task_marker_parent to None, run_after=None
[2023-06-16T18:51:19.191+0000] {processor.py:179} INFO - Processing /home/airflow/.local/lib/python3.7/site-packages/airflow/example_dags/example_external_task_marker_dag.py took 0.246 seconds
[2023-06-16T18:51:49.562+0000] {processor.py:157} INFO - Started process (PID=865) to work on /home/airflow/.local/lib/python3.7/site-packages/airflow/example_dags/example_external_task_marker_dag.py
[2023-06-16T18:51:49.572+0000] {processor.py:826} INFO - Processing file /home/airflow/.local/lib/python3.7/site-packages/airflow/example_dags/example_external_task_marker_dag.py for tasks to queue
[2023-06-16T18:51:49.577+0000] {logging_mixin.py:149} INFO - [2023-06-16T18:51:49.576+0000] {dagbag.py:541} INFO - Filling up the DagBag from /home/airflow/.local/lib/python3.7/site-packages/airflow/example_dags/example_external_task_marker_dag.py
[2023-06-16T18:51:49.592+0000] {processor.py:836} INFO - DAG(s) dict_keys(['example_external_task_marker_child', 'example_external_task_marker_parent']) retrieved from /home/airflow/.local/lib/python3.7/site-packages/airflow/example_dags/example_external_task_marker_dag.py
[2023-06-16T18:51:49.673+0000] {logging_mixin.py:149} INFO - [2023-06-16T18:51:49.673+0000] {dag.py:2726} INFO - Sync 2 DAGs
[2023-06-16T18:51:49.744+0000] {logging_mixin.py:149} INFO - [2023-06-16T18:51:49.744+0000] {dag.py:3490} INFO - Setting next_dagrun for example_external_task_marker_child to None, run_after=None
[2023-06-16T18:51:49.754+0000] {logging_mixin.py:149} INFO - [2023-06-16T18:51:49.754+0000] {dag.py:3490} INFO - Setting next_dagrun for example_external_task_marker_parent to None, run_after=None
[2023-06-16T18:51:49.797+0000] {processor.py:179} INFO - Processing /home/airflow/.local/lib/python3.7/site-packages/airflow/example_dags/example_external_task_marker_dag.py took 0.245 seconds
[2023-06-16T18:52:20.116+0000] {processor.py:157} INFO - Started process (PID=922) to work on /home/airflow/.local/lib/python3.7/site-packages/airflow/example_dags/example_external_task_marker_dag.py
[2023-06-16T18:52:20.121+0000] {processor.py:826} INFO - Processing file /home/airflow/.local/lib/python3.7/site-packages/airflow/example_dags/example_external_task_marker_dag.py for tasks to queue
[2023-06-16T18:52:20.124+0000] {logging_mixin.py:149} INFO - [2023-06-16T18:52:20.124+0000] {dagbag.py:541} INFO - Filling up the DagBag from /home/airflow/.local/lib/python3.7/site-packages/airflow/example_dags/example_external_task_marker_dag.py
[2023-06-16T18:52:20.142+0000] {processor.py:836} INFO - DAG(s) dict_keys(['example_external_task_marker_parent', 'example_external_task_marker_child']) retrieved from /home/airflow/.local/lib/python3.7/site-packages/airflow/example_dags/example_external_task_marker_dag.py
[2023-06-16T18:52:20.219+0000] {logging_mixin.py:149} INFO - [2023-06-16T18:52:20.219+0000] {dag.py:2726} INFO - Sync 2 DAGs
[2023-06-16T18:52:20.294+0000] {logging_mixin.py:149} INFO - [2023-06-16T18:52:20.293+0000] {dag.py:3490} INFO - Setting next_dagrun for example_external_task_marker_child to None, run_after=None
[2023-06-16T18:52:20.305+0000] {logging_mixin.py:149} INFO - [2023-06-16T18:52:20.304+0000] {dag.py:3490} INFO - Setting next_dagrun for example_external_task_marker_parent to None, run_after=None
[2023-06-16T18:52:20.343+0000] {processor.py:179} INFO - Processing /home/airflow/.local/lib/python3.7/site-packages/airflow/example_dags/example_external_task_marker_dag.py took 0.236 seconds
[2023-06-16T18:52:53.497+0000] {processor.py:157} INFO - Started process (PID=980) to work on /home/airflow/.local/lib/python3.7/site-packages/airflow/example_dags/example_external_task_marker_dag.py
[2023-06-16T18:52:53.518+0000] {processor.py:826} INFO - Processing file /home/airflow/.local/lib/python3.7/site-packages/airflow/example_dags/example_external_task_marker_dag.py for tasks to queue
[2023-06-16T18:52:53.521+0000] {logging_mixin.py:149} INFO - [2023-06-16T18:52:53.521+0000] {dagbag.py:541} INFO - Filling up the DagBag from /home/airflow/.local/lib/python3.7/site-packages/airflow/example_dags/example_external_task_marker_dag.py
[2023-06-16T18:52:53.546+0000] {processor.py:836} INFO - DAG(s) dict_keys(['example_external_task_marker_parent', 'example_external_task_marker_child']) retrieved from /home/airflow/.local/lib/python3.7/site-packages/airflow/example_dags/example_external_task_marker_dag.py
[2023-06-16T18:52:53.635+0000] {logging_mixin.py:149} INFO - [2023-06-16T18:52:53.634+0000] {dag.py:2726} INFO - Sync 2 DAGs
[2023-06-16T18:52:53.716+0000] {logging_mixin.py:149} INFO - [2023-06-16T18:52:53.716+0000] {dag.py:3490} INFO - Setting next_dagrun for example_external_task_marker_child to None, run_after=None
[2023-06-16T18:52:53.731+0000] {logging_mixin.py:149} INFO - [2023-06-16T18:52:53.731+0000] {dag.py:3490} INFO - Setting next_dagrun for example_external_task_marker_parent to None, run_after=None
[2023-06-16T18:52:53.776+0000] {processor.py:179} INFO - Processing /home/airflow/.local/lib/python3.7/site-packages/airflow/example_dags/example_external_task_marker_dag.py took 0.289 seconds
[2023-06-16T18:53:24.479+0000] {processor.py:157} INFO - Started process (PID=1038) to work on /home/airflow/.local/lib/python3.7/site-packages/airflow/example_dags/example_external_task_marker_dag.py
[2023-06-16T18:53:24.513+0000] {processor.py:826} INFO - Processing file /home/airflow/.local/lib/python3.7/site-packages/airflow/example_dags/example_external_task_marker_dag.py for tasks to queue
[2023-06-16T18:53:24.524+0000] {logging_mixin.py:149} INFO - [2023-06-16T18:53:24.523+0000] {dagbag.py:541} INFO - Filling up the DagBag from /home/airflow/.local/lib/python3.7/site-packages/airflow/example_dags/example_external_task_marker_dag.py
[2023-06-16T18:53:24.561+0000] {processor.py:836} INFO - DAG(s) dict_keys(['example_external_task_marker_child', 'example_external_task_marker_parent']) retrieved from /home/airflow/.local/lib/python3.7/site-packages/airflow/example_dags/example_external_task_marker_dag.py
[2023-06-16T18:53:24.676+0000] {logging_mixin.py:149} INFO - [2023-06-16T18:53:24.676+0000] {dag.py:2726} INFO - Sync 2 DAGs
[2023-06-16T18:53:24.818+0000] {logging_mixin.py:149} INFO - [2023-06-16T18:53:24.817+0000] {dag.py:3490} INFO - Setting next_dagrun for example_external_task_marker_child to None, run_after=None
[2023-06-16T18:53:24.839+0000] {logging_mixin.py:149} INFO - [2023-06-16T18:53:24.839+0000] {dag.py:3490} INFO - Setting next_dagrun for example_external_task_marker_parent to None, run_after=None
[2023-06-16T18:53:24.899+0000] {processor.py:179} INFO - Processing /home/airflow/.local/lib/python3.7/site-packages/airflow/example_dags/example_external_task_marker_dag.py took 0.434 seconds
[2023-06-16T18:53:55.165+0000] {processor.py:157} INFO - Started process (PID=1095) to work on /home/airflow/.local/lib/python3.7/site-packages/airflow/example_dags/example_external_task_marker_dag.py
[2023-06-16T18:53:55.170+0000] {processor.py:826} INFO - Processing file /home/airflow/.local/lib/python3.7/site-packages/airflow/example_dags/example_external_task_marker_dag.py for tasks to queue
[2023-06-16T18:53:55.174+0000] {logging_mixin.py:149} INFO - [2023-06-16T18:53:55.173+0000] {dagbag.py:541} INFO - Filling up the DagBag from /home/airflow/.local/lib/python3.7/site-packages/airflow/example_dags/example_external_task_marker_dag.py
[2023-06-16T18:53:55.191+0000] {processor.py:836} INFO - DAG(s) dict_keys(['example_external_task_marker_child', 'example_external_task_marker_parent']) retrieved from /home/airflow/.local/lib/python3.7/site-packages/airflow/example_dags/example_external_task_marker_dag.py
[2023-06-16T18:53:55.271+0000] {logging_mixin.py:149} INFO - [2023-06-16T18:53:55.271+0000] {dag.py:2726} INFO - Sync 2 DAGs
[2023-06-16T18:53:55.343+0000] {logging_mixin.py:149} INFO - [2023-06-16T18:53:55.343+0000] {dag.py:3490} INFO - Setting next_dagrun for example_external_task_marker_child to None, run_after=None
[2023-06-16T18:53:55.355+0000] {logging_mixin.py:149} INFO - [2023-06-16T18:53:55.355+0000] {dag.py:3490} INFO - Setting next_dagrun for example_external_task_marker_parent to None, run_after=None
[2023-06-16T18:53:55.406+0000] {processor.py:179} INFO - Processing /home/airflow/.local/lib/python3.7/site-packages/airflow/example_dags/example_external_task_marker_dag.py took 0.249 seconds
[2023-06-16T18:54:25.982+0000] {processor.py:157} INFO - Started process (PID=1152) to work on /home/airflow/.local/lib/python3.7/site-packages/airflow/example_dags/example_external_task_marker_dag.py
[2023-06-16T18:54:25.988+0000] {processor.py:826} INFO - Processing file /home/airflow/.local/lib/python3.7/site-packages/airflow/example_dags/example_external_task_marker_dag.py for tasks to queue
[2023-06-16T18:54:25.994+0000] {logging_mixin.py:149} INFO - [2023-06-16T18:54:25.993+0000] {dagbag.py:541} INFO - Filling up the DagBag from /home/airflow/.local/lib/python3.7/site-packages/airflow/example_dags/example_external_task_marker_dag.py
[2023-06-16T18:54:26.023+0000] {processor.py:836} INFO - DAG(s) dict_keys(['example_external_task_marker_child', 'example_external_task_marker_parent']) retrieved from /home/airflow/.local/lib/python3.7/site-packages/airflow/example_dags/example_external_task_marker_dag.py
[2023-06-16T18:54:26.165+0000] {logging_mixin.py:149} INFO - [2023-06-16T18:54:26.164+0000] {dag.py:2726} INFO - Sync 2 DAGs
[2023-06-16T18:54:26.297+0000] {logging_mixin.py:149} INFO - [2023-06-16T18:54:26.297+0000] {dag.py:3490} INFO - Setting next_dagrun for example_external_task_marker_child to None, run_after=None
[2023-06-16T18:54:26.322+0000] {logging_mixin.py:149} INFO - [2023-06-16T18:54:26.322+0000] {dag.py:3490} INFO - Setting next_dagrun for example_external_task_marker_parent to None, run_after=None
[2023-06-16T18:54:26.439+0000] {processor.py:179} INFO - Processing /home/airflow/.local/lib/python3.7/site-packages/airflow/example_dags/example_external_task_marker_dag.py took 0.467 seconds
[2023-06-16T18:54:56.552+0000] {processor.py:157} INFO - Started process (PID=1211) to work on /home/airflow/.local/lib/python3.7/site-packages/airflow/example_dags/example_external_task_marker_dag.py
[2023-06-16T18:54:56.557+0000] {processor.py:826} INFO - Processing file /home/airflow/.local/lib/python3.7/site-packages/airflow/example_dags/example_external_task_marker_dag.py for tasks to queue
[2023-06-16T18:54:56.562+0000] {logging_mixin.py:149} INFO - [2023-06-16T18:54:56.561+0000] {dagbag.py:541} INFO - Filling up the DagBag from /home/airflow/.local/lib/python3.7/site-packages/airflow/example_dags/example_external_task_marker_dag.py
[2023-06-16T18:54:56.577+0000] {processor.py:836} INFO - DAG(s) dict_keys(['example_external_task_marker_parent', 'example_external_task_marker_child']) retrieved from /home/airflow/.local/lib/python3.7/site-packages/airflow/example_dags/example_external_task_marker_dag.py
[2023-06-16T18:54:56.656+0000] {logging_mixin.py:149} INFO - [2023-06-16T18:54:56.656+0000] {dag.py:2726} INFO - Sync 2 DAGs
[2023-06-16T18:54:56.739+0000] {logging_mixin.py:149} INFO - [2023-06-16T18:54:56.738+0000] {dag.py:3490} INFO - Setting next_dagrun for example_external_task_marker_child to None, run_after=None
[2023-06-16T18:54:56.752+0000] {logging_mixin.py:149} INFO - [2023-06-16T18:54:56.751+0000] {dag.py:3490} INFO - Setting next_dagrun for example_external_task_marker_parent to None, run_after=None
[2023-06-16T18:54:56.825+0000] {processor.py:179} INFO - Processing /home/airflow/.local/lib/python3.7/site-packages/airflow/example_dags/example_external_task_marker_dag.py took 0.281 seconds
[2023-06-16T18:55:27.610+0000] {processor.py:157} INFO - Started process (PID=1268) to work on /home/airflow/.local/lib/python3.7/site-packages/airflow/example_dags/example_external_task_marker_dag.py
[2023-06-16T18:55:27.615+0000] {processor.py:826} INFO - Processing file /home/airflow/.local/lib/python3.7/site-packages/airflow/example_dags/example_external_task_marker_dag.py for tasks to queue
[2023-06-16T18:55:27.618+0000] {logging_mixin.py:149} INFO - [2023-06-16T18:55:27.618+0000] {dagbag.py:541} INFO - Filling up the DagBag from /home/airflow/.local/lib/python3.7/site-packages/airflow/example_dags/example_external_task_marker_dag.py
[2023-06-16T18:55:27.634+0000] {processor.py:836} INFO - DAG(s) dict_keys(['example_external_task_marker_parent', 'example_external_task_marker_child']) retrieved from /home/airflow/.local/lib/python3.7/site-packages/airflow/example_dags/example_external_task_marker_dag.py
[2023-06-16T18:55:27.702+0000] {logging_mixin.py:149} INFO - [2023-06-16T18:55:27.701+0000] {dag.py:2726} INFO - Sync 2 DAGs
[2023-06-16T18:55:27.784+0000] {logging_mixin.py:149} INFO - [2023-06-16T18:55:27.783+0000] {dag.py:3490} INFO - Setting next_dagrun for example_external_task_marker_child to None, run_after=None
[2023-06-16T18:55:27.803+0000] {logging_mixin.py:149} INFO - [2023-06-16T18:55:27.803+0000] {dag.py:3490} INFO - Setting next_dagrun for example_external_task_marker_parent to None, run_after=None
[2023-06-16T18:55:27.865+0000] {processor.py:179} INFO - Processing /home/airflow/.local/lib/python3.7/site-packages/airflow/example_dags/example_external_task_marker_dag.py took 0.265 seconds
