[2023-06-16T18:46:33.389+0000] {processor.py:157} INFO - Started process (PID=260) to work on /home/airflow/.local/lib/python3.7/site-packages/airflow/example_dags/example_xcomargs.py
[2023-06-16T18:46:33.393+0000] {processor.py:826} INFO - Processing file /home/airflow/.local/lib/python3.7/site-packages/airflow/example_dags/example_xcomargs.py for tasks to queue
[2023-06-16T18:46:33.398+0000] {logging_mixin.py:149} INFO - [2023-06-16T18:46:33.398+0000] {dagbag.py:541} INFO - Filling up the DagBag from /home/airflow/.local/lib/python3.7/site-packages/airflow/example_dags/example_xcomargs.py
[2023-06-16T18:46:33.421+0000] {processor.py:836} INFO - DAG(s) dict_keys(['example_xcom_args_with_operators', 'example_xcom_args']) retrieved from /home/airflow/.local/lib/python3.7/site-packages/airflow/example_dags/example_xcomargs.py
[2023-06-16T18:46:33.501+0000] {logging_mixin.py:149} INFO - [2023-06-16T18:46:33.501+0000] {dag.py:2726} INFO - Sync 2 DAGs
[2023-06-16T18:46:33.567+0000] {logging_mixin.py:149} INFO - [2023-06-16T18:46:33.567+0000] {dag.py:3490} INFO - Setting next_dagrun for example_xcom_args to None, run_after=None
[2023-06-16T18:46:33.579+0000] {logging_mixin.py:149} INFO - [2023-06-16T18:46:33.578+0000] {dag.py:3490} INFO - Setting next_dagrun for example_xcom_args_with_operators to None, run_after=None
[2023-06-16T18:46:33.638+0000] {processor.py:179} INFO - Processing /home/airflow/.local/lib/python3.7/site-packages/airflow/example_dags/example_xcomargs.py took 0.260 seconds
[2023-06-16T18:47:03.702+0000] {processor.py:157} INFO - Started process (PID=317) to work on /home/airflow/.local/lib/python3.7/site-packages/airflow/example_dags/example_xcomargs.py
[2023-06-16T18:47:03.708+0000] {processor.py:826} INFO - Processing file /home/airflow/.local/lib/python3.7/site-packages/airflow/example_dags/example_xcomargs.py for tasks to queue
[2023-06-16T18:47:03.711+0000] {logging_mixin.py:149} INFO - [2023-06-16T18:47:03.711+0000] {dagbag.py:541} INFO - Filling up the DagBag from /home/airflow/.local/lib/python3.7/site-packages/airflow/example_dags/example_xcomargs.py
[2023-06-16T18:47:03.730+0000] {processor.py:836} INFO - DAG(s) dict_keys(['example_xcom_args', 'example_xcom_args_with_operators']) retrieved from /home/airflow/.local/lib/python3.7/site-packages/airflow/example_dags/example_xcomargs.py
[2023-06-16T18:47:03.794+0000] {logging_mixin.py:149} INFO - [2023-06-16T18:47:03.794+0000] {dag.py:2726} INFO - Sync 2 DAGs
[2023-06-16T18:47:03.849+0000] {logging_mixin.py:149} INFO - [2023-06-16T18:47:03.849+0000] {dag.py:3490} INFO - Setting next_dagrun for example_xcom_args to None, run_after=None
[2023-06-16T18:47:03.858+0000] {logging_mixin.py:149} INFO - [2023-06-16T18:47:03.858+0000] {dag.py:3490} INFO - Setting next_dagrun for example_xcom_args_with_operators to None, run_after=None
[2023-06-16T18:47:03.894+0000] {processor.py:179} INFO - Processing /home/airflow/.local/lib/python3.7/site-packages/airflow/example_dags/example_xcomargs.py took 0.201 seconds
[2023-06-16T18:47:34.045+0000] {processor.py:157} INFO - Started process (PID=374) to work on /home/airflow/.local/lib/python3.7/site-packages/airflow/example_dags/example_xcomargs.py
[2023-06-16T18:47:34.051+0000] {processor.py:826} INFO - Processing file /home/airflow/.local/lib/python3.7/site-packages/airflow/example_dags/example_xcomargs.py for tasks to queue
[2023-06-16T18:47:34.054+0000] {logging_mixin.py:149} INFO - [2023-06-16T18:47:34.054+0000] {dagbag.py:541} INFO - Filling up the DagBag from /home/airflow/.local/lib/python3.7/site-packages/airflow/example_dags/example_xcomargs.py
[2023-06-16T18:47:34.072+0000] {processor.py:836} INFO - DAG(s) dict_keys(['example_xcom_args', 'example_xcom_args_with_operators']) retrieved from /home/airflow/.local/lib/python3.7/site-packages/airflow/example_dags/example_xcomargs.py
[2023-06-16T18:47:34.125+0000] {logging_mixin.py:149} INFO - [2023-06-16T18:47:34.125+0000] {dag.py:2726} INFO - Sync 2 DAGs
[2023-06-16T18:47:34.179+0000] {logging_mixin.py:149} INFO - [2023-06-16T18:47:34.178+0000] {dag.py:3490} INFO - Setting next_dagrun for example_xcom_args to None, run_after=None
[2023-06-16T18:47:34.192+0000] {logging_mixin.py:149} INFO - [2023-06-16T18:47:34.191+0000] {dag.py:3490} INFO - Setting next_dagrun for example_xcom_args_with_operators to None, run_after=None
[2023-06-16T18:47:34.230+0000] {processor.py:179} INFO - Processing /home/airflow/.local/lib/python3.7/site-packages/airflow/example_dags/example_xcomargs.py took 0.202 seconds
[2023-06-16T18:48:04.606+0000] {processor.py:157} INFO - Started process (PID=431) to work on /home/airflow/.local/lib/python3.7/site-packages/airflow/example_dags/example_xcomargs.py
[2023-06-16T18:48:04.610+0000] {processor.py:826} INFO - Processing file /home/airflow/.local/lib/python3.7/site-packages/airflow/example_dags/example_xcomargs.py for tasks to queue
[2023-06-16T18:48:04.613+0000] {logging_mixin.py:149} INFO - [2023-06-16T18:48:04.613+0000] {dagbag.py:541} INFO - Filling up the DagBag from /home/airflow/.local/lib/python3.7/site-packages/airflow/example_dags/example_xcomargs.py
[2023-06-16T18:48:04.632+0000] {processor.py:836} INFO - DAG(s) dict_keys(['example_xcom_args', 'example_xcom_args_with_operators']) retrieved from /home/airflow/.local/lib/python3.7/site-packages/airflow/example_dags/example_xcomargs.py
[2023-06-16T18:48:04.693+0000] {logging_mixin.py:149} INFO - [2023-06-16T18:48:04.693+0000] {dag.py:2726} INFO - Sync 2 DAGs
[2023-06-16T18:48:04.740+0000] {logging_mixin.py:149} INFO - [2023-06-16T18:48:04.740+0000] {dag.py:3490} INFO - Setting next_dagrun for example_xcom_args to None, run_after=None
[2023-06-16T18:48:04.751+0000] {logging_mixin.py:149} INFO - [2023-06-16T18:48:04.751+0000] {dag.py:3490} INFO - Setting next_dagrun for example_xcom_args_with_operators to None, run_after=None
[2023-06-16T18:48:04.793+0000] {processor.py:179} INFO - Processing /home/airflow/.local/lib/python3.7/site-packages/airflow/example_dags/example_xcomargs.py took 0.196 seconds
[2023-06-16T18:48:35.260+0000] {processor.py:157} INFO - Started process (PID=488) to work on /home/airflow/.local/lib/python3.7/site-packages/airflow/example_dags/example_xcomargs.py
[2023-06-16T18:48:35.263+0000] {processor.py:826} INFO - Processing file /home/airflow/.local/lib/python3.7/site-packages/airflow/example_dags/example_xcomargs.py for tasks to queue
[2023-06-16T18:48:35.268+0000] {logging_mixin.py:149} INFO - [2023-06-16T18:48:35.267+0000] {dagbag.py:541} INFO - Filling up the DagBag from /home/airflow/.local/lib/python3.7/site-packages/airflow/example_dags/example_xcomargs.py
[2023-06-16T18:48:35.289+0000] {processor.py:836} INFO - DAG(s) dict_keys(['example_xcom_args', 'example_xcom_args_with_operators']) retrieved from /home/airflow/.local/lib/python3.7/site-packages/airflow/example_dags/example_xcomargs.py
[2023-06-16T18:48:35.352+0000] {logging_mixin.py:149} INFO - [2023-06-16T18:48:35.352+0000] {dag.py:2726} INFO - Sync 2 DAGs
[2023-06-16T18:48:35.418+0000] {logging_mixin.py:149} INFO - [2023-06-16T18:48:35.418+0000] {dag.py:3490} INFO - Setting next_dagrun for example_xcom_args to None, run_after=None
[2023-06-16T18:48:35.427+0000] {logging_mixin.py:149} INFO - [2023-06-16T18:48:35.426+0000] {dag.py:3490} INFO - Setting next_dagrun for example_xcom_args_with_operators to None, run_after=None
[2023-06-16T18:48:35.461+0000] {processor.py:179} INFO - Processing /home/airflow/.local/lib/python3.7/site-packages/airflow/example_dags/example_xcomargs.py took 0.208 seconds
[2023-06-16T18:49:05.843+0000] {processor.py:157} INFO - Started process (PID=545) to work on /home/airflow/.local/lib/python3.7/site-packages/airflow/example_dags/example_xcomargs.py
[2023-06-16T18:49:05.847+0000] {processor.py:826} INFO - Processing file /home/airflow/.local/lib/python3.7/site-packages/airflow/example_dags/example_xcomargs.py for tasks to queue
[2023-06-16T18:49:05.851+0000] {logging_mixin.py:149} INFO - [2023-06-16T18:49:05.850+0000] {dagbag.py:541} INFO - Filling up the DagBag from /home/airflow/.local/lib/python3.7/site-packages/airflow/example_dags/example_xcomargs.py
[2023-06-16T18:49:05.874+0000] {processor.py:836} INFO - DAG(s) dict_keys(['example_xcom_args_with_operators', 'example_xcom_args']) retrieved from /home/airflow/.local/lib/python3.7/site-packages/airflow/example_dags/example_xcomargs.py
[2023-06-16T18:49:05.955+0000] {logging_mixin.py:149} INFO - [2023-06-16T18:49:05.955+0000] {dag.py:2726} INFO - Sync 2 DAGs
[2023-06-16T18:49:06.011+0000] {logging_mixin.py:149} INFO - [2023-06-16T18:49:06.011+0000] {dag.py:3490} INFO - Setting next_dagrun for example_xcom_args to None, run_after=None
[2023-06-16T18:49:06.023+0000] {logging_mixin.py:149} INFO - [2023-06-16T18:49:06.023+0000] {dag.py:3490} INFO - Setting next_dagrun for example_xcom_args_with_operators to None, run_after=None
[2023-06-16T18:49:06.063+0000] {processor.py:179} INFO - Processing /home/airflow/.local/lib/python3.7/site-packages/airflow/example_dags/example_xcomargs.py took 0.234 seconds
[2023-06-16T18:49:36.567+0000] {processor.py:157} INFO - Started process (PID=602) to work on /home/airflow/.local/lib/python3.7/site-packages/airflow/example_dags/example_xcomargs.py
[2023-06-16T18:49:36.575+0000] {processor.py:826} INFO - Processing file /home/airflow/.local/lib/python3.7/site-packages/airflow/example_dags/example_xcomargs.py for tasks to queue
[2023-06-16T18:49:36.579+0000] {logging_mixin.py:149} INFO - [2023-06-16T18:49:36.579+0000] {dagbag.py:541} INFO - Filling up the DagBag from /home/airflow/.local/lib/python3.7/site-packages/airflow/example_dags/example_xcomargs.py
[2023-06-16T18:49:36.605+0000] {processor.py:836} INFO - DAG(s) dict_keys(['example_xcom_args_with_operators', 'example_xcom_args']) retrieved from /home/airflow/.local/lib/python3.7/site-packages/airflow/example_dags/example_xcomargs.py
[2023-06-16T18:49:36.696+0000] {logging_mixin.py:149} INFO - [2023-06-16T18:49:36.696+0000] {dag.py:2726} INFO - Sync 2 DAGs
[2023-06-16T18:49:36.764+0000] {logging_mixin.py:149} INFO - [2023-06-16T18:49:36.763+0000] {dag.py:3490} INFO - Setting next_dagrun for example_xcom_args to None, run_after=None
[2023-06-16T18:49:36.774+0000] {logging_mixin.py:149} INFO - [2023-06-16T18:49:36.774+0000] {dag.py:3490} INFO - Setting next_dagrun for example_xcom_args_with_operators to None, run_after=None
[2023-06-16T18:49:36.813+0000] {processor.py:179} INFO - Processing /home/airflow/.local/lib/python3.7/site-packages/airflow/example_dags/example_xcomargs.py took 0.268 seconds
[2023-06-16T18:50:07.348+0000] {processor.py:157} INFO - Started process (PID=658) to work on /home/airflow/.local/lib/python3.7/site-packages/airflow/example_dags/example_xcomargs.py
[2023-06-16T18:50:07.352+0000] {processor.py:826} INFO - Processing file /home/airflow/.local/lib/python3.7/site-packages/airflow/example_dags/example_xcomargs.py for tasks to queue
[2023-06-16T18:50:07.356+0000] {logging_mixin.py:149} INFO - [2023-06-16T18:50:07.356+0000] {dagbag.py:541} INFO - Filling up the DagBag from /home/airflow/.local/lib/python3.7/site-packages/airflow/example_dags/example_xcomargs.py
[2023-06-16T18:50:07.386+0000] {processor.py:836} INFO - DAG(s) dict_keys(['example_xcom_args', 'example_xcom_args_with_operators']) retrieved from /home/airflow/.local/lib/python3.7/site-packages/airflow/example_dags/example_xcomargs.py
[2023-06-16T18:50:07.482+0000] {logging_mixin.py:149} INFO - [2023-06-16T18:50:07.482+0000] {dag.py:2726} INFO - Sync 2 DAGs
[2023-06-16T18:50:07.527+0000] {logging_mixin.py:149} INFO - [2023-06-16T18:50:07.526+0000] {dag.py:3490} INFO - Setting next_dagrun for example_xcom_args to None, run_after=None
[2023-06-16T18:50:07.537+0000] {logging_mixin.py:149} INFO - [2023-06-16T18:50:07.537+0000] {dag.py:3490} INFO - Setting next_dagrun for example_xcom_args_with_operators to None, run_after=None
[2023-06-16T18:50:07.575+0000] {processor.py:179} INFO - Processing /home/airflow/.local/lib/python3.7/site-packages/airflow/example_dags/example_xcomargs.py took 0.235 seconds
[2023-06-16T18:50:37.890+0000] {processor.py:157} INFO - Started process (PID=715) to work on /home/airflow/.local/lib/python3.7/site-packages/airflow/example_dags/example_xcomargs.py
[2023-06-16T18:50:37.894+0000] {processor.py:826} INFO - Processing file /home/airflow/.local/lib/python3.7/site-packages/airflow/example_dags/example_xcomargs.py for tasks to queue
[2023-06-16T18:50:37.901+0000] {logging_mixin.py:149} INFO - [2023-06-16T18:50:37.901+0000] {dagbag.py:541} INFO - Filling up the DagBag from /home/airflow/.local/lib/python3.7/site-packages/airflow/example_dags/example_xcomargs.py
[2023-06-16T18:50:37.924+0000] {processor.py:836} INFO - DAG(s) dict_keys(['example_xcom_args_with_operators', 'example_xcom_args']) retrieved from /home/airflow/.local/lib/python3.7/site-packages/airflow/example_dags/example_xcomargs.py
[2023-06-16T18:50:37.998+0000] {logging_mixin.py:149} INFO - [2023-06-16T18:50:37.998+0000] {dag.py:2726} INFO - Sync 2 DAGs
[2023-06-16T18:50:38.057+0000] {logging_mixin.py:149} INFO - [2023-06-16T18:50:38.057+0000] {dag.py:3490} INFO - Setting next_dagrun for example_xcom_args to None, run_after=None
[2023-06-16T18:50:38.071+0000] {logging_mixin.py:149} INFO - [2023-06-16T18:50:38.070+0000] {dag.py:3490} INFO - Setting next_dagrun for example_xcom_args_with_operators to None, run_after=None
[2023-06-16T18:50:38.113+0000] {processor.py:179} INFO - Processing /home/airflow/.local/lib/python3.7/site-packages/airflow/example_dags/example_xcomargs.py took 0.233 seconds
[2023-06-16T18:51:08.451+0000] {processor.py:157} INFO - Started process (PID=773) to work on /home/airflow/.local/lib/python3.7/site-packages/airflow/example_dags/example_xcomargs.py
[2023-06-16T18:51:08.455+0000] {processor.py:826} INFO - Processing file /home/airflow/.local/lib/python3.7/site-packages/airflow/example_dags/example_xcomargs.py for tasks to queue
[2023-06-16T18:51:08.458+0000] {logging_mixin.py:149} INFO - [2023-06-16T18:51:08.458+0000] {dagbag.py:541} INFO - Filling up the DagBag from /home/airflow/.local/lib/python3.7/site-packages/airflow/example_dags/example_xcomargs.py
[2023-06-16T18:51:08.477+0000] {processor.py:836} INFO - DAG(s) dict_keys(['example_xcom_args', 'example_xcom_args_with_operators']) retrieved from /home/airflow/.local/lib/python3.7/site-packages/airflow/example_dags/example_xcomargs.py
[2023-06-16T18:51:08.536+0000] {logging_mixin.py:149} INFO - [2023-06-16T18:51:08.536+0000] {dag.py:2726} INFO - Sync 2 DAGs
[2023-06-16T18:51:08.589+0000] {logging_mixin.py:149} INFO - [2023-06-16T18:51:08.588+0000] {dag.py:3490} INFO - Setting next_dagrun for example_xcom_args to None, run_after=None
[2023-06-16T18:51:08.600+0000] {logging_mixin.py:149} INFO - [2023-06-16T18:51:08.600+0000] {dag.py:3490} INFO - Setting next_dagrun for example_xcom_args_with_operators to None, run_after=None
[2023-06-16T18:51:08.636+0000] {processor.py:179} INFO - Processing /home/airflow/.local/lib/python3.7/site-packages/airflow/example_dags/example_xcomargs.py took 0.191 seconds
[2023-06-16T18:51:40.019+0000] {processor.py:157} INFO - Started process (PID=830) to work on /home/airflow/.local/lib/python3.7/site-packages/airflow/example_dags/example_xcomargs.py
[2023-06-16T18:51:40.023+0000] {processor.py:826} INFO - Processing file /home/airflow/.local/lib/python3.7/site-packages/airflow/example_dags/example_xcomargs.py for tasks to queue
[2023-06-16T18:51:40.027+0000] {logging_mixin.py:149} INFO - [2023-06-16T18:51:40.026+0000] {dagbag.py:541} INFO - Filling up the DagBag from /home/airflow/.local/lib/python3.7/site-packages/airflow/example_dags/example_xcomargs.py
[2023-06-16T18:51:40.051+0000] {processor.py:836} INFO - DAG(s) dict_keys(['example_xcom_args_with_operators', 'example_xcom_args']) retrieved from /home/airflow/.local/lib/python3.7/site-packages/airflow/example_dags/example_xcomargs.py
[2023-06-16T18:51:40.118+0000] {logging_mixin.py:149} INFO - [2023-06-16T18:51:40.118+0000] {dag.py:2726} INFO - Sync 2 DAGs
[2023-06-16T18:51:40.179+0000] {logging_mixin.py:149} INFO - [2023-06-16T18:51:40.179+0000] {dag.py:3490} INFO - Setting next_dagrun for example_xcom_args to None, run_after=None
[2023-06-16T18:51:40.189+0000] {logging_mixin.py:149} INFO - [2023-06-16T18:51:40.188+0000] {dag.py:3490} INFO - Setting next_dagrun for example_xcom_args_with_operators to None, run_after=None
[2023-06-16T18:51:40.226+0000] {processor.py:179} INFO - Processing /home/airflow/.local/lib/python3.7/site-packages/airflow/example_dags/example_xcomargs.py took 0.217 seconds
[2023-06-16T18:52:11.025+0000] {processor.py:157} INFO - Started process (PID=888) to work on /home/airflow/.local/lib/python3.7/site-packages/airflow/example_dags/example_xcomargs.py
[2023-06-16T18:52:11.032+0000] {processor.py:826} INFO - Processing file /home/airflow/.local/lib/python3.7/site-packages/airflow/example_dags/example_xcomargs.py for tasks to queue
[2023-06-16T18:52:11.035+0000] {logging_mixin.py:149} INFO - [2023-06-16T18:52:11.035+0000] {dagbag.py:541} INFO - Filling up the DagBag from /home/airflow/.local/lib/python3.7/site-packages/airflow/example_dags/example_xcomargs.py
[2023-06-16T18:52:11.070+0000] {processor.py:836} INFO - DAG(s) dict_keys(['example_xcom_args', 'example_xcom_args_with_operators']) retrieved from /home/airflow/.local/lib/python3.7/site-packages/airflow/example_dags/example_xcomargs.py
[2023-06-16T18:52:11.157+0000] {logging_mixin.py:149} INFO - [2023-06-16T18:52:11.157+0000] {dag.py:2726} INFO - Sync 2 DAGs
[2023-06-16T18:52:11.244+0000] {logging_mixin.py:149} INFO - [2023-06-16T18:52:11.243+0000] {dag.py:3490} INFO - Setting next_dagrun for example_xcom_args to None, run_after=None
[2023-06-16T18:52:11.281+0000] {logging_mixin.py:149} INFO - [2023-06-16T18:52:11.280+0000] {dag.py:3490} INFO - Setting next_dagrun for example_xcom_args_with_operators to None, run_after=None
[2023-06-16T18:52:11.326+0000] {processor.py:179} INFO - Processing /home/airflow/.local/lib/python3.7/site-packages/airflow/example_dags/example_xcomargs.py took 0.310 seconds
[2023-06-16T18:52:41.705+0000] {processor.py:157} INFO - Started process (PID=945) to work on /home/airflow/.local/lib/python3.7/site-packages/airflow/example_dags/example_xcomargs.py
[2023-06-16T18:52:41.712+0000] {processor.py:826} INFO - Processing file /home/airflow/.local/lib/python3.7/site-packages/airflow/example_dags/example_xcomargs.py for tasks to queue
[2023-06-16T18:52:41.714+0000] {logging_mixin.py:149} INFO - [2023-06-16T18:52:41.714+0000] {dagbag.py:541} INFO - Filling up the DagBag from /home/airflow/.local/lib/python3.7/site-packages/airflow/example_dags/example_xcomargs.py
[2023-06-16T18:52:41.749+0000] {processor.py:836} INFO - DAG(s) dict_keys(['example_xcom_args_with_operators', 'example_xcom_args']) retrieved from /home/airflow/.local/lib/python3.7/site-packages/airflow/example_dags/example_xcomargs.py
[2023-06-16T18:52:41.846+0000] {logging_mixin.py:149} INFO - [2023-06-16T18:52:41.845+0000] {dag.py:2726} INFO - Sync 2 DAGs
[2023-06-16T18:52:41.933+0000] {logging_mixin.py:149} INFO - [2023-06-16T18:52:41.932+0000] {dag.py:3490} INFO - Setting next_dagrun for example_xcom_args to None, run_after=None
[2023-06-16T18:52:41.943+0000] {logging_mixin.py:149} INFO - [2023-06-16T18:52:41.943+0000] {dag.py:3490} INFO - Setting next_dagrun for example_xcom_args_with_operators to None, run_after=None
[2023-06-16T18:52:42.163+0000] {processor.py:179} INFO - Processing /home/airflow/.local/lib/python3.7/site-packages/airflow/example_dags/example_xcomargs.py took 0.469 seconds
[2023-06-16T18:53:12.379+0000] {processor.py:157} INFO - Started process (PID=1003) to work on /home/airflow/.local/lib/python3.7/site-packages/airflow/example_dags/example_xcomargs.py
[2023-06-16T18:53:12.384+0000] {processor.py:826} INFO - Processing file /home/airflow/.local/lib/python3.7/site-packages/airflow/example_dags/example_xcomargs.py for tasks to queue
[2023-06-16T18:53:12.387+0000] {logging_mixin.py:149} INFO - [2023-06-16T18:53:12.387+0000] {dagbag.py:541} INFO - Filling up the DagBag from /home/airflow/.local/lib/python3.7/site-packages/airflow/example_dags/example_xcomargs.py
[2023-06-16T18:53:12.408+0000] {processor.py:836} INFO - DAG(s) dict_keys(['example_xcom_args_with_operators', 'example_xcom_args']) retrieved from /home/airflow/.local/lib/python3.7/site-packages/airflow/example_dags/example_xcomargs.py
[2023-06-16T18:53:12.476+0000] {logging_mixin.py:149} INFO - [2023-06-16T18:53:12.475+0000] {dag.py:2726} INFO - Sync 2 DAGs
[2023-06-16T18:53:12.537+0000] {logging_mixin.py:149} INFO - [2023-06-16T18:53:12.537+0000] {dag.py:3490} INFO - Setting next_dagrun for example_xcom_args to None, run_after=None
[2023-06-16T18:53:12.552+0000] {logging_mixin.py:149} INFO - [2023-06-16T18:53:12.551+0000] {dag.py:3490} INFO - Setting next_dagrun for example_xcom_args_with_operators to None, run_after=None
[2023-06-16T18:53:12.646+0000] {processor.py:179} INFO - Processing /home/airflow/.local/lib/python3.7/site-packages/airflow/example_dags/example_xcomargs.py took 0.274 seconds
[2023-06-16T18:53:42.749+0000] {processor.py:157} INFO - Started process (PID=1061) to work on /home/airflow/.local/lib/python3.7/site-packages/airflow/example_dags/example_xcomargs.py
[2023-06-16T18:53:42.753+0000] {processor.py:826} INFO - Processing file /home/airflow/.local/lib/python3.7/site-packages/airflow/example_dags/example_xcomargs.py for tasks to queue
[2023-06-16T18:53:42.757+0000] {logging_mixin.py:149} INFO - [2023-06-16T18:53:42.757+0000] {dagbag.py:541} INFO - Filling up the DagBag from /home/airflow/.local/lib/python3.7/site-packages/airflow/example_dags/example_xcomargs.py
[2023-06-16T18:53:42.778+0000] {processor.py:836} INFO - DAG(s) dict_keys(['example_xcom_args_with_operators', 'example_xcom_args']) retrieved from /home/airflow/.local/lib/python3.7/site-packages/airflow/example_dags/example_xcomargs.py
[2023-06-16T18:53:42.839+0000] {logging_mixin.py:149} INFO - [2023-06-16T18:53:42.839+0000] {dag.py:2726} INFO - Sync 2 DAGs
[2023-06-16T18:53:42.894+0000] {logging_mixin.py:149} INFO - [2023-06-16T18:53:42.894+0000] {dag.py:3490} INFO - Setting next_dagrun for example_xcom_args to None, run_after=None
[2023-06-16T18:53:42.905+0000] {logging_mixin.py:149} INFO - [2023-06-16T18:53:42.905+0000] {dag.py:3490} INFO - Setting next_dagrun for example_xcom_args_with_operators to None, run_after=None
[2023-06-16T18:53:42.941+0000] {processor.py:179} INFO - Processing /home/airflow/.local/lib/python3.7/site-packages/airflow/example_dags/example_xcomargs.py took 0.201 seconds
[2023-06-16T18:54:13.122+0000] {processor.py:157} INFO - Started process (PID=1118) to work on /home/airflow/.local/lib/python3.7/site-packages/airflow/example_dags/example_xcomargs.py
[2023-06-16T18:54:13.127+0000] {processor.py:826} INFO - Processing file /home/airflow/.local/lib/python3.7/site-packages/airflow/example_dags/example_xcomargs.py for tasks to queue
[2023-06-16T18:54:13.132+0000] {logging_mixin.py:149} INFO - [2023-06-16T18:54:13.132+0000] {dagbag.py:541} INFO - Filling up the DagBag from /home/airflow/.local/lib/python3.7/site-packages/airflow/example_dags/example_xcomargs.py
[2023-06-16T18:54:13.158+0000] {processor.py:836} INFO - DAG(s) dict_keys(['example_xcom_args_with_operators', 'example_xcom_args']) retrieved from /home/airflow/.local/lib/python3.7/site-packages/airflow/example_dags/example_xcomargs.py
[2023-06-16T18:54:13.226+0000] {logging_mixin.py:149} INFO - [2023-06-16T18:54:13.225+0000] {dag.py:2726} INFO - Sync 2 DAGs
[2023-06-16T18:54:13.297+0000] {logging_mixin.py:149} INFO - [2023-06-16T18:54:13.297+0000] {dag.py:3490} INFO - Setting next_dagrun for example_xcom_args to None, run_after=None
[2023-06-16T18:54:13.308+0000] {logging_mixin.py:149} INFO - [2023-06-16T18:54:13.308+0000] {dag.py:3490} INFO - Setting next_dagrun for example_xcom_args_with_operators to None, run_after=None
[2023-06-16T18:54:13.360+0000] {processor.py:179} INFO - Processing /home/airflow/.local/lib/python3.7/site-packages/airflow/example_dags/example_xcomargs.py took 0.250 seconds
[2023-06-16T18:54:43.478+0000] {processor.py:157} INFO - Started process (PID=1175) to work on /home/airflow/.local/lib/python3.7/site-packages/airflow/example_dags/example_xcomargs.py
[2023-06-16T18:54:43.482+0000] {processor.py:826} INFO - Processing file /home/airflow/.local/lib/python3.7/site-packages/airflow/example_dags/example_xcomargs.py for tasks to queue
[2023-06-16T18:54:43.485+0000] {logging_mixin.py:149} INFO - [2023-06-16T18:54:43.485+0000] {dagbag.py:541} INFO - Filling up the DagBag from /home/airflow/.local/lib/python3.7/site-packages/airflow/example_dags/example_xcomargs.py
[2023-06-16T18:54:43.512+0000] {processor.py:836} INFO - DAG(s) dict_keys(['example_xcom_args', 'example_xcom_args_with_operators']) retrieved from /home/airflow/.local/lib/python3.7/site-packages/airflow/example_dags/example_xcomargs.py
[2023-06-16T18:54:43.600+0000] {logging_mixin.py:149} INFO - [2023-06-16T18:54:43.600+0000] {dag.py:2726} INFO - Sync 2 DAGs
[2023-06-16T18:54:43.694+0000] {logging_mixin.py:149} INFO - [2023-06-16T18:54:43.692+0000] {dag.py:3490} INFO - Setting next_dagrun for example_xcom_args to None, run_after=None
[2023-06-16T18:54:43.720+0000] {logging_mixin.py:149} INFO - [2023-06-16T18:54:43.719+0000] {dag.py:3490} INFO - Setting next_dagrun for example_xcom_args_with_operators to None, run_after=None
[2023-06-16T18:54:43.783+0000] {processor.py:179} INFO - Processing /home/airflow/.local/lib/python3.7/site-packages/airflow/example_dags/example_xcomargs.py took 0.315 seconds
[2023-06-16T18:55:13.909+0000] {processor.py:157} INFO - Started process (PID=1234) to work on /home/airflow/.local/lib/python3.7/site-packages/airflow/example_dags/example_xcomargs.py
[2023-06-16T18:55:13.914+0000] {processor.py:826} INFO - Processing file /home/airflow/.local/lib/python3.7/site-packages/airflow/example_dags/example_xcomargs.py for tasks to queue
[2023-06-16T18:55:13.917+0000] {logging_mixin.py:149} INFO - [2023-06-16T18:55:13.917+0000] {dagbag.py:541} INFO - Filling up the DagBag from /home/airflow/.local/lib/python3.7/site-packages/airflow/example_dags/example_xcomargs.py
[2023-06-16T18:55:13.939+0000] {processor.py:836} INFO - DAG(s) dict_keys(['example_xcom_args', 'example_xcom_args_with_operators']) retrieved from /home/airflow/.local/lib/python3.7/site-packages/airflow/example_dags/example_xcomargs.py
[2023-06-16T18:55:14.011+0000] {logging_mixin.py:149} INFO - [2023-06-16T18:55:14.010+0000] {dag.py:2726} INFO - Sync 2 DAGs
[2023-06-16T18:55:14.072+0000] {logging_mixin.py:149} INFO - [2023-06-16T18:55:14.072+0000] {dag.py:3490} INFO - Setting next_dagrun for example_xcom_args to None, run_after=None
[2023-06-16T18:55:14.083+0000] {logging_mixin.py:149} INFO - [2023-06-16T18:55:14.083+0000] {dag.py:3490} INFO - Setting next_dagrun for example_xcom_args_with_operators to None, run_after=None
[2023-06-16T18:55:14.126+0000] {processor.py:179} INFO - Processing /home/airflow/.local/lib/python3.7/site-packages/airflow/example_dags/example_xcomargs.py took 0.227 seconds
