[2023-06-16T18:46:43.260+0000] {processor.py:157} INFO - Started process (PID=300) to work on /home/airflow/.local/lib/python3.7/site-packages/airflow/example_dags/example_branch_python_dop_operator_3.py
[2023-06-16T18:46:43.269+0000] {processor.py:826} INFO - Processing file /home/airflow/.local/lib/python3.7/site-packages/airflow/example_dags/example_branch_python_dop_operator_3.py for tasks to queue
[2023-06-16T18:46:43.276+0000] {logging_mixin.py:149} INFO - [2023-06-16T18:46:43.275+0000] {dagbag.py:541} INFO - Filling up the DagBag from /home/airflow/.local/lib/python3.7/site-packages/airflow/example_dags/example_branch_python_dop_operator_3.py
[2023-06-16T18:46:43.301+0000] {processor.py:836} INFO - DAG(s) dict_keys(['example_branch_dop_operator_v3']) retrieved from /home/airflow/.local/lib/python3.7/site-packages/airflow/example_dags/example_branch_python_dop_operator_3.py
[2023-06-16T18:46:43.381+0000] {logging_mixin.py:149} INFO - [2023-06-16T18:46:43.381+0000] {dag.py:2726} INFO - Sync 1 DAGs
[2023-06-16T18:46:43.466+0000] {logging_mixin.py:149} INFO - [2023-06-16T18:46:43.465+0000] {dag.py:3490} INFO - Setting next_dagrun for example_branch_dop_operator_v3 to 2023-06-16T18:45:00+00:00, run_after=2023-06-16T18:46:00+00:00
[2023-06-16T18:46:43.516+0000] {processor.py:179} INFO - Processing /home/airflow/.local/lib/python3.7/site-packages/airflow/example_dags/example_branch_python_dop_operator_3.py took 0.272 seconds
[2023-06-16T18:47:13.836+0000] {processor.py:157} INFO - Started process (PID=357) to work on /home/airflow/.local/lib/python3.7/site-packages/airflow/example_dags/example_branch_python_dop_operator_3.py
[2023-06-16T18:47:13.851+0000] {processor.py:826} INFO - Processing file /home/airflow/.local/lib/python3.7/site-packages/airflow/example_dags/example_branch_python_dop_operator_3.py for tasks to queue
[2023-06-16T18:47:13.863+0000] {logging_mixin.py:149} INFO - [2023-06-16T18:47:13.861+0000] {dagbag.py:541} INFO - Filling up the DagBag from /home/airflow/.local/lib/python3.7/site-packages/airflow/example_dags/example_branch_python_dop_operator_3.py
[2023-06-16T18:47:13.923+0000] {processor.py:836} INFO - DAG(s) dict_keys(['example_branch_dop_operator_v3']) retrieved from /home/airflow/.local/lib/python3.7/site-packages/airflow/example_dags/example_branch_python_dop_operator_3.py
[2023-06-16T18:47:14.067+0000] {logging_mixin.py:149} INFO - [2023-06-16T18:47:14.067+0000] {dag.py:2726} INFO - Sync 1 DAGs
[2023-06-16T18:47:14.194+0000] {logging_mixin.py:149} INFO - [2023-06-16T18:47:14.194+0000] {dag.py:3490} INFO - Setting next_dagrun for example_branch_dop_operator_v3 to 2023-06-16T18:46:00+00:00, run_after=2023-06-16T18:47:00+00:00
[2023-06-16T18:47:14.245+0000] {processor.py:179} INFO - Processing /home/airflow/.local/lib/python3.7/site-packages/airflow/example_dags/example_branch_python_dop_operator_3.py took 0.422 seconds
[2023-06-16T18:47:44.426+0000] {processor.py:157} INFO - Started process (PID=414) to work on /home/airflow/.local/lib/python3.7/site-packages/airflow/example_dags/example_branch_python_dop_operator_3.py
[2023-06-16T18:47:44.431+0000] {processor.py:826} INFO - Processing file /home/airflow/.local/lib/python3.7/site-packages/airflow/example_dags/example_branch_python_dop_operator_3.py for tasks to queue
[2023-06-16T18:47:44.438+0000] {logging_mixin.py:149} INFO - [2023-06-16T18:47:44.438+0000] {dagbag.py:541} INFO - Filling up the DagBag from /home/airflow/.local/lib/python3.7/site-packages/airflow/example_dags/example_branch_python_dop_operator_3.py
[2023-06-16T18:47:44.466+0000] {processor.py:836} INFO - DAG(s) dict_keys(['example_branch_dop_operator_v3']) retrieved from /home/airflow/.local/lib/python3.7/site-packages/airflow/example_dags/example_branch_python_dop_operator_3.py
[2023-06-16T18:47:44.543+0000] {logging_mixin.py:149} INFO - [2023-06-16T18:47:44.543+0000] {dag.py:2726} INFO - Sync 1 DAGs
[2023-06-16T18:47:44.639+0000] {logging_mixin.py:149} INFO - [2023-06-16T18:47:44.639+0000] {dag.py:3490} INFO - Setting next_dagrun for example_branch_dop_operator_v3 to 2023-06-16T18:46:00+00:00, run_after=2023-06-16T18:47:00+00:00
[2023-06-16T18:47:44.697+0000] {processor.py:179} INFO - Processing /home/airflow/.local/lib/python3.7/site-packages/airflow/example_dags/example_branch_python_dop_operator_3.py took 0.281 seconds
[2023-06-16T18:48:15.226+0000] {processor.py:157} INFO - Started process (PID=471) to work on /home/airflow/.local/lib/python3.7/site-packages/airflow/example_dags/example_branch_python_dop_operator_3.py
[2023-06-16T18:48:15.229+0000] {processor.py:826} INFO - Processing file /home/airflow/.local/lib/python3.7/site-packages/airflow/example_dags/example_branch_python_dop_operator_3.py for tasks to queue
[2023-06-16T18:48:15.233+0000] {logging_mixin.py:149} INFO - [2023-06-16T18:48:15.233+0000] {dagbag.py:541} INFO - Filling up the DagBag from /home/airflow/.local/lib/python3.7/site-packages/airflow/example_dags/example_branch_python_dop_operator_3.py
[2023-06-16T18:48:15.257+0000] {processor.py:836} INFO - DAG(s) dict_keys(['example_branch_dop_operator_v3']) retrieved from /home/airflow/.local/lib/python3.7/site-packages/airflow/example_dags/example_branch_python_dop_operator_3.py
[2023-06-16T18:48:15.324+0000] {logging_mixin.py:149} INFO - [2023-06-16T18:48:15.324+0000] {dag.py:2726} INFO - Sync 1 DAGs
[2023-06-16T18:48:15.408+0000] {logging_mixin.py:149} INFO - [2023-06-16T18:48:15.408+0000] {dag.py:3490} INFO - Setting next_dagrun for example_branch_dop_operator_v3 to 2023-06-16T18:47:00+00:00, run_after=2023-06-16T18:48:00+00:00
[2023-06-16T18:48:15.460+0000] {processor.py:179} INFO - Processing /home/airflow/.local/lib/python3.7/site-packages/airflow/example_dags/example_branch_python_dop_operator_3.py took 0.243 seconds
[2023-06-16T18:48:45.696+0000] {processor.py:157} INFO - Started process (PID=528) to work on /home/airflow/.local/lib/python3.7/site-packages/airflow/example_dags/example_branch_python_dop_operator_3.py
[2023-06-16T18:48:45.701+0000] {processor.py:826} INFO - Processing file /home/airflow/.local/lib/python3.7/site-packages/airflow/example_dags/example_branch_python_dop_operator_3.py for tasks to queue
[2023-06-16T18:48:45.709+0000] {logging_mixin.py:149} INFO - [2023-06-16T18:48:45.709+0000] {dagbag.py:541} INFO - Filling up the DagBag from /home/airflow/.local/lib/python3.7/site-packages/airflow/example_dags/example_branch_python_dop_operator_3.py
[2023-06-16T18:48:45.744+0000] {processor.py:836} INFO - DAG(s) dict_keys(['example_branch_dop_operator_v3']) retrieved from /home/airflow/.local/lib/python3.7/site-packages/airflow/example_dags/example_branch_python_dop_operator_3.py
[2023-06-16T18:48:45.813+0000] {logging_mixin.py:149} INFO - [2023-06-16T18:48:45.813+0000] {dag.py:2726} INFO - Sync 1 DAGs
[2023-06-16T18:48:45.897+0000] {logging_mixin.py:149} INFO - [2023-06-16T18:48:45.897+0000] {dag.py:3490} INFO - Setting next_dagrun for example_branch_dop_operator_v3 to 2023-06-16T18:47:00+00:00, run_after=2023-06-16T18:48:00+00:00
[2023-06-16T18:48:45.937+0000] {processor.py:179} INFO - Processing /home/airflow/.local/lib/python3.7/site-packages/airflow/example_dags/example_branch_python_dop_operator_3.py took 0.250 seconds
[2023-06-16T18:49:16.507+0000] {processor.py:157} INFO - Started process (PID=585) to work on /home/airflow/.local/lib/python3.7/site-packages/airflow/example_dags/example_branch_python_dop_operator_3.py
[2023-06-16T18:49:16.515+0000] {processor.py:826} INFO - Processing file /home/airflow/.local/lib/python3.7/site-packages/airflow/example_dags/example_branch_python_dop_operator_3.py for tasks to queue
[2023-06-16T18:49:16.519+0000] {logging_mixin.py:149} INFO - [2023-06-16T18:49:16.519+0000] {dagbag.py:541} INFO - Filling up the DagBag from /home/airflow/.local/lib/python3.7/site-packages/airflow/example_dags/example_branch_python_dop_operator_3.py
[2023-06-16T18:49:16.539+0000] {processor.py:836} INFO - DAG(s) dict_keys(['example_branch_dop_operator_v3']) retrieved from /home/airflow/.local/lib/python3.7/site-packages/airflow/example_dags/example_branch_python_dop_operator_3.py
[2023-06-16T18:49:16.616+0000] {logging_mixin.py:149} INFO - [2023-06-16T18:49:16.616+0000] {dag.py:2726} INFO - Sync 1 DAGs
[2023-06-16T18:49:16.700+0000] {logging_mixin.py:149} INFO - [2023-06-16T18:49:16.699+0000] {dag.py:3490} INFO - Setting next_dagrun for example_branch_dop_operator_v3 to 2023-06-16T18:48:00+00:00, run_after=2023-06-16T18:49:00+00:00
[2023-06-16T18:49:16.739+0000] {processor.py:179} INFO - Processing /home/airflow/.local/lib/python3.7/site-packages/airflow/example_dags/example_branch_python_dop_operator_3.py took 0.241 seconds
[2023-06-16T18:49:48.374+0000] {processor.py:157} INFO - Started process (PID=641) to work on /home/airflow/.local/lib/python3.7/site-packages/airflow/example_dags/example_branch_python_dop_operator_3.py
[2023-06-16T18:49:48.379+0000] {processor.py:826} INFO - Processing file /home/airflow/.local/lib/python3.7/site-packages/airflow/example_dags/example_branch_python_dop_operator_3.py for tasks to queue
[2023-06-16T18:49:48.383+0000] {logging_mixin.py:149} INFO - [2023-06-16T18:49:48.383+0000] {dagbag.py:541} INFO - Filling up the DagBag from /home/airflow/.local/lib/python3.7/site-packages/airflow/example_dags/example_branch_python_dop_operator_3.py
[2023-06-16T18:49:48.406+0000] {processor.py:836} INFO - DAG(s) dict_keys(['example_branch_dop_operator_v3']) retrieved from /home/airflow/.local/lib/python3.7/site-packages/airflow/example_dags/example_branch_python_dop_operator_3.py
[2023-06-16T18:49:48.488+0000] {logging_mixin.py:149} INFO - [2023-06-16T18:49:48.487+0000] {dag.py:2726} INFO - Sync 1 DAGs
[2023-06-16T18:49:48.587+0000] {logging_mixin.py:149} INFO - [2023-06-16T18:49:48.587+0000] {dag.py:3490} INFO - Setting next_dagrun for example_branch_dop_operator_v3 to 2023-06-16T18:48:00+00:00, run_after=2023-06-16T18:49:00+00:00
[2023-06-16T18:49:48.654+0000] {processor.py:179} INFO - Processing /home/airflow/.local/lib/python3.7/site-packages/airflow/example_dags/example_branch_python_dop_operator_3.py took 0.291 seconds
[2023-06-16T18:50:19.003+0000] {processor.py:157} INFO - Started process (PID=698) to work on /home/airflow/.local/lib/python3.7/site-packages/airflow/example_dags/example_branch_python_dop_operator_3.py
[2023-06-16T18:50:19.010+0000] {processor.py:826} INFO - Processing file /home/airflow/.local/lib/python3.7/site-packages/airflow/example_dags/example_branch_python_dop_operator_3.py for tasks to queue
[2023-06-16T18:50:19.015+0000] {logging_mixin.py:149} INFO - [2023-06-16T18:50:19.014+0000] {dagbag.py:541} INFO - Filling up the DagBag from /home/airflow/.local/lib/python3.7/site-packages/airflow/example_dags/example_branch_python_dop_operator_3.py
[2023-06-16T18:50:19.041+0000] {processor.py:836} INFO - DAG(s) dict_keys(['example_branch_dop_operator_v3']) retrieved from /home/airflow/.local/lib/python3.7/site-packages/airflow/example_dags/example_branch_python_dop_operator_3.py
[2023-06-16T18:50:19.113+0000] {logging_mixin.py:149} INFO - [2023-06-16T18:50:19.113+0000] {dag.py:2726} INFO - Sync 1 DAGs
[2023-06-16T18:50:19.194+0000] {logging_mixin.py:149} INFO - [2023-06-16T18:50:19.193+0000] {dag.py:3490} INFO - Setting next_dagrun for example_branch_dop_operator_v3 to 2023-06-16T18:49:00+00:00, run_after=2023-06-16T18:50:00+00:00
[2023-06-16T18:50:19.236+0000] {processor.py:179} INFO - Processing /home/airflow/.local/lib/python3.7/site-packages/airflow/example_dags/example_branch_python_dop_operator_3.py took 0.243 seconds
[2023-06-16T18:50:49.401+0000] {processor.py:157} INFO - Started process (PID=756) to work on /home/airflow/.local/lib/python3.7/site-packages/airflow/example_dags/example_branch_python_dop_operator_3.py
[2023-06-16T18:50:49.405+0000] {processor.py:826} INFO - Processing file /home/airflow/.local/lib/python3.7/site-packages/airflow/example_dags/example_branch_python_dop_operator_3.py for tasks to queue
[2023-06-16T18:50:49.408+0000] {logging_mixin.py:149} INFO - [2023-06-16T18:50:49.408+0000] {dagbag.py:541} INFO - Filling up the DagBag from /home/airflow/.local/lib/python3.7/site-packages/airflow/example_dags/example_branch_python_dop_operator_3.py
[2023-06-16T18:50:49.434+0000] {processor.py:836} INFO - DAG(s) dict_keys(['example_branch_dop_operator_v3']) retrieved from /home/airflow/.local/lib/python3.7/site-packages/airflow/example_dags/example_branch_python_dop_operator_3.py
[2023-06-16T18:50:49.499+0000] {logging_mixin.py:149} INFO - [2023-06-16T18:50:49.498+0000] {dag.py:2726} INFO - Sync 1 DAGs
[2023-06-16T18:50:49.577+0000] {logging_mixin.py:149} INFO - [2023-06-16T18:50:49.577+0000] {dag.py:3490} INFO - Setting next_dagrun for example_branch_dop_operator_v3 to 2023-06-16T18:49:00+00:00, run_after=2023-06-16T18:50:00+00:00
[2023-06-16T18:50:49.625+0000] {processor.py:179} INFO - Processing /home/airflow/.local/lib/python3.7/site-packages/airflow/example_dags/example_branch_python_dop_operator_3.py took 0.233 seconds
[2023-06-16T18:51:19.731+0000] {processor.py:157} INFO - Started process (PID=813) to work on /home/airflow/.local/lib/python3.7/site-packages/airflow/example_dags/example_branch_python_dop_operator_3.py
[2023-06-16T18:51:19.735+0000] {processor.py:826} INFO - Processing file /home/airflow/.local/lib/python3.7/site-packages/airflow/example_dags/example_branch_python_dop_operator_3.py for tasks to queue
[2023-06-16T18:51:19.739+0000] {logging_mixin.py:149} INFO - [2023-06-16T18:51:19.739+0000] {dagbag.py:541} INFO - Filling up the DagBag from /home/airflow/.local/lib/python3.7/site-packages/airflow/example_dags/example_branch_python_dop_operator_3.py
[2023-06-16T18:51:19.764+0000] {processor.py:836} INFO - DAG(s) dict_keys(['example_branch_dop_operator_v3']) retrieved from /home/airflow/.local/lib/python3.7/site-packages/airflow/example_dags/example_branch_python_dop_operator_3.py
[2023-06-16T18:51:19.821+0000] {logging_mixin.py:149} INFO - [2023-06-16T18:51:19.821+0000] {dag.py:2726} INFO - Sync 1 DAGs
[2023-06-16T18:51:19.908+0000] {logging_mixin.py:149} INFO - [2023-06-16T18:51:19.907+0000] {dag.py:3490} INFO - Setting next_dagrun for example_branch_dop_operator_v3 to 2023-06-16T18:50:00+00:00, run_after=2023-06-16T18:51:00+00:00
[2023-06-16T18:51:19.953+0000] {processor.py:179} INFO - Processing /home/airflow/.local/lib/python3.7/site-packages/airflow/example_dags/example_branch_python_dop_operator_3.py took 0.229 seconds
[2023-06-16T18:51:50.817+0000] {processor.py:157} INFO - Started process (PID=871) to work on /home/airflow/.local/lib/python3.7/site-packages/airflow/example_dags/example_branch_python_dop_operator_3.py
[2023-06-16T18:51:50.836+0000] {processor.py:826} INFO - Processing file /home/airflow/.local/lib/python3.7/site-packages/airflow/example_dags/example_branch_python_dop_operator_3.py for tasks to queue
[2023-06-16T18:51:50.842+0000] {logging_mixin.py:149} INFO - [2023-06-16T18:51:50.842+0000] {dagbag.py:541} INFO - Filling up the DagBag from /home/airflow/.local/lib/python3.7/site-packages/airflow/example_dags/example_branch_python_dop_operator_3.py
[2023-06-16T18:51:50.947+0000] {processor.py:836} INFO - DAG(s) dict_keys(['example_branch_dop_operator_v3']) retrieved from /home/airflow/.local/lib/python3.7/site-packages/airflow/example_dags/example_branch_python_dop_operator_3.py
[2023-06-16T18:51:51.101+0000] {logging_mixin.py:149} INFO - [2023-06-16T18:51:51.100+0000] {dag.py:2726} INFO - Sync 1 DAGs
[2023-06-16T18:51:51.244+0000] {logging_mixin.py:149} INFO - [2023-06-16T18:51:51.244+0000] {dag.py:3490} INFO - Setting next_dagrun for example_branch_dop_operator_v3 to 2023-06-16T18:50:00+00:00, run_after=2023-06-16T18:51:00+00:00
[2023-06-16T18:51:51.411+0000] {processor.py:179} INFO - Processing /home/airflow/.local/lib/python3.7/site-packages/airflow/example_dags/example_branch_python_dop_operator_3.py took 0.609 seconds
[2023-06-16T18:52:22.134+0000] {processor.py:157} INFO - Started process (PID=928) to work on /home/airflow/.local/lib/python3.7/site-packages/airflow/example_dags/example_branch_python_dop_operator_3.py
[2023-06-16T18:52:22.138+0000] {processor.py:826} INFO - Processing file /home/airflow/.local/lib/python3.7/site-packages/airflow/example_dags/example_branch_python_dop_operator_3.py for tasks to queue
[2023-06-16T18:52:22.142+0000] {logging_mixin.py:149} INFO - [2023-06-16T18:52:22.141+0000] {dagbag.py:541} INFO - Filling up the DagBag from /home/airflow/.local/lib/python3.7/site-packages/airflow/example_dags/example_branch_python_dop_operator_3.py
[2023-06-16T18:52:22.166+0000] {processor.py:836} INFO - DAG(s) dict_keys(['example_branch_dop_operator_v3']) retrieved from /home/airflow/.local/lib/python3.7/site-packages/airflow/example_dags/example_branch_python_dop_operator_3.py
[2023-06-16T18:52:22.226+0000] {logging_mixin.py:149} INFO - [2023-06-16T18:52:22.226+0000] {dag.py:2726} INFO - Sync 1 DAGs
[2023-06-16T18:52:22.306+0000] {logging_mixin.py:149} INFO - [2023-06-16T18:52:22.305+0000] {dag.py:3490} INFO - Setting next_dagrun for example_branch_dop_operator_v3 to 2023-06-16T18:51:00+00:00, run_after=2023-06-16T18:52:00+00:00
[2023-06-16T18:52:22.378+0000] {processor.py:179} INFO - Processing /home/airflow/.local/lib/python3.7/site-packages/airflow/example_dags/example_branch_python_dop_operator_3.py took 0.255 seconds
[2023-06-16T18:52:54.638+0000] {processor.py:157} INFO - Started process (PID=986) to work on /home/airflow/.local/lib/python3.7/site-packages/airflow/example_dags/example_branch_python_dop_operator_3.py
[2023-06-16T18:52:54.651+0000] {processor.py:826} INFO - Processing file /home/airflow/.local/lib/python3.7/site-packages/airflow/example_dags/example_branch_python_dop_operator_3.py for tasks to queue
[2023-06-16T18:52:54.656+0000] {logging_mixin.py:149} INFO - [2023-06-16T18:52:54.655+0000] {dagbag.py:541} INFO - Filling up the DagBag from /home/airflow/.local/lib/python3.7/site-packages/airflow/example_dags/example_branch_python_dop_operator_3.py
[2023-06-16T18:52:54.703+0000] {processor.py:836} INFO - DAG(s) dict_keys(['example_branch_dop_operator_v3']) retrieved from /home/airflow/.local/lib/python3.7/site-packages/airflow/example_dags/example_branch_python_dop_operator_3.py
[2023-06-16T18:52:54.783+0000] {logging_mixin.py:149} INFO - [2023-06-16T18:52:54.783+0000] {dag.py:2726} INFO - Sync 1 DAGs
[2023-06-16T18:52:54.874+0000] {logging_mixin.py:149} INFO - [2023-06-16T18:52:54.874+0000] {dag.py:3490} INFO - Setting next_dagrun for example_branch_dop_operator_v3 to 2023-06-16T18:51:00+00:00, run_after=2023-06-16T18:52:00+00:00
[2023-06-16T18:52:54.936+0000] {processor.py:179} INFO - Processing /home/airflow/.local/lib/python3.7/site-packages/airflow/example_dags/example_branch_python_dop_operator_3.py took 0.309 seconds
[2023-06-16T18:53:25.755+0000] {processor.py:157} INFO - Started process (PID=1044) to work on /home/airflow/.local/lib/python3.7/site-packages/airflow/example_dags/example_branch_python_dop_operator_3.py
[2023-06-16T18:53:25.759+0000] {processor.py:826} INFO - Processing file /home/airflow/.local/lib/python3.7/site-packages/airflow/example_dags/example_branch_python_dop_operator_3.py for tasks to queue
[2023-06-16T18:53:25.763+0000] {logging_mixin.py:149} INFO - [2023-06-16T18:53:25.762+0000] {dagbag.py:541} INFO - Filling up the DagBag from /home/airflow/.local/lib/python3.7/site-packages/airflow/example_dags/example_branch_python_dop_operator_3.py
[2023-06-16T18:53:25.789+0000] {processor.py:836} INFO - DAG(s) dict_keys(['example_branch_dop_operator_v3']) retrieved from /home/airflow/.local/lib/python3.7/site-packages/airflow/example_dags/example_branch_python_dop_operator_3.py
[2023-06-16T18:53:25.862+0000] {logging_mixin.py:149} INFO - [2023-06-16T18:53:25.861+0000] {dag.py:2726} INFO - Sync 1 DAGs
[2023-06-16T18:53:25.958+0000] {logging_mixin.py:149} INFO - [2023-06-16T18:53:25.958+0000] {dag.py:3490} INFO - Setting next_dagrun for example_branch_dop_operator_v3 to 2023-06-16T18:52:00+00:00, run_after=2023-06-16T18:53:00+00:00
[2023-06-16T18:53:26.009+0000] {processor.py:179} INFO - Processing /home/airflow/.local/lib/python3.7/site-packages/airflow/example_dags/example_branch_python_dop_operator_3.py took 0.263 seconds
[2023-06-16T18:53:56.265+0000] {processor.py:157} INFO - Started process (PID=1101) to work on /home/airflow/.local/lib/python3.7/site-packages/airflow/example_dags/example_branch_python_dop_operator_3.py
[2023-06-16T18:53:56.274+0000] {processor.py:826} INFO - Processing file /home/airflow/.local/lib/python3.7/site-packages/airflow/example_dags/example_branch_python_dop_operator_3.py for tasks to queue
[2023-06-16T18:53:56.278+0000] {logging_mixin.py:149} INFO - [2023-06-16T18:53:56.277+0000] {dagbag.py:541} INFO - Filling up the DagBag from /home/airflow/.local/lib/python3.7/site-packages/airflow/example_dags/example_branch_python_dop_operator_3.py
[2023-06-16T18:53:56.308+0000] {processor.py:836} INFO - DAG(s) dict_keys(['example_branch_dop_operator_v3']) retrieved from /home/airflow/.local/lib/python3.7/site-packages/airflow/example_dags/example_branch_python_dop_operator_3.py
[2023-06-16T18:53:56.380+0000] {logging_mixin.py:149} INFO - [2023-06-16T18:53:56.380+0000] {dag.py:2726} INFO - Sync 1 DAGs
[2023-06-16T18:53:56.475+0000] {logging_mixin.py:149} INFO - [2023-06-16T18:53:56.475+0000] {dag.py:3490} INFO - Setting next_dagrun for example_branch_dop_operator_v3 to 2023-06-16T18:52:00+00:00, run_after=2023-06-16T18:53:00+00:00
[2023-06-16T18:53:56.532+0000] {processor.py:179} INFO - Processing /home/airflow/.local/lib/python3.7/site-packages/airflow/example_dags/example_branch_python_dop_operator_3.py took 0.276 seconds
[2023-06-16T18:54:27.416+0000] {processor.py:157} INFO - Started process (PID=1158) to work on /home/airflow/.local/lib/python3.7/site-packages/airflow/example_dags/example_branch_python_dop_operator_3.py
[2023-06-16T18:54:27.421+0000] {processor.py:826} INFO - Processing file /home/airflow/.local/lib/python3.7/site-packages/airflow/example_dags/example_branch_python_dop_operator_3.py for tasks to queue
[2023-06-16T18:54:27.426+0000] {logging_mixin.py:149} INFO - [2023-06-16T18:54:27.426+0000] {dagbag.py:541} INFO - Filling up the DagBag from /home/airflow/.local/lib/python3.7/site-packages/airflow/example_dags/example_branch_python_dop_operator_3.py
[2023-06-16T18:54:27.452+0000] {processor.py:836} INFO - DAG(s) dict_keys(['example_branch_dop_operator_v3']) retrieved from /home/airflow/.local/lib/python3.7/site-packages/airflow/example_dags/example_branch_python_dop_operator_3.py
[2023-06-16T18:54:27.534+0000] {logging_mixin.py:149} INFO - [2023-06-16T18:54:27.533+0000] {dag.py:2726} INFO - Sync 1 DAGs
[2023-06-16T18:54:27.630+0000] {logging_mixin.py:149} INFO - [2023-06-16T18:54:27.630+0000] {dag.py:3490} INFO - Setting next_dagrun for example_branch_dop_operator_v3 to 2023-06-16T18:53:00+00:00, run_after=2023-06-16T18:54:00+00:00
[2023-06-16T18:54:27.689+0000] {processor.py:179} INFO - Processing /home/airflow/.local/lib/python3.7/site-packages/airflow/example_dags/example_branch_python_dop_operator_3.py took 0.285 seconds
[2023-06-16T18:54:58.798+0000] {processor.py:157} INFO - Started process (PID=1217) to work on /home/airflow/.local/lib/python3.7/site-packages/airflow/example_dags/example_branch_python_dop_operator_3.py
[2023-06-16T18:54:58.803+0000] {processor.py:826} INFO - Processing file /home/airflow/.local/lib/python3.7/site-packages/airflow/example_dags/example_branch_python_dop_operator_3.py for tasks to queue
[2023-06-16T18:54:58.808+0000] {logging_mixin.py:149} INFO - [2023-06-16T18:54:58.807+0000] {dagbag.py:541} INFO - Filling up the DagBag from /home/airflow/.local/lib/python3.7/site-packages/airflow/example_dags/example_branch_python_dop_operator_3.py
[2023-06-16T18:54:58.835+0000] {processor.py:836} INFO - DAG(s) dict_keys(['example_branch_dop_operator_v3']) retrieved from /home/airflow/.local/lib/python3.7/site-packages/airflow/example_dags/example_branch_python_dop_operator_3.py
[2023-06-16T18:54:58.908+0000] {logging_mixin.py:149} INFO - [2023-06-16T18:54:58.907+0000] {dag.py:2726} INFO - Sync 1 DAGs
[2023-06-16T18:54:58.981+0000] {logging_mixin.py:149} INFO - [2023-06-16T18:54:58.981+0000] {dag.py:3490} INFO - Setting next_dagrun for example_branch_dop_operator_v3 to 2023-06-16T18:53:00+00:00, run_after=2023-06-16T18:54:00+00:00
[2023-06-16T18:54:59.024+0000] {processor.py:179} INFO - Processing /home/airflow/.local/lib/python3.7/site-packages/airflow/example_dags/example_branch_python_dop_operator_3.py took 0.233 seconds
[2023-06-16T18:55:29.503+0000] {processor.py:157} INFO - Started process (PID=1274) to work on /home/airflow/.local/lib/python3.7/site-packages/airflow/example_dags/example_branch_python_dop_operator_3.py
[2023-06-16T18:55:29.506+0000] {processor.py:826} INFO - Processing file /home/airflow/.local/lib/python3.7/site-packages/airflow/example_dags/example_branch_python_dop_operator_3.py for tasks to queue
[2023-06-16T18:55:29.512+0000] {logging_mixin.py:149} INFO - [2023-06-16T18:55:29.512+0000] {dagbag.py:541} INFO - Filling up the DagBag from /home/airflow/.local/lib/python3.7/site-packages/airflow/example_dags/example_branch_python_dop_operator_3.py
[2023-06-16T18:55:29.539+0000] {processor.py:836} INFO - DAG(s) dict_keys(['example_branch_dop_operator_v3']) retrieved from /home/airflow/.local/lib/python3.7/site-packages/airflow/example_dags/example_branch_python_dop_operator_3.py
[2023-06-16T18:55:29.618+0000] {logging_mixin.py:149} INFO - [2023-06-16T18:55:29.618+0000] {dag.py:2726} INFO - Sync 1 DAGs
[2023-06-16T18:55:29.691+0000] {logging_mixin.py:149} INFO - [2023-06-16T18:55:29.691+0000] {dag.py:3490} INFO - Setting next_dagrun for example_branch_dop_operator_v3 to 2023-06-16T18:54:00+00:00, run_after=2023-06-16T18:55:00+00:00
[2023-06-16T18:55:29.746+0000] {processor.py:179} INFO - Processing /home/airflow/.local/lib/python3.7/site-packages/airflow/example_dags/example_branch_python_dop_operator_3.py took 0.254 seconds
