[2023-06-16T10:15:43.695+0700] {processor.py:157} INFO - Started process (PID=88650) to work on /Library/Frameworks/Python.framework/Versions/3.11/lib/python3.11/site-packages/airflow/example_dags/example_xcom.py
[2023-06-16T10:15:43.696+0700] {processor.py:826} INFO - Processing file /Library/Frameworks/Python.framework/Versions/3.11/lib/python3.11/site-packages/airflow/example_dags/example_xcom.py for tasks to queue
[2023-06-16T10:15:43.697+0700] {logging_mixin.py:149} INFO - [2023-06-16T10:15:43.697+0700] {dagbag.py:541} INFO - Filling up the DagBag from /Library/Frameworks/Python.framework/Versions/3.11/lib/python3.11/site-packages/airflow/example_dags/example_xcom.py
[2023-06-16T10:15:43.750+0700] {processor.py:836} INFO - DAG(s) dict_keys(['example_xcom']) retrieved from /Library/Frameworks/Python.framework/Versions/3.11/lib/python3.11/site-packages/airflow/example_dags/example_xcom.py
[2023-06-16T10:15:44.668+0700] {logging_mixin.py:149} INFO - [2023-06-16T10:15:44.667+0700] {dag.py:2726} INFO - Sync 1 DAGs
[2023-06-16T10:15:44.683+0700] {logging_mixin.py:149} INFO - [2023-06-16T10:15:44.683+0700] {dag.py:3486} INFO - Setting next_dagrun for example_xcom to 2021-01-01T00:00:00+00:00, run_after=2021-01-01T00:00:00+00:00
[2023-06-16T10:15:44.698+0700] {processor.py:179} INFO - Processing /Library/Frameworks/Python.framework/Versions/3.11/lib/python3.11/site-packages/airflow/example_dags/example_xcom.py took 1.003 seconds
[2023-06-16T11:03:08.147+0700] {processor.py:157} INFO - Started process (PID=89094) to work on /Library/Frameworks/Python.framework/Versions/3.11/lib/python3.11/site-packages/airflow/example_dags/example_xcom.py
[2023-06-16T11:03:08.148+0700] {processor.py:826} INFO - Processing file /Library/Frameworks/Python.framework/Versions/3.11/lib/python3.11/site-packages/airflow/example_dags/example_xcom.py for tasks to queue
[2023-06-16T11:03:08.148+0700] {logging_mixin.py:149} INFO - [2023-06-16T11:03:08.148+0700] {dagbag.py:541} INFO - Filling up the DagBag from /Library/Frameworks/Python.framework/Versions/3.11/lib/python3.11/site-packages/airflow/example_dags/example_xcom.py
[2023-06-16T11:03:08.217+0700] {processor.py:836} INFO - DAG(s) dict_keys(['example_xcom']) retrieved from /Library/Frameworks/Python.framework/Versions/3.11/lib/python3.11/site-packages/airflow/example_dags/example_xcom.py
[2023-06-16T11:03:09.461+0700] {logging_mixin.py:149} INFO - [2023-06-16T11:03:09.461+0700] {dag.py:2726} INFO - Sync 1 DAGs
[2023-06-16T11:03:09.483+0700] {logging_mixin.py:149} INFO - [2023-06-16T11:03:09.483+0700] {dag.py:3486} INFO - Setting next_dagrun for example_xcom to 2021-01-01T00:00:00+00:00, run_after=2021-01-01T00:00:00+00:00
[2023-06-16T11:03:09.508+0700] {processor.py:179} INFO - Processing /Library/Frameworks/Python.framework/Versions/3.11/lib/python3.11/site-packages/airflow/example_dags/example_xcom.py took 1.362 seconds
[2023-06-16T11:05:41.208+0700] {processor.py:157} INFO - Started process (PID=89396) to work on /Library/Frameworks/Python.framework/Versions/3.11/lib/python3.11/site-packages/airflow/example_dags/example_xcom.py
[2023-06-16T11:05:41.208+0700] {processor.py:826} INFO - Processing file /Library/Frameworks/Python.framework/Versions/3.11/lib/python3.11/site-packages/airflow/example_dags/example_xcom.py for tasks to queue
[2023-06-16T11:05:41.209+0700] {logging_mixin.py:149} INFO - [2023-06-16T11:05:41.209+0700] {dagbag.py:541} INFO - Filling up the DagBag from /Library/Frameworks/Python.framework/Versions/3.11/lib/python3.11/site-packages/airflow/example_dags/example_xcom.py
[2023-06-16T11:05:41.288+0700] {processor.py:836} INFO - DAG(s) dict_keys(['example_xcom']) retrieved from /Library/Frameworks/Python.framework/Versions/3.11/lib/python3.11/site-packages/airflow/example_dags/example_xcom.py
[2023-06-16T11:05:42.504+0700] {logging_mixin.py:149} INFO - [2023-06-16T11:05:42.504+0700] {dag.py:2726} INFO - Sync 1 DAGs
[2023-06-16T11:05:42.524+0700] {logging_mixin.py:149} INFO - [2023-06-16T11:05:42.524+0700] {dag.py:3486} INFO - Setting next_dagrun for example_xcom to 2021-01-01T00:00:00+00:00, run_after=2021-01-01T00:00:00+00:00
[2023-06-16T11:05:42.550+0700] {processor.py:179} INFO - Processing /Library/Frameworks/Python.framework/Versions/3.11/lib/python3.11/site-packages/airflow/example_dags/example_xcom.py took 1.343 seconds
[2023-06-16T11:09:07.168+0700] {processor.py:157} INFO - Started process (PID=89861) to work on /Library/Frameworks/Python.framework/Versions/3.11/lib/python3.11/site-packages/airflow/example_dags/example_xcom.py
[2023-06-16T11:09:07.169+0700] {processor.py:826} INFO - Processing file /Library/Frameworks/Python.framework/Versions/3.11/lib/python3.11/site-packages/airflow/example_dags/example_xcom.py for tasks to queue
[2023-06-16T11:09:07.169+0700] {logging_mixin.py:149} INFO - [2023-06-16T11:09:07.169+0700] {dagbag.py:541} INFO - Filling up the DagBag from /Library/Frameworks/Python.framework/Versions/3.11/lib/python3.11/site-packages/airflow/example_dags/example_xcom.py
[2023-06-16T11:09:07.237+0700] {processor.py:836} INFO - DAG(s) dict_keys(['example_xcom']) retrieved from /Library/Frameworks/Python.framework/Versions/3.11/lib/python3.11/site-packages/airflow/example_dags/example_xcom.py
[2023-06-16T11:09:08.416+0700] {logging_mixin.py:149} INFO - [2023-06-16T11:09:08.416+0700] {dag.py:2726} INFO - Sync 1 DAGs
[2023-06-16T11:09:08.436+0700] {logging_mixin.py:149} INFO - [2023-06-16T11:09:08.435+0700] {dag.py:3486} INFO - Setting next_dagrun for example_xcom to 2021-01-01T00:00:00+00:00, run_after=2021-01-01T00:00:00+00:00
[2023-06-16T11:09:08.458+0700] {processor.py:179} INFO - Processing /Library/Frameworks/Python.framework/Versions/3.11/lib/python3.11/site-packages/airflow/example_dags/example_xcom.py took 1.290 seconds
[2023-06-16T11:12:04.216+0700] {processor.py:157} INFO - Started process (PID=90233) to work on /Library/Frameworks/Python.framework/Versions/3.11/lib/python3.11/site-packages/airflow/example_dags/example_xcom.py
[2023-06-16T11:12:04.218+0700] {processor.py:826} INFO - Processing file /Library/Frameworks/Python.framework/Versions/3.11/lib/python3.11/site-packages/airflow/example_dags/example_xcom.py for tasks to queue
[2023-06-16T11:12:04.219+0700] {logging_mixin.py:149} INFO - [2023-06-16T11:12:04.219+0700] {dagbag.py:541} INFO - Filling up the DagBag from /Library/Frameworks/Python.framework/Versions/3.11/lib/python3.11/site-packages/airflow/example_dags/example_xcom.py
[2023-06-16T11:12:04.322+0700] {processor.py:836} INFO - DAG(s) dict_keys(['example_xcom']) retrieved from /Library/Frameworks/Python.framework/Versions/3.11/lib/python3.11/site-packages/airflow/example_dags/example_xcom.py
[2023-06-16T11:12:06.085+0700] {logging_mixin.py:149} INFO - [2023-06-16T11:12:06.085+0700] {dag.py:2726} INFO - Sync 1 DAGs
[2023-06-16T11:12:06.114+0700] {logging_mixin.py:149} INFO - [2023-06-16T11:12:06.114+0700] {dag.py:3486} INFO - Setting next_dagrun for example_xcom to 2021-01-01T00:00:00+00:00, run_after=2021-01-01T00:00:00+00:00
[2023-06-16T11:12:06.135+0700] {processor.py:179} INFO - Processing /Library/Frameworks/Python.framework/Versions/3.11/lib/python3.11/site-packages/airflow/example_dags/example_xcom.py took 1.921 seconds
[2023-06-16T11:15:06.122+0700] {processor.py:157} INFO - Started process (PID=90599) to work on /Library/Frameworks/Python.framework/Versions/3.11/lib/python3.11/site-packages/airflow/example_dags/example_xcom.py
[2023-06-16T11:15:06.123+0700] {processor.py:826} INFO - Processing file /Library/Frameworks/Python.framework/Versions/3.11/lib/python3.11/site-packages/airflow/example_dags/example_xcom.py for tasks to queue
[2023-06-16T11:15:06.123+0700] {logging_mixin.py:149} INFO - [2023-06-16T11:15:06.123+0700] {dagbag.py:541} INFO - Filling up the DagBag from /Library/Frameworks/Python.framework/Versions/3.11/lib/python3.11/site-packages/airflow/example_dags/example_xcom.py
[2023-06-16T11:15:06.181+0700] {processor.py:836} INFO - DAG(s) dict_keys(['example_xcom']) retrieved from /Library/Frameworks/Python.framework/Versions/3.11/lib/python3.11/site-packages/airflow/example_dags/example_xcom.py
[2023-06-16T11:15:07.197+0700] {logging_mixin.py:149} INFO - [2023-06-16T11:15:07.197+0700] {dag.py:2726} INFO - Sync 1 DAGs
[2023-06-16T11:15:07.214+0700] {logging_mixin.py:149} INFO - [2023-06-16T11:15:07.214+0700] {dag.py:3486} INFO - Setting next_dagrun for example_xcom to 2021-01-01T00:00:00+00:00, run_after=2021-01-01T00:00:00+00:00
[2023-06-16T11:15:07.231+0700] {processor.py:179} INFO - Processing /Library/Frameworks/Python.framework/Versions/3.11/lib/python3.11/site-packages/airflow/example_dags/example_xcom.py took 1.110 seconds
[2023-06-16T11:18:44.389+0700] {processor.py:157} INFO - Started process (PID=91046) to work on /Library/Frameworks/Python.framework/Versions/3.11/lib/python3.11/site-packages/airflow/example_dags/example_xcom.py
[2023-06-16T11:18:44.390+0700] {processor.py:826} INFO - Processing file /Library/Frameworks/Python.framework/Versions/3.11/lib/python3.11/site-packages/airflow/example_dags/example_xcom.py for tasks to queue
[2023-06-16T11:18:44.392+0700] {logging_mixin.py:149} INFO - [2023-06-16T11:18:44.391+0700] {dagbag.py:541} INFO - Filling up the DagBag from /Library/Frameworks/Python.framework/Versions/3.11/lib/python3.11/site-packages/airflow/example_dags/example_xcom.py
[2023-06-16T11:18:44.518+0700] {processor.py:836} INFO - DAG(s) dict_keys(['example_xcom']) retrieved from /Library/Frameworks/Python.framework/Versions/3.11/lib/python3.11/site-packages/airflow/example_dags/example_xcom.py
[2023-06-16T11:18:45.791+0700] {logging_mixin.py:149} INFO - [2023-06-16T11:18:45.791+0700] {dag.py:2726} INFO - Sync 1 DAGs
[2023-06-16T11:18:45.814+0700] {logging_mixin.py:149} INFO - [2023-06-16T11:18:45.814+0700] {dag.py:3486} INFO - Setting next_dagrun for example_xcom to 2021-01-01T00:00:00+00:00, run_after=2021-01-01T00:00:00+00:00
[2023-06-16T11:18:45.837+0700] {processor.py:179} INFO - Processing /Library/Frameworks/Python.framework/Versions/3.11/lib/python3.11/site-packages/airflow/example_dags/example_xcom.py took 1.448 seconds
[2023-06-16T11:21:49.865+0700] {processor.py:157} INFO - Started process (PID=91424) to work on /Library/Frameworks/Python.framework/Versions/3.11/lib/python3.11/site-packages/airflow/example_dags/example_xcom.py
[2023-06-16T11:21:49.866+0700] {processor.py:826} INFO - Processing file /Library/Frameworks/Python.framework/Versions/3.11/lib/python3.11/site-packages/airflow/example_dags/example_xcom.py for tasks to queue
[2023-06-16T11:21:49.867+0700] {logging_mixin.py:149} INFO - [2023-06-16T11:21:49.867+0700] {dagbag.py:541} INFO - Filling up the DagBag from /Library/Frameworks/Python.framework/Versions/3.11/lib/python3.11/site-packages/airflow/example_dags/example_xcom.py
[2023-06-16T11:21:50.015+0700] {processor.py:836} INFO - DAG(s) dict_keys(['example_xcom']) retrieved from /Library/Frameworks/Python.framework/Versions/3.11/lib/python3.11/site-packages/airflow/example_dags/example_xcom.py
[2023-06-16T11:21:51.249+0700] {logging_mixin.py:149} INFO - [2023-06-16T11:21:51.249+0700] {dag.py:2726} INFO - Sync 1 DAGs
[2023-06-16T11:21:51.266+0700] {logging_mixin.py:149} INFO - [2023-06-16T11:21:51.266+0700] {dag.py:3486} INFO - Setting next_dagrun for example_xcom to 2021-01-01T00:00:00+00:00, run_after=2021-01-01T00:00:00+00:00
[2023-06-16T11:21:51.289+0700] {processor.py:179} INFO - Processing /Library/Frameworks/Python.framework/Versions/3.11/lib/python3.11/site-packages/airflow/example_dags/example_xcom.py took 1.425 seconds
[2023-06-16T11:24:20.991+0700] {processor.py:157} INFO - Started process (PID=91746) to work on /Library/Frameworks/Python.framework/Versions/3.11/lib/python3.11/site-packages/airflow/example_dags/example_xcom.py
[2023-06-16T11:24:20.992+0700] {processor.py:826} INFO - Processing file /Library/Frameworks/Python.framework/Versions/3.11/lib/python3.11/site-packages/airflow/example_dags/example_xcom.py for tasks to queue
[2023-06-16T11:24:20.992+0700] {logging_mixin.py:149} INFO - [2023-06-16T11:24:20.992+0700] {dagbag.py:541} INFO - Filling up the DagBag from /Library/Frameworks/Python.framework/Versions/3.11/lib/python3.11/site-packages/airflow/example_dags/example_xcom.py
[2023-06-16T11:24:21.059+0700] {processor.py:836} INFO - DAG(s) dict_keys(['example_xcom']) retrieved from /Library/Frameworks/Python.framework/Versions/3.11/lib/python3.11/site-packages/airflow/example_dags/example_xcom.py
[2023-06-16T11:24:22.325+0700] {logging_mixin.py:149} INFO - [2023-06-16T11:24:22.325+0700] {dag.py:2726} INFO - Sync 1 DAGs
[2023-06-16T11:24:22.343+0700] {logging_mixin.py:149} INFO - [2023-06-16T11:24:22.343+0700] {dag.py:3486} INFO - Setting next_dagrun for example_xcom to 2021-01-01T00:00:00+00:00, run_after=2021-01-01T00:00:00+00:00
[2023-06-16T11:24:22.363+0700] {processor.py:179} INFO - Processing /Library/Frameworks/Python.framework/Versions/3.11/lib/python3.11/site-packages/airflow/example_dags/example_xcom.py took 1.374 seconds
[2023-06-16T11:28:47.154+0700] {processor.py:157} INFO - Started process (PID=92368) to work on /Library/Frameworks/Python.framework/Versions/3.11/lib/python3.11/site-packages/airflow/example_dags/example_xcom.py
[2023-06-16T11:28:47.155+0700] {processor.py:826} INFO - Processing file /Library/Frameworks/Python.framework/Versions/3.11/lib/python3.11/site-packages/airflow/example_dags/example_xcom.py for tasks to queue
[2023-06-16T11:28:47.156+0700] {logging_mixin.py:149} INFO - [2023-06-16T11:28:47.156+0700] {dagbag.py:541} INFO - Filling up the DagBag from /Library/Frameworks/Python.framework/Versions/3.11/lib/python3.11/site-packages/airflow/example_dags/example_xcom.py
[2023-06-16T11:28:47.228+0700] {processor.py:836} INFO - DAG(s) dict_keys(['example_xcom']) retrieved from /Library/Frameworks/Python.framework/Versions/3.11/lib/python3.11/site-packages/airflow/example_dags/example_xcom.py
[2023-06-16T11:28:48.771+0700] {logging_mixin.py:149} INFO - [2023-06-16T11:28:48.770+0700] {dag.py:2726} INFO - Sync 1 DAGs
[2023-06-16T11:28:48.794+0700] {logging_mixin.py:149} INFO - [2023-06-16T11:28:48.794+0700] {dag.py:3486} INFO - Setting next_dagrun for example_xcom to 2021-01-01T00:00:00+00:00, run_after=2021-01-01T00:00:00+00:00
[2023-06-16T11:28:48.818+0700] {processor.py:179} INFO - Processing /Library/Frameworks/Python.framework/Versions/3.11/lib/python3.11/site-packages/airflow/example_dags/example_xcom.py took 1.664 seconds
[2023-06-16T11:32:10.814+0700] {processor.py:157} INFO - Started process (PID=92745) to work on /Library/Frameworks/Python.framework/Versions/3.11/lib/python3.11/site-packages/airflow/example_dags/example_xcom.py
[2023-06-16T11:32:10.815+0700] {processor.py:826} INFO - Processing file /Library/Frameworks/Python.framework/Versions/3.11/lib/python3.11/site-packages/airflow/example_dags/example_xcom.py for tasks to queue
[2023-06-16T11:32:10.816+0700] {logging_mixin.py:149} INFO - [2023-06-16T11:32:10.816+0700] {dagbag.py:541} INFO - Filling up the DagBag from /Library/Frameworks/Python.framework/Versions/3.11/lib/python3.11/site-packages/airflow/example_dags/example_xcom.py
[2023-06-16T11:32:10.881+0700] {processor.py:836} INFO - DAG(s) dict_keys(['example_xcom']) retrieved from /Library/Frameworks/Python.framework/Versions/3.11/lib/python3.11/site-packages/airflow/example_dags/example_xcom.py
[2023-06-16T11:32:12.250+0700] {logging_mixin.py:149} INFO - [2023-06-16T11:32:12.249+0700] {dag.py:2726} INFO - Sync 1 DAGs
[2023-06-16T11:32:12.276+0700] {logging_mixin.py:149} INFO - [2023-06-16T11:32:12.275+0700] {dag.py:3486} INFO - Setting next_dagrun for example_xcom to 2021-01-01T00:00:00+00:00, run_after=2021-01-01T00:00:00+00:00
[2023-06-16T11:32:12.301+0700] {processor.py:179} INFO - Processing /Library/Frameworks/Python.framework/Versions/3.11/lib/python3.11/site-packages/airflow/example_dags/example_xcom.py took 1.488 seconds
[2023-06-16T11:35:32.085+0700] {processor.py:157} INFO - Started process (PID=93168) to work on /Library/Frameworks/Python.framework/Versions/3.11/lib/python3.11/site-packages/airflow/example_dags/example_xcom.py
[2023-06-16T11:35:32.086+0700] {processor.py:826} INFO - Processing file /Library/Frameworks/Python.framework/Versions/3.11/lib/python3.11/site-packages/airflow/example_dags/example_xcom.py for tasks to queue
[2023-06-16T11:35:32.087+0700] {logging_mixin.py:149} INFO - [2023-06-16T11:35:32.087+0700] {dagbag.py:541} INFO - Filling up the DagBag from /Library/Frameworks/Python.framework/Versions/3.11/lib/python3.11/site-packages/airflow/example_dags/example_xcom.py
[2023-06-16T11:35:32.164+0700] {processor.py:836} INFO - DAG(s) dict_keys(['example_xcom']) retrieved from /Library/Frameworks/Python.framework/Versions/3.11/lib/python3.11/site-packages/airflow/example_dags/example_xcom.py
[2023-06-16T11:35:33.256+0700] {logging_mixin.py:149} INFO - [2023-06-16T11:35:33.256+0700] {dag.py:2726} INFO - Sync 1 DAGs
[2023-06-16T11:35:33.277+0700] {logging_mixin.py:149} INFO - [2023-06-16T11:35:33.276+0700] {dag.py:3486} INFO - Setting next_dagrun for example_xcom to 2021-01-01T00:00:00+00:00, run_after=2021-01-01T00:00:00+00:00
[2023-06-16T11:35:33.302+0700] {processor.py:179} INFO - Processing /Library/Frameworks/Python.framework/Versions/3.11/lib/python3.11/site-packages/airflow/example_dags/example_xcom.py took 1.218 seconds
[2023-06-16T11:38:22.054+0700] {processor.py:157} INFO - Started process (PID=93908) to work on /Library/Frameworks/Python.framework/Versions/3.11/lib/python3.11/site-packages/airflow/example_dags/example_xcom.py
[2023-06-16T11:38:22.055+0700] {processor.py:826} INFO - Processing file /Library/Frameworks/Python.framework/Versions/3.11/lib/python3.11/site-packages/airflow/example_dags/example_xcom.py for tasks to queue
[2023-06-16T11:38:22.056+0700] {logging_mixin.py:149} INFO - [2023-06-16T11:38:22.056+0700] {dagbag.py:541} INFO - Filling up the DagBag from /Library/Frameworks/Python.framework/Versions/3.11/lib/python3.11/site-packages/airflow/example_dags/example_xcom.py
[2023-06-16T11:38:22.130+0700] {processor.py:836} INFO - DAG(s) dict_keys(['example_xcom']) retrieved from /Library/Frameworks/Python.framework/Versions/3.11/lib/python3.11/site-packages/airflow/example_dags/example_xcom.py
[2023-06-16T11:38:23.491+0700] {logging_mixin.py:149} INFO - [2023-06-16T11:38:23.491+0700] {dag.py:2726} INFO - Sync 1 DAGs
[2023-06-16T11:38:23.511+0700] {logging_mixin.py:149} INFO - [2023-06-16T11:38:23.510+0700] {dag.py:3486} INFO - Setting next_dagrun for example_xcom to 2021-01-01T00:00:00+00:00, run_after=2021-01-01T00:00:00+00:00
[2023-06-16T11:38:23.535+0700] {processor.py:179} INFO - Processing /Library/Frameworks/Python.framework/Versions/3.11/lib/python3.11/site-packages/airflow/example_dags/example_xcom.py took 1.483 seconds
[2023-06-16T11:41:13.877+0700] {processor.py:157} INFO - Started process (PID=94268) to work on /Library/Frameworks/Python.framework/Versions/3.11/lib/python3.11/site-packages/airflow/example_dags/example_xcom.py
[2023-06-16T11:41:13.879+0700] {processor.py:826} INFO - Processing file /Library/Frameworks/Python.framework/Versions/3.11/lib/python3.11/site-packages/airflow/example_dags/example_xcom.py for tasks to queue
[2023-06-16T11:41:13.879+0700] {logging_mixin.py:149} INFO - [2023-06-16T11:41:13.879+0700] {dagbag.py:541} INFO - Filling up the DagBag from /Library/Frameworks/Python.framework/Versions/3.11/lib/python3.11/site-packages/airflow/example_dags/example_xcom.py
[2023-06-16T11:41:13.952+0700] {processor.py:836} INFO - DAG(s) dict_keys(['example_xcom']) retrieved from /Library/Frameworks/Python.framework/Versions/3.11/lib/python3.11/site-packages/airflow/example_dags/example_xcom.py
[2023-06-16T11:41:15.146+0700] {logging_mixin.py:149} INFO - [2023-06-16T11:41:15.145+0700] {dag.py:2726} INFO - Sync 1 DAGs
[2023-06-16T11:41:15.169+0700] {logging_mixin.py:149} INFO - [2023-06-16T11:41:15.169+0700] {dag.py:3486} INFO - Setting next_dagrun for example_xcom to 2021-01-01T00:00:00+00:00, run_after=2021-01-01T00:00:00+00:00
[2023-06-16T11:41:15.188+0700] {processor.py:179} INFO - Processing /Library/Frameworks/Python.framework/Versions/3.11/lib/python3.11/site-packages/airflow/example_dags/example_xcom.py took 1.311 seconds
[2023-06-16T11:44:01.667+0700] {processor.py:157} INFO - Started process (PID=94634) to work on /Library/Frameworks/Python.framework/Versions/3.11/lib/python3.11/site-packages/airflow/example_dags/example_xcom.py
[2023-06-16T11:44:01.669+0700] {processor.py:826} INFO - Processing file /Library/Frameworks/Python.framework/Versions/3.11/lib/python3.11/site-packages/airflow/example_dags/example_xcom.py for tasks to queue
[2023-06-16T11:44:01.669+0700] {logging_mixin.py:149} INFO - [2023-06-16T11:44:01.669+0700] {dagbag.py:541} INFO - Filling up the DagBag from /Library/Frameworks/Python.framework/Versions/3.11/lib/python3.11/site-packages/airflow/example_dags/example_xcom.py
[2023-06-16T11:44:01.768+0700] {processor.py:836} INFO - DAG(s) dict_keys(['example_xcom']) retrieved from /Library/Frameworks/Python.framework/Versions/3.11/lib/python3.11/site-packages/airflow/example_dags/example_xcom.py
[2023-06-16T11:44:03.046+0700] {logging_mixin.py:149} INFO - [2023-06-16T11:44:03.046+0700] {dag.py:2726} INFO - Sync 1 DAGs
[2023-06-16T11:44:03.067+0700] {logging_mixin.py:149} INFO - [2023-06-16T11:44:03.067+0700] {dag.py:3486} INFO - Setting next_dagrun for example_xcom to 2021-01-01T00:00:00+00:00, run_after=2021-01-01T00:00:00+00:00
[2023-06-16T11:44:03.086+0700] {processor.py:179} INFO - Processing /Library/Frameworks/Python.framework/Versions/3.11/lib/python3.11/site-packages/airflow/example_dags/example_xcom.py took 1.420 seconds
[2023-06-16T11:49:21.883+0700] {processor.py:157} INFO - Started process (PID=95228) to work on /Library/Frameworks/Python.framework/Versions/3.11/lib/python3.11/site-packages/airflow/example_dags/example_xcom.py
[2023-06-16T11:49:21.884+0700] {processor.py:826} INFO - Processing file /Library/Frameworks/Python.framework/Versions/3.11/lib/python3.11/site-packages/airflow/example_dags/example_xcom.py for tasks to queue
[2023-06-16T11:49:21.884+0700] {logging_mixin.py:149} INFO - [2023-06-16T11:49:21.884+0700] {dagbag.py:541} INFO - Filling up the DagBag from /Library/Frameworks/Python.framework/Versions/3.11/lib/python3.11/site-packages/airflow/example_dags/example_xcom.py
[2023-06-16T11:49:21.956+0700] {processor.py:836} INFO - DAG(s) dict_keys(['example_xcom']) retrieved from /Library/Frameworks/Python.framework/Versions/3.11/lib/python3.11/site-packages/airflow/example_dags/example_xcom.py
[2023-06-16T11:49:23.071+0700] {logging_mixin.py:149} INFO - [2023-06-16T11:49:23.071+0700] {dag.py:2726} INFO - Sync 1 DAGs
[2023-06-16T11:49:23.094+0700] {logging_mixin.py:149} INFO - [2023-06-16T11:49:23.094+0700] {dag.py:3486} INFO - Setting next_dagrun for example_xcom to 2021-01-01T00:00:00+00:00, run_after=2021-01-01T00:00:00+00:00
[2023-06-16T11:49:23.120+0700] {processor.py:179} INFO - Processing /Library/Frameworks/Python.framework/Versions/3.11/lib/python3.11/site-packages/airflow/example_dags/example_xcom.py took 1.238 seconds
[2023-06-16T11:52:47.941+0700] {processor.py:157} INFO - Started process (PID=95637) to work on /Library/Frameworks/Python.framework/Versions/3.11/lib/python3.11/site-packages/airflow/example_dags/example_xcom.py
[2023-06-16T11:52:47.943+0700] {processor.py:826} INFO - Processing file /Library/Frameworks/Python.framework/Versions/3.11/lib/python3.11/site-packages/airflow/example_dags/example_xcom.py for tasks to queue
[2023-06-16T11:52:47.943+0700] {logging_mixin.py:149} INFO - [2023-06-16T11:52:47.943+0700] {dagbag.py:541} INFO - Filling up the DagBag from /Library/Frameworks/Python.framework/Versions/3.11/lib/python3.11/site-packages/airflow/example_dags/example_xcom.py
[2023-06-16T11:52:48.036+0700] {processor.py:836} INFO - DAG(s) dict_keys(['example_xcom']) retrieved from /Library/Frameworks/Python.framework/Versions/3.11/lib/python3.11/site-packages/airflow/example_dags/example_xcom.py
[2023-06-16T11:52:49.268+0700] {logging_mixin.py:149} INFO - [2023-06-16T11:52:49.268+0700] {dag.py:2726} INFO - Sync 1 DAGs
[2023-06-16T11:52:49.285+0700] {logging_mixin.py:149} INFO - [2023-06-16T11:52:49.285+0700] {dag.py:3486} INFO - Setting next_dagrun for example_xcom to 2021-01-01T00:00:00+00:00, run_after=2021-01-01T00:00:00+00:00
[2023-06-16T11:52:49.301+0700] {processor.py:179} INFO - Processing /Library/Frameworks/Python.framework/Versions/3.11/lib/python3.11/site-packages/airflow/example_dags/example_xcom.py took 1.361 seconds
[2023-06-16T11:56:06.041+0700] {processor.py:157} INFO - Started process (PID=96082) to work on /Library/Frameworks/Python.framework/Versions/3.11/lib/python3.11/site-packages/airflow/example_dags/example_xcom.py
[2023-06-16T11:56:06.043+0700] {processor.py:826} INFO - Processing file /Library/Frameworks/Python.framework/Versions/3.11/lib/python3.11/site-packages/airflow/example_dags/example_xcom.py for tasks to queue
[2023-06-16T11:56:06.044+0700] {logging_mixin.py:149} INFO - [2023-06-16T11:56:06.044+0700] {dagbag.py:541} INFO - Filling up the DagBag from /Library/Frameworks/Python.framework/Versions/3.11/lib/python3.11/site-packages/airflow/example_dags/example_xcom.py
[2023-06-16T11:56:06.112+0700] {processor.py:836} INFO - DAG(s) dict_keys(['example_xcom']) retrieved from /Library/Frameworks/Python.framework/Versions/3.11/lib/python3.11/site-packages/airflow/example_dags/example_xcom.py
[2023-06-16T11:56:07.200+0700] {logging_mixin.py:149} INFO - [2023-06-16T11:56:07.200+0700] {dag.py:2726} INFO - Sync 1 DAGs
[2023-06-16T11:56:07.220+0700] {logging_mixin.py:149} INFO - [2023-06-16T11:56:07.220+0700] {dag.py:3486} INFO - Setting next_dagrun for example_xcom to 2021-01-01T00:00:00+00:00, run_after=2021-01-01T00:00:00+00:00
[2023-06-16T11:56:07.243+0700] {processor.py:179} INFO - Processing /Library/Frameworks/Python.framework/Versions/3.11/lib/python3.11/site-packages/airflow/example_dags/example_xcom.py took 1.202 seconds
[2023-06-16T11:58:51.609+0700] {processor.py:157} INFO - Started process (PID=96449) to work on /Library/Frameworks/Python.framework/Versions/3.11/lib/python3.11/site-packages/airflow/example_dags/example_xcom.py
[2023-06-16T11:58:51.610+0700] {processor.py:826} INFO - Processing file /Library/Frameworks/Python.framework/Versions/3.11/lib/python3.11/site-packages/airflow/example_dags/example_xcom.py for tasks to queue
[2023-06-16T11:58:51.610+0700] {logging_mixin.py:149} INFO - [2023-06-16T11:58:51.610+0700] {dagbag.py:541} INFO - Filling up the DagBag from /Library/Frameworks/Python.framework/Versions/3.11/lib/python3.11/site-packages/airflow/example_dags/example_xcom.py
[2023-06-16T11:58:51.669+0700] {processor.py:836} INFO - DAG(s) dict_keys(['example_xcom']) retrieved from /Library/Frameworks/Python.framework/Versions/3.11/lib/python3.11/site-packages/airflow/example_dags/example_xcom.py
[2023-06-16T11:58:52.949+0700] {logging_mixin.py:149} INFO - [2023-06-16T11:58:52.949+0700] {dag.py:2726} INFO - Sync 1 DAGs
[2023-06-16T11:58:52.977+0700] {logging_mixin.py:149} INFO - [2023-06-16T11:58:52.977+0700] {dag.py:3486} INFO - Setting next_dagrun for example_xcom to 2021-01-01T00:00:00+00:00, run_after=2021-01-01T00:00:00+00:00
[2023-06-16T11:58:53.002+0700] {processor.py:179} INFO - Processing /Library/Frameworks/Python.framework/Versions/3.11/lib/python3.11/site-packages/airflow/example_dags/example_xcom.py took 1.394 seconds
[2023-06-16T12:01:47.679+0700] {processor.py:157} INFO - Started process (PID=96760) to work on /Library/Frameworks/Python.framework/Versions/3.11/lib/python3.11/site-packages/airflow/example_dags/example_xcom.py
[2023-06-16T12:01:47.680+0700] {processor.py:826} INFO - Processing file /Library/Frameworks/Python.framework/Versions/3.11/lib/python3.11/site-packages/airflow/example_dags/example_xcom.py for tasks to queue
[2023-06-16T12:01:47.681+0700] {logging_mixin.py:149} INFO - [2023-06-16T12:01:47.681+0700] {dagbag.py:541} INFO - Filling up the DagBag from /Library/Frameworks/Python.framework/Versions/3.11/lib/python3.11/site-packages/airflow/example_dags/example_xcom.py
[2023-06-16T12:01:47.750+0700] {processor.py:836} INFO - DAG(s) dict_keys(['example_xcom']) retrieved from /Library/Frameworks/Python.framework/Versions/3.11/lib/python3.11/site-packages/airflow/example_dags/example_xcom.py
[2023-06-16T12:01:49.370+0700] {logging_mixin.py:149} INFO - [2023-06-16T12:01:49.370+0700] {dag.py:2726} INFO - Sync 1 DAGs
[2023-06-16T12:01:49.402+0700] {logging_mixin.py:149} INFO - [2023-06-16T12:01:49.402+0700] {dag.py:3486} INFO - Setting next_dagrun for example_xcom to 2021-01-01T00:00:00+00:00, run_after=2021-01-01T00:00:00+00:00
[2023-06-16T12:01:49.426+0700] {processor.py:179} INFO - Processing /Library/Frameworks/Python.framework/Versions/3.11/lib/python3.11/site-packages/airflow/example_dags/example_xcom.py took 1.748 seconds
[2023-06-16T12:04:25.337+0700] {processor.py:157} INFO - Started process (PID=97161) to work on /Library/Frameworks/Python.framework/Versions/3.11/lib/python3.11/site-packages/airflow/example_dags/example_xcom.py
[2023-06-16T12:04:25.339+0700] {processor.py:826} INFO - Processing file /Library/Frameworks/Python.framework/Versions/3.11/lib/python3.11/site-packages/airflow/example_dags/example_xcom.py for tasks to queue
[2023-06-16T12:04:25.340+0700] {logging_mixin.py:149} INFO - [2023-06-16T12:04:25.339+0700] {dagbag.py:541} INFO - Filling up the DagBag from /Library/Frameworks/Python.framework/Versions/3.11/lib/python3.11/site-packages/airflow/example_dags/example_xcom.py
[2023-06-16T12:04:25.408+0700] {processor.py:836} INFO - DAG(s) dict_keys(['example_xcom']) retrieved from /Library/Frameworks/Python.framework/Versions/3.11/lib/python3.11/site-packages/airflow/example_dags/example_xcom.py
[2023-06-16T12:04:26.626+0700] {logging_mixin.py:149} INFO - [2023-06-16T12:04:26.626+0700] {dag.py:2726} INFO - Sync 1 DAGs
[2023-06-16T12:04:26.646+0700] {logging_mixin.py:149} INFO - [2023-06-16T12:04:26.646+0700] {dag.py:3486} INFO - Setting next_dagrun for example_xcom to 2021-01-01T00:00:00+00:00, run_after=2021-01-01T00:00:00+00:00
[2023-06-16T12:04:26.669+0700] {processor.py:179} INFO - Processing /Library/Frameworks/Python.framework/Versions/3.11/lib/python3.11/site-packages/airflow/example_dags/example_xcom.py took 1.333 seconds
[2023-06-16T12:06:57.608+0700] {processor.py:157} INFO - Started process (PID=97519) to work on /Library/Frameworks/Python.framework/Versions/3.11/lib/python3.11/site-packages/airflow/example_dags/example_xcom.py
[2023-06-16T12:06:57.609+0700] {processor.py:826} INFO - Processing file /Library/Frameworks/Python.framework/Versions/3.11/lib/python3.11/site-packages/airflow/example_dags/example_xcom.py for tasks to queue
[2023-06-16T12:06:57.610+0700] {logging_mixin.py:149} INFO - [2023-06-16T12:06:57.610+0700] {dagbag.py:541} INFO - Filling up the DagBag from /Library/Frameworks/Python.framework/Versions/3.11/lib/python3.11/site-packages/airflow/example_dags/example_xcom.py
[2023-06-16T12:06:57.670+0700] {processor.py:836} INFO - DAG(s) dict_keys(['example_xcom']) retrieved from /Library/Frameworks/Python.framework/Versions/3.11/lib/python3.11/site-packages/airflow/example_dags/example_xcom.py
[2023-06-16T12:06:58.695+0700] {logging_mixin.py:149} INFO - [2023-06-16T12:06:58.695+0700] {dag.py:2726} INFO - Sync 1 DAGs
[2023-06-16T12:06:58.719+0700] {logging_mixin.py:149} INFO - [2023-06-16T12:06:58.719+0700] {dag.py:3486} INFO - Setting next_dagrun for example_xcom to 2021-01-01T00:00:00+00:00, run_after=2021-01-01T00:00:00+00:00
[2023-06-16T12:06:58.736+0700] {processor.py:179} INFO - Processing /Library/Frameworks/Python.framework/Versions/3.11/lib/python3.11/site-packages/airflow/example_dags/example_xcom.py took 1.130 seconds
[2023-06-16T12:09:13.730+0700] {processor.py:157} INFO - Started process (PID=97765) to work on /Library/Frameworks/Python.framework/Versions/3.11/lib/python3.11/site-packages/airflow/example_dags/example_xcom.py
[2023-06-16T12:09:13.732+0700] {processor.py:826} INFO - Processing file /Library/Frameworks/Python.framework/Versions/3.11/lib/python3.11/site-packages/airflow/example_dags/example_xcom.py for tasks to queue
[2023-06-16T12:09:13.733+0700] {logging_mixin.py:149} INFO - [2023-06-16T12:09:13.732+0700] {dagbag.py:541} INFO - Filling up the DagBag from /Library/Frameworks/Python.framework/Versions/3.11/lib/python3.11/site-packages/airflow/example_dags/example_xcom.py
[2023-06-16T12:09:13.791+0700] {processor.py:836} INFO - DAG(s) dict_keys(['example_xcom']) retrieved from /Library/Frameworks/Python.framework/Versions/3.11/lib/python3.11/site-packages/airflow/example_dags/example_xcom.py
[2023-06-16T12:09:14.812+0700] {logging_mixin.py:149} INFO - [2023-06-16T12:09:14.812+0700] {dag.py:2726} INFO - Sync 1 DAGs
[2023-06-16T12:09:14.832+0700] {logging_mixin.py:149} INFO - [2023-06-16T12:09:14.832+0700] {dag.py:3486} INFO - Setting next_dagrun for example_xcom to 2021-01-01T00:00:00+00:00, run_after=2021-01-01T00:00:00+00:00
[2023-06-16T12:09:14.858+0700] {processor.py:179} INFO - Processing /Library/Frameworks/Python.framework/Versions/3.11/lib/python3.11/site-packages/airflow/example_dags/example_xcom.py took 1.129 seconds
[2023-06-16T12:11:41.639+0700] {processor.py:157} INFO - Started process (PID=98106) to work on /Library/Frameworks/Python.framework/Versions/3.11/lib/python3.11/site-packages/airflow/example_dags/example_xcom.py
[2023-06-16T12:11:41.641+0700] {processor.py:826} INFO - Processing file /Library/Frameworks/Python.framework/Versions/3.11/lib/python3.11/site-packages/airflow/example_dags/example_xcom.py for tasks to queue
[2023-06-16T12:11:41.641+0700] {logging_mixin.py:149} INFO - [2023-06-16T12:11:41.641+0700] {dagbag.py:541} INFO - Filling up the DagBag from /Library/Frameworks/Python.framework/Versions/3.11/lib/python3.11/site-packages/airflow/example_dags/example_xcom.py
[2023-06-16T12:11:41.721+0700] {processor.py:836} INFO - DAG(s) dict_keys(['example_xcom']) retrieved from /Library/Frameworks/Python.framework/Versions/3.11/lib/python3.11/site-packages/airflow/example_dags/example_xcom.py
[2023-06-16T12:11:43.231+0700] {logging_mixin.py:149} INFO - [2023-06-16T12:11:43.231+0700] {dag.py:2726} INFO - Sync 1 DAGs
[2023-06-16T12:11:43.254+0700] {logging_mixin.py:149} INFO - [2023-06-16T12:11:43.254+0700] {dag.py:3486} INFO - Setting next_dagrun for example_xcom to 2021-01-01T00:00:00+00:00, run_after=2021-01-01T00:00:00+00:00
[2023-06-16T12:11:43.278+0700] {processor.py:179} INFO - Processing /Library/Frameworks/Python.framework/Versions/3.11/lib/python3.11/site-packages/airflow/example_dags/example_xcom.py took 1.640 seconds
[2023-06-16T12:14:16.152+0700] {processor.py:157} INFO - Started process (PID=98443) to work on /Library/Frameworks/Python.framework/Versions/3.11/lib/python3.11/site-packages/airflow/example_dags/example_xcom.py
[2023-06-16T12:14:16.153+0700] {processor.py:826} INFO - Processing file /Library/Frameworks/Python.framework/Versions/3.11/lib/python3.11/site-packages/airflow/example_dags/example_xcom.py for tasks to queue
[2023-06-16T12:14:16.154+0700] {logging_mixin.py:149} INFO - [2023-06-16T12:14:16.154+0700] {dagbag.py:541} INFO - Filling up the DagBag from /Library/Frameworks/Python.framework/Versions/3.11/lib/python3.11/site-packages/airflow/example_dags/example_xcom.py
[2023-06-16T12:14:16.226+0700] {processor.py:836} INFO - DAG(s) dict_keys(['example_xcom']) retrieved from /Library/Frameworks/Python.framework/Versions/3.11/lib/python3.11/site-packages/airflow/example_dags/example_xcom.py
[2023-06-16T12:14:17.376+0700] {logging_mixin.py:149} INFO - [2023-06-16T12:14:17.376+0700] {dag.py:2726} INFO - Sync 1 DAGs
[2023-06-16T12:14:17.395+0700] {logging_mixin.py:149} INFO - [2023-06-16T12:14:17.395+0700] {dag.py:3486} INFO - Setting next_dagrun for example_xcom to 2021-01-01T00:00:00+00:00, run_after=2021-01-01T00:00:00+00:00
[2023-06-16T12:14:17.416+0700] {processor.py:179} INFO - Processing /Library/Frameworks/Python.framework/Versions/3.11/lib/python3.11/site-packages/airflow/example_dags/example_xcom.py took 1.265 seconds
[2023-06-16T12:16:46.146+0700] {processor.py:157} INFO - Started process (PID=98730) to work on /Library/Frameworks/Python.framework/Versions/3.11/lib/python3.11/site-packages/airflow/example_dags/example_xcom.py
[2023-06-16T12:16:46.148+0700] {processor.py:826} INFO - Processing file /Library/Frameworks/Python.framework/Versions/3.11/lib/python3.11/site-packages/airflow/example_dags/example_xcom.py for tasks to queue
[2023-06-16T12:16:46.148+0700] {logging_mixin.py:149} INFO - [2023-06-16T12:16:46.148+0700] {dagbag.py:541} INFO - Filling up the DagBag from /Library/Frameworks/Python.framework/Versions/3.11/lib/python3.11/site-packages/airflow/example_dags/example_xcom.py
[2023-06-16T12:16:46.211+0700] {processor.py:836} INFO - DAG(s) dict_keys(['example_xcom']) retrieved from /Library/Frameworks/Python.framework/Versions/3.11/lib/python3.11/site-packages/airflow/example_dags/example_xcom.py
[2023-06-16T12:16:47.437+0700] {logging_mixin.py:149} INFO - [2023-06-16T12:16:47.436+0700] {dag.py:2726} INFO - Sync 1 DAGs
[2023-06-16T12:16:47.460+0700] {logging_mixin.py:149} INFO - [2023-06-16T12:16:47.460+0700] {dag.py:3486} INFO - Setting next_dagrun for example_xcom to 2021-01-01T00:00:00+00:00, run_after=2021-01-01T00:00:00+00:00
[2023-06-16T12:16:47.493+0700] {processor.py:179} INFO - Processing /Library/Frameworks/Python.framework/Versions/3.11/lib/python3.11/site-packages/airflow/example_dags/example_xcom.py took 1.348 seconds
[2023-06-16T12:19:15.307+0700] {processor.py:157} INFO - Started process (PID=99059) to work on /Library/Frameworks/Python.framework/Versions/3.11/lib/python3.11/site-packages/airflow/example_dags/example_xcom.py
[2023-06-16T12:19:15.308+0700] {processor.py:826} INFO - Processing file /Library/Frameworks/Python.framework/Versions/3.11/lib/python3.11/site-packages/airflow/example_dags/example_xcom.py for tasks to queue
[2023-06-16T12:19:15.308+0700] {logging_mixin.py:149} INFO - [2023-06-16T12:19:15.308+0700] {dagbag.py:541} INFO - Filling up the DagBag from /Library/Frameworks/Python.framework/Versions/3.11/lib/python3.11/site-packages/airflow/example_dags/example_xcom.py
[2023-06-16T12:19:15.371+0700] {processor.py:836} INFO - DAG(s) dict_keys(['example_xcom']) retrieved from /Library/Frameworks/Python.framework/Versions/3.11/lib/python3.11/site-packages/airflow/example_dags/example_xcom.py
[2023-06-16T12:19:16.443+0700] {logging_mixin.py:149} INFO - [2023-06-16T12:19:16.443+0700] {dag.py:2726} INFO - Sync 1 DAGs
[2023-06-16T12:19:16.460+0700] {logging_mixin.py:149} INFO - [2023-06-16T12:19:16.459+0700] {dag.py:3486} INFO - Setting next_dagrun for example_xcom to 2021-01-01T00:00:00+00:00, run_after=2021-01-01T00:00:00+00:00
[2023-06-16T12:19:16.483+0700] {processor.py:179} INFO - Processing /Library/Frameworks/Python.framework/Versions/3.11/lib/python3.11/site-packages/airflow/example_dags/example_xcom.py took 1.178 seconds
[2023-06-16T12:21:44.714+0700] {processor.py:157} INFO - Started process (PID=99368) to work on /Library/Frameworks/Python.framework/Versions/3.11/lib/python3.11/site-packages/airflow/example_dags/example_xcom.py
[2023-06-16T12:21:44.715+0700] {processor.py:826} INFO - Processing file /Library/Frameworks/Python.framework/Versions/3.11/lib/python3.11/site-packages/airflow/example_dags/example_xcom.py for tasks to queue
[2023-06-16T12:21:44.715+0700] {logging_mixin.py:149} INFO - [2023-06-16T12:21:44.715+0700] {dagbag.py:541} INFO - Filling up the DagBag from /Library/Frameworks/Python.framework/Versions/3.11/lib/python3.11/site-packages/airflow/example_dags/example_xcom.py
[2023-06-16T12:21:44.776+0700] {processor.py:836} INFO - DAG(s) dict_keys(['example_xcom']) retrieved from /Library/Frameworks/Python.framework/Versions/3.11/lib/python3.11/site-packages/airflow/example_dags/example_xcom.py
[2023-06-16T12:21:45.832+0700] {logging_mixin.py:149} INFO - [2023-06-16T12:21:45.831+0700] {dag.py:2726} INFO - Sync 1 DAGs
[2023-06-16T12:21:45.850+0700] {logging_mixin.py:149} INFO - [2023-06-16T12:21:45.849+0700] {dag.py:3486} INFO - Setting next_dagrun for example_xcom to 2021-01-01T00:00:00+00:00, run_after=2021-01-01T00:00:00+00:00
[2023-06-16T12:21:45.873+0700] {processor.py:179} INFO - Processing /Library/Frameworks/Python.framework/Versions/3.11/lib/python3.11/site-packages/airflow/example_dags/example_xcom.py took 1.160 seconds
[2023-06-16T12:24:56.326+0700] {processor.py:157} INFO - Started process (PID=99782) to work on /Library/Frameworks/Python.framework/Versions/3.11/lib/python3.11/site-packages/airflow/example_dags/example_xcom.py
[2023-06-16T12:24:56.328+0700] {processor.py:826} INFO - Processing file /Library/Frameworks/Python.framework/Versions/3.11/lib/python3.11/site-packages/airflow/example_dags/example_xcom.py for tasks to queue
[2023-06-16T12:24:56.328+0700] {logging_mixin.py:149} INFO - [2023-06-16T12:24:56.328+0700] {dagbag.py:541} INFO - Filling up the DagBag from /Library/Frameworks/Python.framework/Versions/3.11/lib/python3.11/site-packages/airflow/example_dags/example_xcom.py
[2023-06-16T12:24:56.401+0700] {processor.py:836} INFO - DAG(s) dict_keys(['example_xcom']) retrieved from /Library/Frameworks/Python.framework/Versions/3.11/lib/python3.11/site-packages/airflow/example_dags/example_xcom.py
[2023-06-16T12:24:57.591+0700] {logging_mixin.py:149} INFO - [2023-06-16T12:24:57.590+0700] {dag.py:2726} INFO - Sync 1 DAGs
[2023-06-16T12:24:57.613+0700] {logging_mixin.py:149} INFO - [2023-06-16T12:24:57.613+0700] {dag.py:3486} INFO - Setting next_dagrun for example_xcom to 2021-01-01T00:00:00+00:00, run_after=2021-01-01T00:00:00+00:00
[2023-06-16T12:24:57.633+0700] {processor.py:179} INFO - Processing /Library/Frameworks/Python.framework/Versions/3.11/lib/python3.11/site-packages/airflow/example_dags/example_xcom.py took 1.308 seconds
[2023-06-16T12:27:46.378+0700] {processor.py:157} INFO - Started process (PID=518) to work on /Library/Frameworks/Python.framework/Versions/3.11/lib/python3.11/site-packages/airflow/example_dags/example_xcom.py
[2023-06-16T12:27:46.379+0700] {processor.py:826} INFO - Processing file /Library/Frameworks/Python.framework/Versions/3.11/lib/python3.11/site-packages/airflow/example_dags/example_xcom.py for tasks to queue
[2023-06-16T12:27:46.380+0700] {logging_mixin.py:149} INFO - [2023-06-16T12:27:46.380+0700] {dagbag.py:541} INFO - Filling up the DagBag from /Library/Frameworks/Python.framework/Versions/3.11/lib/python3.11/site-packages/airflow/example_dags/example_xcom.py
[2023-06-16T12:27:46.443+0700] {processor.py:836} INFO - DAG(s) dict_keys(['example_xcom']) retrieved from /Library/Frameworks/Python.framework/Versions/3.11/lib/python3.11/site-packages/airflow/example_dags/example_xcom.py
[2023-06-16T12:27:47.548+0700] {logging_mixin.py:149} INFO - [2023-06-16T12:27:47.548+0700] {dag.py:2726} INFO - Sync 1 DAGs
[2023-06-16T12:27:47.566+0700] {logging_mixin.py:149} INFO - [2023-06-16T12:27:47.566+0700] {dag.py:3486} INFO - Setting next_dagrun for example_xcom to 2021-01-01T00:00:00+00:00, run_after=2021-01-01T00:00:00+00:00
[2023-06-16T12:27:47.593+0700] {processor.py:179} INFO - Processing /Library/Frameworks/Python.framework/Versions/3.11/lib/python3.11/site-packages/airflow/example_dags/example_xcom.py took 1.217 seconds
[2023-06-16T12:30:19.594+0700] {processor.py:157} INFO - Started process (PID=965) to work on /Library/Frameworks/Python.framework/Versions/3.11/lib/python3.11/site-packages/airflow/example_dags/example_xcom.py
[2023-06-16T12:30:19.594+0700] {processor.py:826} INFO - Processing file /Library/Frameworks/Python.framework/Versions/3.11/lib/python3.11/site-packages/airflow/example_dags/example_xcom.py for tasks to queue
[2023-06-16T12:30:19.595+0700] {logging_mixin.py:149} INFO - [2023-06-16T12:30:19.595+0700] {dagbag.py:541} INFO - Filling up the DagBag from /Library/Frameworks/Python.framework/Versions/3.11/lib/python3.11/site-packages/airflow/example_dags/example_xcom.py
[2023-06-16T12:30:19.664+0700] {processor.py:836} INFO - DAG(s) dict_keys(['example_xcom']) retrieved from /Library/Frameworks/Python.framework/Versions/3.11/lib/python3.11/site-packages/airflow/example_dags/example_xcom.py
[2023-06-16T12:30:21.000+0700] {logging_mixin.py:149} INFO - [2023-06-16T12:30:21.000+0700] {dag.py:2726} INFO - Sync 1 DAGs
[2023-06-16T12:30:21.023+0700] {logging_mixin.py:149} INFO - [2023-06-16T12:30:21.023+0700] {dag.py:3486} INFO - Setting next_dagrun for example_xcom to 2021-01-01T00:00:00+00:00, run_after=2021-01-01T00:00:00+00:00
[2023-06-16T12:30:21.050+0700] {processor.py:179} INFO - Processing /Library/Frameworks/Python.framework/Versions/3.11/lib/python3.11/site-packages/airflow/example_dags/example_xcom.py took 1.458 seconds
[2023-06-16T12:33:00.451+0700] {processor.py:157} INFO - Started process (PID=1323) to work on /Library/Frameworks/Python.framework/Versions/3.11/lib/python3.11/site-packages/airflow/example_dags/example_xcom.py
[2023-06-16T12:33:00.452+0700] {processor.py:826} INFO - Processing file /Library/Frameworks/Python.framework/Versions/3.11/lib/python3.11/site-packages/airflow/example_dags/example_xcom.py for tasks to queue
[2023-06-16T12:33:00.453+0700] {logging_mixin.py:149} INFO - [2023-06-16T12:33:00.452+0700] {dagbag.py:541} INFO - Filling up the DagBag from /Library/Frameworks/Python.framework/Versions/3.11/lib/python3.11/site-packages/airflow/example_dags/example_xcom.py
[2023-06-16T12:33:00.519+0700] {processor.py:836} INFO - DAG(s) dict_keys(['example_xcom']) retrieved from /Library/Frameworks/Python.framework/Versions/3.11/lib/python3.11/site-packages/airflow/example_dags/example_xcom.py
[2023-06-16T12:33:01.630+0700] {logging_mixin.py:149} INFO - [2023-06-16T12:33:01.630+0700] {dag.py:2726} INFO - Sync 1 DAGs
[2023-06-16T12:33:01.656+0700] {logging_mixin.py:149} INFO - [2023-06-16T12:33:01.656+0700] {dag.py:3486} INFO - Setting next_dagrun for example_xcom to 2021-01-01T00:00:00+00:00, run_after=2021-01-01T00:00:00+00:00
[2023-06-16T12:33:01.681+0700] {processor.py:179} INFO - Processing /Library/Frameworks/Python.framework/Versions/3.11/lib/python3.11/site-packages/airflow/example_dags/example_xcom.py took 1.231 seconds
[2023-06-16T12:35:35.939+0700] {processor.py:157} INFO - Started process (PID=1723) to work on /Library/Frameworks/Python.framework/Versions/3.11/lib/python3.11/site-packages/airflow/example_dags/example_xcom.py
[2023-06-16T12:35:35.940+0700] {processor.py:826} INFO - Processing file /Library/Frameworks/Python.framework/Versions/3.11/lib/python3.11/site-packages/airflow/example_dags/example_xcom.py for tasks to queue
[2023-06-16T12:35:35.940+0700] {logging_mixin.py:149} INFO - [2023-06-16T12:35:35.940+0700] {dagbag.py:541} INFO - Filling up the DagBag from /Library/Frameworks/Python.framework/Versions/3.11/lib/python3.11/site-packages/airflow/example_dags/example_xcom.py
[2023-06-16T12:35:36.015+0700] {processor.py:836} INFO - DAG(s) dict_keys(['example_xcom']) retrieved from /Library/Frameworks/Python.framework/Versions/3.11/lib/python3.11/site-packages/airflow/example_dags/example_xcom.py
[2023-06-16T12:35:37.429+0700] {logging_mixin.py:149} INFO - [2023-06-16T12:35:37.429+0700] {dag.py:2726} INFO - Sync 1 DAGs
[2023-06-16T12:35:37.455+0700] {logging_mixin.py:149} INFO - [2023-06-16T12:35:37.455+0700] {dag.py:3486} INFO - Setting next_dagrun for example_xcom to 2021-01-01T00:00:00+00:00, run_after=2021-01-01T00:00:00+00:00
[2023-06-16T12:35:37.476+0700] {processor.py:179} INFO - Processing /Library/Frameworks/Python.framework/Versions/3.11/lib/python3.11/site-packages/airflow/example_dags/example_xcom.py took 1.538 seconds
[2023-06-16T12:38:13.428+0700] {processor.py:157} INFO - Started process (PID=2182) to work on /Library/Frameworks/Python.framework/Versions/3.11/lib/python3.11/site-packages/airflow/example_dags/example_xcom.py
[2023-06-16T12:38:13.429+0700] {processor.py:826} INFO - Processing file /Library/Frameworks/Python.framework/Versions/3.11/lib/python3.11/site-packages/airflow/example_dags/example_xcom.py for tasks to queue
[2023-06-16T12:38:13.430+0700] {logging_mixin.py:149} INFO - [2023-06-16T12:38:13.430+0700] {dagbag.py:541} INFO - Filling up the DagBag from /Library/Frameworks/Python.framework/Versions/3.11/lib/python3.11/site-packages/airflow/example_dags/example_xcom.py
[2023-06-16T12:38:13.567+0700] {processor.py:836} INFO - DAG(s) dict_keys(['example_xcom']) retrieved from /Library/Frameworks/Python.framework/Versions/3.11/lib/python3.11/site-packages/airflow/example_dags/example_xcom.py
[2023-06-16T12:38:15.135+0700] {logging_mixin.py:149} INFO - [2023-06-16T12:38:15.134+0700] {dag.py:2726} INFO - Sync 1 DAGs
[2023-06-16T12:38:15.155+0700] {logging_mixin.py:149} INFO - [2023-06-16T12:38:15.155+0700] {dag.py:3486} INFO - Setting next_dagrun for example_xcom to 2021-01-01T00:00:00+00:00, run_after=2021-01-01T00:00:00+00:00
[2023-06-16T12:38:15.180+0700] {processor.py:179} INFO - Processing /Library/Frameworks/Python.framework/Versions/3.11/lib/python3.11/site-packages/airflow/example_dags/example_xcom.py took 1.754 seconds
[2023-06-16T12:41:23.770+0700] {processor.py:157} INFO - Started process (PID=2601) to work on /Library/Frameworks/Python.framework/Versions/3.11/lib/python3.11/site-packages/airflow/example_dags/example_xcom.py
[2023-06-16T12:41:23.772+0700] {processor.py:826} INFO - Processing file /Library/Frameworks/Python.framework/Versions/3.11/lib/python3.11/site-packages/airflow/example_dags/example_xcom.py for tasks to queue
[2023-06-16T12:41:23.773+0700] {logging_mixin.py:149} INFO - [2023-06-16T12:41:23.772+0700] {dagbag.py:541} INFO - Filling up the DagBag from /Library/Frameworks/Python.framework/Versions/3.11/lib/python3.11/site-packages/airflow/example_dags/example_xcom.py
[2023-06-16T12:41:23.944+0700] {processor.py:836} INFO - DAG(s) dict_keys(['example_xcom']) retrieved from /Library/Frameworks/Python.framework/Versions/3.11/lib/python3.11/site-packages/airflow/example_dags/example_xcom.py
[2023-06-16T12:41:25.316+0700] {logging_mixin.py:149} INFO - [2023-06-16T12:41:25.315+0700] {dag.py:2726} INFO - Sync 1 DAGs
[2023-06-16T12:41:25.333+0700] {logging_mixin.py:149} INFO - [2023-06-16T12:41:25.333+0700] {dag.py:3486} INFO - Setting next_dagrun for example_xcom to 2021-01-01T00:00:00+00:00, run_after=2021-01-01T00:00:00+00:00
[2023-06-16T12:41:25.354+0700] {processor.py:179} INFO - Processing /Library/Frameworks/Python.framework/Versions/3.11/lib/python3.11/site-packages/airflow/example_dags/example_xcom.py took 1.586 seconds
[2023-06-16T12:44:23.827+0700] {processor.py:157} INFO - Started process (PID=3091) to work on /Library/Frameworks/Python.framework/Versions/3.11/lib/python3.11/site-packages/airflow/example_dags/example_xcom.py
[2023-06-16T12:44:23.829+0700] {processor.py:826} INFO - Processing file /Library/Frameworks/Python.framework/Versions/3.11/lib/python3.11/site-packages/airflow/example_dags/example_xcom.py for tasks to queue
[2023-06-16T12:44:23.829+0700] {logging_mixin.py:149} INFO - [2023-06-16T12:44:23.829+0700] {dagbag.py:541} INFO - Filling up the DagBag from /Library/Frameworks/Python.framework/Versions/3.11/lib/python3.11/site-packages/airflow/example_dags/example_xcom.py
[2023-06-16T12:44:23.903+0700] {processor.py:836} INFO - DAG(s) dict_keys(['example_xcom']) retrieved from /Library/Frameworks/Python.framework/Versions/3.11/lib/python3.11/site-packages/airflow/example_dags/example_xcom.py
[2023-06-16T12:44:25.769+0700] {logging_mixin.py:149} INFO - [2023-06-16T12:44:25.768+0700] {dag.py:2726} INFO - Sync 1 DAGs
[2023-06-16T12:44:25.796+0700] {logging_mixin.py:149} INFO - [2023-06-16T12:44:25.796+0700] {dag.py:3486} INFO - Setting next_dagrun for example_xcom to 2021-01-01T00:00:00+00:00, run_after=2021-01-01T00:00:00+00:00
[2023-06-16T12:44:25.819+0700] {processor.py:179} INFO - Processing /Library/Frameworks/Python.framework/Versions/3.11/lib/python3.11/site-packages/airflow/example_dags/example_xcom.py took 1.993 seconds
[2023-06-16T12:47:38.103+0700] {processor.py:157} INFO - Started process (PID=3518) to work on /Library/Frameworks/Python.framework/Versions/3.11/lib/python3.11/site-packages/airflow/example_dags/example_xcom.py
[2023-06-16T12:47:38.104+0700] {processor.py:826} INFO - Processing file /Library/Frameworks/Python.framework/Versions/3.11/lib/python3.11/site-packages/airflow/example_dags/example_xcom.py for tasks to queue
[2023-06-16T12:47:38.106+0700] {logging_mixin.py:149} INFO - [2023-06-16T12:47:38.106+0700] {dagbag.py:541} INFO - Filling up the DagBag from /Library/Frameworks/Python.framework/Versions/3.11/lib/python3.11/site-packages/airflow/example_dags/example_xcom.py
[2023-06-16T12:47:38.168+0700] {processor.py:836} INFO - DAG(s) dict_keys(['example_xcom']) retrieved from /Library/Frameworks/Python.framework/Versions/3.11/lib/python3.11/site-packages/airflow/example_dags/example_xcom.py
[2023-06-16T12:47:39.414+0700] {logging_mixin.py:149} INFO - [2023-06-16T12:47:39.414+0700] {dag.py:2726} INFO - Sync 1 DAGs
[2023-06-16T12:47:39.439+0700] {logging_mixin.py:149} INFO - [2023-06-16T12:47:39.439+0700] {dag.py:3486} INFO - Setting next_dagrun for example_xcom to 2021-01-01T00:00:00+00:00, run_after=2021-01-01T00:00:00+00:00
[2023-06-16T12:47:39.460+0700] {processor.py:179} INFO - Processing /Library/Frameworks/Python.framework/Versions/3.11/lib/python3.11/site-packages/airflow/example_dags/example_xcom.py took 1.358 seconds
[2023-06-16T12:50:40.802+0700] {processor.py:157} INFO - Started process (PID=3952) to work on /Library/Frameworks/Python.framework/Versions/3.11/lib/python3.11/site-packages/airflow/example_dags/example_xcom.py
[2023-06-16T12:50:40.804+0700] {processor.py:826} INFO - Processing file /Library/Frameworks/Python.framework/Versions/3.11/lib/python3.11/site-packages/airflow/example_dags/example_xcom.py for tasks to queue
[2023-06-16T12:50:40.804+0700] {logging_mixin.py:149} INFO - [2023-06-16T12:50:40.804+0700] {dagbag.py:541} INFO - Filling up the DagBag from /Library/Frameworks/Python.framework/Versions/3.11/lib/python3.11/site-packages/airflow/example_dags/example_xcom.py
[2023-06-16T12:50:40.872+0700] {processor.py:836} INFO - DAG(s) dict_keys(['example_xcom']) retrieved from /Library/Frameworks/Python.framework/Versions/3.11/lib/python3.11/site-packages/airflow/example_dags/example_xcom.py
[2023-06-16T12:50:42.002+0700] {logging_mixin.py:149} INFO - [2023-06-16T12:50:42.001+0700] {dag.py:2726} INFO - Sync 1 DAGs
[2023-06-16T12:50:42.019+0700] {logging_mixin.py:149} INFO - [2023-06-16T12:50:42.019+0700] {dag.py:3486} INFO - Setting next_dagrun for example_xcom to 2021-01-01T00:00:00+00:00, run_after=2021-01-01T00:00:00+00:00
[2023-06-16T12:50:42.038+0700] {processor.py:179} INFO - Processing /Library/Frameworks/Python.framework/Versions/3.11/lib/python3.11/site-packages/airflow/example_dags/example_xcom.py took 1.237 seconds
[2023-06-16T12:53:13.495+0700] {processor.py:157} INFO - Started process (PID=4299) to work on /Library/Frameworks/Python.framework/Versions/3.11/lib/python3.11/site-packages/airflow/example_dags/example_xcom.py
[2023-06-16T12:53:13.495+0700] {processor.py:826} INFO - Processing file /Library/Frameworks/Python.framework/Versions/3.11/lib/python3.11/site-packages/airflow/example_dags/example_xcom.py for tasks to queue
[2023-06-16T12:53:13.496+0700] {logging_mixin.py:149} INFO - [2023-06-16T12:53:13.496+0700] {dagbag.py:541} INFO - Filling up the DagBag from /Library/Frameworks/Python.framework/Versions/3.11/lib/python3.11/site-packages/airflow/example_dags/example_xcom.py
[2023-06-16T12:53:13.565+0700] {processor.py:836} INFO - DAG(s) dict_keys(['example_xcom']) retrieved from /Library/Frameworks/Python.framework/Versions/3.11/lib/python3.11/site-packages/airflow/example_dags/example_xcom.py
[2023-06-16T12:53:14.632+0700] {logging_mixin.py:149} INFO - [2023-06-16T12:53:14.631+0700] {dag.py:2726} INFO - Sync 1 DAGs
[2023-06-16T12:53:14.650+0700] {logging_mixin.py:149} INFO - [2023-06-16T12:53:14.650+0700] {dag.py:3486} INFO - Setting next_dagrun for example_xcom to 2021-01-01T00:00:00+00:00, run_after=2021-01-01T00:00:00+00:00
[2023-06-16T12:53:14.671+0700] {processor.py:179} INFO - Processing /Library/Frameworks/Python.framework/Versions/3.11/lib/python3.11/site-packages/airflow/example_dags/example_xcom.py took 1.177 seconds
[2023-06-16T12:55:50.482+0700] {processor.py:157} INFO - Started process (PID=4676) to work on /Library/Frameworks/Python.framework/Versions/3.11/lib/python3.11/site-packages/airflow/example_dags/example_xcom.py
[2023-06-16T12:55:50.483+0700] {processor.py:826} INFO - Processing file /Library/Frameworks/Python.framework/Versions/3.11/lib/python3.11/site-packages/airflow/example_dags/example_xcom.py for tasks to queue
[2023-06-16T12:55:50.484+0700] {logging_mixin.py:149} INFO - [2023-06-16T12:55:50.484+0700] {dagbag.py:541} INFO - Filling up the DagBag from /Library/Frameworks/Python.framework/Versions/3.11/lib/python3.11/site-packages/airflow/example_dags/example_xcom.py
[2023-06-16T12:55:50.569+0700] {processor.py:836} INFO - DAG(s) dict_keys(['example_xcom']) retrieved from /Library/Frameworks/Python.framework/Versions/3.11/lib/python3.11/site-packages/airflow/example_dags/example_xcom.py
[2023-06-16T12:55:51.763+0700] {logging_mixin.py:149} INFO - [2023-06-16T12:55:51.762+0700] {dag.py:2726} INFO - Sync 1 DAGs
[2023-06-16T12:55:51.785+0700] {logging_mixin.py:149} INFO - [2023-06-16T12:55:51.784+0700] {dag.py:3486} INFO - Setting next_dagrun for example_xcom to 2021-01-01T00:00:00+00:00, run_after=2021-01-01T00:00:00+00:00
[2023-06-16T12:55:51.806+0700] {processor.py:179} INFO - Processing /Library/Frameworks/Python.framework/Versions/3.11/lib/python3.11/site-packages/airflow/example_dags/example_xcom.py took 1.324 seconds
[2023-06-16T12:58:24.024+0700] {processor.py:157} INFO - Started process (PID=5053) to work on /Library/Frameworks/Python.framework/Versions/3.11/lib/python3.11/site-packages/airflow/example_dags/example_xcom.py
[2023-06-16T12:58:24.025+0700] {processor.py:826} INFO - Processing file /Library/Frameworks/Python.framework/Versions/3.11/lib/python3.11/site-packages/airflow/example_dags/example_xcom.py for tasks to queue
[2023-06-16T12:58:24.025+0700] {logging_mixin.py:149} INFO - [2023-06-16T12:58:24.025+0700] {dagbag.py:541} INFO - Filling up the DagBag from /Library/Frameworks/Python.framework/Versions/3.11/lib/python3.11/site-packages/airflow/example_dags/example_xcom.py
[2023-06-16T12:58:24.108+0700] {processor.py:836} INFO - DAG(s) dict_keys(['example_xcom']) retrieved from /Library/Frameworks/Python.framework/Versions/3.11/lib/python3.11/site-packages/airflow/example_dags/example_xcom.py
[2023-06-16T12:58:25.552+0700] {logging_mixin.py:149} INFO - [2023-06-16T12:58:25.551+0700] {dag.py:2726} INFO - Sync 1 DAGs
[2023-06-16T12:58:25.574+0700] {logging_mixin.py:149} INFO - [2023-06-16T12:58:25.574+0700] {dag.py:3486} INFO - Setting next_dagrun for example_xcom to 2021-01-01T00:00:00+00:00, run_after=2021-01-01T00:00:00+00:00
[2023-06-16T12:58:25.596+0700] {processor.py:179} INFO - Processing /Library/Frameworks/Python.framework/Versions/3.11/lib/python3.11/site-packages/airflow/example_dags/example_xcom.py took 1.573 seconds
[2023-06-16T13:01:12.924+0700] {processor.py:157} INFO - Started process (PID=5456) to work on /Library/Frameworks/Python.framework/Versions/3.11/lib/python3.11/site-packages/airflow/example_dags/example_xcom.py
[2023-06-16T13:01:12.924+0700] {processor.py:826} INFO - Processing file /Library/Frameworks/Python.framework/Versions/3.11/lib/python3.11/site-packages/airflow/example_dags/example_xcom.py for tasks to queue
[2023-06-16T13:01:12.925+0700] {logging_mixin.py:149} INFO - [2023-06-16T13:01:12.925+0700] {dagbag.py:541} INFO - Filling up the DagBag from /Library/Frameworks/Python.framework/Versions/3.11/lib/python3.11/site-packages/airflow/example_dags/example_xcom.py
[2023-06-16T13:01:13.020+0700] {processor.py:836} INFO - DAG(s) dict_keys(['example_xcom']) retrieved from /Library/Frameworks/Python.framework/Versions/3.11/lib/python3.11/site-packages/airflow/example_dags/example_xcom.py
[2023-06-16T13:01:14.488+0700] {logging_mixin.py:149} INFO - [2023-06-16T13:01:14.488+0700] {dag.py:2726} INFO - Sync 1 DAGs
[2023-06-16T13:01:14.506+0700] {logging_mixin.py:149} INFO - [2023-06-16T13:01:14.505+0700] {dag.py:3486} INFO - Setting next_dagrun for example_xcom to 2021-01-01T00:00:00+00:00, run_after=2021-01-01T00:00:00+00:00
[2023-06-16T13:01:14.526+0700] {processor.py:179} INFO - Processing /Library/Frameworks/Python.framework/Versions/3.11/lib/python3.11/site-packages/airflow/example_dags/example_xcom.py took 1.603 seconds
[2023-06-16T13:04:03.294+0700] {processor.py:157} INFO - Started process (PID=5903) to work on /Library/Frameworks/Python.framework/Versions/3.11/lib/python3.11/site-packages/airflow/example_dags/example_xcom.py
[2023-06-16T13:04:03.296+0700] {processor.py:826} INFO - Processing file /Library/Frameworks/Python.framework/Versions/3.11/lib/python3.11/site-packages/airflow/example_dags/example_xcom.py for tasks to queue
[2023-06-16T13:04:03.297+0700] {logging_mixin.py:149} INFO - [2023-06-16T13:04:03.297+0700] {dagbag.py:541} INFO - Filling up the DagBag from /Library/Frameworks/Python.framework/Versions/3.11/lib/python3.11/site-packages/airflow/example_dags/example_xcom.py
[2023-06-16T13:04:03.369+0700] {processor.py:836} INFO - DAG(s) dict_keys(['example_xcom']) retrieved from /Library/Frameworks/Python.framework/Versions/3.11/lib/python3.11/site-packages/airflow/example_dags/example_xcom.py
[2023-06-16T13:04:04.790+0700] {logging_mixin.py:149} INFO - [2023-06-16T13:04:04.789+0700] {dag.py:2726} INFO - Sync 1 DAGs
[2023-06-16T13:04:04.813+0700] {logging_mixin.py:149} INFO - [2023-06-16T13:04:04.813+0700] {dag.py:3486} INFO - Setting next_dagrun for example_xcom to 2021-01-01T00:00:00+00:00, run_after=2021-01-01T00:00:00+00:00
[2023-06-16T13:04:04.836+0700] {processor.py:179} INFO - Processing /Library/Frameworks/Python.framework/Versions/3.11/lib/python3.11/site-packages/airflow/example_dags/example_xcom.py took 1.543 seconds
[2023-06-16T13:06:40.345+0700] {processor.py:157} INFO - Started process (PID=6277) to work on /Library/Frameworks/Python.framework/Versions/3.11/lib/python3.11/site-packages/airflow/example_dags/example_xcom.py
[2023-06-16T13:06:40.347+0700] {processor.py:826} INFO - Processing file /Library/Frameworks/Python.framework/Versions/3.11/lib/python3.11/site-packages/airflow/example_dags/example_xcom.py for tasks to queue
[2023-06-16T13:06:40.348+0700] {logging_mixin.py:149} INFO - [2023-06-16T13:06:40.347+0700] {dagbag.py:541} INFO - Filling up the DagBag from /Library/Frameworks/Python.framework/Versions/3.11/lib/python3.11/site-packages/airflow/example_dags/example_xcom.py
[2023-06-16T13:06:40.435+0700] {processor.py:836} INFO - DAG(s) dict_keys(['example_xcom']) retrieved from /Library/Frameworks/Python.framework/Versions/3.11/lib/python3.11/site-packages/airflow/example_dags/example_xcom.py
[2023-06-16T13:06:41.733+0700] {logging_mixin.py:149} INFO - [2023-06-16T13:06:41.732+0700] {dag.py:2726} INFO - Sync 1 DAGs
[2023-06-16T13:06:41.759+0700] {logging_mixin.py:149} INFO - [2023-06-16T13:06:41.758+0700] {dag.py:3486} INFO - Setting next_dagrun for example_xcom to 2021-01-01T00:00:00+00:00, run_after=2021-01-01T00:00:00+00:00
[2023-06-16T13:06:41.786+0700] {processor.py:179} INFO - Processing /Library/Frameworks/Python.framework/Versions/3.11/lib/python3.11/site-packages/airflow/example_dags/example_xcom.py took 1.441 seconds
[2023-06-16T13:09:16.411+0700] {processor.py:157} INFO - Started process (PID=6595) to work on /Library/Frameworks/Python.framework/Versions/3.11/lib/python3.11/site-packages/airflow/example_dags/example_xcom.py
[2023-06-16T13:09:16.412+0700] {processor.py:826} INFO - Processing file /Library/Frameworks/Python.framework/Versions/3.11/lib/python3.11/site-packages/airflow/example_dags/example_xcom.py for tasks to queue
[2023-06-16T13:09:16.413+0700] {logging_mixin.py:149} INFO - [2023-06-16T13:09:16.413+0700] {dagbag.py:541} INFO - Filling up the DagBag from /Library/Frameworks/Python.framework/Versions/3.11/lib/python3.11/site-packages/airflow/example_dags/example_xcom.py
[2023-06-16T13:09:16.480+0700] {processor.py:836} INFO - DAG(s) dict_keys(['example_xcom']) retrieved from /Library/Frameworks/Python.framework/Versions/3.11/lib/python3.11/site-packages/airflow/example_dags/example_xcom.py
[2023-06-16T13:09:17.750+0700] {logging_mixin.py:149} INFO - [2023-06-16T13:09:17.749+0700] {dag.py:2726} INFO - Sync 1 DAGs
[2023-06-16T13:09:17.771+0700] {logging_mixin.py:149} INFO - [2023-06-16T13:09:17.771+0700] {dag.py:3486} INFO - Setting next_dagrun for example_xcom to 2021-01-01T00:00:00+00:00, run_after=2021-01-01T00:00:00+00:00
[2023-06-16T13:09:17.807+0700] {processor.py:179} INFO - Processing /Library/Frameworks/Python.framework/Versions/3.11/lib/python3.11/site-packages/airflow/example_dags/example_xcom.py took 1.397 seconds
[2023-06-16T13:11:50.246+0700] {processor.py:157} INFO - Started process (PID=7036) to work on /Library/Frameworks/Python.framework/Versions/3.11/lib/python3.11/site-packages/airflow/example_dags/example_xcom.py
[2023-06-16T13:11:50.248+0700] {processor.py:826} INFO - Processing file /Library/Frameworks/Python.framework/Versions/3.11/lib/python3.11/site-packages/airflow/example_dags/example_xcom.py for tasks to queue
[2023-06-16T13:11:50.248+0700] {logging_mixin.py:149} INFO - [2023-06-16T13:11:50.248+0700] {dagbag.py:541} INFO - Filling up the DagBag from /Library/Frameworks/Python.framework/Versions/3.11/lib/python3.11/site-packages/airflow/example_dags/example_xcom.py
[2023-06-16T13:11:50.328+0700] {processor.py:836} INFO - DAG(s) dict_keys(['example_xcom']) retrieved from /Library/Frameworks/Python.framework/Versions/3.11/lib/python3.11/site-packages/airflow/example_dags/example_xcom.py
[2023-06-16T13:11:51.588+0700] {logging_mixin.py:149} INFO - [2023-06-16T13:11:51.587+0700] {dag.py:2726} INFO - Sync 1 DAGs
[2023-06-16T13:11:51.608+0700] {logging_mixin.py:149} INFO - [2023-06-16T13:11:51.608+0700] {dag.py:3486} INFO - Setting next_dagrun for example_xcom to 2021-01-01T00:00:00+00:00, run_after=2021-01-01T00:00:00+00:00
[2023-06-16T13:11:51.630+0700] {processor.py:179} INFO - Processing /Library/Frameworks/Python.framework/Versions/3.11/lib/python3.11/site-packages/airflow/example_dags/example_xcom.py took 1.384 seconds
[2023-06-16T13:14:46.806+0700] {processor.py:157} INFO - Started process (PID=7492) to work on /Library/Frameworks/Python.framework/Versions/3.11/lib/python3.11/site-packages/airflow/example_dags/example_xcom.py
[2023-06-16T13:14:46.807+0700] {processor.py:826} INFO - Processing file /Library/Frameworks/Python.framework/Versions/3.11/lib/python3.11/site-packages/airflow/example_dags/example_xcom.py for tasks to queue
[2023-06-16T13:14:46.808+0700] {logging_mixin.py:149} INFO - [2023-06-16T13:14:46.808+0700] {dagbag.py:541} INFO - Filling up the DagBag from /Library/Frameworks/Python.framework/Versions/3.11/lib/python3.11/site-packages/airflow/example_dags/example_xcom.py
[2023-06-16T13:14:46.881+0700] {processor.py:836} INFO - DAG(s) dict_keys(['example_xcom']) retrieved from /Library/Frameworks/Python.framework/Versions/3.11/lib/python3.11/site-packages/airflow/example_dags/example_xcom.py
[2023-06-16T13:14:48.559+0700] {logging_mixin.py:149} INFO - [2023-06-16T13:14:48.558+0700] {dag.py:2726} INFO - Sync 1 DAGs
[2023-06-16T13:14:48.590+0700] {logging_mixin.py:149} INFO - [2023-06-16T13:14:48.590+0700] {dag.py:3486} INFO - Setting next_dagrun for example_xcom to 2021-01-01T00:00:00+00:00, run_after=2021-01-01T00:00:00+00:00
[2023-06-16T13:14:48.622+0700] {processor.py:179} INFO - Processing /Library/Frameworks/Python.framework/Versions/3.11/lib/python3.11/site-packages/airflow/example_dags/example_xcom.py took 1.817 seconds
[2023-06-16T13:18:04.472+0700] {processor.py:157} INFO - Started process (PID=7945) to work on /Library/Frameworks/Python.framework/Versions/3.11/lib/python3.11/site-packages/airflow/example_dags/example_xcom.py
[2023-06-16T13:18:04.474+0700] {processor.py:826} INFO - Processing file /Library/Frameworks/Python.framework/Versions/3.11/lib/python3.11/site-packages/airflow/example_dags/example_xcom.py for tasks to queue
[2023-06-16T13:18:04.474+0700] {logging_mixin.py:149} INFO - [2023-06-16T13:18:04.474+0700] {dagbag.py:541} INFO - Filling up the DagBag from /Library/Frameworks/Python.framework/Versions/3.11/lib/python3.11/site-packages/airflow/example_dags/example_xcom.py
[2023-06-16T13:18:04.542+0700] {processor.py:836} INFO - DAG(s) dict_keys(['example_xcom']) retrieved from /Library/Frameworks/Python.framework/Versions/3.11/lib/python3.11/site-packages/airflow/example_dags/example_xcom.py
[2023-06-16T13:18:05.933+0700] {logging_mixin.py:149} INFO - [2023-06-16T13:18:05.933+0700] {dag.py:2726} INFO - Sync 1 DAGs
[2023-06-16T13:18:05.953+0700] {logging_mixin.py:149} INFO - [2023-06-16T13:18:05.953+0700] {dag.py:3486} INFO - Setting next_dagrun for example_xcom to 2021-01-01T00:00:00+00:00, run_after=2021-01-01T00:00:00+00:00
[2023-06-16T13:18:05.971+0700] {processor.py:179} INFO - Processing /Library/Frameworks/Python.framework/Versions/3.11/lib/python3.11/site-packages/airflow/example_dags/example_xcom.py took 1.499 seconds
[2023-06-16T13:21:09.667+0700] {processor.py:157} INFO - Started process (PID=8342) to work on /Library/Frameworks/Python.framework/Versions/3.11/lib/python3.11/site-packages/airflow/example_dags/example_xcom.py
[2023-06-16T13:21:09.668+0700] {processor.py:826} INFO - Processing file /Library/Frameworks/Python.framework/Versions/3.11/lib/python3.11/site-packages/airflow/example_dags/example_xcom.py for tasks to queue
[2023-06-16T13:21:09.669+0700] {logging_mixin.py:149} INFO - [2023-06-16T13:21:09.668+0700] {dagbag.py:541} INFO - Filling up the DagBag from /Library/Frameworks/Python.framework/Versions/3.11/lib/python3.11/site-packages/airflow/example_dags/example_xcom.py
[2023-06-16T13:21:09.770+0700] {processor.py:836} INFO - DAG(s) dict_keys(['example_xcom']) retrieved from /Library/Frameworks/Python.framework/Versions/3.11/lib/python3.11/site-packages/airflow/example_dags/example_xcom.py
[2023-06-16T13:21:11.009+0700] {logging_mixin.py:149} INFO - [2023-06-16T13:21:11.009+0700] {dag.py:2726} INFO - Sync 1 DAGs
[2023-06-16T13:21:11.038+0700] {logging_mixin.py:149} INFO - [2023-06-16T13:21:11.038+0700] {dag.py:3486} INFO - Setting next_dagrun for example_xcom to 2021-01-01T00:00:00+00:00, run_after=2021-01-01T00:00:00+00:00
[2023-06-16T13:21:11.081+0700] {processor.py:179} INFO - Processing /Library/Frameworks/Python.framework/Versions/3.11/lib/python3.11/site-packages/airflow/example_dags/example_xcom.py took 1.415 seconds
[2023-06-16T13:23:46.093+0700] {processor.py:157} INFO - Started process (PID=8681) to work on /Library/Frameworks/Python.framework/Versions/3.11/lib/python3.11/site-packages/airflow/example_dags/example_xcom.py
[2023-06-16T13:23:46.094+0700] {processor.py:826} INFO - Processing file /Library/Frameworks/Python.framework/Versions/3.11/lib/python3.11/site-packages/airflow/example_dags/example_xcom.py for tasks to queue
[2023-06-16T13:23:46.095+0700] {logging_mixin.py:149} INFO - [2023-06-16T13:23:46.095+0700] {dagbag.py:541} INFO - Filling up the DagBag from /Library/Frameworks/Python.framework/Versions/3.11/lib/python3.11/site-packages/airflow/example_dags/example_xcom.py
[2023-06-16T13:23:46.159+0700] {processor.py:836} INFO - DAG(s) dict_keys(['example_xcom']) retrieved from /Library/Frameworks/Python.framework/Versions/3.11/lib/python3.11/site-packages/airflow/example_dags/example_xcom.py
[2023-06-16T13:23:47.269+0700] {logging_mixin.py:149} INFO - [2023-06-16T13:23:47.268+0700] {dag.py:2726} INFO - Sync 1 DAGs
[2023-06-16T13:23:47.289+0700] {logging_mixin.py:149} INFO - [2023-06-16T13:23:47.289+0700] {dag.py:3486} INFO - Setting next_dagrun for example_xcom to 2021-01-01T00:00:00+00:00, run_after=2021-01-01T00:00:00+00:00
[2023-06-16T13:23:47.309+0700] {processor.py:179} INFO - Processing /Library/Frameworks/Python.framework/Versions/3.11/lib/python3.11/site-packages/airflow/example_dags/example_xcom.py took 1.217 seconds
[2023-06-16T13:26:05.808+0700] {processor.py:157} INFO - Started process (PID=8990) to work on /Library/Frameworks/Python.framework/Versions/3.11/lib/python3.11/site-packages/airflow/example_dags/example_xcom.py
[2023-06-16T13:26:05.808+0700] {processor.py:826} INFO - Processing file /Library/Frameworks/Python.framework/Versions/3.11/lib/python3.11/site-packages/airflow/example_dags/example_xcom.py for tasks to queue
[2023-06-16T13:26:05.809+0700] {logging_mixin.py:149} INFO - [2023-06-16T13:26:05.809+0700] {dagbag.py:541} INFO - Filling up the DagBag from /Library/Frameworks/Python.framework/Versions/3.11/lib/python3.11/site-packages/airflow/example_dags/example_xcom.py
[2023-06-16T13:26:05.900+0700] {processor.py:836} INFO - DAG(s) dict_keys(['example_xcom']) retrieved from /Library/Frameworks/Python.framework/Versions/3.11/lib/python3.11/site-packages/airflow/example_dags/example_xcom.py
[2023-06-16T13:26:07.145+0700] {logging_mixin.py:149} INFO - [2023-06-16T13:26:07.145+0700] {dag.py:2726} INFO - Sync 1 DAGs
[2023-06-16T13:26:07.165+0700] {logging_mixin.py:149} INFO - [2023-06-16T13:26:07.165+0700] {dag.py:3486} INFO - Setting next_dagrun for example_xcom to 2021-01-01T00:00:00+00:00, run_after=2021-01-01T00:00:00+00:00
[2023-06-16T13:26:07.189+0700] {processor.py:179} INFO - Processing /Library/Frameworks/Python.framework/Versions/3.11/lib/python3.11/site-packages/airflow/example_dags/example_xcom.py took 1.382 seconds
[2023-06-16T13:28:36.357+0700] {processor.py:157} INFO - Started process (PID=9318) to work on /Library/Frameworks/Python.framework/Versions/3.11/lib/python3.11/site-packages/airflow/example_dags/example_xcom.py
[2023-06-16T13:28:36.358+0700] {processor.py:826} INFO - Processing file /Library/Frameworks/Python.framework/Versions/3.11/lib/python3.11/site-packages/airflow/example_dags/example_xcom.py for tasks to queue
[2023-06-16T13:28:36.359+0700] {logging_mixin.py:149} INFO - [2023-06-16T13:28:36.359+0700] {dagbag.py:541} INFO - Filling up the DagBag from /Library/Frameworks/Python.framework/Versions/3.11/lib/python3.11/site-packages/airflow/example_dags/example_xcom.py
[2023-06-16T13:28:36.429+0700] {processor.py:836} INFO - DAG(s) dict_keys(['example_xcom']) retrieved from /Library/Frameworks/Python.framework/Versions/3.11/lib/python3.11/site-packages/airflow/example_dags/example_xcom.py
[2023-06-16T13:28:37.495+0700] {logging_mixin.py:149} INFO - [2023-06-16T13:28:37.495+0700] {dag.py:2726} INFO - Sync 1 DAGs
[2023-06-16T13:28:37.509+0700] {logging_mixin.py:149} INFO - [2023-06-16T13:28:37.509+0700] {dag.py:3486} INFO - Setting next_dagrun for example_xcom to 2021-01-01T00:00:00+00:00, run_after=2021-01-01T00:00:00+00:00
[2023-06-16T13:28:37.529+0700] {processor.py:179} INFO - Processing /Library/Frameworks/Python.framework/Versions/3.11/lib/python3.11/site-packages/airflow/example_dags/example_xcom.py took 1.174 seconds
[2023-06-16T13:31:06.347+0700] {processor.py:157} INFO - Started process (PID=9697) to work on /Library/Frameworks/Python.framework/Versions/3.11/lib/python3.11/site-packages/airflow/example_dags/example_xcom.py
[2023-06-16T13:31:06.347+0700] {processor.py:826} INFO - Processing file /Library/Frameworks/Python.framework/Versions/3.11/lib/python3.11/site-packages/airflow/example_dags/example_xcom.py for tasks to queue
[2023-06-16T13:31:06.348+0700] {logging_mixin.py:149} INFO - [2023-06-16T13:31:06.348+0700] {dagbag.py:541} INFO - Filling up the DagBag from /Library/Frameworks/Python.framework/Versions/3.11/lib/python3.11/site-packages/airflow/example_dags/example_xcom.py
[2023-06-16T13:31:06.424+0700] {processor.py:836} INFO - DAG(s) dict_keys(['example_xcom']) retrieved from /Library/Frameworks/Python.framework/Versions/3.11/lib/python3.11/site-packages/airflow/example_dags/example_xcom.py
[2023-06-16T13:31:07.728+0700] {logging_mixin.py:149} INFO - [2023-06-16T13:31:07.727+0700] {dag.py:2726} INFO - Sync 1 DAGs
[2023-06-16T13:31:07.751+0700] {logging_mixin.py:149} INFO - [2023-06-16T13:31:07.751+0700] {dag.py:3486} INFO - Setting next_dagrun for example_xcom to 2021-01-01T00:00:00+00:00, run_after=2021-01-01T00:00:00+00:00
[2023-06-16T13:31:07.774+0700] {processor.py:179} INFO - Processing /Library/Frameworks/Python.framework/Versions/3.11/lib/python3.11/site-packages/airflow/example_dags/example_xcom.py took 1.428 seconds
[2023-06-16T13:33:41.236+0700] {processor.py:157} INFO - Started process (PID=10279) to work on /Library/Frameworks/Python.framework/Versions/3.11/lib/python3.11/site-packages/airflow/example_dags/example_xcom.py
[2023-06-16T13:33:41.237+0700] {processor.py:826} INFO - Processing file /Library/Frameworks/Python.framework/Versions/3.11/lib/python3.11/site-packages/airflow/example_dags/example_xcom.py for tasks to queue
[2023-06-16T13:33:41.238+0700] {logging_mixin.py:149} INFO - [2023-06-16T13:33:41.238+0700] {dagbag.py:541} INFO - Filling up the DagBag from /Library/Frameworks/Python.framework/Versions/3.11/lib/python3.11/site-packages/airflow/example_dags/example_xcom.py
[2023-06-16T13:33:41.352+0700] {processor.py:836} INFO - DAG(s) dict_keys(['example_xcom']) retrieved from /Library/Frameworks/Python.framework/Versions/3.11/lib/python3.11/site-packages/airflow/example_dags/example_xcom.py
[2023-06-16T13:33:42.677+0700] {logging_mixin.py:149} INFO - [2023-06-16T13:33:42.677+0700] {dag.py:2726} INFO - Sync 1 DAGs
[2023-06-16T13:33:42.703+0700] {logging_mixin.py:149} INFO - [2023-06-16T13:33:42.703+0700] {dag.py:3486} INFO - Setting next_dagrun for example_xcom to 2021-01-01T00:00:00+00:00, run_after=2021-01-01T00:00:00+00:00
[2023-06-16T13:33:42.734+0700] {processor.py:179} INFO - Processing /Library/Frameworks/Python.framework/Versions/3.11/lib/python3.11/site-packages/airflow/example_dags/example_xcom.py took 1.499 seconds
[2023-06-16T13:36:34.139+0700] {processor.py:157} INFO - Started process (PID=10665) to work on /Library/Frameworks/Python.framework/Versions/3.11/lib/python3.11/site-packages/airflow/example_dags/example_xcom.py
[2023-06-16T13:36:34.141+0700] {processor.py:826} INFO - Processing file /Library/Frameworks/Python.framework/Versions/3.11/lib/python3.11/site-packages/airflow/example_dags/example_xcom.py for tasks to queue
[2023-06-16T13:36:34.142+0700] {logging_mixin.py:149} INFO - [2023-06-16T13:36:34.141+0700] {dagbag.py:541} INFO - Filling up the DagBag from /Library/Frameworks/Python.framework/Versions/3.11/lib/python3.11/site-packages/airflow/example_dags/example_xcom.py
[2023-06-16T13:36:34.209+0700] {processor.py:836} INFO - DAG(s) dict_keys(['example_xcom']) retrieved from /Library/Frameworks/Python.framework/Versions/3.11/lib/python3.11/site-packages/airflow/example_dags/example_xcom.py
[2023-06-16T13:36:35.417+0700] {logging_mixin.py:149} INFO - [2023-06-16T13:36:35.417+0700] {dag.py:2726} INFO - Sync 1 DAGs
[2023-06-16T13:36:35.439+0700] {logging_mixin.py:149} INFO - [2023-06-16T13:36:35.438+0700] {dag.py:3486} INFO - Setting next_dagrun for example_xcom to 2021-01-01T00:00:00+00:00, run_after=2021-01-01T00:00:00+00:00
[2023-06-16T13:36:35.464+0700] {processor.py:179} INFO - Processing /Library/Frameworks/Python.framework/Versions/3.11/lib/python3.11/site-packages/airflow/example_dags/example_xcom.py took 1.325 seconds
[2023-06-16T13:39:18.679+0700] {processor.py:157} INFO - Started process (PID=10998) to work on /Library/Frameworks/Python.framework/Versions/3.11/lib/python3.11/site-packages/airflow/example_dags/example_xcom.py
[2023-06-16T13:39:18.683+0700] {processor.py:826} INFO - Processing file /Library/Frameworks/Python.framework/Versions/3.11/lib/python3.11/site-packages/airflow/example_dags/example_xcom.py for tasks to queue
[2023-06-16T13:39:18.684+0700] {logging_mixin.py:149} INFO - [2023-06-16T13:39:18.683+0700] {dagbag.py:541} INFO - Filling up the DagBag from /Library/Frameworks/Python.framework/Versions/3.11/lib/python3.11/site-packages/airflow/example_dags/example_xcom.py
[2023-06-16T13:39:18.816+0700] {processor.py:836} INFO - DAG(s) dict_keys(['example_xcom']) retrieved from /Library/Frameworks/Python.framework/Versions/3.11/lib/python3.11/site-packages/airflow/example_dags/example_xcom.py
[2023-06-16T13:39:20.017+0700] {logging_mixin.py:149} INFO - [2023-06-16T13:39:20.016+0700] {dag.py:2726} INFO - Sync 1 DAGs
[2023-06-16T13:39:20.039+0700] {logging_mixin.py:149} INFO - [2023-06-16T13:39:20.039+0700] {dag.py:3486} INFO - Setting next_dagrun for example_xcom to 2021-01-01T00:00:00+00:00, run_after=2021-01-01T00:00:00+00:00
[2023-06-16T13:39:20.062+0700] {processor.py:179} INFO - Processing /Library/Frameworks/Python.framework/Versions/3.11/lib/python3.11/site-packages/airflow/example_dags/example_xcom.py took 1.385 seconds
[2023-06-16T13:41:50.838+0700] {processor.py:157} INFO - Started process (PID=11337) to work on /Library/Frameworks/Python.framework/Versions/3.11/lib/python3.11/site-packages/airflow/example_dags/example_xcom.py
[2023-06-16T13:41:50.840+0700] {processor.py:826} INFO - Processing file /Library/Frameworks/Python.framework/Versions/3.11/lib/python3.11/site-packages/airflow/example_dags/example_xcom.py for tasks to queue
[2023-06-16T13:41:50.841+0700] {logging_mixin.py:149} INFO - [2023-06-16T13:41:50.841+0700] {dagbag.py:541} INFO - Filling up the DagBag from /Library/Frameworks/Python.framework/Versions/3.11/lib/python3.11/site-packages/airflow/example_dags/example_xcom.py
[2023-06-16T13:41:50.915+0700] {processor.py:836} INFO - DAG(s) dict_keys(['example_xcom']) retrieved from /Library/Frameworks/Python.framework/Versions/3.11/lib/python3.11/site-packages/airflow/example_dags/example_xcom.py
[2023-06-16T13:41:52.284+0700] {logging_mixin.py:149} INFO - [2023-06-16T13:41:52.284+0700] {dag.py:2726} INFO - Sync 1 DAGs
[2023-06-16T13:41:52.309+0700] {logging_mixin.py:149} INFO - [2023-06-16T13:41:52.309+0700] {dag.py:3486} INFO - Setting next_dagrun for example_xcom to 2021-01-01T00:00:00+00:00, run_after=2021-01-01T00:00:00+00:00
[2023-06-16T13:41:52.330+0700] {processor.py:179} INFO - Processing /Library/Frameworks/Python.framework/Versions/3.11/lib/python3.11/site-packages/airflow/example_dags/example_xcom.py took 1.493 seconds
[2023-06-16T13:44:34.395+0700] {processor.py:157} INFO - Started process (PID=11699) to work on /Library/Frameworks/Python.framework/Versions/3.11/lib/python3.11/site-packages/airflow/example_dags/example_xcom.py
[2023-06-16T13:44:34.397+0700] {processor.py:826} INFO - Processing file /Library/Frameworks/Python.framework/Versions/3.11/lib/python3.11/site-packages/airflow/example_dags/example_xcom.py for tasks to queue
[2023-06-16T13:44:34.397+0700] {logging_mixin.py:149} INFO - [2023-06-16T13:44:34.397+0700] {dagbag.py:541} INFO - Filling up the DagBag from /Library/Frameworks/Python.framework/Versions/3.11/lib/python3.11/site-packages/airflow/example_dags/example_xcom.py
[2023-06-16T13:44:34.458+0700] {processor.py:836} INFO - DAG(s) dict_keys(['example_xcom']) retrieved from /Library/Frameworks/Python.framework/Versions/3.11/lib/python3.11/site-packages/airflow/example_dags/example_xcom.py
[2023-06-16T13:44:35.745+0700] {logging_mixin.py:149} INFO - [2023-06-16T13:44:35.744+0700] {dag.py:2726} INFO - Sync 1 DAGs
[2023-06-16T13:44:35.775+0700] {logging_mixin.py:149} INFO - [2023-06-16T13:44:35.775+0700] {dag.py:3486} INFO - Setting next_dagrun for example_xcom to 2021-01-01T00:00:00+00:00, run_after=2021-01-01T00:00:00+00:00
[2023-06-16T13:44:35.801+0700] {processor.py:179} INFO - Processing /Library/Frameworks/Python.framework/Versions/3.11/lib/python3.11/site-packages/airflow/example_dags/example_xcom.py took 1.407 seconds
[2023-06-16T13:47:22.754+0700] {processor.py:157} INFO - Started process (PID=11990) to work on /Library/Frameworks/Python.framework/Versions/3.11/lib/python3.11/site-packages/airflow/example_dags/example_xcom.py
[2023-06-16T13:47:22.756+0700] {processor.py:826} INFO - Processing file /Library/Frameworks/Python.framework/Versions/3.11/lib/python3.11/site-packages/airflow/example_dags/example_xcom.py for tasks to queue
[2023-06-16T13:47:22.757+0700] {logging_mixin.py:149} INFO - [2023-06-16T13:47:22.757+0700] {dagbag.py:541} INFO - Filling up the DagBag from /Library/Frameworks/Python.framework/Versions/3.11/lib/python3.11/site-packages/airflow/example_dags/example_xcom.py
[2023-06-16T13:47:22.848+0700] {processor.py:836} INFO - DAG(s) dict_keys(['example_xcom']) retrieved from /Library/Frameworks/Python.framework/Versions/3.11/lib/python3.11/site-packages/airflow/example_dags/example_xcom.py
[2023-06-16T13:47:24.183+0700] {logging_mixin.py:149} INFO - [2023-06-16T13:47:24.183+0700] {dag.py:2726} INFO - Sync 1 DAGs
[2023-06-16T13:47:24.204+0700] {logging_mixin.py:149} INFO - [2023-06-16T13:47:24.204+0700] {dag.py:3486} INFO - Setting next_dagrun for example_xcom to 2021-01-01T00:00:00+00:00, run_after=2021-01-01T00:00:00+00:00
[2023-06-16T13:47:24.223+0700] {processor.py:179} INFO - Processing /Library/Frameworks/Python.framework/Versions/3.11/lib/python3.11/site-packages/airflow/example_dags/example_xcom.py took 1.470 seconds
[2023-06-16T13:51:26.795+0700] {processor.py:157} INFO - Started process (PID=12367) to work on /Library/Frameworks/Python.framework/Versions/3.11/lib/python3.11/site-packages/airflow/example_dags/example_xcom.py
[2023-06-16T13:51:26.796+0700] {processor.py:826} INFO - Processing file /Library/Frameworks/Python.framework/Versions/3.11/lib/python3.11/site-packages/airflow/example_dags/example_xcom.py for tasks to queue
[2023-06-16T13:51:26.796+0700] {logging_mixin.py:149} INFO - [2023-06-16T13:51:26.796+0700] {dagbag.py:541} INFO - Filling up the DagBag from /Library/Frameworks/Python.framework/Versions/3.11/lib/python3.11/site-packages/airflow/example_dags/example_xcom.py
[2023-06-16T13:51:26.855+0700] {processor.py:836} INFO - DAG(s) dict_keys(['example_xcom']) retrieved from /Library/Frameworks/Python.framework/Versions/3.11/lib/python3.11/site-packages/airflow/example_dags/example_xcom.py
[2023-06-16T13:51:27.920+0700] {logging_mixin.py:149} INFO - [2023-06-16T13:51:27.920+0700] {dag.py:2726} INFO - Sync 1 DAGs
[2023-06-16T13:51:27.940+0700] {logging_mixin.py:149} INFO - [2023-06-16T13:51:27.940+0700] {dag.py:3486} INFO - Setting next_dagrun for example_xcom to 2021-01-01T00:00:00+00:00, run_after=2021-01-01T00:00:00+00:00
[2023-06-16T13:51:27.961+0700] {processor.py:179} INFO - Processing /Library/Frameworks/Python.framework/Versions/3.11/lib/python3.11/site-packages/airflow/example_dags/example_xcom.py took 1.167 seconds
[2023-06-16T13:54:12.884+0700] {processor.py:157} INFO - Started process (PID=12751) to work on /Library/Frameworks/Python.framework/Versions/3.11/lib/python3.11/site-packages/airflow/example_dags/example_xcom.py
[2023-06-16T13:54:12.885+0700] {processor.py:826} INFO - Processing file /Library/Frameworks/Python.framework/Versions/3.11/lib/python3.11/site-packages/airflow/example_dags/example_xcom.py for tasks to queue
[2023-06-16T13:54:12.886+0700] {logging_mixin.py:149} INFO - [2023-06-16T13:54:12.885+0700] {dagbag.py:541} INFO - Filling up the DagBag from /Library/Frameworks/Python.framework/Versions/3.11/lib/python3.11/site-packages/airflow/example_dags/example_xcom.py
[2023-06-16T13:54:12.957+0700] {processor.py:836} INFO - DAG(s) dict_keys(['example_xcom']) retrieved from /Library/Frameworks/Python.framework/Versions/3.11/lib/python3.11/site-packages/airflow/example_dags/example_xcom.py
[2023-06-16T13:54:14.222+0700] {logging_mixin.py:149} INFO - [2023-06-16T13:54:14.222+0700] {dag.py:2726} INFO - Sync 1 DAGs
[2023-06-16T13:54:14.242+0700] {logging_mixin.py:149} INFO - [2023-06-16T13:54:14.242+0700] {dag.py:3486} INFO - Setting next_dagrun for example_xcom to 2021-01-01T00:00:00+00:00, run_after=2021-01-01T00:00:00+00:00
[2023-06-16T13:54:14.264+0700] {processor.py:179} INFO - Processing /Library/Frameworks/Python.framework/Versions/3.11/lib/python3.11/site-packages/airflow/example_dags/example_xcom.py took 1.381 seconds
[2023-06-16T13:56:54.433+0700] {processor.py:157} INFO - Started process (PID=13108) to work on /Library/Frameworks/Python.framework/Versions/3.11/lib/python3.11/site-packages/airflow/example_dags/example_xcom.py
[2023-06-16T13:56:54.434+0700] {processor.py:826} INFO - Processing file /Library/Frameworks/Python.framework/Versions/3.11/lib/python3.11/site-packages/airflow/example_dags/example_xcom.py for tasks to queue
[2023-06-16T13:56:54.434+0700] {logging_mixin.py:149} INFO - [2023-06-16T13:56:54.434+0700] {dagbag.py:541} INFO - Filling up the DagBag from /Library/Frameworks/Python.framework/Versions/3.11/lib/python3.11/site-packages/airflow/example_dags/example_xcom.py
[2023-06-16T13:56:54.533+0700] {processor.py:836} INFO - DAG(s) dict_keys(['example_xcom']) retrieved from /Library/Frameworks/Python.framework/Versions/3.11/lib/python3.11/site-packages/airflow/example_dags/example_xcom.py
[2023-06-16T13:56:55.553+0700] {logging_mixin.py:149} INFO - [2023-06-16T13:56:55.553+0700] {dag.py:2726} INFO - Sync 1 DAGs
[2023-06-16T13:56:55.568+0700] {logging_mixin.py:149} INFO - [2023-06-16T13:56:55.568+0700] {dag.py:3486} INFO - Setting next_dagrun for example_xcom to 2021-01-01T00:00:00+00:00, run_after=2021-01-01T00:00:00+00:00
[2023-06-16T13:56:55.588+0700] {processor.py:179} INFO - Processing /Library/Frameworks/Python.framework/Versions/3.11/lib/python3.11/site-packages/airflow/example_dags/example_xcom.py took 1.156 seconds
[2023-06-16T13:59:34.304+0700] {processor.py:157} INFO - Started process (PID=13455) to work on /Library/Frameworks/Python.framework/Versions/3.11/lib/python3.11/site-packages/airflow/example_dags/example_xcom.py
[2023-06-16T13:59:34.304+0700] {processor.py:826} INFO - Processing file /Library/Frameworks/Python.framework/Versions/3.11/lib/python3.11/site-packages/airflow/example_dags/example_xcom.py for tasks to queue
[2023-06-16T13:59:34.305+0700] {logging_mixin.py:149} INFO - [2023-06-16T13:59:34.305+0700] {dagbag.py:541} INFO - Filling up the DagBag from /Library/Frameworks/Python.framework/Versions/3.11/lib/python3.11/site-packages/airflow/example_dags/example_xcom.py
[2023-06-16T13:59:34.368+0700] {processor.py:836} INFO - DAG(s) dict_keys(['example_xcom']) retrieved from /Library/Frameworks/Python.framework/Versions/3.11/lib/python3.11/site-packages/airflow/example_dags/example_xcom.py
[2023-06-16T13:59:35.523+0700] {logging_mixin.py:149} INFO - [2023-06-16T13:59:35.523+0700] {dag.py:2726} INFO - Sync 1 DAGs
[2023-06-16T13:59:35.540+0700] {logging_mixin.py:149} INFO - [2023-06-16T13:59:35.540+0700] {dag.py:3486} INFO - Setting next_dagrun for example_xcom to 2021-01-01T00:00:00+00:00, run_after=2021-01-01T00:00:00+00:00
[2023-06-16T13:59:35.565+0700] {processor.py:179} INFO - Processing /Library/Frameworks/Python.framework/Versions/3.11/lib/python3.11/site-packages/airflow/example_dags/example_xcom.py took 1.263 seconds
[2023-06-16T14:02:04.898+0700] {processor.py:157} INFO - Started process (PID=13714) to work on /Library/Frameworks/Python.framework/Versions/3.11/lib/python3.11/site-packages/airflow/example_dags/example_xcom.py
[2023-06-16T14:02:04.898+0700] {processor.py:826} INFO - Processing file /Library/Frameworks/Python.framework/Versions/3.11/lib/python3.11/site-packages/airflow/example_dags/example_xcom.py for tasks to queue
[2023-06-16T14:02:04.899+0700] {logging_mixin.py:149} INFO - [2023-06-16T14:02:04.899+0700] {dagbag.py:541} INFO - Filling up the DagBag from /Library/Frameworks/Python.framework/Versions/3.11/lib/python3.11/site-packages/airflow/example_dags/example_xcom.py
[2023-06-16T14:02:04.955+0700] {processor.py:836} INFO - DAG(s) dict_keys(['example_xcom']) retrieved from /Library/Frameworks/Python.framework/Versions/3.11/lib/python3.11/site-packages/airflow/example_dags/example_xcom.py
[2023-06-16T14:02:06.338+0700] {logging_mixin.py:149} INFO - [2023-06-16T14:02:06.338+0700] {dag.py:2726} INFO - Sync 1 DAGs
[2023-06-16T14:02:06.359+0700] {logging_mixin.py:149} INFO - [2023-06-16T14:02:06.359+0700] {dag.py:3486} INFO - Setting next_dagrun for example_xcom to 2021-01-01T00:00:00+00:00, run_after=2021-01-01T00:00:00+00:00
[2023-06-16T14:02:06.387+0700] {processor.py:179} INFO - Processing /Library/Frameworks/Python.framework/Versions/3.11/lib/python3.11/site-packages/airflow/example_dags/example_xcom.py took 1.491 seconds
[2023-06-16T14:04:24.988+0700] {processor.py:157} INFO - Started process (PID=14048) to work on /Library/Frameworks/Python.framework/Versions/3.11/lib/python3.11/site-packages/airflow/example_dags/example_xcom.py
[2023-06-16T14:04:24.989+0700] {processor.py:826} INFO - Processing file /Library/Frameworks/Python.framework/Versions/3.11/lib/python3.11/site-packages/airflow/example_dags/example_xcom.py for tasks to queue
[2023-06-16T14:04:24.989+0700] {logging_mixin.py:149} INFO - [2023-06-16T14:04:24.989+0700] {dagbag.py:541} INFO - Filling up the DagBag from /Library/Frameworks/Python.framework/Versions/3.11/lib/python3.11/site-packages/airflow/example_dags/example_xcom.py
[2023-06-16T14:04:25.058+0700] {processor.py:836} INFO - DAG(s) dict_keys(['example_xcom']) retrieved from /Library/Frameworks/Python.framework/Versions/3.11/lib/python3.11/site-packages/airflow/example_dags/example_xcom.py
[2023-06-16T14:04:26.076+0700] {logging_mixin.py:149} INFO - [2023-06-16T14:04:26.076+0700] {dag.py:2726} INFO - Sync 1 DAGs
[2023-06-16T14:04:26.093+0700] {logging_mixin.py:149} INFO - [2023-06-16T14:04:26.093+0700] {dag.py:3486} INFO - Setting next_dagrun for example_xcom to 2021-01-01T00:00:00+00:00, run_after=2021-01-01T00:00:00+00:00
[2023-06-16T14:04:26.109+0700] {processor.py:179} INFO - Processing /Library/Frameworks/Python.framework/Versions/3.11/lib/python3.11/site-packages/airflow/example_dags/example_xcom.py took 1.121 seconds
[2023-06-16T14:07:16.990+0700] {processor.py:157} INFO - Started process (PID=14516) to work on /Library/Frameworks/Python.framework/Versions/3.11/lib/python3.11/site-packages/airflow/example_dags/example_xcom.py
[2023-06-16T14:07:16.992+0700] {processor.py:826} INFO - Processing file /Library/Frameworks/Python.framework/Versions/3.11/lib/python3.11/site-packages/airflow/example_dags/example_xcom.py for tasks to queue
[2023-06-16T14:07:16.992+0700] {logging_mixin.py:149} INFO - [2023-06-16T14:07:16.992+0700] {dagbag.py:541} INFO - Filling up the DagBag from /Library/Frameworks/Python.framework/Versions/3.11/lib/python3.11/site-packages/airflow/example_dags/example_xcom.py
[2023-06-16T14:07:17.081+0700] {processor.py:836} INFO - DAG(s) dict_keys(['example_xcom']) retrieved from /Library/Frameworks/Python.framework/Versions/3.11/lib/python3.11/site-packages/airflow/example_dags/example_xcom.py
[2023-06-16T14:07:18.757+0700] {logging_mixin.py:149} INFO - [2023-06-16T14:07:18.757+0700] {dag.py:2726} INFO - Sync 1 DAGs
[2023-06-16T14:07:18.784+0700] {logging_mixin.py:149} INFO - [2023-06-16T14:07:18.784+0700] {dag.py:3486} INFO - Setting next_dagrun for example_xcom to 2021-01-01T00:00:00+00:00, run_after=2021-01-01T00:00:00+00:00
[2023-06-16T14:07:18.816+0700] {processor.py:179} INFO - Processing /Library/Frameworks/Python.framework/Versions/3.11/lib/python3.11/site-packages/airflow/example_dags/example_xcom.py took 1.826 seconds
[2023-06-16T14:09:57.215+0700] {processor.py:157} INFO - Started process (PID=15070) to work on /Library/Frameworks/Python.framework/Versions/3.11/lib/python3.11/site-packages/airflow/example_dags/example_xcom.py
[2023-06-16T14:09:57.215+0700] {processor.py:826} INFO - Processing file /Library/Frameworks/Python.framework/Versions/3.11/lib/python3.11/site-packages/airflow/example_dags/example_xcom.py for tasks to queue
[2023-06-16T14:09:57.216+0700] {logging_mixin.py:149} INFO - [2023-06-16T14:09:57.216+0700] {dagbag.py:541} INFO - Filling up the DagBag from /Library/Frameworks/Python.framework/Versions/3.11/lib/python3.11/site-packages/airflow/example_dags/example_xcom.py
[2023-06-16T14:09:57.293+0700] {processor.py:836} INFO - DAG(s) dict_keys(['example_xcom']) retrieved from /Library/Frameworks/Python.framework/Versions/3.11/lib/python3.11/site-packages/airflow/example_dags/example_xcom.py
[2023-06-16T14:09:58.497+0700] {logging_mixin.py:149} INFO - [2023-06-16T14:09:58.497+0700] {dag.py:2726} INFO - Sync 1 DAGs
[2023-06-16T14:09:58.525+0700] {logging_mixin.py:149} INFO - [2023-06-16T14:09:58.524+0700] {dag.py:3486} INFO - Setting next_dagrun for example_xcom to 2021-01-01T00:00:00+00:00, run_after=2021-01-01T00:00:00+00:00
[2023-06-16T14:09:58.567+0700] {processor.py:179} INFO - Processing /Library/Frameworks/Python.framework/Versions/3.11/lib/python3.11/site-packages/airflow/example_dags/example_xcom.py took 1.353 seconds
