[2023-06-16T18:46:36.747+0000] {processor.py:157} INFO - Started process (PID=267) to work on /home/airflow/.local/lib/python3.7/site-packages/airflow/example_dags/example_local_kubernetes_executor.py
[2023-06-16T18:46:36.752+0000] {processor.py:826} INFO - Processing file /home/airflow/.local/lib/python3.7/site-packages/airflow/example_dags/example_local_kubernetes_executor.py for tasks to queue
[2023-06-16T18:46:36.757+0000] {logging_mixin.py:149} INFO - [2023-06-16T18:46:36.756+0000] {dagbag.py:541} INFO - Filling up the DagBag from /home/airflow/.local/lib/python3.7/site-packages/airflow/example_dags/example_local_kubernetes_executor.py
[2023-06-16T18:46:37.415+0000] {processor.py:836} INFO - DAG(s) dict_keys(['example_local_kubernetes_executor']) retrieved from /home/airflow/.local/lib/python3.7/site-packages/airflow/example_dags/example_local_kubernetes_executor.py
[2023-06-16T18:46:37.513+0000] {logging_mixin.py:149} INFO - [2023-06-16T18:46:37.513+0000] {dag.py:2726} INFO - Sync 1 DAGs
[2023-06-16T18:46:37.575+0000] {logging_mixin.py:149} INFO - [2023-06-16T18:46:37.575+0000] {dag.py:3490} INFO - Setting next_dagrun for example_local_kubernetes_executor to None, run_after=None
[2023-06-16T18:46:37.652+0000] {processor.py:179} INFO - Processing /home/airflow/.local/lib/python3.7/site-packages/airflow/example_dags/example_local_kubernetes_executor.py took 0.920 seconds
[2023-06-16T18:47:07.791+0000] {processor.py:157} INFO - Started process (PID=326) to work on /home/airflow/.local/lib/python3.7/site-packages/airflow/example_dags/example_local_kubernetes_executor.py
[2023-06-16T18:47:07.796+0000] {processor.py:826} INFO - Processing file /home/airflow/.local/lib/python3.7/site-packages/airflow/example_dags/example_local_kubernetes_executor.py for tasks to queue
[2023-06-16T18:47:07.799+0000] {logging_mixin.py:149} INFO - [2023-06-16T18:47:07.799+0000] {dagbag.py:541} INFO - Filling up the DagBag from /home/airflow/.local/lib/python3.7/site-packages/airflow/example_dags/example_local_kubernetes_executor.py
[2023-06-16T18:47:08.181+0000] {processor.py:836} INFO - DAG(s) dict_keys(['example_local_kubernetes_executor']) retrieved from /home/airflow/.local/lib/python3.7/site-packages/airflow/example_dags/example_local_kubernetes_executor.py
[2023-06-16T18:47:08.261+0000] {logging_mixin.py:149} INFO - [2023-06-16T18:47:08.261+0000] {dag.py:2726} INFO - Sync 1 DAGs
[2023-06-16T18:47:08.335+0000] {logging_mixin.py:149} INFO - [2023-06-16T18:47:08.335+0000] {dag.py:3490} INFO - Setting next_dagrun for example_local_kubernetes_executor to None, run_after=None
[2023-06-16T18:47:08.397+0000] {processor.py:179} INFO - Processing /home/airflow/.local/lib/python3.7/site-packages/airflow/example_dags/example_local_kubernetes_executor.py took 0.615 seconds
[2023-06-16T18:47:38.840+0000] {processor.py:157} INFO - Started process (PID=383) to work on /home/airflow/.local/lib/python3.7/site-packages/airflow/example_dags/example_local_kubernetes_executor.py
[2023-06-16T18:47:38.846+0000] {processor.py:826} INFO - Processing file /home/airflow/.local/lib/python3.7/site-packages/airflow/example_dags/example_local_kubernetes_executor.py for tasks to queue
[2023-06-16T18:47:38.850+0000] {logging_mixin.py:149} INFO - [2023-06-16T18:47:38.850+0000] {dagbag.py:541} INFO - Filling up the DagBag from /home/airflow/.local/lib/python3.7/site-packages/airflow/example_dags/example_local_kubernetes_executor.py
[2023-06-16T18:47:39.436+0000] {processor.py:836} INFO - DAG(s) dict_keys(['example_local_kubernetes_executor']) retrieved from /home/airflow/.local/lib/python3.7/site-packages/airflow/example_dags/example_local_kubernetes_executor.py
[2023-06-16T18:47:39.581+0000] {logging_mixin.py:149} INFO - [2023-06-16T18:47:39.579+0000] {dag.py:2726} INFO - Sync 1 DAGs
[2023-06-16T18:47:39.649+0000] {logging_mixin.py:149} INFO - [2023-06-16T18:47:39.648+0000] {dag.py:3490} INFO - Setting next_dagrun for example_local_kubernetes_executor to None, run_after=None
[2023-06-16T18:47:39.700+0000] {processor.py:179} INFO - Processing /home/airflow/.local/lib/python3.7/site-packages/airflow/example_dags/example_local_kubernetes_executor.py took 0.867 seconds
[2023-06-16T18:48:10.035+0000] {processor.py:157} INFO - Started process (PID=440) to work on /home/airflow/.local/lib/python3.7/site-packages/airflow/example_dags/example_local_kubernetes_executor.py
[2023-06-16T18:48:10.039+0000] {processor.py:826} INFO - Processing file /home/airflow/.local/lib/python3.7/site-packages/airflow/example_dags/example_local_kubernetes_executor.py for tasks to queue
[2023-06-16T18:48:10.042+0000] {logging_mixin.py:149} INFO - [2023-06-16T18:48:10.042+0000] {dagbag.py:541} INFO - Filling up the DagBag from /home/airflow/.local/lib/python3.7/site-packages/airflow/example_dags/example_local_kubernetes_executor.py
[2023-06-16T18:48:10.373+0000] {processor.py:836} INFO - DAG(s) dict_keys(['example_local_kubernetes_executor']) retrieved from /home/airflow/.local/lib/python3.7/site-packages/airflow/example_dags/example_local_kubernetes_executor.py
[2023-06-16T18:48:10.439+0000] {logging_mixin.py:149} INFO - [2023-06-16T18:48:10.439+0000] {dag.py:2726} INFO - Sync 1 DAGs
[2023-06-16T18:48:10.490+0000] {logging_mixin.py:149} INFO - [2023-06-16T18:48:10.489+0000] {dag.py:3490} INFO - Setting next_dagrun for example_local_kubernetes_executor to None, run_after=None
[2023-06-16T18:48:10.532+0000] {processor.py:179} INFO - Processing /home/airflow/.local/lib/python3.7/site-packages/airflow/example_dags/example_local_kubernetes_executor.py took 0.507 seconds
[2023-06-16T18:48:40.601+0000] {processor.py:157} INFO - Started process (PID=497) to work on /home/airflow/.local/lib/python3.7/site-packages/airflow/example_dags/example_local_kubernetes_executor.py
[2023-06-16T18:48:40.605+0000] {processor.py:826} INFO - Processing file /home/airflow/.local/lib/python3.7/site-packages/airflow/example_dags/example_local_kubernetes_executor.py for tasks to queue
[2023-06-16T18:48:40.609+0000] {logging_mixin.py:149} INFO - [2023-06-16T18:48:40.609+0000] {dagbag.py:541} INFO - Filling up the DagBag from /home/airflow/.local/lib/python3.7/site-packages/airflow/example_dags/example_local_kubernetes_executor.py
[2023-06-16T18:48:40.978+0000] {processor.py:836} INFO - DAG(s) dict_keys(['example_local_kubernetes_executor']) retrieved from /home/airflow/.local/lib/python3.7/site-packages/airflow/example_dags/example_local_kubernetes_executor.py
[2023-06-16T18:48:41.054+0000] {logging_mixin.py:149} INFO - [2023-06-16T18:48:41.054+0000] {dag.py:2726} INFO - Sync 1 DAGs
[2023-06-16T18:48:41.111+0000] {logging_mixin.py:149} INFO - [2023-06-16T18:48:41.111+0000] {dag.py:3490} INFO - Setting next_dagrun for example_local_kubernetes_executor to None, run_after=None
[2023-06-16T18:48:41.153+0000] {processor.py:179} INFO - Processing /home/airflow/.local/lib/python3.7/site-packages/airflow/example_dags/example_local_kubernetes_executor.py took 0.560 seconds
[2023-06-16T18:49:11.311+0000] {processor.py:157} INFO - Started process (PID=554) to work on /home/airflow/.local/lib/python3.7/site-packages/airflow/example_dags/example_local_kubernetes_executor.py
[2023-06-16T18:49:11.315+0000] {processor.py:826} INFO - Processing file /home/airflow/.local/lib/python3.7/site-packages/airflow/example_dags/example_local_kubernetes_executor.py for tasks to queue
[2023-06-16T18:49:11.318+0000] {logging_mixin.py:149} INFO - [2023-06-16T18:49:11.318+0000] {dagbag.py:541} INFO - Filling up the DagBag from /home/airflow/.local/lib/python3.7/site-packages/airflow/example_dags/example_local_kubernetes_executor.py
[2023-06-16T18:49:11.719+0000] {processor.py:836} INFO - DAG(s) dict_keys(['example_local_kubernetes_executor']) retrieved from /home/airflow/.local/lib/python3.7/site-packages/airflow/example_dags/example_local_kubernetes_executor.py
[2023-06-16T18:49:11.791+0000] {logging_mixin.py:149} INFO - [2023-06-16T18:49:11.791+0000] {dag.py:2726} INFO - Sync 1 DAGs
[2023-06-16T18:49:11.848+0000] {logging_mixin.py:149} INFO - [2023-06-16T18:49:11.847+0000] {dag.py:3490} INFO - Setting next_dagrun for example_local_kubernetes_executor to None, run_after=None
[2023-06-16T18:49:11.894+0000] {processor.py:179} INFO - Processing /home/airflow/.local/lib/python3.7/site-packages/airflow/example_dags/example_local_kubernetes_executor.py took 0.590 seconds
[2023-06-16T18:49:42.045+0000] {processor.py:157} INFO - Started process (PID=611) to work on /home/airflow/.local/lib/python3.7/site-packages/airflow/example_dags/example_local_kubernetes_executor.py
[2023-06-16T18:49:42.049+0000] {processor.py:826} INFO - Processing file /home/airflow/.local/lib/python3.7/site-packages/airflow/example_dags/example_local_kubernetes_executor.py for tasks to queue
[2023-06-16T18:49:42.052+0000] {logging_mixin.py:149} INFO - [2023-06-16T18:49:42.052+0000] {dagbag.py:541} INFO - Filling up the DagBag from /home/airflow/.local/lib/python3.7/site-packages/airflow/example_dags/example_local_kubernetes_executor.py
[2023-06-16T18:49:42.557+0000] {processor.py:836} INFO - DAG(s) dict_keys(['example_local_kubernetes_executor']) retrieved from /home/airflow/.local/lib/python3.7/site-packages/airflow/example_dags/example_local_kubernetes_executor.py
[2023-06-16T18:49:42.637+0000] {logging_mixin.py:149} INFO - [2023-06-16T18:49:42.637+0000] {dag.py:2726} INFO - Sync 1 DAGs
[2023-06-16T18:49:42.701+0000] {logging_mixin.py:149} INFO - [2023-06-16T18:49:42.701+0000] {dag.py:3490} INFO - Setting next_dagrun for example_local_kubernetes_executor to None, run_after=None
[2023-06-16T18:49:42.746+0000] {processor.py:179} INFO - Processing /home/airflow/.local/lib/python3.7/site-packages/airflow/example_dags/example_local_kubernetes_executor.py took 0.710 seconds
[2023-06-16T18:50:12.902+0000] {processor.py:157} INFO - Started process (PID=667) to work on /home/airflow/.local/lib/python3.7/site-packages/airflow/example_dags/example_local_kubernetes_executor.py
[2023-06-16T18:50:12.905+0000] {processor.py:826} INFO - Processing file /home/airflow/.local/lib/python3.7/site-packages/airflow/example_dags/example_local_kubernetes_executor.py for tasks to queue
[2023-06-16T18:50:12.909+0000] {logging_mixin.py:149} INFO - [2023-06-16T18:50:12.908+0000] {dagbag.py:541} INFO - Filling up the DagBag from /home/airflow/.local/lib/python3.7/site-packages/airflow/example_dags/example_local_kubernetes_executor.py
[2023-06-16T18:50:13.240+0000] {processor.py:836} INFO - DAG(s) dict_keys(['example_local_kubernetes_executor']) retrieved from /home/airflow/.local/lib/python3.7/site-packages/airflow/example_dags/example_local_kubernetes_executor.py
[2023-06-16T18:50:13.323+0000] {logging_mixin.py:149} INFO - [2023-06-16T18:50:13.322+0000] {dag.py:2726} INFO - Sync 1 DAGs
[2023-06-16T18:50:13.389+0000] {logging_mixin.py:149} INFO - [2023-06-16T18:50:13.388+0000] {dag.py:3490} INFO - Setting next_dagrun for example_local_kubernetes_executor to None, run_after=None
[2023-06-16T18:50:13.434+0000] {processor.py:179} INFO - Processing /home/airflow/.local/lib/python3.7/site-packages/airflow/example_dags/example_local_kubernetes_executor.py took 0.539 seconds
[2023-06-16T18:50:44.022+0000] {processor.py:157} INFO - Started process (PID=724) to work on /home/airflow/.local/lib/python3.7/site-packages/airflow/example_dags/example_local_kubernetes_executor.py
[2023-06-16T18:50:44.028+0000] {processor.py:826} INFO - Processing file /home/airflow/.local/lib/python3.7/site-packages/airflow/example_dags/example_local_kubernetes_executor.py for tasks to queue
[2023-06-16T18:50:44.031+0000] {logging_mixin.py:149} INFO - [2023-06-16T18:50:44.031+0000] {dagbag.py:541} INFO - Filling up the DagBag from /home/airflow/.local/lib/python3.7/site-packages/airflow/example_dags/example_local_kubernetes_executor.py
[2023-06-16T18:50:44.531+0000] {processor.py:836} INFO - DAG(s) dict_keys(['example_local_kubernetes_executor']) retrieved from /home/airflow/.local/lib/python3.7/site-packages/airflow/example_dags/example_local_kubernetes_executor.py
[2023-06-16T18:50:44.624+0000] {logging_mixin.py:149} INFO - [2023-06-16T18:50:44.623+0000] {dag.py:2726} INFO - Sync 1 DAGs
[2023-06-16T18:50:44.694+0000] {logging_mixin.py:149} INFO - [2023-06-16T18:50:44.694+0000] {dag.py:3490} INFO - Setting next_dagrun for example_local_kubernetes_executor to None, run_after=None
[2023-06-16T18:50:44.740+0000] {processor.py:179} INFO - Processing /home/airflow/.local/lib/python3.7/site-packages/airflow/example_dags/example_local_kubernetes_executor.py took 0.727 seconds
[2023-06-16T18:51:15.095+0000] {processor.py:157} INFO - Started process (PID=790) to work on /home/airflow/.local/lib/python3.7/site-packages/airflow/example_dags/example_local_kubernetes_executor.py
[2023-06-16T18:51:15.100+0000] {processor.py:826} INFO - Processing file /home/airflow/.local/lib/python3.7/site-packages/airflow/example_dags/example_local_kubernetes_executor.py for tasks to queue
[2023-06-16T18:51:15.105+0000] {logging_mixin.py:149} INFO - [2023-06-16T18:51:15.104+0000] {dagbag.py:541} INFO - Filling up the DagBag from /home/airflow/.local/lib/python3.7/site-packages/airflow/example_dags/example_local_kubernetes_executor.py
[2023-06-16T18:51:15.526+0000] {processor.py:836} INFO - DAG(s) dict_keys(['example_local_kubernetes_executor']) retrieved from /home/airflow/.local/lib/python3.7/site-packages/airflow/example_dags/example_local_kubernetes_executor.py
[2023-06-16T18:51:15.658+0000] {logging_mixin.py:149} INFO - [2023-06-16T18:51:15.658+0000] {dag.py:2726} INFO - Sync 1 DAGs
[2023-06-16T18:51:15.727+0000] {logging_mixin.py:149} INFO - [2023-06-16T18:51:15.727+0000] {dag.py:3490} INFO - Setting next_dagrun for example_local_kubernetes_executor to None, run_after=None
[2023-06-16T18:51:15.778+0000] {processor.py:179} INFO - Processing /home/airflow/.local/lib/python3.7/site-packages/airflow/example_dags/example_local_kubernetes_executor.py took 0.693 seconds
[2023-06-16T18:51:45.964+0000] {processor.py:157} INFO - Started process (PID=848) to work on /home/airflow/.local/lib/python3.7/site-packages/airflow/example_dags/example_local_kubernetes_executor.py
[2023-06-16T18:51:45.970+0000] {processor.py:826} INFO - Processing file /home/airflow/.local/lib/python3.7/site-packages/airflow/example_dags/example_local_kubernetes_executor.py for tasks to queue
[2023-06-16T18:51:45.977+0000] {logging_mixin.py:149} INFO - [2023-06-16T18:51:45.976+0000] {dagbag.py:541} INFO - Filling up the DagBag from /home/airflow/.local/lib/python3.7/site-packages/airflow/example_dags/example_local_kubernetes_executor.py
[2023-06-16T18:51:46.773+0000] {processor.py:836} INFO - DAG(s) dict_keys(['example_local_kubernetes_executor']) retrieved from /home/airflow/.local/lib/python3.7/site-packages/airflow/example_dags/example_local_kubernetes_executor.py
[2023-06-16T18:51:46.930+0000] {logging_mixin.py:149} INFO - [2023-06-16T18:51:46.930+0000] {dag.py:2726} INFO - Sync 1 DAGs
[2023-06-16T18:51:47.054+0000] {logging_mixin.py:149} INFO - [2023-06-16T18:51:47.054+0000] {dag.py:3490} INFO - Setting next_dagrun for example_local_kubernetes_executor to None, run_after=None
[2023-06-16T18:51:47.124+0000] {processor.py:179} INFO - Processing /home/airflow/.local/lib/python3.7/site-packages/airflow/example_dags/example_local_kubernetes_executor.py took 1.172 seconds
[2023-06-16T18:52:17.225+0000] {processor.py:157} INFO - Started process (PID=905) to work on /home/airflow/.local/lib/python3.7/site-packages/airflow/example_dags/example_local_kubernetes_executor.py
[2023-06-16T18:52:17.231+0000] {processor.py:826} INFO - Processing file /home/airflow/.local/lib/python3.7/site-packages/airflow/example_dags/example_local_kubernetes_executor.py for tasks to queue
[2023-06-16T18:52:17.234+0000] {logging_mixin.py:149} INFO - [2023-06-16T18:52:17.234+0000] {dagbag.py:541} INFO - Filling up the DagBag from /home/airflow/.local/lib/python3.7/site-packages/airflow/example_dags/example_local_kubernetes_executor.py
[2023-06-16T18:52:17.738+0000] {processor.py:836} INFO - DAG(s) dict_keys(['example_local_kubernetes_executor']) retrieved from /home/airflow/.local/lib/python3.7/site-packages/airflow/example_dags/example_local_kubernetes_executor.py
[2023-06-16T18:52:17.828+0000] {logging_mixin.py:149} INFO - [2023-06-16T18:52:17.828+0000] {dag.py:2726} INFO - Sync 1 DAGs
[2023-06-16T18:52:17.907+0000] {logging_mixin.py:149} INFO - [2023-06-16T18:52:17.906+0000] {dag.py:3490} INFO - Setting next_dagrun for example_local_kubernetes_executor to None, run_after=None
[2023-06-16T18:52:17.953+0000] {processor.py:179} INFO - Processing /home/airflow/.local/lib/python3.7/site-packages/airflow/example_dags/example_local_kubernetes_executor.py took 0.738 seconds
[2023-06-16T18:52:48.324+0000] {processor.py:157} INFO - Started process (PID=963) to work on /home/airflow/.local/lib/python3.7/site-packages/airflow/example_dags/example_local_kubernetes_executor.py
[2023-06-16T18:52:48.331+0000] {processor.py:826} INFO - Processing file /home/airflow/.local/lib/python3.7/site-packages/airflow/example_dags/example_local_kubernetes_executor.py for tasks to queue
[2023-06-16T18:52:48.336+0000] {logging_mixin.py:149} INFO - [2023-06-16T18:52:48.336+0000] {dagbag.py:541} INFO - Filling up the DagBag from /home/airflow/.local/lib/python3.7/site-packages/airflow/example_dags/example_local_kubernetes_executor.py
[2023-06-16T18:52:49.108+0000] {processor.py:836} INFO - DAG(s) dict_keys(['example_local_kubernetes_executor']) retrieved from /home/airflow/.local/lib/python3.7/site-packages/airflow/example_dags/example_local_kubernetes_executor.py
[2023-06-16T18:52:49.216+0000] {logging_mixin.py:149} INFO - [2023-06-16T18:52:49.215+0000] {dag.py:2726} INFO - Sync 1 DAGs
[2023-06-16T18:52:49.308+0000] {logging_mixin.py:149} INFO - [2023-06-16T18:52:49.308+0000] {dag.py:3490} INFO - Setting next_dagrun for example_local_kubernetes_executor to None, run_after=None
[2023-06-16T18:52:49.418+0000] {processor.py:179} INFO - Processing /home/airflow/.local/lib/python3.7/site-packages/airflow/example_dags/example_local_kubernetes_executor.py took 1.103 seconds
[2023-06-16T18:53:19.736+0000] {processor.py:157} INFO - Started process (PID=1023) to work on /home/airflow/.local/lib/python3.7/site-packages/airflow/example_dags/example_local_kubernetes_executor.py
[2023-06-16T18:53:19.740+0000] {processor.py:826} INFO - Processing file /home/airflow/.local/lib/python3.7/site-packages/airflow/example_dags/example_local_kubernetes_executor.py for tasks to queue
[2023-06-16T18:53:19.745+0000] {logging_mixin.py:149} INFO - [2023-06-16T18:53:19.744+0000] {dagbag.py:541} INFO - Filling up the DagBag from /home/airflow/.local/lib/python3.7/site-packages/airflow/example_dags/example_local_kubernetes_executor.py
[2023-06-16T18:53:20.397+0000] {processor.py:836} INFO - DAG(s) dict_keys(['example_local_kubernetes_executor']) retrieved from /home/airflow/.local/lib/python3.7/site-packages/airflow/example_dags/example_local_kubernetes_executor.py
[2023-06-16T18:53:20.479+0000] {logging_mixin.py:149} INFO - [2023-06-16T18:53:20.479+0000] {dag.py:2726} INFO - Sync 1 DAGs
[2023-06-16T18:53:20.545+0000] {logging_mixin.py:149} INFO - [2023-06-16T18:53:20.545+0000] {dag.py:3490} INFO - Setting next_dagrun for example_local_kubernetes_executor to None, run_after=None
[2023-06-16T18:53:20.590+0000] {processor.py:179} INFO - Processing /home/airflow/.local/lib/python3.7/site-packages/airflow/example_dags/example_local_kubernetes_executor.py took 0.865 seconds
[2023-06-16T18:53:50.672+0000] {processor.py:157} INFO - Started process (PID=1082) to work on /home/airflow/.local/lib/python3.7/site-packages/airflow/example_dags/example_local_kubernetes_executor.py
[2023-06-16T18:53:50.676+0000] {processor.py:826} INFO - Processing file /home/airflow/.local/lib/python3.7/site-packages/airflow/example_dags/example_local_kubernetes_executor.py for tasks to queue
[2023-06-16T18:53:50.681+0000] {logging_mixin.py:149} INFO - [2023-06-16T18:53:50.681+0000] {dagbag.py:541} INFO - Filling up the DagBag from /home/airflow/.local/lib/python3.7/site-packages/airflow/example_dags/example_local_kubernetes_executor.py
[2023-06-16T18:53:51.661+0000] {processor.py:836} INFO - DAG(s) dict_keys(['example_local_kubernetes_executor']) retrieved from /home/airflow/.local/lib/python3.7/site-packages/airflow/example_dags/example_local_kubernetes_executor.py
[2023-06-16T18:53:51.785+0000] {logging_mixin.py:149} INFO - [2023-06-16T18:53:51.785+0000] {dag.py:2726} INFO - Sync 1 DAGs
[2023-06-16T18:53:51.872+0000] {logging_mixin.py:149} INFO - [2023-06-16T18:53:51.872+0000] {dag.py:3490} INFO - Setting next_dagrun for example_local_kubernetes_executor to None, run_after=None
[2023-06-16T18:53:51.921+0000] {processor.py:179} INFO - Processing /home/airflow/.local/lib/python3.7/site-packages/airflow/example_dags/example_local_kubernetes_executor.py took 1.259 seconds
[2023-06-16T18:54:22.307+0000] {processor.py:157} INFO - Started process (PID=1141) to work on /home/airflow/.local/lib/python3.7/site-packages/airflow/example_dags/example_local_kubernetes_executor.py
[2023-06-16T18:54:22.316+0000] {processor.py:826} INFO - Processing file /home/airflow/.local/lib/python3.7/site-packages/airflow/example_dags/example_local_kubernetes_executor.py for tasks to queue
[2023-06-16T18:54:22.321+0000] {logging_mixin.py:149} INFO - [2023-06-16T18:54:22.321+0000] {dagbag.py:541} INFO - Filling up the DagBag from /home/airflow/.local/lib/python3.7/site-packages/airflow/example_dags/example_local_kubernetes_executor.py
[2023-06-16T18:54:22.785+0000] {processor.py:836} INFO - DAG(s) dict_keys(['example_local_kubernetes_executor']) retrieved from /home/airflow/.local/lib/python3.7/site-packages/airflow/example_dags/example_local_kubernetes_executor.py
[2023-06-16T18:54:22.873+0000] {logging_mixin.py:149} INFO - [2023-06-16T18:54:22.873+0000] {dag.py:2726} INFO - Sync 1 DAGs
[2023-06-16T18:54:23.030+0000] {logging_mixin.py:149} INFO - [2023-06-16T18:54:23.030+0000] {dag.py:3490} INFO - Setting next_dagrun for example_local_kubernetes_executor to None, run_after=None
[2023-06-16T18:54:23.092+0000] {processor.py:179} INFO - Processing /home/airflow/.local/lib/python3.7/site-packages/airflow/example_dags/example_local_kubernetes_executor.py took 0.797 seconds
[2023-06-16T18:54:53.716+0000] {processor.py:157} INFO - Started process (PID=1200) to work on /home/airflow/.local/lib/python3.7/site-packages/airflow/example_dags/example_local_kubernetes_executor.py
[2023-06-16T18:54:53.723+0000] {processor.py:826} INFO - Processing file /home/airflow/.local/lib/python3.7/site-packages/airflow/example_dags/example_local_kubernetes_executor.py for tasks to queue
[2023-06-16T18:54:53.726+0000] {logging_mixin.py:149} INFO - [2023-06-16T18:54:53.726+0000] {dagbag.py:541} INFO - Filling up the DagBag from /home/airflow/.local/lib/python3.7/site-packages/airflow/example_dags/example_local_kubernetes_executor.py
[2023-06-16T18:54:54.664+0000] {processor.py:836} INFO - DAG(s) dict_keys(['example_local_kubernetes_executor']) retrieved from /home/airflow/.local/lib/python3.7/site-packages/airflow/example_dags/example_local_kubernetes_executor.py
[2023-06-16T18:54:54.759+0000] {logging_mixin.py:149} INFO - [2023-06-16T18:54:54.758+0000] {dag.py:2726} INFO - Sync 1 DAGs
[2023-06-16T18:54:54.829+0000] {logging_mixin.py:149} INFO - [2023-06-16T18:54:54.829+0000] {dag.py:3490} INFO - Setting next_dagrun for example_local_kubernetes_executor to None, run_after=None
[2023-06-16T18:54:54.896+0000] {processor.py:179} INFO - Processing /home/airflow/.local/lib/python3.7/site-packages/airflow/example_dags/example_local_kubernetes_executor.py took 1.193 seconds
[2023-06-16T18:55:25.555+0000] {processor.py:157} INFO - Started process (PID=1259) to work on /home/airflow/.local/lib/python3.7/site-packages/airflow/example_dags/example_local_kubernetes_executor.py
[2023-06-16T18:55:25.560+0000] {processor.py:826} INFO - Processing file /home/airflow/.local/lib/python3.7/site-packages/airflow/example_dags/example_local_kubernetes_executor.py for tasks to queue
[2023-06-16T18:55:25.562+0000] {logging_mixin.py:149} INFO - [2023-06-16T18:55:25.562+0000] {dagbag.py:541} INFO - Filling up the DagBag from /home/airflow/.local/lib/python3.7/site-packages/airflow/example_dags/example_local_kubernetes_executor.py
[2023-06-16T18:55:26.112+0000] {processor.py:836} INFO - DAG(s) dict_keys(['example_local_kubernetes_executor']) retrieved from /home/airflow/.local/lib/python3.7/site-packages/airflow/example_dags/example_local_kubernetes_executor.py
[2023-06-16T18:55:26.268+0000] {logging_mixin.py:149} INFO - [2023-06-16T18:55:26.268+0000] {dag.py:2726} INFO - Sync 1 DAGs
[2023-06-16T18:55:26.341+0000] {logging_mixin.py:149} INFO - [2023-06-16T18:55:26.341+0000] {dag.py:3490} INFO - Setting next_dagrun for example_local_kubernetes_executor to None, run_after=None
[2023-06-16T18:55:26.398+0000] {processor.py:179} INFO - Processing /home/airflow/.local/lib/python3.7/site-packages/airflow/example_dags/example_local_kubernetes_executor.py took 0.854 seconds
