[2023-06-16T18:46:37.763+0000] {processor.py:157} INFO - Started process (PID=271) to work on /home/airflow/.local/lib/python3.7/site-packages/airflow/example_dags/example_params_ui_tutorial.py
[2023-06-16T18:46:37.788+0000] {processor.py:826} INFO - Processing file /home/airflow/.local/lib/python3.7/site-packages/airflow/example_dags/example_params_ui_tutorial.py for tasks to queue
[2023-06-16T18:46:37.815+0000] {logging_mixin.py:149} INFO - [2023-06-16T18:46:37.814+0000] {dagbag.py:541} INFO - Filling up the DagBag from /home/airflow/.local/lib/python3.7/site-packages/airflow/example_dags/example_params_ui_tutorial.py
[2023-06-16T18:46:37.940+0000] {processor.py:836} INFO - DAG(s) dict_keys(['example_params_ui_tutorial']) retrieved from /home/airflow/.local/lib/python3.7/site-packages/airflow/example_dags/example_params_ui_tutorial.py
[2023-06-16T18:46:38.092+0000] {logging_mixin.py:149} INFO - [2023-06-16T18:46:38.091+0000] {dag.py:2726} INFO - Sync 1 DAGs
[2023-06-16T18:46:38.158+0000] {logging_mixin.py:149} INFO - [2023-06-16T18:46:38.158+0000] {dag.py:3490} INFO - Setting next_dagrun for example_params_ui_tutorial to None, run_after=None
[2023-06-16T18:46:38.205+0000] {processor.py:179} INFO - Processing /home/airflow/.local/lib/python3.7/site-packages/airflow/example_dags/example_params_ui_tutorial.py took 0.453 seconds
[2023-06-16T18:47:08.523+0000] {processor.py:157} INFO - Started process (PID=328) to work on /home/airflow/.local/lib/python3.7/site-packages/airflow/example_dags/example_params_ui_tutorial.py
[2023-06-16T18:47:08.528+0000] {processor.py:826} INFO - Processing file /home/airflow/.local/lib/python3.7/site-packages/airflow/example_dags/example_params_ui_tutorial.py for tasks to queue
[2023-06-16T18:47:08.533+0000] {logging_mixin.py:149} INFO - [2023-06-16T18:47:08.533+0000] {dagbag.py:541} INFO - Filling up the DagBag from /home/airflow/.local/lib/python3.7/site-packages/airflow/example_dags/example_params_ui_tutorial.py
[2023-06-16T18:47:08.668+0000] {processor.py:836} INFO - DAG(s) dict_keys(['example_params_ui_tutorial']) retrieved from /home/airflow/.local/lib/python3.7/site-packages/airflow/example_dags/example_params_ui_tutorial.py
[2023-06-16T18:47:08.928+0000] {logging_mixin.py:149} INFO - [2023-06-16T18:47:08.928+0000] {dag.py:2726} INFO - Sync 1 DAGs
[2023-06-16T18:47:08.999+0000] {logging_mixin.py:149} INFO - [2023-06-16T18:47:08.999+0000] {dag.py:3490} INFO - Setting next_dagrun for example_params_ui_tutorial to None, run_after=None
[2023-06-16T18:47:09.049+0000] {processor.py:179} INFO - Processing /home/airflow/.local/lib/python3.7/site-packages/airflow/example_dags/example_params_ui_tutorial.py took 0.542 seconds
[2023-06-16T18:47:39.833+0000] {processor.py:157} INFO - Started process (PID=385) to work on /home/airflow/.local/lib/python3.7/site-packages/airflow/example_dags/example_params_ui_tutorial.py
[2023-06-16T18:47:39.838+0000] {processor.py:826} INFO - Processing file /home/airflow/.local/lib/python3.7/site-packages/airflow/example_dags/example_params_ui_tutorial.py for tasks to queue
[2023-06-16T18:47:39.844+0000] {logging_mixin.py:149} INFO - [2023-06-16T18:47:39.844+0000] {dagbag.py:541} INFO - Filling up the DagBag from /home/airflow/.local/lib/python3.7/site-packages/airflow/example_dags/example_params_ui_tutorial.py
[2023-06-16T18:47:39.950+0000] {processor.py:836} INFO - DAG(s) dict_keys(['example_params_ui_tutorial']) retrieved from /home/airflow/.local/lib/python3.7/site-packages/airflow/example_dags/example_params_ui_tutorial.py
[2023-06-16T18:47:40.127+0000] {logging_mixin.py:149} INFO - [2023-06-16T18:47:40.127+0000] {dag.py:2726} INFO - Sync 1 DAGs
[2023-06-16T18:47:40.226+0000] {logging_mixin.py:149} INFO - [2023-06-16T18:47:40.225+0000] {dag.py:3490} INFO - Setting next_dagrun for example_params_ui_tutorial to None, run_after=None
[2023-06-16T18:47:40.327+0000] {processor.py:179} INFO - Processing /home/airflow/.local/lib/python3.7/site-packages/airflow/example_dags/example_params_ui_tutorial.py took 0.508 seconds
[2023-06-16T18:48:10.610+0000] {processor.py:157} INFO - Started process (PID=442) to work on /home/airflow/.local/lib/python3.7/site-packages/airflow/example_dags/example_params_ui_tutorial.py
[2023-06-16T18:48:10.616+0000] {processor.py:826} INFO - Processing file /home/airflow/.local/lib/python3.7/site-packages/airflow/example_dags/example_params_ui_tutorial.py for tasks to queue
[2023-06-16T18:48:10.620+0000] {logging_mixin.py:149} INFO - [2023-06-16T18:48:10.619+0000] {dagbag.py:541} INFO - Filling up the DagBag from /home/airflow/.local/lib/python3.7/site-packages/airflow/example_dags/example_params_ui_tutorial.py
[2023-06-16T18:48:10.716+0000] {processor.py:836} INFO - DAG(s) dict_keys(['example_params_ui_tutorial']) retrieved from /home/airflow/.local/lib/python3.7/site-packages/airflow/example_dags/example_params_ui_tutorial.py
[2023-06-16T18:48:10.860+0000] {logging_mixin.py:149} INFO - [2023-06-16T18:48:10.860+0000] {dag.py:2726} INFO - Sync 1 DAGs
[2023-06-16T18:48:10.923+0000] {logging_mixin.py:149} INFO - [2023-06-16T18:48:10.922+0000] {dag.py:3490} INFO - Setting next_dagrun for example_params_ui_tutorial to None, run_after=None
[2023-06-16T18:48:10.973+0000] {processor.py:179} INFO - Processing /home/airflow/.local/lib/python3.7/site-packages/airflow/example_dags/example_params_ui_tutorial.py took 0.370 seconds
[2023-06-16T18:48:41.235+0000] {processor.py:157} INFO - Started process (PID=499) to work on /home/airflow/.local/lib/python3.7/site-packages/airflow/example_dags/example_params_ui_tutorial.py
[2023-06-16T18:48:41.239+0000] {processor.py:826} INFO - Processing file /home/airflow/.local/lib/python3.7/site-packages/airflow/example_dags/example_params_ui_tutorial.py for tasks to queue
[2023-06-16T18:48:41.242+0000] {logging_mixin.py:149} INFO - [2023-06-16T18:48:41.242+0000] {dagbag.py:541} INFO - Filling up the DagBag from /home/airflow/.local/lib/python3.7/site-packages/airflow/example_dags/example_params_ui_tutorial.py
[2023-06-16T18:48:41.346+0000] {processor.py:836} INFO - DAG(s) dict_keys(['example_params_ui_tutorial']) retrieved from /home/airflow/.local/lib/python3.7/site-packages/airflow/example_dags/example_params_ui_tutorial.py
[2023-06-16T18:48:41.484+0000] {logging_mixin.py:149} INFO - [2023-06-16T18:48:41.483+0000] {dag.py:2726} INFO - Sync 1 DAGs
[2023-06-16T18:48:41.543+0000] {logging_mixin.py:149} INFO - [2023-06-16T18:48:41.543+0000] {dag.py:3490} INFO - Setting next_dagrun for example_params_ui_tutorial to None, run_after=None
[2023-06-16T18:48:41.585+0000] {processor.py:179} INFO - Processing /home/airflow/.local/lib/python3.7/site-packages/airflow/example_dags/example_params_ui_tutorial.py took 0.358 seconds
[2023-06-16T18:49:11.998+0000] {processor.py:157} INFO - Started process (PID=556) to work on /home/airflow/.local/lib/python3.7/site-packages/airflow/example_dags/example_params_ui_tutorial.py
[2023-06-16T18:49:12.002+0000] {processor.py:826} INFO - Processing file /home/airflow/.local/lib/python3.7/site-packages/airflow/example_dags/example_params_ui_tutorial.py for tasks to queue
[2023-06-16T18:49:12.006+0000] {logging_mixin.py:149} INFO - [2023-06-16T18:49:12.006+0000] {dagbag.py:541} INFO - Filling up the DagBag from /home/airflow/.local/lib/python3.7/site-packages/airflow/example_dags/example_params_ui_tutorial.py
[2023-06-16T18:49:12.134+0000] {processor.py:836} INFO - DAG(s) dict_keys(['example_params_ui_tutorial']) retrieved from /home/airflow/.local/lib/python3.7/site-packages/airflow/example_dags/example_params_ui_tutorial.py
[2023-06-16T18:49:12.290+0000] {logging_mixin.py:149} INFO - [2023-06-16T18:49:12.290+0000] {dag.py:2726} INFO - Sync 1 DAGs
[2023-06-16T18:49:12.352+0000] {logging_mixin.py:149} INFO - [2023-06-16T18:49:12.352+0000] {dag.py:3490} INFO - Setting next_dagrun for example_params_ui_tutorial to None, run_after=None
[2023-06-16T18:49:12.400+0000] {processor.py:179} INFO - Processing /home/airflow/.local/lib/python3.7/site-packages/airflow/example_dags/example_params_ui_tutorial.py took 0.414 seconds
[2023-06-16T18:49:43.068+0000] {processor.py:157} INFO - Started process (PID=613) to work on /home/airflow/.local/lib/python3.7/site-packages/airflow/example_dags/example_params_ui_tutorial.py
[2023-06-16T18:49:43.072+0000] {processor.py:826} INFO - Processing file /home/airflow/.local/lib/python3.7/site-packages/airflow/example_dags/example_params_ui_tutorial.py for tasks to queue
[2023-06-16T18:49:43.075+0000] {logging_mixin.py:149} INFO - [2023-06-16T18:49:43.075+0000] {dagbag.py:541} INFO - Filling up the DagBag from /home/airflow/.local/lib/python3.7/site-packages/airflow/example_dags/example_params_ui_tutorial.py
[2023-06-16T18:49:43.229+0000] {processor.py:836} INFO - DAG(s) dict_keys(['example_params_ui_tutorial']) retrieved from /home/airflow/.local/lib/python3.7/site-packages/airflow/example_dags/example_params_ui_tutorial.py
[2023-06-16T18:49:43.410+0000] {logging_mixin.py:149} INFO - [2023-06-16T18:49:43.410+0000] {dag.py:2726} INFO - Sync 1 DAGs
[2023-06-16T18:49:43.470+0000] {logging_mixin.py:149} INFO - [2023-06-16T18:49:43.470+0000] {dag.py:3490} INFO - Setting next_dagrun for example_params_ui_tutorial to None, run_after=None
[2023-06-16T18:49:43.524+0000] {processor.py:179} INFO - Processing /home/airflow/.local/lib/python3.7/site-packages/airflow/example_dags/example_params_ui_tutorial.py took 0.465 seconds
[2023-06-16T18:50:13.949+0000] {processor.py:157} INFO - Started process (PID=669) to work on /home/airflow/.local/lib/python3.7/site-packages/airflow/example_dags/example_params_ui_tutorial.py
[2023-06-16T18:50:13.954+0000] {processor.py:826} INFO - Processing file /home/airflow/.local/lib/python3.7/site-packages/airflow/example_dags/example_params_ui_tutorial.py for tasks to queue
[2023-06-16T18:50:13.958+0000] {logging_mixin.py:149} INFO - [2023-06-16T18:50:13.957+0000] {dagbag.py:541} INFO - Filling up the DagBag from /home/airflow/.local/lib/python3.7/site-packages/airflow/example_dags/example_params_ui_tutorial.py
[2023-06-16T18:50:14.049+0000] {processor.py:836} INFO - DAG(s) dict_keys(['example_params_ui_tutorial']) retrieved from /home/airflow/.local/lib/python3.7/site-packages/airflow/example_dags/example_params_ui_tutorial.py
[2023-06-16T18:50:14.217+0000] {logging_mixin.py:149} INFO - [2023-06-16T18:50:14.217+0000] {dag.py:2726} INFO - Sync 1 DAGs
[2023-06-16T18:50:14.315+0000] {logging_mixin.py:149} INFO - [2023-06-16T18:50:14.315+0000] {dag.py:3490} INFO - Setting next_dagrun for example_params_ui_tutorial to None, run_after=None
[2023-06-16T18:50:14.396+0000] {processor.py:179} INFO - Processing /home/airflow/.local/lib/python3.7/site-packages/airflow/example_dags/example_params_ui_tutorial.py took 0.456 seconds
[2023-06-16T18:50:44.565+0000] {processor.py:157} INFO - Started process (PID=733) to work on /home/airflow/.local/lib/python3.7/site-packages/airflow/example_dags/example_params_ui_tutorial.py
[2023-06-16T18:50:44.568+0000] {processor.py:826} INFO - Processing file /home/airflow/.local/lib/python3.7/site-packages/airflow/example_dags/example_params_ui_tutorial.py for tasks to queue
[2023-06-16T18:50:44.572+0000] {logging_mixin.py:149} INFO - [2023-06-16T18:50:44.571+0000] {dagbag.py:541} INFO - Filling up the DagBag from /home/airflow/.local/lib/python3.7/site-packages/airflow/example_dags/example_params_ui_tutorial.py
[2023-06-16T18:50:44.686+0000] {processor.py:836} INFO - DAG(s) dict_keys(['example_params_ui_tutorial']) retrieved from /home/airflow/.local/lib/python3.7/site-packages/airflow/example_dags/example_params_ui_tutorial.py
[2023-06-16T18:50:44.861+0000] {logging_mixin.py:149} INFO - [2023-06-16T18:50:44.860+0000] {dag.py:2726} INFO - Sync 1 DAGs
[2023-06-16T18:50:44.924+0000] {logging_mixin.py:149} INFO - [2023-06-16T18:50:44.924+0000] {dag.py:3490} INFO - Setting next_dagrun for example_params_ui_tutorial to None, run_after=None
[2023-06-16T18:50:44.978+0000] {processor.py:179} INFO - Processing /home/airflow/.local/lib/python3.7/site-packages/airflow/example_dags/example_params_ui_tutorial.py took 0.427 seconds
[2023-06-16T18:51:15.114+0000] {processor.py:157} INFO - Started process (PID=791) to work on /home/airflow/.local/lib/python3.7/site-packages/airflow/example_dags/example_params_ui_tutorial.py
[2023-06-16T18:51:15.120+0000] {processor.py:826} INFO - Processing file /home/airflow/.local/lib/python3.7/site-packages/airflow/example_dags/example_params_ui_tutorial.py for tasks to queue
[2023-06-16T18:51:15.123+0000] {logging_mixin.py:149} INFO - [2023-06-16T18:51:15.123+0000] {dagbag.py:541} INFO - Filling up the DagBag from /home/airflow/.local/lib/python3.7/site-packages/airflow/example_dags/example_params_ui_tutorial.py
[2023-06-16T18:51:15.219+0000] {processor.py:836} INFO - DAG(s) dict_keys(['example_params_ui_tutorial']) retrieved from /home/airflow/.local/lib/python3.7/site-packages/airflow/example_dags/example_params_ui_tutorial.py
[2023-06-16T18:51:15.361+0000] {logging_mixin.py:149} INFO - [2023-06-16T18:51:15.360+0000] {dag.py:2726} INFO - Sync 1 DAGs
[2023-06-16T18:51:15.412+0000] {logging_mixin.py:149} INFO - [2023-06-16T18:51:15.412+0000] {dag.py:3490} INFO - Setting next_dagrun for example_params_ui_tutorial to None, run_after=None
[2023-06-16T18:51:15.457+0000] {processor.py:179} INFO - Processing /home/airflow/.local/lib/python3.7/site-packages/airflow/example_dags/example_params_ui_tutorial.py took 0.352 seconds
[2023-06-16T18:51:45.984+0000] {processor.py:157} INFO - Started process (PID=849) to work on /home/airflow/.local/lib/python3.7/site-packages/airflow/example_dags/example_params_ui_tutorial.py
[2023-06-16T18:51:45.987+0000] {processor.py:826} INFO - Processing file /home/airflow/.local/lib/python3.7/site-packages/airflow/example_dags/example_params_ui_tutorial.py for tasks to queue
[2023-06-16T18:51:45.990+0000] {logging_mixin.py:149} INFO - [2023-06-16T18:51:45.990+0000] {dagbag.py:541} INFO - Filling up the DagBag from /home/airflow/.local/lib/python3.7/site-packages/airflow/example_dags/example_params_ui_tutorial.py
[2023-06-16T18:51:46.108+0000] {processor.py:836} INFO - DAG(s) dict_keys(['example_params_ui_tutorial']) retrieved from /home/airflow/.local/lib/python3.7/site-packages/airflow/example_dags/example_params_ui_tutorial.py
[2023-06-16T18:51:46.422+0000] {logging_mixin.py:149} INFO - [2023-06-16T18:51:46.421+0000] {dag.py:2726} INFO - Sync 1 DAGs
[2023-06-16T18:51:46.544+0000] {logging_mixin.py:149} INFO - [2023-06-16T18:51:46.544+0000] {dag.py:3490} INFO - Setting next_dagrun for example_params_ui_tutorial to None, run_after=None
[2023-06-16T18:51:46.670+0000] {processor.py:179} INFO - Processing /home/airflow/.local/lib/python3.7/site-packages/airflow/example_dags/example_params_ui_tutorial.py took 0.696 seconds
[2023-06-16T18:52:17.250+0000] {processor.py:157} INFO - Started process (PID=906) to work on /home/airflow/.local/lib/python3.7/site-packages/airflow/example_dags/example_params_ui_tutorial.py
[2023-06-16T18:52:17.255+0000] {processor.py:826} INFO - Processing file /home/airflow/.local/lib/python3.7/site-packages/airflow/example_dags/example_params_ui_tutorial.py for tasks to queue
[2023-06-16T18:52:17.259+0000] {logging_mixin.py:149} INFO - [2023-06-16T18:52:17.259+0000] {dagbag.py:541} INFO - Filling up the DagBag from /home/airflow/.local/lib/python3.7/site-packages/airflow/example_dags/example_params_ui_tutorial.py
[2023-06-16T18:52:17.369+0000] {processor.py:836} INFO - DAG(s) dict_keys(['example_params_ui_tutorial']) retrieved from /home/airflow/.local/lib/python3.7/site-packages/airflow/example_dags/example_params_ui_tutorial.py
[2023-06-16T18:52:17.541+0000] {logging_mixin.py:149} INFO - [2023-06-16T18:52:17.540+0000] {dag.py:2726} INFO - Sync 1 DAGs
[2023-06-16T18:52:17.615+0000] {logging_mixin.py:149} INFO - [2023-06-16T18:52:17.615+0000] {dag.py:3490} INFO - Setting next_dagrun for example_params_ui_tutorial to None, run_after=None
[2023-06-16T18:52:17.662+0000] {processor.py:179} INFO - Processing /home/airflow/.local/lib/python3.7/site-packages/airflow/example_dags/example_params_ui_tutorial.py took 0.422 seconds
[2023-06-16T18:52:48.358+0000] {processor.py:157} INFO - Started process (PID=964) to work on /home/airflow/.local/lib/python3.7/site-packages/airflow/example_dags/example_params_ui_tutorial.py
[2023-06-16T18:52:48.363+0000] {processor.py:826} INFO - Processing file /home/airflow/.local/lib/python3.7/site-packages/airflow/example_dags/example_params_ui_tutorial.py for tasks to queue
[2023-06-16T18:52:48.371+0000] {logging_mixin.py:149} INFO - [2023-06-16T18:52:48.370+0000] {dagbag.py:541} INFO - Filling up the DagBag from /home/airflow/.local/lib/python3.7/site-packages/airflow/example_dags/example_params_ui_tutorial.py
[2023-06-16T18:52:48.511+0000] {processor.py:836} INFO - DAG(s) dict_keys(['example_params_ui_tutorial']) retrieved from /home/airflow/.local/lib/python3.7/site-packages/airflow/example_dags/example_params_ui_tutorial.py
[2023-06-16T18:52:48.696+0000] {logging_mixin.py:149} INFO - [2023-06-16T18:52:48.695+0000] {dag.py:2726} INFO - Sync 1 DAGs
[2023-06-16T18:52:48.868+0000] {logging_mixin.py:149} INFO - [2023-06-16T18:52:48.868+0000] {dag.py:3490} INFO - Setting next_dagrun for example_params_ui_tutorial to None, run_after=None
[2023-06-16T18:52:48.921+0000] {processor.py:179} INFO - Processing /home/airflow/.local/lib/python3.7/site-packages/airflow/example_dags/example_params_ui_tutorial.py took 0.575 seconds
[2023-06-16T18:53:19.165+0000] {processor.py:157} INFO - Started process (PID=1021) to work on /home/airflow/.local/lib/python3.7/site-packages/airflow/example_dags/example_params_ui_tutorial.py
[2023-06-16T18:53:19.169+0000] {processor.py:826} INFO - Processing file /home/airflow/.local/lib/python3.7/site-packages/airflow/example_dags/example_params_ui_tutorial.py for tasks to queue
[2023-06-16T18:53:19.173+0000] {logging_mixin.py:149} INFO - [2023-06-16T18:53:19.172+0000] {dagbag.py:541} INFO - Filling up the DagBag from /home/airflow/.local/lib/python3.7/site-packages/airflow/example_dags/example_params_ui_tutorial.py
[2023-06-16T18:53:19.309+0000] {processor.py:836} INFO - DAG(s) dict_keys(['example_params_ui_tutorial']) retrieved from /home/airflow/.local/lib/python3.7/site-packages/airflow/example_dags/example_params_ui_tutorial.py
[2023-06-16T18:53:19.491+0000] {logging_mixin.py:149} INFO - [2023-06-16T18:53:19.490+0000] {dag.py:2726} INFO - Sync 1 DAGs
[2023-06-16T18:53:19.597+0000] {logging_mixin.py:149} INFO - [2023-06-16T18:53:19.597+0000] {dag.py:3490} INFO - Setting next_dagrun for example_params_ui_tutorial to None, run_after=None
[2023-06-16T18:53:19.654+0000] {processor.py:179} INFO - Processing /home/airflow/.local/lib/python3.7/site-packages/airflow/example_dags/example_params_ui_tutorial.py took 0.497 seconds
[2023-06-16T18:53:50.048+0000] {processor.py:157} INFO - Started process (PID=1078) to work on /home/airflow/.local/lib/python3.7/site-packages/airflow/example_dags/example_params_ui_tutorial.py
[2023-06-16T18:53:50.053+0000] {processor.py:826} INFO - Processing file /home/airflow/.local/lib/python3.7/site-packages/airflow/example_dags/example_params_ui_tutorial.py for tasks to queue
[2023-06-16T18:53:50.057+0000] {logging_mixin.py:149} INFO - [2023-06-16T18:53:50.057+0000] {dagbag.py:541} INFO - Filling up the DagBag from /home/airflow/.local/lib/python3.7/site-packages/airflow/example_dags/example_params_ui_tutorial.py
[2023-06-16T18:53:50.195+0000] {processor.py:836} INFO - DAG(s) dict_keys(['example_params_ui_tutorial']) retrieved from /home/airflow/.local/lib/python3.7/site-packages/airflow/example_dags/example_params_ui_tutorial.py
[2023-06-16T18:53:50.387+0000] {logging_mixin.py:149} INFO - [2023-06-16T18:53:50.386+0000] {dag.py:2726} INFO - Sync 1 DAGs
[2023-06-16T18:53:50.453+0000] {logging_mixin.py:149} INFO - [2023-06-16T18:53:50.453+0000] {dag.py:3490} INFO - Setting next_dagrun for example_params_ui_tutorial to None, run_after=None
[2023-06-16T18:53:50.502+0000] {processor.py:179} INFO - Processing /home/airflow/.local/lib/python3.7/site-packages/airflow/example_dags/example_params_ui_tutorial.py took 0.465 seconds
[2023-06-16T18:54:20.700+0000] {processor.py:157} INFO - Started process (PID=1135) to work on /home/airflow/.local/lib/python3.7/site-packages/airflow/example_dags/example_params_ui_tutorial.py
[2023-06-16T18:54:20.704+0000] {processor.py:826} INFO - Processing file /home/airflow/.local/lib/python3.7/site-packages/airflow/example_dags/example_params_ui_tutorial.py for tasks to queue
[2023-06-16T18:54:20.710+0000] {logging_mixin.py:149} INFO - [2023-06-16T18:54:20.710+0000] {dagbag.py:541} INFO - Filling up the DagBag from /home/airflow/.local/lib/python3.7/site-packages/airflow/example_dags/example_params_ui_tutorial.py
[2023-06-16T18:54:20.823+0000] {processor.py:836} INFO - DAG(s) dict_keys(['example_params_ui_tutorial']) retrieved from /home/airflow/.local/lib/python3.7/site-packages/airflow/example_dags/example_params_ui_tutorial.py
[2023-06-16T18:54:21.067+0000] {logging_mixin.py:149} INFO - [2023-06-16T18:54:21.066+0000] {dag.py:2726} INFO - Sync 1 DAGs
[2023-06-16T18:54:21.139+0000] {logging_mixin.py:149} INFO - [2023-06-16T18:54:21.139+0000] {dag.py:3490} INFO - Setting next_dagrun for example_params_ui_tutorial to None, run_after=None
[2023-06-16T18:54:21.188+0000] {processor.py:179} INFO - Processing /home/airflow/.local/lib/python3.7/site-packages/airflow/example_dags/example_params_ui_tutorial.py took 0.500 seconds
[2023-06-16T18:54:51.588+0000] {processor.py:157} INFO - Started process (PID=1194) to work on /home/airflow/.local/lib/python3.7/site-packages/airflow/example_dags/example_params_ui_tutorial.py
[2023-06-16T18:54:51.593+0000] {processor.py:826} INFO - Processing file /home/airflow/.local/lib/python3.7/site-packages/airflow/example_dags/example_params_ui_tutorial.py for tasks to queue
[2023-06-16T18:54:51.596+0000] {logging_mixin.py:149} INFO - [2023-06-16T18:54:51.596+0000] {dagbag.py:541} INFO - Filling up the DagBag from /home/airflow/.local/lib/python3.7/site-packages/airflow/example_dags/example_params_ui_tutorial.py
[2023-06-16T18:54:51.726+0000] {processor.py:836} INFO - DAG(s) dict_keys(['example_params_ui_tutorial']) retrieved from /home/airflow/.local/lib/python3.7/site-packages/airflow/example_dags/example_params_ui_tutorial.py
[2023-06-16T18:54:51.940+0000] {logging_mixin.py:149} INFO - [2023-06-16T18:54:51.939+0000] {dag.py:2726} INFO - Sync 1 DAGs
[2023-06-16T18:54:52.031+0000] {logging_mixin.py:149} INFO - [2023-06-16T18:54:52.030+0000] {dag.py:3490} INFO - Setting next_dagrun for example_params_ui_tutorial to None, run_after=None
[2023-06-16T18:54:52.108+0000] {processor.py:179} INFO - Processing /home/airflow/.local/lib/python3.7/site-packages/airflow/example_dags/example_params_ui_tutorial.py took 0.533 seconds
[2023-06-16T18:55:22.232+0000] {processor.py:157} INFO - Started process (PID=1251) to work on /home/airflow/.local/lib/python3.7/site-packages/airflow/example_dags/example_params_ui_tutorial.py
[2023-06-16T18:55:22.238+0000] {processor.py:826} INFO - Processing file /home/airflow/.local/lib/python3.7/site-packages/airflow/example_dags/example_params_ui_tutorial.py for tasks to queue
[2023-06-16T18:55:22.244+0000] {logging_mixin.py:149} INFO - [2023-06-16T18:55:22.244+0000] {dagbag.py:541} INFO - Filling up the DagBag from /home/airflow/.local/lib/python3.7/site-packages/airflow/example_dags/example_params_ui_tutorial.py
[2023-06-16T18:55:22.375+0000] {processor.py:836} INFO - DAG(s) dict_keys(['example_params_ui_tutorial']) retrieved from /home/airflow/.local/lib/python3.7/site-packages/airflow/example_dags/example_params_ui_tutorial.py
[2023-06-16T18:55:22.563+0000] {logging_mixin.py:149} INFO - [2023-06-16T18:55:22.563+0000] {dag.py:2726} INFO - Sync 1 DAGs
[2023-06-16T18:55:22.629+0000] {logging_mixin.py:149} INFO - [2023-06-16T18:55:22.628+0000] {dag.py:3490} INFO - Setting next_dagrun for example_params_ui_tutorial to None, run_after=None
[2023-06-16T18:55:22.674+0000] {processor.py:179} INFO - Processing /home/airflow/.local/lib/python3.7/site-packages/airflow/example_dags/example_params_ui_tutorial.py took 0.453 seconds
[2023-06-16T18:55:52.932+0000] {processor.py:157} INFO - Started process (PID=1308) to work on /home/airflow/.local/lib/python3.7/site-packages/airflow/example_dags/example_params_ui_tutorial.py
[2023-06-16T18:55:52.936+0000] {processor.py:826} INFO - Processing file /home/airflow/.local/lib/python3.7/site-packages/airflow/example_dags/example_params_ui_tutorial.py for tasks to queue
[2023-06-16T18:55:52.943+0000] {logging_mixin.py:149} INFO - [2023-06-16T18:55:52.942+0000] {dagbag.py:541} INFO - Filling up the DagBag from /home/airflow/.local/lib/python3.7/site-packages/airflow/example_dags/example_params_ui_tutorial.py
[2023-06-16T18:55:53.127+0000] {processor.py:836} INFO - DAG(s) dict_keys(['example_params_ui_tutorial']) retrieved from /home/airflow/.local/lib/python3.7/site-packages/airflow/example_dags/example_params_ui_tutorial.py
[2023-06-16T18:55:53.291+0000] {logging_mixin.py:149} INFO - [2023-06-16T18:55:53.291+0000] {dag.py:2726} INFO - Sync 1 DAGs
[2023-06-16T18:55:53.357+0000] {logging_mixin.py:149} INFO - [2023-06-16T18:55:53.357+0000] {dag.py:3490} INFO - Setting next_dagrun for example_params_ui_tutorial to None, run_after=None
[2023-06-16T18:55:53.406+0000] {processor.py:179} INFO - Processing /home/airflow/.local/lib/python3.7/site-packages/airflow/example_dags/example_params_ui_tutorial.py took 0.487 seconds
[2023-06-16T18:56:23.668+0000] {processor.py:157} INFO - Started process (PID=1366) to work on /home/airflow/.local/lib/python3.7/site-packages/airflow/example_dags/example_params_ui_tutorial.py
[2023-06-16T18:56:23.677+0000] {processor.py:826} INFO - Processing file /home/airflow/.local/lib/python3.7/site-packages/airflow/example_dags/example_params_ui_tutorial.py for tasks to queue
[2023-06-16T18:56:23.685+0000] {logging_mixin.py:149} INFO - [2023-06-16T18:56:23.684+0000] {dagbag.py:541} INFO - Filling up the DagBag from /home/airflow/.local/lib/python3.7/site-packages/airflow/example_dags/example_params_ui_tutorial.py
[2023-06-16T18:56:23.829+0000] {processor.py:836} INFO - DAG(s) dict_keys(['example_params_ui_tutorial']) retrieved from /home/airflow/.local/lib/python3.7/site-packages/airflow/example_dags/example_params_ui_tutorial.py
[2023-06-16T18:56:24.050+0000] {logging_mixin.py:149} INFO - [2023-06-16T18:56:24.049+0000] {dag.py:2726} INFO - Sync 1 DAGs
[2023-06-16T18:56:24.140+0000] {logging_mixin.py:149} INFO - [2023-06-16T18:56:24.140+0000] {dag.py:3490} INFO - Setting next_dagrun for example_params_ui_tutorial to None, run_after=None
[2023-06-16T18:56:24.201+0000] {processor.py:179} INFO - Processing /home/airflow/.local/lib/python3.7/site-packages/airflow/example_dags/example_params_ui_tutorial.py took 0.543 seconds
[2023-06-16T18:56:54.642+0000] {processor.py:157} INFO - Started process (PID=1424) to work on /home/airflow/.local/lib/python3.7/site-packages/airflow/example_dags/example_params_ui_tutorial.py
[2023-06-16T18:56:54.647+0000] {processor.py:826} INFO - Processing file /home/airflow/.local/lib/python3.7/site-packages/airflow/example_dags/example_params_ui_tutorial.py for tasks to queue
[2023-06-16T18:56:54.650+0000] {logging_mixin.py:149} INFO - [2023-06-16T18:56:54.650+0000] {dagbag.py:541} INFO - Filling up the DagBag from /home/airflow/.local/lib/python3.7/site-packages/airflow/example_dags/example_params_ui_tutorial.py
[2023-06-16T18:56:54.761+0000] {processor.py:836} INFO - DAG(s) dict_keys(['example_params_ui_tutorial']) retrieved from /home/airflow/.local/lib/python3.7/site-packages/airflow/example_dags/example_params_ui_tutorial.py
[2023-06-16T18:56:54.914+0000] {logging_mixin.py:149} INFO - [2023-06-16T18:56:54.914+0000] {dag.py:2726} INFO - Sync 1 DAGs
[2023-06-16T18:56:54.978+0000] {logging_mixin.py:149} INFO - [2023-06-16T18:56:54.978+0000] {dag.py:3490} INFO - Setting next_dagrun for example_params_ui_tutorial to None, run_after=None
[2023-06-16T18:56:55.016+0000] {processor.py:179} INFO - Processing /home/airflow/.local/lib/python3.7/site-packages/airflow/example_dags/example_params_ui_tutorial.py took 0.382 seconds
[2023-06-16T18:57:25.479+0000] {processor.py:157} INFO - Started process (PID=1480) to work on /home/airflow/.local/lib/python3.7/site-packages/airflow/example_dags/example_params_ui_tutorial.py
[2023-06-16T18:57:25.485+0000] {processor.py:826} INFO - Processing file /home/airflow/.local/lib/python3.7/site-packages/airflow/example_dags/example_params_ui_tutorial.py for tasks to queue
[2023-06-16T18:57:25.494+0000] {logging_mixin.py:149} INFO - [2023-06-16T18:57:25.494+0000] {dagbag.py:541} INFO - Filling up the DagBag from /home/airflow/.local/lib/python3.7/site-packages/airflow/example_dags/example_params_ui_tutorial.py
[2023-06-16T18:57:25.640+0000] {processor.py:836} INFO - DAG(s) dict_keys(['example_params_ui_tutorial']) retrieved from /home/airflow/.local/lib/python3.7/site-packages/airflow/example_dags/example_params_ui_tutorial.py
[2023-06-16T18:57:25.957+0000] {logging_mixin.py:149} INFO - [2023-06-16T18:57:25.957+0000] {dag.py:2726} INFO - Sync 1 DAGs
[2023-06-16T18:57:26.037+0000] {logging_mixin.py:149} INFO - [2023-06-16T18:57:26.036+0000] {dag.py:3490} INFO - Setting next_dagrun for example_params_ui_tutorial to None, run_after=None
[2023-06-16T18:57:26.079+0000] {processor.py:179} INFO - Processing /home/airflow/.local/lib/python3.7/site-packages/airflow/example_dags/example_params_ui_tutorial.py took 0.608 seconds
[2023-06-16T18:57:56.224+0000] {processor.py:157} INFO - Started process (PID=1538) to work on /home/airflow/.local/lib/python3.7/site-packages/airflow/example_dags/example_params_ui_tutorial.py
[2023-06-16T18:57:56.227+0000] {processor.py:826} INFO - Processing file /home/airflow/.local/lib/python3.7/site-packages/airflow/example_dags/example_params_ui_tutorial.py for tasks to queue
[2023-06-16T18:57:56.233+0000] {logging_mixin.py:149} INFO - [2023-06-16T18:57:56.233+0000] {dagbag.py:541} INFO - Filling up the DagBag from /home/airflow/.local/lib/python3.7/site-packages/airflow/example_dags/example_params_ui_tutorial.py
[2023-06-16T18:57:56.345+0000] {processor.py:836} INFO - DAG(s) dict_keys(['example_params_ui_tutorial']) retrieved from /home/airflow/.local/lib/python3.7/site-packages/airflow/example_dags/example_params_ui_tutorial.py
[2023-06-16T18:57:56.580+0000] {logging_mixin.py:149} INFO - [2023-06-16T18:57:56.580+0000] {dag.py:2726} INFO - Sync 1 DAGs
[2023-06-16T18:57:56.649+0000] {logging_mixin.py:149} INFO - [2023-06-16T18:57:56.648+0000] {dag.py:3490} INFO - Setting next_dagrun for example_params_ui_tutorial to None, run_after=None
[2023-06-16T18:57:56.697+0000] {processor.py:179} INFO - Processing /home/airflow/.local/lib/python3.7/site-packages/airflow/example_dags/example_params_ui_tutorial.py took 0.485 seconds
[2023-06-16T18:58:26.833+0000] {processor.py:157} INFO - Started process (PID=1595) to work on /home/airflow/.local/lib/python3.7/site-packages/airflow/example_dags/example_params_ui_tutorial.py
[2023-06-16T18:58:26.837+0000] {processor.py:826} INFO - Processing file /home/airflow/.local/lib/python3.7/site-packages/airflow/example_dags/example_params_ui_tutorial.py for tasks to queue
[2023-06-16T18:58:26.840+0000] {logging_mixin.py:149} INFO - [2023-06-16T18:58:26.840+0000] {dagbag.py:541} INFO - Filling up the DagBag from /home/airflow/.local/lib/python3.7/site-packages/airflow/example_dags/example_params_ui_tutorial.py
[2023-06-16T18:58:26.947+0000] {processor.py:836} INFO - DAG(s) dict_keys(['example_params_ui_tutorial']) retrieved from /home/airflow/.local/lib/python3.7/site-packages/airflow/example_dags/example_params_ui_tutorial.py
[2023-06-16T18:58:27.121+0000] {logging_mixin.py:149} INFO - [2023-06-16T18:58:27.120+0000] {dag.py:2726} INFO - Sync 1 DAGs
[2023-06-16T18:58:27.239+0000] {logging_mixin.py:149} INFO - [2023-06-16T18:58:27.239+0000] {dag.py:3490} INFO - Setting next_dagrun for example_params_ui_tutorial to None, run_after=None
[2023-06-16T18:58:27.291+0000] {processor.py:179} INFO - Processing /home/airflow/.local/lib/python3.7/site-packages/airflow/example_dags/example_params_ui_tutorial.py took 0.468 seconds
[2023-06-16T18:58:57.560+0000] {processor.py:157} INFO - Started process (PID=1653) to work on /home/airflow/.local/lib/python3.7/site-packages/airflow/example_dags/example_params_ui_tutorial.py
[2023-06-16T18:58:57.563+0000] {processor.py:826} INFO - Processing file /home/airflow/.local/lib/python3.7/site-packages/airflow/example_dags/example_params_ui_tutorial.py for tasks to queue
[2023-06-16T18:58:57.569+0000] {logging_mixin.py:149} INFO - [2023-06-16T18:58:57.568+0000] {dagbag.py:541} INFO - Filling up the DagBag from /home/airflow/.local/lib/python3.7/site-packages/airflow/example_dags/example_params_ui_tutorial.py
[2023-06-16T18:58:57.671+0000] {processor.py:836} INFO - DAG(s) dict_keys(['example_params_ui_tutorial']) retrieved from /home/airflow/.local/lib/python3.7/site-packages/airflow/example_dags/example_params_ui_tutorial.py
[2023-06-16T18:58:57.822+0000] {logging_mixin.py:149} INFO - [2023-06-16T18:58:57.822+0000] {dag.py:2726} INFO - Sync 1 DAGs
[2023-06-16T18:58:57.875+0000] {logging_mixin.py:149} INFO - [2023-06-16T18:58:57.874+0000] {dag.py:3490} INFO - Setting next_dagrun for example_params_ui_tutorial to None, run_after=None
[2023-06-16T18:58:57.920+0000] {processor.py:179} INFO - Processing /home/airflow/.local/lib/python3.7/site-packages/airflow/example_dags/example_params_ui_tutorial.py took 0.368 seconds
[2023-06-16T18:59:28.215+0000] {processor.py:157} INFO - Started process (PID=1711) to work on /home/airflow/.local/lib/python3.7/site-packages/airflow/example_dags/example_params_ui_tutorial.py
[2023-06-16T18:59:28.218+0000] {processor.py:826} INFO - Processing file /home/airflow/.local/lib/python3.7/site-packages/airflow/example_dags/example_params_ui_tutorial.py for tasks to queue
[2023-06-16T18:59:28.222+0000] {logging_mixin.py:149} INFO - [2023-06-16T18:59:28.221+0000] {dagbag.py:541} INFO - Filling up the DagBag from /home/airflow/.local/lib/python3.7/site-packages/airflow/example_dags/example_params_ui_tutorial.py
[2023-06-16T18:59:28.310+0000] {processor.py:836} INFO - DAG(s) dict_keys(['example_params_ui_tutorial']) retrieved from /home/airflow/.local/lib/python3.7/site-packages/airflow/example_dags/example_params_ui_tutorial.py
[2023-06-16T18:59:28.468+0000] {logging_mixin.py:149} INFO - [2023-06-16T18:59:28.468+0000] {dag.py:2726} INFO - Sync 1 DAGs
[2023-06-16T18:59:28.521+0000] {logging_mixin.py:149} INFO - [2023-06-16T18:59:28.521+0000] {dag.py:3490} INFO - Setting next_dagrun for example_params_ui_tutorial to None, run_after=None
[2023-06-16T18:59:28.559+0000] {processor.py:179} INFO - Processing /home/airflow/.local/lib/python3.7/site-packages/airflow/example_dags/example_params_ui_tutorial.py took 0.352 seconds
[2023-06-16T18:59:58.688+0000] {processor.py:157} INFO - Started process (PID=1768) to work on /home/airflow/.local/lib/python3.7/site-packages/airflow/example_dags/example_params_ui_tutorial.py
[2023-06-16T18:59:58.692+0000] {processor.py:826} INFO - Processing file /home/airflow/.local/lib/python3.7/site-packages/airflow/example_dags/example_params_ui_tutorial.py for tasks to queue
[2023-06-16T18:59:58.699+0000] {logging_mixin.py:149} INFO - [2023-06-16T18:59:58.699+0000] {dagbag.py:541} INFO - Filling up the DagBag from /home/airflow/.local/lib/python3.7/site-packages/airflow/example_dags/example_params_ui_tutorial.py
[2023-06-16T18:59:58.795+0000] {processor.py:836} INFO - DAG(s) dict_keys(['example_params_ui_tutorial']) retrieved from /home/airflow/.local/lib/python3.7/site-packages/airflow/example_dags/example_params_ui_tutorial.py
[2023-06-16T18:59:58.947+0000] {logging_mixin.py:149} INFO - [2023-06-16T18:59:58.946+0000] {dag.py:2726} INFO - Sync 1 DAGs
[2023-06-16T18:59:59.012+0000] {logging_mixin.py:149} INFO - [2023-06-16T18:59:59.012+0000] {dag.py:3490} INFO - Setting next_dagrun for example_params_ui_tutorial to None, run_after=None
[2023-06-16T18:59:59.058+0000] {processor.py:179} INFO - Processing /home/airflow/.local/lib/python3.7/site-packages/airflow/example_dags/example_params_ui_tutorial.py took 0.379 seconds
[2023-06-16T19:00:29.489+0000] {processor.py:157} INFO - Started process (PID=1826) to work on /home/airflow/.local/lib/python3.7/site-packages/airflow/example_dags/example_params_ui_tutorial.py
[2023-06-16T19:00:29.493+0000] {processor.py:826} INFO - Processing file /home/airflow/.local/lib/python3.7/site-packages/airflow/example_dags/example_params_ui_tutorial.py for tasks to queue
[2023-06-16T19:00:29.497+0000] {logging_mixin.py:149} INFO - [2023-06-16T19:00:29.496+0000] {dagbag.py:541} INFO - Filling up the DagBag from /home/airflow/.local/lib/python3.7/site-packages/airflow/example_dags/example_params_ui_tutorial.py
[2023-06-16T19:00:29.605+0000] {processor.py:836} INFO - DAG(s) dict_keys(['example_params_ui_tutorial']) retrieved from /home/airflow/.local/lib/python3.7/site-packages/airflow/example_dags/example_params_ui_tutorial.py
[2023-06-16T19:00:29.731+0000] {logging_mixin.py:149} INFO - [2023-06-16T19:00:29.731+0000] {dag.py:2726} INFO - Sync 1 DAGs
[2023-06-16T19:00:29.783+0000] {logging_mixin.py:149} INFO - [2023-06-16T19:00:29.783+0000] {dag.py:3490} INFO - Setting next_dagrun for example_params_ui_tutorial to None, run_after=None
[2023-06-16T19:00:29.823+0000] {processor.py:179} INFO - Processing /home/airflow/.local/lib/python3.7/site-packages/airflow/example_dags/example_params_ui_tutorial.py took 0.341 seconds
[2023-06-16T19:01:00.087+0000] {processor.py:157} INFO - Started process (PID=1884) to work on /home/airflow/.local/lib/python3.7/site-packages/airflow/example_dags/example_params_ui_tutorial.py
[2023-06-16T19:01:00.091+0000] {processor.py:826} INFO - Processing file /home/airflow/.local/lib/python3.7/site-packages/airflow/example_dags/example_params_ui_tutorial.py for tasks to queue
[2023-06-16T19:01:00.094+0000] {logging_mixin.py:149} INFO - [2023-06-16T19:01:00.093+0000] {dagbag.py:541} INFO - Filling up the DagBag from /home/airflow/.local/lib/python3.7/site-packages/airflow/example_dags/example_params_ui_tutorial.py
[2023-06-16T19:01:00.179+0000] {processor.py:836} INFO - DAG(s) dict_keys(['example_params_ui_tutorial']) retrieved from /home/airflow/.local/lib/python3.7/site-packages/airflow/example_dags/example_params_ui_tutorial.py
[2023-06-16T19:01:00.312+0000] {logging_mixin.py:149} INFO - [2023-06-16T19:01:00.312+0000] {dag.py:2726} INFO - Sync 1 DAGs
[2023-06-16T19:01:00.367+0000] {logging_mixin.py:149} INFO - [2023-06-16T19:01:00.367+0000] {dag.py:3490} INFO - Setting next_dagrun for example_params_ui_tutorial to None, run_after=None
[2023-06-16T19:01:00.408+0000] {processor.py:179} INFO - Processing /home/airflow/.local/lib/python3.7/site-packages/airflow/example_dags/example_params_ui_tutorial.py took 0.329 seconds
[2023-06-16T19:01:30.529+0000] {processor.py:157} INFO - Started process (PID=1941) to work on /home/airflow/.local/lib/python3.7/site-packages/airflow/example_dags/example_params_ui_tutorial.py
[2023-06-16T19:01:30.533+0000] {processor.py:826} INFO - Processing file /home/airflow/.local/lib/python3.7/site-packages/airflow/example_dags/example_params_ui_tutorial.py for tasks to queue
[2023-06-16T19:01:30.536+0000] {logging_mixin.py:149} INFO - [2023-06-16T19:01:30.536+0000] {dagbag.py:541} INFO - Filling up the DagBag from /home/airflow/.local/lib/python3.7/site-packages/airflow/example_dags/example_params_ui_tutorial.py
[2023-06-16T19:01:30.609+0000] {processor.py:836} INFO - DAG(s) dict_keys(['example_params_ui_tutorial']) retrieved from /home/airflow/.local/lib/python3.7/site-packages/airflow/example_dags/example_params_ui_tutorial.py
[2023-06-16T19:01:30.735+0000] {logging_mixin.py:149} INFO - [2023-06-16T19:01:30.734+0000] {dag.py:2726} INFO - Sync 1 DAGs
[2023-06-16T19:01:30.780+0000] {logging_mixin.py:149} INFO - [2023-06-16T19:01:30.780+0000] {dag.py:3490} INFO - Setting next_dagrun for example_params_ui_tutorial to None, run_after=None
[2023-06-16T19:01:30.818+0000] {processor.py:179} INFO - Processing /home/airflow/.local/lib/python3.7/site-packages/airflow/example_dags/example_params_ui_tutorial.py took 0.298 seconds
[2023-06-16T19:02:01.008+0000] {processor.py:157} INFO - Started process (PID=1998) to work on /home/airflow/.local/lib/python3.7/site-packages/airflow/example_dags/example_params_ui_tutorial.py
[2023-06-16T19:02:01.012+0000] {processor.py:826} INFO - Processing file /home/airflow/.local/lib/python3.7/site-packages/airflow/example_dags/example_params_ui_tutorial.py for tasks to queue
[2023-06-16T19:02:01.015+0000] {logging_mixin.py:149} INFO - [2023-06-16T19:02:01.015+0000] {dagbag.py:541} INFO - Filling up the DagBag from /home/airflow/.local/lib/python3.7/site-packages/airflow/example_dags/example_params_ui_tutorial.py
[2023-06-16T19:02:01.091+0000] {processor.py:836} INFO - DAG(s) dict_keys(['example_params_ui_tutorial']) retrieved from /home/airflow/.local/lib/python3.7/site-packages/airflow/example_dags/example_params_ui_tutorial.py
[2023-06-16T19:02:01.210+0000] {logging_mixin.py:149} INFO - [2023-06-16T19:02:01.210+0000] {dag.py:2726} INFO - Sync 1 DAGs
[2023-06-16T19:02:01.263+0000] {logging_mixin.py:149} INFO - [2023-06-16T19:02:01.263+0000] {dag.py:3490} INFO - Setting next_dagrun for example_params_ui_tutorial to None, run_after=None
[2023-06-16T19:02:01.303+0000] {processor.py:179} INFO - Processing /home/airflow/.local/lib/python3.7/site-packages/airflow/example_dags/example_params_ui_tutorial.py took 0.303 seconds
[2023-06-16T19:02:31.531+0000] {processor.py:157} INFO - Started process (PID=2055) to work on /home/airflow/.local/lib/python3.7/site-packages/airflow/example_dags/example_params_ui_tutorial.py
[2023-06-16T19:02:31.535+0000] {processor.py:826} INFO - Processing file /home/airflow/.local/lib/python3.7/site-packages/airflow/example_dags/example_params_ui_tutorial.py for tasks to queue
[2023-06-16T19:02:31.538+0000] {logging_mixin.py:149} INFO - [2023-06-16T19:02:31.538+0000] {dagbag.py:541} INFO - Filling up the DagBag from /home/airflow/.local/lib/python3.7/site-packages/airflow/example_dags/example_params_ui_tutorial.py
[2023-06-16T19:02:31.630+0000] {processor.py:836} INFO - DAG(s) dict_keys(['example_params_ui_tutorial']) retrieved from /home/airflow/.local/lib/python3.7/site-packages/airflow/example_dags/example_params_ui_tutorial.py
[2023-06-16T19:02:31.758+0000] {logging_mixin.py:149} INFO - [2023-06-16T19:02:31.757+0000] {dag.py:2726} INFO - Sync 1 DAGs
[2023-06-16T19:02:31.810+0000] {logging_mixin.py:149} INFO - [2023-06-16T19:02:31.809+0000] {dag.py:3490} INFO - Setting next_dagrun for example_params_ui_tutorial to None, run_after=None
[2023-06-16T19:02:31.849+0000] {processor.py:179} INFO - Processing /home/airflow/.local/lib/python3.7/site-packages/airflow/example_dags/example_params_ui_tutorial.py took 0.327 seconds
[2023-06-16T19:03:02.001+0000] {processor.py:157} INFO - Started process (PID=2113) to work on /home/airflow/.local/lib/python3.7/site-packages/airflow/example_dags/example_params_ui_tutorial.py
[2023-06-16T19:03:02.005+0000] {processor.py:826} INFO - Processing file /home/airflow/.local/lib/python3.7/site-packages/airflow/example_dags/example_params_ui_tutorial.py for tasks to queue
[2023-06-16T19:03:02.008+0000] {logging_mixin.py:149} INFO - [2023-06-16T19:03:02.008+0000] {dagbag.py:541} INFO - Filling up the DagBag from /home/airflow/.local/lib/python3.7/site-packages/airflow/example_dags/example_params_ui_tutorial.py
[2023-06-16T19:03:02.079+0000] {processor.py:836} INFO - DAG(s) dict_keys(['example_params_ui_tutorial']) retrieved from /home/airflow/.local/lib/python3.7/site-packages/airflow/example_dags/example_params_ui_tutorial.py
[2023-06-16T19:03:02.186+0000] {logging_mixin.py:149} INFO - [2023-06-16T19:03:02.186+0000] {dag.py:2726} INFO - Sync 1 DAGs
[2023-06-16T19:03:02.237+0000] {logging_mixin.py:149} INFO - [2023-06-16T19:03:02.237+0000] {dag.py:3490} INFO - Setting next_dagrun for example_params_ui_tutorial to None, run_after=None
[2023-06-16T19:03:02.280+0000] {processor.py:179} INFO - Processing /home/airflow/.local/lib/python3.7/site-packages/airflow/example_dags/example_params_ui_tutorial.py took 0.288 seconds
[2023-06-16T19:03:32.520+0000] {processor.py:157} INFO - Started process (PID=2170) to work on /home/airflow/.local/lib/python3.7/site-packages/airflow/example_dags/example_params_ui_tutorial.py
[2023-06-16T19:03:32.523+0000] {processor.py:826} INFO - Processing file /home/airflow/.local/lib/python3.7/site-packages/airflow/example_dags/example_params_ui_tutorial.py for tasks to queue
[2023-06-16T19:03:32.526+0000] {logging_mixin.py:149} INFO - [2023-06-16T19:03:32.526+0000] {dagbag.py:541} INFO - Filling up the DagBag from /home/airflow/.local/lib/python3.7/site-packages/airflow/example_dags/example_params_ui_tutorial.py
[2023-06-16T19:03:32.621+0000] {processor.py:836} INFO - DAG(s) dict_keys(['example_params_ui_tutorial']) retrieved from /home/airflow/.local/lib/python3.7/site-packages/airflow/example_dags/example_params_ui_tutorial.py
[2023-06-16T19:03:32.765+0000] {logging_mixin.py:149} INFO - [2023-06-16T19:03:32.764+0000] {dag.py:2726} INFO - Sync 1 DAGs
[2023-06-16T19:03:32.822+0000] {logging_mixin.py:149} INFO - [2023-06-16T19:03:32.822+0000] {dag.py:3490} INFO - Setting next_dagrun for example_params_ui_tutorial to None, run_after=None
[2023-06-16T19:03:32.862+0000] {processor.py:179} INFO - Processing /home/airflow/.local/lib/python3.7/site-packages/airflow/example_dags/example_params_ui_tutorial.py took 0.353 seconds
[2023-06-16T19:04:04.092+0000] {processor.py:157} INFO - Started process (PID=2226) to work on /home/airflow/.local/lib/python3.7/site-packages/airflow/example_dags/example_params_ui_tutorial.py
[2023-06-16T19:04:04.096+0000] {processor.py:826} INFO - Processing file /home/airflow/.local/lib/python3.7/site-packages/airflow/example_dags/example_params_ui_tutorial.py for tasks to queue
[2023-06-16T19:04:04.100+0000] {logging_mixin.py:149} INFO - [2023-06-16T19:04:04.100+0000] {dagbag.py:541} INFO - Filling up the DagBag from /home/airflow/.local/lib/python3.7/site-packages/airflow/example_dags/example_params_ui_tutorial.py
[2023-06-16T19:04:04.208+0000] {processor.py:836} INFO - DAG(s) dict_keys(['example_params_ui_tutorial']) retrieved from /home/airflow/.local/lib/python3.7/site-packages/airflow/example_dags/example_params_ui_tutorial.py
[2023-06-16T19:04:04.383+0000] {logging_mixin.py:149} INFO - [2023-06-16T19:04:04.383+0000] {dag.py:2726} INFO - Sync 1 DAGs
[2023-06-16T19:04:04.454+0000] {logging_mixin.py:149} INFO - [2023-06-16T19:04:04.453+0000] {dag.py:3490} INFO - Setting next_dagrun for example_params_ui_tutorial to None, run_after=None
[2023-06-16T19:04:04.499+0000] {processor.py:179} INFO - Processing /home/airflow/.local/lib/python3.7/site-packages/airflow/example_dags/example_params_ui_tutorial.py took 0.415 seconds
[2023-06-16T19:04:35.158+0000] {processor.py:157} INFO - Started process (PID=2284) to work on /home/airflow/.local/lib/python3.7/site-packages/airflow/example_dags/example_params_ui_tutorial.py
[2023-06-16T19:04:35.161+0000] {processor.py:826} INFO - Processing file /home/airflow/.local/lib/python3.7/site-packages/airflow/example_dags/example_params_ui_tutorial.py for tasks to queue
[2023-06-16T19:04:35.165+0000] {logging_mixin.py:149} INFO - [2023-06-16T19:04:35.165+0000] {dagbag.py:541} INFO - Filling up the DagBag from /home/airflow/.local/lib/python3.7/site-packages/airflow/example_dags/example_params_ui_tutorial.py
[2023-06-16T19:04:35.276+0000] {processor.py:836} INFO - DAG(s) dict_keys(['example_params_ui_tutorial']) retrieved from /home/airflow/.local/lib/python3.7/site-packages/airflow/example_dags/example_params_ui_tutorial.py
[2023-06-16T19:04:35.459+0000] {logging_mixin.py:149} INFO - [2023-06-16T19:04:35.459+0000] {dag.py:2726} INFO - Sync 1 DAGs
[2023-06-16T19:04:35.519+0000] {logging_mixin.py:149} INFO - [2023-06-16T19:04:35.519+0000] {dag.py:3490} INFO - Setting next_dagrun for example_params_ui_tutorial to None, run_after=None
[2023-06-16T19:04:35.562+0000] {processor.py:179} INFO - Processing /home/airflow/.local/lib/python3.7/site-packages/airflow/example_dags/example_params_ui_tutorial.py took 0.413 seconds
[2023-06-16T19:05:05.884+0000] {processor.py:157} INFO - Started process (PID=2339) to work on /home/airflow/.local/lib/python3.7/site-packages/airflow/example_dags/example_params_ui_tutorial.py
[2023-06-16T19:05:05.890+0000] {processor.py:826} INFO - Processing file /home/airflow/.local/lib/python3.7/site-packages/airflow/example_dags/example_params_ui_tutorial.py for tasks to queue
[2023-06-16T19:05:05.893+0000] {logging_mixin.py:149} INFO - [2023-06-16T19:05:05.893+0000] {dagbag.py:541} INFO - Filling up the DagBag from /home/airflow/.local/lib/python3.7/site-packages/airflow/example_dags/example_params_ui_tutorial.py
[2023-06-16T19:05:06.040+0000] {processor.py:836} INFO - DAG(s) dict_keys(['example_params_ui_tutorial']) retrieved from /home/airflow/.local/lib/python3.7/site-packages/airflow/example_dags/example_params_ui_tutorial.py
[2023-06-16T19:05:06.169+0000] {logging_mixin.py:149} INFO - [2023-06-16T19:05:06.169+0000] {dag.py:2726} INFO - Sync 1 DAGs
[2023-06-16T19:05:06.224+0000] {logging_mixin.py:149} INFO - [2023-06-16T19:05:06.224+0000] {dag.py:3490} INFO - Setting next_dagrun for example_params_ui_tutorial to None, run_after=None
[2023-06-16T19:05:06.264+0000] {processor.py:179} INFO - Processing /home/airflow/.local/lib/python3.7/site-packages/airflow/example_dags/example_params_ui_tutorial.py took 0.395 seconds
[2023-06-16T19:05:37.272+0000] {processor.py:157} INFO - Started process (PID=2393) to work on /home/airflow/.local/lib/python3.7/site-packages/airflow/example_dags/example_params_ui_tutorial.py
[2023-06-16T19:05:37.277+0000] {processor.py:826} INFO - Processing file /home/airflow/.local/lib/python3.7/site-packages/airflow/example_dags/example_params_ui_tutorial.py for tasks to queue
[2023-06-16T19:05:37.280+0000] {logging_mixin.py:149} INFO - [2023-06-16T19:05:37.280+0000] {dagbag.py:541} INFO - Filling up the DagBag from /home/airflow/.local/lib/python3.7/site-packages/airflow/example_dags/example_params_ui_tutorial.py
[2023-06-16T19:05:37.391+0000] {processor.py:836} INFO - DAG(s) dict_keys(['example_params_ui_tutorial']) retrieved from /home/airflow/.local/lib/python3.7/site-packages/airflow/example_dags/example_params_ui_tutorial.py
[2023-06-16T19:05:37.572+0000] {logging_mixin.py:149} INFO - [2023-06-16T19:05:37.572+0000] {dag.py:2726} INFO - Sync 1 DAGs
[2023-06-16T19:05:37.637+0000] {logging_mixin.py:149} INFO - [2023-06-16T19:05:37.637+0000] {dag.py:3490} INFO - Setting next_dagrun for example_params_ui_tutorial to None, run_after=None
[2023-06-16T19:05:37.687+0000] {processor.py:179} INFO - Processing /home/airflow/.local/lib/python3.7/site-packages/airflow/example_dags/example_params_ui_tutorial.py took 0.424 seconds
[2023-06-16T19:06:07.788+0000] {processor.py:157} INFO - Started process (PID=2450) to work on /home/airflow/.local/lib/python3.7/site-packages/airflow/example_dags/example_params_ui_tutorial.py
[2023-06-16T19:06:07.791+0000] {processor.py:826} INFO - Processing file /home/airflow/.local/lib/python3.7/site-packages/airflow/example_dags/example_params_ui_tutorial.py for tasks to queue
[2023-06-16T19:06:07.796+0000] {logging_mixin.py:149} INFO - [2023-06-16T19:06:07.795+0000] {dagbag.py:541} INFO - Filling up the DagBag from /home/airflow/.local/lib/python3.7/site-packages/airflow/example_dags/example_params_ui_tutorial.py
[2023-06-16T19:06:07.906+0000] {processor.py:836} INFO - DAG(s) dict_keys(['example_params_ui_tutorial']) retrieved from /home/airflow/.local/lib/python3.7/site-packages/airflow/example_dags/example_params_ui_tutorial.py
[2023-06-16T19:06:08.088+0000] {logging_mixin.py:149} INFO - [2023-06-16T19:06:08.088+0000] {dag.py:2726} INFO - Sync 1 DAGs
[2023-06-16T19:06:08.172+0000] {logging_mixin.py:149} INFO - [2023-06-16T19:06:08.171+0000] {dag.py:3490} INFO - Setting next_dagrun for example_params_ui_tutorial to None, run_after=None
[2023-06-16T19:06:08.221+0000] {processor.py:179} INFO - Processing /home/airflow/.local/lib/python3.7/site-packages/airflow/example_dags/example_params_ui_tutorial.py took 0.446 seconds
[2023-06-16T19:06:38.621+0000] {processor.py:157} INFO - Started process (PID=2507) to work on /home/airflow/.local/lib/python3.7/site-packages/airflow/example_dags/example_params_ui_tutorial.py
[2023-06-16T19:06:38.626+0000] {processor.py:826} INFO - Processing file /home/airflow/.local/lib/python3.7/site-packages/airflow/example_dags/example_params_ui_tutorial.py for tasks to queue
[2023-06-16T19:06:38.636+0000] {logging_mixin.py:149} INFO - [2023-06-16T19:06:38.636+0000] {dagbag.py:541} INFO - Filling up the DagBag from /home/airflow/.local/lib/python3.7/site-packages/airflow/example_dags/example_params_ui_tutorial.py
[2023-06-16T19:06:38.734+0000] {processor.py:836} INFO - DAG(s) dict_keys(['example_params_ui_tutorial']) retrieved from /home/airflow/.local/lib/python3.7/site-packages/airflow/example_dags/example_params_ui_tutorial.py
[2023-06-16T19:06:38.898+0000] {logging_mixin.py:149} INFO - [2023-06-16T19:06:38.897+0000] {dag.py:2726} INFO - Sync 1 DAGs
[2023-06-16T19:06:38.961+0000] {logging_mixin.py:149} INFO - [2023-06-16T19:06:38.960+0000] {dag.py:3490} INFO - Setting next_dagrun for example_params_ui_tutorial to None, run_after=None
[2023-06-16T19:06:39.009+0000] {processor.py:179} INFO - Processing /home/airflow/.local/lib/python3.7/site-packages/airflow/example_dags/example_params_ui_tutorial.py took 0.395 seconds
[2023-06-16T19:07:09.076+0000] {processor.py:157} INFO - Started process (PID=2564) to work on /home/airflow/.local/lib/python3.7/site-packages/airflow/example_dags/example_params_ui_tutorial.py
[2023-06-16T19:07:09.081+0000] {processor.py:826} INFO - Processing file /home/airflow/.local/lib/python3.7/site-packages/airflow/example_dags/example_params_ui_tutorial.py for tasks to queue
[2023-06-16T19:07:09.087+0000] {logging_mixin.py:149} INFO - [2023-06-16T19:07:09.086+0000] {dagbag.py:541} INFO - Filling up the DagBag from /home/airflow/.local/lib/python3.7/site-packages/airflow/example_dags/example_params_ui_tutorial.py
[2023-06-16T19:07:09.193+0000] {processor.py:836} INFO - DAG(s) dict_keys(['example_params_ui_tutorial']) retrieved from /home/airflow/.local/lib/python3.7/site-packages/airflow/example_dags/example_params_ui_tutorial.py
[2023-06-16T19:07:09.358+0000] {logging_mixin.py:149} INFO - [2023-06-16T19:07:09.357+0000] {dag.py:2726} INFO - Sync 1 DAGs
[2023-06-16T19:07:09.436+0000] {logging_mixin.py:149} INFO - [2023-06-16T19:07:09.436+0000] {dag.py:3490} INFO - Setting next_dagrun for example_params_ui_tutorial to None, run_after=None
[2023-06-16T19:07:09.487+0000] {processor.py:179} INFO - Processing /home/airflow/.local/lib/python3.7/site-packages/airflow/example_dags/example_params_ui_tutorial.py took 0.423 seconds
[2023-06-16T19:07:39.813+0000] {processor.py:157} INFO - Started process (PID=2621) to work on /home/airflow/.local/lib/python3.7/site-packages/airflow/example_dags/example_params_ui_tutorial.py
[2023-06-16T19:07:39.818+0000] {processor.py:826} INFO - Processing file /home/airflow/.local/lib/python3.7/site-packages/airflow/example_dags/example_params_ui_tutorial.py for tasks to queue
[2023-06-16T19:07:39.823+0000] {logging_mixin.py:149} INFO - [2023-06-16T19:07:39.823+0000] {dagbag.py:541} INFO - Filling up the DagBag from /home/airflow/.local/lib/python3.7/site-packages/airflow/example_dags/example_params_ui_tutorial.py
[2023-06-16T19:07:39.959+0000] {processor.py:836} INFO - DAG(s) dict_keys(['example_params_ui_tutorial']) retrieved from /home/airflow/.local/lib/python3.7/site-packages/airflow/example_dags/example_params_ui_tutorial.py
[2023-06-16T19:07:40.166+0000] {logging_mixin.py:149} INFO - [2023-06-16T19:07:40.165+0000] {dag.py:2726} INFO - Sync 1 DAGs
[2023-06-16T19:07:40.236+0000] {logging_mixin.py:149} INFO - [2023-06-16T19:07:40.236+0000] {dag.py:3490} INFO - Setting next_dagrun for example_params_ui_tutorial to None, run_after=None
[2023-06-16T19:07:40.300+0000] {processor.py:179} INFO - Processing /home/airflow/.local/lib/python3.7/site-packages/airflow/example_dags/example_params_ui_tutorial.py took 0.500 seconds
[2023-06-16T19:08:10.435+0000] {processor.py:157} INFO - Started process (PID=2677) to work on /home/airflow/.local/lib/python3.7/site-packages/airflow/example_dags/example_params_ui_tutorial.py
[2023-06-16T19:08:10.441+0000] {processor.py:826} INFO - Processing file /home/airflow/.local/lib/python3.7/site-packages/airflow/example_dags/example_params_ui_tutorial.py for tasks to queue
[2023-06-16T19:08:10.444+0000] {logging_mixin.py:149} INFO - [2023-06-16T19:08:10.444+0000] {dagbag.py:541} INFO - Filling up the DagBag from /home/airflow/.local/lib/python3.7/site-packages/airflow/example_dags/example_params_ui_tutorial.py
[2023-06-16T19:08:10.555+0000] {processor.py:836} INFO - DAG(s) dict_keys(['example_params_ui_tutorial']) retrieved from /home/airflow/.local/lib/python3.7/site-packages/airflow/example_dags/example_params_ui_tutorial.py
[2023-06-16T19:08:10.723+0000] {logging_mixin.py:149} INFO - [2023-06-16T19:08:10.722+0000] {dag.py:2726} INFO - Sync 1 DAGs
[2023-06-16T19:08:10.784+0000] {logging_mixin.py:149} INFO - [2023-06-16T19:08:10.784+0000] {dag.py:3490} INFO - Setting next_dagrun for example_params_ui_tutorial to None, run_after=None
[2023-06-16T19:08:10.827+0000] {processor.py:179} INFO - Processing /home/airflow/.local/lib/python3.7/site-packages/airflow/example_dags/example_params_ui_tutorial.py took 0.402 seconds
[2023-06-16T19:08:40.950+0000] {processor.py:157} INFO - Started process (PID=2734) to work on /home/airflow/.local/lib/python3.7/site-packages/airflow/example_dags/example_params_ui_tutorial.py
[2023-06-16T19:08:40.955+0000] {processor.py:826} INFO - Processing file /home/airflow/.local/lib/python3.7/site-packages/airflow/example_dags/example_params_ui_tutorial.py for tasks to queue
[2023-06-16T19:08:40.960+0000] {logging_mixin.py:149} INFO - [2023-06-16T19:08:40.960+0000] {dagbag.py:541} INFO - Filling up the DagBag from /home/airflow/.local/lib/python3.7/site-packages/airflow/example_dags/example_params_ui_tutorial.py
[2023-06-16T19:08:41.117+0000] {processor.py:836} INFO - DAG(s) dict_keys(['example_params_ui_tutorial']) retrieved from /home/airflow/.local/lib/python3.7/site-packages/airflow/example_dags/example_params_ui_tutorial.py
[2023-06-16T19:08:41.287+0000] {logging_mixin.py:149} INFO - [2023-06-16T19:08:41.286+0000] {dag.py:2726} INFO - Sync 1 DAGs
[2023-06-16T19:08:41.351+0000] {logging_mixin.py:149} INFO - [2023-06-16T19:08:41.351+0000] {dag.py:3490} INFO - Setting next_dagrun for example_params_ui_tutorial to None, run_after=None
[2023-06-16T19:08:41.397+0000] {processor.py:179} INFO - Processing /home/airflow/.local/lib/python3.7/site-packages/airflow/example_dags/example_params_ui_tutorial.py took 0.457 seconds
[2023-06-16T19:09:11.639+0000] {processor.py:157} INFO - Started process (PID=2791) to work on /home/airflow/.local/lib/python3.7/site-packages/airflow/example_dags/example_params_ui_tutorial.py
[2023-06-16T19:09:11.649+0000] {processor.py:826} INFO - Processing file /home/airflow/.local/lib/python3.7/site-packages/airflow/example_dags/example_params_ui_tutorial.py for tasks to queue
[2023-06-16T19:09:11.654+0000] {logging_mixin.py:149} INFO - [2023-06-16T19:09:11.654+0000] {dagbag.py:541} INFO - Filling up the DagBag from /home/airflow/.local/lib/python3.7/site-packages/airflow/example_dags/example_params_ui_tutorial.py
[2023-06-16T19:09:12.046+0000] {processor.py:836} INFO - DAG(s) dict_keys(['example_params_ui_tutorial']) retrieved from /home/airflow/.local/lib/python3.7/site-packages/airflow/example_dags/example_params_ui_tutorial.py
[2023-06-16T19:09:12.495+0000] {logging_mixin.py:149} INFO - [2023-06-16T19:09:12.495+0000] {dag.py:2726} INFO - Sync 1 DAGs
[2023-06-16T19:09:12.611+0000] {logging_mixin.py:149} INFO - [2023-06-16T19:09:12.611+0000] {dag.py:3490} INFO - Setting next_dagrun for example_params_ui_tutorial to None, run_after=None
[2023-06-16T19:09:12.684+0000] {processor.py:179} INFO - Processing /home/airflow/.local/lib/python3.7/site-packages/airflow/example_dags/example_params_ui_tutorial.py took 1.065 seconds
[2023-06-16T19:09:42.835+0000] {processor.py:157} INFO - Started process (PID=2849) to work on /home/airflow/.local/lib/python3.7/site-packages/airflow/example_dags/example_params_ui_tutorial.py
[2023-06-16T19:09:42.840+0000] {processor.py:826} INFO - Processing file /home/airflow/.local/lib/python3.7/site-packages/airflow/example_dags/example_params_ui_tutorial.py for tasks to queue
[2023-06-16T19:09:42.844+0000] {logging_mixin.py:149} INFO - [2023-06-16T19:09:42.843+0000] {dagbag.py:541} INFO - Filling up the DagBag from /home/airflow/.local/lib/python3.7/site-packages/airflow/example_dags/example_params_ui_tutorial.py
[2023-06-16T19:09:42.922+0000] {processor.py:836} INFO - DAG(s) dict_keys(['example_params_ui_tutorial']) retrieved from /home/airflow/.local/lib/python3.7/site-packages/airflow/example_dags/example_params_ui_tutorial.py
[2023-06-16T19:09:43.049+0000] {logging_mixin.py:149} INFO - [2023-06-16T19:09:43.049+0000] {dag.py:2726} INFO - Sync 1 DAGs
[2023-06-16T19:09:43.102+0000] {logging_mixin.py:149} INFO - [2023-06-16T19:09:43.101+0000] {dag.py:3490} INFO - Setting next_dagrun for example_params_ui_tutorial to None, run_after=None
[2023-06-16T19:09:43.143+0000] {processor.py:179} INFO - Processing /home/airflow/.local/lib/python3.7/site-packages/airflow/example_dags/example_params_ui_tutorial.py took 0.316 seconds
[2023-06-16T19:10:13.251+0000] {processor.py:157} INFO - Started process (PID=2906) to work on /home/airflow/.local/lib/python3.7/site-packages/airflow/example_dags/example_params_ui_tutorial.py
[2023-06-16T19:10:13.254+0000] {processor.py:826} INFO - Processing file /home/airflow/.local/lib/python3.7/site-packages/airflow/example_dags/example_params_ui_tutorial.py for tasks to queue
[2023-06-16T19:10:13.257+0000] {logging_mixin.py:149} INFO - [2023-06-16T19:10:13.257+0000] {dagbag.py:541} INFO - Filling up the DagBag from /home/airflow/.local/lib/python3.7/site-packages/airflow/example_dags/example_params_ui_tutorial.py
[2023-06-16T19:10:13.336+0000] {processor.py:836} INFO - DAG(s) dict_keys(['example_params_ui_tutorial']) retrieved from /home/airflow/.local/lib/python3.7/site-packages/airflow/example_dags/example_params_ui_tutorial.py
[2023-06-16T19:10:13.466+0000] {logging_mixin.py:149} INFO - [2023-06-16T19:10:13.466+0000] {dag.py:2726} INFO - Sync 1 DAGs
[2023-06-16T19:10:13.516+0000] {logging_mixin.py:149} INFO - [2023-06-16T19:10:13.516+0000] {dag.py:3490} INFO - Setting next_dagrun for example_params_ui_tutorial to None, run_after=None
[2023-06-16T19:10:13.557+0000] {processor.py:179} INFO - Processing /home/airflow/.local/lib/python3.7/site-packages/airflow/example_dags/example_params_ui_tutorial.py took 0.314 seconds
[2023-06-16T19:10:43.622+0000] {processor.py:157} INFO - Started process (PID=2962) to work on /home/airflow/.local/lib/python3.7/site-packages/airflow/example_dags/example_params_ui_tutorial.py
[2023-06-16T19:10:43.629+0000] {processor.py:826} INFO - Processing file /home/airflow/.local/lib/python3.7/site-packages/airflow/example_dags/example_params_ui_tutorial.py for tasks to queue
[2023-06-16T19:10:43.633+0000] {logging_mixin.py:149} INFO - [2023-06-16T19:10:43.633+0000] {dagbag.py:541} INFO - Filling up the DagBag from /home/airflow/.local/lib/python3.7/site-packages/airflow/example_dags/example_params_ui_tutorial.py
[2023-06-16T19:10:43.791+0000] {processor.py:836} INFO - DAG(s) dict_keys(['example_params_ui_tutorial']) retrieved from /home/airflow/.local/lib/python3.7/site-packages/airflow/example_dags/example_params_ui_tutorial.py
[2023-06-16T19:10:43.981+0000] {logging_mixin.py:149} INFO - [2023-06-16T19:10:43.980+0000] {dag.py:2726} INFO - Sync 1 DAGs
[2023-06-16T19:10:44.048+0000] {logging_mixin.py:149} INFO - [2023-06-16T19:10:44.048+0000] {dag.py:3490} INFO - Setting next_dagrun for example_params_ui_tutorial to None, run_after=None
[2023-06-16T19:10:44.094+0000] {processor.py:179} INFO - Processing /home/airflow/.local/lib/python3.7/site-packages/airflow/example_dags/example_params_ui_tutorial.py took 0.485 seconds
[2023-06-16T19:11:14.368+0000] {processor.py:157} INFO - Started process (PID=3020) to work on /home/airflow/.local/lib/python3.7/site-packages/airflow/example_dags/example_params_ui_tutorial.py
[2023-06-16T19:11:14.371+0000] {processor.py:826} INFO - Processing file /home/airflow/.local/lib/python3.7/site-packages/airflow/example_dags/example_params_ui_tutorial.py for tasks to queue
[2023-06-16T19:11:14.375+0000] {logging_mixin.py:149} INFO - [2023-06-16T19:11:14.375+0000] {dagbag.py:541} INFO - Filling up the DagBag from /home/airflow/.local/lib/python3.7/site-packages/airflow/example_dags/example_params_ui_tutorial.py
[2023-06-16T19:11:14.471+0000] {processor.py:836} INFO - DAG(s) dict_keys(['example_params_ui_tutorial']) retrieved from /home/airflow/.local/lib/python3.7/site-packages/airflow/example_dags/example_params_ui_tutorial.py
[2023-06-16T19:11:14.635+0000] {logging_mixin.py:149} INFO - [2023-06-16T19:11:14.635+0000] {dag.py:2726} INFO - Sync 1 DAGs
[2023-06-16T19:11:14.692+0000] {logging_mixin.py:149} INFO - [2023-06-16T19:11:14.691+0000] {dag.py:3490} INFO - Setting next_dagrun for example_params_ui_tutorial to None, run_after=None
[2023-06-16T19:11:14.734+0000] {processor.py:179} INFO - Processing /home/airflow/.local/lib/python3.7/site-packages/airflow/example_dags/example_params_ui_tutorial.py took 0.375 seconds
[2023-06-16T19:11:44.806+0000] {processor.py:157} INFO - Started process (PID=3077) to work on /home/airflow/.local/lib/python3.7/site-packages/airflow/example_dags/example_params_ui_tutorial.py
[2023-06-16T19:11:44.810+0000] {processor.py:826} INFO - Processing file /home/airflow/.local/lib/python3.7/site-packages/airflow/example_dags/example_params_ui_tutorial.py for tasks to queue
[2023-06-16T19:11:44.814+0000] {logging_mixin.py:149} INFO - [2023-06-16T19:11:44.814+0000] {dagbag.py:541} INFO - Filling up the DagBag from /home/airflow/.local/lib/python3.7/site-packages/airflow/example_dags/example_params_ui_tutorial.py
[2023-06-16T19:11:44.920+0000] {processor.py:836} INFO - DAG(s) dict_keys(['example_params_ui_tutorial']) retrieved from /home/airflow/.local/lib/python3.7/site-packages/airflow/example_dags/example_params_ui_tutorial.py
[2023-06-16T19:11:45.144+0000] {logging_mixin.py:149} INFO - [2023-06-16T19:11:45.143+0000] {dag.py:2726} INFO - Sync 1 DAGs
[2023-06-16T19:11:45.253+0000] {logging_mixin.py:149} INFO - [2023-06-16T19:11:45.252+0000] {dag.py:3490} INFO - Setting next_dagrun for example_params_ui_tutorial to None, run_after=None
[2023-06-16T19:11:45.296+0000] {processor.py:179} INFO - Processing /home/airflow/.local/lib/python3.7/site-packages/airflow/example_dags/example_params_ui_tutorial.py took 0.500 seconds
[2023-06-16T19:12:15.536+0000] {processor.py:157} INFO - Started process (PID=3136) to work on /home/airflow/.local/lib/python3.7/site-packages/airflow/example_dags/example_params_ui_tutorial.py
[2023-06-16T19:12:15.541+0000] {processor.py:826} INFO - Processing file /home/airflow/.local/lib/python3.7/site-packages/airflow/example_dags/example_params_ui_tutorial.py for tasks to queue
[2023-06-16T19:12:15.545+0000] {logging_mixin.py:149} INFO - [2023-06-16T19:12:15.545+0000] {dagbag.py:541} INFO - Filling up the DagBag from /home/airflow/.local/lib/python3.7/site-packages/airflow/example_dags/example_params_ui_tutorial.py
[2023-06-16T19:12:15.636+0000] {processor.py:836} INFO - DAG(s) dict_keys(['example_params_ui_tutorial']) retrieved from /home/airflow/.local/lib/python3.7/site-packages/airflow/example_dags/example_params_ui_tutorial.py
[2023-06-16T19:12:15.770+0000] {logging_mixin.py:149} INFO - [2023-06-16T19:12:15.770+0000] {dag.py:2726} INFO - Sync 1 DAGs
[2023-06-16T19:12:15.822+0000] {logging_mixin.py:149} INFO - [2023-06-16T19:12:15.821+0000] {dag.py:3490} INFO - Setting next_dagrun for example_params_ui_tutorial to None, run_after=None
[2023-06-16T19:12:15.868+0000] {processor.py:179} INFO - Processing /home/airflow/.local/lib/python3.7/site-packages/airflow/example_dags/example_params_ui_tutorial.py took 0.341 seconds
[2023-06-16T19:12:46.560+0000] {processor.py:157} INFO - Started process (PID=3193) to work on /home/airflow/.local/lib/python3.7/site-packages/airflow/example_dags/example_params_ui_tutorial.py
[2023-06-16T19:12:46.564+0000] {processor.py:826} INFO - Processing file /home/airflow/.local/lib/python3.7/site-packages/airflow/example_dags/example_params_ui_tutorial.py for tasks to queue
[2023-06-16T19:12:46.568+0000] {logging_mixin.py:149} INFO - [2023-06-16T19:12:46.568+0000] {dagbag.py:541} INFO - Filling up the DagBag from /home/airflow/.local/lib/python3.7/site-packages/airflow/example_dags/example_params_ui_tutorial.py
[2023-06-16T19:12:46.652+0000] {processor.py:836} INFO - DAG(s) dict_keys(['example_params_ui_tutorial']) retrieved from /home/airflow/.local/lib/python3.7/site-packages/airflow/example_dags/example_params_ui_tutorial.py
[2023-06-16T19:12:46.785+0000] {logging_mixin.py:149} INFO - [2023-06-16T19:12:46.784+0000] {dag.py:2726} INFO - Sync 1 DAGs
[2023-06-16T19:12:46.857+0000] {logging_mixin.py:149} INFO - [2023-06-16T19:12:46.856+0000] {dag.py:3490} INFO - Setting next_dagrun for example_params_ui_tutorial to None, run_after=None
[2023-06-16T19:12:46.909+0000] {processor.py:179} INFO - Processing /home/airflow/.local/lib/python3.7/site-packages/airflow/example_dags/example_params_ui_tutorial.py took 0.359 seconds
[2023-06-16T19:13:17.139+0000] {processor.py:157} INFO - Started process (PID=3250) to work on /home/airflow/.local/lib/python3.7/site-packages/airflow/example_dags/example_params_ui_tutorial.py
[2023-06-16T19:13:17.143+0000] {processor.py:826} INFO - Processing file /home/airflow/.local/lib/python3.7/site-packages/airflow/example_dags/example_params_ui_tutorial.py for tasks to queue
[2023-06-16T19:13:17.149+0000] {logging_mixin.py:149} INFO - [2023-06-16T19:13:17.148+0000] {dagbag.py:541} INFO - Filling up the DagBag from /home/airflow/.local/lib/python3.7/site-packages/airflow/example_dags/example_params_ui_tutorial.py
[2023-06-16T19:13:17.248+0000] {processor.py:836} INFO - DAG(s) dict_keys(['example_params_ui_tutorial']) retrieved from /home/airflow/.local/lib/python3.7/site-packages/airflow/example_dags/example_params_ui_tutorial.py
[2023-06-16T19:13:17.437+0000] {logging_mixin.py:149} INFO - [2023-06-16T19:13:17.437+0000] {dag.py:2726} INFO - Sync 1 DAGs
[2023-06-16T19:13:17.481+0000] {logging_mixin.py:149} INFO - [2023-06-16T19:13:17.481+0000] {dag.py:3490} INFO - Setting next_dagrun for example_params_ui_tutorial to None, run_after=None
[2023-06-16T19:13:17.515+0000] {processor.py:179} INFO - Processing /home/airflow/.local/lib/python3.7/site-packages/airflow/example_dags/example_params_ui_tutorial.py took 0.386 seconds
[2023-06-16T19:13:47.858+0000] {processor.py:157} INFO - Started process (PID=3307) to work on /home/airflow/.local/lib/python3.7/site-packages/airflow/example_dags/example_params_ui_tutorial.py
[2023-06-16T19:13:47.861+0000] {processor.py:826} INFO - Processing file /home/airflow/.local/lib/python3.7/site-packages/airflow/example_dags/example_params_ui_tutorial.py for tasks to queue
[2023-06-16T19:13:47.864+0000] {logging_mixin.py:149} INFO - [2023-06-16T19:13:47.864+0000] {dagbag.py:541} INFO - Filling up the DagBag from /home/airflow/.local/lib/python3.7/site-packages/airflow/example_dags/example_params_ui_tutorial.py
[2023-06-16T19:13:47.970+0000] {processor.py:836} INFO - DAG(s) dict_keys(['example_params_ui_tutorial']) retrieved from /home/airflow/.local/lib/python3.7/site-packages/airflow/example_dags/example_params_ui_tutorial.py
[2023-06-16T19:13:48.111+0000] {logging_mixin.py:149} INFO - [2023-06-16T19:13:48.111+0000] {dag.py:2726} INFO - Sync 1 DAGs
[2023-06-16T19:13:48.163+0000] {logging_mixin.py:149} INFO - [2023-06-16T19:13:48.163+0000] {dag.py:3490} INFO - Setting next_dagrun for example_params_ui_tutorial to None, run_after=None
[2023-06-16T19:13:48.205+0000] {processor.py:179} INFO - Processing /home/airflow/.local/lib/python3.7/site-packages/airflow/example_dags/example_params_ui_tutorial.py took 0.360 seconds
[2023-06-16T19:14:18.654+0000] {processor.py:157} INFO - Started process (PID=3364) to work on /home/airflow/.local/lib/python3.7/site-packages/airflow/example_dags/example_params_ui_tutorial.py
[2023-06-16T19:14:18.658+0000] {processor.py:826} INFO - Processing file /home/airflow/.local/lib/python3.7/site-packages/airflow/example_dags/example_params_ui_tutorial.py for tasks to queue
[2023-06-16T19:14:18.662+0000] {logging_mixin.py:149} INFO - [2023-06-16T19:14:18.662+0000] {dagbag.py:541} INFO - Filling up the DagBag from /home/airflow/.local/lib/python3.7/site-packages/airflow/example_dags/example_params_ui_tutorial.py
[2023-06-16T19:14:18.770+0000] {processor.py:836} INFO - DAG(s) dict_keys(['example_params_ui_tutorial']) retrieved from /home/airflow/.local/lib/python3.7/site-packages/airflow/example_dags/example_params_ui_tutorial.py
[2023-06-16T19:14:18.982+0000] {logging_mixin.py:149} INFO - [2023-06-16T19:14:18.981+0000] {dag.py:2726} INFO - Sync 1 DAGs
[2023-06-16T19:14:19.148+0000] {logging_mixin.py:149} INFO - [2023-06-16T19:14:19.147+0000] {dag.py:3490} INFO - Setting next_dagrun for example_params_ui_tutorial to None, run_after=None
[2023-06-16T19:14:19.212+0000] {processor.py:179} INFO - Processing /home/airflow/.local/lib/python3.7/site-packages/airflow/example_dags/example_params_ui_tutorial.py took 0.569 seconds
[2023-06-16T19:14:49.515+0000] {processor.py:157} INFO - Started process (PID=3422) to work on /home/airflow/.local/lib/python3.7/site-packages/airflow/example_dags/example_params_ui_tutorial.py
[2023-06-16T19:14:49.519+0000] {processor.py:826} INFO - Processing file /home/airflow/.local/lib/python3.7/site-packages/airflow/example_dags/example_params_ui_tutorial.py for tasks to queue
[2023-06-16T19:14:49.524+0000] {logging_mixin.py:149} INFO - [2023-06-16T19:14:49.523+0000] {dagbag.py:541} INFO - Filling up the DagBag from /home/airflow/.local/lib/python3.7/site-packages/airflow/example_dags/example_params_ui_tutorial.py
[2023-06-16T19:14:49.647+0000] {processor.py:836} INFO - DAG(s) dict_keys(['example_params_ui_tutorial']) retrieved from /home/airflow/.local/lib/python3.7/site-packages/airflow/example_dags/example_params_ui_tutorial.py
[2023-06-16T19:14:49.797+0000] {logging_mixin.py:149} INFO - [2023-06-16T19:14:49.797+0000] {dag.py:2726} INFO - Sync 1 DAGs
[2023-06-16T19:14:49.873+0000] {logging_mixin.py:149} INFO - [2023-06-16T19:14:49.873+0000] {dag.py:3490} INFO - Setting next_dagrun for example_params_ui_tutorial to None, run_after=None
[2023-06-16T19:14:49.971+0000] {processor.py:179} INFO - Processing /home/airflow/.local/lib/python3.7/site-packages/airflow/example_dags/example_params_ui_tutorial.py took 0.466 seconds
[2023-06-16T19:15:20.110+0000] {processor.py:157} INFO - Started process (PID=3480) to work on /home/airflow/.local/lib/python3.7/site-packages/airflow/example_dags/example_params_ui_tutorial.py
[2023-06-16T19:15:20.114+0000] {processor.py:826} INFO - Processing file /home/airflow/.local/lib/python3.7/site-packages/airflow/example_dags/example_params_ui_tutorial.py for tasks to queue
[2023-06-16T19:15:20.118+0000] {logging_mixin.py:149} INFO - [2023-06-16T19:15:20.118+0000] {dagbag.py:541} INFO - Filling up the DagBag from /home/airflow/.local/lib/python3.7/site-packages/airflow/example_dags/example_params_ui_tutorial.py
[2023-06-16T19:15:20.211+0000] {processor.py:836} INFO - DAG(s) dict_keys(['example_params_ui_tutorial']) retrieved from /home/airflow/.local/lib/python3.7/site-packages/airflow/example_dags/example_params_ui_tutorial.py
[2023-06-16T19:15:20.356+0000] {logging_mixin.py:149} INFO - [2023-06-16T19:15:20.356+0000] {dag.py:2726} INFO - Sync 1 DAGs
[2023-06-16T19:15:20.412+0000] {logging_mixin.py:149} INFO - [2023-06-16T19:15:20.412+0000] {dag.py:3490} INFO - Setting next_dagrun for example_params_ui_tutorial to None, run_after=None
[2023-06-16T19:15:20.455+0000] {processor.py:179} INFO - Processing /home/airflow/.local/lib/python3.7/site-packages/airflow/example_dags/example_params_ui_tutorial.py took 0.353 seconds
[2023-06-16T19:15:50.764+0000] {processor.py:157} INFO - Started process (PID=3536) to work on /home/airflow/.local/lib/python3.7/site-packages/airflow/example_dags/example_params_ui_tutorial.py
[2023-06-16T19:15:50.769+0000] {processor.py:826} INFO - Processing file /home/airflow/.local/lib/python3.7/site-packages/airflow/example_dags/example_params_ui_tutorial.py for tasks to queue
[2023-06-16T19:15:50.775+0000] {logging_mixin.py:149} INFO - [2023-06-16T19:15:50.774+0000] {dagbag.py:541} INFO - Filling up the DagBag from /home/airflow/.local/lib/python3.7/site-packages/airflow/example_dags/example_params_ui_tutorial.py
[2023-06-16T19:15:50.898+0000] {processor.py:836} INFO - DAG(s) dict_keys(['example_params_ui_tutorial']) retrieved from /home/airflow/.local/lib/python3.7/site-packages/airflow/example_dags/example_params_ui_tutorial.py
[2023-06-16T19:15:51.054+0000] {logging_mixin.py:149} INFO - [2023-06-16T19:15:51.054+0000] {dag.py:2726} INFO - Sync 1 DAGs
[2023-06-16T19:15:51.123+0000] {logging_mixin.py:149} INFO - [2023-06-16T19:15:51.122+0000] {dag.py:3490} INFO - Setting next_dagrun for example_params_ui_tutorial to None, run_after=None
[2023-06-16T19:15:51.166+0000] {processor.py:179} INFO - Processing /home/airflow/.local/lib/python3.7/site-packages/airflow/example_dags/example_params_ui_tutorial.py took 0.413 seconds
[2023-06-16T19:16:21.975+0000] {processor.py:157} INFO - Started process (PID=3593) to work on /home/airflow/.local/lib/python3.7/site-packages/airflow/example_dags/example_params_ui_tutorial.py
[2023-06-16T19:16:21.979+0000] {processor.py:826} INFO - Processing file /home/airflow/.local/lib/python3.7/site-packages/airflow/example_dags/example_params_ui_tutorial.py for tasks to queue
[2023-06-16T19:16:21.982+0000] {logging_mixin.py:149} INFO - [2023-06-16T19:16:21.982+0000] {dagbag.py:541} INFO - Filling up the DagBag from /home/airflow/.local/lib/python3.7/site-packages/airflow/example_dags/example_params_ui_tutorial.py
[2023-06-16T19:16:22.111+0000] {processor.py:836} INFO - DAG(s) dict_keys(['example_params_ui_tutorial']) retrieved from /home/airflow/.local/lib/python3.7/site-packages/airflow/example_dags/example_params_ui_tutorial.py
[2023-06-16T19:16:22.278+0000] {logging_mixin.py:149} INFO - [2023-06-16T19:16:22.277+0000] {dag.py:2726} INFO - Sync 1 DAGs
[2023-06-16T19:16:22.339+0000] {logging_mixin.py:149} INFO - [2023-06-16T19:16:22.338+0000] {dag.py:3490} INFO - Setting next_dagrun for example_params_ui_tutorial to None, run_after=None
[2023-06-16T19:16:22.394+0000] {processor.py:179} INFO - Processing /home/airflow/.local/lib/python3.7/site-packages/airflow/example_dags/example_params_ui_tutorial.py took 0.428 seconds
[2023-06-16T19:16:52.963+0000] {processor.py:157} INFO - Started process (PID=3650) to work on /home/airflow/.local/lib/python3.7/site-packages/airflow/example_dags/example_params_ui_tutorial.py
[2023-06-16T19:16:52.966+0000] {processor.py:826} INFO - Processing file /home/airflow/.local/lib/python3.7/site-packages/airflow/example_dags/example_params_ui_tutorial.py for tasks to queue
[2023-06-16T19:16:52.969+0000] {logging_mixin.py:149} INFO - [2023-06-16T19:16:52.968+0000] {dagbag.py:541} INFO - Filling up the DagBag from /home/airflow/.local/lib/python3.7/site-packages/airflow/example_dags/example_params_ui_tutorial.py
[2023-06-16T19:16:53.086+0000] {processor.py:836} INFO - DAG(s) dict_keys(['example_params_ui_tutorial']) retrieved from /home/airflow/.local/lib/python3.7/site-packages/airflow/example_dags/example_params_ui_tutorial.py
[2023-06-16T19:16:53.346+0000] {logging_mixin.py:149} INFO - [2023-06-16T19:16:53.346+0000] {dag.py:2726} INFO - Sync 1 DAGs
[2023-06-16T19:16:53.490+0000] {logging_mixin.py:149} INFO - [2023-06-16T19:16:53.490+0000] {dag.py:3490} INFO - Setting next_dagrun for example_params_ui_tutorial to None, run_after=None
[2023-06-16T19:16:53.558+0000] {processor.py:179} INFO - Processing /home/airflow/.local/lib/python3.7/site-packages/airflow/example_dags/example_params_ui_tutorial.py took 0.603 seconds
[2023-06-16T19:17:23.776+0000] {processor.py:157} INFO - Started process (PID=3714) to work on /home/airflow/.local/lib/python3.7/site-packages/airflow/example_dags/example_params_ui_tutorial.py
[2023-06-16T19:17:23.790+0000] {processor.py:826} INFO - Processing file /home/airflow/.local/lib/python3.7/site-packages/airflow/example_dags/example_params_ui_tutorial.py for tasks to queue
[2023-06-16T19:17:23.802+0000] {logging_mixin.py:149} INFO - [2023-06-16T19:17:23.801+0000] {dagbag.py:541} INFO - Filling up the DagBag from /home/airflow/.local/lib/python3.7/site-packages/airflow/example_dags/example_params_ui_tutorial.py
[2023-06-16T19:17:24.052+0000] {processor.py:836} INFO - DAG(s) dict_keys(['example_params_ui_tutorial']) retrieved from /home/airflow/.local/lib/python3.7/site-packages/airflow/example_dags/example_params_ui_tutorial.py
[2023-06-16T19:17:24.222+0000] {logging_mixin.py:149} INFO - [2023-06-16T19:17:24.222+0000] {dag.py:2726} INFO - Sync 1 DAGs
[2023-06-16T19:17:24.297+0000] {logging_mixin.py:149} INFO - [2023-06-16T19:17:24.297+0000] {dag.py:3490} INFO - Setting next_dagrun for example_params_ui_tutorial to None, run_after=None
[2023-06-16T19:17:24.361+0000] {processor.py:179} INFO - Processing /home/airflow/.local/lib/python3.7/site-packages/airflow/example_dags/example_params_ui_tutorial.py took 0.600 seconds
[2023-06-16T19:17:54.971+0000] {processor.py:157} INFO - Started process (PID=3772) to work on /home/airflow/.local/lib/python3.7/site-packages/airflow/example_dags/example_params_ui_tutorial.py
[2023-06-16T19:17:54.975+0000] {processor.py:826} INFO - Processing file /home/airflow/.local/lib/python3.7/site-packages/airflow/example_dags/example_params_ui_tutorial.py for tasks to queue
[2023-06-16T19:17:54.979+0000] {logging_mixin.py:149} INFO - [2023-06-16T19:17:54.978+0000] {dagbag.py:541} INFO - Filling up the DagBag from /home/airflow/.local/lib/python3.7/site-packages/airflow/example_dags/example_params_ui_tutorial.py
[2023-06-16T19:17:55.075+0000] {processor.py:836} INFO - DAG(s) dict_keys(['example_params_ui_tutorial']) retrieved from /home/airflow/.local/lib/python3.7/site-packages/airflow/example_dags/example_params_ui_tutorial.py
[2023-06-16T19:17:55.269+0000] {logging_mixin.py:149} INFO - [2023-06-16T19:17:55.269+0000] {dag.py:2726} INFO - Sync 1 DAGs
[2023-06-16T19:17:55.325+0000] {logging_mixin.py:149} INFO - [2023-06-16T19:17:55.325+0000] {dag.py:3490} INFO - Setting next_dagrun for example_params_ui_tutorial to None, run_after=None
[2023-06-16T19:17:55.372+0000] {processor.py:179} INFO - Processing /home/airflow/.local/lib/python3.7/site-packages/airflow/example_dags/example_params_ui_tutorial.py took 0.409 seconds
[2023-06-16T19:18:25.533+0000] {processor.py:157} INFO - Started process (PID=3828) to work on /home/airflow/.local/lib/python3.7/site-packages/airflow/example_dags/example_params_ui_tutorial.py
[2023-06-16T19:18:25.539+0000] {processor.py:826} INFO - Processing file /home/airflow/.local/lib/python3.7/site-packages/airflow/example_dags/example_params_ui_tutorial.py for tasks to queue
[2023-06-16T19:18:25.542+0000] {logging_mixin.py:149} INFO - [2023-06-16T19:18:25.541+0000] {dagbag.py:541} INFO - Filling up the DagBag from /home/airflow/.local/lib/python3.7/site-packages/airflow/example_dags/example_params_ui_tutorial.py
[2023-06-16T19:18:25.626+0000] {processor.py:836} INFO - DAG(s) dict_keys(['example_params_ui_tutorial']) retrieved from /home/airflow/.local/lib/python3.7/site-packages/airflow/example_dags/example_params_ui_tutorial.py
[2023-06-16T19:18:25.774+0000] {logging_mixin.py:149} INFO - [2023-06-16T19:18:25.773+0000] {dag.py:2726} INFO - Sync 1 DAGs
[2023-06-16T19:18:25.831+0000] {logging_mixin.py:149} INFO - [2023-06-16T19:18:25.830+0000] {dag.py:3490} INFO - Setting next_dagrun for example_params_ui_tutorial to None, run_after=None
[2023-06-16T19:18:25.873+0000] {processor.py:179} INFO - Processing /home/airflow/.local/lib/python3.7/site-packages/airflow/example_dags/example_params_ui_tutorial.py took 0.348 seconds
[2023-06-16T19:18:56.517+0000] {processor.py:157} INFO - Started process (PID=3885) to work on /home/airflow/.local/lib/python3.7/site-packages/airflow/example_dags/example_params_ui_tutorial.py
[2023-06-16T19:18:56.520+0000] {processor.py:826} INFO - Processing file /home/airflow/.local/lib/python3.7/site-packages/airflow/example_dags/example_params_ui_tutorial.py for tasks to queue
[2023-06-16T19:18:56.527+0000] {logging_mixin.py:149} INFO - [2023-06-16T19:18:56.527+0000] {dagbag.py:541} INFO - Filling up the DagBag from /home/airflow/.local/lib/python3.7/site-packages/airflow/example_dags/example_params_ui_tutorial.py
[2023-06-16T19:18:56.633+0000] {processor.py:836} INFO - DAG(s) dict_keys(['example_params_ui_tutorial']) retrieved from /home/airflow/.local/lib/python3.7/site-packages/airflow/example_dags/example_params_ui_tutorial.py
[2023-06-16T19:18:56.768+0000] {logging_mixin.py:149} INFO - [2023-06-16T19:18:56.767+0000] {dag.py:2726} INFO - Sync 1 DAGs
[2023-06-16T19:18:56.830+0000] {logging_mixin.py:149} INFO - [2023-06-16T19:18:56.830+0000] {dag.py:3490} INFO - Setting next_dagrun for example_params_ui_tutorial to None, run_after=None
[2023-06-16T19:18:56.898+0000] {processor.py:179} INFO - Processing /home/airflow/.local/lib/python3.7/site-packages/airflow/example_dags/example_params_ui_tutorial.py took 0.390 seconds
[2023-06-16T19:19:27.324+0000] {processor.py:157} INFO - Started process (PID=3943) to work on /home/airflow/.local/lib/python3.7/site-packages/airflow/example_dags/example_params_ui_tutorial.py
[2023-06-16T19:19:27.328+0000] {processor.py:826} INFO - Processing file /home/airflow/.local/lib/python3.7/site-packages/airflow/example_dags/example_params_ui_tutorial.py for tasks to queue
[2023-06-16T19:19:27.334+0000] {logging_mixin.py:149} INFO - [2023-06-16T19:19:27.334+0000] {dagbag.py:541} INFO - Filling up the DagBag from /home/airflow/.local/lib/python3.7/site-packages/airflow/example_dags/example_params_ui_tutorial.py
[2023-06-16T19:19:27.483+0000] {processor.py:836} INFO - DAG(s) dict_keys(['example_params_ui_tutorial']) retrieved from /home/airflow/.local/lib/python3.7/site-packages/airflow/example_dags/example_params_ui_tutorial.py
[2023-06-16T19:19:27.664+0000] {logging_mixin.py:149} INFO - [2023-06-16T19:19:27.663+0000] {dag.py:2726} INFO - Sync 1 DAGs
[2023-06-16T19:19:27.729+0000] {logging_mixin.py:149} INFO - [2023-06-16T19:19:27.729+0000] {dag.py:3490} INFO - Setting next_dagrun for example_params_ui_tutorial to None, run_after=None
[2023-06-16T19:19:27.769+0000] {processor.py:179} INFO - Processing /home/airflow/.local/lib/python3.7/site-packages/airflow/example_dags/example_params_ui_tutorial.py took 0.452 seconds
[2023-06-16T19:19:57.983+0000] {processor.py:157} INFO - Started process (PID=4000) to work on /home/airflow/.local/lib/python3.7/site-packages/airflow/example_dags/example_params_ui_tutorial.py
[2023-06-16T19:19:57.988+0000] {processor.py:826} INFO - Processing file /home/airflow/.local/lib/python3.7/site-packages/airflow/example_dags/example_params_ui_tutorial.py for tasks to queue
[2023-06-16T19:19:57.991+0000] {logging_mixin.py:149} INFO - [2023-06-16T19:19:57.991+0000] {dagbag.py:541} INFO - Filling up the DagBag from /home/airflow/.local/lib/python3.7/site-packages/airflow/example_dags/example_params_ui_tutorial.py
[2023-06-16T19:19:58.095+0000] {processor.py:836} INFO - DAG(s) dict_keys(['example_params_ui_tutorial']) retrieved from /home/airflow/.local/lib/python3.7/site-packages/airflow/example_dags/example_params_ui_tutorial.py
[2023-06-16T19:19:58.265+0000] {logging_mixin.py:149} INFO - [2023-06-16T19:19:58.264+0000] {dag.py:2726} INFO - Sync 1 DAGs
[2023-06-16T19:19:58.339+0000] {logging_mixin.py:149} INFO - [2023-06-16T19:19:58.339+0000] {dag.py:3490} INFO - Setting next_dagrun for example_params_ui_tutorial to None, run_after=None
[2023-06-16T19:19:58.386+0000] {processor.py:179} INFO - Processing /home/airflow/.local/lib/python3.7/site-packages/airflow/example_dags/example_params_ui_tutorial.py took 0.414 seconds
[2023-06-16T19:20:29.064+0000] {processor.py:157} INFO - Started process (PID=4057) to work on /home/airflow/.local/lib/python3.7/site-packages/airflow/example_dags/example_params_ui_tutorial.py
[2023-06-16T19:20:29.069+0000] {processor.py:826} INFO - Processing file /home/airflow/.local/lib/python3.7/site-packages/airflow/example_dags/example_params_ui_tutorial.py for tasks to queue
[2023-06-16T19:20:29.072+0000] {logging_mixin.py:149} INFO - [2023-06-16T19:20:29.072+0000] {dagbag.py:541} INFO - Filling up the DagBag from /home/airflow/.local/lib/python3.7/site-packages/airflow/example_dags/example_params_ui_tutorial.py
[2023-06-16T19:20:29.191+0000] {processor.py:836} INFO - DAG(s) dict_keys(['example_params_ui_tutorial']) retrieved from /home/airflow/.local/lib/python3.7/site-packages/airflow/example_dags/example_params_ui_tutorial.py
[2023-06-16T19:20:29.372+0000] {logging_mixin.py:149} INFO - [2023-06-16T19:20:29.371+0000] {dag.py:2726} INFO - Sync 1 DAGs
[2023-06-16T19:20:29.440+0000] {logging_mixin.py:149} INFO - [2023-06-16T19:20:29.440+0000] {dag.py:3490} INFO - Setting next_dagrun for example_params_ui_tutorial to None, run_after=None
[2023-06-16T19:20:29.484+0000] {processor.py:179} INFO - Processing /home/airflow/.local/lib/python3.7/site-packages/airflow/example_dags/example_params_ui_tutorial.py took 0.429 seconds
[2023-06-16T19:21:00.031+0000] {processor.py:157} INFO - Started process (PID=4114) to work on /home/airflow/.local/lib/python3.7/site-packages/airflow/example_dags/example_params_ui_tutorial.py
[2023-06-16T19:21:00.034+0000] {processor.py:826} INFO - Processing file /home/airflow/.local/lib/python3.7/site-packages/airflow/example_dags/example_params_ui_tutorial.py for tasks to queue
[2023-06-16T19:21:00.037+0000] {logging_mixin.py:149} INFO - [2023-06-16T19:21:00.037+0000] {dagbag.py:541} INFO - Filling up the DagBag from /home/airflow/.local/lib/python3.7/site-packages/airflow/example_dags/example_params_ui_tutorial.py
[2023-06-16T19:21:00.158+0000] {processor.py:836} INFO - DAG(s) dict_keys(['example_params_ui_tutorial']) retrieved from /home/airflow/.local/lib/python3.7/site-packages/airflow/example_dags/example_params_ui_tutorial.py
[2023-06-16T19:21:00.342+0000] {logging_mixin.py:149} INFO - [2023-06-16T19:21:00.341+0000] {dag.py:2726} INFO - Sync 1 DAGs
[2023-06-16T19:21:00.413+0000] {logging_mixin.py:149} INFO - [2023-06-16T19:21:00.413+0000] {dag.py:3490} INFO - Setting next_dagrun for example_params_ui_tutorial to None, run_after=None
[2023-06-16T19:21:00.462+0000] {processor.py:179} INFO - Processing /home/airflow/.local/lib/python3.7/site-packages/airflow/example_dags/example_params_ui_tutorial.py took 0.441 seconds
[2023-06-16T19:21:30.597+0000] {processor.py:157} INFO - Started process (PID=4172) to work on /home/airflow/.local/lib/python3.7/site-packages/airflow/example_dags/example_params_ui_tutorial.py
[2023-06-16T19:21:30.601+0000] {processor.py:826} INFO - Processing file /home/airflow/.local/lib/python3.7/site-packages/airflow/example_dags/example_params_ui_tutorial.py for tasks to queue
[2023-06-16T19:21:30.604+0000] {logging_mixin.py:149} INFO - [2023-06-16T19:21:30.604+0000] {dagbag.py:541} INFO - Filling up the DagBag from /home/airflow/.local/lib/python3.7/site-packages/airflow/example_dags/example_params_ui_tutorial.py
[2023-06-16T19:21:30.706+0000] {processor.py:836} INFO - DAG(s) dict_keys(['example_params_ui_tutorial']) retrieved from /home/airflow/.local/lib/python3.7/site-packages/airflow/example_dags/example_params_ui_tutorial.py
[2023-06-16T19:21:30.880+0000] {logging_mixin.py:149} INFO - [2023-06-16T19:21:30.880+0000] {dag.py:2726} INFO - Sync 1 DAGs
[2023-06-16T19:21:30.945+0000] {logging_mixin.py:149} INFO - [2023-06-16T19:21:30.945+0000] {dag.py:3490} INFO - Setting next_dagrun for example_params_ui_tutorial to None, run_after=None
[2023-06-16T19:21:30.993+0000] {processor.py:179} INFO - Processing /home/airflow/.local/lib/python3.7/site-packages/airflow/example_dags/example_params_ui_tutorial.py took 0.403 seconds
[2023-06-16T19:22:01.059+0000] {processor.py:157} INFO - Started process (PID=4229) to work on /home/airflow/.local/lib/python3.7/site-packages/airflow/example_dags/example_params_ui_tutorial.py
[2023-06-16T19:22:01.064+0000] {processor.py:826} INFO - Processing file /home/airflow/.local/lib/python3.7/site-packages/airflow/example_dags/example_params_ui_tutorial.py for tasks to queue
[2023-06-16T19:22:01.067+0000] {logging_mixin.py:149} INFO - [2023-06-16T19:22:01.066+0000] {dagbag.py:541} INFO - Filling up the DagBag from /home/airflow/.local/lib/python3.7/site-packages/airflow/example_dags/example_params_ui_tutorial.py
[2023-06-16T19:22:01.184+0000] {processor.py:836} INFO - DAG(s) dict_keys(['example_params_ui_tutorial']) retrieved from /home/airflow/.local/lib/python3.7/site-packages/airflow/example_dags/example_params_ui_tutorial.py
[2023-06-16T19:22:01.414+0000] {logging_mixin.py:149} INFO - [2023-06-16T19:22:01.413+0000] {dag.py:2726} INFO - Sync 1 DAGs
[2023-06-16T19:22:01.486+0000] {logging_mixin.py:149} INFO - [2023-06-16T19:22:01.485+0000] {dag.py:3490} INFO - Setting next_dagrun for example_params_ui_tutorial to None, run_after=None
[2023-06-16T19:22:01.542+0000] {processor.py:179} INFO - Processing /home/airflow/.local/lib/python3.7/site-packages/airflow/example_dags/example_params_ui_tutorial.py took 0.493 seconds
[2023-06-16T19:22:31.982+0000] {processor.py:157} INFO - Started process (PID=4287) to work on /home/airflow/.local/lib/python3.7/site-packages/airflow/example_dags/example_params_ui_tutorial.py
[2023-06-16T19:22:31.986+0000] {processor.py:826} INFO - Processing file /home/airflow/.local/lib/python3.7/site-packages/airflow/example_dags/example_params_ui_tutorial.py for tasks to queue
[2023-06-16T19:22:31.990+0000] {logging_mixin.py:149} INFO - [2023-06-16T19:22:31.989+0000] {dagbag.py:541} INFO - Filling up the DagBag from /home/airflow/.local/lib/python3.7/site-packages/airflow/example_dags/example_params_ui_tutorial.py
[2023-06-16T19:22:32.116+0000] {processor.py:836} INFO - DAG(s) dict_keys(['example_params_ui_tutorial']) retrieved from /home/airflow/.local/lib/python3.7/site-packages/airflow/example_dags/example_params_ui_tutorial.py
[2023-06-16T19:22:32.291+0000] {logging_mixin.py:149} INFO - [2023-06-16T19:22:32.290+0000] {dag.py:2726} INFO - Sync 1 DAGs
[2023-06-16T19:22:32.426+0000] {logging_mixin.py:149} INFO - [2023-06-16T19:22:32.426+0000] {dag.py:3490} INFO - Setting next_dagrun for example_params_ui_tutorial to None, run_after=None
[2023-06-16T19:22:32.492+0000] {processor.py:179} INFO - Processing /home/airflow/.local/lib/python3.7/site-packages/airflow/example_dags/example_params_ui_tutorial.py took 0.519 seconds
