[2023-06-16T18:46:41.729+0000] {processor.py:157} INFO - Started process (PID=286) to work on /home/airflow/.local/lib/python3.7/site-packages/airflow/example_dags/example_sla_dag.py
[2023-06-16T18:46:41.737+0000] {processor.py:826} INFO - Processing file /home/airflow/.local/lib/python3.7/site-packages/airflow/example_dags/example_sla_dag.py for tasks to queue
[2023-06-16T18:46:41.743+0000] {logging_mixin.py:149} INFO - [2023-06-16T18:46:41.743+0000] {dagbag.py:541} INFO - Filling up the DagBag from /home/airflow/.local/lib/python3.7/site-packages/airflow/example_dags/example_sla_dag.py
[2023-06-16T18:46:41.767+0000] {processor.py:836} INFO - DAG(s) dict_keys(['example_sla_dag']) retrieved from /home/airflow/.local/lib/python3.7/site-packages/airflow/example_dags/example_sla_dag.py
[2023-06-16T18:46:41.833+0000] {logging_mixin.py:149} INFO - [2023-06-16T18:46:41.833+0000] {dag.py:2726} INFO - Sync 1 DAGs
[2023-06-16T18:46:41.916+0000] {logging_mixin.py:149} INFO - [2023-06-16T18:46:41.916+0000] {dag.py:3490} INFO - Setting next_dagrun for example_sla_dag to 2023-06-16T18:44:00+00:00, run_after=2023-06-16T18:46:00+00:00
[2023-06-16T18:46:41.966+0000] {processor.py:179} INFO - Processing /home/airflow/.local/lib/python3.7/site-packages/airflow/example_dags/example_sla_dag.py took 0.247 seconds
[2023-06-16T18:47:12.604+0000] {processor.py:157} INFO - Started process (PID=343) to work on /home/airflow/.local/lib/python3.7/site-packages/airflow/example_dags/example_sla_dag.py
[2023-06-16T18:47:12.608+0000] {processor.py:826} INFO - Processing file /home/airflow/.local/lib/python3.7/site-packages/airflow/example_dags/example_sla_dag.py for tasks to queue
[2023-06-16T18:47:12.611+0000] {logging_mixin.py:149} INFO - [2023-06-16T18:47:12.610+0000] {dagbag.py:541} INFO - Filling up the DagBag from /home/airflow/.local/lib/python3.7/site-packages/airflow/example_dags/example_sla_dag.py
[2023-06-16T18:47:12.632+0000] {processor.py:836} INFO - DAG(s) dict_keys(['example_sla_dag']) retrieved from /home/airflow/.local/lib/python3.7/site-packages/airflow/example_dags/example_sla_dag.py
[2023-06-16T18:47:12.706+0000] {logging_mixin.py:149} INFO - [2023-06-16T18:47:12.705+0000] {dag.py:2726} INFO - Sync 1 DAGs
[2023-06-16T18:47:12.783+0000] {logging_mixin.py:149} INFO - [2023-06-16T18:47:12.782+0000] {dag.py:3490} INFO - Setting next_dagrun for example_sla_dag to 2023-06-16T18:44:00+00:00, run_after=2023-06-16T18:46:00+00:00
[2023-06-16T18:47:12.827+0000] {processor.py:179} INFO - Processing /home/airflow/.local/lib/python3.7/site-packages/airflow/example_dags/example_sla_dag.py took 0.232 seconds
[2023-06-16T18:47:43.436+0000] {processor.py:157} INFO - Started process (PID=406) to work on /home/airflow/.local/lib/python3.7/site-packages/airflow/example_dags/example_sla_dag.py
[2023-06-16T18:47:43.441+0000] {processor.py:826} INFO - Processing file /home/airflow/.local/lib/python3.7/site-packages/airflow/example_dags/example_sla_dag.py for tasks to queue
[2023-06-16T18:47:43.445+0000] {logging_mixin.py:149} INFO - [2023-06-16T18:47:43.445+0000] {dagbag.py:541} INFO - Filling up the DagBag from /home/airflow/.local/lib/python3.7/site-packages/airflow/example_dags/example_sla_dag.py
[2023-06-16T18:47:43.471+0000] {processor.py:836} INFO - DAG(s) dict_keys(['example_sla_dag']) retrieved from /home/airflow/.local/lib/python3.7/site-packages/airflow/example_dags/example_sla_dag.py
[2023-06-16T18:47:43.543+0000] {logging_mixin.py:149} INFO - [2023-06-16T18:47:43.543+0000] {dag.py:2726} INFO - Sync 1 DAGs
[2023-06-16T18:47:43.627+0000] {logging_mixin.py:149} INFO - [2023-06-16T18:47:43.625+0000] {dag.py:3490} INFO - Setting next_dagrun for example_sla_dag to 2023-06-16T18:44:00+00:00, run_after=2023-06-16T18:46:00+00:00
[2023-06-16T18:47:43.674+0000] {processor.py:179} INFO - Processing /home/airflow/.local/lib/python3.7/site-packages/airflow/example_dags/example_sla_dag.py took 0.267 seconds
[2023-06-16T18:48:14.310+0000] {processor.py:157} INFO - Started process (PID=464) to work on /home/airflow/.local/lib/python3.7/site-packages/airflow/example_dags/example_sla_dag.py
[2023-06-16T18:48:14.315+0000] {processor.py:826} INFO - Processing file /home/airflow/.local/lib/python3.7/site-packages/airflow/example_dags/example_sla_dag.py for tasks to queue
[2023-06-16T18:48:14.317+0000] {logging_mixin.py:149} INFO - [2023-06-16T18:48:14.317+0000] {dagbag.py:541} INFO - Filling up the DagBag from /home/airflow/.local/lib/python3.7/site-packages/airflow/example_dags/example_sla_dag.py
[2023-06-16T18:48:14.337+0000] {processor.py:836} INFO - DAG(s) dict_keys(['example_sla_dag']) retrieved from /home/airflow/.local/lib/python3.7/site-packages/airflow/example_dags/example_sla_dag.py
[2023-06-16T18:48:14.389+0000] {logging_mixin.py:149} INFO - [2023-06-16T18:48:14.389+0000] {dag.py:2726} INFO - Sync 1 DAGs
[2023-06-16T18:48:14.461+0000] {logging_mixin.py:149} INFO - [2023-06-16T18:48:14.460+0000] {dag.py:3490} INFO - Setting next_dagrun for example_sla_dag to 2023-06-16T18:46:00+00:00, run_after=2023-06-16T18:48:00+00:00
[2023-06-16T18:48:14.506+0000] {processor.py:179} INFO - Processing /home/airflow/.local/lib/python3.7/site-packages/airflow/example_dags/example_sla_dag.py took 0.204 seconds
[2023-06-16T18:48:44.686+0000] {processor.py:157} INFO - Started process (PID=521) to work on /home/airflow/.local/lib/python3.7/site-packages/airflow/example_dags/example_sla_dag.py
[2023-06-16T18:48:44.693+0000] {processor.py:826} INFO - Processing file /home/airflow/.local/lib/python3.7/site-packages/airflow/example_dags/example_sla_dag.py for tasks to queue
[2023-06-16T18:48:44.696+0000] {logging_mixin.py:149} INFO - [2023-06-16T18:48:44.696+0000] {dagbag.py:541} INFO - Filling up the DagBag from /home/airflow/.local/lib/python3.7/site-packages/airflow/example_dags/example_sla_dag.py
[2023-06-16T18:48:44.716+0000] {processor.py:836} INFO - DAG(s) dict_keys(['example_sla_dag']) retrieved from /home/airflow/.local/lib/python3.7/site-packages/airflow/example_dags/example_sla_dag.py
[2023-06-16T18:48:44.786+0000] {logging_mixin.py:149} INFO - [2023-06-16T18:48:44.786+0000] {dag.py:2726} INFO - Sync 1 DAGs
[2023-06-16T18:48:44.882+0000] {logging_mixin.py:149} INFO - [2023-06-16T18:48:44.881+0000] {dag.py:3490} INFO - Setting next_dagrun for example_sla_dag to 2023-06-16T18:46:00+00:00, run_after=2023-06-16T18:48:00+00:00
[2023-06-16T18:48:44.936+0000] {processor.py:179} INFO - Processing /home/airflow/.local/lib/python3.7/site-packages/airflow/example_dags/example_sla_dag.py took 0.259 seconds
[2023-06-16T18:49:15.523+0000] {processor.py:157} INFO - Started process (PID=578) to work on /home/airflow/.local/lib/python3.7/site-packages/airflow/example_dags/example_sla_dag.py
[2023-06-16T18:49:15.527+0000] {processor.py:826} INFO - Processing file /home/airflow/.local/lib/python3.7/site-packages/airflow/example_dags/example_sla_dag.py for tasks to queue
[2023-06-16T18:49:15.531+0000] {logging_mixin.py:149} INFO - [2023-06-16T18:49:15.531+0000] {dagbag.py:541} INFO - Filling up the DagBag from /home/airflow/.local/lib/python3.7/site-packages/airflow/example_dags/example_sla_dag.py
[2023-06-16T18:49:15.554+0000] {processor.py:836} INFO - DAG(s) dict_keys(['example_sla_dag']) retrieved from /home/airflow/.local/lib/python3.7/site-packages/airflow/example_dags/example_sla_dag.py
[2023-06-16T18:49:15.632+0000] {logging_mixin.py:149} INFO - [2023-06-16T18:49:15.631+0000] {dag.py:2726} INFO - Sync 1 DAGs
[2023-06-16T18:49:15.711+0000] {logging_mixin.py:149} INFO - [2023-06-16T18:49:15.710+0000] {dag.py:3490} INFO - Setting next_dagrun for example_sla_dag to 2023-06-16T18:46:00+00:00, run_after=2023-06-16T18:48:00+00:00
[2023-06-16T18:49:15.757+0000] {processor.py:179} INFO - Processing /home/airflow/.local/lib/python3.7/site-packages/airflow/example_dags/example_sla_dag.py took 0.245 seconds
[2023-06-16T18:49:47.170+0000] {processor.py:157} INFO - Started process (PID=634) to work on /home/airflow/.local/lib/python3.7/site-packages/airflow/example_dags/example_sla_dag.py
[2023-06-16T18:49:47.176+0000] {processor.py:826} INFO - Processing file /home/airflow/.local/lib/python3.7/site-packages/airflow/example_dags/example_sla_dag.py for tasks to queue
[2023-06-16T18:49:47.187+0000] {logging_mixin.py:149} INFO - [2023-06-16T18:49:47.187+0000] {dagbag.py:541} INFO - Filling up the DagBag from /home/airflow/.local/lib/python3.7/site-packages/airflow/example_dags/example_sla_dag.py
[2023-06-16T18:49:47.214+0000] {processor.py:836} INFO - DAG(s) dict_keys(['example_sla_dag']) retrieved from /home/airflow/.local/lib/python3.7/site-packages/airflow/example_dags/example_sla_dag.py
[2023-06-16T18:49:47.292+0000] {logging_mixin.py:149} INFO - [2023-06-16T18:49:47.292+0000] {dag.py:2726} INFO - Sync 1 DAGs
[2023-06-16T18:49:47.410+0000] {logging_mixin.py:149} INFO - [2023-06-16T18:49:47.410+0000] {dag.py:3490} INFO - Setting next_dagrun for example_sla_dag to 2023-06-16T18:46:00+00:00, run_after=2023-06-16T18:48:00+00:00
[2023-06-16T18:49:47.491+0000] {processor.py:179} INFO - Processing /home/airflow/.local/lib/python3.7/site-packages/airflow/example_dags/example_sla_dag.py took 0.332 seconds
[2023-06-16T18:50:17.604+0000] {processor.py:157} INFO - Started process (PID=691) to work on /home/airflow/.local/lib/python3.7/site-packages/airflow/example_dags/example_sla_dag.py
[2023-06-16T18:50:17.609+0000] {processor.py:826} INFO - Processing file /home/airflow/.local/lib/python3.7/site-packages/airflow/example_dags/example_sla_dag.py for tasks to queue
[2023-06-16T18:50:17.612+0000] {logging_mixin.py:149} INFO - [2023-06-16T18:50:17.612+0000] {dagbag.py:541} INFO - Filling up the DagBag from /home/airflow/.local/lib/python3.7/site-packages/airflow/example_dags/example_sla_dag.py
[2023-06-16T18:50:17.633+0000] {processor.py:836} INFO - DAG(s) dict_keys(['example_sla_dag']) retrieved from /home/airflow/.local/lib/python3.7/site-packages/airflow/example_dags/example_sla_dag.py
[2023-06-16T18:50:17.698+0000] {logging_mixin.py:149} INFO - [2023-06-16T18:50:17.697+0000] {dag.py:2726} INFO - Sync 1 DAGs
[2023-06-16T18:50:17.775+0000] {logging_mixin.py:149} INFO - [2023-06-16T18:50:17.774+0000] {dag.py:3490} INFO - Setting next_dagrun for example_sla_dag to 2023-06-16T18:48:00+00:00, run_after=2023-06-16T18:50:00+00:00
[2023-06-16T18:50:17.821+0000] {processor.py:179} INFO - Processing /home/airflow/.local/lib/python3.7/site-packages/airflow/example_dags/example_sla_dag.py took 0.227 seconds
[2023-06-16T18:50:48.149+0000] {processor.py:157} INFO - Started process (PID=749) to work on /home/airflow/.local/lib/python3.7/site-packages/airflow/example_dags/example_sla_dag.py
[2023-06-16T18:50:48.153+0000] {processor.py:826} INFO - Processing file /home/airflow/.local/lib/python3.7/site-packages/airflow/example_dags/example_sla_dag.py for tasks to queue
[2023-06-16T18:50:48.156+0000] {logging_mixin.py:149} INFO - [2023-06-16T18:50:48.156+0000] {dagbag.py:541} INFO - Filling up the DagBag from /home/airflow/.local/lib/python3.7/site-packages/airflow/example_dags/example_sla_dag.py
[2023-06-16T18:50:48.182+0000] {processor.py:836} INFO - DAG(s) dict_keys(['example_sla_dag']) retrieved from /home/airflow/.local/lib/python3.7/site-packages/airflow/example_dags/example_sla_dag.py
[2023-06-16T18:50:48.251+0000] {logging_mixin.py:149} INFO - [2023-06-16T18:50:48.250+0000] {dag.py:2726} INFO - Sync 1 DAGs
[2023-06-16T18:50:48.326+0000] {logging_mixin.py:149} INFO - [2023-06-16T18:50:48.325+0000] {dag.py:3490} INFO - Setting next_dagrun for example_sla_dag to 2023-06-16T18:48:00+00:00, run_after=2023-06-16T18:50:00+00:00
[2023-06-16T18:50:48.375+0000] {processor.py:179} INFO - Processing /home/airflow/.local/lib/python3.7/site-packages/airflow/example_dags/example_sla_dag.py took 0.234 seconds
[2023-06-16T18:51:18.806+0000] {processor.py:157} INFO - Started process (PID=806) to work on /home/airflow/.local/lib/python3.7/site-packages/airflow/example_dags/example_sla_dag.py
[2023-06-16T18:51:18.810+0000] {processor.py:826} INFO - Processing file /home/airflow/.local/lib/python3.7/site-packages/airflow/example_dags/example_sla_dag.py for tasks to queue
[2023-06-16T18:51:18.813+0000] {logging_mixin.py:149} INFO - [2023-06-16T18:51:18.812+0000] {dagbag.py:541} INFO - Filling up the DagBag from /home/airflow/.local/lib/python3.7/site-packages/airflow/example_dags/example_sla_dag.py
[2023-06-16T18:51:18.836+0000] {processor.py:836} INFO - DAG(s) dict_keys(['example_sla_dag']) retrieved from /home/airflow/.local/lib/python3.7/site-packages/airflow/example_dags/example_sla_dag.py
[2023-06-16T18:51:18.900+0000] {logging_mixin.py:149} INFO - [2023-06-16T18:51:18.899+0000] {dag.py:2726} INFO - Sync 1 DAGs
[2023-06-16T18:51:18.978+0000] {logging_mixin.py:149} INFO - [2023-06-16T18:51:18.978+0000] {dag.py:3490} INFO - Setting next_dagrun for example_sla_dag to 2023-06-16T18:48:00+00:00, run_after=2023-06-16T18:50:00+00:00
[2023-06-16T18:51:19.022+0000] {processor.py:179} INFO - Processing /home/airflow/.local/lib/python3.7/site-packages/airflow/example_dags/example_sla_dag.py took 0.225 seconds
[2023-06-16T18:51:49.402+0000] {processor.py:157} INFO - Started process (PID=864) to work on /home/airflow/.local/lib/python3.7/site-packages/airflow/example_dags/example_sla_dag.py
[2023-06-16T18:51:49.406+0000] {processor.py:826} INFO - Processing file /home/airflow/.local/lib/python3.7/site-packages/airflow/example_dags/example_sla_dag.py for tasks to queue
[2023-06-16T18:51:49.409+0000] {logging_mixin.py:149} INFO - [2023-06-16T18:51:49.409+0000] {dagbag.py:541} INFO - Filling up the DagBag from /home/airflow/.local/lib/python3.7/site-packages/airflow/example_dags/example_sla_dag.py
[2023-06-16T18:51:49.433+0000] {processor.py:836} INFO - DAG(s) dict_keys(['example_sla_dag']) retrieved from /home/airflow/.local/lib/python3.7/site-packages/airflow/example_dags/example_sla_dag.py
[2023-06-16T18:51:49.490+0000] {logging_mixin.py:149} INFO - [2023-06-16T18:51:49.489+0000] {dag.py:2726} INFO - Sync 1 DAGs
[2023-06-16T18:51:49.574+0000] {logging_mixin.py:149} INFO - [2023-06-16T18:51:49.574+0000] {dag.py:3490} INFO - Setting next_dagrun for example_sla_dag to 2023-06-16T18:48:00+00:00, run_after=2023-06-16T18:50:00+00:00
[2023-06-16T18:51:49.621+0000] {processor.py:179} INFO - Processing /home/airflow/.local/lib/python3.7/site-packages/airflow/example_dags/example_sla_dag.py took 0.227 seconds
[2023-06-16T18:52:19.943+0000] {processor.py:157} INFO - Started process (PID=921) to work on /home/airflow/.local/lib/python3.7/site-packages/airflow/example_dags/example_sla_dag.py
[2023-06-16T18:52:19.950+0000] {processor.py:826} INFO - Processing file /home/airflow/.local/lib/python3.7/site-packages/airflow/example_dags/example_sla_dag.py for tasks to queue
[2023-06-16T18:52:19.954+0000] {logging_mixin.py:149} INFO - [2023-06-16T18:52:19.954+0000] {dagbag.py:541} INFO - Filling up the DagBag from /home/airflow/.local/lib/python3.7/site-packages/airflow/example_dags/example_sla_dag.py
[2023-06-16T18:52:19.986+0000] {processor.py:836} INFO - DAG(s) dict_keys(['example_sla_dag']) retrieved from /home/airflow/.local/lib/python3.7/site-packages/airflow/example_dags/example_sla_dag.py
[2023-06-16T18:52:20.074+0000] {logging_mixin.py:149} INFO - [2023-06-16T18:52:20.074+0000] {dag.py:2726} INFO - Sync 1 DAGs
[2023-06-16T18:52:20.160+0000] {logging_mixin.py:149} INFO - [2023-06-16T18:52:20.160+0000] {dag.py:3490} INFO - Setting next_dagrun for example_sla_dag to 2023-06-16T18:50:00+00:00, run_after=2023-06-16T18:52:00+00:00
[2023-06-16T18:52:20.206+0000] {processor.py:179} INFO - Processing /home/airflow/.local/lib/python3.7/site-packages/airflow/example_dags/example_sla_dag.py took 0.273 seconds
[2023-06-16T18:52:53.149+0000] {processor.py:157} INFO - Started process (PID=979) to work on /home/airflow/.local/lib/python3.7/site-packages/airflow/example_dags/example_sla_dag.py
[2023-06-16T18:52:53.154+0000] {processor.py:826} INFO - Processing file /home/airflow/.local/lib/python3.7/site-packages/airflow/example_dags/example_sla_dag.py for tasks to queue
[2023-06-16T18:52:53.162+0000] {logging_mixin.py:149} INFO - [2023-06-16T18:52:53.161+0000] {dagbag.py:541} INFO - Filling up the DagBag from /home/airflow/.local/lib/python3.7/site-packages/airflow/example_dags/example_sla_dag.py
[2023-06-16T18:52:53.187+0000] {processor.py:836} INFO - DAG(s) dict_keys(['example_sla_dag']) retrieved from /home/airflow/.local/lib/python3.7/site-packages/airflow/example_dags/example_sla_dag.py
[2023-06-16T18:52:53.256+0000] {logging_mixin.py:149} INFO - [2023-06-16T18:52:53.255+0000] {dag.py:2726} INFO - Sync 1 DAGs
[2023-06-16T18:52:53.354+0000] {logging_mixin.py:149} INFO - [2023-06-16T18:52:53.354+0000] {dag.py:3490} INFO - Setting next_dagrun for example_sla_dag to 2023-06-16T18:50:00+00:00, run_after=2023-06-16T18:52:00+00:00
[2023-06-16T18:52:53.412+0000] {processor.py:179} INFO - Processing /home/airflow/.local/lib/python3.7/site-packages/airflow/example_dags/example_sla_dag.py took 0.279 seconds
[2023-06-16T18:53:24.353+0000] {processor.py:157} INFO - Started process (PID=1037) to work on /home/airflow/.local/lib/python3.7/site-packages/airflow/example_dags/example_sla_dag.py
[2023-06-16T18:53:24.359+0000] {processor.py:826} INFO - Processing file /home/airflow/.local/lib/python3.7/site-packages/airflow/example_dags/example_sla_dag.py for tasks to queue
[2023-06-16T18:53:24.363+0000] {logging_mixin.py:149} INFO - [2023-06-16T18:53:24.362+0000] {dagbag.py:541} INFO - Filling up the DagBag from /home/airflow/.local/lib/python3.7/site-packages/airflow/example_dags/example_sla_dag.py
[2023-06-16T18:53:24.410+0000] {processor.py:836} INFO - DAG(s) dict_keys(['example_sla_dag']) retrieved from /home/airflow/.local/lib/python3.7/site-packages/airflow/example_dags/example_sla_dag.py
[2023-06-16T18:53:24.543+0000] {logging_mixin.py:149} INFO - [2023-06-16T18:53:24.542+0000] {dag.py:2726} INFO - Sync 1 DAGs
[2023-06-16T18:53:24.659+0000] {logging_mixin.py:149} INFO - [2023-06-16T18:53:24.659+0000] {dag.py:3490} INFO - Setting next_dagrun for example_sla_dag to 2023-06-16T18:50:00+00:00, run_after=2023-06-16T18:52:00+00:00
[2023-06-16T18:53:24.712+0000] {processor.py:179} INFO - Processing /home/airflow/.local/lib/python3.7/site-packages/airflow/example_dags/example_sla_dag.py took 0.373 seconds
[2023-06-16T18:53:55.099+0000] {processor.py:157} INFO - Started process (PID=1094) to work on /home/airflow/.local/lib/python3.7/site-packages/airflow/example_dags/example_sla_dag.py
[2023-06-16T18:53:55.106+0000] {processor.py:826} INFO - Processing file /home/airflow/.local/lib/python3.7/site-packages/airflow/example_dags/example_sla_dag.py for tasks to queue
[2023-06-16T18:53:55.109+0000] {logging_mixin.py:149} INFO - [2023-06-16T18:53:55.109+0000] {dagbag.py:541} INFO - Filling up the DagBag from /home/airflow/.local/lib/python3.7/site-packages/airflow/example_dags/example_sla_dag.py
[2023-06-16T18:53:55.128+0000] {processor.py:836} INFO - DAG(s) dict_keys(['example_sla_dag']) retrieved from /home/airflow/.local/lib/python3.7/site-packages/airflow/example_dags/example_sla_dag.py
[2023-06-16T18:53:55.196+0000] {logging_mixin.py:149} INFO - [2023-06-16T18:53:55.195+0000] {dag.py:2726} INFO - Sync 1 DAGs
[2023-06-16T18:53:55.274+0000] {logging_mixin.py:149} INFO - [2023-06-16T18:53:55.273+0000] {dag.py:3490} INFO - Setting next_dagrun for example_sla_dag to 2023-06-16T18:50:00+00:00, run_after=2023-06-16T18:52:00+00:00
[2023-06-16T18:53:55.325+0000] {processor.py:179} INFO - Processing /home/airflow/.local/lib/python3.7/site-packages/airflow/example_dags/example_sla_dag.py took 0.235 seconds
[2023-06-16T18:54:25.526+0000] {processor.py:157} INFO - Started process (PID=1151) to work on /home/airflow/.local/lib/python3.7/site-packages/airflow/example_dags/example_sla_dag.py
[2023-06-16T18:54:25.532+0000] {processor.py:826} INFO - Processing file /home/airflow/.local/lib/python3.7/site-packages/airflow/example_dags/example_sla_dag.py for tasks to queue
[2023-06-16T18:54:25.538+0000] {logging_mixin.py:149} INFO - [2023-06-16T18:54:25.538+0000] {dagbag.py:541} INFO - Filling up the DagBag from /home/airflow/.local/lib/python3.7/site-packages/airflow/example_dags/example_sla_dag.py
[2023-06-16T18:54:25.583+0000] {processor.py:836} INFO - DAG(s) dict_keys(['example_sla_dag']) retrieved from /home/airflow/.local/lib/python3.7/site-packages/airflow/example_dags/example_sla_dag.py
[2023-06-16T18:54:25.683+0000] {logging_mixin.py:149} INFO - [2023-06-16T18:54:25.683+0000] {dag.py:2726} INFO - Sync 1 DAGs
[2023-06-16T18:54:25.843+0000] {logging_mixin.py:149} INFO - [2023-06-16T18:54:25.843+0000] {dag.py:3490} INFO - Setting next_dagrun for example_sla_dag to 2023-06-16T18:52:00+00:00, run_after=2023-06-16T18:54:00+00:00
[2023-06-16T18:54:25.912+0000] {processor.py:179} INFO - Processing /home/airflow/.local/lib/python3.7/site-packages/airflow/example_dags/example_sla_dag.py took 0.403 seconds
[2023-06-16T18:54:56.204+0000] {processor.py:157} INFO - Started process (PID=1210) to work on /home/airflow/.local/lib/python3.7/site-packages/airflow/example_dags/example_sla_dag.py
[2023-06-16T18:54:56.209+0000] {processor.py:826} INFO - Processing file /home/airflow/.local/lib/python3.7/site-packages/airflow/example_dags/example_sla_dag.py for tasks to queue
[2023-06-16T18:54:56.213+0000] {logging_mixin.py:149} INFO - [2023-06-16T18:54:56.213+0000] {dagbag.py:541} INFO - Filling up the DagBag from /home/airflow/.local/lib/python3.7/site-packages/airflow/example_dags/example_sla_dag.py
[2023-06-16T18:54:56.239+0000] {processor.py:836} INFO - DAG(s) dict_keys(['example_sla_dag']) retrieved from /home/airflow/.local/lib/python3.7/site-packages/airflow/example_dags/example_sla_dag.py
[2023-06-16T18:54:56.307+0000] {logging_mixin.py:149} INFO - [2023-06-16T18:54:56.307+0000] {dag.py:2726} INFO - Sync 1 DAGs
[2023-06-16T18:54:56.400+0000] {logging_mixin.py:149} INFO - [2023-06-16T18:54:56.400+0000] {dag.py:3490} INFO - Setting next_dagrun for example_sla_dag to 2023-06-16T18:52:00+00:00, run_after=2023-06-16T18:54:00+00:00
[2023-06-16T18:54:56.470+0000] {processor.py:179} INFO - Processing /home/airflow/.local/lib/python3.7/site-packages/airflow/example_dags/example_sla_dag.py took 0.276 seconds
[2023-06-16T18:55:27.442+0000] {processor.py:157} INFO - Started process (PID=1267) to work on /home/airflow/.local/lib/python3.7/site-packages/airflow/example_dags/example_sla_dag.py
[2023-06-16T18:55:27.450+0000] {processor.py:826} INFO - Processing file /home/airflow/.local/lib/python3.7/site-packages/airflow/example_dags/example_sla_dag.py for tasks to queue
[2023-06-16T18:55:27.458+0000] {logging_mixin.py:149} INFO - [2023-06-16T18:55:27.458+0000] {dagbag.py:541} INFO - Filling up the DagBag from /home/airflow/.local/lib/python3.7/site-packages/airflow/example_dags/example_sla_dag.py
[2023-06-16T18:55:27.490+0000] {processor.py:836} INFO - DAG(s) dict_keys(['example_sla_dag']) retrieved from /home/airflow/.local/lib/python3.7/site-packages/airflow/example_dags/example_sla_dag.py
[2023-06-16T18:55:27.569+0000] {logging_mixin.py:149} INFO - [2023-06-16T18:55:27.569+0000] {dag.py:2726} INFO - Sync 1 DAGs
[2023-06-16T18:55:27.651+0000] {logging_mixin.py:149} INFO - [2023-06-16T18:55:27.650+0000] {dag.py:3490} INFO - Setting next_dagrun for example_sla_dag to 2023-06-16T18:52:00+00:00, run_after=2023-06-16T18:54:00+00:00
[2023-06-16T18:55:27.693+0000] {processor.py:179} INFO - Processing /home/airflow/.local/lib/python3.7/site-packages/airflow/example_dags/example_sla_dag.py took 0.265 seconds
[2023-06-16T18:55:58.623+0000] {processor.py:157} INFO - Started process (PID=1324) to work on /home/airflow/.local/lib/python3.7/site-packages/airflow/example_dags/example_sla_dag.py
[2023-06-16T18:55:58.628+0000] {processor.py:826} INFO - Processing file /home/airflow/.local/lib/python3.7/site-packages/airflow/example_dags/example_sla_dag.py for tasks to queue
[2023-06-16T18:55:58.631+0000] {logging_mixin.py:149} INFO - [2023-06-16T18:55:58.631+0000] {dagbag.py:541} INFO - Filling up the DagBag from /home/airflow/.local/lib/python3.7/site-packages/airflow/example_dags/example_sla_dag.py
[2023-06-16T18:55:58.653+0000] {processor.py:836} INFO - DAG(s) dict_keys(['example_sla_dag']) retrieved from /home/airflow/.local/lib/python3.7/site-packages/airflow/example_dags/example_sla_dag.py
[2023-06-16T18:55:58.712+0000] {logging_mixin.py:149} INFO - [2023-06-16T18:55:58.712+0000] {dag.py:2726} INFO - Sync 1 DAGs
[2023-06-16T18:55:58.815+0000] {logging_mixin.py:149} INFO - [2023-06-16T18:55:58.809+0000] {dag.py:3490} INFO - Setting next_dagrun for example_sla_dag to 2023-06-16T18:52:00+00:00, run_after=2023-06-16T18:54:00+00:00
[2023-06-16T18:55:58.949+0000] {processor.py:179} INFO - Processing /home/airflow/.local/lib/python3.7/site-packages/airflow/example_dags/example_sla_dag.py took 0.335 seconds
[2023-06-16T18:56:29.291+0000] {processor.py:157} INFO - Started process (PID=1381) to work on /home/airflow/.local/lib/python3.7/site-packages/airflow/example_dags/example_sla_dag.py
[2023-06-16T18:56:29.295+0000] {processor.py:826} INFO - Processing file /home/airflow/.local/lib/python3.7/site-packages/airflow/example_dags/example_sla_dag.py for tasks to queue
[2023-06-16T18:56:29.298+0000] {logging_mixin.py:149} INFO - [2023-06-16T18:56:29.298+0000] {dagbag.py:541} INFO - Filling up the DagBag from /home/airflow/.local/lib/python3.7/site-packages/airflow/example_dags/example_sla_dag.py
[2023-06-16T18:56:29.324+0000] {processor.py:836} INFO - DAG(s) dict_keys(['example_sla_dag']) retrieved from /home/airflow/.local/lib/python3.7/site-packages/airflow/example_dags/example_sla_dag.py
[2023-06-16T18:56:29.385+0000] {logging_mixin.py:149} INFO - [2023-06-16T18:56:29.385+0000] {dag.py:2726} INFO - Sync 1 DAGs
[2023-06-16T18:56:29.453+0000] {logging_mixin.py:149} INFO - [2023-06-16T18:56:29.453+0000] {dag.py:3490} INFO - Setting next_dagrun for example_sla_dag to 2023-06-16T18:54:00+00:00, run_after=2023-06-16T18:56:00+00:00
[2023-06-16T18:56:29.504+0000] {processor.py:179} INFO - Processing /home/airflow/.local/lib/python3.7/site-packages/airflow/example_dags/example_sla_dag.py took 0.221 seconds
[2023-06-16T18:57:00.541+0000] {processor.py:157} INFO - Started process (PID=1438) to work on /home/airflow/.local/lib/python3.7/site-packages/airflow/example_dags/example_sla_dag.py
[2023-06-16T18:57:00.547+0000] {processor.py:826} INFO - Processing file /home/airflow/.local/lib/python3.7/site-packages/airflow/example_dags/example_sla_dag.py for tasks to queue
[2023-06-16T18:57:00.554+0000] {logging_mixin.py:149} INFO - [2023-06-16T18:57:00.554+0000] {dagbag.py:541} INFO - Filling up the DagBag from /home/airflow/.local/lib/python3.7/site-packages/airflow/example_dags/example_sla_dag.py
[2023-06-16T18:57:00.577+0000] {processor.py:836} INFO - DAG(s) dict_keys(['example_sla_dag']) retrieved from /home/airflow/.local/lib/python3.7/site-packages/airflow/example_dags/example_sla_dag.py
[2023-06-16T18:57:00.654+0000] {logging_mixin.py:149} INFO - [2023-06-16T18:57:00.653+0000] {dag.py:2726} INFO - Sync 1 DAGs
[2023-06-16T18:57:00.784+0000] {logging_mixin.py:149} INFO - [2023-06-16T18:57:00.783+0000] {dag.py:3490} INFO - Setting next_dagrun for example_sla_dag to 2023-06-16T18:54:00+00:00, run_after=2023-06-16T18:56:00+00:00
[2023-06-16T18:57:00.828+0000] {processor.py:179} INFO - Processing /home/airflow/.local/lib/python3.7/site-packages/airflow/example_dags/example_sla_dag.py took 0.299 seconds
[2023-06-16T18:57:31.821+0000] {processor.py:157} INFO - Started process (PID=1494) to work on /home/airflow/.local/lib/python3.7/site-packages/airflow/example_dags/example_sla_dag.py
[2023-06-16T18:57:31.825+0000] {processor.py:826} INFO - Processing file /home/airflow/.local/lib/python3.7/site-packages/airflow/example_dags/example_sla_dag.py for tasks to queue
[2023-06-16T18:57:31.829+0000] {logging_mixin.py:149} INFO - [2023-06-16T18:57:31.828+0000] {dagbag.py:541} INFO - Filling up the DagBag from /home/airflow/.local/lib/python3.7/site-packages/airflow/example_dags/example_sla_dag.py
[2023-06-16T18:57:31.851+0000] {processor.py:836} INFO - DAG(s) dict_keys(['example_sla_dag']) retrieved from /home/airflow/.local/lib/python3.7/site-packages/airflow/example_dags/example_sla_dag.py
[2023-06-16T18:57:31.923+0000] {logging_mixin.py:149} INFO - [2023-06-16T18:57:31.922+0000] {dag.py:2726} INFO - Sync 1 DAGs
[2023-06-16T18:57:32.034+0000] {logging_mixin.py:149} INFO - [2023-06-16T18:57:32.034+0000] {dag.py:3490} INFO - Setting next_dagrun for example_sla_dag to 2023-06-16T18:54:00+00:00, run_after=2023-06-16T18:56:00+00:00
[2023-06-16T18:57:32.136+0000] {processor.py:179} INFO - Processing /home/airflow/.local/lib/python3.7/site-packages/airflow/example_dags/example_sla_dag.py took 0.325 seconds
[2023-06-16T18:58:02.944+0000] {processor.py:157} INFO - Started process (PID=1551) to work on /home/airflow/.local/lib/python3.7/site-packages/airflow/example_dags/example_sla_dag.py
[2023-06-16T18:58:02.948+0000] {processor.py:826} INFO - Processing file /home/airflow/.local/lib/python3.7/site-packages/airflow/example_dags/example_sla_dag.py for tasks to queue
[2023-06-16T18:58:02.953+0000] {logging_mixin.py:149} INFO - [2023-06-16T18:58:02.952+0000] {dagbag.py:541} INFO - Filling up the DagBag from /home/airflow/.local/lib/python3.7/site-packages/airflow/example_dags/example_sla_dag.py
[2023-06-16T18:58:02.979+0000] {processor.py:836} INFO - DAG(s) dict_keys(['example_sla_dag']) retrieved from /home/airflow/.local/lib/python3.7/site-packages/airflow/example_dags/example_sla_dag.py
[2023-06-16T18:58:03.038+0000] {logging_mixin.py:149} INFO - [2023-06-16T18:58:03.037+0000] {dag.py:2726} INFO - Sync 1 DAGs
[2023-06-16T18:58:03.127+0000] {logging_mixin.py:149} INFO - [2023-06-16T18:58:03.126+0000] {dag.py:3490} INFO - Setting next_dagrun for example_sla_dag to 2023-06-16T18:56:00+00:00, run_after=2023-06-16T18:58:00+00:00
[2023-06-16T18:58:03.184+0000] {processor.py:179} INFO - Processing /home/airflow/.local/lib/python3.7/site-packages/airflow/example_dags/example_sla_dag.py took 0.251 seconds
[2023-06-16T18:58:33.418+0000] {processor.py:157} INFO - Started process (PID=1607) to work on /home/airflow/.local/lib/python3.7/site-packages/airflow/example_dags/example_sla_dag.py
[2023-06-16T18:58:33.424+0000] {processor.py:826} INFO - Processing file /home/airflow/.local/lib/python3.7/site-packages/airflow/example_dags/example_sla_dag.py for tasks to queue
[2023-06-16T18:58:33.446+0000] {logging_mixin.py:149} INFO - [2023-06-16T18:58:33.445+0000] {dagbag.py:541} INFO - Filling up the DagBag from /home/airflow/.local/lib/python3.7/site-packages/airflow/example_dags/example_sla_dag.py
[2023-06-16T18:58:33.474+0000] {processor.py:836} INFO - DAG(s) dict_keys(['example_sla_dag']) retrieved from /home/airflow/.local/lib/python3.7/site-packages/airflow/example_dags/example_sla_dag.py
[2023-06-16T18:58:33.556+0000] {logging_mixin.py:149} INFO - [2023-06-16T18:58:33.556+0000] {dag.py:2726} INFO - Sync 1 DAGs
[2023-06-16T18:58:33.655+0000] {logging_mixin.py:149} INFO - [2023-06-16T18:58:33.654+0000] {dag.py:3490} INFO - Setting next_dagrun for example_sla_dag to 2023-06-16T18:56:00+00:00, run_after=2023-06-16T18:58:00+00:00
[2023-06-16T18:58:33.712+0000] {processor.py:179} INFO - Processing /home/airflow/.local/lib/python3.7/site-packages/airflow/example_dags/example_sla_dag.py took 0.304 seconds
[2023-06-16T18:59:03.869+0000] {processor.py:157} INFO - Started process (PID=1664) to work on /home/airflow/.local/lib/python3.7/site-packages/airflow/example_dags/example_sla_dag.py
[2023-06-16T18:59:03.872+0000] {processor.py:826} INFO - Processing file /home/airflow/.local/lib/python3.7/site-packages/airflow/example_dags/example_sla_dag.py for tasks to queue
[2023-06-16T18:59:03.875+0000] {logging_mixin.py:149} INFO - [2023-06-16T18:59:03.874+0000] {dagbag.py:541} INFO - Filling up the DagBag from /home/airflow/.local/lib/python3.7/site-packages/airflow/example_dags/example_sla_dag.py
[2023-06-16T18:59:03.897+0000] {processor.py:836} INFO - DAG(s) dict_keys(['example_sla_dag']) retrieved from /home/airflow/.local/lib/python3.7/site-packages/airflow/example_dags/example_sla_dag.py
[2023-06-16T18:59:03.948+0000] {logging_mixin.py:149} INFO - [2023-06-16T18:59:03.948+0000] {dag.py:2726} INFO - Sync 1 DAGs
[2023-06-16T18:59:04.014+0000] {logging_mixin.py:149} INFO - [2023-06-16T18:59:04.013+0000] {dag.py:3490} INFO - Setting next_dagrun for example_sla_dag to 2023-06-16T18:56:00+00:00, run_after=2023-06-16T18:58:00+00:00
[2023-06-16T18:59:04.061+0000] {processor.py:179} INFO - Processing /home/airflow/.local/lib/python3.7/site-packages/airflow/example_dags/example_sla_dag.py took 0.201 seconds
[2023-06-16T18:59:34.277+0000] {processor.py:157} INFO - Started process (PID=1721) to work on /home/airflow/.local/lib/python3.7/site-packages/airflow/example_dags/example_sla_dag.py
[2023-06-16T18:59:34.280+0000] {processor.py:826} INFO - Processing file /home/airflow/.local/lib/python3.7/site-packages/airflow/example_dags/example_sla_dag.py for tasks to queue
[2023-06-16T18:59:34.283+0000] {logging_mixin.py:149} INFO - [2023-06-16T18:59:34.283+0000] {dagbag.py:541} INFO - Filling up the DagBag from /home/airflow/.local/lib/python3.7/site-packages/airflow/example_dags/example_sla_dag.py
[2023-06-16T18:59:34.305+0000] {processor.py:836} INFO - DAG(s) dict_keys(['example_sla_dag']) retrieved from /home/airflow/.local/lib/python3.7/site-packages/airflow/example_dags/example_sla_dag.py
[2023-06-16T18:59:34.354+0000] {logging_mixin.py:149} INFO - [2023-06-16T18:59:34.354+0000] {dag.py:2726} INFO - Sync 1 DAGs
[2023-06-16T18:59:34.415+0000] {logging_mixin.py:149} INFO - [2023-06-16T18:59:34.415+0000] {dag.py:3490} INFO - Setting next_dagrun for example_sla_dag to 2023-06-16T18:56:00+00:00, run_after=2023-06-16T18:58:00+00:00
[2023-06-16T18:59:34.455+0000] {processor.py:179} INFO - Processing /home/airflow/.local/lib/python3.7/site-packages/airflow/example_dags/example_sla_dag.py took 0.187 seconds
[2023-06-16T19:00:04.679+0000] {processor.py:157} INFO - Started process (PID=1778) to work on /home/airflow/.local/lib/python3.7/site-packages/airflow/example_dags/example_sla_dag.py
[2023-06-16T19:00:04.682+0000] {processor.py:826} INFO - Processing file /home/airflow/.local/lib/python3.7/site-packages/airflow/example_dags/example_sla_dag.py for tasks to queue
[2023-06-16T19:00:04.686+0000] {logging_mixin.py:149} INFO - [2023-06-16T19:00:04.685+0000] {dagbag.py:541} INFO - Filling up the DagBag from /home/airflow/.local/lib/python3.7/site-packages/airflow/example_dags/example_sla_dag.py
[2023-06-16T19:00:04.706+0000] {processor.py:836} INFO - DAG(s) dict_keys(['example_sla_dag']) retrieved from /home/airflow/.local/lib/python3.7/site-packages/airflow/example_dags/example_sla_dag.py
[2023-06-16T19:00:04.751+0000] {logging_mixin.py:149} INFO - [2023-06-16T19:00:04.751+0000] {dag.py:2726} INFO - Sync 1 DAGs
[2023-06-16T19:00:04.810+0000] {logging_mixin.py:149} INFO - [2023-06-16T19:00:04.810+0000] {dag.py:3490} INFO - Setting next_dagrun for example_sla_dag to 2023-06-16T18:58:00+00:00, run_after=2023-06-16T19:00:00+00:00
[2023-06-16T19:00:04.850+0000] {processor.py:179} INFO - Processing /home/airflow/.local/lib/python3.7/site-packages/airflow/example_dags/example_sla_dag.py took 0.179 seconds
[2023-06-16T19:00:35.466+0000] {processor.py:157} INFO - Started process (PID=1835) to work on /home/airflow/.local/lib/python3.7/site-packages/airflow/example_dags/example_sla_dag.py
[2023-06-16T19:00:35.469+0000] {processor.py:826} INFO - Processing file /home/airflow/.local/lib/python3.7/site-packages/airflow/example_dags/example_sla_dag.py for tasks to queue
[2023-06-16T19:00:35.472+0000] {logging_mixin.py:149} INFO - [2023-06-16T19:00:35.472+0000] {dagbag.py:541} INFO - Filling up the DagBag from /home/airflow/.local/lib/python3.7/site-packages/airflow/example_dags/example_sla_dag.py
[2023-06-16T19:00:35.492+0000] {processor.py:836} INFO - DAG(s) dict_keys(['example_sla_dag']) retrieved from /home/airflow/.local/lib/python3.7/site-packages/airflow/example_dags/example_sla_dag.py
[2023-06-16T19:00:35.543+0000] {logging_mixin.py:149} INFO - [2023-06-16T19:00:35.542+0000] {dag.py:2726} INFO - Sync 1 DAGs
[2023-06-16T19:00:35.593+0000] {logging_mixin.py:149} INFO - [2023-06-16T19:00:35.593+0000] {dag.py:3490} INFO - Setting next_dagrun for example_sla_dag to 2023-06-16T18:58:00+00:00, run_after=2023-06-16T19:00:00+00:00
[2023-06-16T19:00:35.632+0000] {processor.py:179} INFO - Processing /home/airflow/.local/lib/python3.7/site-packages/airflow/example_dags/example_sla_dag.py took 0.176 seconds
[2023-06-16T19:01:05.869+0000] {processor.py:157} INFO - Started process (PID=1892) to work on /home/airflow/.local/lib/python3.7/site-packages/airflow/example_dags/example_sla_dag.py
[2023-06-16T19:01:05.874+0000] {processor.py:826} INFO - Processing file /home/airflow/.local/lib/python3.7/site-packages/airflow/example_dags/example_sla_dag.py for tasks to queue
[2023-06-16T19:01:05.878+0000] {logging_mixin.py:149} INFO - [2023-06-16T19:01:05.877+0000] {dagbag.py:541} INFO - Filling up the DagBag from /home/airflow/.local/lib/python3.7/site-packages/airflow/example_dags/example_sla_dag.py
[2023-06-16T19:01:05.898+0000] {processor.py:836} INFO - DAG(s) dict_keys(['example_sla_dag']) retrieved from /home/airflow/.local/lib/python3.7/site-packages/airflow/example_dags/example_sla_dag.py
[2023-06-16T19:01:05.952+0000] {logging_mixin.py:149} INFO - [2023-06-16T19:01:05.952+0000] {dag.py:2726} INFO - Sync 1 DAGs
[2023-06-16T19:01:06.022+0000] {logging_mixin.py:149} INFO - [2023-06-16T19:01:06.021+0000] {dag.py:3490} INFO - Setting next_dagrun for example_sla_dag to 2023-06-16T18:58:00+00:00, run_after=2023-06-16T19:00:00+00:00
[2023-06-16T19:01:06.067+0000] {processor.py:179} INFO - Processing /home/airflow/.local/lib/python3.7/site-packages/airflow/example_dags/example_sla_dag.py took 0.206 seconds
[2023-06-16T19:01:36.330+0000] {processor.py:157} INFO - Started process (PID=1949) to work on /home/airflow/.local/lib/python3.7/site-packages/airflow/example_dags/example_sla_dag.py
[2023-06-16T19:01:36.334+0000] {processor.py:826} INFO - Processing file /home/airflow/.local/lib/python3.7/site-packages/airflow/example_dags/example_sla_dag.py for tasks to queue
[2023-06-16T19:01:36.337+0000] {logging_mixin.py:149} INFO - [2023-06-16T19:01:36.337+0000] {dagbag.py:541} INFO - Filling up the DagBag from /home/airflow/.local/lib/python3.7/site-packages/airflow/example_dags/example_sla_dag.py
[2023-06-16T19:01:36.358+0000] {processor.py:836} INFO - DAG(s) dict_keys(['example_sla_dag']) retrieved from /home/airflow/.local/lib/python3.7/site-packages/airflow/example_dags/example_sla_dag.py
[2023-06-16T19:01:36.410+0000] {logging_mixin.py:149} INFO - [2023-06-16T19:01:36.410+0000] {dag.py:2726} INFO - Sync 1 DAGs
[2023-06-16T19:01:36.476+0000] {logging_mixin.py:149} INFO - [2023-06-16T19:01:36.476+0000] {dag.py:3490} INFO - Setting next_dagrun for example_sla_dag to 2023-06-16T18:58:00+00:00, run_after=2023-06-16T19:00:00+00:00
[2023-06-16T19:01:36.519+0000] {processor.py:179} INFO - Processing /home/airflow/.local/lib/python3.7/site-packages/airflow/example_dags/example_sla_dag.py took 0.198 seconds
[2023-06-16T19:02:06.618+0000] {processor.py:157} INFO - Started process (PID=2006) to work on /home/airflow/.local/lib/python3.7/site-packages/airflow/example_dags/example_sla_dag.py
[2023-06-16T19:02:06.622+0000] {processor.py:826} INFO - Processing file /home/airflow/.local/lib/python3.7/site-packages/airflow/example_dags/example_sla_dag.py for tasks to queue
[2023-06-16T19:02:06.625+0000] {logging_mixin.py:149} INFO - [2023-06-16T19:02:06.625+0000] {dagbag.py:541} INFO - Filling up the DagBag from /home/airflow/.local/lib/python3.7/site-packages/airflow/example_dags/example_sla_dag.py
[2023-06-16T19:02:06.650+0000] {processor.py:836} INFO - DAG(s) dict_keys(['example_sla_dag']) retrieved from /home/airflow/.local/lib/python3.7/site-packages/airflow/example_dags/example_sla_dag.py
[2023-06-16T19:02:06.705+0000] {logging_mixin.py:149} INFO - [2023-06-16T19:02:06.705+0000] {dag.py:2726} INFO - Sync 1 DAGs
[2023-06-16T19:02:06.771+0000] {logging_mixin.py:149} INFO - [2023-06-16T19:02:06.770+0000] {dag.py:3490} INFO - Setting next_dagrun for example_sla_dag to 2023-06-16T19:00:00+00:00, run_after=2023-06-16T19:02:00+00:00
[2023-06-16T19:02:06.815+0000] {processor.py:179} INFO - Processing /home/airflow/.local/lib/python3.7/site-packages/airflow/example_dags/example_sla_dag.py took 0.205 seconds
[2023-06-16T19:02:37.158+0000] {processor.py:157} INFO - Started process (PID=2063) to work on /home/airflow/.local/lib/python3.7/site-packages/airflow/example_dags/example_sla_dag.py
[2023-06-16T19:02:37.163+0000] {processor.py:826} INFO - Processing file /home/airflow/.local/lib/python3.7/site-packages/airflow/example_dags/example_sla_dag.py for tasks to queue
[2023-06-16T19:02:37.168+0000] {logging_mixin.py:149} INFO - [2023-06-16T19:02:37.168+0000] {dagbag.py:541} INFO - Filling up the DagBag from /home/airflow/.local/lib/python3.7/site-packages/airflow/example_dags/example_sla_dag.py
[2023-06-16T19:02:37.190+0000] {processor.py:836} INFO - DAG(s) dict_keys(['example_sla_dag']) retrieved from /home/airflow/.local/lib/python3.7/site-packages/airflow/example_dags/example_sla_dag.py
[2023-06-16T19:02:37.243+0000] {logging_mixin.py:149} INFO - [2023-06-16T19:02:37.243+0000] {dag.py:2726} INFO - Sync 1 DAGs
[2023-06-16T19:02:37.308+0000] {logging_mixin.py:149} INFO - [2023-06-16T19:02:37.308+0000] {dag.py:3490} INFO - Setting next_dagrun for example_sla_dag to 2023-06-16T19:00:00+00:00, run_after=2023-06-16T19:02:00+00:00
[2023-06-16T19:02:37.348+0000] {processor.py:179} INFO - Processing /home/airflow/.local/lib/python3.7/site-packages/airflow/example_dags/example_sla_dag.py took 0.200 seconds
[2023-06-16T19:03:07.554+0000] {processor.py:157} INFO - Started process (PID=2121) to work on /home/airflow/.local/lib/python3.7/site-packages/airflow/example_dags/example_sla_dag.py
[2023-06-16T19:03:07.558+0000] {processor.py:826} INFO - Processing file /home/airflow/.local/lib/python3.7/site-packages/airflow/example_dags/example_sla_dag.py for tasks to queue
[2023-06-16T19:03:07.560+0000] {logging_mixin.py:149} INFO - [2023-06-16T19:03:07.560+0000] {dagbag.py:541} INFO - Filling up the DagBag from /home/airflow/.local/lib/python3.7/site-packages/airflow/example_dags/example_sla_dag.py
[2023-06-16T19:03:07.581+0000] {processor.py:836} INFO - DAG(s) dict_keys(['example_sla_dag']) retrieved from /home/airflow/.local/lib/python3.7/site-packages/airflow/example_dags/example_sla_dag.py
[2023-06-16T19:03:07.632+0000] {logging_mixin.py:149} INFO - [2023-06-16T19:03:07.632+0000] {dag.py:2726} INFO - Sync 1 DAGs
[2023-06-16T19:03:07.692+0000] {logging_mixin.py:149} INFO - [2023-06-16T19:03:07.691+0000] {dag.py:3490} INFO - Setting next_dagrun for example_sla_dag to 2023-06-16T19:00:00+00:00, run_after=2023-06-16T19:02:00+00:00
[2023-06-16T19:03:07.739+0000] {processor.py:179} INFO - Processing /home/airflow/.local/lib/python3.7/site-packages/airflow/example_dags/example_sla_dag.py took 0.193 seconds
[2023-06-16T19:03:38.196+0000] {processor.py:157} INFO - Started process (PID=2178) to work on /home/airflow/.local/lib/python3.7/site-packages/airflow/example_dags/example_sla_dag.py
[2023-06-16T19:03:38.199+0000] {processor.py:826} INFO - Processing file /home/airflow/.local/lib/python3.7/site-packages/airflow/example_dags/example_sla_dag.py for tasks to queue
[2023-06-16T19:03:38.202+0000] {logging_mixin.py:149} INFO - [2023-06-16T19:03:38.202+0000] {dagbag.py:541} INFO - Filling up the DagBag from /home/airflow/.local/lib/python3.7/site-packages/airflow/example_dags/example_sla_dag.py
[2023-06-16T19:03:38.223+0000] {processor.py:836} INFO - DAG(s) dict_keys(['example_sla_dag']) retrieved from /home/airflow/.local/lib/python3.7/site-packages/airflow/example_dags/example_sla_dag.py
[2023-06-16T19:03:38.285+0000] {logging_mixin.py:149} INFO - [2023-06-16T19:03:38.284+0000] {dag.py:2726} INFO - Sync 1 DAGs
[2023-06-16T19:03:38.352+0000] {logging_mixin.py:149} INFO - [2023-06-16T19:03:38.351+0000] {dag.py:3490} INFO - Setting next_dagrun for example_sla_dag to 2023-06-16T19:00:00+00:00, run_after=2023-06-16T19:02:00+00:00
[2023-06-16T19:03:38.393+0000] {processor.py:179} INFO - Processing /home/airflow/.local/lib/python3.7/site-packages/airflow/example_dags/example_sla_dag.py took 0.205 seconds
[2023-06-16T19:04:09.159+0000] {processor.py:157} INFO - Started process (PID=2234) to work on /home/airflow/.local/lib/python3.7/site-packages/airflow/example_dags/example_sla_dag.py
[2023-06-16T19:04:09.162+0000] {processor.py:826} INFO - Processing file /home/airflow/.local/lib/python3.7/site-packages/airflow/example_dags/example_sla_dag.py for tasks to queue
[2023-06-16T19:04:09.167+0000] {logging_mixin.py:149} INFO - [2023-06-16T19:04:09.166+0000] {dagbag.py:541} INFO - Filling up the DagBag from /home/airflow/.local/lib/python3.7/site-packages/airflow/example_dags/example_sla_dag.py
[2023-06-16T19:04:09.187+0000] {processor.py:836} INFO - DAG(s) dict_keys(['example_sla_dag']) retrieved from /home/airflow/.local/lib/python3.7/site-packages/airflow/example_dags/example_sla_dag.py
[2023-06-16T19:04:09.256+0000] {logging_mixin.py:149} INFO - [2023-06-16T19:04:09.256+0000] {dag.py:2726} INFO - Sync 1 DAGs
[2023-06-16T19:04:09.318+0000] {logging_mixin.py:149} INFO - [2023-06-16T19:04:09.318+0000] {dag.py:3490} INFO - Setting next_dagrun for example_sla_dag to 2023-06-16T19:02:00+00:00, run_after=2023-06-16T19:04:00+00:00
[2023-06-16T19:04:09.364+0000] {processor.py:179} INFO - Processing /home/airflow/.local/lib/python3.7/site-packages/airflow/example_dags/example_sla_dag.py took 0.214 seconds
[2023-06-16T19:04:40.245+0000] {processor.py:157} INFO - Started process (PID=2291) to work on /home/airflow/.local/lib/python3.7/site-packages/airflow/example_dags/example_sla_dag.py
[2023-06-16T19:04:40.248+0000] {processor.py:826} INFO - Processing file /home/airflow/.local/lib/python3.7/site-packages/airflow/example_dags/example_sla_dag.py for tasks to queue
[2023-06-16T19:04:40.252+0000] {logging_mixin.py:149} INFO - [2023-06-16T19:04:40.252+0000] {dagbag.py:541} INFO - Filling up the DagBag from /home/airflow/.local/lib/python3.7/site-packages/airflow/example_dags/example_sla_dag.py
[2023-06-16T19:04:40.277+0000] {processor.py:836} INFO - DAG(s) dict_keys(['example_sla_dag']) retrieved from /home/airflow/.local/lib/python3.7/site-packages/airflow/example_dags/example_sla_dag.py
[2023-06-16T19:04:40.331+0000] {logging_mixin.py:149} INFO - [2023-06-16T19:04:40.331+0000] {dag.py:2726} INFO - Sync 1 DAGs
[2023-06-16T19:04:40.399+0000] {logging_mixin.py:149} INFO - [2023-06-16T19:04:40.399+0000] {dag.py:3490} INFO - Setting next_dagrun for example_sla_dag to 2023-06-16T19:02:00+00:00, run_after=2023-06-16T19:04:00+00:00
[2023-06-16T19:04:40.445+0000] {processor.py:179} INFO - Processing /home/airflow/.local/lib/python3.7/site-packages/airflow/example_dags/example_sla_dag.py took 0.210 seconds
[2023-06-16T19:05:11.239+0000] {processor.py:157} INFO - Started process (PID=2348) to work on /home/airflow/.local/lib/python3.7/site-packages/airflow/example_dags/example_sla_dag.py
[2023-06-16T19:05:11.243+0000] {processor.py:826} INFO - Processing file /home/airflow/.local/lib/python3.7/site-packages/airflow/example_dags/example_sla_dag.py for tasks to queue
[2023-06-16T19:05:11.248+0000] {logging_mixin.py:149} INFO - [2023-06-16T19:05:11.247+0000] {dagbag.py:541} INFO - Filling up the DagBag from /home/airflow/.local/lib/python3.7/site-packages/airflow/example_dags/example_sla_dag.py
[2023-06-16T19:05:11.279+0000] {processor.py:836} INFO - DAG(s) dict_keys(['example_sla_dag']) retrieved from /home/airflow/.local/lib/python3.7/site-packages/airflow/example_dags/example_sla_dag.py
[2023-06-16T19:05:11.352+0000] {logging_mixin.py:149} INFO - [2023-06-16T19:05:11.352+0000] {dag.py:2726} INFO - Sync 1 DAGs
[2023-06-16T19:05:11.422+0000] {logging_mixin.py:149} INFO - [2023-06-16T19:05:11.422+0000] {dag.py:3490} INFO - Setting next_dagrun for example_sla_dag to 2023-06-16T19:02:00+00:00, run_after=2023-06-16T19:04:00+00:00
[2023-06-16T19:05:11.479+0000] {processor.py:179} INFO - Processing /home/airflow/.local/lib/python3.7/site-packages/airflow/example_dags/example_sla_dag.py took 0.250 seconds
[2023-06-16T19:05:42.012+0000] {processor.py:157} INFO - Started process (PID=2406) to work on /home/airflow/.local/lib/python3.7/site-packages/airflow/example_dags/example_sla_dag.py
[2023-06-16T19:05:42.017+0000] {processor.py:826} INFO - Processing file /home/airflow/.local/lib/python3.7/site-packages/airflow/example_dags/example_sla_dag.py for tasks to queue
[2023-06-16T19:05:42.020+0000] {logging_mixin.py:149} INFO - [2023-06-16T19:05:42.020+0000] {dagbag.py:541} INFO - Filling up the DagBag from /home/airflow/.local/lib/python3.7/site-packages/airflow/example_dags/example_sla_dag.py
[2023-06-16T19:05:42.043+0000] {processor.py:836} INFO - DAG(s) dict_keys(['example_sla_dag']) retrieved from /home/airflow/.local/lib/python3.7/site-packages/airflow/example_dags/example_sla_dag.py
[2023-06-16T19:05:42.098+0000] {logging_mixin.py:149} INFO - [2023-06-16T19:05:42.097+0000] {dag.py:2726} INFO - Sync 1 DAGs
[2023-06-16T19:05:42.165+0000] {logging_mixin.py:149} INFO - [2023-06-16T19:05:42.165+0000] {dag.py:3490} INFO - Setting next_dagrun for example_sla_dag to 2023-06-16T19:02:00+00:00, run_after=2023-06-16T19:04:00+00:00
[2023-06-16T19:05:42.209+0000] {processor.py:179} INFO - Processing /home/airflow/.local/lib/python3.7/site-packages/airflow/example_dags/example_sla_dag.py took 0.206 seconds
[2023-06-16T19:06:12.431+0000] {processor.py:157} INFO - Started process (PID=2463) to work on /home/airflow/.local/lib/python3.7/site-packages/airflow/example_dags/example_sla_dag.py
[2023-06-16T19:06:12.435+0000] {processor.py:826} INFO - Processing file /home/airflow/.local/lib/python3.7/site-packages/airflow/example_dags/example_sla_dag.py for tasks to queue
[2023-06-16T19:06:12.438+0000] {logging_mixin.py:149} INFO - [2023-06-16T19:06:12.437+0000] {dagbag.py:541} INFO - Filling up the DagBag from /home/airflow/.local/lib/python3.7/site-packages/airflow/example_dags/example_sla_dag.py
[2023-06-16T19:06:12.464+0000] {processor.py:836} INFO - DAG(s) dict_keys(['example_sla_dag']) retrieved from /home/airflow/.local/lib/python3.7/site-packages/airflow/example_dags/example_sla_dag.py
[2023-06-16T19:06:12.535+0000] {logging_mixin.py:149} INFO - [2023-06-16T19:06:12.534+0000] {dag.py:2726} INFO - Sync 1 DAGs
[2023-06-16T19:06:12.655+0000] {logging_mixin.py:149} INFO - [2023-06-16T19:06:12.655+0000] {dag.py:3490} INFO - Setting next_dagrun for example_sla_dag to 2023-06-16T19:04:00+00:00, run_after=2023-06-16T19:06:00+00:00
[2023-06-16T19:06:12.707+0000] {processor.py:179} INFO - Processing /home/airflow/.local/lib/python3.7/site-packages/airflow/example_dags/example_sla_dag.py took 0.285 seconds
[2023-06-16T19:06:42.985+0000] {processor.py:157} INFO - Started process (PID=2520) to work on /home/airflow/.local/lib/python3.7/site-packages/airflow/example_dags/example_sla_dag.py
[2023-06-16T19:06:42.990+0000] {processor.py:826} INFO - Processing file /home/airflow/.local/lib/python3.7/site-packages/airflow/example_dags/example_sla_dag.py for tasks to queue
[2023-06-16T19:06:42.994+0000] {logging_mixin.py:149} INFO - [2023-06-16T19:06:42.993+0000] {dagbag.py:541} INFO - Filling up the DagBag from /home/airflow/.local/lib/python3.7/site-packages/airflow/example_dags/example_sla_dag.py
[2023-06-16T19:06:43.022+0000] {processor.py:836} INFO - DAG(s) dict_keys(['example_sla_dag']) retrieved from /home/airflow/.local/lib/python3.7/site-packages/airflow/example_dags/example_sla_dag.py
[2023-06-16T19:06:43.094+0000] {logging_mixin.py:149} INFO - [2023-06-16T19:06:43.094+0000] {dag.py:2726} INFO - Sync 1 DAGs
[2023-06-16T19:06:43.161+0000] {logging_mixin.py:149} INFO - [2023-06-16T19:06:43.161+0000] {dag.py:3490} INFO - Setting next_dagrun for example_sla_dag to 2023-06-16T19:04:00+00:00, run_after=2023-06-16T19:06:00+00:00
[2023-06-16T19:06:43.205+0000] {processor.py:179} INFO - Processing /home/airflow/.local/lib/python3.7/site-packages/airflow/example_dags/example_sla_dag.py took 0.232 seconds
[2023-06-16T19:07:13.861+0000] {processor.py:157} INFO - Started process (PID=2577) to work on /home/airflow/.local/lib/python3.7/site-packages/airflow/example_dags/example_sla_dag.py
[2023-06-16T19:07:13.867+0000] {processor.py:826} INFO - Processing file /home/airflow/.local/lib/python3.7/site-packages/airflow/example_dags/example_sla_dag.py for tasks to queue
[2023-06-16T19:07:13.871+0000] {logging_mixin.py:149} INFO - [2023-06-16T19:07:13.871+0000] {dagbag.py:541} INFO - Filling up the DagBag from /home/airflow/.local/lib/python3.7/site-packages/airflow/example_dags/example_sla_dag.py
[2023-06-16T19:07:13.899+0000] {processor.py:836} INFO - DAG(s) dict_keys(['example_sla_dag']) retrieved from /home/airflow/.local/lib/python3.7/site-packages/airflow/example_dags/example_sla_dag.py
[2023-06-16T19:07:14.000+0000] {logging_mixin.py:149} INFO - [2023-06-16T19:07:13.999+0000] {dag.py:2726} INFO - Sync 1 DAGs
[2023-06-16T19:07:14.077+0000] {logging_mixin.py:149} INFO - [2023-06-16T19:07:14.077+0000] {dag.py:3490} INFO - Setting next_dagrun for example_sla_dag to 2023-06-16T19:04:00+00:00, run_after=2023-06-16T19:06:00+00:00
[2023-06-16T19:07:14.131+0000] {processor.py:179} INFO - Processing /home/airflow/.local/lib/python3.7/site-packages/airflow/example_dags/example_sla_dag.py took 0.279 seconds
[2023-06-16T19:07:44.436+0000] {processor.py:157} INFO - Started process (PID=2633) to work on /home/airflow/.local/lib/python3.7/site-packages/airflow/example_dags/example_sla_dag.py
[2023-06-16T19:07:44.441+0000] {processor.py:826} INFO - Processing file /home/airflow/.local/lib/python3.7/site-packages/airflow/example_dags/example_sla_dag.py for tasks to queue
[2023-06-16T19:07:44.446+0000] {logging_mixin.py:149} INFO - [2023-06-16T19:07:44.446+0000] {dagbag.py:541} INFO - Filling up the DagBag from /home/airflow/.local/lib/python3.7/site-packages/airflow/example_dags/example_sla_dag.py
[2023-06-16T19:07:44.471+0000] {processor.py:836} INFO - DAG(s) dict_keys(['example_sla_dag']) retrieved from /home/airflow/.local/lib/python3.7/site-packages/airflow/example_dags/example_sla_dag.py
[2023-06-16T19:07:44.530+0000] {logging_mixin.py:149} INFO - [2023-06-16T19:07:44.530+0000] {dag.py:2726} INFO - Sync 1 DAGs
[2023-06-16T19:07:44.595+0000] {logging_mixin.py:149} INFO - [2023-06-16T19:07:44.595+0000] {dag.py:3490} INFO - Setting next_dagrun for example_sla_dag to 2023-06-16T19:04:00+00:00, run_after=2023-06-16T19:06:00+00:00
[2023-06-16T19:07:44.643+0000] {processor.py:179} INFO - Processing /home/airflow/.local/lib/python3.7/site-packages/airflow/example_dags/example_sla_dag.py took 0.220 seconds
[2023-06-16T19:08:14.777+0000] {processor.py:157} INFO - Started process (PID=2685) to work on /home/airflow/.local/lib/python3.7/site-packages/airflow/example_dags/example_sla_dag.py
[2023-06-16T19:08:14.780+0000] {processor.py:826} INFO - Processing file /home/airflow/.local/lib/python3.7/site-packages/airflow/example_dags/example_sla_dag.py for tasks to queue
[2023-06-16T19:08:14.784+0000] {logging_mixin.py:149} INFO - [2023-06-16T19:08:14.784+0000] {dagbag.py:541} INFO - Filling up the DagBag from /home/airflow/.local/lib/python3.7/site-packages/airflow/example_dags/example_sla_dag.py
[2023-06-16T19:08:14.804+0000] {processor.py:836} INFO - DAG(s) dict_keys(['example_sla_dag']) retrieved from /home/airflow/.local/lib/python3.7/site-packages/airflow/example_dags/example_sla_dag.py
[2023-06-16T19:08:14.856+0000] {logging_mixin.py:149} INFO - [2023-06-16T19:08:14.855+0000] {dag.py:2726} INFO - Sync 1 DAGs
[2023-06-16T19:08:14.916+0000] {logging_mixin.py:149} INFO - [2023-06-16T19:08:14.916+0000] {dag.py:3490} INFO - Setting next_dagrun for example_sla_dag to 2023-06-16T19:06:00+00:00, run_after=2023-06-16T19:08:00+00:00
[2023-06-16T19:08:14.959+0000] {processor.py:179} INFO - Processing /home/airflow/.local/lib/python3.7/site-packages/airflow/example_dags/example_sla_dag.py took 0.191 seconds
[2023-06-16T19:08:45.117+0000] {processor.py:157} INFO - Started process (PID=2742) to work on /home/airflow/.local/lib/python3.7/site-packages/airflow/example_dags/example_sla_dag.py
[2023-06-16T19:08:45.123+0000] {processor.py:826} INFO - Processing file /home/airflow/.local/lib/python3.7/site-packages/airflow/example_dags/example_sla_dag.py for tasks to queue
[2023-06-16T19:08:45.126+0000] {logging_mixin.py:149} INFO - [2023-06-16T19:08:45.126+0000] {dagbag.py:541} INFO - Filling up the DagBag from /home/airflow/.local/lib/python3.7/site-packages/airflow/example_dags/example_sla_dag.py
[2023-06-16T19:08:45.157+0000] {processor.py:836} INFO - DAG(s) dict_keys(['example_sla_dag']) retrieved from /home/airflow/.local/lib/python3.7/site-packages/airflow/example_dags/example_sla_dag.py
[2023-06-16T19:08:45.227+0000] {logging_mixin.py:149} INFO - [2023-06-16T19:08:45.227+0000] {dag.py:2726} INFO - Sync 1 DAGs
[2023-06-16T19:08:45.304+0000] {logging_mixin.py:149} INFO - [2023-06-16T19:08:45.304+0000] {dag.py:3490} INFO - Setting next_dagrun for example_sla_dag to 2023-06-16T19:06:00+00:00, run_after=2023-06-16T19:08:00+00:00
[2023-06-16T19:08:45.351+0000] {processor.py:179} INFO - Processing /home/airflow/.local/lib/python3.7/site-packages/airflow/example_dags/example_sla_dag.py took 0.244 seconds
[2023-06-16T19:09:15.929+0000] {processor.py:157} INFO - Started process (PID=2799) to work on /home/airflow/.local/lib/python3.7/site-packages/airflow/example_dags/example_sla_dag.py
[2023-06-16T19:09:15.933+0000] {processor.py:826} INFO - Processing file /home/airflow/.local/lib/python3.7/site-packages/airflow/example_dags/example_sla_dag.py for tasks to queue
[2023-06-16T19:09:15.938+0000] {logging_mixin.py:149} INFO - [2023-06-16T19:09:15.938+0000] {dagbag.py:541} INFO - Filling up the DagBag from /home/airflow/.local/lib/python3.7/site-packages/airflow/example_dags/example_sla_dag.py
[2023-06-16T19:09:15.967+0000] {processor.py:836} INFO - DAG(s) dict_keys(['example_sla_dag']) retrieved from /home/airflow/.local/lib/python3.7/site-packages/airflow/example_dags/example_sla_dag.py
[2023-06-16T19:09:16.037+0000] {logging_mixin.py:149} INFO - [2023-06-16T19:09:16.037+0000] {dag.py:2726} INFO - Sync 1 DAGs
[2023-06-16T19:09:16.128+0000] {logging_mixin.py:149} INFO - [2023-06-16T19:09:16.127+0000] {dag.py:3490} INFO - Setting next_dagrun for example_sla_dag to 2023-06-16T19:06:00+00:00, run_after=2023-06-16T19:08:00+00:00
[2023-06-16T19:09:16.206+0000] {processor.py:179} INFO - Processing /home/airflow/.local/lib/python3.7/site-packages/airflow/example_dags/example_sla_dag.py took 0.288 seconds
[2023-06-16T19:09:46.538+0000] {processor.py:157} INFO - Started process (PID=2856) to work on /home/airflow/.local/lib/python3.7/site-packages/airflow/example_dags/example_sla_dag.py
[2023-06-16T19:09:46.541+0000] {processor.py:826} INFO - Processing file /home/airflow/.local/lib/python3.7/site-packages/airflow/example_dags/example_sla_dag.py for tasks to queue
[2023-06-16T19:09:46.545+0000] {logging_mixin.py:149} INFO - [2023-06-16T19:09:46.544+0000] {dagbag.py:541} INFO - Filling up the DagBag from /home/airflow/.local/lib/python3.7/site-packages/airflow/example_dags/example_sla_dag.py
[2023-06-16T19:09:46.567+0000] {processor.py:836} INFO - DAG(s) dict_keys(['example_sla_dag']) retrieved from /home/airflow/.local/lib/python3.7/site-packages/airflow/example_dags/example_sla_dag.py
[2023-06-16T19:09:46.623+0000] {logging_mixin.py:149} INFO - [2023-06-16T19:09:46.622+0000] {dag.py:2726} INFO - Sync 1 DAGs
[2023-06-16T19:09:46.685+0000] {logging_mixin.py:149} INFO - [2023-06-16T19:09:46.685+0000] {dag.py:3490} INFO - Setting next_dagrun for example_sla_dag to 2023-06-16T19:06:00+00:00, run_after=2023-06-16T19:08:00+00:00
[2023-06-16T19:09:46.730+0000] {processor.py:179} INFO - Processing /home/airflow/.local/lib/python3.7/site-packages/airflow/example_dags/example_sla_dag.py took 0.200 seconds
[2023-06-16T19:10:16.956+0000] {processor.py:157} INFO - Started process (PID=2913) to work on /home/airflow/.local/lib/python3.7/site-packages/airflow/example_dags/example_sla_dag.py
[2023-06-16T19:10:16.960+0000] {processor.py:826} INFO - Processing file /home/airflow/.local/lib/python3.7/site-packages/airflow/example_dags/example_sla_dag.py for tasks to queue
[2023-06-16T19:10:16.963+0000] {logging_mixin.py:149} INFO - [2023-06-16T19:10:16.963+0000] {dagbag.py:541} INFO - Filling up the DagBag from /home/airflow/.local/lib/python3.7/site-packages/airflow/example_dags/example_sla_dag.py
[2023-06-16T19:10:16.985+0000] {processor.py:836} INFO - DAG(s) dict_keys(['example_sla_dag']) retrieved from /home/airflow/.local/lib/python3.7/site-packages/airflow/example_dags/example_sla_dag.py
[2023-06-16T19:10:17.039+0000] {logging_mixin.py:149} INFO - [2023-06-16T19:10:17.038+0000] {dag.py:2726} INFO - Sync 1 DAGs
[2023-06-16T19:10:17.102+0000] {logging_mixin.py:149} INFO - [2023-06-16T19:10:17.102+0000] {dag.py:3490} INFO - Setting next_dagrun for example_sla_dag to 2023-06-16T19:08:00+00:00, run_after=2023-06-16T19:10:00+00:00
[2023-06-16T19:10:17.146+0000] {processor.py:179} INFO - Processing /home/airflow/.local/lib/python3.7/site-packages/airflow/example_dags/example_sla_dag.py took 0.199 seconds
[2023-06-16T19:10:47.578+0000] {processor.py:157} INFO - Started process (PID=2970) to work on /home/airflow/.local/lib/python3.7/site-packages/airflow/example_dags/example_sla_dag.py
[2023-06-16T19:10:47.581+0000] {processor.py:826} INFO - Processing file /home/airflow/.local/lib/python3.7/site-packages/airflow/example_dags/example_sla_dag.py for tasks to queue
[2023-06-16T19:10:47.585+0000] {logging_mixin.py:149} INFO - [2023-06-16T19:10:47.585+0000] {dagbag.py:541} INFO - Filling up the DagBag from /home/airflow/.local/lib/python3.7/site-packages/airflow/example_dags/example_sla_dag.py
[2023-06-16T19:10:47.607+0000] {processor.py:836} INFO - DAG(s) dict_keys(['example_sla_dag']) retrieved from /home/airflow/.local/lib/python3.7/site-packages/airflow/example_dags/example_sla_dag.py
[2023-06-16T19:10:47.661+0000] {logging_mixin.py:149} INFO - [2023-06-16T19:10:47.661+0000] {dag.py:2726} INFO - Sync 1 DAGs
[2023-06-16T19:10:47.726+0000] {logging_mixin.py:149} INFO - [2023-06-16T19:10:47.726+0000] {dag.py:3490} INFO - Setting next_dagrun for example_sla_dag to 2023-06-16T19:08:00+00:00, run_after=2023-06-16T19:10:00+00:00
[2023-06-16T19:10:47.771+0000] {processor.py:179} INFO - Processing /home/airflow/.local/lib/python3.7/site-packages/airflow/example_dags/example_sla_dag.py took 0.201 seconds
[2023-06-16T19:11:18.264+0000] {processor.py:157} INFO - Started process (PID=3027) to work on /home/airflow/.local/lib/python3.7/site-packages/airflow/example_dags/example_sla_dag.py
[2023-06-16T19:11:18.272+0000] {processor.py:826} INFO - Processing file /home/airflow/.local/lib/python3.7/site-packages/airflow/example_dags/example_sla_dag.py for tasks to queue
[2023-06-16T19:11:18.276+0000] {logging_mixin.py:149} INFO - [2023-06-16T19:11:18.276+0000] {dagbag.py:541} INFO - Filling up the DagBag from /home/airflow/.local/lib/python3.7/site-packages/airflow/example_dags/example_sla_dag.py
[2023-06-16T19:11:18.316+0000] {processor.py:836} INFO - DAG(s) dict_keys(['example_sla_dag']) retrieved from /home/airflow/.local/lib/python3.7/site-packages/airflow/example_dags/example_sla_dag.py
[2023-06-16T19:11:18.402+0000] {logging_mixin.py:149} INFO - [2023-06-16T19:11:18.402+0000] {dag.py:2726} INFO - Sync 1 DAGs
[2023-06-16T19:11:18.523+0000] {logging_mixin.py:149} INFO - [2023-06-16T19:11:18.523+0000] {dag.py:3490} INFO - Setting next_dagrun for example_sla_dag to 2023-06-16T19:08:00+00:00, run_after=2023-06-16T19:10:00+00:00
[2023-06-16T19:11:18.589+0000] {processor.py:179} INFO - Processing /home/airflow/.local/lib/python3.7/site-packages/airflow/example_dags/example_sla_dag.py took 0.336 seconds
[2023-06-16T19:11:49.057+0000] {processor.py:157} INFO - Started process (PID=3084) to work on /home/airflow/.local/lib/python3.7/site-packages/airflow/example_dags/example_sla_dag.py
[2023-06-16T19:11:49.062+0000] {processor.py:826} INFO - Processing file /home/airflow/.local/lib/python3.7/site-packages/airflow/example_dags/example_sla_dag.py for tasks to queue
[2023-06-16T19:11:49.066+0000] {logging_mixin.py:149} INFO - [2023-06-16T19:11:49.065+0000] {dagbag.py:541} INFO - Filling up the DagBag from /home/airflow/.local/lib/python3.7/site-packages/airflow/example_dags/example_sla_dag.py
[2023-06-16T19:11:49.085+0000] {processor.py:836} INFO - DAG(s) dict_keys(['example_sla_dag']) retrieved from /home/airflow/.local/lib/python3.7/site-packages/airflow/example_dags/example_sla_dag.py
[2023-06-16T19:11:49.150+0000] {logging_mixin.py:149} INFO - [2023-06-16T19:11:49.150+0000] {dag.py:2726} INFO - Sync 1 DAGs
[2023-06-16T19:11:49.238+0000] {logging_mixin.py:149} INFO - [2023-06-16T19:11:49.238+0000] {dag.py:3490} INFO - Setting next_dagrun for example_sla_dag to 2023-06-16T19:08:00+00:00, run_after=2023-06-16T19:10:00+00:00
[2023-06-16T19:11:49.296+0000] {processor.py:179} INFO - Processing /home/airflow/.local/lib/python3.7/site-packages/airflow/example_dags/example_sla_dag.py took 0.247 seconds
[2023-06-16T19:12:19.461+0000] {processor.py:157} INFO - Started process (PID=3142) to work on /home/airflow/.local/lib/python3.7/site-packages/airflow/example_dags/example_sla_dag.py
[2023-06-16T19:12:19.465+0000] {processor.py:826} INFO - Processing file /home/airflow/.local/lib/python3.7/site-packages/airflow/example_dags/example_sla_dag.py for tasks to queue
[2023-06-16T19:12:19.469+0000] {logging_mixin.py:149} INFO - [2023-06-16T19:12:19.469+0000] {dagbag.py:541} INFO - Filling up the DagBag from /home/airflow/.local/lib/python3.7/site-packages/airflow/example_dags/example_sla_dag.py
[2023-06-16T19:12:19.491+0000] {processor.py:836} INFO - DAG(s) dict_keys(['example_sla_dag']) retrieved from /home/airflow/.local/lib/python3.7/site-packages/airflow/example_dags/example_sla_dag.py
[2023-06-16T19:12:19.544+0000] {logging_mixin.py:149} INFO - [2023-06-16T19:12:19.543+0000] {dag.py:2726} INFO - Sync 1 DAGs
[2023-06-16T19:12:19.614+0000] {logging_mixin.py:149} INFO - [2023-06-16T19:12:19.613+0000] {dag.py:3490} INFO - Setting next_dagrun for example_sla_dag to 2023-06-16T19:10:00+00:00, run_after=2023-06-16T19:12:00+00:00
[2023-06-16T19:12:19.661+0000] {processor.py:179} INFO - Processing /home/airflow/.local/lib/python3.7/site-packages/airflow/example_dags/example_sla_dag.py took 0.209 seconds
[2023-06-16T19:12:50.512+0000] {processor.py:157} INFO - Started process (PID=3199) to work on /home/airflow/.local/lib/python3.7/site-packages/airflow/example_dags/example_sla_dag.py
[2023-06-16T19:12:50.518+0000] {processor.py:826} INFO - Processing file /home/airflow/.local/lib/python3.7/site-packages/airflow/example_dags/example_sla_dag.py for tasks to queue
[2023-06-16T19:12:50.522+0000] {logging_mixin.py:149} INFO - [2023-06-16T19:12:50.522+0000] {dagbag.py:541} INFO - Filling up the DagBag from /home/airflow/.local/lib/python3.7/site-packages/airflow/example_dags/example_sla_dag.py
[2023-06-16T19:12:50.544+0000] {processor.py:836} INFO - DAG(s) dict_keys(['example_sla_dag']) retrieved from /home/airflow/.local/lib/python3.7/site-packages/airflow/example_dags/example_sla_dag.py
[2023-06-16T19:12:50.611+0000] {logging_mixin.py:149} INFO - [2023-06-16T19:12:50.610+0000] {dag.py:2726} INFO - Sync 1 DAGs
[2023-06-16T19:12:50.670+0000] {logging_mixin.py:149} INFO - [2023-06-16T19:12:50.670+0000] {dag.py:3490} INFO - Setting next_dagrun for example_sla_dag to 2023-06-16T19:10:00+00:00, run_after=2023-06-16T19:12:00+00:00
[2023-06-16T19:12:50.708+0000] {processor.py:179} INFO - Processing /home/airflow/.local/lib/python3.7/site-packages/airflow/example_dags/example_sla_dag.py took 0.207 seconds
[2023-06-16T19:13:20.944+0000] {processor.py:157} INFO - Started process (PID=3256) to work on /home/airflow/.local/lib/python3.7/site-packages/airflow/example_dags/example_sla_dag.py
[2023-06-16T19:13:20.949+0000] {processor.py:826} INFO - Processing file /home/airflow/.local/lib/python3.7/site-packages/airflow/example_dags/example_sla_dag.py for tasks to queue
[2023-06-16T19:13:20.952+0000] {logging_mixin.py:149} INFO - [2023-06-16T19:13:20.952+0000] {dagbag.py:541} INFO - Filling up the DagBag from /home/airflow/.local/lib/python3.7/site-packages/airflow/example_dags/example_sla_dag.py
[2023-06-16T19:13:20.975+0000] {processor.py:836} INFO - DAG(s) dict_keys(['example_sla_dag']) retrieved from /home/airflow/.local/lib/python3.7/site-packages/airflow/example_dags/example_sla_dag.py
[2023-06-16T19:13:21.028+0000] {logging_mixin.py:149} INFO - [2023-06-16T19:13:21.028+0000] {dag.py:2726} INFO - Sync 1 DAGs
[2023-06-16T19:13:21.089+0000] {logging_mixin.py:149} INFO - [2023-06-16T19:13:21.089+0000] {dag.py:3490} INFO - Setting next_dagrun for example_sla_dag to 2023-06-16T19:10:00+00:00, run_after=2023-06-16T19:12:00+00:00
[2023-06-16T19:13:21.128+0000] {processor.py:179} INFO - Processing /home/airflow/.local/lib/python3.7/site-packages/airflow/example_dags/example_sla_dag.py took 0.194 seconds
[2023-06-16T19:13:51.583+0000] {processor.py:157} INFO - Started process (PID=3313) to work on /home/airflow/.local/lib/python3.7/site-packages/airflow/example_dags/example_sla_dag.py
[2023-06-16T19:13:51.587+0000] {processor.py:826} INFO - Processing file /home/airflow/.local/lib/python3.7/site-packages/airflow/example_dags/example_sla_dag.py for tasks to queue
[2023-06-16T19:13:51.595+0000] {logging_mixin.py:149} INFO - [2023-06-16T19:13:51.595+0000] {dagbag.py:541} INFO - Filling up the DagBag from /home/airflow/.local/lib/python3.7/site-packages/airflow/example_dags/example_sla_dag.py
[2023-06-16T19:13:51.615+0000] {processor.py:836} INFO - DAG(s) dict_keys(['example_sla_dag']) retrieved from /home/airflow/.local/lib/python3.7/site-packages/airflow/example_dags/example_sla_dag.py
[2023-06-16T19:13:51.668+0000] {logging_mixin.py:149} INFO - [2023-06-16T19:13:51.668+0000] {dag.py:2726} INFO - Sync 1 DAGs
[2023-06-16T19:13:51.728+0000] {logging_mixin.py:149} INFO - [2023-06-16T19:13:51.728+0000] {dag.py:3490} INFO - Setting next_dagrun for example_sla_dag to 2023-06-16T19:10:00+00:00, run_after=2023-06-16T19:12:00+00:00
[2023-06-16T19:13:51.766+0000] {processor.py:179} INFO - Processing /home/airflow/.local/lib/python3.7/site-packages/airflow/example_dags/example_sla_dag.py took 0.191 seconds
[2023-06-16T19:14:22.950+0000] {processor.py:157} INFO - Started process (PID=3377) to work on /home/airflow/.local/lib/python3.7/site-packages/airflow/example_dags/example_sla_dag.py
[2023-06-16T19:14:22.955+0000] {processor.py:826} INFO - Processing file /home/airflow/.local/lib/python3.7/site-packages/airflow/example_dags/example_sla_dag.py for tasks to queue
[2023-06-16T19:14:22.959+0000] {logging_mixin.py:149} INFO - [2023-06-16T19:14:22.958+0000] {dagbag.py:541} INFO - Filling up the DagBag from /home/airflow/.local/lib/python3.7/site-packages/airflow/example_dags/example_sla_dag.py
[2023-06-16T19:14:22.986+0000] {processor.py:836} INFO - DAG(s) dict_keys(['example_sla_dag']) retrieved from /home/airflow/.local/lib/python3.7/site-packages/airflow/example_dags/example_sla_dag.py
[2023-06-16T19:14:23.055+0000] {logging_mixin.py:149} INFO - [2023-06-16T19:14:23.054+0000] {dag.py:2726} INFO - Sync 1 DAGs
[2023-06-16T19:14:23.139+0000] {logging_mixin.py:149} INFO - [2023-06-16T19:14:23.138+0000] {dag.py:3490} INFO - Setting next_dagrun for example_sla_dag to 2023-06-16T19:12:00+00:00, run_after=2023-06-16T19:14:00+00:00
[2023-06-16T19:14:23.195+0000] {processor.py:179} INFO - Processing /home/airflow/.local/lib/python3.7/site-packages/airflow/example_dags/example_sla_dag.py took 0.262 seconds
[2023-06-16T19:14:53.365+0000] {processor.py:157} INFO - Started process (PID=3435) to work on /home/airflow/.local/lib/python3.7/site-packages/airflow/example_dags/example_sla_dag.py
[2023-06-16T19:14:53.369+0000] {processor.py:826} INFO - Processing file /home/airflow/.local/lib/python3.7/site-packages/airflow/example_dags/example_sla_dag.py for tasks to queue
[2023-06-16T19:14:53.372+0000] {logging_mixin.py:149} INFO - [2023-06-16T19:14:53.372+0000] {dagbag.py:541} INFO - Filling up the DagBag from /home/airflow/.local/lib/python3.7/site-packages/airflow/example_dags/example_sla_dag.py
[2023-06-16T19:14:53.395+0000] {processor.py:836} INFO - DAG(s) dict_keys(['example_sla_dag']) retrieved from /home/airflow/.local/lib/python3.7/site-packages/airflow/example_dags/example_sla_dag.py
[2023-06-16T19:14:53.452+0000] {logging_mixin.py:149} INFO - [2023-06-16T19:14:53.451+0000] {dag.py:2726} INFO - Sync 1 DAGs
[2023-06-16T19:14:53.509+0000] {logging_mixin.py:149} INFO - [2023-06-16T19:14:53.509+0000] {dag.py:3490} INFO - Setting next_dagrun for example_sla_dag to 2023-06-16T19:12:00+00:00, run_after=2023-06-16T19:14:00+00:00
[2023-06-16T19:14:53.549+0000] {processor.py:179} INFO - Processing /home/airflow/.local/lib/python3.7/site-packages/airflow/example_dags/example_sla_dag.py took 0.194 seconds
[2023-06-16T19:15:23.772+0000] {processor.py:157} INFO - Started process (PID=3492) to work on /home/airflow/.local/lib/python3.7/site-packages/airflow/example_dags/example_sla_dag.py
[2023-06-16T19:15:23.779+0000] {processor.py:826} INFO - Processing file /home/airflow/.local/lib/python3.7/site-packages/airflow/example_dags/example_sla_dag.py for tasks to queue
[2023-06-16T19:15:23.783+0000] {logging_mixin.py:149} INFO - [2023-06-16T19:15:23.783+0000] {dagbag.py:541} INFO - Filling up the DagBag from /home/airflow/.local/lib/python3.7/site-packages/airflow/example_dags/example_sla_dag.py
[2023-06-16T19:15:23.810+0000] {processor.py:836} INFO - DAG(s) dict_keys(['example_sla_dag']) retrieved from /home/airflow/.local/lib/python3.7/site-packages/airflow/example_dags/example_sla_dag.py
[2023-06-16T19:15:23.875+0000] {logging_mixin.py:149} INFO - [2023-06-16T19:15:23.874+0000] {dag.py:2726} INFO - Sync 1 DAGs
[2023-06-16T19:15:23.966+0000] {logging_mixin.py:149} INFO - [2023-06-16T19:15:23.965+0000] {dag.py:3490} INFO - Setting next_dagrun for example_sla_dag to 2023-06-16T19:12:00+00:00, run_after=2023-06-16T19:14:00+00:00
[2023-06-16T19:15:24.017+0000] {processor.py:179} INFO - Processing /home/airflow/.local/lib/python3.7/site-packages/airflow/example_dags/example_sla_dag.py took 0.255 seconds
[2023-06-16T19:15:55.052+0000] {processor.py:157} INFO - Started process (PID=3549) to work on /home/airflow/.local/lib/python3.7/site-packages/airflow/example_dags/example_sla_dag.py
[2023-06-16T19:15:55.065+0000] {processor.py:826} INFO - Processing file /home/airflow/.local/lib/python3.7/site-packages/airflow/example_dags/example_sla_dag.py for tasks to queue
[2023-06-16T19:15:55.073+0000] {logging_mixin.py:149} INFO - [2023-06-16T19:15:55.073+0000] {dagbag.py:541} INFO - Filling up the DagBag from /home/airflow/.local/lib/python3.7/site-packages/airflow/example_dags/example_sla_dag.py
[2023-06-16T19:15:55.102+0000] {processor.py:836} INFO - DAG(s) dict_keys(['example_sla_dag']) retrieved from /home/airflow/.local/lib/python3.7/site-packages/airflow/example_dags/example_sla_dag.py
[2023-06-16T19:15:55.209+0000] {logging_mixin.py:149} INFO - [2023-06-16T19:15:55.209+0000] {dag.py:2726} INFO - Sync 1 DAGs
[2023-06-16T19:15:55.320+0000] {logging_mixin.py:149} INFO - [2023-06-16T19:15:55.319+0000] {dag.py:3490} INFO - Setting next_dagrun for example_sla_dag to 2023-06-16T19:12:00+00:00, run_after=2023-06-16T19:14:00+00:00
[2023-06-16T19:15:55.386+0000] {processor.py:179} INFO - Processing /home/airflow/.local/lib/python3.7/site-packages/airflow/example_dags/example_sla_dag.py took 0.344 seconds
[2023-06-16T19:16:25.949+0000] {processor.py:157} INFO - Started process (PID=3606) to work on /home/airflow/.local/lib/python3.7/site-packages/airflow/example_dags/example_sla_dag.py
[2023-06-16T19:16:25.953+0000] {processor.py:826} INFO - Processing file /home/airflow/.local/lib/python3.7/site-packages/airflow/example_dags/example_sla_dag.py for tasks to queue
[2023-06-16T19:16:25.956+0000] {logging_mixin.py:149} INFO - [2023-06-16T19:16:25.956+0000] {dagbag.py:541} INFO - Filling up the DagBag from /home/airflow/.local/lib/python3.7/site-packages/airflow/example_dags/example_sla_dag.py
[2023-06-16T19:16:25.980+0000] {processor.py:836} INFO - DAG(s) dict_keys(['example_sla_dag']) retrieved from /home/airflow/.local/lib/python3.7/site-packages/airflow/example_dags/example_sla_dag.py
[2023-06-16T19:16:26.045+0000] {logging_mixin.py:149} INFO - [2023-06-16T19:16:26.045+0000] {dag.py:2726} INFO - Sync 1 DAGs
[2023-06-16T19:16:26.109+0000] {logging_mixin.py:149} INFO - [2023-06-16T19:16:26.109+0000] {dag.py:3490} INFO - Setting next_dagrun for example_sla_dag to 2023-06-16T19:14:00+00:00, run_after=2023-06-16T19:16:00+00:00
[2023-06-16T19:16:26.154+0000] {processor.py:179} INFO - Processing /home/airflow/.local/lib/python3.7/site-packages/airflow/example_dags/example_sla_dag.py took 0.213 seconds
[2023-06-16T19:16:56.366+0000] {processor.py:157} INFO - Started process (PID=3663) to work on /home/airflow/.local/lib/python3.7/site-packages/airflow/example_dags/example_sla_dag.py
[2023-06-16T19:16:56.370+0000] {processor.py:826} INFO - Processing file /home/airflow/.local/lib/python3.7/site-packages/airflow/example_dags/example_sla_dag.py for tasks to queue
[2023-06-16T19:16:56.375+0000] {logging_mixin.py:149} INFO - [2023-06-16T19:16:56.375+0000] {dagbag.py:541} INFO - Filling up the DagBag from /home/airflow/.local/lib/python3.7/site-packages/airflow/example_dags/example_sla_dag.py
[2023-06-16T19:16:56.399+0000] {processor.py:836} INFO - DAG(s) dict_keys(['example_sla_dag']) retrieved from /home/airflow/.local/lib/python3.7/site-packages/airflow/example_dags/example_sla_dag.py
[2023-06-16T19:16:56.464+0000] {logging_mixin.py:149} INFO - [2023-06-16T19:16:56.464+0000] {dag.py:2726} INFO - Sync 1 DAGs
[2023-06-16T19:16:56.534+0000] {logging_mixin.py:149} INFO - [2023-06-16T19:16:56.534+0000] {dag.py:3490} INFO - Setting next_dagrun for example_sla_dag to 2023-06-16T19:14:00+00:00, run_after=2023-06-16T19:16:00+00:00
[2023-06-16T19:16:56.574+0000] {processor.py:179} INFO - Processing /home/airflow/.local/lib/python3.7/site-packages/airflow/example_dags/example_sla_dag.py took 0.217 seconds
[2023-06-16T19:17:26.854+0000] {processor.py:157} INFO - Started process (PID=3720) to work on /home/airflow/.local/lib/python3.7/site-packages/airflow/example_dags/example_sla_dag.py
[2023-06-16T19:17:26.862+0000] {processor.py:826} INFO - Processing file /home/airflow/.local/lib/python3.7/site-packages/airflow/example_dags/example_sla_dag.py for tasks to queue
[2023-06-16T19:17:26.873+0000] {logging_mixin.py:149} INFO - [2023-06-16T19:17:26.872+0000] {dagbag.py:541} INFO - Filling up the DagBag from /home/airflow/.local/lib/python3.7/site-packages/airflow/example_dags/example_sla_dag.py
[2023-06-16T19:17:26.909+0000] {processor.py:836} INFO - DAG(s) dict_keys(['example_sla_dag']) retrieved from /home/airflow/.local/lib/python3.7/site-packages/airflow/example_dags/example_sla_dag.py
[2023-06-16T19:17:26.984+0000] {logging_mixin.py:149} INFO - [2023-06-16T19:17:26.983+0000] {dag.py:2726} INFO - Sync 1 DAGs
[2023-06-16T19:17:27.057+0000] {logging_mixin.py:149} INFO - [2023-06-16T19:17:27.056+0000] {dag.py:3490} INFO - Setting next_dagrun for example_sla_dag to 2023-06-16T19:14:00+00:00, run_after=2023-06-16T19:16:00+00:00
[2023-06-16T19:17:27.105+0000] {processor.py:179} INFO - Processing /home/airflow/.local/lib/python3.7/site-packages/airflow/example_dags/example_sla_dag.py took 0.268 seconds
[2023-06-16T19:17:58.005+0000] {processor.py:157} INFO - Started process (PID=3777) to work on /home/airflow/.local/lib/python3.7/site-packages/airflow/example_dags/example_sla_dag.py
[2023-06-16T19:17:58.009+0000] {processor.py:826} INFO - Processing file /home/airflow/.local/lib/python3.7/site-packages/airflow/example_dags/example_sla_dag.py for tasks to queue
[2023-06-16T19:17:58.013+0000] {logging_mixin.py:149} INFO - [2023-06-16T19:17:58.012+0000] {dagbag.py:541} INFO - Filling up the DagBag from /home/airflow/.local/lib/python3.7/site-packages/airflow/example_dags/example_sla_dag.py
[2023-06-16T19:17:58.042+0000] {processor.py:836} INFO - DAG(s) dict_keys(['example_sla_dag']) retrieved from /home/airflow/.local/lib/python3.7/site-packages/airflow/example_dags/example_sla_dag.py
[2023-06-16T19:17:58.100+0000] {logging_mixin.py:149} INFO - [2023-06-16T19:17:58.099+0000] {dag.py:2726} INFO - Sync 1 DAGs
[2023-06-16T19:17:58.172+0000] {logging_mixin.py:149} INFO - [2023-06-16T19:17:58.171+0000] {dag.py:3490} INFO - Setting next_dagrun for example_sla_dag to 2023-06-16T19:14:00+00:00, run_after=2023-06-16T19:16:00+00:00
[2023-06-16T19:17:58.216+0000] {processor.py:179} INFO - Processing /home/airflow/.local/lib/python3.7/site-packages/airflow/example_dags/example_sla_dag.py took 0.221 seconds
[2023-06-16T19:18:28.483+0000] {processor.py:157} INFO - Started process (PID=3834) to work on /home/airflow/.local/lib/python3.7/site-packages/airflow/example_dags/example_sla_dag.py
[2023-06-16T19:18:28.487+0000] {processor.py:826} INFO - Processing file /home/airflow/.local/lib/python3.7/site-packages/airflow/example_dags/example_sla_dag.py for tasks to queue
[2023-06-16T19:18:28.490+0000] {logging_mixin.py:149} INFO - [2023-06-16T19:18:28.490+0000] {dagbag.py:541} INFO - Filling up the DagBag from /home/airflow/.local/lib/python3.7/site-packages/airflow/example_dags/example_sla_dag.py
[2023-06-16T19:18:28.516+0000] {processor.py:836} INFO - DAG(s) dict_keys(['example_sla_dag']) retrieved from /home/airflow/.local/lib/python3.7/site-packages/airflow/example_dags/example_sla_dag.py
[2023-06-16T19:18:28.588+0000] {logging_mixin.py:149} INFO - [2023-06-16T19:18:28.588+0000] {dag.py:2726} INFO - Sync 1 DAGs
[2023-06-16T19:18:28.657+0000] {logging_mixin.py:149} INFO - [2023-06-16T19:18:28.657+0000] {dag.py:3490} INFO - Setting next_dagrun for example_sla_dag to 2023-06-16T19:16:00+00:00, run_after=2023-06-16T19:18:00+00:00
[2023-06-16T19:18:28.712+0000] {processor.py:179} INFO - Processing /home/airflow/.local/lib/python3.7/site-packages/airflow/example_dags/example_sla_dag.py took 0.239 seconds
[2023-06-16T19:18:58.992+0000] {processor.py:157} INFO - Started process (PID=3891) to work on /home/airflow/.local/lib/python3.7/site-packages/airflow/example_dags/example_sla_dag.py
[2023-06-16T19:18:58.996+0000] {processor.py:826} INFO - Processing file /home/airflow/.local/lib/python3.7/site-packages/airflow/example_dags/example_sla_dag.py for tasks to queue
[2023-06-16T19:18:59.000+0000] {logging_mixin.py:149} INFO - [2023-06-16T19:18:58.999+0000] {dagbag.py:541} INFO - Filling up the DagBag from /home/airflow/.local/lib/python3.7/site-packages/airflow/example_dags/example_sla_dag.py
[2023-06-16T19:18:59.024+0000] {processor.py:836} INFO - DAG(s) dict_keys(['example_sla_dag']) retrieved from /home/airflow/.local/lib/python3.7/site-packages/airflow/example_dags/example_sla_dag.py
[2023-06-16T19:18:59.099+0000] {logging_mixin.py:149} INFO - [2023-06-16T19:18:59.098+0000] {dag.py:2726} INFO - Sync 1 DAGs
[2023-06-16T19:18:59.189+0000] {logging_mixin.py:149} INFO - [2023-06-16T19:18:59.188+0000] {dag.py:3490} INFO - Setting next_dagrun for example_sla_dag to 2023-06-16T19:16:00+00:00, run_after=2023-06-16T19:18:00+00:00
[2023-06-16T19:18:59.234+0000] {processor.py:179} INFO - Processing /home/airflow/.local/lib/python3.7/site-packages/airflow/example_dags/example_sla_dag.py took 0.247 seconds
[2023-06-16T19:19:29.699+0000] {processor.py:157} INFO - Started process (PID=3949) to work on /home/airflow/.local/lib/python3.7/site-packages/airflow/example_dags/example_sla_dag.py
[2023-06-16T19:19:29.703+0000] {processor.py:826} INFO - Processing file /home/airflow/.local/lib/python3.7/site-packages/airflow/example_dags/example_sla_dag.py for tasks to queue
[2023-06-16T19:19:29.706+0000] {logging_mixin.py:149} INFO - [2023-06-16T19:19:29.706+0000] {dagbag.py:541} INFO - Filling up the DagBag from /home/airflow/.local/lib/python3.7/site-packages/airflow/example_dags/example_sla_dag.py
[2023-06-16T19:19:29.729+0000] {processor.py:836} INFO - DAG(s) dict_keys(['example_sla_dag']) retrieved from /home/airflow/.local/lib/python3.7/site-packages/airflow/example_dags/example_sla_dag.py
[2023-06-16T19:19:29.800+0000] {logging_mixin.py:149} INFO - [2023-06-16T19:19:29.800+0000] {dag.py:2726} INFO - Sync 1 DAGs
[2023-06-16T19:19:29.870+0000] {logging_mixin.py:149} INFO - [2023-06-16T19:19:29.870+0000] {dag.py:3490} INFO - Setting next_dagrun for example_sla_dag to 2023-06-16T19:16:00+00:00, run_after=2023-06-16T19:18:00+00:00
[2023-06-16T19:19:29.918+0000] {processor.py:179} INFO - Processing /home/airflow/.local/lib/python3.7/site-packages/airflow/example_dags/example_sla_dag.py took 0.227 seconds
[2023-06-16T19:20:00.614+0000] {processor.py:157} INFO - Started process (PID=4006) to work on /home/airflow/.local/lib/python3.7/site-packages/airflow/example_dags/example_sla_dag.py
[2023-06-16T19:20:00.617+0000] {processor.py:826} INFO - Processing file /home/airflow/.local/lib/python3.7/site-packages/airflow/example_dags/example_sla_dag.py for tasks to queue
[2023-06-16T19:20:00.622+0000] {logging_mixin.py:149} INFO - [2023-06-16T19:20:00.622+0000] {dagbag.py:541} INFO - Filling up the DagBag from /home/airflow/.local/lib/python3.7/site-packages/airflow/example_dags/example_sla_dag.py
[2023-06-16T19:20:00.661+0000] {processor.py:836} INFO - DAG(s) dict_keys(['example_sla_dag']) retrieved from /home/airflow/.local/lib/python3.7/site-packages/airflow/example_dags/example_sla_dag.py
[2023-06-16T19:20:00.749+0000] {logging_mixin.py:149} INFO - [2023-06-16T19:20:00.749+0000] {dag.py:2726} INFO - Sync 1 DAGs
[2023-06-16T19:20:01.038+0000] {logging_mixin.py:149} INFO - [2023-06-16T19:20:01.038+0000] {dag.py:3490} INFO - Setting next_dagrun for example_sla_dag to 2023-06-16T19:18:00+00:00, run_after=2023-06-16T19:20:00+00:00
[2023-06-16T19:20:01.093+0000] {processor.py:179} INFO - Processing /home/airflow/.local/lib/python3.7/site-packages/airflow/example_dags/example_sla_dag.py took 0.487 seconds
[2023-06-16T19:20:31.867+0000] {processor.py:157} INFO - Started process (PID=4063) to work on /home/airflow/.local/lib/python3.7/site-packages/airflow/example_dags/example_sla_dag.py
[2023-06-16T19:20:31.870+0000] {processor.py:826} INFO - Processing file /home/airflow/.local/lib/python3.7/site-packages/airflow/example_dags/example_sla_dag.py for tasks to queue
[2023-06-16T19:20:31.873+0000] {logging_mixin.py:149} INFO - [2023-06-16T19:20:31.873+0000] {dagbag.py:541} INFO - Filling up the DagBag from /home/airflow/.local/lib/python3.7/site-packages/airflow/example_dags/example_sla_dag.py
[2023-06-16T19:20:31.896+0000] {processor.py:836} INFO - DAG(s) dict_keys(['example_sla_dag']) retrieved from /home/airflow/.local/lib/python3.7/site-packages/airflow/example_dags/example_sla_dag.py
[2023-06-16T19:20:31.966+0000] {logging_mixin.py:149} INFO - [2023-06-16T19:20:31.965+0000] {dag.py:2726} INFO - Sync 1 DAGs
[2023-06-16T19:20:32.041+0000] {logging_mixin.py:149} INFO - [2023-06-16T19:20:32.041+0000] {dag.py:3490} INFO - Setting next_dagrun for example_sla_dag to 2023-06-16T19:18:00+00:00, run_after=2023-06-16T19:20:00+00:00
[2023-06-16T19:20:32.086+0000] {processor.py:179} INFO - Processing /home/airflow/.local/lib/python3.7/site-packages/airflow/example_dags/example_sla_dag.py took 0.229 seconds
[2023-06-16T19:21:02.934+0000] {processor.py:157} INFO - Started process (PID=4120) to work on /home/airflow/.local/lib/python3.7/site-packages/airflow/example_dags/example_sla_dag.py
[2023-06-16T19:21:02.939+0000] {processor.py:826} INFO - Processing file /home/airflow/.local/lib/python3.7/site-packages/airflow/example_dags/example_sla_dag.py for tasks to queue
[2023-06-16T19:21:02.943+0000] {logging_mixin.py:149} INFO - [2023-06-16T19:21:02.942+0000] {dagbag.py:541} INFO - Filling up the DagBag from /home/airflow/.local/lib/python3.7/site-packages/airflow/example_dags/example_sla_dag.py
[2023-06-16T19:21:02.963+0000] {processor.py:836} INFO - DAG(s) dict_keys(['example_sla_dag']) retrieved from /home/airflow/.local/lib/python3.7/site-packages/airflow/example_dags/example_sla_dag.py
[2023-06-16T19:21:03.023+0000] {logging_mixin.py:149} INFO - [2023-06-16T19:21:03.023+0000] {dag.py:2726} INFO - Sync 1 DAGs
[2023-06-16T19:21:03.114+0000] {logging_mixin.py:149} INFO - [2023-06-16T19:21:03.113+0000] {dag.py:3490} INFO - Setting next_dagrun for example_sla_dag to 2023-06-16T19:18:00+00:00, run_after=2023-06-16T19:20:00+00:00
[2023-06-16T19:21:03.157+0000] {processor.py:179} INFO - Processing /home/airflow/.local/lib/python3.7/site-packages/airflow/example_dags/example_sla_dag.py took 0.232 seconds
[2023-06-16T19:21:33.325+0000] {processor.py:157} INFO - Started process (PID=4177) to work on /home/airflow/.local/lib/python3.7/site-packages/airflow/example_dags/example_sla_dag.py
[2023-06-16T19:21:33.328+0000] {processor.py:826} INFO - Processing file /home/airflow/.local/lib/python3.7/site-packages/airflow/example_dags/example_sla_dag.py for tasks to queue
[2023-06-16T19:21:33.332+0000] {logging_mixin.py:149} INFO - [2023-06-16T19:21:33.332+0000] {dagbag.py:541} INFO - Filling up the DagBag from /home/airflow/.local/lib/python3.7/site-packages/airflow/example_dags/example_sla_dag.py
[2023-06-16T19:21:33.357+0000] {processor.py:836} INFO - DAG(s) dict_keys(['example_sla_dag']) retrieved from /home/airflow/.local/lib/python3.7/site-packages/airflow/example_dags/example_sla_dag.py
[2023-06-16T19:21:33.415+0000] {logging_mixin.py:149} INFO - [2023-06-16T19:21:33.414+0000] {dag.py:2726} INFO - Sync 1 DAGs
[2023-06-16T19:21:33.480+0000] {logging_mixin.py:149} INFO - [2023-06-16T19:21:33.480+0000] {dag.py:3490} INFO - Setting next_dagrun for example_sla_dag to 2023-06-16T19:18:00+00:00, run_after=2023-06-16T19:20:00+00:00
[2023-06-16T19:21:33.524+0000] {processor.py:179} INFO - Processing /home/airflow/.local/lib/python3.7/site-packages/airflow/example_dags/example_sla_dag.py took 0.207 seconds
[2023-06-16T19:22:03.979+0000] {processor.py:157} INFO - Started process (PID=4234) to work on /home/airflow/.local/lib/python3.7/site-packages/airflow/example_dags/example_sla_dag.py
[2023-06-16T19:22:03.982+0000] {processor.py:826} INFO - Processing file /home/airflow/.local/lib/python3.7/site-packages/airflow/example_dags/example_sla_dag.py for tasks to queue
[2023-06-16T19:22:03.988+0000] {logging_mixin.py:149} INFO - [2023-06-16T19:22:03.987+0000] {dagbag.py:541} INFO - Filling up the DagBag from /home/airflow/.local/lib/python3.7/site-packages/airflow/example_dags/example_sla_dag.py
[2023-06-16T19:22:04.013+0000] {processor.py:836} INFO - DAG(s) dict_keys(['example_sla_dag']) retrieved from /home/airflow/.local/lib/python3.7/site-packages/airflow/example_dags/example_sla_dag.py
[2023-06-16T19:22:04.086+0000] {logging_mixin.py:149} INFO - [2023-06-16T19:22:04.085+0000] {dag.py:2726} INFO - Sync 1 DAGs
[2023-06-16T19:22:04.174+0000] {logging_mixin.py:149} INFO - [2023-06-16T19:22:04.174+0000] {dag.py:3490} INFO - Setting next_dagrun for example_sla_dag to 2023-06-16T19:20:00+00:00, run_after=2023-06-16T19:22:00+00:00
[2023-06-16T19:22:04.231+0000] {processor.py:179} INFO - Processing /home/airflow/.local/lib/python3.7/site-packages/airflow/example_dags/example_sla_dag.py took 0.262 seconds
[2023-06-16T19:22:34.603+0000] {processor.py:157} INFO - Started process (PID=4291) to work on /home/airflow/.local/lib/python3.7/site-packages/airflow/example_dags/example_sla_dag.py
[2023-06-16T19:22:34.615+0000] {processor.py:826} INFO - Processing file /home/airflow/.local/lib/python3.7/site-packages/airflow/example_dags/example_sla_dag.py for tasks to queue
[2023-06-16T19:22:34.620+0000] {logging_mixin.py:149} INFO - [2023-06-16T19:22:34.620+0000] {dagbag.py:541} INFO - Filling up the DagBag from /home/airflow/.local/lib/python3.7/site-packages/airflow/example_dags/example_sla_dag.py
[2023-06-16T19:22:34.644+0000] {processor.py:836} INFO - DAG(s) dict_keys(['example_sla_dag']) retrieved from /home/airflow/.local/lib/python3.7/site-packages/airflow/example_dags/example_sla_dag.py
[2023-06-16T19:22:34.705+0000] {logging_mixin.py:149} INFO - [2023-06-16T19:22:34.705+0000] {dag.py:2726} INFO - Sync 1 DAGs
[2023-06-16T19:22:34.766+0000] {logging_mixin.py:149} INFO - [2023-06-16T19:22:34.766+0000] {dag.py:3490} INFO - Setting next_dagrun for example_sla_dag to 2023-06-16T19:20:00+00:00, run_after=2023-06-16T19:22:00+00:00
[2023-06-16T19:22:34.818+0000] {processor.py:179} INFO - Processing /home/airflow/.local/lib/python3.7/site-packages/airflow/example_dags/example_sla_dag.py took 0.229 seconds
[2023-06-16T19:23:05.117+0000] {processor.py:157} INFO - Started process (PID=4348) to work on /home/airflow/.local/lib/python3.7/site-packages/airflow/example_dags/example_sla_dag.py
[2023-06-16T19:23:05.122+0000] {processor.py:826} INFO - Processing file /home/airflow/.local/lib/python3.7/site-packages/airflow/example_dags/example_sla_dag.py for tasks to queue
[2023-06-16T19:23:05.127+0000] {logging_mixin.py:149} INFO - [2023-06-16T19:23:05.127+0000] {dagbag.py:541} INFO - Filling up the DagBag from /home/airflow/.local/lib/python3.7/site-packages/airflow/example_dags/example_sla_dag.py
[2023-06-16T19:23:05.153+0000] {processor.py:836} INFO - DAG(s) dict_keys(['example_sla_dag']) retrieved from /home/airflow/.local/lib/python3.7/site-packages/airflow/example_dags/example_sla_dag.py
[2023-06-16T19:23:05.225+0000] {logging_mixin.py:149} INFO - [2023-06-16T19:23:05.225+0000] {dag.py:2726} INFO - Sync 1 DAGs
[2023-06-16T19:23:05.313+0000] {logging_mixin.py:149} INFO - [2023-06-16T19:23:05.312+0000] {dag.py:3490} INFO - Setting next_dagrun for example_sla_dag to 2023-06-16T19:20:00+00:00, run_after=2023-06-16T19:22:00+00:00
[2023-06-16T19:23:05.366+0000] {processor.py:179} INFO - Processing /home/airflow/.local/lib/python3.7/site-packages/airflow/example_dags/example_sla_dag.py took 0.258 seconds
