[2023-06-16T11:02:15.732+0700] {processor.py:157} INFO - Started process (PID=88980) to work on /Library/Frameworks/Python.framework/Versions/3.11/lib/python3.11/site-packages/airflow/example_dags/example_branch_operator.py
[2023-06-16T11:02:15.733+0700] {processor.py:826} INFO - Processing file /Library/Frameworks/Python.framework/Versions/3.11/lib/python3.11/site-packages/airflow/example_dags/example_branch_operator.py for tasks to queue
[2023-06-16T11:02:15.733+0700] {logging_mixin.py:149} INFO - [2023-06-16T11:02:15.733+0700] {dagbag.py:541} INFO - Filling up the DagBag from /Library/Frameworks/Python.framework/Versions/3.11/lib/python3.11/site-packages/airflow/example_dags/example_branch_operator.py
[2023-06-16T11:02:15.770+0700] {processor.py:836} INFO - DAG(s) dict_keys(['example_branch_operator']) retrieved from /Library/Frameworks/Python.framework/Versions/3.11/lib/python3.11/site-packages/airflow/example_dags/example_branch_operator.py
[2023-06-16T11:02:16.794+0700] {logging_mixin.py:149} INFO - [2023-06-16T11:02:16.794+0700] {dag.py:2726} INFO - Sync 1 DAGs
[2023-06-16T11:02:16.817+0700] {logging_mixin.py:149} INFO - [2023-06-16T11:02:16.817+0700] {dag.py:3486} INFO - Setting next_dagrun for example_branch_operator to 2023-06-15T00:00:00+00:00, run_after=2023-06-16T00:00:00+00:00
[2023-06-16T11:02:16.840+0700] {processor.py:179} INFO - Processing /Library/Frameworks/Python.framework/Versions/3.11/lib/python3.11/site-packages/airflow/example_dags/example_branch_operator.py took 1.109 seconds
[2023-06-16T11:07:27.796+0700] {processor.py:157} INFO - Started process (PID=89625) to work on /Library/Frameworks/Python.framework/Versions/3.11/lib/python3.11/site-packages/airflow/example_dags/example_branch_operator.py
[2023-06-16T11:07:27.797+0700] {processor.py:826} INFO - Processing file /Library/Frameworks/Python.framework/Versions/3.11/lib/python3.11/site-packages/airflow/example_dags/example_branch_operator.py for tasks to queue
[2023-06-16T11:07:27.798+0700] {logging_mixin.py:149} INFO - [2023-06-16T11:07:27.798+0700] {dagbag.py:541} INFO - Filling up the DagBag from /Library/Frameworks/Python.framework/Versions/3.11/lib/python3.11/site-packages/airflow/example_dags/example_branch_operator.py
[2023-06-16T11:07:27.851+0700] {processor.py:836} INFO - DAG(s) dict_keys(['example_branch_operator']) retrieved from /Library/Frameworks/Python.framework/Versions/3.11/lib/python3.11/site-packages/airflow/example_dags/example_branch_operator.py
[2023-06-16T11:07:29.151+0700] {logging_mixin.py:149} INFO - [2023-06-16T11:07:29.150+0700] {dag.py:2726} INFO - Sync 1 DAGs
[2023-06-16T11:07:29.178+0700] {logging_mixin.py:149} INFO - [2023-06-16T11:07:29.178+0700] {dag.py:3486} INFO - Setting next_dagrun for example_branch_operator to 2023-06-15T00:00:00+00:00, run_after=2023-06-16T00:00:00+00:00
[2023-06-16T11:07:29.236+0700] {processor.py:179} INFO - Processing /Library/Frameworks/Python.framework/Versions/3.11/lib/python3.11/site-packages/airflow/example_dags/example_branch_operator.py took 1.441 seconds
[2023-06-16T11:14:21.211+0700] {processor.py:157} INFO - Started process (PID=90497) to work on /Library/Frameworks/Python.framework/Versions/3.11/lib/python3.11/site-packages/airflow/example_dags/example_branch_operator.py
[2023-06-16T11:14:21.212+0700] {processor.py:826} INFO - Processing file /Library/Frameworks/Python.framework/Versions/3.11/lib/python3.11/site-packages/airflow/example_dags/example_branch_operator.py for tasks to queue
[2023-06-16T11:14:21.213+0700] {logging_mixin.py:149} INFO - [2023-06-16T11:14:21.213+0700] {dagbag.py:541} INFO - Filling up the DagBag from /Library/Frameworks/Python.framework/Versions/3.11/lib/python3.11/site-packages/airflow/example_dags/example_branch_operator.py
[2023-06-16T11:14:21.267+0700] {processor.py:836} INFO - DAG(s) dict_keys(['example_branch_operator']) retrieved from /Library/Frameworks/Python.framework/Versions/3.11/lib/python3.11/site-packages/airflow/example_dags/example_branch_operator.py
[2023-06-16T11:14:22.671+0700] {logging_mixin.py:149} INFO - [2023-06-16T11:14:22.670+0700] {dag.py:2726} INFO - Sync 1 DAGs
[2023-06-16T11:14:22.697+0700] {logging_mixin.py:149} INFO - [2023-06-16T11:14:22.697+0700] {dag.py:3486} INFO - Setting next_dagrun for example_branch_operator to 2023-06-15T00:00:00+00:00, run_after=2023-06-16T00:00:00+00:00
[2023-06-16T11:14:22.724+0700] {processor.py:179} INFO - Processing /Library/Frameworks/Python.framework/Versions/3.11/lib/python3.11/site-packages/airflow/example_dags/example_branch_operator.py took 1.514 seconds
[2023-06-16T11:20:42.719+0700] {processor.py:157} INFO - Started process (PID=91293) to work on /Library/Frameworks/Python.framework/Versions/3.11/lib/python3.11/site-packages/airflow/example_dags/example_branch_operator.py
[2023-06-16T11:20:42.720+0700] {processor.py:826} INFO - Processing file /Library/Frameworks/Python.framework/Versions/3.11/lib/python3.11/site-packages/airflow/example_dags/example_branch_operator.py for tasks to queue
[2023-06-16T11:20:42.721+0700] {logging_mixin.py:149} INFO - [2023-06-16T11:20:42.721+0700] {dagbag.py:541} INFO - Filling up the DagBag from /Library/Frameworks/Python.framework/Versions/3.11/lib/python3.11/site-packages/airflow/example_dags/example_branch_operator.py
[2023-06-16T11:20:42.772+0700] {processor.py:836} INFO - DAG(s) dict_keys(['example_branch_operator']) retrieved from /Library/Frameworks/Python.framework/Versions/3.11/lib/python3.11/site-packages/airflow/example_dags/example_branch_operator.py
[2023-06-16T11:20:44.178+0700] {logging_mixin.py:149} INFO - [2023-06-16T11:20:44.178+0700] {dag.py:2726} INFO - Sync 1 DAGs
[2023-06-16T11:20:44.202+0700] {logging_mixin.py:149} INFO - [2023-06-16T11:20:44.202+0700] {dag.py:3486} INFO - Setting next_dagrun for example_branch_operator to 2023-06-15T00:00:00+00:00, run_after=2023-06-16T00:00:00+00:00
[2023-06-16T11:20:44.222+0700] {processor.py:179} INFO - Processing /Library/Frameworks/Python.framework/Versions/3.11/lib/python3.11/site-packages/airflow/example_dags/example_branch_operator.py took 1.504 seconds
[2023-06-16T11:31:02.533+0700] {processor.py:157} INFO - Started process (PID=92625) to work on /Library/Frameworks/Python.framework/Versions/3.11/lib/python3.11/site-packages/airflow/example_dags/example_branch_operator.py
[2023-06-16T11:31:02.534+0700] {processor.py:826} INFO - Processing file /Library/Frameworks/Python.framework/Versions/3.11/lib/python3.11/site-packages/airflow/example_dags/example_branch_operator.py for tasks to queue
[2023-06-16T11:31:02.535+0700] {logging_mixin.py:149} INFO - [2023-06-16T11:31:02.535+0700] {dagbag.py:541} INFO - Filling up the DagBag from /Library/Frameworks/Python.framework/Versions/3.11/lib/python3.11/site-packages/airflow/example_dags/example_branch_operator.py
[2023-06-16T11:31:02.577+0700] {processor.py:836} INFO - DAG(s) dict_keys(['example_branch_operator']) retrieved from /Library/Frameworks/Python.framework/Versions/3.11/lib/python3.11/site-packages/airflow/example_dags/example_branch_operator.py
[2023-06-16T11:31:03.846+0700] {logging_mixin.py:149} INFO - [2023-06-16T11:31:03.846+0700] {dag.py:2726} INFO - Sync 1 DAGs
[2023-06-16T11:31:03.872+0700] {logging_mixin.py:149} INFO - [2023-06-16T11:31:03.871+0700] {dag.py:3486} INFO - Setting next_dagrun for example_branch_operator to 2023-06-15T00:00:00+00:00, run_after=2023-06-16T00:00:00+00:00
[2023-06-16T11:31:03.894+0700] {processor.py:179} INFO - Processing /Library/Frameworks/Python.framework/Versions/3.11/lib/python3.11/site-packages/airflow/example_dags/example_branch_operator.py took 1.362 seconds
[2023-06-16T11:37:09.022+0700] {processor.py:157} INFO - Started process (PID=93381) to work on /Library/Frameworks/Python.framework/Versions/3.11/lib/python3.11/site-packages/airflow/example_dags/example_branch_operator.py
[2023-06-16T11:37:09.023+0700] {processor.py:826} INFO - Processing file /Library/Frameworks/Python.framework/Versions/3.11/lib/python3.11/site-packages/airflow/example_dags/example_branch_operator.py for tasks to queue
[2023-06-16T11:37:09.024+0700] {logging_mixin.py:149} INFO - [2023-06-16T11:37:09.024+0700] {dagbag.py:541} INFO - Filling up the DagBag from /Library/Frameworks/Python.framework/Versions/3.11/lib/python3.11/site-packages/airflow/example_dags/example_branch_operator.py
[2023-06-16T11:37:09.082+0700] {processor.py:836} INFO - DAG(s) dict_keys(['example_branch_operator']) retrieved from /Library/Frameworks/Python.framework/Versions/3.11/lib/python3.11/site-packages/airflow/example_dags/example_branch_operator.py
[2023-06-16T11:37:10.268+0700] {logging_mixin.py:149} INFO - [2023-06-16T11:37:10.268+0700] {dag.py:2726} INFO - Sync 1 DAGs
[2023-06-16T11:37:10.289+0700] {logging_mixin.py:149} INFO - [2023-06-16T11:37:10.289+0700] {dag.py:3486} INFO - Setting next_dagrun for example_branch_operator to 2023-06-15T00:00:00+00:00, run_after=2023-06-16T00:00:00+00:00
[2023-06-16T11:37:10.308+0700] {processor.py:179} INFO - Processing /Library/Frameworks/Python.framework/Versions/3.11/lib/python3.11/site-packages/airflow/example_dags/example_branch_operator.py took 1.287 seconds
[2023-06-16T11:42:51.355+0700] {processor.py:157} INFO - Started process (PID=94480) to work on /Library/Frameworks/Python.framework/Versions/3.11/lib/python3.11/site-packages/airflow/example_dags/example_branch_operator.py
[2023-06-16T11:42:51.356+0700] {processor.py:826} INFO - Processing file /Library/Frameworks/Python.framework/Versions/3.11/lib/python3.11/site-packages/airflow/example_dags/example_branch_operator.py for tasks to queue
[2023-06-16T11:42:51.357+0700] {logging_mixin.py:149} INFO - [2023-06-16T11:42:51.357+0700] {dagbag.py:541} INFO - Filling up the DagBag from /Library/Frameworks/Python.framework/Versions/3.11/lib/python3.11/site-packages/airflow/example_dags/example_branch_operator.py
[2023-06-16T11:42:51.408+0700] {processor.py:836} INFO - DAG(s) dict_keys(['example_branch_operator']) retrieved from /Library/Frameworks/Python.framework/Versions/3.11/lib/python3.11/site-packages/airflow/example_dags/example_branch_operator.py
[2023-06-16T11:42:52.657+0700] {logging_mixin.py:149} INFO - [2023-06-16T11:42:52.656+0700] {dag.py:2726} INFO - Sync 1 DAGs
[2023-06-16T11:42:52.683+0700] {logging_mixin.py:149} INFO - [2023-06-16T11:42:52.683+0700] {dag.py:3486} INFO - Setting next_dagrun for example_branch_operator to 2023-06-15T00:00:00+00:00, run_after=2023-06-16T00:00:00+00:00
[2023-06-16T11:42:52.702+0700] {processor.py:179} INFO - Processing /Library/Frameworks/Python.framework/Versions/3.11/lib/python3.11/site-packages/airflow/example_dags/example_branch_operator.py took 1.348 seconds
[2023-06-16T11:51:26.011+0700] {processor.py:157} INFO - Started process (PID=95503) to work on /Library/Frameworks/Python.framework/Versions/3.11/lib/python3.11/site-packages/airflow/example_dags/example_branch_operator.py
[2023-06-16T11:51:26.011+0700] {processor.py:826} INFO - Processing file /Library/Frameworks/Python.framework/Versions/3.11/lib/python3.11/site-packages/airflow/example_dags/example_branch_operator.py for tasks to queue
[2023-06-16T11:51:26.012+0700] {logging_mixin.py:149} INFO - [2023-06-16T11:51:26.012+0700] {dagbag.py:541} INFO - Filling up the DagBag from /Library/Frameworks/Python.framework/Versions/3.11/lib/python3.11/site-packages/airflow/example_dags/example_branch_operator.py
[2023-06-16T11:51:26.064+0700] {processor.py:836} INFO - DAG(s) dict_keys(['example_branch_operator']) retrieved from /Library/Frameworks/Python.framework/Versions/3.11/lib/python3.11/site-packages/airflow/example_dags/example_branch_operator.py
[2023-06-16T11:51:27.678+0700] {logging_mixin.py:149} INFO - [2023-06-16T11:51:27.676+0700] {dag.py:2726} INFO - Sync 1 DAGs
[2023-06-16T11:51:27.725+0700] {logging_mixin.py:149} INFO - [2023-06-16T11:51:27.725+0700] {dag.py:3486} INFO - Setting next_dagrun for example_branch_operator to 2023-06-15T00:00:00+00:00, run_after=2023-06-16T00:00:00+00:00
[2023-06-16T11:51:27.753+0700] {processor.py:179} INFO - Processing /Library/Frameworks/Python.framework/Versions/3.11/lib/python3.11/site-packages/airflow/example_dags/example_branch_operator.py took 1.743 seconds
[2023-06-16T11:57:50.756+0700] {processor.py:157} INFO - Started process (PID=96302) to work on /Library/Frameworks/Python.framework/Versions/3.11/lib/python3.11/site-packages/airflow/example_dags/example_branch_operator.py
[2023-06-16T11:57:50.757+0700] {processor.py:826} INFO - Processing file /Library/Frameworks/Python.framework/Versions/3.11/lib/python3.11/site-packages/airflow/example_dags/example_branch_operator.py for tasks to queue
[2023-06-16T11:57:50.758+0700] {logging_mixin.py:149} INFO - [2023-06-16T11:57:50.757+0700] {dagbag.py:541} INFO - Filling up the DagBag from /Library/Frameworks/Python.framework/Versions/3.11/lib/python3.11/site-packages/airflow/example_dags/example_branch_operator.py
[2023-06-16T11:57:50.820+0700] {processor.py:836} INFO - DAG(s) dict_keys(['example_branch_operator']) retrieved from /Library/Frameworks/Python.framework/Versions/3.11/lib/python3.11/site-packages/airflow/example_dags/example_branch_operator.py
[2023-06-16T11:57:52.028+0700] {logging_mixin.py:149} INFO - [2023-06-16T11:57:52.027+0700] {dag.py:2726} INFO - Sync 1 DAGs
[2023-06-16T11:57:52.059+0700] {logging_mixin.py:149} INFO - [2023-06-16T11:57:52.059+0700] {dag.py:3486} INFO - Setting next_dagrun for example_branch_operator to 2023-06-15T00:00:00+00:00, run_after=2023-06-16T00:00:00+00:00
[2023-06-16T11:57:52.080+0700] {processor.py:179} INFO - Processing /Library/Frameworks/Python.framework/Versions/3.11/lib/python3.11/site-packages/airflow/example_dags/example_branch_operator.py took 1.325 seconds
[2023-06-16T12:03:21.097+0700] {processor.py:157} INFO - Started process (PID=97036) to work on /Library/Frameworks/Python.framework/Versions/3.11/lib/python3.11/site-packages/airflow/example_dags/example_branch_operator.py
[2023-06-16T12:03:21.098+0700] {processor.py:826} INFO - Processing file /Library/Frameworks/Python.framework/Versions/3.11/lib/python3.11/site-packages/airflow/example_dags/example_branch_operator.py for tasks to queue
[2023-06-16T12:03:21.099+0700] {logging_mixin.py:149} INFO - [2023-06-16T12:03:21.099+0700] {dagbag.py:541} INFO - Filling up the DagBag from /Library/Frameworks/Python.framework/Versions/3.11/lib/python3.11/site-packages/airflow/example_dags/example_branch_operator.py
[2023-06-16T12:03:21.144+0700] {processor.py:836} INFO - DAG(s) dict_keys(['example_branch_operator']) retrieved from /Library/Frameworks/Python.framework/Versions/3.11/lib/python3.11/site-packages/airflow/example_dags/example_branch_operator.py
[2023-06-16T12:03:22.580+0700] {logging_mixin.py:149} INFO - [2023-06-16T12:03:22.579+0700] {dag.py:2726} INFO - Sync 1 DAGs
[2023-06-16T12:03:22.605+0700] {logging_mixin.py:149} INFO - [2023-06-16T12:03:22.605+0700] {dag.py:3486} INFO - Setting next_dagrun for example_branch_operator to 2023-06-15T00:00:00+00:00, run_after=2023-06-16T00:00:00+00:00
[2023-06-16T12:03:22.628+0700] {processor.py:179} INFO - Processing /Library/Frameworks/Python.framework/Versions/3.11/lib/python3.11/site-packages/airflow/example_dags/example_branch_operator.py took 1.531 seconds
[2023-06-16T12:08:21.952+0700] {processor.py:157} INFO - Started process (PID=97655) to work on /Library/Frameworks/Python.framework/Versions/3.11/lib/python3.11/site-packages/airflow/example_dags/example_branch_operator.py
[2023-06-16T12:08:21.954+0700] {processor.py:826} INFO - Processing file /Library/Frameworks/Python.framework/Versions/3.11/lib/python3.11/site-packages/airflow/example_dags/example_branch_operator.py for tasks to queue
[2023-06-16T12:08:21.955+0700] {logging_mixin.py:149} INFO - [2023-06-16T12:08:21.955+0700] {dagbag.py:541} INFO - Filling up the DagBag from /Library/Frameworks/Python.framework/Versions/3.11/lib/python3.11/site-packages/airflow/example_dags/example_branch_operator.py
[2023-06-16T12:08:21.998+0700] {processor.py:836} INFO - DAG(s) dict_keys(['example_branch_operator']) retrieved from /Library/Frameworks/Python.framework/Versions/3.11/lib/python3.11/site-packages/airflow/example_dags/example_branch_operator.py
[2023-06-16T12:08:23.057+0700] {logging_mixin.py:149} INFO - [2023-06-16T12:08:23.057+0700] {dag.py:2726} INFO - Sync 1 DAGs
[2023-06-16T12:08:23.083+0700] {logging_mixin.py:149} INFO - [2023-06-16T12:08:23.083+0700] {dag.py:3486} INFO - Setting next_dagrun for example_branch_operator to 2023-06-15T00:00:00+00:00, run_after=2023-06-16T00:00:00+00:00
[2023-06-16T12:08:23.109+0700] {processor.py:179} INFO - Processing /Library/Frameworks/Python.framework/Versions/3.11/lib/python3.11/site-packages/airflow/example_dags/example_branch_operator.py took 1.158 seconds
[2023-06-16T12:13:14.528+0700] {processor.py:157} INFO - Started process (PID=98316) to work on /Library/Frameworks/Python.framework/Versions/3.11/lib/python3.11/site-packages/airflow/example_dags/example_branch_operator.py
[2023-06-16T12:13:14.529+0700] {processor.py:826} INFO - Processing file /Library/Frameworks/Python.framework/Versions/3.11/lib/python3.11/site-packages/airflow/example_dags/example_branch_operator.py for tasks to queue
[2023-06-16T12:13:14.529+0700] {logging_mixin.py:149} INFO - [2023-06-16T12:13:14.529+0700] {dagbag.py:541} INFO - Filling up the DagBag from /Library/Frameworks/Python.framework/Versions/3.11/lib/python3.11/site-packages/airflow/example_dags/example_branch_operator.py
[2023-06-16T12:13:14.572+0700] {processor.py:836} INFO - DAG(s) dict_keys(['example_branch_operator']) retrieved from /Library/Frameworks/Python.framework/Versions/3.11/lib/python3.11/site-packages/airflow/example_dags/example_branch_operator.py
[2023-06-16T12:13:16.061+0700] {logging_mixin.py:149} INFO - [2023-06-16T12:13:16.061+0700] {dag.py:2726} INFO - Sync 1 DAGs
[2023-06-16T12:13:16.096+0700] {logging_mixin.py:149} INFO - [2023-06-16T12:13:16.096+0700] {dag.py:3486} INFO - Setting next_dagrun for example_branch_operator to 2023-06-15T00:00:00+00:00, run_after=2023-06-16T00:00:00+00:00
[2023-06-16T12:13:16.121+0700] {processor.py:179} INFO - Processing /Library/Frameworks/Python.framework/Versions/3.11/lib/python3.11/site-packages/airflow/example_dags/example_branch_operator.py took 1.595 seconds
[2023-06-16T12:18:15.324+0700] {processor.py:157} INFO - Started process (PID=98937) to work on /Library/Frameworks/Python.framework/Versions/3.11/lib/python3.11/site-packages/airflow/example_dags/example_branch_operator.py
[2023-06-16T12:18:15.326+0700] {processor.py:826} INFO - Processing file /Library/Frameworks/Python.framework/Versions/3.11/lib/python3.11/site-packages/airflow/example_dags/example_branch_operator.py for tasks to queue
[2023-06-16T12:18:15.326+0700] {logging_mixin.py:149} INFO - [2023-06-16T12:18:15.326+0700] {dagbag.py:541} INFO - Filling up the DagBag from /Library/Frameworks/Python.framework/Versions/3.11/lib/python3.11/site-packages/airflow/example_dags/example_branch_operator.py
[2023-06-16T12:18:15.376+0700] {processor.py:836} INFO - DAG(s) dict_keys(['example_branch_operator']) retrieved from /Library/Frameworks/Python.framework/Versions/3.11/lib/python3.11/site-packages/airflow/example_dags/example_branch_operator.py
[2023-06-16T12:18:16.616+0700] {logging_mixin.py:149} INFO - [2023-06-16T12:18:16.616+0700] {dag.py:2726} INFO - Sync 1 DAGs
[2023-06-16T12:18:16.639+0700] {logging_mixin.py:149} INFO - [2023-06-16T12:18:16.639+0700] {dag.py:3486} INFO - Setting next_dagrun for example_branch_operator to 2023-06-15T00:00:00+00:00, run_after=2023-06-16T00:00:00+00:00
[2023-06-16T12:18:16.662+0700] {processor.py:179} INFO - Processing /Library/Frameworks/Python.framework/Versions/3.11/lib/python3.11/site-packages/airflow/example_dags/example_branch_operator.py took 1.338 seconds
[2023-06-16T12:23:45.311+0700] {processor.py:157} INFO - Started process (PID=99658) to work on /Library/Frameworks/Python.framework/Versions/3.11/lib/python3.11/site-packages/airflow/example_dags/example_branch_operator.py
[2023-06-16T12:23:45.320+0700] {processor.py:826} INFO - Processing file /Library/Frameworks/Python.framework/Versions/3.11/lib/python3.11/site-packages/airflow/example_dags/example_branch_operator.py for tasks to queue
[2023-06-16T12:23:45.322+0700] {logging_mixin.py:149} INFO - [2023-06-16T12:23:45.321+0700] {dagbag.py:541} INFO - Filling up the DagBag from /Library/Frameworks/Python.framework/Versions/3.11/lib/python3.11/site-packages/airflow/example_dags/example_branch_operator.py
[2023-06-16T12:23:45.386+0700] {processor.py:836} INFO - DAG(s) dict_keys(['example_branch_operator']) retrieved from /Library/Frameworks/Python.framework/Versions/3.11/lib/python3.11/site-packages/airflow/example_dags/example_branch_operator.py
[2023-06-16T12:23:46.862+0700] {logging_mixin.py:149} INFO - [2023-06-16T12:23:46.861+0700] {dag.py:2726} INFO - Sync 1 DAGs
[2023-06-16T12:23:46.888+0700] {logging_mixin.py:149} INFO - [2023-06-16T12:23:46.887+0700] {dag.py:3486} INFO - Setting next_dagrun for example_branch_operator to 2023-06-15T00:00:00+00:00, run_after=2023-06-16T00:00:00+00:00
[2023-06-16T12:23:46.970+0700] {processor.py:179} INFO - Processing /Library/Frameworks/Python.framework/Versions/3.11/lib/python3.11/site-packages/airflow/example_dags/example_branch_operator.py took 1.661 seconds
[2023-06-16T12:27:02.438+0700] {processor.py:157} INFO - Started process (PID=302) to work on /Library/Frameworks/Python.framework/Versions/3.11/lib/python3.11/site-packages/airflow/example_dags/example_branch_operator.py
[2023-06-16T12:27:02.439+0700] {processor.py:826} INFO - Processing file /Library/Frameworks/Python.framework/Versions/3.11/lib/python3.11/site-packages/airflow/example_dags/example_branch_operator.py for tasks to queue
[2023-06-16T12:27:02.441+0700] {logging_mixin.py:149} INFO - [2023-06-16T12:27:02.440+0700] {dagbag.py:541} INFO - Filling up the DagBag from /Library/Frameworks/Python.framework/Versions/3.11/lib/python3.11/site-packages/airflow/example_dags/example_branch_operator.py
[2023-06-16T12:27:02.500+0700] {processor.py:836} INFO - DAG(s) dict_keys(['example_branch_operator']) retrieved from /Library/Frameworks/Python.framework/Versions/3.11/lib/python3.11/site-packages/airflow/example_dags/example_branch_operator.py
[2023-06-16T12:27:03.686+0700] {logging_mixin.py:149} INFO - [2023-06-16T12:27:03.686+0700] {dag.py:2726} INFO - Sync 1 DAGs
[2023-06-16T12:27:03.707+0700] {logging_mixin.py:149} INFO - [2023-06-16T12:27:03.706+0700] {dag.py:3486} INFO - Setting next_dagrun for example_branch_operator to 2023-06-15T00:00:00+00:00, run_after=2023-06-16T00:00:00+00:00
[2023-06-16T12:27:03.728+0700] {processor.py:179} INFO - Processing /Library/Frameworks/Python.framework/Versions/3.11/lib/python3.11/site-packages/airflow/example_dags/example_branch_operator.py took 1.291 seconds
[2023-06-16T12:32:14.860+0700] {processor.py:157} INFO - Started process (PID=1231) to work on /Library/Frameworks/Python.framework/Versions/3.11/lib/python3.11/site-packages/airflow/example_dags/example_branch_operator.py
[2023-06-16T12:32:14.861+0700] {processor.py:826} INFO - Processing file /Library/Frameworks/Python.framework/Versions/3.11/lib/python3.11/site-packages/airflow/example_dags/example_branch_operator.py for tasks to queue
[2023-06-16T12:32:14.861+0700] {logging_mixin.py:149} INFO - [2023-06-16T12:32:14.861+0700] {dagbag.py:541} INFO - Filling up the DagBag from /Library/Frameworks/Python.framework/Versions/3.11/lib/python3.11/site-packages/airflow/example_dags/example_branch_operator.py
[2023-06-16T12:32:14.909+0700] {processor.py:836} INFO - DAG(s) dict_keys(['example_branch_operator']) retrieved from /Library/Frameworks/Python.framework/Versions/3.11/lib/python3.11/site-packages/airflow/example_dags/example_branch_operator.py
[2023-06-16T12:32:16.189+0700] {logging_mixin.py:149} INFO - [2023-06-16T12:32:16.188+0700] {dag.py:2726} INFO - Sync 1 DAGs
[2023-06-16T12:32:16.216+0700] {logging_mixin.py:149} INFO - [2023-06-16T12:32:16.216+0700] {dag.py:3486} INFO - Setting next_dagrun for example_branch_operator to 2023-06-15T00:00:00+00:00, run_after=2023-06-16T00:00:00+00:00
[2023-06-16T12:32:16.240+0700] {processor.py:179} INFO - Processing /Library/Frameworks/Python.framework/Versions/3.11/lib/python3.11/site-packages/airflow/example_dags/example_branch_operator.py took 1.380 seconds
[2023-06-16T12:37:24.755+0700] {processor.py:157} INFO - Started process (PID=2019) to work on /Library/Frameworks/Python.framework/Versions/3.11/lib/python3.11/site-packages/airflow/example_dags/example_branch_operator.py
[2023-06-16T12:37:24.755+0700] {processor.py:826} INFO - Processing file /Library/Frameworks/Python.framework/Versions/3.11/lib/python3.11/site-packages/airflow/example_dags/example_branch_operator.py for tasks to queue
[2023-06-16T12:37:24.756+0700] {logging_mixin.py:149} INFO - [2023-06-16T12:37:24.755+0700] {dagbag.py:541} INFO - Filling up the DagBag from /Library/Frameworks/Python.framework/Versions/3.11/lib/python3.11/site-packages/airflow/example_dags/example_branch_operator.py
[2023-06-16T12:37:24.801+0700] {processor.py:836} INFO - DAG(s) dict_keys(['example_branch_operator']) retrieved from /Library/Frameworks/Python.framework/Versions/3.11/lib/python3.11/site-packages/airflow/example_dags/example_branch_operator.py
[2023-06-16T12:37:25.970+0700] {logging_mixin.py:149} INFO - [2023-06-16T12:37:25.969+0700] {dag.py:2726} INFO - Sync 1 DAGs
[2023-06-16T12:37:25.998+0700] {logging_mixin.py:149} INFO - [2023-06-16T12:37:25.998+0700] {dag.py:3486} INFO - Setting next_dagrun for example_branch_operator to 2023-06-15T00:00:00+00:00, run_after=2023-06-16T00:00:00+00:00
[2023-06-16T12:37:26.021+0700] {processor.py:179} INFO - Processing /Library/Frameworks/Python.framework/Versions/3.11/lib/python3.11/site-packages/airflow/example_dags/example_branch_operator.py took 1.267 seconds
[2023-06-16T12:43:38.530+0700] {processor.py:157} INFO - Started process (PID=2965) to work on /Library/Frameworks/Python.framework/Versions/3.11/lib/python3.11/site-packages/airflow/example_dags/example_branch_operator.py
[2023-06-16T12:43:38.531+0700] {processor.py:826} INFO - Processing file /Library/Frameworks/Python.framework/Versions/3.11/lib/python3.11/site-packages/airflow/example_dags/example_branch_operator.py for tasks to queue
[2023-06-16T12:43:38.532+0700] {logging_mixin.py:149} INFO - [2023-06-16T12:43:38.532+0700] {dagbag.py:541} INFO - Filling up the DagBag from /Library/Frameworks/Python.framework/Versions/3.11/lib/python3.11/site-packages/airflow/example_dags/example_branch_operator.py
[2023-06-16T12:43:38.600+0700] {processor.py:836} INFO - DAG(s) dict_keys(['example_branch_operator']) retrieved from /Library/Frameworks/Python.framework/Versions/3.11/lib/python3.11/site-packages/airflow/example_dags/example_branch_operator.py
[2023-06-16T12:43:40.099+0700] {logging_mixin.py:149} INFO - [2023-06-16T12:43:40.099+0700] {dag.py:2726} INFO - Sync 1 DAGs
[2023-06-16T12:43:40.121+0700] {logging_mixin.py:149} INFO - [2023-06-16T12:43:40.121+0700] {dag.py:3486} INFO - Setting next_dagrun for example_branch_operator to 2023-06-15T00:00:00+00:00, run_after=2023-06-16T00:00:00+00:00
[2023-06-16T12:43:40.144+0700] {processor.py:179} INFO - Processing /Library/Frameworks/Python.framework/Versions/3.11/lib/python3.11/site-packages/airflow/example_dags/example_branch_operator.py took 1.615 seconds
[2023-06-16T12:49:57.919+0700] {processor.py:157} INFO - Started process (PID=3815) to work on /Library/Frameworks/Python.framework/Versions/3.11/lib/python3.11/site-packages/airflow/example_dags/example_branch_operator.py
[2023-06-16T12:49:57.920+0700] {processor.py:826} INFO - Processing file /Library/Frameworks/Python.framework/Versions/3.11/lib/python3.11/site-packages/airflow/example_dags/example_branch_operator.py for tasks to queue
[2023-06-16T12:49:57.921+0700] {logging_mixin.py:149} INFO - [2023-06-16T12:49:57.920+0700] {dagbag.py:541} INFO - Filling up the DagBag from /Library/Frameworks/Python.framework/Versions/3.11/lib/python3.11/site-packages/airflow/example_dags/example_branch_operator.py
[2023-06-16T12:49:57.976+0700] {processor.py:836} INFO - DAG(s) dict_keys(['example_branch_operator']) retrieved from /Library/Frameworks/Python.framework/Versions/3.11/lib/python3.11/site-packages/airflow/example_dags/example_branch_operator.py
[2023-06-16T12:49:59.435+0700] {logging_mixin.py:149} INFO - [2023-06-16T12:49:59.434+0700] {dag.py:2726} INFO - Sync 1 DAGs
[2023-06-16T12:49:59.462+0700] {logging_mixin.py:149} INFO - [2023-06-16T12:49:59.462+0700] {dag.py:3486} INFO - Setting next_dagrun for example_branch_operator to 2023-06-15T00:00:00+00:00, run_after=2023-06-16T00:00:00+00:00
[2023-06-16T12:49:59.484+0700] {processor.py:179} INFO - Processing /Library/Frameworks/Python.framework/Versions/3.11/lib/python3.11/site-packages/airflow/example_dags/example_branch_operator.py took 1.566 seconds
[2023-06-16T12:55:05.955+0700] {processor.py:157} INFO - Started process (PID=4516) to work on /Library/Frameworks/Python.framework/Versions/3.11/lib/python3.11/site-packages/airflow/example_dags/example_branch_operator.py
[2023-06-16T12:55:05.956+0700] {processor.py:826} INFO - Processing file /Library/Frameworks/Python.framework/Versions/3.11/lib/python3.11/site-packages/airflow/example_dags/example_branch_operator.py for tasks to queue
[2023-06-16T12:55:05.956+0700] {logging_mixin.py:149} INFO - [2023-06-16T12:55:05.956+0700] {dagbag.py:541} INFO - Filling up the DagBag from /Library/Frameworks/Python.framework/Versions/3.11/lib/python3.11/site-packages/airflow/example_dags/example_branch_operator.py
[2023-06-16T12:55:06.009+0700] {processor.py:836} INFO - DAG(s) dict_keys(['example_branch_operator']) retrieved from /Library/Frameworks/Python.framework/Versions/3.11/lib/python3.11/site-packages/airflow/example_dags/example_branch_operator.py
[2023-06-16T12:55:07.361+0700] {logging_mixin.py:149} INFO - [2023-06-16T12:55:07.361+0700] {dag.py:2726} INFO - Sync 1 DAGs
[2023-06-16T12:55:07.382+0700] {logging_mixin.py:149} INFO - [2023-06-16T12:55:07.382+0700] {dag.py:3486} INFO - Setting next_dagrun for example_branch_operator to 2023-06-15T00:00:00+00:00, run_after=2023-06-16T00:00:00+00:00
[2023-06-16T12:55:07.405+0700] {processor.py:179} INFO - Processing /Library/Frameworks/Python.framework/Versions/3.11/lib/python3.11/site-packages/airflow/example_dags/example_branch_operator.py took 1.451 seconds
[2023-06-16T13:00:20.431+0700] {processor.py:157} INFO - Started process (PID=5392) to work on /Library/Frameworks/Python.framework/Versions/3.11/lib/python3.11/site-packages/airflow/example_dags/example_branch_operator.py
[2023-06-16T13:00:20.432+0700] {processor.py:826} INFO - Processing file /Library/Frameworks/Python.framework/Versions/3.11/lib/python3.11/site-packages/airflow/example_dags/example_branch_operator.py for tasks to queue
[2023-06-16T13:00:20.433+0700] {logging_mixin.py:149} INFO - [2023-06-16T13:00:20.432+0700] {dagbag.py:541} INFO - Filling up the DagBag from /Library/Frameworks/Python.framework/Versions/3.11/lib/python3.11/site-packages/airflow/example_dags/example_branch_operator.py
[2023-06-16T13:00:20.484+0700] {processor.py:836} INFO - DAG(s) dict_keys(['example_branch_operator']) retrieved from /Library/Frameworks/Python.framework/Versions/3.11/lib/python3.11/site-packages/airflow/example_dags/example_branch_operator.py
[2023-06-16T13:00:21.752+0700] {logging_mixin.py:149} INFO - [2023-06-16T13:00:21.752+0700] {dag.py:2726} INFO - Sync 1 DAGs
[2023-06-16T13:00:21.778+0700] {logging_mixin.py:149} INFO - [2023-06-16T13:00:21.777+0700] {dag.py:3486} INFO - Setting next_dagrun for example_branch_operator to 2023-06-15T00:00:00+00:00, run_after=2023-06-16T00:00:00+00:00
[2023-06-16T13:00:21.799+0700] {processor.py:179} INFO - Processing /Library/Frameworks/Python.framework/Versions/3.11/lib/python3.11/site-packages/airflow/example_dags/example_branch_operator.py took 1.370 seconds
[2023-06-16T13:05:54.717+0700] {processor.py:157} INFO - Started process (PID=6177) to work on /Library/Frameworks/Python.framework/Versions/3.11/lib/python3.11/site-packages/airflow/example_dags/example_branch_operator.py
[2023-06-16T13:05:54.718+0700] {processor.py:826} INFO - Processing file /Library/Frameworks/Python.framework/Versions/3.11/lib/python3.11/site-packages/airflow/example_dags/example_branch_operator.py for tasks to queue
[2023-06-16T13:05:54.719+0700] {logging_mixin.py:149} INFO - [2023-06-16T13:05:54.719+0700] {dagbag.py:541} INFO - Filling up the DagBag from /Library/Frameworks/Python.framework/Versions/3.11/lib/python3.11/site-packages/airflow/example_dags/example_branch_operator.py
[2023-06-16T13:05:54.763+0700] {processor.py:836} INFO - DAG(s) dict_keys(['example_branch_operator']) retrieved from /Library/Frameworks/Python.framework/Versions/3.11/lib/python3.11/site-packages/airflow/example_dags/example_branch_operator.py
[2023-06-16T13:05:56.025+0700] {logging_mixin.py:149} INFO - [2023-06-16T13:05:56.024+0700] {dag.py:2726} INFO - Sync 1 DAGs
[2023-06-16T13:05:56.055+0700] {logging_mixin.py:149} INFO - [2023-06-16T13:05:56.055+0700] {dag.py:3486} INFO - Setting next_dagrun for example_branch_operator to 2023-06-15T00:00:00+00:00, run_after=2023-06-16T00:00:00+00:00
[2023-06-16T13:05:56.131+0700] {processor.py:179} INFO - Processing /Library/Frameworks/Python.framework/Versions/3.11/lib/python3.11/site-packages/airflow/example_dags/example_branch_operator.py took 1.415 seconds
[2023-06-16T13:11:06.082+0700] {processor.py:157} INFO - Started process (PID=6910) to work on /Library/Frameworks/Python.framework/Versions/3.11/lib/python3.11/site-packages/airflow/example_dags/example_branch_operator.py
[2023-06-16T13:11:06.083+0700] {processor.py:826} INFO - Processing file /Library/Frameworks/Python.framework/Versions/3.11/lib/python3.11/site-packages/airflow/example_dags/example_branch_operator.py for tasks to queue
[2023-06-16T13:11:06.084+0700] {logging_mixin.py:149} INFO - [2023-06-16T13:11:06.083+0700] {dagbag.py:541} INFO - Filling up the DagBag from /Library/Frameworks/Python.framework/Versions/3.11/lib/python3.11/site-packages/airflow/example_dags/example_branch_operator.py
[2023-06-16T13:11:06.147+0700] {processor.py:836} INFO - DAG(s) dict_keys(['example_branch_operator']) retrieved from /Library/Frameworks/Python.framework/Versions/3.11/lib/python3.11/site-packages/airflow/example_dags/example_branch_operator.py
[2023-06-16T13:11:07.602+0700] {logging_mixin.py:149} INFO - [2023-06-16T13:11:07.601+0700] {dag.py:2726} INFO - Sync 1 DAGs
[2023-06-16T13:11:07.626+0700] {logging_mixin.py:149} INFO - [2023-06-16T13:11:07.625+0700] {dag.py:3486} INFO - Setting next_dagrun for example_branch_operator to 2023-06-15T00:00:00+00:00, run_after=2023-06-16T00:00:00+00:00
[2023-06-16T13:11:07.645+0700] {processor.py:179} INFO - Processing /Library/Frameworks/Python.framework/Versions/3.11/lib/python3.11/site-packages/airflow/example_dags/example_branch_operator.py took 1.565 seconds
[2023-06-16T13:16:59.953+0700] {processor.py:157} INFO - Started process (PID=7801) to work on /Library/Frameworks/Python.framework/Versions/3.11/lib/python3.11/site-packages/airflow/example_dags/example_branch_operator.py
[2023-06-16T13:16:59.954+0700] {processor.py:826} INFO - Processing file /Library/Frameworks/Python.framework/Versions/3.11/lib/python3.11/site-packages/airflow/example_dags/example_branch_operator.py for tasks to queue
[2023-06-16T13:16:59.955+0700] {logging_mixin.py:149} INFO - [2023-06-16T13:16:59.955+0700] {dagbag.py:541} INFO - Filling up the DagBag from /Library/Frameworks/Python.framework/Versions/3.11/lib/python3.11/site-packages/airflow/example_dags/example_branch_operator.py
[2023-06-16T13:17:00.031+0700] {processor.py:836} INFO - DAG(s) dict_keys(['example_branch_operator']) retrieved from /Library/Frameworks/Python.framework/Versions/3.11/lib/python3.11/site-packages/airflow/example_dags/example_branch_operator.py
[2023-06-16T13:17:01.293+0700] {logging_mixin.py:149} INFO - [2023-06-16T13:17:01.293+0700] {dag.py:2726} INFO - Sync 1 DAGs
[2023-06-16T13:17:01.325+0700] {logging_mixin.py:149} INFO - [2023-06-16T13:17:01.324+0700] {dag.py:3486} INFO - Setting next_dagrun for example_branch_operator to 2023-06-15T00:00:00+00:00, run_after=2023-06-16T00:00:00+00:00
[2023-06-16T13:17:01.361+0700] {processor.py:179} INFO - Processing /Library/Frameworks/Python.framework/Versions/3.11/lib/python3.11/site-packages/airflow/example_dags/example_branch_operator.py took 1.409 seconds
[2023-06-16T13:23:07.399+0700] {processor.py:157} INFO - Started process (PID=8602) to work on /Library/Frameworks/Python.framework/Versions/3.11/lib/python3.11/site-packages/airflow/example_dags/example_branch_operator.py
[2023-06-16T13:23:07.400+0700] {processor.py:826} INFO - Processing file /Library/Frameworks/Python.framework/Versions/3.11/lib/python3.11/site-packages/airflow/example_dags/example_branch_operator.py for tasks to queue
[2023-06-16T13:23:07.401+0700] {logging_mixin.py:149} INFO - [2023-06-16T13:23:07.401+0700] {dagbag.py:541} INFO - Filling up the DagBag from /Library/Frameworks/Python.framework/Versions/3.11/lib/python3.11/site-packages/airflow/example_dags/example_branch_operator.py
[2023-06-16T13:23:07.447+0700] {processor.py:836} INFO - DAG(s) dict_keys(['example_branch_operator']) retrieved from /Library/Frameworks/Python.framework/Versions/3.11/lib/python3.11/site-packages/airflow/example_dags/example_branch_operator.py
[2023-06-16T13:23:08.498+0700] {logging_mixin.py:149} INFO - [2023-06-16T13:23:08.498+0700] {dag.py:2726} INFO - Sync 1 DAGs
[2023-06-16T13:23:08.519+0700] {logging_mixin.py:149} INFO - [2023-06-16T13:23:08.519+0700] {dag.py:3486} INFO - Setting next_dagrun for example_branch_operator to 2023-06-15T00:00:00+00:00, run_after=2023-06-16T00:00:00+00:00
[2023-06-16T13:23:08.542+0700] {processor.py:179} INFO - Processing /Library/Frameworks/Python.framework/Versions/3.11/lib/python3.11/site-packages/airflow/example_dags/example_branch_operator.py took 1.144 seconds
[2023-06-16T13:27:55.791+0700] {processor.py:157} INFO - Started process (PID=9222) to work on /Library/Frameworks/Python.framework/Versions/3.11/lib/python3.11/site-packages/airflow/example_dags/example_branch_operator.py
[2023-06-16T13:27:55.791+0700] {processor.py:826} INFO - Processing file /Library/Frameworks/Python.framework/Versions/3.11/lib/python3.11/site-packages/airflow/example_dags/example_branch_operator.py for tasks to queue
[2023-06-16T13:27:55.792+0700] {logging_mixin.py:149} INFO - [2023-06-16T13:27:55.792+0700] {dagbag.py:541} INFO - Filling up the DagBag from /Library/Frameworks/Python.framework/Versions/3.11/lib/python3.11/site-packages/airflow/example_dags/example_branch_operator.py
[2023-06-16T13:27:55.839+0700] {processor.py:836} INFO - DAG(s) dict_keys(['example_branch_operator']) retrieved from /Library/Frameworks/Python.framework/Versions/3.11/lib/python3.11/site-packages/airflow/example_dags/example_branch_operator.py
[2023-06-16T13:27:56.967+0700] {logging_mixin.py:149} INFO - [2023-06-16T13:27:56.966+0700] {dag.py:2726} INFO - Sync 1 DAGs
[2023-06-16T13:27:56.992+0700] {logging_mixin.py:149} INFO - [2023-06-16T13:27:56.992+0700] {dag.py:3486} INFO - Setting next_dagrun for example_branch_operator to 2023-06-15T00:00:00+00:00, run_after=2023-06-16T00:00:00+00:00
[2023-06-16T13:27:57.012+0700] {processor.py:179} INFO - Processing /Library/Frameworks/Python.framework/Versions/3.11/lib/python3.11/site-packages/airflow/example_dags/example_branch_operator.py took 1.222 seconds
[2023-06-16T13:32:56.891+0700] {processor.py:157} INFO - Started process (PID=10091) to work on /Library/Frameworks/Python.framework/Versions/3.11/lib/python3.11/site-packages/airflow/example_dags/example_branch_operator.py
[2023-06-16T13:32:56.892+0700] {processor.py:826} INFO - Processing file /Library/Frameworks/Python.framework/Versions/3.11/lib/python3.11/site-packages/airflow/example_dags/example_branch_operator.py for tasks to queue
[2023-06-16T13:32:56.893+0700] {logging_mixin.py:149} INFO - [2023-06-16T13:32:56.893+0700] {dagbag.py:541} INFO - Filling up the DagBag from /Library/Frameworks/Python.framework/Versions/3.11/lib/python3.11/site-packages/airflow/example_dags/example_branch_operator.py
[2023-06-16T13:32:56.940+0700] {processor.py:836} INFO - DAG(s) dict_keys(['example_branch_operator']) retrieved from /Library/Frameworks/Python.framework/Versions/3.11/lib/python3.11/site-packages/airflow/example_dags/example_branch_operator.py
[2023-06-16T13:32:58.127+0700] {logging_mixin.py:149} INFO - [2023-06-16T13:32:58.127+0700] {dag.py:2726} INFO - Sync 1 DAGs
[2023-06-16T13:32:58.159+0700] {logging_mixin.py:149} INFO - [2023-06-16T13:32:58.159+0700] {dag.py:3486} INFO - Setting next_dagrun for example_branch_operator to 2023-06-15T00:00:00+00:00, run_after=2023-06-16T00:00:00+00:00
[2023-06-16T13:32:58.180+0700] {processor.py:179} INFO - Processing /Library/Frameworks/Python.framework/Versions/3.11/lib/python3.11/site-packages/airflow/example_dags/example_branch_operator.py took 1.290 seconds
[2023-06-16T13:38:33.917+0700] {processor.py:157} INFO - Started process (PID=10927) to work on /Library/Frameworks/Python.framework/Versions/3.11/lib/python3.11/site-packages/airflow/example_dags/example_branch_operator.py
[2023-06-16T13:38:33.918+0700] {processor.py:826} INFO - Processing file /Library/Frameworks/Python.framework/Versions/3.11/lib/python3.11/site-packages/airflow/example_dags/example_branch_operator.py for tasks to queue
[2023-06-16T13:38:33.919+0700] {logging_mixin.py:149} INFO - [2023-06-16T13:38:33.919+0700] {dagbag.py:541} INFO - Filling up the DagBag from /Library/Frameworks/Python.framework/Versions/3.11/lib/python3.11/site-packages/airflow/example_dags/example_branch_operator.py
[2023-06-16T13:38:33.972+0700] {processor.py:836} INFO - DAG(s) dict_keys(['example_branch_operator']) retrieved from /Library/Frameworks/Python.framework/Versions/3.11/lib/python3.11/site-packages/airflow/example_dags/example_branch_operator.py
[2023-06-16T13:38:35.277+0700] {logging_mixin.py:149} INFO - [2023-06-16T13:38:35.277+0700] {dag.py:2726} INFO - Sync 1 DAGs
[2023-06-16T13:38:35.310+0700] {logging_mixin.py:149} INFO - [2023-06-16T13:38:35.309+0700] {dag.py:3486} INFO - Setting next_dagrun for example_branch_operator to 2023-06-15T00:00:00+00:00, run_after=2023-06-16T00:00:00+00:00
[2023-06-16T13:38:35.334+0700] {processor.py:179} INFO - Processing /Library/Frameworks/Python.framework/Versions/3.11/lib/python3.11/site-packages/airflow/example_dags/example_branch_operator.py took 1.418 seconds
[2023-06-16T13:43:51.373+0700] {processor.py:157} INFO - Started process (PID=11567) to work on /Library/Frameworks/Python.framework/Versions/3.11/lib/python3.11/site-packages/airflow/example_dags/example_branch_operator.py
[2023-06-16T13:43:51.375+0700] {processor.py:826} INFO - Processing file /Library/Frameworks/Python.framework/Versions/3.11/lib/python3.11/site-packages/airflow/example_dags/example_branch_operator.py for tasks to queue
[2023-06-16T13:43:51.376+0700] {logging_mixin.py:149} INFO - [2023-06-16T13:43:51.376+0700] {dagbag.py:541} INFO - Filling up the DagBag from /Library/Frameworks/Python.framework/Versions/3.11/lib/python3.11/site-packages/airflow/example_dags/example_branch_operator.py
[2023-06-16T13:43:51.428+0700] {processor.py:836} INFO - DAG(s) dict_keys(['example_branch_operator']) retrieved from /Library/Frameworks/Python.framework/Versions/3.11/lib/python3.11/site-packages/airflow/example_dags/example_branch_operator.py
[2023-06-16T13:43:52.666+0700] {logging_mixin.py:149} INFO - [2023-06-16T13:43:52.666+0700] {dag.py:2726} INFO - Sync 1 DAGs
[2023-06-16T13:43:52.694+0700] {logging_mixin.py:149} INFO - [2023-06-16T13:43:52.694+0700] {dag.py:3486} INFO - Setting next_dagrun for example_branch_operator to 2023-06-15T00:00:00+00:00, run_after=2023-06-16T00:00:00+00:00
[2023-06-16T13:43:52.719+0700] {processor.py:179} INFO - Processing /Library/Frameworks/Python.framework/Versions/3.11/lib/python3.11/site-packages/airflow/example_dags/example_branch_operator.py took 1.347 seconds
[2023-06-16T13:49:05.419+0700] {processor.py:157} INFO - Started process (PID=12208) to work on /Library/Frameworks/Python.framework/Versions/3.11/lib/python3.11/site-packages/airflow/example_dags/example_branch_operator.py
[2023-06-16T13:49:05.420+0700] {processor.py:826} INFO - Processing file /Library/Frameworks/Python.framework/Versions/3.11/lib/python3.11/site-packages/airflow/example_dags/example_branch_operator.py for tasks to queue
[2023-06-16T13:49:05.420+0700] {logging_mixin.py:149} INFO - [2023-06-16T13:49:05.420+0700] {dagbag.py:541} INFO - Filling up the DagBag from /Library/Frameworks/Python.framework/Versions/3.11/lib/python3.11/site-packages/airflow/example_dags/example_branch_operator.py
[2023-06-16T13:49:05.457+0700] {processor.py:836} INFO - DAG(s) dict_keys(['example_branch_operator']) retrieved from /Library/Frameworks/Python.framework/Versions/3.11/lib/python3.11/site-packages/airflow/example_dags/example_branch_operator.py
[2023-06-16T13:49:06.420+0700] {logging_mixin.py:149} INFO - [2023-06-16T13:49:06.420+0700] {dag.py:2726} INFO - Sync 1 DAGs
[2023-06-16T13:49:06.440+0700] {logging_mixin.py:149} INFO - [2023-06-16T13:49:06.440+0700] {dag.py:3486} INFO - Setting next_dagrun for example_branch_operator to 2023-06-15T00:00:00+00:00, run_after=2023-06-16T00:00:00+00:00
[2023-06-16T13:49:06.462+0700] {processor.py:179} INFO - Processing /Library/Frameworks/Python.framework/Versions/3.11/lib/python3.11/site-packages/airflow/example_dags/example_branch_operator.py took 1.044 seconds
[2023-06-16T13:56:15.640+0700] {processor.py:157} INFO - Started process (PID=13055) to work on /Library/Frameworks/Python.framework/Versions/3.11/lib/python3.11/site-packages/airflow/example_dags/example_branch_operator.py
[2023-06-16T13:56:15.642+0700] {processor.py:826} INFO - Processing file /Library/Frameworks/Python.framework/Versions/3.11/lib/python3.11/site-packages/airflow/example_dags/example_branch_operator.py for tasks to queue
[2023-06-16T13:56:15.644+0700] {logging_mixin.py:149} INFO - [2023-06-16T13:56:15.644+0700] {dagbag.py:541} INFO - Filling up the DagBag from /Library/Frameworks/Python.framework/Versions/3.11/lib/python3.11/site-packages/airflow/example_dags/example_branch_operator.py
[2023-06-16T13:56:15.680+0700] {processor.py:836} INFO - DAG(s) dict_keys(['example_branch_operator']) retrieved from /Library/Frameworks/Python.framework/Versions/3.11/lib/python3.11/site-packages/airflow/example_dags/example_branch_operator.py
[2023-06-16T13:56:16.701+0700] {logging_mixin.py:149} INFO - [2023-06-16T13:56:16.700+0700] {dag.py:2726} INFO - Sync 1 DAGs
[2023-06-16T13:56:16.722+0700] {logging_mixin.py:149} INFO - [2023-06-16T13:56:16.722+0700] {dag.py:3486} INFO - Setting next_dagrun for example_branch_operator to 2023-06-15T00:00:00+00:00, run_after=2023-06-16T00:00:00+00:00
[2023-06-16T13:56:16.743+0700] {processor.py:179} INFO - Processing /Library/Frameworks/Python.framework/Versions/3.11/lib/python3.11/site-packages/airflow/example_dags/example_branch_operator.py took 1.104 seconds
[2023-06-16T14:01:22.667+0700] {processor.py:157} INFO - Started process (PID=13665) to work on /Library/Frameworks/Python.framework/Versions/3.11/lib/python3.11/site-packages/airflow/example_dags/example_branch_operator.py
[2023-06-16T14:01:22.668+0700] {processor.py:826} INFO - Processing file /Library/Frameworks/Python.framework/Versions/3.11/lib/python3.11/site-packages/airflow/example_dags/example_branch_operator.py for tasks to queue
[2023-06-16T14:01:22.669+0700] {logging_mixin.py:149} INFO - [2023-06-16T14:01:22.669+0700] {dagbag.py:541} INFO - Filling up the DagBag from /Library/Frameworks/Python.framework/Versions/3.11/lib/python3.11/site-packages/airflow/example_dags/example_branch_operator.py
[2023-06-16T14:01:22.723+0700] {processor.py:836} INFO - DAG(s) dict_keys(['example_branch_operator']) retrieved from /Library/Frameworks/Python.framework/Versions/3.11/lib/python3.11/site-packages/airflow/example_dags/example_branch_operator.py
[2023-06-16T14:01:24.022+0700] {logging_mixin.py:149} INFO - [2023-06-16T14:01:24.021+0700] {dag.py:2726} INFO - Sync 1 DAGs
[2023-06-16T14:01:24.049+0700] {logging_mixin.py:149} INFO - [2023-06-16T14:01:24.048+0700] {dag.py:3486} INFO - Setting next_dagrun for example_branch_operator to 2023-06-15T00:00:00+00:00, run_after=2023-06-16T00:00:00+00:00
[2023-06-16T14:01:24.071+0700] {processor.py:179} INFO - Processing /Library/Frameworks/Python.framework/Versions/3.11/lib/python3.11/site-packages/airflow/example_dags/example_branch_operator.py took 1.405 seconds
[2023-06-16T14:06:31.005+0700] {processor.py:157} INFO - Started process (PID=14359) to work on /Library/Frameworks/Python.framework/Versions/3.11/lib/python3.11/site-packages/airflow/example_dags/example_branch_operator.py
[2023-06-16T14:06:31.006+0700] {processor.py:826} INFO - Processing file /Library/Frameworks/Python.framework/Versions/3.11/lib/python3.11/site-packages/airflow/example_dags/example_branch_operator.py for tasks to queue
[2023-06-16T14:06:31.007+0700] {logging_mixin.py:149} INFO - [2023-06-16T14:06:31.007+0700] {dagbag.py:541} INFO - Filling up the DagBag from /Library/Frameworks/Python.framework/Versions/3.11/lib/python3.11/site-packages/airflow/example_dags/example_branch_operator.py
[2023-06-16T14:06:31.065+0700] {processor.py:836} INFO - DAG(s) dict_keys(['example_branch_operator']) retrieved from /Library/Frameworks/Python.framework/Versions/3.11/lib/python3.11/site-packages/airflow/example_dags/example_branch_operator.py
[2023-06-16T14:06:32.404+0700] {logging_mixin.py:149} INFO - [2023-06-16T14:06:32.403+0700] {dag.py:2726} INFO - Sync 1 DAGs
[2023-06-16T14:06:32.426+0700] {logging_mixin.py:149} INFO - [2023-06-16T14:06:32.426+0700] {dag.py:3486} INFO - Setting next_dagrun for example_branch_operator to 2023-06-15T00:00:00+00:00, run_after=2023-06-16T00:00:00+00:00
[2023-06-16T14:06:32.446+0700] {processor.py:179} INFO - Processing /Library/Frameworks/Python.framework/Versions/3.11/lib/python3.11/site-packages/airflow/example_dags/example_branch_operator.py took 1.442 seconds
