[2023-06-16T18:46:39.916+0000] {processor.py:157} INFO - Started process (PID=278) to work on /home/airflow/.local/lib/python3.7/site-packages/airflow/example_dags/example_task_group_decorator.py
[2023-06-16T18:46:39.920+0000] {processor.py:826} INFO - Processing file /home/airflow/.local/lib/python3.7/site-packages/airflow/example_dags/example_task_group_decorator.py for tasks to queue
[2023-06-16T18:46:39.926+0000] {logging_mixin.py:149} INFO - [2023-06-16T18:46:39.925+0000] {dagbag.py:541} INFO - Filling up the DagBag from /home/airflow/.local/lib/python3.7/site-packages/airflow/example_dags/example_task_group_decorator.py
[2023-06-16T18:46:40.041+0000] {processor.py:836} INFO - DAG(s) dict_keys(['example_task_group_decorator']) retrieved from /home/airflow/.local/lib/python3.7/site-packages/airflow/example_dags/example_task_group_decorator.py
[2023-06-16T18:46:40.129+0000] {logging_mixin.py:149} INFO - [2023-06-16T18:46:40.129+0000] {dag.py:2726} INFO - Sync 1 DAGs
[2023-06-16T18:46:40.199+0000] {logging_mixin.py:149} INFO - [2023-06-16T18:46:40.199+0000] {dag.py:3490} INFO - Setting next_dagrun for example_task_group_decorator to 2023-06-15T18:46:40.198528+00:00, run_after=2023-06-16T18:46:40.198528+00:00
[2023-06-16T18:46:40.246+0000] {processor.py:179} INFO - Processing /home/airflow/.local/lib/python3.7/site-packages/airflow/example_dags/example_task_group_decorator.py took 0.344 seconds
[2023-06-16T18:47:10.314+0000] {processor.py:157} INFO - Started process (PID=335) to work on /home/airflow/.local/lib/python3.7/site-packages/airflow/example_dags/example_task_group_decorator.py
[2023-06-16T18:47:10.319+0000] {processor.py:826} INFO - Processing file /home/airflow/.local/lib/python3.7/site-packages/airflow/example_dags/example_task_group_decorator.py for tasks to queue
[2023-06-16T18:47:10.326+0000] {logging_mixin.py:149} INFO - [2023-06-16T18:47:10.325+0000] {dagbag.py:541} INFO - Filling up the DagBag from /home/airflow/.local/lib/python3.7/site-packages/airflow/example_dags/example_task_group_decorator.py
[2023-06-16T18:47:10.379+0000] {processor.py:836} INFO - DAG(s) dict_keys(['example_task_group_decorator']) retrieved from /home/airflow/.local/lib/python3.7/site-packages/airflow/example_dags/example_task_group_decorator.py
[2023-06-16T18:47:10.446+0000] {logging_mixin.py:149} INFO - [2023-06-16T18:47:10.445+0000] {dag.py:2726} INFO - Sync 1 DAGs
[2023-06-16T18:47:10.491+0000] {logging_mixin.py:149} INFO - [2023-06-16T18:47:10.491+0000] {dag.py:3490} INFO - Setting next_dagrun for example_task_group_decorator to 2023-06-15T18:47:10.491253+00:00, run_after=2023-06-16T18:47:10.491253+00:00
[2023-06-16T18:47:10.531+0000] {processor.py:179} INFO - Processing /home/airflow/.local/lib/python3.7/site-packages/airflow/example_dags/example_task_group_decorator.py took 0.228 seconds
[2023-06-16T18:47:41.711+0000] {processor.py:157} INFO - Started process (PID=392) to work on /home/airflow/.local/lib/python3.7/site-packages/airflow/example_dags/example_task_group_decorator.py
[2023-06-16T18:47:41.718+0000] {processor.py:826} INFO - Processing file /home/airflow/.local/lib/python3.7/site-packages/airflow/example_dags/example_task_group_decorator.py for tasks to queue
[2023-06-16T18:47:41.730+0000] {logging_mixin.py:149} INFO - [2023-06-16T18:47:41.729+0000] {dagbag.py:541} INFO - Filling up the DagBag from /home/airflow/.local/lib/python3.7/site-packages/airflow/example_dags/example_task_group_decorator.py
[2023-06-16T18:47:41.816+0000] {processor.py:836} INFO - DAG(s) dict_keys(['example_task_group_decorator']) retrieved from /home/airflow/.local/lib/python3.7/site-packages/airflow/example_dags/example_task_group_decorator.py
[2023-06-16T18:47:41.910+0000] {logging_mixin.py:149} INFO - [2023-06-16T18:47:41.910+0000] {dag.py:2726} INFO - Sync 1 DAGs
[2023-06-16T18:47:41.996+0000] {logging_mixin.py:149} INFO - [2023-06-16T18:47:41.996+0000] {dag.py:3490} INFO - Setting next_dagrun for example_task_group_decorator to 2023-06-15T18:47:41.995986+00:00, run_after=2023-06-16T18:47:41.995986+00:00
[2023-06-16T18:47:42.052+0000] {processor.py:179} INFO - Processing /home/airflow/.local/lib/python3.7/site-packages/airflow/example_dags/example_task_group_decorator.py took 0.356 seconds
[2023-06-16T18:48:12.982+0000] {processor.py:157} INFO - Started process (PID=449) to work on /home/airflow/.local/lib/python3.7/site-packages/airflow/example_dags/example_task_group_decorator.py
[2023-06-16T18:48:12.986+0000] {processor.py:826} INFO - Processing file /home/airflow/.local/lib/python3.7/site-packages/airflow/example_dags/example_task_group_decorator.py for tasks to queue
[2023-06-16T18:48:12.990+0000] {logging_mixin.py:149} INFO - [2023-06-16T18:48:12.989+0000] {dagbag.py:541} INFO - Filling up the DagBag from /home/airflow/.local/lib/python3.7/site-packages/airflow/example_dags/example_task_group_decorator.py
[2023-06-16T18:48:13.026+0000] {processor.py:836} INFO - DAG(s) dict_keys(['example_task_group_decorator']) retrieved from /home/airflow/.local/lib/python3.7/site-packages/airflow/example_dags/example_task_group_decorator.py
[2023-06-16T18:48:13.090+0000] {logging_mixin.py:149} INFO - [2023-06-16T18:48:13.089+0000] {dag.py:2726} INFO - Sync 1 DAGs
[2023-06-16T18:48:13.151+0000] {logging_mixin.py:149} INFO - [2023-06-16T18:48:13.151+0000] {dag.py:3490} INFO - Setting next_dagrun for example_task_group_decorator to 2023-06-15T18:48:13.150795+00:00, run_after=2023-06-16T18:48:13.150795+00:00
[2023-06-16T18:48:13.199+0000] {processor.py:179} INFO - Processing /home/airflow/.local/lib/python3.7/site-packages/airflow/example_dags/example_task_group_decorator.py took 0.223 seconds
[2023-06-16T18:48:43.381+0000] {processor.py:157} INFO - Started process (PID=506) to work on /home/airflow/.local/lib/python3.7/site-packages/airflow/example_dags/example_task_group_decorator.py
[2023-06-16T18:48:43.388+0000] {processor.py:826} INFO - Processing file /home/airflow/.local/lib/python3.7/site-packages/airflow/example_dags/example_task_group_decorator.py for tasks to queue
[2023-06-16T18:48:43.395+0000] {logging_mixin.py:149} INFO - [2023-06-16T18:48:43.395+0000] {dagbag.py:541} INFO - Filling up the DagBag from /home/airflow/.local/lib/python3.7/site-packages/airflow/example_dags/example_task_group_decorator.py
[2023-06-16T18:48:43.449+0000] {processor.py:836} INFO - DAG(s) dict_keys(['example_task_group_decorator']) retrieved from /home/airflow/.local/lib/python3.7/site-packages/airflow/example_dags/example_task_group_decorator.py
[2023-06-16T18:48:43.522+0000] {logging_mixin.py:149} INFO - [2023-06-16T18:48:43.521+0000] {dag.py:2726} INFO - Sync 1 DAGs
[2023-06-16T18:48:43.583+0000] {logging_mixin.py:149} INFO - [2023-06-16T18:48:43.583+0000] {dag.py:3490} INFO - Setting next_dagrun for example_task_group_decorator to 2023-06-15T18:48:43.583147+00:00, run_after=2023-06-16T18:48:43.583147+00:00
[2023-06-16T18:48:43.649+0000] {processor.py:179} INFO - Processing /home/airflow/.local/lib/python3.7/site-packages/airflow/example_dags/example_task_group_decorator.py took 0.279 seconds
[2023-06-16T18:49:14.354+0000] {processor.py:157} INFO - Started process (PID=570) to work on /home/airflow/.local/lib/python3.7/site-packages/airflow/example_dags/example_task_group_decorator.py
[2023-06-16T18:49:14.358+0000] {processor.py:826} INFO - Processing file /home/airflow/.local/lib/python3.7/site-packages/airflow/example_dags/example_task_group_decorator.py for tasks to queue
[2023-06-16T18:49:14.362+0000] {logging_mixin.py:149} INFO - [2023-06-16T18:49:14.361+0000] {dagbag.py:541} INFO - Filling up the DagBag from /home/airflow/.local/lib/python3.7/site-packages/airflow/example_dags/example_task_group_decorator.py
[2023-06-16T18:49:14.397+0000] {processor.py:836} INFO - DAG(s) dict_keys(['example_task_group_decorator']) retrieved from /home/airflow/.local/lib/python3.7/site-packages/airflow/example_dags/example_task_group_decorator.py
[2023-06-16T18:49:14.465+0000] {logging_mixin.py:149} INFO - [2023-06-16T18:49:14.464+0000] {dag.py:2726} INFO - Sync 1 DAGs
[2023-06-16T18:49:14.526+0000] {logging_mixin.py:149} INFO - [2023-06-16T18:49:14.525+0000] {dag.py:3490} INFO - Setting next_dagrun for example_task_group_decorator to 2023-06-15T18:49:14.525462+00:00, run_after=2023-06-16T18:49:14.525462+00:00
[2023-06-16T18:49:14.575+0000] {processor.py:179} INFO - Processing /home/airflow/.local/lib/python3.7/site-packages/airflow/example_dags/example_task_group_decorator.py took 0.229 seconds
[2023-06-16T18:49:45.474+0000] {processor.py:157} INFO - Started process (PID=626) to work on /home/airflow/.local/lib/python3.7/site-packages/airflow/example_dags/example_task_group_decorator.py
[2023-06-16T18:49:45.478+0000] {processor.py:826} INFO - Processing file /home/airflow/.local/lib/python3.7/site-packages/airflow/example_dags/example_task_group_decorator.py for tasks to queue
[2023-06-16T18:49:45.482+0000] {logging_mixin.py:149} INFO - [2023-06-16T18:49:45.482+0000] {dagbag.py:541} INFO - Filling up the DagBag from /home/airflow/.local/lib/python3.7/site-packages/airflow/example_dags/example_task_group_decorator.py
[2023-06-16T18:49:45.529+0000] {processor.py:836} INFO - DAG(s) dict_keys(['example_task_group_decorator']) retrieved from /home/airflow/.local/lib/python3.7/site-packages/airflow/example_dags/example_task_group_decorator.py
[2023-06-16T18:49:45.604+0000] {logging_mixin.py:149} INFO - [2023-06-16T18:49:45.604+0000] {dag.py:2726} INFO - Sync 1 DAGs
[2023-06-16T18:49:45.702+0000] {logging_mixin.py:149} INFO - [2023-06-16T18:49:45.702+0000] {dag.py:3490} INFO - Setting next_dagrun for example_task_group_decorator to 2023-06-15T18:49:45.701045+00:00, run_after=2023-06-16T18:49:45.701045+00:00
[2023-06-16T18:49:45.755+0000] {processor.py:179} INFO - Processing /home/airflow/.local/lib/python3.7/site-packages/airflow/example_dags/example_task_group_decorator.py took 0.289 seconds
[2023-06-16T18:50:16.160+0000] {processor.py:157} INFO - Started process (PID=683) to work on /home/airflow/.local/lib/python3.7/site-packages/airflow/example_dags/example_task_group_decorator.py
[2023-06-16T18:50:16.165+0000] {processor.py:826} INFO - Processing file /home/airflow/.local/lib/python3.7/site-packages/airflow/example_dags/example_task_group_decorator.py for tasks to queue
[2023-06-16T18:50:16.169+0000] {logging_mixin.py:149} INFO - [2023-06-16T18:50:16.168+0000] {dagbag.py:541} INFO - Filling up the DagBag from /home/airflow/.local/lib/python3.7/site-packages/airflow/example_dags/example_task_group_decorator.py
[2023-06-16T18:50:16.218+0000] {processor.py:836} INFO - DAG(s) dict_keys(['example_task_group_decorator']) retrieved from /home/airflow/.local/lib/python3.7/site-packages/airflow/example_dags/example_task_group_decorator.py
[2023-06-16T18:50:16.312+0000] {logging_mixin.py:149} INFO - [2023-06-16T18:50:16.311+0000] {dag.py:2726} INFO - Sync 1 DAGs
[2023-06-16T18:50:16.382+0000] {logging_mixin.py:149} INFO - [2023-06-16T18:50:16.381+0000] {dag.py:3490} INFO - Setting next_dagrun for example_task_group_decorator to 2023-06-15T18:50:16.381255+00:00, run_after=2023-06-16T18:50:16.381255+00:00
[2023-06-16T18:50:16.436+0000] {processor.py:179} INFO - Processing /home/airflow/.local/lib/python3.7/site-packages/airflow/example_dags/example_task_group_decorator.py took 0.289 seconds
[2023-06-16T18:50:46.708+0000] {processor.py:157} INFO - Started process (PID=741) to work on /home/airflow/.local/lib/python3.7/site-packages/airflow/example_dags/example_task_group_decorator.py
[2023-06-16T18:50:46.712+0000] {processor.py:826} INFO - Processing file /home/airflow/.local/lib/python3.7/site-packages/airflow/example_dags/example_task_group_decorator.py for tasks to queue
[2023-06-16T18:50:46.714+0000] {logging_mixin.py:149} INFO - [2023-06-16T18:50:46.714+0000] {dagbag.py:541} INFO - Filling up the DagBag from /home/airflow/.local/lib/python3.7/site-packages/airflow/example_dags/example_task_group_decorator.py
[2023-06-16T18:50:46.760+0000] {processor.py:836} INFO - DAG(s) dict_keys(['example_task_group_decorator']) retrieved from /home/airflow/.local/lib/python3.7/site-packages/airflow/example_dags/example_task_group_decorator.py
[2023-06-16T18:50:46.831+0000] {logging_mixin.py:149} INFO - [2023-06-16T18:50:46.831+0000] {dag.py:2726} INFO - Sync 1 DAGs
[2023-06-16T18:50:46.905+0000] {logging_mixin.py:149} INFO - [2023-06-16T18:50:46.905+0000] {dag.py:3490} INFO - Setting next_dagrun for example_task_group_decorator to 2023-06-15T18:50:46.904344+00:00, run_after=2023-06-16T18:50:46.904344+00:00
[2023-06-16T18:50:46.946+0000] {processor.py:179} INFO - Processing /home/airflow/.local/lib/python3.7/site-packages/airflow/example_dags/example_task_group_decorator.py took 0.245 seconds
[2023-06-16T18:51:17.656+0000] {processor.py:157} INFO - Started process (PID=798) to work on /home/airflow/.local/lib/python3.7/site-packages/airflow/example_dags/example_task_group_decorator.py
[2023-06-16T18:51:17.659+0000] {processor.py:826} INFO - Processing file /home/airflow/.local/lib/python3.7/site-packages/airflow/example_dags/example_task_group_decorator.py for tasks to queue
[2023-06-16T18:51:17.663+0000] {logging_mixin.py:149} INFO - [2023-06-16T18:51:17.663+0000] {dagbag.py:541} INFO - Filling up the DagBag from /home/airflow/.local/lib/python3.7/site-packages/airflow/example_dags/example_task_group_decorator.py
[2023-06-16T18:51:17.699+0000] {processor.py:836} INFO - DAG(s) dict_keys(['example_task_group_decorator']) retrieved from /home/airflow/.local/lib/python3.7/site-packages/airflow/example_dags/example_task_group_decorator.py
[2023-06-16T18:51:17.758+0000] {logging_mixin.py:149} INFO - [2023-06-16T18:51:17.758+0000] {dag.py:2726} INFO - Sync 1 DAGs
[2023-06-16T18:51:17.812+0000] {logging_mixin.py:149} INFO - [2023-06-16T18:51:17.812+0000] {dag.py:3490} INFO - Setting next_dagrun for example_task_group_decorator to 2023-06-15T18:51:17.811720+00:00, run_after=2023-06-16T18:51:17.811720+00:00
[2023-06-16T18:51:17.853+0000] {processor.py:179} INFO - Processing /home/airflow/.local/lib/python3.7/site-packages/airflow/example_dags/example_task_group_decorator.py took 0.205 seconds
[2023-06-16T18:51:48.119+0000] {processor.py:157} INFO - Started process (PID=856) to work on /home/airflow/.local/lib/python3.7/site-packages/airflow/example_dags/example_task_group_decorator.py
[2023-06-16T18:51:48.123+0000] {processor.py:826} INFO - Processing file /home/airflow/.local/lib/python3.7/site-packages/airflow/example_dags/example_task_group_decorator.py for tasks to queue
[2023-06-16T18:51:48.126+0000] {logging_mixin.py:149} INFO - [2023-06-16T18:51:48.125+0000] {dagbag.py:541} INFO - Filling up the DagBag from /home/airflow/.local/lib/python3.7/site-packages/airflow/example_dags/example_task_group_decorator.py
[2023-06-16T18:51:48.161+0000] {processor.py:836} INFO - DAG(s) dict_keys(['example_task_group_decorator']) retrieved from /home/airflow/.local/lib/python3.7/site-packages/airflow/example_dags/example_task_group_decorator.py
[2023-06-16T18:51:48.230+0000] {logging_mixin.py:149} INFO - [2023-06-16T18:51:48.229+0000] {dag.py:2726} INFO - Sync 1 DAGs
[2023-06-16T18:51:48.288+0000] {logging_mixin.py:149} INFO - [2023-06-16T18:51:48.288+0000] {dag.py:3490} INFO - Setting next_dagrun for example_task_group_decorator to 2023-06-15T18:51:48.287510+00:00, run_after=2023-06-16T18:51:48.287510+00:00
[2023-06-16T18:51:48.336+0000] {processor.py:179} INFO - Processing /home/airflow/.local/lib/python3.7/site-packages/airflow/example_dags/example_task_group_decorator.py took 0.224 seconds
[2023-06-16T18:52:18.674+0000] {processor.py:157} INFO - Started process (PID=913) to work on /home/airflow/.local/lib/python3.7/site-packages/airflow/example_dags/example_task_group_decorator.py
[2023-06-16T18:52:18.679+0000] {processor.py:826} INFO - Processing file /home/airflow/.local/lib/python3.7/site-packages/airflow/example_dags/example_task_group_decorator.py for tasks to queue
[2023-06-16T18:52:18.682+0000] {logging_mixin.py:149} INFO - [2023-06-16T18:52:18.682+0000] {dagbag.py:541} INFO - Filling up the DagBag from /home/airflow/.local/lib/python3.7/site-packages/airflow/example_dags/example_task_group_decorator.py
[2023-06-16T18:52:18.717+0000] {processor.py:836} INFO - DAG(s) dict_keys(['example_task_group_decorator']) retrieved from /home/airflow/.local/lib/python3.7/site-packages/airflow/example_dags/example_task_group_decorator.py
[2023-06-16T18:52:18.787+0000] {logging_mixin.py:149} INFO - [2023-06-16T18:52:18.787+0000] {dag.py:2726} INFO - Sync 1 DAGs
[2023-06-16T18:52:18.849+0000] {logging_mixin.py:149} INFO - [2023-06-16T18:52:18.848+0000] {dag.py:3490} INFO - Setting next_dagrun for example_task_group_decorator to 2023-06-15T18:52:18.848451+00:00, run_after=2023-06-16T18:52:18.848451+00:00
[2023-06-16T18:52:18.900+0000] {processor.py:179} INFO - Processing /home/airflow/.local/lib/python3.7/site-packages/airflow/example_dags/example_task_group_decorator.py took 0.235 seconds
[2023-06-16T18:52:50.513+0000] {processor.py:157} INFO - Started process (PID=971) to work on /home/airflow/.local/lib/python3.7/site-packages/airflow/example_dags/example_task_group_decorator.py
[2023-06-16T18:52:50.529+0000] {processor.py:826} INFO - Processing file /home/airflow/.local/lib/python3.7/site-packages/airflow/example_dags/example_task_group_decorator.py for tasks to queue
[2023-06-16T18:52:50.536+0000] {logging_mixin.py:149} INFO - [2023-06-16T18:52:50.536+0000] {dagbag.py:541} INFO - Filling up the DagBag from /home/airflow/.local/lib/python3.7/site-packages/airflow/example_dags/example_task_group_decorator.py
[2023-06-16T18:52:50.707+0000] {processor.py:836} INFO - DAG(s) dict_keys(['example_task_group_decorator']) retrieved from /home/airflow/.local/lib/python3.7/site-packages/airflow/example_dags/example_task_group_decorator.py
[2023-06-16T18:52:51.033+0000] {logging_mixin.py:149} INFO - [2023-06-16T18:52:51.033+0000] {dag.py:2726} INFO - Sync 1 DAGs
[2023-06-16T18:52:51.244+0000] {logging_mixin.py:149} INFO - [2023-06-16T18:52:51.244+0000] {dag.py:3490} INFO - Setting next_dagrun for example_task_group_decorator to 2023-06-15T18:52:51.243881+00:00, run_after=2023-06-16T18:52:51.243881+00:00
[2023-06-16T18:52:51.505+0000] {processor.py:179} INFO - Processing /home/airflow/.local/lib/python3.7/site-packages/airflow/example_dags/example_task_group_decorator.py took 1.013 seconds
[2023-06-16T18:53:21.842+0000] {processor.py:157} INFO - Started process (PID=1029) to work on /home/airflow/.local/lib/python3.7/site-packages/airflow/example_dags/example_task_group_decorator.py
[2023-06-16T18:53:21.847+0000] {processor.py:826} INFO - Processing file /home/airflow/.local/lib/python3.7/site-packages/airflow/example_dags/example_task_group_decorator.py for tasks to queue
[2023-06-16T18:53:21.852+0000] {logging_mixin.py:149} INFO - [2023-06-16T18:53:21.852+0000] {dagbag.py:541} INFO - Filling up the DagBag from /home/airflow/.local/lib/python3.7/site-packages/airflow/example_dags/example_task_group_decorator.py
[2023-06-16T18:53:21.901+0000] {processor.py:836} INFO - DAG(s) dict_keys(['example_task_group_decorator']) retrieved from /home/airflow/.local/lib/python3.7/site-packages/airflow/example_dags/example_task_group_decorator.py
[2023-06-16T18:53:22.020+0000] {logging_mixin.py:149} INFO - [2023-06-16T18:53:22.020+0000] {dag.py:2726} INFO - Sync 1 DAGs
[2023-06-16T18:53:22.109+0000] {logging_mixin.py:149} INFO - [2023-06-16T18:53:22.109+0000] {dag.py:3490} INFO - Setting next_dagrun for example_task_group_decorator to 2023-06-15T18:53:22.108724+00:00, run_after=2023-06-16T18:53:22.108724+00:00
[2023-06-16T18:53:22.162+0000] {processor.py:179} INFO - Processing /home/airflow/.local/lib/python3.7/site-packages/airflow/example_dags/example_task_group_decorator.py took 0.332 seconds
[2023-06-16T18:53:52.900+0000] {processor.py:157} INFO - Started process (PID=1086) to work on /home/airflow/.local/lib/python3.7/site-packages/airflow/example_dags/example_task_group_decorator.py
[2023-06-16T18:53:52.904+0000] {processor.py:826} INFO - Processing file /home/airflow/.local/lib/python3.7/site-packages/airflow/example_dags/example_task_group_decorator.py for tasks to queue
[2023-06-16T18:53:52.908+0000] {logging_mixin.py:149} INFO - [2023-06-16T18:53:52.908+0000] {dagbag.py:541} INFO - Filling up the DagBag from /home/airflow/.local/lib/python3.7/site-packages/airflow/example_dags/example_task_group_decorator.py
[2023-06-16T18:53:52.960+0000] {processor.py:836} INFO - DAG(s) dict_keys(['example_task_group_decorator']) retrieved from /home/airflow/.local/lib/python3.7/site-packages/airflow/example_dags/example_task_group_decorator.py
[2023-06-16T18:53:53.038+0000] {logging_mixin.py:149} INFO - [2023-06-16T18:53:53.038+0000] {dag.py:2726} INFO - Sync 1 DAGs
[2023-06-16T18:53:53.105+0000] {logging_mixin.py:149} INFO - [2023-06-16T18:53:53.105+0000] {dag.py:3490} INFO - Setting next_dagrun for example_task_group_decorator to 2023-06-15T18:53:53.104565+00:00, run_after=2023-06-16T18:53:53.104565+00:00
[2023-06-16T18:53:53.164+0000] {processor.py:179} INFO - Processing /home/airflow/.local/lib/python3.7/site-packages/airflow/example_dags/example_task_group_decorator.py took 0.276 seconds
[2023-06-16T18:54:23.483+0000] {processor.py:157} INFO - Started process (PID=1143) to work on /home/airflow/.local/lib/python3.7/site-packages/airflow/example_dags/example_task_group_decorator.py
[2023-06-16T18:54:23.488+0000] {processor.py:826} INFO - Processing file /home/airflow/.local/lib/python3.7/site-packages/airflow/example_dags/example_task_group_decorator.py for tasks to queue
[2023-06-16T18:54:23.491+0000] {logging_mixin.py:149} INFO - [2023-06-16T18:54:23.491+0000] {dagbag.py:541} INFO - Filling up the DagBag from /home/airflow/.local/lib/python3.7/site-packages/airflow/example_dags/example_task_group_decorator.py
[2023-06-16T18:54:23.538+0000] {processor.py:836} INFO - DAG(s) dict_keys(['example_task_group_decorator']) retrieved from /home/airflow/.local/lib/python3.7/site-packages/airflow/example_dags/example_task_group_decorator.py
[2023-06-16T18:54:23.641+0000] {logging_mixin.py:149} INFO - [2023-06-16T18:54:23.640+0000] {dag.py:2726} INFO - Sync 1 DAGs
[2023-06-16T18:54:23.788+0000] {logging_mixin.py:149} INFO - [2023-06-16T18:54:23.788+0000] {dag.py:3490} INFO - Setting next_dagrun for example_task_group_decorator to 2023-06-15T18:54:23.787330+00:00, run_after=2023-06-16T18:54:23.787330+00:00
[2023-06-16T18:54:23.866+0000] {processor.py:179} INFO - Processing /home/airflow/.local/lib/python3.7/site-packages/airflow/example_dags/example_task_group_decorator.py took 0.394 seconds
[2023-06-16T18:54:54.488+0000] {processor.py:157} INFO - Started process (PID=1203) to work on /home/airflow/.local/lib/python3.7/site-packages/airflow/example_dags/example_task_group_decorator.py
[2023-06-16T18:54:54.493+0000] {processor.py:826} INFO - Processing file /home/airflow/.local/lib/python3.7/site-packages/airflow/example_dags/example_task_group_decorator.py for tasks to queue
[2023-06-16T18:54:54.498+0000] {logging_mixin.py:149} INFO - [2023-06-16T18:54:54.498+0000] {dagbag.py:541} INFO - Filling up the DagBag from /home/airflow/.local/lib/python3.7/site-packages/airflow/example_dags/example_task_group_decorator.py
[2023-06-16T18:54:54.598+0000] {processor.py:836} INFO - DAG(s) dict_keys(['example_task_group_decorator']) retrieved from /home/airflow/.local/lib/python3.7/site-packages/airflow/example_dags/example_task_group_decorator.py
[2023-06-16T18:54:54.738+0000] {logging_mixin.py:149} INFO - [2023-06-16T18:54:54.738+0000] {dag.py:2726} INFO - Sync 1 DAGs
[2023-06-16T18:54:54.812+0000] {logging_mixin.py:149} INFO - [2023-06-16T18:54:54.812+0000] {dag.py:3490} INFO - Setting next_dagrun for example_task_group_decorator to 2023-06-15T18:54:54.811620+00:00, run_after=2023-06-16T18:54:54.811620+00:00
[2023-06-16T18:54:54.874+0000] {processor.py:179} INFO - Processing /home/airflow/.local/lib/python3.7/site-packages/airflow/example_dags/example_task_group_decorator.py took 0.400 seconds
[2023-06-16T18:55:25.564+0000] {processor.py:157} INFO - Started process (PID=1260) to work on /home/airflow/.local/lib/python3.7/site-packages/airflow/example_dags/example_task_group_decorator.py
[2023-06-16T18:55:25.568+0000] {processor.py:826} INFO - Processing file /home/airflow/.local/lib/python3.7/site-packages/airflow/example_dags/example_task_group_decorator.py for tasks to queue
[2023-06-16T18:55:25.571+0000] {logging_mixin.py:149} INFO - [2023-06-16T18:55:25.571+0000] {dagbag.py:541} INFO - Filling up the DagBag from /home/airflow/.local/lib/python3.7/site-packages/airflow/example_dags/example_task_group_decorator.py
[2023-06-16T18:55:25.622+0000] {processor.py:836} INFO - DAG(s) dict_keys(['example_task_group_decorator']) retrieved from /home/airflow/.local/lib/python3.7/site-packages/airflow/example_dags/example_task_group_decorator.py
[2023-06-16T18:55:25.704+0000] {logging_mixin.py:149} INFO - [2023-06-16T18:55:25.703+0000] {dag.py:2726} INFO - Sync 1 DAGs
[2023-06-16T18:55:25.782+0000] {logging_mixin.py:149} INFO - [2023-06-16T18:55:25.782+0000] {dag.py:3490} INFO - Setting next_dagrun for example_task_group_decorator to 2023-06-15T18:55:25.782217+00:00, run_after=2023-06-16T18:55:25.782217+00:00
[2023-06-16T18:55:25.836+0000] {processor.py:179} INFO - Processing /home/airflow/.local/lib/python3.7/site-packages/airflow/example_dags/example_task_group_decorator.py took 0.281 seconds
