[2023-06-16T18:46:44.362+0000] {processor.py:157} INFO - Started process (PID=305) to work on /home/airflow/.local/lib/python3.7/site-packages/airflow/example_dags/example_subdag_operator.py
[2023-06-16T18:46:44.368+0000] {processor.py:826} INFO - Processing file /home/airflow/.local/lib/python3.7/site-packages/airflow/example_dags/example_subdag_operator.py for tasks to queue
[2023-06-16T18:46:44.374+0000] {logging_mixin.py:149} INFO - [2023-06-16T18:46:44.374+0000] {dagbag.py:541} INFO - Filling up the DagBag from /home/airflow/.local/lib/python3.7/site-packages/airflow/example_dags/example_subdag_operator.py
[2023-06-16T18:46:44.449+0000] {processor.py:836} INFO - DAG(s) dict_keys(['example_subdag_operator.section-1', 'example_subdag_operator.section-2', 'example_subdag_operator']) retrieved from /home/airflow/.local/lib/python3.7/site-packages/airflow/example_dags/example_subdag_operator.py
[2023-06-16T18:46:44.501+0000] {logging_mixin.py:149} INFO - [2023-06-16T18:46:44.501+0000] {dag.py:2726} INFO - Sync 3 DAGs
[2023-06-16T18:46:44.581+0000] {logging_mixin.py:149} INFO - [2023-06-16T18:46:44.580+0000] {dag.py:3490} INFO - Setting next_dagrun for example_subdag_operator to 2022-01-01T00:00:00+00:00, run_after=2022-01-01T00:00:00+00:00
[2023-06-16T18:46:44.593+0000] {logging_mixin.py:149} INFO - [2023-06-16T18:46:44.593+0000] {dag.py:3490} INFO - Setting next_dagrun for example_subdag_operator.section-1 to None, run_after=None
[2023-06-16T18:46:44.600+0000] {logging_mixin.py:149} INFO - [2023-06-16T18:46:44.600+0000] {dag.py:3490} INFO - Setting next_dagrun for example_subdag_operator.section-2 to None, run_after=None
[2023-06-16T18:46:44.631+0000] {logging_mixin.py:149} INFO - [2023-06-16T18:46:44.630+0000] {dag.py:2726} INFO - Sync 2 DAGs
[2023-06-16T18:46:44.657+0000] {logging_mixin.py:149} INFO - [2023-06-16T18:46:44.656+0000] {dag.py:3490} INFO - Setting next_dagrun for example_subdag_operator.section-1 to None, run_after=None
[2023-06-16T18:46:44.661+0000] {logging_mixin.py:149} INFO - [2023-06-16T18:46:44.661+0000] {dag.py:3490} INFO - Setting next_dagrun for example_subdag_operator.section-2 to None, run_after=None
[2023-06-16T18:46:44.703+0000] {processor.py:179} INFO - Processing /home/airflow/.local/lib/python3.7/site-packages/airflow/example_dags/example_subdag_operator.py took 0.351 seconds
[2023-06-16T18:47:14.899+0000] {processor.py:157} INFO - Started process (PID=362) to work on /home/airflow/.local/lib/python3.7/site-packages/airflow/example_dags/example_subdag_operator.py
[2023-06-16T18:47:14.904+0000] {processor.py:826} INFO - Processing file /home/airflow/.local/lib/python3.7/site-packages/airflow/example_dags/example_subdag_operator.py for tasks to queue
[2023-06-16T18:47:14.911+0000] {logging_mixin.py:149} INFO - [2023-06-16T18:47:14.911+0000] {dagbag.py:541} INFO - Filling up the DagBag from /home/airflow/.local/lib/python3.7/site-packages/airflow/example_dags/example_subdag_operator.py
[2023-06-16T18:47:15.003+0000] {processor.py:836} INFO - DAG(s) dict_keys(['example_subdag_operator.section-1', 'example_subdag_operator.section-2', 'example_subdag_operator']) retrieved from /home/airflow/.local/lib/python3.7/site-packages/airflow/example_dags/example_subdag_operator.py
[2023-06-16T18:47:15.072+0000] {logging_mixin.py:149} INFO - [2023-06-16T18:47:15.072+0000] {dag.py:2726} INFO - Sync 3 DAGs
[2023-06-16T18:47:15.159+0000] {logging_mixin.py:149} INFO - [2023-06-16T18:47:15.159+0000] {dag.py:3490} INFO - Setting next_dagrun for example_subdag_operator to 2022-01-01T00:00:00+00:00, run_after=2022-01-01T00:00:00+00:00
[2023-06-16T18:47:15.171+0000] {logging_mixin.py:149} INFO - [2023-06-16T18:47:15.170+0000] {dag.py:3490} INFO - Setting next_dagrun for example_subdag_operator.section-1 to None, run_after=None
[2023-06-16T18:47:15.176+0000] {logging_mixin.py:149} INFO - [2023-06-16T18:47:15.176+0000] {dag.py:3490} INFO - Setting next_dagrun for example_subdag_operator.section-2 to None, run_after=None
[2023-06-16T18:47:15.198+0000] {logging_mixin.py:149} INFO - [2023-06-16T18:47:15.197+0000] {dag.py:2726} INFO - Sync 2 DAGs
[2023-06-16T18:47:15.215+0000] {logging_mixin.py:149} INFO - [2023-06-16T18:47:15.214+0000] {dag.py:3490} INFO - Setting next_dagrun for example_subdag_operator.section-1 to None, run_after=None
[2023-06-16T18:47:15.220+0000] {logging_mixin.py:149} INFO - [2023-06-16T18:47:15.219+0000] {dag.py:3490} INFO - Setting next_dagrun for example_subdag_operator.section-2 to None, run_after=None
[2023-06-16T18:47:15.251+0000] {processor.py:179} INFO - Processing /home/airflow/.local/lib/python3.7/site-packages/airflow/example_dags/example_subdag_operator.py took 0.362 seconds
[2023-06-16T18:47:45.468+0000] {processor.py:157} INFO - Started process (PID=419) to work on /home/airflow/.local/lib/python3.7/site-packages/airflow/example_dags/example_subdag_operator.py
[2023-06-16T18:47:45.474+0000] {processor.py:826} INFO - Processing file /home/airflow/.local/lib/python3.7/site-packages/airflow/example_dags/example_subdag_operator.py for tasks to queue
[2023-06-16T18:47:45.477+0000] {logging_mixin.py:149} INFO - [2023-06-16T18:47:45.477+0000] {dagbag.py:541} INFO - Filling up the DagBag from /home/airflow/.local/lib/python3.7/site-packages/airflow/example_dags/example_subdag_operator.py
[2023-06-16T18:47:45.541+0000] {processor.py:836} INFO - DAG(s) dict_keys(['example_subdag_operator.section-1', 'example_subdag_operator.section-2', 'example_subdag_operator']) retrieved from /home/airflow/.local/lib/python3.7/site-packages/airflow/example_dags/example_subdag_operator.py
[2023-06-16T18:47:45.601+0000] {logging_mixin.py:149} INFO - [2023-06-16T18:47:45.600+0000] {dag.py:2726} INFO - Sync 3 DAGs
[2023-06-16T18:47:45.671+0000] {logging_mixin.py:149} INFO - [2023-06-16T18:47:45.671+0000] {dag.py:3490} INFO - Setting next_dagrun for example_subdag_operator to 2022-01-01T00:00:00+00:00, run_after=2022-01-01T00:00:00+00:00
[2023-06-16T18:47:45.684+0000] {logging_mixin.py:149} INFO - [2023-06-16T18:47:45.684+0000] {dag.py:3490} INFO - Setting next_dagrun for example_subdag_operator.section-1 to None, run_after=None
[2023-06-16T18:47:45.689+0000] {logging_mixin.py:149} INFO - [2023-06-16T18:47:45.689+0000] {dag.py:3490} INFO - Setting next_dagrun for example_subdag_operator.section-2 to None, run_after=None
[2023-06-16T18:47:45.714+0000] {logging_mixin.py:149} INFO - [2023-06-16T18:47:45.713+0000] {dag.py:2726} INFO - Sync 2 DAGs
[2023-06-16T18:47:45.729+0000] {logging_mixin.py:149} INFO - [2023-06-16T18:47:45.729+0000] {dag.py:3490} INFO - Setting next_dagrun for example_subdag_operator.section-1 to None, run_after=None
[2023-06-16T18:47:45.732+0000] {logging_mixin.py:149} INFO - [2023-06-16T18:47:45.732+0000] {dag.py:3490} INFO - Setting next_dagrun for example_subdag_operator.section-2 to None, run_after=None
[2023-06-16T18:47:45.763+0000] {processor.py:179} INFO - Processing /home/airflow/.local/lib/python3.7/site-packages/airflow/example_dags/example_subdag_operator.py took 0.306 seconds
[2023-06-16T18:48:15.940+0000] {processor.py:157} INFO - Started process (PID=476) to work on /home/airflow/.local/lib/python3.7/site-packages/airflow/example_dags/example_subdag_operator.py
[2023-06-16T18:48:15.944+0000] {processor.py:826} INFO - Processing file /home/airflow/.local/lib/python3.7/site-packages/airflow/example_dags/example_subdag_operator.py for tasks to queue
[2023-06-16T18:48:15.949+0000] {logging_mixin.py:149} INFO - [2023-06-16T18:48:15.948+0000] {dagbag.py:541} INFO - Filling up the DagBag from /home/airflow/.local/lib/python3.7/site-packages/airflow/example_dags/example_subdag_operator.py
[2023-06-16T18:48:16.018+0000] {processor.py:836} INFO - DAG(s) dict_keys(['example_subdag_operator.section-1', 'example_subdag_operator.section-2', 'example_subdag_operator']) retrieved from /home/airflow/.local/lib/python3.7/site-packages/airflow/example_dags/example_subdag_operator.py
[2023-06-16T18:48:16.068+0000] {logging_mixin.py:149} INFO - [2023-06-16T18:48:16.068+0000] {dag.py:2726} INFO - Sync 3 DAGs
[2023-06-16T18:48:16.134+0000] {logging_mixin.py:149} INFO - [2023-06-16T18:48:16.134+0000] {dag.py:3490} INFO - Setting next_dagrun for example_subdag_operator to 2022-01-01T00:00:00+00:00, run_after=2022-01-01T00:00:00+00:00
[2023-06-16T18:48:16.147+0000] {logging_mixin.py:149} INFO - [2023-06-16T18:48:16.147+0000] {dag.py:3490} INFO - Setting next_dagrun for example_subdag_operator.section-1 to None, run_after=None
[2023-06-16T18:48:16.152+0000] {logging_mixin.py:149} INFO - [2023-06-16T18:48:16.152+0000] {dag.py:3490} INFO - Setting next_dagrun for example_subdag_operator.section-2 to None, run_after=None
[2023-06-16T18:48:16.168+0000] {logging_mixin.py:149} INFO - [2023-06-16T18:48:16.168+0000] {dag.py:2726} INFO - Sync 2 DAGs
[2023-06-16T18:48:16.182+0000] {logging_mixin.py:149} INFO - [2023-06-16T18:48:16.182+0000] {dag.py:3490} INFO - Setting next_dagrun for example_subdag_operator.section-1 to None, run_after=None
[2023-06-16T18:48:16.185+0000] {logging_mixin.py:149} INFO - [2023-06-16T18:48:16.184+0000] {dag.py:3490} INFO - Setting next_dagrun for example_subdag_operator.section-2 to None, run_after=None
[2023-06-16T18:48:16.212+0000] {processor.py:179} INFO - Processing /home/airflow/.local/lib/python3.7/site-packages/airflow/example_dags/example_subdag_operator.py took 0.279 seconds
[2023-06-16T18:48:46.388+0000] {processor.py:157} INFO - Started process (PID=533) to work on /home/airflow/.local/lib/python3.7/site-packages/airflow/example_dags/example_subdag_operator.py
[2023-06-16T18:48:46.393+0000] {processor.py:826} INFO - Processing file /home/airflow/.local/lib/python3.7/site-packages/airflow/example_dags/example_subdag_operator.py for tasks to queue
[2023-06-16T18:48:46.397+0000] {logging_mixin.py:149} INFO - [2023-06-16T18:48:46.397+0000] {dagbag.py:541} INFO - Filling up the DagBag from /home/airflow/.local/lib/python3.7/site-packages/airflow/example_dags/example_subdag_operator.py
[2023-06-16T18:48:46.463+0000] {processor.py:836} INFO - DAG(s) dict_keys(['example_subdag_operator.section-1', 'example_subdag_operator.section-2', 'example_subdag_operator']) retrieved from /home/airflow/.local/lib/python3.7/site-packages/airflow/example_dags/example_subdag_operator.py
[2023-06-16T18:48:46.523+0000] {logging_mixin.py:149} INFO - [2023-06-16T18:48:46.523+0000] {dag.py:2726} INFO - Sync 3 DAGs
[2023-06-16T18:48:46.598+0000] {logging_mixin.py:149} INFO - [2023-06-16T18:48:46.598+0000] {dag.py:3490} INFO - Setting next_dagrun for example_subdag_operator to 2022-01-01T00:00:00+00:00, run_after=2022-01-01T00:00:00+00:00
[2023-06-16T18:48:46.609+0000] {logging_mixin.py:149} INFO - [2023-06-16T18:48:46.609+0000] {dag.py:3490} INFO - Setting next_dagrun for example_subdag_operator.section-1 to None, run_after=None
[2023-06-16T18:48:46.614+0000] {logging_mixin.py:149} INFO - [2023-06-16T18:48:46.614+0000] {dag.py:3490} INFO - Setting next_dagrun for example_subdag_operator.section-2 to None, run_after=None
[2023-06-16T18:48:46.636+0000] {logging_mixin.py:149} INFO - [2023-06-16T18:48:46.635+0000] {dag.py:2726} INFO - Sync 2 DAGs
[2023-06-16T18:48:46.652+0000] {logging_mixin.py:149} INFO - [2023-06-16T18:48:46.651+0000] {dag.py:3490} INFO - Setting next_dagrun for example_subdag_operator.section-1 to None, run_after=None
[2023-06-16T18:48:46.654+0000] {logging_mixin.py:149} INFO - [2023-06-16T18:48:46.654+0000] {dag.py:3490} INFO - Setting next_dagrun for example_subdag_operator.section-2 to None, run_after=None
[2023-06-16T18:48:46.682+0000] {processor.py:179} INFO - Processing /home/airflow/.local/lib/python3.7/site-packages/airflow/example_dags/example_subdag_operator.py took 0.303 seconds
[2023-06-16T18:49:17.224+0000] {processor.py:157} INFO - Started process (PID=590) to work on /home/airflow/.local/lib/python3.7/site-packages/airflow/example_dags/example_subdag_operator.py
[2023-06-16T18:49:17.229+0000] {processor.py:826} INFO - Processing file /home/airflow/.local/lib/python3.7/site-packages/airflow/example_dags/example_subdag_operator.py for tasks to queue
[2023-06-16T18:49:17.233+0000] {logging_mixin.py:149} INFO - [2023-06-16T18:49:17.232+0000] {dagbag.py:541} INFO - Filling up the DagBag from /home/airflow/.local/lib/python3.7/site-packages/airflow/example_dags/example_subdag_operator.py
[2023-06-16T18:49:17.296+0000] {processor.py:836} INFO - DAG(s) dict_keys(['example_subdag_operator.section-1', 'example_subdag_operator.section-2', 'example_subdag_operator']) retrieved from /home/airflow/.local/lib/python3.7/site-packages/airflow/example_dags/example_subdag_operator.py
[2023-06-16T18:49:17.343+0000] {logging_mixin.py:149} INFO - [2023-06-16T18:49:17.343+0000] {dag.py:2726} INFO - Sync 3 DAGs
[2023-06-16T18:49:17.412+0000] {logging_mixin.py:149} INFO - [2023-06-16T18:49:17.412+0000] {dag.py:3490} INFO - Setting next_dagrun for example_subdag_operator to 2022-01-01T00:00:00+00:00, run_after=2022-01-01T00:00:00+00:00
[2023-06-16T18:49:17.421+0000] {logging_mixin.py:149} INFO - [2023-06-16T18:49:17.421+0000] {dag.py:3490} INFO - Setting next_dagrun for example_subdag_operator.section-1 to None, run_after=None
[2023-06-16T18:49:17.426+0000] {logging_mixin.py:149} INFO - [2023-06-16T18:49:17.426+0000] {dag.py:3490} INFO - Setting next_dagrun for example_subdag_operator.section-2 to None, run_after=None
[2023-06-16T18:49:17.449+0000] {logging_mixin.py:149} INFO - [2023-06-16T18:49:17.449+0000] {dag.py:2726} INFO - Sync 2 DAGs
[2023-06-16T18:49:17.468+0000] {logging_mixin.py:149} INFO - [2023-06-16T18:49:17.467+0000] {dag.py:3490} INFO - Setting next_dagrun for example_subdag_operator.section-1 to None, run_after=None
[2023-06-16T18:49:17.472+0000] {logging_mixin.py:149} INFO - [2023-06-16T18:49:17.472+0000] {dag.py:3490} INFO - Setting next_dagrun for example_subdag_operator.section-2 to None, run_after=None
[2023-06-16T18:49:17.518+0000] {processor.py:179} INFO - Processing /home/airflow/.local/lib/python3.7/site-packages/airflow/example_dags/example_subdag_operator.py took 0.302 seconds
[2023-06-16T18:49:49.416+0000] {processor.py:157} INFO - Started process (PID=646) to work on /home/airflow/.local/lib/python3.7/site-packages/airflow/example_dags/example_subdag_operator.py
[2023-06-16T18:49:49.420+0000] {processor.py:826} INFO - Processing file /home/airflow/.local/lib/python3.7/site-packages/airflow/example_dags/example_subdag_operator.py for tasks to queue
[2023-06-16T18:49:49.423+0000] {logging_mixin.py:149} INFO - [2023-06-16T18:49:49.423+0000] {dagbag.py:541} INFO - Filling up the DagBag from /home/airflow/.local/lib/python3.7/site-packages/airflow/example_dags/example_subdag_operator.py
[2023-06-16T18:49:49.490+0000] {processor.py:836} INFO - DAG(s) dict_keys(['example_subdag_operator.section-1', 'example_subdag_operator.section-2', 'example_subdag_operator']) retrieved from /home/airflow/.local/lib/python3.7/site-packages/airflow/example_dags/example_subdag_operator.py
[2023-06-16T18:49:49.550+0000] {logging_mixin.py:149} INFO - [2023-06-16T18:49:49.549+0000] {dag.py:2726} INFO - Sync 3 DAGs
[2023-06-16T18:49:49.610+0000] {logging_mixin.py:149} INFO - [2023-06-16T18:49:49.610+0000] {dag.py:3490} INFO - Setting next_dagrun for example_subdag_operator to 2022-01-01T00:00:00+00:00, run_after=2022-01-01T00:00:00+00:00
[2023-06-16T18:49:49.621+0000] {logging_mixin.py:149} INFO - [2023-06-16T18:49:49.621+0000] {dag.py:3490} INFO - Setting next_dagrun for example_subdag_operator.section-1 to None, run_after=None
[2023-06-16T18:49:49.626+0000] {logging_mixin.py:149} INFO - [2023-06-16T18:49:49.625+0000] {dag.py:3490} INFO - Setting next_dagrun for example_subdag_operator.section-2 to None, run_after=None
[2023-06-16T18:49:49.647+0000] {logging_mixin.py:149} INFO - [2023-06-16T18:49:49.646+0000] {dag.py:2726} INFO - Sync 2 DAGs
[2023-06-16T18:49:49.667+0000] {logging_mixin.py:149} INFO - [2023-06-16T18:49:49.666+0000] {dag.py:3490} INFO - Setting next_dagrun for example_subdag_operator.section-1 to None, run_after=None
[2023-06-16T18:49:49.669+0000] {logging_mixin.py:149} INFO - [2023-06-16T18:49:49.669+0000] {dag.py:3490} INFO - Setting next_dagrun for example_subdag_operator.section-2 to None, run_after=None
[2023-06-16T18:49:49.694+0000] {processor.py:179} INFO - Processing /home/airflow/.local/lib/python3.7/site-packages/airflow/example_dags/example_subdag_operator.py took 0.287 seconds
[2023-06-16T18:50:19.905+0000] {processor.py:157} INFO - Started process (PID=703) to work on /home/airflow/.local/lib/python3.7/site-packages/airflow/example_dags/example_subdag_operator.py
[2023-06-16T18:50:19.911+0000] {processor.py:826} INFO - Processing file /home/airflow/.local/lib/python3.7/site-packages/airflow/example_dags/example_subdag_operator.py for tasks to queue
[2023-06-16T18:50:19.918+0000] {logging_mixin.py:149} INFO - [2023-06-16T18:50:19.917+0000] {dagbag.py:541} INFO - Filling up the DagBag from /home/airflow/.local/lib/python3.7/site-packages/airflow/example_dags/example_subdag_operator.py
[2023-06-16T18:50:20.012+0000] {processor.py:836} INFO - DAG(s) dict_keys(['example_subdag_operator.section-1', 'example_subdag_operator.section-2', 'example_subdag_operator']) retrieved from /home/airflow/.local/lib/python3.7/site-packages/airflow/example_dags/example_subdag_operator.py
[2023-06-16T18:50:20.082+0000] {logging_mixin.py:149} INFO - [2023-06-16T18:50:20.082+0000] {dag.py:2726} INFO - Sync 3 DAGs
[2023-06-16T18:50:20.150+0000] {logging_mixin.py:149} INFO - [2023-06-16T18:50:20.150+0000] {dag.py:3490} INFO - Setting next_dagrun for example_subdag_operator to 2022-01-01T00:00:00+00:00, run_after=2022-01-01T00:00:00+00:00
[2023-06-16T18:50:20.160+0000] {logging_mixin.py:149} INFO - [2023-06-16T18:50:20.160+0000] {dag.py:3490} INFO - Setting next_dagrun for example_subdag_operator.section-1 to None, run_after=None
[2023-06-16T18:50:20.165+0000] {logging_mixin.py:149} INFO - [2023-06-16T18:50:20.165+0000] {dag.py:3490} INFO - Setting next_dagrun for example_subdag_operator.section-2 to None, run_after=None
[2023-06-16T18:50:20.186+0000] {logging_mixin.py:149} INFO - [2023-06-16T18:50:20.186+0000] {dag.py:2726} INFO - Sync 2 DAGs
[2023-06-16T18:50:20.202+0000] {logging_mixin.py:149} INFO - [2023-06-16T18:50:20.202+0000] {dag.py:3490} INFO - Setting next_dagrun for example_subdag_operator.section-1 to None, run_after=None
[2023-06-16T18:50:20.205+0000] {logging_mixin.py:149} INFO - [2023-06-16T18:50:20.205+0000] {dag.py:3490} INFO - Setting next_dagrun for example_subdag_operator.section-2 to None, run_after=None
[2023-06-16T18:50:20.235+0000] {processor.py:179} INFO - Processing /home/airflow/.local/lib/python3.7/site-packages/airflow/example_dags/example_subdag_operator.py took 0.344 seconds
[2023-06-16T18:50:50.655+0000] {processor.py:157} INFO - Started process (PID=761) to work on /home/airflow/.local/lib/python3.7/site-packages/airflow/example_dags/example_subdag_operator.py
[2023-06-16T18:50:50.660+0000] {processor.py:826} INFO - Processing file /home/airflow/.local/lib/python3.7/site-packages/airflow/example_dags/example_subdag_operator.py for tasks to queue
[2023-06-16T18:50:50.663+0000] {logging_mixin.py:149} INFO - [2023-06-16T18:50:50.663+0000] {dagbag.py:541} INFO - Filling up the DagBag from /home/airflow/.local/lib/python3.7/site-packages/airflow/example_dags/example_subdag_operator.py
[2023-06-16T18:50:50.743+0000] {processor.py:836} INFO - DAG(s) dict_keys(['example_subdag_operator.section-1', 'example_subdag_operator.section-2', 'example_subdag_operator']) retrieved from /home/airflow/.local/lib/python3.7/site-packages/airflow/example_dags/example_subdag_operator.py
[2023-06-16T18:50:50.797+0000] {logging_mixin.py:149} INFO - [2023-06-16T18:50:50.797+0000] {dag.py:2726} INFO - Sync 3 DAGs
[2023-06-16T18:50:50.868+0000] {logging_mixin.py:149} INFO - [2023-06-16T18:50:50.868+0000] {dag.py:3490} INFO - Setting next_dagrun for example_subdag_operator to 2022-01-01T00:00:00+00:00, run_after=2022-01-01T00:00:00+00:00
[2023-06-16T18:50:50.880+0000] {logging_mixin.py:149} INFO - [2023-06-16T18:50:50.880+0000] {dag.py:3490} INFO - Setting next_dagrun for example_subdag_operator.section-1 to None, run_after=None
[2023-06-16T18:50:50.888+0000] {logging_mixin.py:149} INFO - [2023-06-16T18:50:50.887+0000] {dag.py:3490} INFO - Setting next_dagrun for example_subdag_operator.section-2 to None, run_after=None
[2023-06-16T18:50:50.913+0000] {logging_mixin.py:149} INFO - [2023-06-16T18:50:50.913+0000] {dag.py:2726} INFO - Sync 2 DAGs
[2023-06-16T18:50:50.943+0000] {logging_mixin.py:149} INFO - [2023-06-16T18:50:50.942+0000] {dag.py:3490} INFO - Setting next_dagrun for example_subdag_operator.section-1 to None, run_after=None
[2023-06-16T18:50:50.946+0000] {logging_mixin.py:149} INFO - [2023-06-16T18:50:50.945+0000] {dag.py:3490} INFO - Setting next_dagrun for example_subdag_operator.section-2 to None, run_after=None
[2023-06-16T18:50:50.977+0000] {processor.py:179} INFO - Processing /home/airflow/.local/lib/python3.7/site-packages/airflow/example_dags/example_subdag_operator.py took 0.332 seconds
[2023-06-16T18:51:21.308+0000] {processor.py:157} INFO - Started process (PID=818) to work on /home/airflow/.local/lib/python3.7/site-packages/airflow/example_dags/example_subdag_operator.py
[2023-06-16T18:51:21.312+0000] {processor.py:826} INFO - Processing file /home/airflow/.local/lib/python3.7/site-packages/airflow/example_dags/example_subdag_operator.py for tasks to queue
[2023-06-16T18:51:21.315+0000] {logging_mixin.py:149} INFO - [2023-06-16T18:51:21.315+0000] {dagbag.py:541} INFO - Filling up the DagBag from /home/airflow/.local/lib/python3.7/site-packages/airflow/example_dags/example_subdag_operator.py
[2023-06-16T18:51:21.378+0000] {processor.py:836} INFO - DAG(s) dict_keys(['example_subdag_operator.section-1', 'example_subdag_operator.section-2', 'example_subdag_operator']) retrieved from /home/airflow/.local/lib/python3.7/site-packages/airflow/example_dags/example_subdag_operator.py
[2023-06-16T18:51:21.421+0000] {logging_mixin.py:149} INFO - [2023-06-16T18:51:21.420+0000] {dag.py:2726} INFO - Sync 3 DAGs
[2023-06-16T18:51:21.482+0000] {logging_mixin.py:149} INFO - [2023-06-16T18:51:21.482+0000] {dag.py:3490} INFO - Setting next_dagrun for example_subdag_operator to 2022-01-01T00:00:00+00:00, run_after=2022-01-01T00:00:00+00:00
[2023-06-16T18:51:21.492+0000] {logging_mixin.py:149} INFO - [2023-06-16T18:51:21.492+0000] {dag.py:3490} INFO - Setting next_dagrun for example_subdag_operator.section-1 to None, run_after=None
[2023-06-16T18:51:21.497+0000] {logging_mixin.py:149} INFO - [2023-06-16T18:51:21.497+0000] {dag.py:3490} INFO - Setting next_dagrun for example_subdag_operator.section-2 to None, run_after=None
[2023-06-16T18:51:21.519+0000] {logging_mixin.py:149} INFO - [2023-06-16T18:51:21.519+0000] {dag.py:2726} INFO - Sync 2 DAGs
[2023-06-16T18:51:21.544+0000] {logging_mixin.py:149} INFO - [2023-06-16T18:51:21.544+0000] {dag.py:3490} INFO - Setting next_dagrun for example_subdag_operator.section-1 to None, run_after=None
[2023-06-16T18:51:21.550+0000] {logging_mixin.py:149} INFO - [2023-06-16T18:51:21.550+0000] {dag.py:3490} INFO - Setting next_dagrun for example_subdag_operator.section-2 to None, run_after=None
[2023-06-16T18:51:21.582+0000] {processor.py:179} INFO - Processing /home/airflow/.local/lib/python3.7/site-packages/airflow/example_dags/example_subdag_operator.py took 0.283 seconds
[2023-06-16T18:51:52.131+0000] {processor.py:157} INFO - Started process (PID=876) to work on /home/airflow/.local/lib/python3.7/site-packages/airflow/example_dags/example_subdag_operator.py
[2023-06-16T18:51:52.138+0000] {processor.py:826} INFO - Processing file /home/airflow/.local/lib/python3.7/site-packages/airflow/example_dags/example_subdag_operator.py for tasks to queue
[2023-06-16T18:51:52.141+0000] {logging_mixin.py:149} INFO - [2023-06-16T18:51:52.141+0000] {dagbag.py:541} INFO - Filling up the DagBag from /home/airflow/.local/lib/python3.7/site-packages/airflow/example_dags/example_subdag_operator.py
[2023-06-16T18:51:52.211+0000] {processor.py:836} INFO - DAG(s) dict_keys(['example_subdag_operator.section-1', 'example_subdag_operator.section-2', 'example_subdag_operator']) retrieved from /home/airflow/.local/lib/python3.7/site-packages/airflow/example_dags/example_subdag_operator.py
[2023-06-16T18:51:52.268+0000] {logging_mixin.py:149} INFO - [2023-06-16T18:51:52.268+0000] {dag.py:2726} INFO - Sync 3 DAGs
[2023-06-16T18:51:52.357+0000] {logging_mixin.py:149} INFO - [2023-06-16T18:51:52.356+0000] {dag.py:3490} INFO - Setting next_dagrun for example_subdag_operator to 2022-01-01T00:00:00+00:00, run_after=2022-01-01T00:00:00+00:00
[2023-06-16T18:51:52.373+0000] {logging_mixin.py:149} INFO - [2023-06-16T18:51:52.373+0000] {dag.py:3490} INFO - Setting next_dagrun for example_subdag_operator.section-1 to None, run_after=None
[2023-06-16T18:51:52.380+0000] {logging_mixin.py:149} INFO - [2023-06-16T18:51:52.380+0000] {dag.py:3490} INFO - Setting next_dagrun for example_subdag_operator.section-2 to None, run_after=None
[2023-06-16T18:51:52.410+0000] {logging_mixin.py:149} INFO - [2023-06-16T18:51:52.410+0000] {dag.py:2726} INFO - Sync 2 DAGs
[2023-06-16T18:51:52.426+0000] {logging_mixin.py:149} INFO - [2023-06-16T18:51:52.426+0000] {dag.py:3490} INFO - Setting next_dagrun for example_subdag_operator.section-1 to None, run_after=None
[2023-06-16T18:51:52.429+0000] {logging_mixin.py:149} INFO - [2023-06-16T18:51:52.429+0000] {dag.py:3490} INFO - Setting next_dagrun for example_subdag_operator.section-2 to None, run_after=None
[2023-06-16T18:51:52.463+0000] {processor.py:179} INFO - Processing /home/airflow/.local/lib/python3.7/site-packages/airflow/example_dags/example_subdag_operator.py took 0.341 seconds
[2023-06-16T18:52:22.861+0000] {processor.py:157} INFO - Started process (PID=933) to work on /home/airflow/.local/lib/python3.7/site-packages/airflow/example_dags/example_subdag_operator.py
[2023-06-16T18:52:22.865+0000] {processor.py:826} INFO - Processing file /home/airflow/.local/lib/python3.7/site-packages/airflow/example_dags/example_subdag_operator.py for tasks to queue
[2023-06-16T18:52:22.870+0000] {logging_mixin.py:149} INFO - [2023-06-16T18:52:22.870+0000] {dagbag.py:541} INFO - Filling up the DagBag from /home/airflow/.local/lib/python3.7/site-packages/airflow/example_dags/example_subdag_operator.py
[2023-06-16T18:52:22.930+0000] {processor.py:836} INFO - DAG(s) dict_keys(['example_subdag_operator.section-1', 'example_subdag_operator.section-2', 'example_subdag_operator']) retrieved from /home/airflow/.local/lib/python3.7/site-packages/airflow/example_dags/example_subdag_operator.py
[2023-06-16T18:52:22.977+0000] {logging_mixin.py:149} INFO - [2023-06-16T18:52:22.977+0000] {dag.py:2726} INFO - Sync 3 DAGs
[2023-06-16T18:52:23.042+0000] {logging_mixin.py:149} INFO - [2023-06-16T18:52:23.042+0000] {dag.py:3490} INFO - Setting next_dagrun for example_subdag_operator to 2022-01-01T00:00:00+00:00, run_after=2022-01-01T00:00:00+00:00
[2023-06-16T18:52:23.054+0000] {logging_mixin.py:149} INFO - [2023-06-16T18:52:23.053+0000] {dag.py:3490} INFO - Setting next_dagrun for example_subdag_operator.section-1 to None, run_after=None
[2023-06-16T18:52:23.058+0000] {logging_mixin.py:149} INFO - [2023-06-16T18:52:23.058+0000] {dag.py:3490} INFO - Setting next_dagrun for example_subdag_operator.section-2 to None, run_after=None
[2023-06-16T18:52:23.078+0000] {logging_mixin.py:149} INFO - [2023-06-16T18:52:23.077+0000] {dag.py:2726} INFO - Sync 2 DAGs
[2023-06-16T18:52:23.094+0000] {logging_mixin.py:149} INFO - [2023-06-16T18:52:23.094+0000] {dag.py:3490} INFO - Setting next_dagrun for example_subdag_operator.section-1 to None, run_after=None
[2023-06-16T18:52:23.096+0000] {logging_mixin.py:149} INFO - [2023-06-16T18:52:23.096+0000] {dag.py:3490} INFO - Setting next_dagrun for example_subdag_operator.section-2 to None, run_after=None
[2023-06-16T18:52:23.126+0000] {processor.py:179} INFO - Processing /home/airflow/.local/lib/python3.7/site-packages/airflow/example_dags/example_subdag_operator.py took 0.274 seconds
[2023-06-16T18:52:55.463+0000] {processor.py:157} INFO - Started process (PID=991) to work on /home/airflow/.local/lib/python3.7/site-packages/airflow/example_dags/example_subdag_operator.py
[2023-06-16T18:52:55.467+0000] {processor.py:826} INFO - Processing file /home/airflow/.local/lib/python3.7/site-packages/airflow/example_dags/example_subdag_operator.py for tasks to queue
[2023-06-16T18:52:55.471+0000] {logging_mixin.py:149} INFO - [2023-06-16T18:52:55.470+0000] {dagbag.py:541} INFO - Filling up the DagBag from /home/airflow/.local/lib/python3.7/site-packages/airflow/example_dags/example_subdag_operator.py
[2023-06-16T18:52:55.539+0000] {processor.py:836} INFO - DAG(s) dict_keys(['example_subdag_operator.section-1', 'example_subdag_operator.section-2', 'example_subdag_operator']) retrieved from /home/airflow/.local/lib/python3.7/site-packages/airflow/example_dags/example_subdag_operator.py
[2023-06-16T18:52:55.603+0000] {logging_mixin.py:149} INFO - [2023-06-16T18:52:55.603+0000] {dag.py:2726} INFO - Sync 3 DAGs
[2023-06-16T18:52:55.682+0000] {logging_mixin.py:149} INFO - [2023-06-16T18:52:55.682+0000] {dag.py:3490} INFO - Setting next_dagrun for example_subdag_operator to 2022-01-01T00:00:00+00:00, run_after=2022-01-01T00:00:00+00:00
[2023-06-16T18:52:55.694+0000] {logging_mixin.py:149} INFO - [2023-06-16T18:52:55.693+0000] {dag.py:3490} INFO - Setting next_dagrun for example_subdag_operator.section-1 to None, run_after=None
[2023-06-16T18:52:55.699+0000] {logging_mixin.py:149} INFO - [2023-06-16T18:52:55.698+0000] {dag.py:3490} INFO - Setting next_dagrun for example_subdag_operator.section-2 to None, run_after=None
[2023-06-16T18:52:55.732+0000] {logging_mixin.py:149} INFO - [2023-06-16T18:52:55.731+0000] {dag.py:2726} INFO - Sync 2 DAGs
[2023-06-16T18:52:55.748+0000] {logging_mixin.py:149} INFO - [2023-06-16T18:52:55.747+0000] {dag.py:3490} INFO - Setting next_dagrun for example_subdag_operator.section-1 to None, run_after=None
[2023-06-16T18:52:55.750+0000] {logging_mixin.py:149} INFO - [2023-06-16T18:52:55.750+0000] {dag.py:3490} INFO - Setting next_dagrun for example_subdag_operator.section-2 to None, run_after=None
[2023-06-16T18:52:55.787+0000] {processor.py:179} INFO - Processing /home/airflow/.local/lib/python3.7/site-packages/airflow/example_dags/example_subdag_operator.py took 0.340 seconds
[2023-06-16T18:53:26.511+0000] {processor.py:157} INFO - Started process (PID=1049) to work on /home/airflow/.local/lib/python3.7/site-packages/airflow/example_dags/example_subdag_operator.py
[2023-06-16T18:53:26.517+0000] {processor.py:826} INFO - Processing file /home/airflow/.local/lib/python3.7/site-packages/airflow/example_dags/example_subdag_operator.py for tasks to queue
[2023-06-16T18:53:26.521+0000] {logging_mixin.py:149} INFO - [2023-06-16T18:53:26.520+0000] {dagbag.py:541} INFO - Filling up the DagBag from /home/airflow/.local/lib/python3.7/site-packages/airflow/example_dags/example_subdag_operator.py
[2023-06-16T18:53:26.588+0000] {processor.py:836} INFO - DAG(s) dict_keys(['example_subdag_operator.section-1', 'example_subdag_operator.section-2', 'example_subdag_operator']) retrieved from /home/airflow/.local/lib/python3.7/site-packages/airflow/example_dags/example_subdag_operator.py
[2023-06-16T18:53:26.641+0000] {logging_mixin.py:149} INFO - [2023-06-16T18:53:26.641+0000] {dag.py:2726} INFO - Sync 3 DAGs
[2023-06-16T18:53:26.725+0000] {logging_mixin.py:149} INFO - [2023-06-16T18:53:26.725+0000] {dag.py:3490} INFO - Setting next_dagrun for example_subdag_operator to 2022-01-01T00:00:00+00:00, run_after=2022-01-01T00:00:00+00:00
[2023-06-16T18:53:26.745+0000] {logging_mixin.py:149} INFO - [2023-06-16T18:53:26.745+0000] {dag.py:3490} INFO - Setting next_dagrun for example_subdag_operator.section-1 to None, run_after=None
[2023-06-16T18:53:26.767+0000] {logging_mixin.py:149} INFO - [2023-06-16T18:53:26.767+0000] {dag.py:3490} INFO - Setting next_dagrun for example_subdag_operator.section-2 to None, run_after=None
[2023-06-16T18:53:26.841+0000] {logging_mixin.py:149} INFO - [2023-06-16T18:53:26.841+0000] {dag.py:2726} INFO - Sync 2 DAGs
[2023-06-16T18:53:26.879+0000] {logging_mixin.py:149} INFO - [2023-06-16T18:53:26.879+0000] {dag.py:3490} INFO - Setting next_dagrun for example_subdag_operator.section-1 to None, run_after=None
[2023-06-16T18:53:26.885+0000] {logging_mixin.py:149} INFO - [2023-06-16T18:53:26.884+0000] {dag.py:3490} INFO - Setting next_dagrun for example_subdag_operator.section-2 to None, run_after=None
[2023-06-16T18:53:26.963+0000] {processor.py:179} INFO - Processing /home/airflow/.local/lib/python3.7/site-packages/airflow/example_dags/example_subdag_operator.py took 0.460 seconds
[2023-06-16T18:53:57.092+0000] {processor.py:157} INFO - Started process (PID=1107) to work on /home/airflow/.local/lib/python3.7/site-packages/airflow/example_dags/example_subdag_operator.py
[2023-06-16T18:53:57.096+0000] {processor.py:826} INFO - Processing file /home/airflow/.local/lib/python3.7/site-packages/airflow/example_dags/example_subdag_operator.py for tasks to queue
[2023-06-16T18:53:57.100+0000] {logging_mixin.py:149} INFO - [2023-06-16T18:53:57.100+0000] {dagbag.py:541} INFO - Filling up the DagBag from /home/airflow/.local/lib/python3.7/site-packages/airflow/example_dags/example_subdag_operator.py
[2023-06-16T18:53:57.193+0000] {processor.py:836} INFO - DAG(s) dict_keys(['example_subdag_operator.section-1', 'example_subdag_operator.section-2', 'example_subdag_operator']) retrieved from /home/airflow/.local/lib/python3.7/site-packages/airflow/example_dags/example_subdag_operator.py
[2023-06-16T18:53:57.247+0000] {logging_mixin.py:149} INFO - [2023-06-16T18:53:57.246+0000] {dag.py:2726} INFO - Sync 3 DAGs
[2023-06-16T18:53:57.317+0000] {logging_mixin.py:149} INFO - [2023-06-16T18:53:57.316+0000] {dag.py:3490} INFO - Setting next_dagrun for example_subdag_operator to 2022-01-01T00:00:00+00:00, run_after=2022-01-01T00:00:00+00:00
[2023-06-16T18:53:57.328+0000] {logging_mixin.py:149} INFO - [2023-06-16T18:53:57.328+0000] {dag.py:3490} INFO - Setting next_dagrun for example_subdag_operator.section-1 to None, run_after=None
[2023-06-16T18:53:57.333+0000] {logging_mixin.py:149} INFO - [2023-06-16T18:53:57.333+0000] {dag.py:3490} INFO - Setting next_dagrun for example_subdag_operator.section-2 to None, run_after=None
[2023-06-16T18:53:57.352+0000] {logging_mixin.py:149} INFO - [2023-06-16T18:53:57.352+0000] {dag.py:2726} INFO - Sync 2 DAGs
[2023-06-16T18:53:57.369+0000] {logging_mixin.py:149} INFO - [2023-06-16T18:53:57.369+0000] {dag.py:3490} INFO - Setting next_dagrun for example_subdag_operator.section-1 to None, run_after=None
[2023-06-16T18:53:57.372+0000] {logging_mixin.py:149} INFO - [2023-06-16T18:53:57.372+0000] {dag.py:3490} INFO - Setting next_dagrun for example_subdag_operator.section-2 to None, run_after=None
[2023-06-16T18:53:57.404+0000] {processor.py:179} INFO - Processing /home/airflow/.local/lib/python3.7/site-packages/airflow/example_dags/example_subdag_operator.py took 0.325 seconds
[2023-06-16T18:54:28.162+0000] {processor.py:157} INFO - Started process (PID=1163) to work on /home/airflow/.local/lib/python3.7/site-packages/airflow/example_dags/example_subdag_operator.py
[2023-06-16T18:54:28.166+0000] {processor.py:826} INFO - Processing file /home/airflow/.local/lib/python3.7/site-packages/airflow/example_dags/example_subdag_operator.py for tasks to queue
[2023-06-16T18:54:28.170+0000] {logging_mixin.py:149} INFO - [2023-06-16T18:54:28.169+0000] {dagbag.py:541} INFO - Filling up the DagBag from /home/airflow/.local/lib/python3.7/site-packages/airflow/example_dags/example_subdag_operator.py
[2023-06-16T18:54:28.229+0000] {processor.py:836} INFO - DAG(s) dict_keys(['example_subdag_operator.section-1', 'example_subdag_operator.section-2', 'example_subdag_operator']) retrieved from /home/airflow/.local/lib/python3.7/site-packages/airflow/example_dags/example_subdag_operator.py
[2023-06-16T18:54:28.278+0000] {logging_mixin.py:149} INFO - [2023-06-16T18:54:28.277+0000] {dag.py:2726} INFO - Sync 3 DAGs
[2023-06-16T18:54:28.345+0000] {logging_mixin.py:149} INFO - [2023-06-16T18:54:28.344+0000] {dag.py:3490} INFO - Setting next_dagrun for example_subdag_operator to 2022-01-01T00:00:00+00:00, run_after=2022-01-01T00:00:00+00:00
[2023-06-16T18:54:28.357+0000] {logging_mixin.py:149} INFO - [2023-06-16T18:54:28.357+0000] {dag.py:3490} INFO - Setting next_dagrun for example_subdag_operator.section-1 to None, run_after=None
[2023-06-16T18:54:28.363+0000] {logging_mixin.py:149} INFO - [2023-06-16T18:54:28.362+0000] {dag.py:3490} INFO - Setting next_dagrun for example_subdag_operator.section-2 to None, run_after=None
[2023-06-16T18:54:28.390+0000] {logging_mixin.py:149} INFO - [2023-06-16T18:54:28.390+0000] {dag.py:2726} INFO - Sync 2 DAGs
[2023-06-16T18:54:28.410+0000] {logging_mixin.py:149} INFO - [2023-06-16T18:54:28.410+0000] {dag.py:3490} INFO - Setting next_dagrun for example_subdag_operator.section-1 to None, run_after=None
[2023-06-16T18:54:28.413+0000] {logging_mixin.py:149} INFO - [2023-06-16T18:54:28.413+0000] {dag.py:3490} INFO - Setting next_dagrun for example_subdag_operator.section-2 to None, run_after=None
[2023-06-16T18:54:28.447+0000] {processor.py:179} INFO - Processing /home/airflow/.local/lib/python3.7/site-packages/airflow/example_dags/example_subdag_operator.py took 0.295 seconds
[2023-06-16T18:54:59.679+0000] {processor.py:157} INFO - Started process (PID=1222) to work on /home/airflow/.local/lib/python3.7/site-packages/airflow/example_dags/example_subdag_operator.py
[2023-06-16T18:54:59.683+0000] {processor.py:826} INFO - Processing file /home/airflow/.local/lib/python3.7/site-packages/airflow/example_dags/example_subdag_operator.py for tasks to queue
[2023-06-16T18:54:59.687+0000] {logging_mixin.py:149} INFO - [2023-06-16T18:54:59.687+0000] {dagbag.py:541} INFO - Filling up the DagBag from /home/airflow/.local/lib/python3.7/site-packages/airflow/example_dags/example_subdag_operator.py
[2023-06-16T18:54:59.753+0000] {processor.py:836} INFO - DAG(s) dict_keys(['example_subdag_operator.section-1', 'example_subdag_operator.section-2', 'example_subdag_operator']) retrieved from /home/airflow/.local/lib/python3.7/site-packages/airflow/example_dags/example_subdag_operator.py
[2023-06-16T18:54:59.805+0000] {logging_mixin.py:149} INFO - [2023-06-16T18:54:59.804+0000] {dag.py:2726} INFO - Sync 3 DAGs
[2023-06-16T18:54:59.877+0000] {logging_mixin.py:149} INFO - [2023-06-16T18:54:59.877+0000] {dag.py:3490} INFO - Setting next_dagrun for example_subdag_operator to 2022-01-01T00:00:00+00:00, run_after=2022-01-01T00:00:00+00:00
[2023-06-16T18:54:59.891+0000] {logging_mixin.py:149} INFO - [2023-06-16T18:54:59.891+0000] {dag.py:3490} INFO - Setting next_dagrun for example_subdag_operator.section-1 to None, run_after=None
[2023-06-16T18:54:59.899+0000] {logging_mixin.py:149} INFO - [2023-06-16T18:54:59.899+0000] {dag.py:3490} INFO - Setting next_dagrun for example_subdag_operator.section-2 to None, run_after=None
[2023-06-16T18:54:59.924+0000] {logging_mixin.py:149} INFO - [2023-06-16T18:54:59.924+0000] {dag.py:2726} INFO - Sync 2 DAGs
[2023-06-16T18:54:59.943+0000] {logging_mixin.py:149} INFO - [2023-06-16T18:54:59.943+0000] {dag.py:3490} INFO - Setting next_dagrun for example_subdag_operator.section-1 to None, run_after=None
[2023-06-16T18:54:59.948+0000] {logging_mixin.py:149} INFO - [2023-06-16T18:54:59.948+0000] {dag.py:3490} INFO - Setting next_dagrun for example_subdag_operator.section-2 to None, run_after=None
[2023-06-16T18:54:59.993+0000] {processor.py:179} INFO - Processing /home/airflow/.local/lib/python3.7/site-packages/airflow/example_dags/example_subdag_operator.py took 0.324 seconds
[2023-06-16T18:55:30.359+0000] {processor.py:157} INFO - Started process (PID=1279) to work on /home/airflow/.local/lib/python3.7/site-packages/airflow/example_dags/example_subdag_operator.py
[2023-06-16T18:55:30.363+0000] {processor.py:826} INFO - Processing file /home/airflow/.local/lib/python3.7/site-packages/airflow/example_dags/example_subdag_operator.py for tasks to queue
[2023-06-16T18:55:30.366+0000] {logging_mixin.py:149} INFO - [2023-06-16T18:55:30.366+0000] {dagbag.py:541} INFO - Filling up the DagBag from /home/airflow/.local/lib/python3.7/site-packages/airflow/example_dags/example_subdag_operator.py
[2023-06-16T18:55:30.429+0000] {processor.py:836} INFO - DAG(s) dict_keys(['example_subdag_operator.section-1', 'example_subdag_operator.section-2', 'example_subdag_operator']) retrieved from /home/airflow/.local/lib/python3.7/site-packages/airflow/example_dags/example_subdag_operator.py
[2023-06-16T18:55:30.496+0000] {logging_mixin.py:149} INFO - [2023-06-16T18:55:30.496+0000] {dag.py:2726} INFO - Sync 3 DAGs
[2023-06-16T18:55:30.574+0000] {logging_mixin.py:149} INFO - [2023-06-16T18:55:30.574+0000] {dag.py:3490} INFO - Setting next_dagrun for example_subdag_operator to 2022-01-01T00:00:00+00:00, run_after=2022-01-01T00:00:00+00:00
[2023-06-16T18:55:30.585+0000] {logging_mixin.py:149} INFO - [2023-06-16T18:55:30.585+0000] {dag.py:3490} INFO - Setting next_dagrun for example_subdag_operator.section-1 to None, run_after=None
[2023-06-16T18:55:30.591+0000] {logging_mixin.py:149} INFO - [2023-06-16T18:55:30.591+0000] {dag.py:3490} INFO - Setting next_dagrun for example_subdag_operator.section-2 to None, run_after=None
[2023-06-16T18:55:30.614+0000] {logging_mixin.py:149} INFO - [2023-06-16T18:55:30.613+0000] {dag.py:2726} INFO - Sync 2 DAGs
[2023-06-16T18:55:30.631+0000] {logging_mixin.py:149} INFO - [2023-06-16T18:55:30.630+0000] {dag.py:3490} INFO - Setting next_dagrun for example_subdag_operator.section-1 to None, run_after=None
[2023-06-16T18:55:30.633+0000] {logging_mixin.py:149} INFO - [2023-06-16T18:55:30.633+0000] {dag.py:3490} INFO - Setting next_dagrun for example_subdag_operator.section-2 to None, run_after=None
[2023-06-16T18:55:30.665+0000] {processor.py:179} INFO - Processing /home/airflow/.local/lib/python3.7/site-packages/airflow/example_dags/example_subdag_operator.py took 0.316 seconds
