[2023-06-16T11:01:10.767+0700] {processor.py:157} INFO - Started process (PID=88844) to work on /Library/Frameworks/Python.framework/Versions/3.11/lib/python3.11/site-packages/airflow/example_dags/example_sensors.py
[2023-06-16T11:01:10.768+0700] {processor.py:826} INFO - Processing file /Library/Frameworks/Python.framework/Versions/3.11/lib/python3.11/site-packages/airflow/example_dags/example_sensors.py for tasks to queue
[2023-06-16T11:01:10.769+0700] {logging_mixin.py:149} INFO - [2023-06-16T11:01:10.769+0700] {dagbag.py:541} INFO - Filling up the DagBag from /Library/Frameworks/Python.framework/Versions/3.11/lib/python3.11/site-packages/airflow/example_dags/example_sensors.py
[2023-06-16T11:01:10.821+0700] {processor.py:836} INFO - DAG(s) dict_keys(['example_sensors']) retrieved from /Library/Frameworks/Python.framework/Versions/3.11/lib/python3.11/site-packages/airflow/example_dags/example_sensors.py
[2023-06-16T11:01:12.170+0700] {logging_mixin.py:149} INFO - [2023-06-16T11:01:12.170+0700] {dag.py:2726} INFO - Sync 1 DAGs
[2023-06-16T11:01:12.187+0700] {logging_mixin.py:149} INFO - [2023-06-16T11:01:12.187+0700] {dag.py:3486} INFO - Setting next_dagrun for example_sensors to None, run_after=None
[2023-06-16T11:01:12.208+0700] {processor.py:179} INFO - Processing /Library/Frameworks/Python.framework/Versions/3.11/lib/python3.11/site-packages/airflow/example_dags/example_sensors.py took 1.442 seconds
[2023-06-16T11:04:01.182+0700] {processor.py:157} INFO - Started process (PID=89216) to work on /Library/Frameworks/Python.framework/Versions/3.11/lib/python3.11/site-packages/airflow/example_dags/example_sensors.py
[2023-06-16T11:04:01.182+0700] {processor.py:826} INFO - Processing file /Library/Frameworks/Python.framework/Versions/3.11/lib/python3.11/site-packages/airflow/example_dags/example_sensors.py for tasks to queue
[2023-06-16T11:04:01.183+0700] {logging_mixin.py:149} INFO - [2023-06-16T11:04:01.183+0700] {dagbag.py:541} INFO - Filling up the DagBag from /Library/Frameworks/Python.framework/Versions/3.11/lib/python3.11/site-packages/airflow/example_dags/example_sensors.py
[2023-06-16T11:04:01.221+0700] {processor.py:836} INFO - DAG(s) dict_keys(['example_sensors']) retrieved from /Library/Frameworks/Python.framework/Versions/3.11/lib/python3.11/site-packages/airflow/example_dags/example_sensors.py
[2023-06-16T11:04:02.618+0700] {logging_mixin.py:149} INFO - [2023-06-16T11:04:02.617+0700] {dag.py:2726} INFO - Sync 1 DAGs
[2023-06-16T11:04:02.635+0700] {logging_mixin.py:149} INFO - [2023-06-16T11:04:02.635+0700] {dag.py:3486} INFO - Setting next_dagrun for example_sensors to None, run_after=None
[2023-06-16T11:04:02.657+0700] {processor.py:179} INFO - Processing /Library/Frameworks/Python.framework/Versions/3.11/lib/python3.11/site-packages/airflow/example_dags/example_sensors.py took 1.476 seconds
[2023-06-16T11:06:33.708+0700] {processor.py:157} INFO - Started process (PID=89496) to work on /Library/Frameworks/Python.framework/Versions/3.11/lib/python3.11/site-packages/airflow/example_dags/example_sensors.py
[2023-06-16T11:06:33.709+0700] {processor.py:826} INFO - Processing file /Library/Frameworks/Python.framework/Versions/3.11/lib/python3.11/site-packages/airflow/example_dags/example_sensors.py for tasks to queue
[2023-06-16T11:06:33.709+0700] {logging_mixin.py:149} INFO - [2023-06-16T11:06:33.709+0700] {dagbag.py:541} INFO - Filling up the DagBag from /Library/Frameworks/Python.framework/Versions/3.11/lib/python3.11/site-packages/airflow/example_dags/example_sensors.py
[2023-06-16T11:06:33.756+0700] {processor.py:836} INFO - DAG(s) dict_keys(['example_sensors']) retrieved from /Library/Frameworks/Python.framework/Versions/3.11/lib/python3.11/site-packages/airflow/example_dags/example_sensors.py
[2023-06-16T11:06:35.052+0700] {logging_mixin.py:149} INFO - [2023-06-16T11:06:35.052+0700] {dag.py:2726} INFO - Sync 1 DAGs
[2023-06-16T11:06:35.093+0700] {logging_mixin.py:149} INFO - [2023-06-16T11:06:35.092+0700] {dag.py:3486} INFO - Setting next_dagrun for example_sensors to None, run_after=None
[2023-06-16T11:06:35.118+0700] {processor.py:179} INFO - Processing /Library/Frameworks/Python.framework/Versions/3.11/lib/python3.11/site-packages/airflow/example_dags/example_sensors.py took 1.412 seconds
[2023-06-16T11:10:19.053+0700] {processor.py:157} INFO - Started process (PID=89994) to work on /Library/Frameworks/Python.framework/Versions/3.11/lib/python3.11/site-packages/airflow/example_dags/example_sensors.py
[2023-06-16T11:10:19.053+0700] {processor.py:826} INFO - Processing file /Library/Frameworks/Python.framework/Versions/3.11/lib/python3.11/site-packages/airflow/example_dags/example_sensors.py for tasks to queue
[2023-06-16T11:10:19.054+0700] {logging_mixin.py:149} INFO - [2023-06-16T11:10:19.054+0700] {dagbag.py:541} INFO - Filling up the DagBag from /Library/Frameworks/Python.framework/Versions/3.11/lib/python3.11/site-packages/airflow/example_dags/example_sensors.py
[2023-06-16T11:10:19.091+0700] {processor.py:836} INFO - DAG(s) dict_keys(['example_sensors']) retrieved from /Library/Frameworks/Python.framework/Versions/3.11/lib/python3.11/site-packages/airflow/example_dags/example_sensors.py
[2023-06-16T11:10:20.789+0700] {logging_mixin.py:149} INFO - [2023-06-16T11:10:20.788+0700] {dag.py:2726} INFO - Sync 1 DAGs
[2023-06-16T11:10:20.838+0700] {logging_mixin.py:149} INFO - [2023-06-16T11:10:20.838+0700] {dag.py:3486} INFO - Setting next_dagrun for example_sensors to None, run_after=None
[2023-06-16T11:10:20.881+0700] {processor.py:179} INFO - Processing /Library/Frameworks/Python.framework/Versions/3.11/lib/python3.11/site-packages/airflow/example_dags/example_sensors.py took 1.830 seconds
[2023-06-16T11:13:14.931+0700] {processor.py:157} INFO - Started process (PID=90367) to work on /Library/Frameworks/Python.framework/Versions/3.11/lib/python3.11/site-packages/airflow/example_dags/example_sensors.py
[2023-06-16T11:13:14.932+0700] {processor.py:826} INFO - Processing file /Library/Frameworks/Python.framework/Versions/3.11/lib/python3.11/site-packages/airflow/example_dags/example_sensors.py for tasks to queue
[2023-06-16T11:13:14.933+0700] {logging_mixin.py:149} INFO - [2023-06-16T11:13:14.933+0700] {dagbag.py:541} INFO - Filling up the DagBag from /Library/Frameworks/Python.framework/Versions/3.11/lib/python3.11/site-packages/airflow/example_dags/example_sensors.py
[2023-06-16T11:13:14.974+0700] {processor.py:836} INFO - DAG(s) dict_keys(['example_sensors']) retrieved from /Library/Frameworks/Python.framework/Versions/3.11/lib/python3.11/site-packages/airflow/example_dags/example_sensors.py
[2023-06-16T11:13:16.267+0700] {logging_mixin.py:149} INFO - [2023-06-16T11:13:16.266+0700] {dag.py:2726} INFO - Sync 1 DAGs
[2023-06-16T11:13:16.298+0700] {logging_mixin.py:149} INFO - [2023-06-16T11:13:16.298+0700] {dag.py:3486} INFO - Setting next_dagrun for example_sensors to None, run_after=None
[2023-06-16T11:13:16.329+0700] {processor.py:179} INFO - Processing /Library/Frameworks/Python.framework/Versions/3.11/lib/python3.11/site-packages/airflow/example_dags/example_sensors.py took 1.400 seconds
[2023-06-16T11:16:37.212+0700] {processor.py:157} INFO - Started process (PID=90720) to work on /Library/Frameworks/Python.framework/Versions/3.11/lib/python3.11/site-packages/airflow/example_dags/example_sensors.py
[2023-06-16T11:16:37.213+0700] {processor.py:826} INFO - Processing file /Library/Frameworks/Python.framework/Versions/3.11/lib/python3.11/site-packages/airflow/example_dags/example_sensors.py for tasks to queue
[2023-06-16T11:16:37.214+0700] {logging_mixin.py:149} INFO - [2023-06-16T11:16:37.213+0700] {dagbag.py:541} INFO - Filling up the DagBag from /Library/Frameworks/Python.framework/Versions/3.11/lib/python3.11/site-packages/airflow/example_dags/example_sensors.py
[2023-06-16T11:16:37.254+0700] {processor.py:836} INFO - DAG(s) dict_keys(['example_sensors']) retrieved from /Library/Frameworks/Python.framework/Versions/3.11/lib/python3.11/site-packages/airflow/example_dags/example_sensors.py
[2023-06-16T11:16:38.714+0700] {logging_mixin.py:149} INFO - [2023-06-16T11:16:38.714+0700] {dag.py:2726} INFO - Sync 1 DAGs
[2023-06-16T11:16:38.736+0700] {logging_mixin.py:149} INFO - [2023-06-16T11:16:38.736+0700] {dag.py:3486} INFO - Setting next_dagrun for example_sensors to None, run_after=None
[2023-06-16T11:16:38.758+0700] {processor.py:179} INFO - Processing /Library/Frameworks/Python.framework/Versions/3.11/lib/python3.11/site-packages/airflow/example_dags/example_sensors.py took 1.548 seconds
[2023-06-16T11:19:53.926+0700] {processor.py:157} INFO - Started process (PID=91190) to work on /Library/Frameworks/Python.framework/Versions/3.11/lib/python3.11/site-packages/airflow/example_dags/example_sensors.py
[2023-06-16T11:19:53.928+0700] {processor.py:826} INFO - Processing file /Library/Frameworks/Python.framework/Versions/3.11/lib/python3.11/site-packages/airflow/example_dags/example_sensors.py for tasks to queue
[2023-06-16T11:19:53.929+0700] {logging_mixin.py:149} INFO - [2023-06-16T11:19:53.928+0700] {dagbag.py:541} INFO - Filling up the DagBag from /Library/Frameworks/Python.framework/Versions/3.11/lib/python3.11/site-packages/airflow/example_dags/example_sensors.py
[2023-06-16T11:19:54.040+0700] {processor.py:836} INFO - DAG(s) dict_keys(['example_sensors']) retrieved from /Library/Frameworks/Python.framework/Versions/3.11/lib/python3.11/site-packages/airflow/example_dags/example_sensors.py
[2023-06-16T11:19:55.555+0700] {logging_mixin.py:149} INFO - [2023-06-16T11:19:55.554+0700] {dag.py:2726} INFO - Sync 1 DAGs
[2023-06-16T11:19:55.578+0700] {logging_mixin.py:149} INFO - [2023-06-16T11:19:55.578+0700] {dag.py:3486} INFO - Setting next_dagrun for example_sensors to None, run_after=None
[2023-06-16T11:19:55.600+0700] {processor.py:179} INFO - Processing /Library/Frameworks/Python.framework/Versions/3.11/lib/python3.11/site-packages/airflow/example_dags/example_sensors.py took 1.675 seconds
[2023-06-16T11:22:40.345+0700] {processor.py:157} INFO - Started process (PID=91528) to work on /Library/Frameworks/Python.framework/Versions/3.11/lib/python3.11/site-packages/airflow/example_dags/example_sensors.py
[2023-06-16T11:22:40.346+0700] {processor.py:826} INFO - Processing file /Library/Frameworks/Python.framework/Versions/3.11/lib/python3.11/site-packages/airflow/example_dags/example_sensors.py for tasks to queue
[2023-06-16T11:22:40.347+0700] {logging_mixin.py:149} INFO - [2023-06-16T11:22:40.347+0700] {dagbag.py:541} INFO - Filling up the DagBag from /Library/Frameworks/Python.framework/Versions/3.11/lib/python3.11/site-packages/airflow/example_dags/example_sensors.py
[2023-06-16T11:22:40.382+0700] {processor.py:836} INFO - DAG(s) dict_keys(['example_sensors']) retrieved from /Library/Frameworks/Python.framework/Versions/3.11/lib/python3.11/site-packages/airflow/example_dags/example_sensors.py
[2023-06-16T11:22:41.579+0700] {logging_mixin.py:149} INFO - [2023-06-16T11:22:41.579+0700] {dag.py:2726} INFO - Sync 1 DAGs
[2023-06-16T11:22:41.601+0700] {logging_mixin.py:149} INFO - [2023-06-16T11:22:41.601+0700] {dag.py:3486} INFO - Setting next_dagrun for example_sensors to None, run_after=None
[2023-06-16T11:22:41.625+0700] {processor.py:179} INFO - Processing /Library/Frameworks/Python.framework/Versions/3.11/lib/python3.11/site-packages/airflow/example_dags/example_sensors.py took 1.281 seconds
[2023-06-16T11:25:14.773+0700] {processor.py:157} INFO - Started process (PID=91860) to work on /Library/Frameworks/Python.framework/Versions/3.11/lib/python3.11/site-packages/airflow/example_dags/example_sensors.py
[2023-06-16T11:25:14.773+0700] {processor.py:826} INFO - Processing file /Library/Frameworks/Python.framework/Versions/3.11/lib/python3.11/site-packages/airflow/example_dags/example_sensors.py for tasks to queue
[2023-06-16T11:25:14.774+0700] {logging_mixin.py:149} INFO - [2023-06-16T11:25:14.774+0700] {dagbag.py:541} INFO - Filling up the DagBag from /Library/Frameworks/Python.framework/Versions/3.11/lib/python3.11/site-packages/airflow/example_dags/example_sensors.py
[2023-06-16T11:25:14.812+0700] {processor.py:836} INFO - DAG(s) dict_keys(['example_sensors']) retrieved from /Library/Frameworks/Python.framework/Versions/3.11/lib/python3.11/site-packages/airflow/example_dags/example_sensors.py
[2023-06-16T11:25:16.184+0700] {logging_mixin.py:149} INFO - [2023-06-16T11:25:16.183+0700] {dag.py:2726} INFO - Sync 1 DAGs
[2023-06-16T11:25:16.216+0700] {logging_mixin.py:149} INFO - [2023-06-16T11:25:16.216+0700] {dag.py:3486} INFO - Setting next_dagrun for example_sensors to None, run_after=None
[2023-06-16T11:25:16.251+0700] {processor.py:179} INFO - Processing /Library/Frameworks/Python.framework/Versions/3.11/lib/python3.11/site-packages/airflow/example_dags/example_sensors.py took 1.479 seconds
[2023-06-16T11:29:37.728+0700] {processor.py:157} INFO - Started process (PID=92429) to work on /Library/Frameworks/Python.framework/Versions/3.11/lib/python3.11/site-packages/airflow/example_dags/example_sensors.py
[2023-06-16T11:29:37.729+0700] {processor.py:826} INFO - Processing file /Library/Frameworks/Python.framework/Versions/3.11/lib/python3.11/site-packages/airflow/example_dags/example_sensors.py for tasks to queue
[2023-06-16T11:29:37.730+0700] {logging_mixin.py:149} INFO - [2023-06-16T11:29:37.730+0700] {dagbag.py:541} INFO - Filling up the DagBag from /Library/Frameworks/Python.framework/Versions/3.11/lib/python3.11/site-packages/airflow/example_dags/example_sensors.py
[2023-06-16T11:29:37.766+0700] {processor.py:836} INFO - DAG(s) dict_keys(['example_sensors']) retrieved from /Library/Frameworks/Python.framework/Versions/3.11/lib/python3.11/site-packages/airflow/example_dags/example_sensors.py
[2023-06-16T11:29:39.088+0700] {logging_mixin.py:149} INFO - [2023-06-16T11:29:39.088+0700] {dag.py:2726} INFO - Sync 1 DAGs
[2023-06-16T11:29:39.116+0700] {logging_mixin.py:149} INFO - [2023-06-16T11:29:39.116+0700] {dag.py:3486} INFO - Setting next_dagrun for example_sensors to None, run_after=None
[2023-06-16T11:29:39.143+0700] {processor.py:179} INFO - Processing /Library/Frameworks/Python.framework/Versions/3.11/lib/python3.11/site-packages/airflow/example_dags/example_sensors.py took 1.415 seconds
[2023-06-16T11:33:18.524+0700] {processor.py:157} INFO - Started process (PID=92875) to work on /Library/Frameworks/Python.framework/Versions/3.11/lib/python3.11/site-packages/airflow/example_dags/example_sensors.py
[2023-06-16T11:33:18.525+0700] {processor.py:826} INFO - Processing file /Library/Frameworks/Python.framework/Versions/3.11/lib/python3.11/site-packages/airflow/example_dags/example_sensors.py for tasks to queue
[2023-06-16T11:33:18.526+0700] {logging_mixin.py:149} INFO - [2023-06-16T11:33:18.526+0700] {dagbag.py:541} INFO - Filling up the DagBag from /Library/Frameworks/Python.framework/Versions/3.11/lib/python3.11/site-packages/airflow/example_dags/example_sensors.py
[2023-06-16T11:33:18.573+0700] {processor.py:836} INFO - DAG(s) dict_keys(['example_sensors']) retrieved from /Library/Frameworks/Python.framework/Versions/3.11/lib/python3.11/site-packages/airflow/example_dags/example_sensors.py
[2023-06-16T11:33:19.990+0700] {logging_mixin.py:149} INFO - [2023-06-16T11:33:19.990+0700] {dag.py:2726} INFO - Sync 1 DAGs
[2023-06-16T11:33:20.020+0700] {logging_mixin.py:149} INFO - [2023-06-16T11:33:20.020+0700] {dag.py:3486} INFO - Setting next_dagrun for example_sensors to None, run_after=None
[2023-06-16T11:33:20.054+0700] {processor.py:179} INFO - Processing /Library/Frameworks/Python.framework/Versions/3.11/lib/python3.11/site-packages/airflow/example_dags/example_sensors.py took 1.531 seconds
[2023-06-16T11:36:23.473+0700] {processor.py:157} INFO - Started process (PID=93287) to work on /Library/Frameworks/Python.framework/Versions/3.11/lib/python3.11/site-packages/airflow/example_dags/example_sensors.py
[2023-06-16T11:36:23.474+0700] {processor.py:826} INFO - Processing file /Library/Frameworks/Python.framework/Versions/3.11/lib/python3.11/site-packages/airflow/example_dags/example_sensors.py for tasks to queue
[2023-06-16T11:36:23.475+0700] {logging_mixin.py:149} INFO - [2023-06-16T11:36:23.475+0700] {dagbag.py:541} INFO - Filling up the DagBag from /Library/Frameworks/Python.framework/Versions/3.11/lib/python3.11/site-packages/airflow/example_dags/example_sensors.py
[2023-06-16T11:36:23.512+0700] {processor.py:836} INFO - DAG(s) dict_keys(['example_sensors']) retrieved from /Library/Frameworks/Python.framework/Versions/3.11/lib/python3.11/site-packages/airflow/example_dags/example_sensors.py
[2023-06-16T11:36:24.733+0700] {logging_mixin.py:149} INFO - [2023-06-16T11:36:24.732+0700] {dag.py:2726} INFO - Sync 1 DAGs
[2023-06-16T11:36:24.755+0700] {logging_mixin.py:149} INFO - [2023-06-16T11:36:24.754+0700] {dag.py:3486} INFO - Setting next_dagrun for example_sensors to None, run_after=None
[2023-06-16T11:36:24.780+0700] {processor.py:179} INFO - Processing /Library/Frameworks/Python.framework/Versions/3.11/lib/python3.11/site-packages/airflow/example_dags/example_sensors.py took 1.308 seconds
[2023-06-16T11:39:18.697+0700] {processor.py:157} INFO - Started process (PID=94026) to work on /Library/Frameworks/Python.framework/Versions/3.11/lib/python3.11/site-packages/airflow/example_dags/example_sensors.py
[2023-06-16T11:39:18.698+0700] {processor.py:826} INFO - Processing file /Library/Frameworks/Python.framework/Versions/3.11/lib/python3.11/site-packages/airflow/example_dags/example_sensors.py for tasks to queue
[2023-06-16T11:39:18.699+0700] {logging_mixin.py:149} INFO - [2023-06-16T11:39:18.699+0700] {dagbag.py:541} INFO - Filling up the DagBag from /Library/Frameworks/Python.framework/Versions/3.11/lib/python3.11/site-packages/airflow/example_dags/example_sensors.py
[2023-06-16T11:39:18.739+0700] {processor.py:836} INFO - DAG(s) dict_keys(['example_sensors']) retrieved from /Library/Frameworks/Python.framework/Versions/3.11/lib/python3.11/site-packages/airflow/example_dags/example_sensors.py
[2023-06-16T11:39:19.878+0700] {logging_mixin.py:149} INFO - [2023-06-16T11:39:19.878+0700] {dag.py:2726} INFO - Sync 1 DAGs
[2023-06-16T11:39:19.898+0700] {logging_mixin.py:149} INFO - [2023-06-16T11:39:19.898+0700] {dag.py:3486} INFO - Setting next_dagrun for example_sensors to None, run_after=None
[2023-06-16T11:39:19.921+0700] {processor.py:179} INFO - Processing /Library/Frameworks/Python.framework/Versions/3.11/lib/python3.11/site-packages/airflow/example_dags/example_sensors.py took 1.225 seconds
[2023-06-16T11:42:06.883+0700] {processor.py:157} INFO - Started process (PID=94371) to work on /Library/Frameworks/Python.framework/Versions/3.11/lib/python3.11/site-packages/airflow/example_dags/example_sensors.py
[2023-06-16T11:42:06.884+0700] {processor.py:826} INFO - Processing file /Library/Frameworks/Python.framework/Versions/3.11/lib/python3.11/site-packages/airflow/example_dags/example_sensors.py for tasks to queue
[2023-06-16T11:42:06.885+0700] {logging_mixin.py:149} INFO - [2023-06-16T11:42:06.885+0700] {dagbag.py:541} INFO - Filling up the DagBag from /Library/Frameworks/Python.framework/Versions/3.11/lib/python3.11/site-packages/airflow/example_dags/example_sensors.py
[2023-06-16T11:42:06.921+0700] {processor.py:836} INFO - DAG(s) dict_keys(['example_sensors']) retrieved from /Library/Frameworks/Python.framework/Versions/3.11/lib/python3.11/site-packages/airflow/example_dags/example_sensors.py
[2023-06-16T11:42:08.249+0700] {logging_mixin.py:149} INFO - [2023-06-16T11:42:08.248+0700] {dag.py:2726} INFO - Sync 1 DAGs
[2023-06-16T11:42:08.272+0700] {logging_mixin.py:149} INFO - [2023-06-16T11:42:08.272+0700] {dag.py:3486} INFO - Setting next_dagrun for example_sensors to None, run_after=None
[2023-06-16T11:42:08.296+0700] {processor.py:179} INFO - Processing /Library/Frameworks/Python.framework/Versions/3.11/lib/python3.11/site-packages/airflow/example_dags/example_sensors.py took 1.414 seconds
[2023-06-16T11:44:57.314+0700] {processor.py:157} INFO - Started process (PID=94743) to work on /Library/Frameworks/Python.framework/Versions/3.11/lib/python3.11/site-packages/airflow/example_dags/example_sensors.py
[2023-06-16T11:44:57.316+0700] {processor.py:826} INFO - Processing file /Library/Frameworks/Python.framework/Versions/3.11/lib/python3.11/site-packages/airflow/example_dags/example_sensors.py for tasks to queue
[2023-06-16T11:44:57.317+0700] {logging_mixin.py:149} INFO - [2023-06-16T11:44:57.317+0700] {dagbag.py:541} INFO - Filling up the DagBag from /Library/Frameworks/Python.framework/Versions/3.11/lib/python3.11/site-packages/airflow/example_dags/example_sensors.py
[2023-06-16T11:44:57.376+0700] {processor.py:836} INFO - DAG(s) dict_keys(['example_sensors']) retrieved from /Library/Frameworks/Python.framework/Versions/3.11/lib/python3.11/site-packages/airflow/example_dags/example_sensors.py
[2023-06-16T11:44:59.253+0700] {logging_mixin.py:149} INFO - [2023-06-16T11:44:59.252+0700] {dag.py:2726} INFO - Sync 1 DAGs
[2023-06-16T11:44:59.290+0700] {logging_mixin.py:149} INFO - [2023-06-16T11:44:59.289+0700] {dag.py:3486} INFO - Setting next_dagrun for example_sensors to None, run_after=None
[2023-06-16T11:44:59.327+0700] {processor.py:179} INFO - Processing /Library/Frameworks/Python.framework/Versions/3.11/lib/python3.11/site-packages/airflow/example_dags/example_sensors.py took 2.014 seconds
[2023-06-16T11:50:13.225+0700] {processor.py:157} INFO - Started process (PID=95355) to work on /Library/Frameworks/Python.framework/Versions/3.11/lib/python3.11/site-packages/airflow/example_dags/example_sensors.py
[2023-06-16T11:50:13.226+0700] {processor.py:826} INFO - Processing file /Library/Frameworks/Python.framework/Versions/3.11/lib/python3.11/site-packages/airflow/example_dags/example_sensors.py for tasks to queue
[2023-06-16T11:50:13.226+0700] {logging_mixin.py:149} INFO - [2023-06-16T11:50:13.226+0700] {dagbag.py:541} INFO - Filling up the DagBag from /Library/Frameworks/Python.framework/Versions/3.11/lib/python3.11/site-packages/airflow/example_dags/example_sensors.py
[2023-06-16T11:50:13.263+0700] {processor.py:836} INFO - DAG(s) dict_keys(['example_sensors']) retrieved from /Library/Frameworks/Python.framework/Versions/3.11/lib/python3.11/site-packages/airflow/example_dags/example_sensors.py
[2023-06-16T11:50:14.392+0700] {logging_mixin.py:149} INFO - [2023-06-16T11:50:14.392+0700] {dag.py:2726} INFO - Sync 1 DAGs
[2023-06-16T11:50:14.416+0700] {logging_mixin.py:149} INFO - [2023-06-16T11:50:14.415+0700] {dag.py:3486} INFO - Setting next_dagrun for example_sensors to None, run_after=None
[2023-06-16T11:50:14.439+0700] {processor.py:179} INFO - Processing /Library/Frameworks/Python.framework/Versions/3.11/lib/python3.11/site-packages/airflow/example_dags/example_sensors.py took 1.215 seconds
[2023-06-16T11:53:55.532+0700] {processor.py:157} INFO - Started process (PID=95832) to work on /Library/Frameworks/Python.framework/Versions/3.11/lib/python3.11/site-packages/airflow/example_dags/example_sensors.py
[2023-06-16T11:53:55.534+0700] {processor.py:826} INFO - Processing file /Library/Frameworks/Python.framework/Versions/3.11/lib/python3.11/site-packages/airflow/example_dags/example_sensors.py for tasks to queue
[2023-06-16T11:53:55.535+0700] {logging_mixin.py:149} INFO - [2023-06-16T11:53:55.534+0700] {dagbag.py:541} INFO - Filling up the DagBag from /Library/Frameworks/Python.framework/Versions/3.11/lib/python3.11/site-packages/airflow/example_dags/example_sensors.py
[2023-06-16T11:53:55.575+0700] {processor.py:836} INFO - DAG(s) dict_keys(['example_sensors']) retrieved from /Library/Frameworks/Python.framework/Versions/3.11/lib/python3.11/site-packages/airflow/example_dags/example_sensors.py
[2023-06-16T11:53:56.875+0700] {logging_mixin.py:149} INFO - [2023-06-16T11:53:56.875+0700] {dag.py:2726} INFO - Sync 1 DAGs
[2023-06-16T11:53:56.898+0700] {logging_mixin.py:149} INFO - [2023-06-16T11:53:56.898+0700] {dag.py:3486} INFO - Setting next_dagrun for example_sensors to None, run_after=None
[2023-06-16T11:53:56.920+0700] {processor.py:179} INFO - Processing /Library/Frameworks/Python.framework/Versions/3.11/lib/python3.11/site-packages/airflow/example_dags/example_sensors.py took 1.389 seconds
[2023-06-16T11:56:58.313+0700] {processor.py:157} INFO - Started process (PID=96214) to work on /Library/Frameworks/Python.framework/Versions/3.11/lib/python3.11/site-packages/airflow/example_dags/example_sensors.py
[2023-06-16T11:56:58.315+0700] {processor.py:826} INFO - Processing file /Library/Frameworks/Python.framework/Versions/3.11/lib/python3.11/site-packages/airflow/example_dags/example_sensors.py for tasks to queue
[2023-06-16T11:56:58.316+0700] {logging_mixin.py:149} INFO - [2023-06-16T11:56:58.316+0700] {dagbag.py:541} INFO - Filling up the DagBag from /Library/Frameworks/Python.framework/Versions/3.11/lib/python3.11/site-packages/airflow/example_dags/example_sensors.py
[2023-06-16T11:56:58.352+0700] {processor.py:836} INFO - DAG(s) dict_keys(['example_sensors']) retrieved from /Library/Frameworks/Python.framework/Versions/3.11/lib/python3.11/site-packages/airflow/example_dags/example_sensors.py
[2023-06-16T11:56:59.836+0700] {logging_mixin.py:149} INFO - [2023-06-16T11:56:59.836+0700] {dag.py:2726} INFO - Sync 1 DAGs
[2023-06-16T11:56:59.860+0700] {logging_mixin.py:149} INFO - [2023-06-16T11:56:59.859+0700] {dag.py:3486} INFO - Setting next_dagrun for example_sensors to None, run_after=None
[2023-06-16T11:56:59.892+0700] {processor.py:179} INFO - Processing /Library/Frameworks/Python.framework/Versions/3.11/lib/python3.11/site-packages/airflow/example_dags/example_sensors.py took 1.580 seconds
[2023-06-16T11:59:59.178+0700] {processor.py:157} INFO - Started process (PID=96580) to work on /Library/Frameworks/Python.framework/Versions/3.11/lib/python3.11/site-packages/airflow/example_dags/example_sensors.py
[2023-06-16T11:59:59.178+0700] {processor.py:826} INFO - Processing file /Library/Frameworks/Python.framework/Versions/3.11/lib/python3.11/site-packages/airflow/example_dags/example_sensors.py for tasks to queue
[2023-06-16T11:59:59.179+0700] {logging_mixin.py:149} INFO - [2023-06-16T11:59:59.179+0700] {dagbag.py:541} INFO - Filling up the DagBag from /Library/Frameworks/Python.framework/Versions/3.11/lib/python3.11/site-packages/airflow/example_dags/example_sensors.py
[2023-06-16T11:59:59.220+0700] {processor.py:836} INFO - DAG(s) dict_keys(['example_sensors']) retrieved from /Library/Frameworks/Python.framework/Versions/3.11/lib/python3.11/site-packages/airflow/example_dags/example_sensors.py
[2023-06-16T12:00:00.735+0700] {logging_mixin.py:149} INFO - [2023-06-16T12:00:00.735+0700] {dag.py:2726} INFO - Sync 1 DAGs
[2023-06-16T12:00:00.766+0700] {logging_mixin.py:149} INFO - [2023-06-16T12:00:00.765+0700] {dag.py:3486} INFO - Setting next_dagrun for example_sensors to None, run_after=None
[2023-06-16T12:00:00.795+0700] {processor.py:179} INFO - Processing /Library/Frameworks/Python.framework/Versions/3.11/lib/python3.11/site-packages/airflow/example_dags/example_sensors.py took 1.618 seconds
[2023-06-16T12:02:38.683+0700] {processor.py:157} INFO - Started process (PID=96941) to work on /Library/Frameworks/Python.framework/Versions/3.11/lib/python3.11/site-packages/airflow/example_dags/example_sensors.py
[2023-06-16T12:02:38.684+0700] {processor.py:826} INFO - Processing file /Library/Frameworks/Python.framework/Versions/3.11/lib/python3.11/site-packages/airflow/example_dags/example_sensors.py for tasks to queue
[2023-06-16T12:02:38.684+0700] {logging_mixin.py:149} INFO - [2023-06-16T12:02:38.684+0700] {dagbag.py:541} INFO - Filling up the DagBag from /Library/Frameworks/Python.framework/Versions/3.11/lib/python3.11/site-packages/airflow/example_dags/example_sensors.py
[2023-06-16T12:02:38.729+0700] {processor.py:836} INFO - DAG(s) dict_keys(['example_sensors']) retrieved from /Library/Frameworks/Python.framework/Versions/3.11/lib/python3.11/site-packages/airflow/example_dags/example_sensors.py
[2023-06-16T12:02:39.909+0700] {logging_mixin.py:149} INFO - [2023-06-16T12:02:39.909+0700] {dag.py:2726} INFO - Sync 1 DAGs
[2023-06-16T12:02:39.927+0700] {logging_mixin.py:149} INFO - [2023-06-16T12:02:39.926+0700] {dag.py:3486} INFO - Setting next_dagrun for example_sensors to None, run_after=None
[2023-06-16T12:02:39.948+0700] {processor.py:179} INFO - Processing /Library/Frameworks/Python.framework/Versions/3.11/lib/python3.11/site-packages/airflow/example_dags/example_sensors.py took 1.266 seconds
[2023-06-16T12:05:19.068+0700] {processor.py:157} INFO - Started process (PID=97303) to work on /Library/Frameworks/Python.framework/Versions/3.11/lib/python3.11/site-packages/airflow/example_dags/example_sensors.py
[2023-06-16T12:05:19.069+0700] {processor.py:826} INFO - Processing file /Library/Frameworks/Python.framework/Versions/3.11/lib/python3.11/site-packages/airflow/example_dags/example_sensors.py for tasks to queue
[2023-06-16T12:05:19.070+0700] {logging_mixin.py:149} INFO - [2023-06-16T12:05:19.070+0700] {dagbag.py:541} INFO - Filling up the DagBag from /Library/Frameworks/Python.framework/Versions/3.11/lib/python3.11/site-packages/airflow/example_dags/example_sensors.py
[2023-06-16T12:05:19.113+0700] {processor.py:836} INFO - DAG(s) dict_keys(['example_sensors']) retrieved from /Library/Frameworks/Python.framework/Versions/3.11/lib/python3.11/site-packages/airflow/example_dags/example_sensors.py
[2023-06-16T12:05:20.464+0700] {logging_mixin.py:149} INFO - [2023-06-16T12:05:20.463+0700] {dag.py:2726} INFO - Sync 1 DAGs
[2023-06-16T12:05:20.491+0700] {logging_mixin.py:149} INFO - [2023-06-16T12:05:20.491+0700] {dag.py:3486} INFO - Setting next_dagrun for example_sensors to None, run_after=None
[2023-06-16T12:05:20.523+0700] {processor.py:179} INFO - Processing /Library/Frameworks/Python.framework/Versions/3.11/lib/python3.11/site-packages/airflow/example_dags/example_sensors.py took 1.457 seconds
[2023-06-16T12:07:44.323+0700] {processor.py:157} INFO - Started process (PID=97574) to work on /Library/Frameworks/Python.framework/Versions/3.11/lib/python3.11/site-packages/airflow/example_dags/example_sensors.py
[2023-06-16T12:07:44.324+0700] {processor.py:826} INFO - Processing file /Library/Frameworks/Python.framework/Versions/3.11/lib/python3.11/site-packages/airflow/example_dags/example_sensors.py for tasks to queue
[2023-06-16T12:07:44.325+0700] {logging_mixin.py:149} INFO - [2023-06-16T12:07:44.325+0700] {dagbag.py:541} INFO - Filling up the DagBag from /Library/Frameworks/Python.framework/Versions/3.11/lib/python3.11/site-packages/airflow/example_dags/example_sensors.py
[2023-06-16T12:07:44.362+0700] {processor.py:836} INFO - DAG(s) dict_keys(['example_sensors']) retrieved from /Library/Frameworks/Python.framework/Versions/3.11/lib/python3.11/site-packages/airflow/example_dags/example_sensors.py
[2023-06-16T12:07:45.530+0700] {logging_mixin.py:149} INFO - [2023-06-16T12:07:45.530+0700] {dag.py:2726} INFO - Sync 1 DAGs
[2023-06-16T12:07:45.550+0700] {logging_mixin.py:149} INFO - [2023-06-16T12:07:45.550+0700] {dag.py:3486} INFO - Setting next_dagrun for example_sensors to None, run_after=None
[2023-06-16T12:07:45.573+0700] {processor.py:179} INFO - Processing /Library/Frameworks/Python.framework/Versions/3.11/lib/python3.11/site-packages/airflow/example_dags/example_sensors.py took 1.251 seconds
[2023-06-16T12:10:06.973+0700] {processor.py:157} INFO - Started process (PID=97927) to work on /Library/Frameworks/Python.framework/Versions/3.11/lib/python3.11/site-packages/airflow/example_dags/example_sensors.py
[2023-06-16T12:10:06.974+0700] {processor.py:826} INFO - Processing file /Library/Frameworks/Python.framework/Versions/3.11/lib/python3.11/site-packages/airflow/example_dags/example_sensors.py for tasks to queue
[2023-06-16T12:10:06.975+0700] {logging_mixin.py:149} INFO - [2023-06-16T12:10:06.975+0700] {dagbag.py:541} INFO - Filling up the DagBag from /Library/Frameworks/Python.framework/Versions/3.11/lib/python3.11/site-packages/airflow/example_dags/example_sensors.py
[2023-06-16T12:10:07.016+0700] {processor.py:836} INFO - DAG(s) dict_keys(['example_sensors']) retrieved from /Library/Frameworks/Python.framework/Versions/3.11/lib/python3.11/site-packages/airflow/example_dags/example_sensors.py
[2023-06-16T12:10:08.337+0700] {logging_mixin.py:149} INFO - [2023-06-16T12:10:08.337+0700] {dag.py:2726} INFO - Sync 1 DAGs
[2023-06-16T12:10:08.363+0700] {logging_mixin.py:149} INFO - [2023-06-16T12:10:08.363+0700] {dag.py:3486} INFO - Setting next_dagrun for example_sensors to None, run_after=None
[2023-06-16T12:10:08.392+0700] {processor.py:179} INFO - Processing /Library/Frameworks/Python.framework/Versions/3.11/lib/python3.11/site-packages/airflow/example_dags/example_sensors.py took 1.420 seconds
[2023-06-16T12:12:31.672+0700] {processor.py:157} INFO - Started process (PID=98215) to work on /Library/Frameworks/Python.framework/Versions/3.11/lib/python3.11/site-packages/airflow/example_dags/example_sensors.py
[2023-06-16T12:12:31.673+0700] {processor.py:826} INFO - Processing file /Library/Frameworks/Python.framework/Versions/3.11/lib/python3.11/site-packages/airflow/example_dags/example_sensors.py for tasks to queue
[2023-06-16T12:12:31.673+0700] {logging_mixin.py:149} INFO - [2023-06-16T12:12:31.673+0700] {dagbag.py:541} INFO - Filling up the DagBag from /Library/Frameworks/Python.framework/Versions/3.11/lib/python3.11/site-packages/airflow/example_dags/example_sensors.py
[2023-06-16T12:12:31.712+0700] {processor.py:836} INFO - DAG(s) dict_keys(['example_sensors']) retrieved from /Library/Frameworks/Python.framework/Versions/3.11/lib/python3.11/site-packages/airflow/example_dags/example_sensors.py
[2023-06-16T12:12:32.838+0700] {logging_mixin.py:149} INFO - [2023-06-16T12:12:32.838+0700] {dag.py:2726} INFO - Sync 1 DAGs
[2023-06-16T12:12:32.856+0700] {logging_mixin.py:149} INFO - [2023-06-16T12:12:32.856+0700] {dag.py:3486} INFO - Setting next_dagrun for example_sensors to None, run_after=None
[2023-06-16T12:12:32.880+0700] {processor.py:179} INFO - Processing /Library/Frameworks/Python.framework/Versions/3.11/lib/python3.11/site-packages/airflow/example_dags/example_sensors.py took 1.209 seconds
[2023-06-16T12:15:04.884+0700] {processor.py:157} INFO - Started process (PID=98554) to work on /Library/Frameworks/Python.framework/Versions/3.11/lib/python3.11/site-packages/airflow/example_dags/example_sensors.py
[2023-06-16T12:15:04.886+0700] {processor.py:826} INFO - Processing file /Library/Frameworks/Python.framework/Versions/3.11/lib/python3.11/site-packages/airflow/example_dags/example_sensors.py for tasks to queue
[2023-06-16T12:15:04.886+0700] {logging_mixin.py:149} INFO - [2023-06-16T12:15:04.886+0700] {dagbag.py:541} INFO - Filling up the DagBag from /Library/Frameworks/Python.framework/Versions/3.11/lib/python3.11/site-packages/airflow/example_dags/example_sensors.py
[2023-06-16T12:15:04.928+0700] {processor.py:836} INFO - DAG(s) dict_keys(['example_sensors']) retrieved from /Library/Frameworks/Python.framework/Versions/3.11/lib/python3.11/site-packages/airflow/example_dags/example_sensors.py
[2023-06-16T12:15:06.034+0700] {logging_mixin.py:149} INFO - [2023-06-16T12:15:06.034+0700] {dag.py:2726} INFO - Sync 1 DAGs
[2023-06-16T12:15:06.058+0700] {logging_mixin.py:149} INFO - [2023-06-16T12:15:06.057+0700] {dag.py:3486} INFO - Setting next_dagrun for example_sensors to None, run_after=None
[2023-06-16T12:15:06.078+0700] {processor.py:179} INFO - Processing /Library/Frameworks/Python.framework/Versions/3.11/lib/python3.11/site-packages/airflow/example_dags/example_sensors.py took 1.195 seconds
[2023-06-16T12:17:36.406+0700] {processor.py:157} INFO - Started process (PID=98860) to work on /Library/Frameworks/Python.framework/Versions/3.11/lib/python3.11/site-packages/airflow/example_dags/example_sensors.py
[2023-06-16T12:17:36.407+0700] {processor.py:826} INFO - Processing file /Library/Frameworks/Python.framework/Versions/3.11/lib/python3.11/site-packages/airflow/example_dags/example_sensors.py for tasks to queue
[2023-06-16T12:17:36.408+0700] {logging_mixin.py:149} INFO - [2023-06-16T12:17:36.408+0700] {dagbag.py:541} INFO - Filling up the DagBag from /Library/Frameworks/Python.framework/Versions/3.11/lib/python3.11/site-packages/airflow/example_dags/example_sensors.py
[2023-06-16T12:17:36.450+0700] {processor.py:836} INFO - DAG(s) dict_keys(['example_sensors']) retrieved from /Library/Frameworks/Python.framework/Versions/3.11/lib/python3.11/site-packages/airflow/example_dags/example_sensors.py
[2023-06-16T12:17:37.830+0700] {logging_mixin.py:149} INFO - [2023-06-16T12:17:37.829+0700] {dag.py:2726} INFO - Sync 1 DAGs
[2023-06-16T12:17:37.852+0700] {logging_mixin.py:149} INFO - [2023-06-16T12:17:37.852+0700] {dag.py:3486} INFO - Setting next_dagrun for example_sensors to None, run_after=None
[2023-06-16T12:17:37.883+0700] {processor.py:179} INFO - Processing /Library/Frameworks/Python.framework/Versions/3.11/lib/python3.11/site-packages/airflow/example_dags/example_sensors.py took 1.478 seconds
[2023-06-16T12:20:05.045+0700] {processor.py:157} INFO - Started process (PID=99172) to work on /Library/Frameworks/Python.framework/Versions/3.11/lib/python3.11/site-packages/airflow/example_dags/example_sensors.py
[2023-06-16T12:20:05.046+0700] {processor.py:826} INFO - Processing file /Library/Frameworks/Python.framework/Versions/3.11/lib/python3.11/site-packages/airflow/example_dags/example_sensors.py for tasks to queue
[2023-06-16T12:20:05.047+0700] {logging_mixin.py:149} INFO - [2023-06-16T12:20:05.047+0700] {dagbag.py:541} INFO - Filling up the DagBag from /Library/Frameworks/Python.framework/Versions/3.11/lib/python3.11/site-packages/airflow/example_dags/example_sensors.py
[2023-06-16T12:20:05.086+0700] {processor.py:836} INFO - DAG(s) dict_keys(['example_sensors']) retrieved from /Library/Frameworks/Python.framework/Versions/3.11/lib/python3.11/site-packages/airflow/example_dags/example_sensors.py
[2023-06-16T12:20:06.445+0700] {logging_mixin.py:149} INFO - [2023-06-16T12:20:06.445+0700] {dag.py:2726} INFO - Sync 1 DAGs
[2023-06-16T12:20:06.470+0700] {logging_mixin.py:149} INFO - [2023-06-16T12:20:06.469+0700] {dag.py:3486} INFO - Setting next_dagrun for example_sensors to None, run_after=None
[2023-06-16T12:20:06.493+0700] {processor.py:179} INFO - Processing /Library/Frameworks/Python.framework/Versions/3.11/lib/python3.11/site-packages/airflow/example_dags/example_sensors.py took 1.449 seconds
[2023-06-16T12:22:58.315+0700] {processor.py:157} INFO - Started process (PID=99534) to work on /Library/Frameworks/Python.framework/Versions/3.11/lib/python3.11/site-packages/airflow/example_dags/example_sensors.py
[2023-06-16T12:22:58.316+0700] {processor.py:826} INFO - Processing file /Library/Frameworks/Python.framework/Versions/3.11/lib/python3.11/site-packages/airflow/example_dags/example_sensors.py for tasks to queue
[2023-06-16T12:22:58.317+0700] {logging_mixin.py:149} INFO - [2023-06-16T12:22:58.316+0700] {dagbag.py:541} INFO - Filling up the DagBag from /Library/Frameworks/Python.framework/Versions/3.11/lib/python3.11/site-packages/airflow/example_dags/example_sensors.py
[2023-06-16T12:22:58.367+0700] {processor.py:836} INFO - DAG(s) dict_keys(['example_sensors']) retrieved from /Library/Frameworks/Python.framework/Versions/3.11/lib/python3.11/site-packages/airflow/example_dags/example_sensors.py
[2023-06-16T12:22:59.874+0700] {logging_mixin.py:149} INFO - [2023-06-16T12:22:59.873+0700] {dag.py:2726} INFO - Sync 1 DAGs
[2023-06-16T12:22:59.896+0700] {logging_mixin.py:149} INFO - [2023-06-16T12:22:59.896+0700] {dag.py:3486} INFO - Setting next_dagrun for example_sensors to None, run_after=None
[2023-06-16T12:22:59.924+0700] {processor.py:179} INFO - Processing /Library/Frameworks/Python.framework/Versions/3.11/lib/python3.11/site-packages/airflow/example_dags/example_sensors.py took 1.611 seconds
[2023-06-16T12:25:48.937+0700] {processor.py:157} INFO - Started process (PID=99897) to work on /Library/Frameworks/Python.framework/Versions/3.11/lib/python3.11/site-packages/airflow/example_dags/example_sensors.py
[2023-06-16T12:25:48.939+0700] {processor.py:826} INFO - Processing file /Library/Frameworks/Python.framework/Versions/3.11/lib/python3.11/site-packages/airflow/example_dags/example_sensors.py for tasks to queue
[2023-06-16T12:25:48.940+0700] {logging_mixin.py:149} INFO - [2023-06-16T12:25:48.939+0700] {dagbag.py:541} INFO - Filling up the DagBag from /Library/Frameworks/Python.framework/Versions/3.11/lib/python3.11/site-packages/airflow/example_dags/example_sensors.py
[2023-06-16T12:25:48.993+0700] {processor.py:836} INFO - DAG(s) dict_keys(['example_sensors']) retrieved from /Library/Frameworks/Python.framework/Versions/3.11/lib/python3.11/site-packages/airflow/example_dags/example_sensors.py
[2023-06-16T12:25:50.475+0700] {logging_mixin.py:149} INFO - [2023-06-16T12:25:50.475+0700] {dag.py:2726} INFO - Sync 1 DAGs
[2023-06-16T12:25:50.500+0700] {logging_mixin.py:149} INFO - [2023-06-16T12:25:50.500+0700] {dag.py:3486} INFO - Setting next_dagrun for example_sensors to None, run_after=None
[2023-06-16T12:25:50.526+0700] {processor.py:179} INFO - Processing /Library/Frameworks/Python.framework/Versions/3.11/lib/python3.11/site-packages/airflow/example_dags/example_sensors.py took 1.590 seconds
[2023-06-16T12:28:37.352+0700] {processor.py:157} INFO - Started process (PID=723) to work on /Library/Frameworks/Python.framework/Versions/3.11/lib/python3.11/site-packages/airflow/example_dags/example_sensors.py
[2023-06-16T12:28:37.353+0700] {processor.py:826} INFO - Processing file /Library/Frameworks/Python.framework/Versions/3.11/lib/python3.11/site-packages/airflow/example_dags/example_sensors.py for tasks to queue
[2023-06-16T12:28:37.353+0700] {logging_mixin.py:149} INFO - [2023-06-16T12:28:37.353+0700] {dagbag.py:541} INFO - Filling up the DagBag from /Library/Frameworks/Python.framework/Versions/3.11/lib/python3.11/site-packages/airflow/example_dags/example_sensors.py
[2023-06-16T12:28:37.395+0700] {processor.py:836} INFO - DAG(s) dict_keys(['example_sensors']) retrieved from /Library/Frameworks/Python.framework/Versions/3.11/lib/python3.11/site-packages/airflow/example_dags/example_sensors.py
[2023-06-16T12:28:38.601+0700] {logging_mixin.py:149} INFO - [2023-06-16T12:28:38.601+0700] {dag.py:2726} INFO - Sync 1 DAGs
[2023-06-16T12:28:38.620+0700] {logging_mixin.py:149} INFO - [2023-06-16T12:28:38.620+0700] {dag.py:3486} INFO - Setting next_dagrun for example_sensors to None, run_after=None
[2023-06-16T12:28:38.643+0700] {processor.py:179} INFO - Processing /Library/Frameworks/Python.framework/Versions/3.11/lib/python3.11/site-packages/airflow/example_dags/example_sensors.py took 1.291 seconds
[2023-06-16T12:31:12.848+0700] {processor.py:157} INFO - Started process (PID=1101) to work on /Library/Frameworks/Python.framework/Versions/3.11/lib/python3.11/site-packages/airflow/example_dags/example_sensors.py
[2023-06-16T12:31:12.849+0700] {processor.py:826} INFO - Processing file /Library/Frameworks/Python.framework/Versions/3.11/lib/python3.11/site-packages/airflow/example_dags/example_sensors.py for tasks to queue
[2023-06-16T12:31:12.849+0700] {logging_mixin.py:149} INFO - [2023-06-16T12:31:12.849+0700] {dagbag.py:541} INFO - Filling up the DagBag from /Library/Frameworks/Python.framework/Versions/3.11/lib/python3.11/site-packages/airflow/example_dags/example_sensors.py
[2023-06-16T12:31:12.894+0700] {processor.py:836} INFO - DAG(s) dict_keys(['example_sensors']) retrieved from /Library/Frameworks/Python.framework/Versions/3.11/lib/python3.11/site-packages/airflow/example_dags/example_sensors.py
[2023-06-16T12:31:14.179+0700] {logging_mixin.py:149} INFO - [2023-06-16T12:31:14.179+0700] {dag.py:2726} INFO - Sync 1 DAGs
[2023-06-16T12:31:14.208+0700] {logging_mixin.py:149} INFO - [2023-06-16T12:31:14.208+0700] {dag.py:3486} INFO - Setting next_dagrun for example_sensors to None, run_after=None
[2023-06-16T12:31:14.234+0700] {processor.py:179} INFO - Processing /Library/Frameworks/Python.framework/Versions/3.11/lib/python3.11/site-packages/airflow/example_dags/example_sensors.py took 1.387 seconds
[2023-06-16T12:33:49.281+0700] {processor.py:157} INFO - Started process (PID=1453) to work on /Library/Frameworks/Python.framework/Versions/3.11/lib/python3.11/site-packages/airflow/example_dags/example_sensors.py
[2023-06-16T12:33:49.282+0700] {processor.py:826} INFO - Processing file /Library/Frameworks/Python.framework/Versions/3.11/lib/python3.11/site-packages/airflow/example_dags/example_sensors.py for tasks to queue
[2023-06-16T12:33:49.283+0700] {logging_mixin.py:149} INFO - [2023-06-16T12:33:49.283+0700] {dagbag.py:541} INFO - Filling up the DagBag from /Library/Frameworks/Python.framework/Versions/3.11/lib/python3.11/site-packages/airflow/example_dags/example_sensors.py
[2023-06-16T12:33:49.321+0700] {processor.py:836} INFO - DAG(s) dict_keys(['example_sensors']) retrieved from /Library/Frameworks/Python.framework/Versions/3.11/lib/python3.11/site-packages/airflow/example_dags/example_sensors.py
[2023-06-16T12:33:50.411+0700] {logging_mixin.py:149} INFO - [2023-06-16T12:33:50.411+0700] {dag.py:2726} INFO - Sync 1 DAGs
[2023-06-16T12:33:50.432+0700] {logging_mixin.py:149} INFO - [2023-06-16T12:33:50.431+0700] {dag.py:3486} INFO - Setting next_dagrun for example_sensors to None, run_after=None
[2023-06-16T12:33:50.454+0700] {processor.py:179} INFO - Processing /Library/Frameworks/Python.framework/Versions/3.11/lib/python3.11/site-packages/airflow/example_dags/example_sensors.py took 1.175 seconds
[2023-06-16T12:36:31.228+0700] {processor.py:157} INFO - Started process (PID=1912) to work on /Library/Frameworks/Python.framework/Versions/3.11/lib/python3.11/site-packages/airflow/example_dags/example_sensors.py
[2023-06-16T12:36:31.229+0700] {processor.py:826} INFO - Processing file /Library/Frameworks/Python.framework/Versions/3.11/lib/python3.11/site-packages/airflow/example_dags/example_sensors.py for tasks to queue
[2023-06-16T12:36:31.229+0700] {logging_mixin.py:149} INFO - [2023-06-16T12:36:31.229+0700] {dagbag.py:541} INFO - Filling up the DagBag from /Library/Frameworks/Python.framework/Versions/3.11/lib/python3.11/site-packages/airflow/example_dags/example_sensors.py
[2023-06-16T12:36:31.270+0700] {processor.py:836} INFO - DAG(s) dict_keys(['example_sensors']) retrieved from /Library/Frameworks/Python.framework/Versions/3.11/lib/python3.11/site-packages/airflow/example_dags/example_sensors.py
[2023-06-16T12:36:32.447+0700] {logging_mixin.py:149} INFO - [2023-06-16T12:36:32.446+0700] {dag.py:2726} INFO - Sync 1 DAGs
[2023-06-16T12:36:32.464+0700] {logging_mixin.py:149} INFO - [2023-06-16T12:36:32.464+0700] {dag.py:3486} INFO - Setting next_dagrun for example_sensors to None, run_after=None
[2023-06-16T12:36:32.482+0700] {processor.py:179} INFO - Processing /Library/Frameworks/Python.framework/Versions/3.11/lib/python3.11/site-packages/airflow/example_dags/example_sensors.py took 1.255 seconds
[2023-06-16T12:39:13.417+0700] {processor.py:157} INFO - Started process (PID=2335) to work on /Library/Frameworks/Python.framework/Versions/3.11/lib/python3.11/site-packages/airflow/example_dags/example_sensors.py
[2023-06-16T12:39:13.418+0700] {processor.py:826} INFO - Processing file /Library/Frameworks/Python.framework/Versions/3.11/lib/python3.11/site-packages/airflow/example_dags/example_sensors.py for tasks to queue
[2023-06-16T12:39:13.419+0700] {logging_mixin.py:149} INFO - [2023-06-16T12:39:13.419+0700] {dagbag.py:541} INFO - Filling up the DagBag from /Library/Frameworks/Python.framework/Versions/3.11/lib/python3.11/site-packages/airflow/example_dags/example_sensors.py
[2023-06-16T12:39:13.469+0700] {processor.py:836} INFO - DAG(s) dict_keys(['example_sensors']) retrieved from /Library/Frameworks/Python.framework/Versions/3.11/lib/python3.11/site-packages/airflow/example_dags/example_sensors.py
[2023-06-16T12:39:15.060+0700] {logging_mixin.py:149} INFO - [2023-06-16T12:39:15.060+0700] {dag.py:2726} INFO - Sync 1 DAGs
[2023-06-16T12:39:15.083+0700] {logging_mixin.py:149} INFO - [2023-06-16T12:39:15.083+0700] {dag.py:3486} INFO - Setting next_dagrun for example_sensors to None, run_after=None
[2023-06-16T12:39:15.103+0700] {processor.py:179} INFO - Processing /Library/Frameworks/Python.framework/Versions/3.11/lib/python3.11/site-packages/airflow/example_dags/example_sensors.py took 1.688 seconds
[2023-06-16T12:42:15.896+0700] {processor.py:157} INFO - Started process (PID=2777) to work on /Library/Frameworks/Python.framework/Versions/3.11/lib/python3.11/site-packages/airflow/example_dags/example_sensors.py
[2023-06-16T12:42:15.897+0700] {processor.py:826} INFO - Processing file /Library/Frameworks/Python.framework/Versions/3.11/lib/python3.11/site-packages/airflow/example_dags/example_sensors.py for tasks to queue
[2023-06-16T12:42:15.898+0700] {logging_mixin.py:149} INFO - [2023-06-16T12:42:15.898+0700] {dagbag.py:541} INFO - Filling up the DagBag from /Library/Frameworks/Python.framework/Versions/3.11/lib/python3.11/site-packages/airflow/example_dags/example_sensors.py
[2023-06-16T12:42:15.937+0700] {processor.py:836} INFO - DAG(s) dict_keys(['example_sensors']) retrieved from /Library/Frameworks/Python.framework/Versions/3.11/lib/python3.11/site-packages/airflow/example_dags/example_sensors.py
[2023-06-16T12:42:17.724+0700] {logging_mixin.py:149} INFO - [2023-06-16T12:42:17.724+0700] {dag.py:2726} INFO - Sync 1 DAGs
[2023-06-16T12:42:17.757+0700] {logging_mixin.py:149} INFO - [2023-06-16T12:42:17.756+0700] {dag.py:3486} INFO - Setting next_dagrun for example_sensors to None, run_after=None
[2023-06-16T12:42:17.783+0700] {processor.py:179} INFO - Processing /Library/Frameworks/Python.framework/Versions/3.11/lib/python3.11/site-packages/airflow/example_dags/example_sensors.py took 1.888 seconds
[2023-06-16T12:45:35.405+0700] {processor.py:157} INFO - Started process (PID=3261) to work on /Library/Frameworks/Python.framework/Versions/3.11/lib/python3.11/site-packages/airflow/example_dags/example_sensors.py
[2023-06-16T12:45:35.406+0700] {processor.py:826} INFO - Processing file /Library/Frameworks/Python.framework/Versions/3.11/lib/python3.11/site-packages/airflow/example_dags/example_sensors.py for tasks to queue
[2023-06-16T12:45:35.407+0700] {logging_mixin.py:149} INFO - [2023-06-16T12:45:35.406+0700] {dagbag.py:541} INFO - Filling up the DagBag from /Library/Frameworks/Python.framework/Versions/3.11/lib/python3.11/site-packages/airflow/example_dags/example_sensors.py
[2023-06-16T12:45:35.449+0700] {processor.py:836} INFO - DAG(s) dict_keys(['example_sensors']) retrieved from /Library/Frameworks/Python.framework/Versions/3.11/lib/python3.11/site-packages/airflow/example_dags/example_sensors.py
[2023-06-16T12:45:36.794+0700] {logging_mixin.py:149} INFO - [2023-06-16T12:45:36.794+0700] {dag.py:2726} INFO - Sync 1 DAGs
[2023-06-16T12:45:36.827+0700] {logging_mixin.py:149} INFO - [2023-06-16T12:45:36.827+0700] {dag.py:3486} INFO - Setting next_dagrun for example_sensors to None, run_after=None
[2023-06-16T12:45:36.852+0700] {processor.py:179} INFO - Processing /Library/Frameworks/Python.framework/Versions/3.11/lib/python3.11/site-packages/airflow/example_dags/example_sensors.py took 1.448 seconds
[2023-06-16T12:48:50.308+0700] {processor.py:157} INFO - Started process (PID=3681) to work on /Library/Frameworks/Python.framework/Versions/3.11/lib/python3.11/site-packages/airflow/example_dags/example_sensors.py
[2023-06-16T12:48:50.309+0700] {processor.py:826} INFO - Processing file /Library/Frameworks/Python.framework/Versions/3.11/lib/python3.11/site-packages/airflow/example_dags/example_sensors.py for tasks to queue
[2023-06-16T12:48:50.310+0700] {logging_mixin.py:149} INFO - [2023-06-16T12:48:50.310+0700] {dagbag.py:541} INFO - Filling up the DagBag from /Library/Frameworks/Python.framework/Versions/3.11/lib/python3.11/site-packages/airflow/example_dags/example_sensors.py
[2023-06-16T12:48:50.345+0700] {processor.py:836} INFO - DAG(s) dict_keys(['example_sensors']) retrieved from /Library/Frameworks/Python.framework/Versions/3.11/lib/python3.11/site-packages/airflow/example_dags/example_sensors.py
[2023-06-16T12:48:51.670+0700] {logging_mixin.py:149} INFO - [2023-06-16T12:48:51.669+0700] {dag.py:2726} INFO - Sync 1 DAGs
[2023-06-16T12:48:51.699+0700] {logging_mixin.py:149} INFO - [2023-06-16T12:48:51.699+0700] {dag.py:3486} INFO - Setting next_dagrun for example_sensors to None, run_after=None
[2023-06-16T12:48:51.725+0700] {processor.py:179} INFO - Processing /Library/Frameworks/Python.framework/Versions/3.11/lib/python3.11/site-packages/airflow/example_dags/example_sensors.py took 1.417 seconds
[2023-06-16T12:51:32.652+0700] {processor.py:157} INFO - Started process (PID=4049) to work on /Library/Frameworks/Python.framework/Versions/3.11/lib/python3.11/site-packages/airflow/example_dags/example_sensors.py
[2023-06-16T12:51:32.654+0700] {processor.py:826} INFO - Processing file /Library/Frameworks/Python.framework/Versions/3.11/lib/python3.11/site-packages/airflow/example_dags/example_sensors.py for tasks to queue
[2023-06-16T12:51:32.654+0700] {logging_mixin.py:149} INFO - [2023-06-16T12:51:32.654+0700] {dagbag.py:541} INFO - Filling up the DagBag from /Library/Frameworks/Python.framework/Versions/3.11/lib/python3.11/site-packages/airflow/example_dags/example_sensors.py
[2023-06-16T12:51:32.704+0700] {processor.py:836} INFO - DAG(s) dict_keys(['example_sensors']) retrieved from /Library/Frameworks/Python.framework/Versions/3.11/lib/python3.11/site-packages/airflow/example_dags/example_sensors.py
[2023-06-16T12:51:33.988+0700] {logging_mixin.py:149} INFO - [2023-06-16T12:51:33.988+0700] {dag.py:2726} INFO - Sync 1 DAGs
[2023-06-16T12:51:34.009+0700] {logging_mixin.py:149} INFO - [2023-06-16T12:51:34.008+0700] {dag.py:3486} INFO - Setting next_dagrun for example_sensors to None, run_after=None
[2023-06-16T12:51:34.028+0700] {processor.py:179} INFO - Processing /Library/Frameworks/Python.framework/Versions/3.11/lib/python3.11/site-packages/airflow/example_dags/example_sensors.py took 1.377 seconds
[2023-06-16T12:54:06.329+0700] {processor.py:157} INFO - Started process (PID=4375) to work on /Library/Frameworks/Python.framework/Versions/3.11/lib/python3.11/site-packages/airflow/example_dags/example_sensors.py
[2023-06-16T12:54:06.330+0700] {processor.py:826} INFO - Processing file /Library/Frameworks/Python.framework/Versions/3.11/lib/python3.11/site-packages/airflow/example_dags/example_sensors.py for tasks to queue
[2023-06-16T12:54:06.330+0700] {logging_mixin.py:149} INFO - [2023-06-16T12:54:06.330+0700] {dagbag.py:541} INFO - Filling up the DagBag from /Library/Frameworks/Python.framework/Versions/3.11/lib/python3.11/site-packages/airflow/example_dags/example_sensors.py
[2023-06-16T12:54:06.372+0700] {processor.py:836} INFO - DAG(s) dict_keys(['example_sensors']) retrieved from /Library/Frameworks/Python.framework/Versions/3.11/lib/python3.11/site-packages/airflow/example_dags/example_sensors.py
[2023-06-16T12:54:07.644+0700] {logging_mixin.py:149} INFO - [2023-06-16T12:54:07.644+0700] {dag.py:2726} INFO - Sync 1 DAGs
[2023-06-16T12:54:07.664+0700] {logging_mixin.py:149} INFO - [2023-06-16T12:54:07.664+0700] {dag.py:3486} INFO - Setting next_dagrun for example_sensors to None, run_after=None
[2023-06-16T12:54:07.704+0700] {processor.py:179} INFO - Processing /Library/Frameworks/Python.framework/Versions/3.11/lib/python3.11/site-packages/airflow/example_dags/example_sensors.py took 1.376 seconds
[2023-06-16T12:56:41.624+0700] {processor.py:157} INFO - Started process (PID=4780) to work on /Library/Frameworks/Python.framework/Versions/3.11/lib/python3.11/site-packages/airflow/example_dags/example_sensors.py
[2023-06-16T12:56:41.625+0700] {processor.py:826} INFO - Processing file /Library/Frameworks/Python.framework/Versions/3.11/lib/python3.11/site-packages/airflow/example_dags/example_sensors.py for tasks to queue
[2023-06-16T12:56:41.625+0700] {logging_mixin.py:149} INFO - [2023-06-16T12:56:41.625+0700] {dagbag.py:541} INFO - Filling up the DagBag from /Library/Frameworks/Python.framework/Versions/3.11/lib/python3.11/site-packages/airflow/example_dags/example_sensors.py
[2023-06-16T12:56:41.666+0700] {processor.py:836} INFO - DAG(s) dict_keys(['example_sensors']) retrieved from /Library/Frameworks/Python.framework/Versions/3.11/lib/python3.11/site-packages/airflow/example_dags/example_sensors.py
[2023-06-16T12:56:42.887+0700] {logging_mixin.py:149} INFO - [2023-06-16T12:56:42.886+0700] {dag.py:2726} INFO - Sync 1 DAGs
[2023-06-16T12:56:42.931+0700] {logging_mixin.py:149} INFO - [2023-06-16T12:56:42.931+0700] {dag.py:3486} INFO - Setting next_dagrun for example_sensors to None, run_after=None
[2023-06-16T12:56:42.976+0700] {processor.py:179} INFO - Processing /Library/Frameworks/Python.framework/Versions/3.11/lib/python3.11/site-packages/airflow/example_dags/example_sensors.py took 1.353 seconds
[2023-06-16T12:59:18.690+0700] {processor.py:157} INFO - Started process (PID=5208) to work on /Library/Frameworks/Python.framework/Versions/3.11/lib/python3.11/site-packages/airflow/example_dags/example_sensors.py
[2023-06-16T12:59:18.690+0700] {processor.py:826} INFO - Processing file /Library/Frameworks/Python.framework/Versions/3.11/lib/python3.11/site-packages/airflow/example_dags/example_sensors.py for tasks to queue
[2023-06-16T12:59:18.691+0700] {logging_mixin.py:149} INFO - [2023-06-16T12:59:18.691+0700] {dagbag.py:541} INFO - Filling up the DagBag from /Library/Frameworks/Python.framework/Versions/3.11/lib/python3.11/site-packages/airflow/example_dags/example_sensors.py
[2023-06-16T12:59:18.731+0700] {processor.py:836} INFO - DAG(s) dict_keys(['example_sensors']) retrieved from /Library/Frameworks/Python.framework/Versions/3.11/lib/python3.11/site-packages/airflow/example_dags/example_sensors.py
[2023-06-16T12:59:20.069+0700] {logging_mixin.py:149} INFO - [2023-06-16T12:59:20.069+0700] {dag.py:2726} INFO - Sync 1 DAGs
[2023-06-16T12:59:20.090+0700] {logging_mixin.py:149} INFO - [2023-06-16T12:59:20.090+0700] {dag.py:3486} INFO - Setting next_dagrun for example_sensors to None, run_after=None
[2023-06-16T12:59:20.112+0700] {processor.py:179} INFO - Processing /Library/Frameworks/Python.framework/Versions/3.11/lib/python3.11/site-packages/airflow/example_dags/example_sensors.py took 1.423 seconds
[2023-06-16T13:02:15.215+0700] {processor.py:157} INFO - Started process (PID=5673) to work on /Library/Frameworks/Python.framework/Versions/3.11/lib/python3.11/site-packages/airflow/example_dags/example_sensors.py
[2023-06-16T13:02:15.216+0700] {processor.py:826} INFO - Processing file /Library/Frameworks/Python.framework/Versions/3.11/lib/python3.11/site-packages/airflow/example_dags/example_sensors.py for tasks to queue
[2023-06-16T13:02:15.217+0700] {logging_mixin.py:149} INFO - [2023-06-16T13:02:15.217+0700] {dagbag.py:541} INFO - Filling up the DagBag from /Library/Frameworks/Python.framework/Versions/3.11/lib/python3.11/site-packages/airflow/example_dags/example_sensors.py
[2023-06-16T13:02:15.269+0700] {processor.py:836} INFO - DAG(s) dict_keys(['example_sensors']) retrieved from /Library/Frameworks/Python.framework/Versions/3.11/lib/python3.11/site-packages/airflow/example_dags/example_sensors.py
[2023-06-16T13:02:16.919+0700] {logging_mixin.py:149} INFO - [2023-06-16T13:02:16.919+0700] {dag.py:2726} INFO - Sync 1 DAGs
[2023-06-16T13:02:16.944+0700] {logging_mixin.py:149} INFO - [2023-06-16T13:02:16.944+0700] {dag.py:3486} INFO - Setting next_dagrun for example_sensors to None, run_after=None
[2023-06-16T13:02:16.977+0700] {processor.py:179} INFO - Processing /Library/Frameworks/Python.framework/Versions/3.11/lib/python3.11/site-packages/airflow/example_dags/example_sensors.py took 1.764 seconds
[2023-06-16T13:04:57.550+0700] {processor.py:157} INFO - Started process (PID=6045) to work on /Library/Frameworks/Python.framework/Versions/3.11/lib/python3.11/site-packages/airflow/example_dags/example_sensors.py
[2023-06-16T13:04:57.552+0700] {processor.py:826} INFO - Processing file /Library/Frameworks/Python.framework/Versions/3.11/lib/python3.11/site-packages/airflow/example_dags/example_sensors.py for tasks to queue
[2023-06-16T13:04:57.552+0700] {logging_mixin.py:149} INFO - [2023-06-16T13:04:57.552+0700] {dagbag.py:541} INFO - Filling up the DagBag from /Library/Frameworks/Python.framework/Versions/3.11/lib/python3.11/site-packages/airflow/example_dags/example_sensors.py
[2023-06-16T13:04:57.596+0700] {processor.py:836} INFO - DAG(s) dict_keys(['example_sensors']) retrieved from /Library/Frameworks/Python.framework/Versions/3.11/lib/python3.11/site-packages/airflow/example_dags/example_sensors.py
[2023-06-16T13:04:59.252+0700] {logging_mixin.py:149} INFO - [2023-06-16T13:04:59.252+0700] {dag.py:2726} INFO - Sync 1 DAGs
[2023-06-16T13:04:59.276+0700] {logging_mixin.py:149} INFO - [2023-06-16T13:04:59.275+0700] {dag.py:3486} INFO - Setting next_dagrun for example_sensors to None, run_after=None
[2023-06-16T13:04:59.297+0700] {processor.py:179} INFO - Processing /Library/Frameworks/Python.framework/Versions/3.11/lib/python3.11/site-packages/airflow/example_dags/example_sensors.py took 1.748 seconds
[2023-06-16T13:07:33.546+0700] {processor.py:157} INFO - Started process (PID=6392) to work on /Library/Frameworks/Python.framework/Versions/3.11/lib/python3.11/site-packages/airflow/example_dags/example_sensors.py
[2023-06-16T13:07:33.547+0700] {processor.py:826} INFO - Processing file /Library/Frameworks/Python.framework/Versions/3.11/lib/python3.11/site-packages/airflow/example_dags/example_sensors.py for tasks to queue
[2023-06-16T13:07:33.547+0700] {logging_mixin.py:149} INFO - [2023-06-16T13:07:33.547+0700] {dagbag.py:541} INFO - Filling up the DagBag from /Library/Frameworks/Python.framework/Versions/3.11/lib/python3.11/site-packages/airflow/example_dags/example_sensors.py
[2023-06-16T13:07:33.593+0700] {processor.py:836} INFO - DAG(s) dict_keys(['example_sensors']) retrieved from /Library/Frameworks/Python.framework/Versions/3.11/lib/python3.11/site-packages/airflow/example_dags/example_sensors.py
[2023-06-16T13:07:35.049+0700] {logging_mixin.py:149} INFO - [2023-06-16T13:07:35.049+0700] {dag.py:2726} INFO - Sync 1 DAGs
[2023-06-16T13:07:35.071+0700] {logging_mixin.py:149} INFO - [2023-06-16T13:07:35.071+0700] {dag.py:3486} INFO - Setting next_dagrun for example_sensors to None, run_after=None
[2023-06-16T13:07:35.091+0700] {processor.py:179} INFO - Processing /Library/Frameworks/Python.framework/Versions/3.11/lib/python3.11/site-packages/airflow/example_dags/example_sensors.py took 1.546 seconds
[2023-06-16T13:10:09.724+0700] {processor.py:157} INFO - Started process (PID=6747) to work on /Library/Frameworks/Python.framework/Versions/3.11/lib/python3.11/site-packages/airflow/example_dags/example_sensors.py
[2023-06-16T13:10:09.726+0700] {processor.py:826} INFO - Processing file /Library/Frameworks/Python.framework/Versions/3.11/lib/python3.11/site-packages/airflow/example_dags/example_sensors.py for tasks to queue
[2023-06-16T13:10:09.727+0700] {logging_mixin.py:149} INFO - [2023-06-16T13:10:09.727+0700] {dagbag.py:541} INFO - Filling up the DagBag from /Library/Frameworks/Python.framework/Versions/3.11/lib/python3.11/site-packages/airflow/example_dags/example_sensors.py
[2023-06-16T13:10:09.778+0700] {processor.py:836} INFO - DAG(s) dict_keys(['example_sensors']) retrieved from /Library/Frameworks/Python.framework/Versions/3.11/lib/python3.11/site-packages/airflow/example_dags/example_sensors.py
[2023-06-16T13:10:11.148+0700] {logging_mixin.py:149} INFO - [2023-06-16T13:10:11.148+0700] {dag.py:2726} INFO - Sync 1 DAGs
[2023-06-16T13:10:11.166+0700] {logging_mixin.py:149} INFO - [2023-06-16T13:10:11.166+0700] {dag.py:3486} INFO - Setting next_dagrun for example_sensors to None, run_after=None
[2023-06-16T13:10:11.188+0700] {processor.py:179} INFO - Processing /Library/Frameworks/Python.framework/Versions/3.11/lib/python3.11/site-packages/airflow/example_dags/example_sensors.py took 1.465 seconds
[2023-06-16T13:12:41.678+0700] {processor.py:157} INFO - Started process (PID=7167) to work on /Library/Frameworks/Python.framework/Versions/3.11/lib/python3.11/site-packages/airflow/example_dags/example_sensors.py
[2023-06-16T13:12:41.680+0700] {processor.py:826} INFO - Processing file /Library/Frameworks/Python.framework/Versions/3.11/lib/python3.11/site-packages/airflow/example_dags/example_sensors.py for tasks to queue
[2023-06-16T13:12:41.680+0700] {logging_mixin.py:149} INFO - [2023-06-16T13:12:41.680+0700] {dagbag.py:541} INFO - Filling up the DagBag from /Library/Frameworks/Python.framework/Versions/3.11/lib/python3.11/site-packages/airflow/example_dags/example_sensors.py
[2023-06-16T13:12:41.718+0700] {processor.py:836} INFO - DAG(s) dict_keys(['example_sensors']) retrieved from /Library/Frameworks/Python.framework/Versions/3.11/lib/python3.11/site-packages/airflow/example_dags/example_sensors.py
[2023-06-16T13:12:42.877+0700] {logging_mixin.py:149} INFO - [2023-06-16T13:12:42.877+0700] {dag.py:2726} INFO - Sync 1 DAGs
[2023-06-16T13:12:42.899+0700] {logging_mixin.py:149} INFO - [2023-06-16T13:12:42.899+0700] {dag.py:3486} INFO - Setting next_dagrun for example_sensors to None, run_after=None
[2023-06-16T13:12:42.923+0700] {processor.py:179} INFO - Processing /Library/Frameworks/Python.framework/Versions/3.11/lib/python3.11/site-packages/airflow/example_dags/example_sensors.py took 1.246 seconds
[2023-06-16T13:15:47.540+0700] {processor.py:157} INFO - Started process (PID=7646) to work on /Library/Frameworks/Python.framework/Versions/3.11/lib/python3.11/site-packages/airflow/example_dags/example_sensors.py
[2023-06-16T13:15:47.542+0700] {processor.py:826} INFO - Processing file /Library/Frameworks/Python.framework/Versions/3.11/lib/python3.11/site-packages/airflow/example_dags/example_sensors.py for tasks to queue
[2023-06-16T13:15:47.543+0700] {logging_mixin.py:149} INFO - [2023-06-16T13:15:47.543+0700] {dagbag.py:541} INFO - Filling up the DagBag from /Library/Frameworks/Python.framework/Versions/3.11/lib/python3.11/site-packages/airflow/example_dags/example_sensors.py
[2023-06-16T13:15:47.582+0700] {processor.py:836} INFO - DAG(s) dict_keys(['example_sensors']) retrieved from /Library/Frameworks/Python.framework/Versions/3.11/lib/python3.11/site-packages/airflow/example_dags/example_sensors.py
[2023-06-16T13:15:48.782+0700] {logging_mixin.py:149} INFO - [2023-06-16T13:15:48.782+0700] {dag.py:2726} INFO - Sync 1 DAGs
[2023-06-16T13:15:48.804+0700] {logging_mixin.py:149} INFO - [2023-06-16T13:15:48.803+0700] {dag.py:3486} INFO - Setting next_dagrun for example_sensors to None, run_after=None
[2023-06-16T13:15:48.827+0700] {processor.py:179} INFO - Processing /Library/Frameworks/Python.framework/Versions/3.11/lib/python3.11/site-packages/airflow/example_dags/example_sensors.py took 1.288 seconds
[2023-06-16T13:19:10.195+0700] {processor.py:157} INFO - Started process (PID=8088) to work on /Library/Frameworks/Python.framework/Versions/3.11/lib/python3.11/site-packages/airflow/example_dags/example_sensors.py
[2023-06-16T13:19:10.197+0700] {processor.py:826} INFO - Processing file /Library/Frameworks/Python.framework/Versions/3.11/lib/python3.11/site-packages/airflow/example_dags/example_sensors.py for tasks to queue
[2023-06-16T13:19:10.198+0700] {logging_mixin.py:149} INFO - [2023-06-16T13:19:10.198+0700] {dagbag.py:541} INFO - Filling up the DagBag from /Library/Frameworks/Python.framework/Versions/3.11/lib/python3.11/site-packages/airflow/example_dags/example_sensors.py
[2023-06-16T13:19:10.243+0700] {processor.py:836} INFO - DAG(s) dict_keys(['example_sensors']) retrieved from /Library/Frameworks/Python.framework/Versions/3.11/lib/python3.11/site-packages/airflow/example_dags/example_sensors.py
[2023-06-16T13:19:11.402+0700] {logging_mixin.py:149} INFO - [2023-06-16T13:19:11.402+0700] {dag.py:2726} INFO - Sync 1 DAGs
[2023-06-16T13:19:11.429+0700] {logging_mixin.py:149} INFO - [2023-06-16T13:19:11.429+0700] {dag.py:3486} INFO - Setting next_dagrun for example_sensors to None, run_after=None
[2023-06-16T13:19:11.450+0700] {processor.py:179} INFO - Processing /Library/Frameworks/Python.framework/Versions/3.11/lib/python3.11/site-packages/airflow/example_dags/example_sensors.py took 1.256 seconds
[2023-06-16T13:22:15.134+0700] {processor.py:157} INFO - Started process (PID=8490) to work on /Library/Frameworks/Python.framework/Versions/3.11/lib/python3.11/site-packages/airflow/example_dags/example_sensors.py
[2023-06-16T13:22:15.136+0700] {processor.py:826} INFO - Processing file /Library/Frameworks/Python.framework/Versions/3.11/lib/python3.11/site-packages/airflow/example_dags/example_sensors.py for tasks to queue
[2023-06-16T13:22:15.137+0700] {logging_mixin.py:149} INFO - [2023-06-16T13:22:15.136+0700] {dagbag.py:541} INFO - Filling up the DagBag from /Library/Frameworks/Python.framework/Versions/3.11/lib/python3.11/site-packages/airflow/example_dags/example_sensors.py
[2023-06-16T13:22:15.195+0700] {processor.py:836} INFO - DAG(s) dict_keys(['example_sensors']) retrieved from /Library/Frameworks/Python.framework/Versions/3.11/lib/python3.11/site-packages/airflow/example_dags/example_sensors.py
[2023-06-16T13:22:16.521+0700] {logging_mixin.py:149} INFO - [2023-06-16T13:22:16.520+0700] {dag.py:2726} INFO - Sync 1 DAGs
[2023-06-16T13:22:16.540+0700] {logging_mixin.py:149} INFO - [2023-06-16T13:22:16.539+0700] {dag.py:3486} INFO - Setting next_dagrun for example_sensors to None, run_after=None
[2023-06-16T13:22:16.562+0700] {processor.py:179} INFO - Processing /Library/Frameworks/Python.framework/Versions/3.11/lib/python3.11/site-packages/airflow/example_dags/example_sensors.py took 1.429 seconds
[2023-06-16T13:24:33.660+0700] {processor.py:157} INFO - Started process (PID=8818) to work on /Library/Frameworks/Python.framework/Versions/3.11/lib/python3.11/site-packages/airflow/example_dags/example_sensors.py
[2023-06-16T13:24:33.661+0700] {processor.py:826} INFO - Processing file /Library/Frameworks/Python.framework/Versions/3.11/lib/python3.11/site-packages/airflow/example_dags/example_sensors.py for tasks to queue
[2023-06-16T13:24:33.662+0700] {logging_mixin.py:149} INFO - [2023-06-16T13:24:33.662+0700] {dagbag.py:541} INFO - Filling up the DagBag from /Library/Frameworks/Python.framework/Versions/3.11/lib/python3.11/site-packages/airflow/example_dags/example_sensors.py
[2023-06-16T13:24:33.707+0700] {processor.py:836} INFO - DAG(s) dict_keys(['example_sensors']) retrieved from /Library/Frameworks/Python.framework/Versions/3.11/lib/python3.11/site-packages/airflow/example_dags/example_sensors.py
[2023-06-16T13:24:35.021+0700] {logging_mixin.py:149} INFO - [2023-06-16T13:24:35.021+0700] {dag.py:2726} INFO - Sync 1 DAGs
[2023-06-16T13:24:35.103+0700] {logging_mixin.py:149} INFO - [2023-06-16T13:24:35.102+0700] {dag.py:3486} INFO - Setting next_dagrun for example_sensors to None, run_after=None
[2023-06-16T13:24:35.148+0700] {processor.py:179} INFO - Processing /Library/Frameworks/Python.framework/Versions/3.11/lib/python3.11/site-packages/airflow/example_dags/example_sensors.py took 1.489 seconds
[2023-06-16T13:26:56.943+0700] {processor.py:157} INFO - Started process (PID=9106) to work on /Library/Frameworks/Python.framework/Versions/3.11/lib/python3.11/site-packages/airflow/example_dags/example_sensors.py
[2023-06-16T13:26:56.944+0700] {processor.py:826} INFO - Processing file /Library/Frameworks/Python.framework/Versions/3.11/lib/python3.11/site-packages/airflow/example_dags/example_sensors.py for tasks to queue
[2023-06-16T13:26:56.945+0700] {logging_mixin.py:149} INFO - [2023-06-16T13:26:56.945+0700] {dagbag.py:541} INFO - Filling up the DagBag from /Library/Frameworks/Python.framework/Versions/3.11/lib/python3.11/site-packages/airflow/example_dags/example_sensors.py
[2023-06-16T13:26:56.981+0700] {processor.py:836} INFO - DAG(s) dict_keys(['example_sensors']) retrieved from /Library/Frameworks/Python.framework/Versions/3.11/lib/python3.11/site-packages/airflow/example_dags/example_sensors.py
[2023-06-16T13:26:58.217+0700] {logging_mixin.py:149} INFO - [2023-06-16T13:26:58.217+0700] {dag.py:2726} INFO - Sync 1 DAGs
[2023-06-16T13:26:58.246+0700] {logging_mixin.py:149} INFO - [2023-06-16T13:26:58.246+0700] {dag.py:3486} INFO - Setting next_dagrun for example_sensors to None, run_after=None
[2023-06-16T13:26:58.274+0700] {processor.py:179} INFO - Processing /Library/Frameworks/Python.framework/Versions/3.11/lib/python3.11/site-packages/airflow/example_dags/example_sensors.py took 1.332 seconds
[2023-06-16T13:29:26.228+0700] {processor.py:157} INFO - Started process (PID=9446) to work on /Library/Frameworks/Python.framework/Versions/3.11/lib/python3.11/site-packages/airflow/example_dags/example_sensors.py
[2023-06-16T13:29:26.228+0700] {processor.py:826} INFO - Processing file /Library/Frameworks/Python.framework/Versions/3.11/lib/python3.11/site-packages/airflow/example_dags/example_sensors.py for tasks to queue
[2023-06-16T13:29:26.229+0700] {logging_mixin.py:149} INFO - [2023-06-16T13:29:26.229+0700] {dagbag.py:541} INFO - Filling up the DagBag from /Library/Frameworks/Python.framework/Versions/3.11/lib/python3.11/site-packages/airflow/example_dags/example_sensors.py
[2023-06-16T13:29:26.273+0700] {processor.py:836} INFO - DAG(s) dict_keys(['example_sensors']) retrieved from /Library/Frameworks/Python.framework/Versions/3.11/lib/python3.11/site-packages/airflow/example_dags/example_sensors.py
[2023-06-16T13:29:27.689+0700] {logging_mixin.py:149} INFO - [2023-06-16T13:29:27.688+0700] {dag.py:2726} INFO - Sync 1 DAGs
[2023-06-16T13:29:27.716+0700] {logging_mixin.py:149} INFO - [2023-06-16T13:29:27.716+0700] {dag.py:3486} INFO - Setting next_dagrun for example_sensors to None, run_after=None
[2023-06-16T13:29:27.740+0700] {processor.py:179} INFO - Processing /Library/Frameworks/Python.framework/Versions/3.11/lib/python3.11/site-packages/airflow/example_dags/example_sensors.py took 1.514 seconds
[2023-06-16T13:31:58.793+0700] {processor.py:157} INFO - Started process (PID=9863) to work on /Library/Frameworks/Python.framework/Versions/3.11/lib/python3.11/site-packages/airflow/example_dags/example_sensors.py
[2023-06-16T13:31:58.806+0700] {processor.py:826} INFO - Processing file /Library/Frameworks/Python.framework/Versions/3.11/lib/python3.11/site-packages/airflow/example_dags/example_sensors.py for tasks to queue
[2023-06-16T13:31:58.808+0700] {logging_mixin.py:149} INFO - [2023-06-16T13:31:58.808+0700] {dagbag.py:541} INFO - Filling up the DagBag from /Library/Frameworks/Python.framework/Versions/3.11/lib/python3.11/site-packages/airflow/example_dags/example_sensors.py
[2023-06-16T13:31:58.869+0700] {processor.py:836} INFO - DAG(s) dict_keys(['example_sensors']) retrieved from /Library/Frameworks/Python.framework/Versions/3.11/lib/python3.11/site-packages/airflow/example_dags/example_sensors.py
[2023-06-16T13:32:00.084+0700] {logging_mixin.py:149} INFO - [2023-06-16T13:32:00.084+0700] {dag.py:2726} INFO - Sync 1 DAGs
[2023-06-16T13:32:00.127+0700] {logging_mixin.py:149} INFO - [2023-06-16T13:32:00.126+0700] {dag.py:3486} INFO - Setting next_dagrun for example_sensors to None, run_after=None
[2023-06-16T13:32:00.150+0700] {processor.py:179} INFO - Processing /Library/Frameworks/Python.framework/Versions/3.11/lib/python3.11/site-packages/airflow/example_dags/example_sensors.py took 1.358 seconds
[2023-06-16T13:34:38.145+0700] {processor.py:157} INFO - Started process (PID=10427) to work on /Library/Frameworks/Python.framework/Versions/3.11/lib/python3.11/site-packages/airflow/example_dags/example_sensors.py
[2023-06-16T13:34:38.147+0700] {processor.py:826} INFO - Processing file /Library/Frameworks/Python.framework/Versions/3.11/lib/python3.11/site-packages/airflow/example_dags/example_sensors.py for tasks to queue
[2023-06-16T13:34:38.147+0700] {logging_mixin.py:149} INFO - [2023-06-16T13:34:38.147+0700] {dagbag.py:541} INFO - Filling up the DagBag from /Library/Frameworks/Python.framework/Versions/3.11/lib/python3.11/site-packages/airflow/example_dags/example_sensors.py
[2023-06-16T13:34:38.188+0700] {processor.py:836} INFO - DAG(s) dict_keys(['example_sensors']) retrieved from /Library/Frameworks/Python.framework/Versions/3.11/lib/python3.11/site-packages/airflow/example_dags/example_sensors.py
[2023-06-16T13:34:39.578+0700] {logging_mixin.py:149} INFO - [2023-06-16T13:34:39.576+0700] {dag.py:2726} INFO - Sync 1 DAGs
[2023-06-16T13:34:39.661+0700] {logging_mixin.py:149} INFO - [2023-06-16T13:34:39.661+0700] {dag.py:3486} INFO - Setting next_dagrun for example_sensors to None, run_after=None
[2023-06-16T13:34:39.722+0700] {processor.py:179} INFO - Processing /Library/Frameworks/Python.framework/Versions/3.11/lib/python3.11/site-packages/airflow/example_dags/example_sensors.py took 1.577 seconds
[2023-06-16T13:37:41.543+0700] {processor.py:157} INFO - Started process (PID=10825) to work on /Library/Frameworks/Python.framework/Versions/3.11/lib/python3.11/site-packages/airflow/example_dags/example_sensors.py
[2023-06-16T13:37:41.544+0700] {processor.py:826} INFO - Processing file /Library/Frameworks/Python.framework/Versions/3.11/lib/python3.11/site-packages/airflow/example_dags/example_sensors.py for tasks to queue
[2023-06-16T13:37:41.545+0700] {logging_mixin.py:149} INFO - [2023-06-16T13:37:41.545+0700] {dagbag.py:541} INFO - Filling up the DagBag from /Library/Frameworks/Python.framework/Versions/3.11/lib/python3.11/site-packages/airflow/example_dags/example_sensors.py
[2023-06-16T13:37:41.581+0700] {processor.py:836} INFO - DAG(s) dict_keys(['example_sensors']) retrieved from /Library/Frameworks/Python.framework/Versions/3.11/lib/python3.11/site-packages/airflow/example_dags/example_sensors.py
[2023-06-16T13:37:42.625+0700] {logging_mixin.py:149} INFO - [2023-06-16T13:37:42.625+0700] {dag.py:2726} INFO - Sync 1 DAGs
[2023-06-16T13:37:42.646+0700] {logging_mixin.py:149} INFO - [2023-06-16T13:37:42.646+0700] {dag.py:3486} INFO - Setting next_dagrun for example_sensors to None, run_after=None
[2023-06-16T13:37:42.666+0700] {processor.py:179} INFO - Processing /Library/Frameworks/Python.framework/Versions/3.11/lib/python3.11/site-packages/airflow/example_dags/example_sensors.py took 1.124 seconds
[2023-06-16T13:40:11.065+0700] {processor.py:157} INFO - Started process (PID=11129) to work on /Library/Frameworks/Python.framework/Versions/3.11/lib/python3.11/site-packages/airflow/example_dags/example_sensors.py
[2023-06-16T13:40:11.067+0700] {processor.py:826} INFO - Processing file /Library/Frameworks/Python.framework/Versions/3.11/lib/python3.11/site-packages/airflow/example_dags/example_sensors.py for tasks to queue
[2023-06-16T13:40:11.069+0700] {logging_mixin.py:149} INFO - [2023-06-16T13:40:11.068+0700] {dagbag.py:541} INFO - Filling up the DagBag from /Library/Frameworks/Python.framework/Versions/3.11/lib/python3.11/site-packages/airflow/example_dags/example_sensors.py
[2023-06-16T13:40:11.133+0700] {processor.py:836} INFO - DAG(s) dict_keys(['example_sensors']) retrieved from /Library/Frameworks/Python.framework/Versions/3.11/lib/python3.11/site-packages/airflow/example_dags/example_sensors.py
[2023-06-16T13:40:12.513+0700] {logging_mixin.py:149} INFO - [2023-06-16T13:40:12.512+0700] {dag.py:2726} INFO - Sync 1 DAGs
[2023-06-16T13:40:12.541+0700] {logging_mixin.py:149} INFO - [2023-06-16T13:40:12.540+0700] {dag.py:3486} INFO - Setting next_dagrun for example_sensors to None, run_after=None
[2023-06-16T13:40:12.568+0700] {processor.py:179} INFO - Processing /Library/Frameworks/Python.framework/Versions/3.11/lib/python3.11/site-packages/airflow/example_dags/example_sensors.py took 1.504 seconds
[2023-06-16T13:42:55.008+0700] {processor.py:157} INFO - Started process (PID=11481) to work on /Library/Frameworks/Python.framework/Versions/3.11/lib/python3.11/site-packages/airflow/example_dags/example_sensors.py
[2023-06-16T13:42:55.009+0700] {processor.py:826} INFO - Processing file /Library/Frameworks/Python.framework/Versions/3.11/lib/python3.11/site-packages/airflow/example_dags/example_sensors.py for tasks to queue
[2023-06-16T13:42:55.010+0700] {logging_mixin.py:149} INFO - [2023-06-16T13:42:55.009+0700] {dagbag.py:541} INFO - Filling up the DagBag from /Library/Frameworks/Python.framework/Versions/3.11/lib/python3.11/site-packages/airflow/example_dags/example_sensors.py
[2023-06-16T13:42:55.056+0700] {processor.py:836} INFO - DAG(s) dict_keys(['example_sensors']) retrieved from /Library/Frameworks/Python.framework/Versions/3.11/lib/python3.11/site-packages/airflow/example_dags/example_sensors.py
[2023-06-16T13:42:56.287+0700] {logging_mixin.py:149} INFO - [2023-06-16T13:42:56.286+0700] {dag.py:2726} INFO - Sync 1 DAGs
[2023-06-16T13:42:56.309+0700] {logging_mixin.py:149} INFO - [2023-06-16T13:42:56.309+0700] {dag.py:3486} INFO - Setting next_dagrun for example_sensors to None, run_after=None
[2023-06-16T13:42:56.330+0700] {processor.py:179} INFO - Processing /Library/Frameworks/Python.framework/Versions/3.11/lib/python3.11/site-packages/airflow/example_dags/example_sensors.py took 1.324 seconds
[2023-06-16T13:45:41.991+0700] {processor.py:157} INFO - Started process (PID=11827) to work on /Library/Frameworks/Python.framework/Versions/3.11/lib/python3.11/site-packages/airflow/example_dags/example_sensors.py
[2023-06-16T13:45:41.992+0700] {processor.py:826} INFO - Processing file /Library/Frameworks/Python.framework/Versions/3.11/lib/python3.11/site-packages/airflow/example_dags/example_sensors.py for tasks to queue
[2023-06-16T13:45:41.993+0700] {logging_mixin.py:149} INFO - [2023-06-16T13:45:41.993+0700] {dagbag.py:541} INFO - Filling up the DagBag from /Library/Frameworks/Python.framework/Versions/3.11/lib/python3.11/site-packages/airflow/example_dags/example_sensors.py
[2023-06-16T13:45:42.022+0700] {processor.py:836} INFO - DAG(s) dict_keys(['example_sensors']) retrieved from /Library/Frameworks/Python.framework/Versions/3.11/lib/python3.11/site-packages/airflow/example_dags/example_sensors.py
[2023-06-16T13:45:43.151+0700] {logging_mixin.py:149} INFO - [2023-06-16T13:45:43.151+0700] {dag.py:2726} INFO - Sync 1 DAGs
[2023-06-16T13:45:43.175+0700] {logging_mixin.py:149} INFO - [2023-06-16T13:45:43.175+0700] {dag.py:3486} INFO - Setting next_dagrun for example_sensors to None, run_after=None
[2023-06-16T13:45:43.197+0700] {processor.py:179} INFO - Processing /Library/Frameworks/Python.framework/Versions/3.11/lib/python3.11/site-packages/airflow/example_dags/example_sensors.py took 1.207 seconds
[2023-06-16T13:48:12.359+0700] {processor.py:157} INFO - Started process (PID=12092) to work on /Library/Frameworks/Python.framework/Versions/3.11/lib/python3.11/site-packages/airflow/example_dags/example_sensors.py
[2023-06-16T13:48:12.360+0700] {processor.py:826} INFO - Processing file /Library/Frameworks/Python.framework/Versions/3.11/lib/python3.11/site-packages/airflow/example_dags/example_sensors.py for tasks to queue
[2023-06-16T13:48:12.361+0700] {logging_mixin.py:149} INFO - [2023-06-16T13:48:12.361+0700] {dagbag.py:541} INFO - Filling up the DagBag from /Library/Frameworks/Python.framework/Versions/3.11/lib/python3.11/site-packages/airflow/example_dags/example_sensors.py
[2023-06-16T13:48:12.406+0700] {processor.py:836} INFO - DAG(s) dict_keys(['example_sensors']) retrieved from /Library/Frameworks/Python.framework/Versions/3.11/lib/python3.11/site-packages/airflow/example_dags/example_sensors.py
[2023-06-16T13:48:13.520+0700] {logging_mixin.py:149} INFO - [2023-06-16T13:48:13.520+0700] {dag.py:2726} INFO - Sync 1 DAGs
[2023-06-16T13:48:13.537+0700] {logging_mixin.py:149} INFO - [2023-06-16T13:48:13.537+0700] {dag.py:3486} INFO - Setting next_dagrun for example_sensors to None, run_after=None
[2023-06-16T13:48:13.558+0700] {processor.py:179} INFO - Processing /Library/Frameworks/Python.framework/Versions/3.11/lib/python3.11/site-packages/airflow/example_dags/example_sensors.py took 1.200 seconds
[2023-06-16T13:52:34.442+0700] {processor.py:157} INFO - Started process (PID=12493) to work on /Library/Frameworks/Python.framework/Versions/3.11/lib/python3.11/site-packages/airflow/example_dags/example_sensors.py
[2023-06-16T13:52:34.444+0700] {processor.py:826} INFO - Processing file /Library/Frameworks/Python.framework/Versions/3.11/lib/python3.11/site-packages/airflow/example_dags/example_sensors.py for tasks to queue
[2023-06-16T13:52:34.445+0700] {logging_mixin.py:149} INFO - [2023-06-16T13:52:34.445+0700] {dagbag.py:541} INFO - Filling up the DagBag from /Library/Frameworks/Python.framework/Versions/3.11/lib/python3.11/site-packages/airflow/example_dags/example_sensors.py
[2023-06-16T13:52:34.491+0700] {processor.py:836} INFO - DAG(s) dict_keys(['example_sensors']) retrieved from /Library/Frameworks/Python.framework/Versions/3.11/lib/python3.11/site-packages/airflow/example_dags/example_sensors.py
[2023-06-16T13:52:36.050+0700] {logging_mixin.py:149} INFO - [2023-06-16T13:52:36.050+0700] {dag.py:2726} INFO - Sync 1 DAGs
[2023-06-16T13:52:36.068+0700] {logging_mixin.py:149} INFO - [2023-06-16T13:52:36.068+0700] {dag.py:3486} INFO - Setting next_dagrun for example_sensors to None, run_after=None
[2023-06-16T13:52:36.087+0700] {processor.py:179} INFO - Processing /Library/Frameworks/Python.framework/Versions/3.11/lib/python3.11/site-packages/airflow/example_dags/example_sensors.py took 1.646 seconds
[2023-06-16T13:55:05.151+0700] {processor.py:157} INFO - Started process (PID=12879) to work on /Library/Frameworks/Python.framework/Versions/3.11/lib/python3.11/site-packages/airflow/example_dags/example_sensors.py
[2023-06-16T13:55:05.153+0700] {processor.py:826} INFO - Processing file /Library/Frameworks/Python.framework/Versions/3.11/lib/python3.11/site-packages/airflow/example_dags/example_sensors.py for tasks to queue
[2023-06-16T13:55:05.154+0700] {logging_mixin.py:149} INFO - [2023-06-16T13:55:05.154+0700] {dagbag.py:541} INFO - Filling up the DagBag from /Library/Frameworks/Python.framework/Versions/3.11/lib/python3.11/site-packages/airflow/example_dags/example_sensors.py
[2023-06-16T13:55:05.198+0700] {processor.py:836} INFO - DAG(s) dict_keys(['example_sensors']) retrieved from /Library/Frameworks/Python.framework/Versions/3.11/lib/python3.11/site-packages/airflow/example_dags/example_sensors.py
[2023-06-16T13:55:06.315+0700] {logging_mixin.py:149} INFO - [2023-06-16T13:55:06.314+0700] {dag.py:2726} INFO - Sync 1 DAGs
[2023-06-16T13:55:06.331+0700] {logging_mixin.py:149} INFO - [2023-06-16T13:55:06.331+0700] {dag.py:3486} INFO - Setting next_dagrun for example_sensors to None, run_after=None
[2023-06-16T13:55:06.352+0700] {processor.py:179} INFO - Processing /Library/Frameworks/Python.framework/Versions/3.11/lib/python3.11/site-packages/airflow/example_dags/example_sensors.py took 1.202 seconds
[2023-06-16T13:57:45.427+0700] {processor.py:157} INFO - Started process (PID=13217) to work on /Library/Frameworks/Python.framework/Versions/3.11/lib/python3.11/site-packages/airflow/example_dags/example_sensors.py
[2023-06-16T13:57:45.427+0700] {processor.py:826} INFO - Processing file /Library/Frameworks/Python.framework/Versions/3.11/lib/python3.11/site-packages/airflow/example_dags/example_sensors.py for tasks to queue
[2023-06-16T13:57:45.428+0700] {logging_mixin.py:149} INFO - [2023-06-16T13:57:45.427+0700] {dagbag.py:541} INFO - Filling up the DagBag from /Library/Frameworks/Python.framework/Versions/3.11/lib/python3.11/site-packages/airflow/example_dags/example_sensors.py
[2023-06-16T13:57:45.463+0700] {processor.py:836} INFO - DAG(s) dict_keys(['example_sensors']) retrieved from /Library/Frameworks/Python.framework/Versions/3.11/lib/python3.11/site-packages/airflow/example_dags/example_sensors.py
[2023-06-16T13:57:46.504+0700] {logging_mixin.py:149} INFO - [2023-06-16T13:57:46.504+0700] {dag.py:2726} INFO - Sync 1 DAGs
[2023-06-16T13:57:46.521+0700] {logging_mixin.py:149} INFO - [2023-06-16T13:57:46.521+0700] {dag.py:3486} INFO - Setting next_dagrun for example_sensors to None, run_after=None
[2023-06-16T13:57:46.538+0700] {processor.py:179} INFO - Processing /Library/Frameworks/Python.framework/Versions/3.11/lib/python3.11/site-packages/airflow/example_dags/example_sensors.py took 1.112 seconds
[2023-06-16T14:00:26.095+0700] {processor.py:157} INFO - Started process (PID=13537) to work on /Library/Frameworks/Python.framework/Versions/3.11/lib/python3.11/site-packages/airflow/example_dags/example_sensors.py
[2023-06-16T14:00:26.096+0700] {processor.py:826} INFO - Processing file /Library/Frameworks/Python.framework/Versions/3.11/lib/python3.11/site-packages/airflow/example_dags/example_sensors.py for tasks to queue
[2023-06-16T14:00:26.098+0700] {logging_mixin.py:149} INFO - [2023-06-16T14:00:26.098+0700] {dagbag.py:541} INFO - Filling up the DagBag from /Library/Frameworks/Python.framework/Versions/3.11/lib/python3.11/site-packages/airflow/example_dags/example_sensors.py
[2023-06-16T14:00:26.145+0700] {processor.py:836} INFO - DAG(s) dict_keys(['example_sensors']) retrieved from /Library/Frameworks/Python.framework/Versions/3.11/lib/python3.11/site-packages/airflow/example_dags/example_sensors.py
[2023-06-16T14:00:27.666+0700] {logging_mixin.py:149} INFO - [2023-06-16T14:00:27.666+0700] {dag.py:2726} INFO - Sync 1 DAGs
[2023-06-16T14:00:27.698+0700] {logging_mixin.py:149} INFO - [2023-06-16T14:00:27.698+0700] {dag.py:3486} INFO - Setting next_dagrun for example_sensors to None, run_after=None
[2023-06-16T14:00:27.729+0700] {processor.py:179} INFO - Processing /Library/Frameworks/Python.framework/Versions/3.11/lib/python3.11/site-packages/airflow/example_dags/example_sensors.py took 1.635 seconds
[2023-06-16T14:02:56.410+0700] {processor.py:157} INFO - Started process (PID=13862) to work on /Library/Frameworks/Python.framework/Versions/3.11/lib/python3.11/site-packages/airflow/example_dags/example_sensors.py
[2023-06-16T14:02:56.411+0700] {processor.py:826} INFO - Processing file /Library/Frameworks/Python.framework/Versions/3.11/lib/python3.11/site-packages/airflow/example_dags/example_sensors.py for tasks to queue
[2023-06-16T14:02:56.412+0700] {logging_mixin.py:149} INFO - [2023-06-16T14:02:56.411+0700] {dagbag.py:541} INFO - Filling up the DagBag from /Library/Frameworks/Python.framework/Versions/3.11/lib/python3.11/site-packages/airflow/example_dags/example_sensors.py
[2023-06-16T14:02:56.453+0700] {processor.py:836} INFO - DAG(s) dict_keys(['example_sensors']) retrieved from /Library/Frameworks/Python.framework/Versions/3.11/lib/python3.11/site-packages/airflow/example_dags/example_sensors.py
[2023-06-16T14:02:57.562+0700] {logging_mixin.py:149} INFO - [2023-06-16T14:02:57.562+0700] {dag.py:2726} INFO - Sync 1 DAGs
[2023-06-16T14:02:57.586+0700] {logging_mixin.py:149} INFO - [2023-06-16T14:02:57.585+0700] {dag.py:3486} INFO - Setting next_dagrun for example_sensors to None, run_after=None
[2023-06-16T14:02:57.610+0700] {processor.py:179} INFO - Processing /Library/Frameworks/Python.framework/Versions/3.11/lib/python3.11/site-packages/airflow/example_dags/example_sensors.py took 1.201 seconds
[2023-06-16T14:05:36.925+0700] {processor.py:157} INFO - Started process (PID=14214) to work on /Library/Frameworks/Python.framework/Versions/3.11/lib/python3.11/site-packages/airflow/example_dags/example_sensors.py
[2023-06-16T14:05:36.927+0700] {processor.py:826} INFO - Processing file /Library/Frameworks/Python.framework/Versions/3.11/lib/python3.11/site-packages/airflow/example_dags/example_sensors.py for tasks to queue
[2023-06-16T14:05:36.927+0700] {logging_mixin.py:149} INFO - [2023-06-16T14:05:36.927+0700] {dagbag.py:541} INFO - Filling up the DagBag from /Library/Frameworks/Python.framework/Versions/3.11/lib/python3.11/site-packages/airflow/example_dags/example_sensors.py
[2023-06-16T14:05:36.969+0700] {processor.py:836} INFO - DAG(s) dict_keys(['example_sensors']) retrieved from /Library/Frameworks/Python.framework/Versions/3.11/lib/python3.11/site-packages/airflow/example_dags/example_sensors.py
[2023-06-16T14:05:38.400+0700] {logging_mixin.py:149} INFO - [2023-06-16T14:05:38.400+0700] {dag.py:2726} INFO - Sync 1 DAGs
[2023-06-16T14:05:38.429+0700] {logging_mixin.py:149} INFO - [2023-06-16T14:05:38.429+0700] {dag.py:3486} INFO - Setting next_dagrun for example_sensors to None, run_after=None
[2023-06-16T14:05:38.456+0700] {processor.py:179} INFO - Processing /Library/Frameworks/Python.framework/Versions/3.11/lib/python3.11/site-packages/airflow/example_dags/example_sensors.py took 1.532 seconds
[2023-06-16T14:08:15.954+0700] {processor.py:157} INFO - Started process (PID=14673) to work on /Library/Frameworks/Python.framework/Versions/3.11/lib/python3.11/site-packages/airflow/example_dags/example_sensors.py
[2023-06-16T14:08:15.956+0700] {processor.py:826} INFO - Processing file /Library/Frameworks/Python.framework/Versions/3.11/lib/python3.11/site-packages/airflow/example_dags/example_sensors.py for tasks to queue
[2023-06-16T14:08:15.956+0700] {logging_mixin.py:149} INFO - [2023-06-16T14:08:15.956+0700] {dagbag.py:541} INFO - Filling up the DagBag from /Library/Frameworks/Python.framework/Versions/3.11/lib/python3.11/site-packages/airflow/example_dags/example_sensors.py
[2023-06-16T14:08:15.997+0700] {processor.py:836} INFO - DAG(s) dict_keys(['example_sensors']) retrieved from /Library/Frameworks/Python.framework/Versions/3.11/lib/python3.11/site-packages/airflow/example_dags/example_sensors.py
[2023-06-16T14:08:17.193+0700] {logging_mixin.py:149} INFO - [2023-06-16T14:08:17.193+0700] {dag.py:2726} INFO - Sync 1 DAGs
[2023-06-16T14:08:17.221+0700] {logging_mixin.py:149} INFO - [2023-06-16T14:08:17.221+0700] {dag.py:3486} INFO - Setting next_dagrun for example_sensors to None, run_after=None
[2023-06-16T14:08:17.246+0700] {processor.py:179} INFO - Processing /Library/Frameworks/Python.framework/Versions/3.11/lib/python3.11/site-packages/airflow/example_dags/example_sensors.py took 1.293 seconds
