[2023-06-16T08:32:53.078+0700] {processor.py:157} INFO - Started process (PID=88275) to work on /Library/Frameworks/Python.framework/Versions/3.11/lib/python3.11/site-packages/airflow/example_dags/example_latest_only.py
[2023-06-16T08:32:53.079+0700] {processor.py:826} INFO - Processing file /Library/Frameworks/Python.framework/Versions/3.11/lib/python3.11/site-packages/airflow/example_dags/example_latest_only.py for tasks to queue
[2023-06-16T08:32:53.080+0700] {logging_mixin.py:149} INFO - [2023-06-16T08:32:53.080+0700] {dagbag.py:541} INFO - Filling up the DagBag from /Library/Frameworks/Python.framework/Versions/3.11/lib/python3.11/site-packages/airflow/example_dags/example_latest_only.py
[2023-06-16T08:32:53.100+0700] {processor.py:836} INFO - DAG(s) dict_keys(['latest_only']) retrieved from /Library/Frameworks/Python.framework/Versions/3.11/lib/python3.11/site-packages/airflow/example_dags/example_latest_only.py
[2023-06-16T08:32:54.040+0700] {logging_mixin.py:149} INFO - [2023-06-16T08:32:54.039+0700] {dag.py:2726} INFO - Sync 1 DAGs
[2023-06-16T08:32:54.059+0700] {logging_mixin.py:149} INFO - [2023-06-16T08:32:54.059+0700] {dag.py:3486} INFO - Setting next_dagrun for latest_only to 2023-06-15T21:32:54.059605+00:00, run_after=2023-06-16T01:32:54.059605+00:00
[2023-06-16T08:32:54.078+0700] {processor.py:179} INFO - Processing /Library/Frameworks/Python.framework/Versions/3.11/lib/python3.11/site-packages/airflow/example_dags/example_latest_only.py took 0.999 seconds
[2023-06-16T11:01:44.336+0700] {processor.py:157} INFO - Started process (PID=88903) to work on /Library/Frameworks/Python.framework/Versions/3.11/lib/python3.11/site-packages/airflow/example_dags/example_latest_only.py
[2023-06-16T11:01:44.337+0700] {processor.py:826} INFO - Processing file /Library/Frameworks/Python.framework/Versions/3.11/lib/python3.11/site-packages/airflow/example_dags/example_latest_only.py for tasks to queue
[2023-06-16T11:01:44.337+0700] {logging_mixin.py:149} INFO - [2023-06-16T11:01:44.337+0700] {dagbag.py:541} INFO - Filling up the DagBag from /Library/Frameworks/Python.framework/Versions/3.11/lib/python3.11/site-packages/airflow/example_dags/example_latest_only.py
[2023-06-16T11:01:44.357+0700] {processor.py:836} INFO - DAG(s) dict_keys(['latest_only']) retrieved from /Library/Frameworks/Python.framework/Versions/3.11/lib/python3.11/site-packages/airflow/example_dags/example_latest_only.py
[2023-06-16T11:01:45.364+0700] {logging_mixin.py:149} INFO - [2023-06-16T11:01:45.364+0700] {dag.py:2726} INFO - Sync 1 DAGs
[2023-06-16T11:01:45.388+0700] {logging_mixin.py:149} INFO - [2023-06-16T11:01:45.387+0700] {dag.py:3486} INFO - Setting next_dagrun for latest_only to 2023-06-16T00:01:45.387819+00:00, run_after=2023-06-16T04:01:45.387819+00:00
[2023-06-16T11:01:45.410+0700] {processor.py:179} INFO - Processing /Library/Frameworks/Python.framework/Versions/3.11/lib/python3.11/site-packages/airflow/example_dags/example_latest_only.py took 1.077 seconds
[2023-06-16T11:04:38.543+0700] {processor.py:157} INFO - Started process (PID=89259) to work on /Library/Frameworks/Python.framework/Versions/3.11/lib/python3.11/site-packages/airflow/example_dags/example_latest_only.py
[2023-06-16T11:04:38.544+0700] {processor.py:826} INFO - Processing file /Library/Frameworks/Python.framework/Versions/3.11/lib/python3.11/site-packages/airflow/example_dags/example_latest_only.py for tasks to queue
[2023-06-16T11:04:38.544+0700] {logging_mixin.py:149} INFO - [2023-06-16T11:04:38.544+0700] {dagbag.py:541} INFO - Filling up the DagBag from /Library/Frameworks/Python.framework/Versions/3.11/lib/python3.11/site-packages/airflow/example_dags/example_latest_only.py
[2023-06-16T11:04:38.578+0700] {processor.py:836} INFO - DAG(s) dict_keys(['latest_only']) retrieved from /Library/Frameworks/Python.framework/Versions/3.11/lib/python3.11/site-packages/airflow/example_dags/example_latest_only.py
[2023-06-16T11:04:39.960+0700] {logging_mixin.py:149} INFO - [2023-06-16T11:04:39.959+0700] {dag.py:2726} INFO - Sync 1 DAGs
[2023-06-16T11:04:39.984+0700] {logging_mixin.py:149} INFO - [2023-06-16T11:04:39.984+0700] {dag.py:3486} INFO - Setting next_dagrun for latest_only to 2023-06-16T00:04:39.983781+00:00, run_after=2023-06-16T04:04:39.983781+00:00
[2023-06-16T11:04:40.013+0700] {processor.py:179} INFO - Processing /Library/Frameworks/Python.framework/Versions/3.11/lib/python3.11/site-packages/airflow/example_dags/example_latest_only.py took 1.471 seconds
[2023-06-16T11:10:55.310+0700] {processor.py:157} INFO - Started process (PID=90092) to work on /Library/Frameworks/Python.framework/Versions/3.11/lib/python3.11/site-packages/airflow/example_dags/example_latest_only.py
[2023-06-16T11:10:55.311+0700] {processor.py:826} INFO - Processing file /Library/Frameworks/Python.framework/Versions/3.11/lib/python3.11/site-packages/airflow/example_dags/example_latest_only.py for tasks to queue
[2023-06-16T11:10:55.312+0700] {logging_mixin.py:149} INFO - [2023-06-16T11:10:55.311+0700] {dagbag.py:541} INFO - Filling up the DagBag from /Library/Frameworks/Python.framework/Versions/3.11/lib/python3.11/site-packages/airflow/example_dags/example_latest_only.py
[2023-06-16T11:10:55.341+0700] {processor.py:836} INFO - DAG(s) dict_keys(['latest_only']) retrieved from /Library/Frameworks/Python.framework/Versions/3.11/lib/python3.11/site-packages/airflow/example_dags/example_latest_only.py
[2023-06-16T11:10:56.562+0700] {logging_mixin.py:149} INFO - [2023-06-16T11:10:56.561+0700] {dag.py:2726} INFO - Sync 1 DAGs
[2023-06-16T11:10:56.581+0700] {logging_mixin.py:149} INFO - [2023-06-16T11:10:56.581+0700] {dag.py:3486} INFO - Setting next_dagrun for latest_only to 2023-06-16T00:10:56.581020+00:00, run_after=2023-06-16T04:10:56.581020+00:00
[2023-06-16T11:10:56.598+0700] {processor.py:179} INFO - Processing /Library/Frameworks/Python.framework/Versions/3.11/lib/python3.11/site-packages/airflow/example_dags/example_latest_only.py took 1.288 seconds
[2023-06-16T11:17:20.067+0700] {processor.py:157} INFO - Started process (PID=90770) to work on /Library/Frameworks/Python.framework/Versions/3.11/lib/python3.11/site-packages/airflow/example_dags/example_latest_only.py
[2023-06-16T11:17:20.067+0700] {processor.py:826} INFO - Processing file /Library/Frameworks/Python.framework/Versions/3.11/lib/python3.11/site-packages/airflow/example_dags/example_latest_only.py for tasks to queue
[2023-06-16T11:17:20.067+0700] {logging_mixin.py:149} INFO - [2023-06-16T11:17:20.067+0700] {dagbag.py:541} INFO - Filling up the DagBag from /Library/Frameworks/Python.framework/Versions/3.11/lib/python3.11/site-packages/airflow/example_dags/example_latest_only.py
[2023-06-16T11:17:20.090+0700] {processor.py:836} INFO - DAG(s) dict_keys(['latest_only']) retrieved from /Library/Frameworks/Python.framework/Versions/3.11/lib/python3.11/site-packages/airflow/example_dags/example_latest_only.py
[2023-06-16T11:17:21.226+0700] {logging_mixin.py:149} INFO - [2023-06-16T11:17:21.226+0700] {dag.py:2726} INFO - Sync 1 DAGs
[2023-06-16T11:17:21.246+0700] {logging_mixin.py:149} INFO - [2023-06-16T11:17:21.246+0700] {dag.py:3486} INFO - Setting next_dagrun for latest_only to 2023-06-16T00:17:21.245979+00:00, run_after=2023-06-16T04:17:21.245979+00:00
[2023-06-16T11:17:21.266+0700] {processor.py:179} INFO - Processing /Library/Frameworks/Python.framework/Versions/3.11/lib/python3.11/site-packages/airflow/example_dags/example_latest_only.py took 1.200 seconds
[2023-06-16T11:23:11.354+0700] {processor.py:157} INFO - Started process (PID=91552) to work on /Library/Frameworks/Python.framework/Versions/3.11/lib/python3.11/site-packages/airflow/example_dags/example_latest_only.py
[2023-06-16T11:23:11.355+0700] {processor.py:826} INFO - Processing file /Library/Frameworks/Python.framework/Versions/3.11/lib/python3.11/site-packages/airflow/example_dags/example_latest_only.py for tasks to queue
[2023-06-16T11:23:11.356+0700] {logging_mixin.py:149} INFO - [2023-06-16T11:23:11.355+0700] {dagbag.py:541} INFO - Filling up the DagBag from /Library/Frameworks/Python.framework/Versions/3.11/lib/python3.11/site-packages/airflow/example_dags/example_latest_only.py
[2023-06-16T11:23:11.383+0700] {processor.py:836} INFO - DAG(s) dict_keys(['latest_only']) retrieved from /Library/Frameworks/Python.framework/Versions/3.11/lib/python3.11/site-packages/airflow/example_dags/example_latest_only.py
[2023-06-16T11:23:12.871+0700] {logging_mixin.py:149} INFO - [2023-06-16T11:23:12.871+0700] {dag.py:2726} INFO - Sync 1 DAGs
[2023-06-16T11:23:12.896+0700] {logging_mixin.py:149} INFO - [2023-06-16T11:23:12.895+0700] {dag.py:3486} INFO - Setting next_dagrun for latest_only to 2023-06-16T00:23:12.895710+00:00, run_after=2023-06-16T04:23:12.895710+00:00
[2023-06-16T11:23:12.917+0700] {processor.py:179} INFO - Processing /Library/Frameworks/Python.framework/Versions/3.11/lib/python3.11/site-packages/airflow/example_dags/example_latest_only.py took 1.564 seconds
[2023-06-16T11:30:14.499+0700] {processor.py:157} INFO - Started process (PID=92507) to work on /Library/Frameworks/Python.framework/Versions/3.11/lib/python3.11/site-packages/airflow/example_dags/example_latest_only.py
[2023-06-16T11:30:14.500+0700] {processor.py:826} INFO - Processing file /Library/Frameworks/Python.framework/Versions/3.11/lib/python3.11/site-packages/airflow/example_dags/example_latest_only.py for tasks to queue
[2023-06-16T11:30:14.500+0700] {logging_mixin.py:149} INFO - [2023-06-16T11:30:14.500+0700] {dagbag.py:541} INFO - Filling up the DagBag from /Library/Frameworks/Python.framework/Versions/3.11/lib/python3.11/site-packages/airflow/example_dags/example_latest_only.py
[2023-06-16T11:30:14.531+0700] {processor.py:836} INFO - DAG(s) dict_keys(['latest_only']) retrieved from /Library/Frameworks/Python.framework/Versions/3.11/lib/python3.11/site-packages/airflow/example_dags/example_latest_only.py
[2023-06-16T11:30:15.877+0700] {logging_mixin.py:149} INFO - [2023-06-16T11:30:15.876+0700] {dag.py:2726} INFO - Sync 1 DAGs
[2023-06-16T11:30:15.902+0700] {logging_mixin.py:149} INFO - [2023-06-16T11:30:15.902+0700] {dag.py:3486} INFO - Setting next_dagrun for latest_only to 2023-06-16T00:30:15.901842+00:00, run_after=2023-06-16T04:30:15.901842+00:00
[2023-06-16T11:30:15.926+0700] {processor.py:179} INFO - Processing /Library/Frameworks/Python.framework/Versions/3.11/lib/python3.11/site-packages/airflow/example_dags/example_latest_only.py took 1.428 seconds
[2023-06-16T11:34:04.694+0700] {processor.py:157} INFO - Started process (PID=92998) to work on /Library/Frameworks/Python.framework/Versions/3.11/lib/python3.11/site-packages/airflow/example_dags/example_latest_only.py
[2023-06-16T11:34:04.696+0700] {processor.py:826} INFO - Processing file /Library/Frameworks/Python.framework/Versions/3.11/lib/python3.11/site-packages/airflow/example_dags/example_latest_only.py for tasks to queue
[2023-06-16T11:34:04.697+0700] {logging_mixin.py:149} INFO - [2023-06-16T11:34:04.697+0700] {dagbag.py:541} INFO - Filling up the DagBag from /Library/Frameworks/Python.framework/Versions/3.11/lib/python3.11/site-packages/airflow/example_dags/example_latest_only.py
[2023-06-16T11:34:04.737+0700] {processor.py:836} INFO - DAG(s) dict_keys(['latest_only']) retrieved from /Library/Frameworks/Python.framework/Versions/3.11/lib/python3.11/site-packages/airflow/example_dags/example_latest_only.py
[2023-06-16T11:34:06.119+0700] {logging_mixin.py:149} INFO - [2023-06-16T11:34:06.119+0700] {dag.py:2726} INFO - Sync 1 DAGs
[2023-06-16T11:34:06.148+0700] {logging_mixin.py:149} INFO - [2023-06-16T11:34:06.148+0700] {dag.py:3486} INFO - Setting next_dagrun for latest_only to 2023-06-16T00:34:06.148339+00:00, run_after=2023-06-16T04:34:06.148339+00:00
[2023-06-16T11:34:06.174+0700] {processor.py:179} INFO - Processing /Library/Frameworks/Python.framework/Versions/3.11/lib/python3.11/site-packages/airflow/example_dags/example_latest_only.py took 1.481 seconds
[2023-06-16T11:37:01.043+0700] {processor.py:157} INFO - Started process (PID=93376) to work on /Library/Frameworks/Python.framework/Versions/3.11/lib/python3.11/site-packages/airflow/example_dags/example_latest_only.py
[2023-06-16T11:37:01.044+0700] {processor.py:826} INFO - Processing file /Library/Frameworks/Python.framework/Versions/3.11/lib/python3.11/site-packages/airflow/example_dags/example_latest_only.py for tasks to queue
[2023-06-16T11:37:01.047+0700] {logging_mixin.py:149} INFO - [2023-06-16T11:37:01.047+0700] {dagbag.py:541} INFO - Filling up the DagBag from /Library/Frameworks/Python.framework/Versions/3.11/lib/python3.11/site-packages/airflow/example_dags/example_latest_only.py
[2023-06-16T11:37:01.100+0700] {processor.py:836} INFO - DAG(s) dict_keys(['latest_only']) retrieved from /Library/Frameworks/Python.framework/Versions/3.11/lib/python3.11/site-packages/airflow/example_dags/example_latest_only.py
[2023-06-16T11:37:02.517+0700] {logging_mixin.py:149} INFO - [2023-06-16T11:37:02.517+0700] {dag.py:2726} INFO - Sync 1 DAGs
[2023-06-16T11:37:02.543+0700] {logging_mixin.py:149} INFO - [2023-06-16T11:37:02.542+0700] {dag.py:3486} INFO - Setting next_dagrun for latest_only to 2023-06-16T00:37:02.542828+00:00, run_after=2023-06-16T04:37:02.542828+00:00
[2023-06-16T11:37:02.567+0700] {processor.py:179} INFO - Processing /Library/Frameworks/Python.framework/Versions/3.11/lib/python3.11/site-packages/airflow/example_dags/example_latest_only.py took 1.525 seconds
[2023-06-16T11:42:43.249+0700] {processor.py:157} INFO - Started process (PID=94423) to work on /Library/Frameworks/Python.framework/Versions/3.11/lib/python3.11/site-packages/airflow/example_dags/example_latest_only.py
[2023-06-16T11:42:43.251+0700] {processor.py:826} INFO - Processing file /Library/Frameworks/Python.framework/Versions/3.11/lib/python3.11/site-packages/airflow/example_dags/example_latest_only.py for tasks to queue
[2023-06-16T11:42:43.251+0700] {logging_mixin.py:149} INFO - [2023-06-16T11:42:43.251+0700] {dagbag.py:541} INFO - Filling up the DagBag from /Library/Frameworks/Python.framework/Versions/3.11/lib/python3.11/site-packages/airflow/example_dags/example_latest_only.py
[2023-06-16T11:42:43.276+0700] {processor.py:836} INFO - DAG(s) dict_keys(['latest_only']) retrieved from /Library/Frameworks/Python.framework/Versions/3.11/lib/python3.11/site-packages/airflow/example_dags/example_latest_only.py
[2023-06-16T11:42:44.625+0700] {logging_mixin.py:149} INFO - [2023-06-16T11:42:44.625+0700] {dag.py:2726} INFO - Sync 1 DAGs
[2023-06-16T11:42:44.660+0700] {logging_mixin.py:149} INFO - [2023-06-16T11:42:44.660+0700] {dag.py:3486} INFO - Setting next_dagrun for latest_only to 2023-06-16T00:42:44.659881+00:00, run_after=2023-06-16T04:42:44.659881+00:00
[2023-06-16T11:42:44.686+0700] {processor.py:179} INFO - Processing /Library/Frameworks/Python.framework/Versions/3.11/lib/python3.11/site-packages/airflow/example_dags/example_latest_only.py took 1.439 seconds
[2023-06-16T11:50:49.397+0700] {processor.py:157} INFO - Started process (PID=95455) to work on /Library/Frameworks/Python.framework/Versions/3.11/lib/python3.11/site-packages/airflow/example_dags/example_latest_only.py
[2023-06-16T11:50:49.397+0700] {processor.py:826} INFO - Processing file /Library/Frameworks/Python.framework/Versions/3.11/lib/python3.11/site-packages/airflow/example_dags/example_latest_only.py for tasks to queue
[2023-06-16T11:50:49.398+0700] {logging_mixin.py:149} INFO - [2023-06-16T11:50:49.398+0700] {dagbag.py:541} INFO - Filling up the DagBag from /Library/Frameworks/Python.framework/Versions/3.11/lib/python3.11/site-packages/airflow/example_dags/example_latest_only.py
[2023-06-16T11:50:49.420+0700] {processor.py:836} INFO - DAG(s) dict_keys(['latest_only']) retrieved from /Library/Frameworks/Python.framework/Versions/3.11/lib/python3.11/site-packages/airflow/example_dags/example_latest_only.py
[2023-06-16T11:50:50.641+0700] {logging_mixin.py:149} INFO - [2023-06-16T11:50:50.641+0700] {dag.py:2726} INFO - Sync 1 DAGs
[2023-06-16T11:50:50.663+0700] {logging_mixin.py:149} INFO - [2023-06-16T11:50:50.662+0700] {dag.py:3486} INFO - Setting next_dagrun for latest_only to 2023-06-16T00:50:50.662794+00:00, run_after=2023-06-16T04:50:50.662794+00:00
[2023-06-16T11:50:50.686+0700] {processor.py:179} INFO - Processing /Library/Frameworks/Python.framework/Versions/3.11/lib/python3.11/site-packages/airflow/example_dags/example_latest_only.py took 1.290 seconds
[2023-06-16T11:54:35.965+0700] {processor.py:157} INFO - Started process (PID=95882) to work on /Library/Frameworks/Python.framework/Versions/3.11/lib/python3.11/site-packages/airflow/example_dags/example_latest_only.py
[2023-06-16T11:54:35.966+0700] {processor.py:826} INFO - Processing file /Library/Frameworks/Python.framework/Versions/3.11/lib/python3.11/site-packages/airflow/example_dags/example_latest_only.py for tasks to queue
[2023-06-16T11:54:35.967+0700] {logging_mixin.py:149} INFO - [2023-06-16T11:54:35.966+0700] {dagbag.py:541} INFO - Filling up the DagBag from /Library/Frameworks/Python.framework/Versions/3.11/lib/python3.11/site-packages/airflow/example_dags/example_latest_only.py
[2023-06-16T11:54:35.990+0700] {processor.py:836} INFO - DAG(s) dict_keys(['latest_only']) retrieved from /Library/Frameworks/Python.framework/Versions/3.11/lib/python3.11/site-packages/airflow/example_dags/example_latest_only.py
[2023-06-16T11:54:37.223+0700] {logging_mixin.py:149} INFO - [2023-06-16T11:54:37.222+0700] {dag.py:2726} INFO - Sync 1 DAGs
[2023-06-16T11:54:37.242+0700] {logging_mixin.py:149} INFO - [2023-06-16T11:54:37.241+0700] {dag.py:3486} INFO - Setting next_dagrun for latest_only to 2023-06-16T00:54:37.241835+00:00, run_after=2023-06-16T04:54:37.241835+00:00
[2023-06-16T11:54:37.259+0700] {processor.py:179} INFO - Processing /Library/Frameworks/Python.framework/Versions/3.11/lib/python3.11/site-packages/airflow/example_dags/example_latest_only.py took 1.294 seconds
[2023-06-16T11:57:34.966+0700] {processor.py:157} INFO - Started process (PID=96257) to work on /Library/Frameworks/Python.framework/Versions/3.11/lib/python3.11/site-packages/airflow/example_dags/example_latest_only.py
[2023-06-16T11:57:34.967+0700] {processor.py:826} INFO - Processing file /Library/Frameworks/Python.framework/Versions/3.11/lib/python3.11/site-packages/airflow/example_dags/example_latest_only.py for tasks to queue
[2023-06-16T11:57:34.968+0700] {logging_mixin.py:149} INFO - [2023-06-16T11:57:34.968+0700] {dagbag.py:541} INFO - Filling up the DagBag from /Library/Frameworks/Python.framework/Versions/3.11/lib/python3.11/site-packages/airflow/example_dags/example_latest_only.py
[2023-06-16T11:57:34.992+0700] {processor.py:836} INFO - DAG(s) dict_keys(['latest_only']) retrieved from /Library/Frameworks/Python.framework/Versions/3.11/lib/python3.11/site-packages/airflow/example_dags/example_latest_only.py
[2023-06-16T11:57:36.177+0700] {logging_mixin.py:149} INFO - [2023-06-16T11:57:36.177+0700] {dag.py:2726} INFO - Sync 1 DAGs
[2023-06-16T11:57:36.200+0700] {logging_mixin.py:149} INFO - [2023-06-16T11:57:36.200+0700] {dag.py:3486} INFO - Setting next_dagrun for latest_only to 2023-06-16T00:57:36.199831+00:00, run_after=2023-06-16T04:57:36.199831+00:00
[2023-06-16T11:57:36.222+0700] {processor.py:179} INFO - Processing /Library/Frameworks/Python.framework/Versions/3.11/lib/python3.11/site-packages/airflow/example_dags/example_latest_only.py took 1.257 seconds
[2023-06-16T12:00:41.216+0700] {processor.py:157} INFO - Started process (PID=96626) to work on /Library/Frameworks/Python.framework/Versions/3.11/lib/python3.11/site-packages/airflow/example_dags/example_latest_only.py
[2023-06-16T12:00:41.218+0700] {processor.py:826} INFO - Processing file /Library/Frameworks/Python.framework/Versions/3.11/lib/python3.11/site-packages/airflow/example_dags/example_latest_only.py for tasks to queue
[2023-06-16T12:00:41.219+0700] {logging_mixin.py:149} INFO - [2023-06-16T12:00:41.218+0700] {dagbag.py:541} INFO - Filling up the DagBag from /Library/Frameworks/Python.framework/Versions/3.11/lib/python3.11/site-packages/airflow/example_dags/example_latest_only.py
[2023-06-16T12:00:41.275+0700] {processor.py:836} INFO - DAG(s) dict_keys(['latest_only']) retrieved from /Library/Frameworks/Python.framework/Versions/3.11/lib/python3.11/site-packages/airflow/example_dags/example_latest_only.py
[2023-06-16T12:00:42.984+0700] {logging_mixin.py:149} INFO - [2023-06-16T12:00:42.984+0700] {dag.py:2726} INFO - Sync 1 DAGs
[2023-06-16T12:00:43.014+0700] {logging_mixin.py:149} INFO - [2023-06-16T12:00:43.013+0700] {dag.py:3486} INFO - Setting next_dagrun for latest_only to 2023-06-16T01:00:43.013689+00:00, run_after=2023-06-16T05:00:43.013689+00:00
[2023-06-16T12:00:43.042+0700] {processor.py:179} INFO - Processing /Library/Frameworks/Python.framework/Versions/3.11/lib/python3.11/site-packages/airflow/example_dags/example_latest_only.py took 1.827 seconds
[2023-06-16T12:05:55.093+0700] {processor.py:157} INFO - Started process (PID=97408) to work on /Library/Frameworks/Python.framework/Versions/3.11/lib/python3.11/site-packages/airflow/example_dags/example_latest_only.py
[2023-06-16T12:05:55.095+0700] {processor.py:826} INFO - Processing file /Library/Frameworks/Python.framework/Versions/3.11/lib/python3.11/site-packages/airflow/example_dags/example_latest_only.py for tasks to queue
[2023-06-16T12:05:55.096+0700] {logging_mixin.py:149} INFO - [2023-06-16T12:05:55.096+0700] {dagbag.py:541} INFO - Filling up the DagBag from /Library/Frameworks/Python.framework/Versions/3.11/lib/python3.11/site-packages/airflow/example_dags/example_latest_only.py
[2023-06-16T12:05:55.123+0700] {processor.py:836} INFO - DAG(s) dict_keys(['latest_only']) retrieved from /Library/Frameworks/Python.framework/Versions/3.11/lib/python3.11/site-packages/airflow/example_dags/example_latest_only.py
[2023-06-16T12:05:56.526+0700] {logging_mixin.py:149} INFO - [2023-06-16T12:05:56.525+0700] {dag.py:2726} INFO - Sync 1 DAGs
[2023-06-16T12:05:56.553+0700] {logging_mixin.py:149} INFO - [2023-06-16T12:05:56.553+0700] {dag.py:3486} INFO - Setting next_dagrun for latest_only to 2023-06-16T01:05:56.552921+00:00, run_after=2023-06-16T05:05:56.552921+00:00
[2023-06-16T12:05:56.582+0700] {processor.py:179} INFO - Processing /Library/Frameworks/Python.framework/Versions/3.11/lib/python3.11/site-packages/airflow/example_dags/example_latest_only.py took 1.490 seconds
[2023-06-16T12:10:36.619+0700] {processor.py:157} INFO - Started process (PID=97990) to work on /Library/Frameworks/Python.framework/Versions/3.11/lib/python3.11/site-packages/airflow/example_dags/example_latest_only.py
[2023-06-16T12:10:36.621+0700] {processor.py:826} INFO - Processing file /Library/Frameworks/Python.framework/Versions/3.11/lib/python3.11/site-packages/airflow/example_dags/example_latest_only.py for tasks to queue
[2023-06-16T12:10:36.621+0700] {logging_mixin.py:149} INFO - [2023-06-16T12:10:36.621+0700] {dagbag.py:541} INFO - Filling up the DagBag from /Library/Frameworks/Python.framework/Versions/3.11/lib/python3.11/site-packages/airflow/example_dags/example_latest_only.py
[2023-06-16T12:10:36.646+0700] {processor.py:836} INFO - DAG(s) dict_keys(['latest_only']) retrieved from /Library/Frameworks/Python.framework/Versions/3.11/lib/python3.11/site-packages/airflow/example_dags/example_latest_only.py
[2023-06-16T12:10:37.955+0700] {logging_mixin.py:149} INFO - [2023-06-16T12:10:37.955+0700] {dag.py:2726} INFO - Sync 1 DAGs
[2023-06-16T12:10:37.985+0700] {logging_mixin.py:149} INFO - [2023-06-16T12:10:37.985+0700] {dag.py:3486} INFO - Setting next_dagrun for latest_only to 2023-06-16T01:10:37.984117+00:00, run_after=2023-06-16T05:10:37.984117+00:00
[2023-06-16T12:10:38.004+0700] {processor.py:179} INFO - Processing /Library/Frameworks/Python.framework/Versions/3.11/lib/python3.11/site-packages/airflow/example_dags/example_latest_only.py took 1.386 seconds
[2023-06-16T12:15:39.256+0700] {processor.py:157} INFO - Started process (PID=98596) to work on /Library/Frameworks/Python.framework/Versions/3.11/lib/python3.11/site-packages/airflow/example_dags/example_latest_only.py
[2023-06-16T12:15:39.258+0700] {processor.py:826} INFO - Processing file /Library/Frameworks/Python.framework/Versions/3.11/lib/python3.11/site-packages/airflow/example_dags/example_latest_only.py for tasks to queue
[2023-06-16T12:15:39.259+0700] {logging_mixin.py:149} INFO - [2023-06-16T12:15:39.259+0700] {dagbag.py:541} INFO - Filling up the DagBag from /Library/Frameworks/Python.framework/Versions/3.11/lib/python3.11/site-packages/airflow/example_dags/example_latest_only.py
[2023-06-16T12:15:39.282+0700] {processor.py:836} INFO - DAG(s) dict_keys(['latest_only']) retrieved from /Library/Frameworks/Python.framework/Versions/3.11/lib/python3.11/site-packages/airflow/example_dags/example_latest_only.py
[2023-06-16T12:15:40.612+0700] {logging_mixin.py:149} INFO - [2023-06-16T12:15:40.612+0700] {dag.py:2726} INFO - Sync 1 DAGs
[2023-06-16T12:15:40.634+0700] {logging_mixin.py:149} INFO - [2023-06-16T12:15:40.634+0700] {dag.py:3486} INFO - Setting next_dagrun for latest_only to 2023-06-16T01:15:40.634061+00:00, run_after=2023-06-16T05:15:40.634061+00:00
[2023-06-16T12:15:40.656+0700] {processor.py:179} INFO - Processing /Library/Frameworks/Python.framework/Versions/3.11/lib/python3.11/site-packages/airflow/example_dags/example_latest_only.py took 1.402 seconds
[2023-06-16T12:20:37.517+0700] {processor.py:157} INFO - Started process (PID=99230) to work on /Library/Frameworks/Python.framework/Versions/3.11/lib/python3.11/site-packages/airflow/example_dags/example_latest_only.py
[2023-06-16T12:20:37.518+0700] {processor.py:826} INFO - Processing file /Library/Frameworks/Python.framework/Versions/3.11/lib/python3.11/site-packages/airflow/example_dags/example_latest_only.py for tasks to queue
[2023-06-16T12:20:37.519+0700] {logging_mixin.py:149} INFO - [2023-06-16T12:20:37.519+0700] {dagbag.py:541} INFO - Filling up the DagBag from /Library/Frameworks/Python.framework/Versions/3.11/lib/python3.11/site-packages/airflow/example_dags/example_latest_only.py
[2023-06-16T12:20:37.556+0700] {processor.py:836} INFO - DAG(s) dict_keys(['latest_only']) retrieved from /Library/Frameworks/Python.framework/Versions/3.11/lib/python3.11/site-packages/airflow/example_dags/example_latest_only.py
[2023-06-16T12:20:39.034+0700] {logging_mixin.py:149} INFO - [2023-06-16T12:20:39.033+0700] {dag.py:2726} INFO - Sync 1 DAGs
[2023-06-16T12:20:39.083+0700] {logging_mixin.py:149} INFO - [2023-06-16T12:20:39.083+0700] {dag.py:3486} INFO - Setting next_dagrun for latest_only to 2023-06-16T01:20:39.083186+00:00, run_after=2023-06-16T05:20:39.083186+00:00
[2023-06-16T12:20:39.131+0700] {processor.py:179} INFO - Processing /Library/Frameworks/Python.framework/Versions/3.11/lib/python3.11/site-packages/airflow/example_dags/example_latest_only.py took 1.615 seconds
[2023-06-16T12:26:25.830+0700] {processor.py:157} INFO - Started process (PID=121) to work on /Library/Frameworks/Python.framework/Versions/3.11/lib/python3.11/site-packages/airflow/example_dags/example_latest_only.py
[2023-06-16T12:26:25.831+0700] {processor.py:826} INFO - Processing file /Library/Frameworks/Python.framework/Versions/3.11/lib/python3.11/site-packages/airflow/example_dags/example_latest_only.py for tasks to queue
[2023-06-16T12:26:25.831+0700] {logging_mixin.py:149} INFO - [2023-06-16T12:26:25.831+0700] {dagbag.py:541} INFO - Filling up the DagBag from /Library/Frameworks/Python.framework/Versions/3.11/lib/python3.11/site-packages/airflow/example_dags/example_latest_only.py
[2023-06-16T12:26:25.851+0700] {processor.py:836} INFO - DAG(s) dict_keys(['latest_only']) retrieved from /Library/Frameworks/Python.framework/Versions/3.11/lib/python3.11/site-packages/airflow/example_dags/example_latest_only.py
[2023-06-16T12:26:27.117+0700] {logging_mixin.py:149} INFO - [2023-06-16T12:26:27.116+0700] {dag.py:2726} INFO - Sync 1 DAGs
[2023-06-16T12:26:27.149+0700] {logging_mixin.py:149} INFO - [2023-06-16T12:26:27.148+0700] {dag.py:3486} INFO - Setting next_dagrun for latest_only to 2023-06-16T01:26:27.148725+00:00, run_after=2023-06-16T05:26:27.148725+00:00
[2023-06-16T12:26:27.175+0700] {processor.py:179} INFO - Processing /Library/Frameworks/Python.framework/Versions/3.11/lib/python3.11/site-packages/airflow/example_dags/example_latest_only.py took 1.346 seconds
[2023-06-16T12:29:14.393+0700] {processor.py:157} INFO - Started process (PID=818) to work on /Library/Frameworks/Python.framework/Versions/3.11/lib/python3.11/site-packages/airflow/example_dags/example_latest_only.py
[2023-06-16T12:29:14.395+0700] {processor.py:826} INFO - Processing file /Library/Frameworks/Python.framework/Versions/3.11/lib/python3.11/site-packages/airflow/example_dags/example_latest_only.py for tasks to queue
[2023-06-16T12:29:14.396+0700] {logging_mixin.py:149} INFO - [2023-06-16T12:29:14.396+0700] {dagbag.py:541} INFO - Filling up the DagBag from /Library/Frameworks/Python.framework/Versions/3.11/lib/python3.11/site-packages/airflow/example_dags/example_latest_only.py
[2023-06-16T12:29:14.430+0700] {processor.py:836} INFO - DAG(s) dict_keys(['latest_only']) retrieved from /Library/Frameworks/Python.framework/Versions/3.11/lib/python3.11/site-packages/airflow/example_dags/example_latest_only.py
[2023-06-16T12:29:16.194+0700] {logging_mixin.py:149} INFO - [2023-06-16T12:29:16.193+0700] {dag.py:2726} INFO - Sync 1 DAGs
[2023-06-16T12:29:16.280+0700] {logging_mixin.py:149} INFO - [2023-06-16T12:29:16.280+0700] {dag.py:3486} INFO - Setting next_dagrun for latest_only to 2023-06-16T01:29:16.279910+00:00, run_after=2023-06-16T05:29:16.279910+00:00
[2023-06-16T12:29:16.351+0700] {processor.py:179} INFO - Processing /Library/Frameworks/Python.framework/Versions/3.11/lib/python3.11/site-packages/airflow/example_dags/example_latest_only.py took 1.960 seconds
[2023-06-16T12:34:26.033+0700] {processor.py:157} INFO - Started process (PID=1546) to work on /Library/Frameworks/Python.framework/Versions/3.11/lib/python3.11/site-packages/airflow/example_dags/example_latest_only.py
[2023-06-16T12:34:26.034+0700] {processor.py:826} INFO - Processing file /Library/Frameworks/Python.framework/Versions/3.11/lib/python3.11/site-packages/airflow/example_dags/example_latest_only.py for tasks to queue
[2023-06-16T12:34:26.034+0700] {logging_mixin.py:149} INFO - [2023-06-16T12:34:26.034+0700] {dagbag.py:541} INFO - Filling up the DagBag from /Library/Frameworks/Python.framework/Versions/3.11/lib/python3.11/site-packages/airflow/example_dags/example_latest_only.py
[2023-06-16T12:34:26.056+0700] {processor.py:836} INFO - DAG(s) dict_keys(['latest_only']) retrieved from /Library/Frameworks/Python.framework/Versions/3.11/lib/python3.11/site-packages/airflow/example_dags/example_latest_only.py
[2023-06-16T12:34:27.400+0700] {logging_mixin.py:149} INFO - [2023-06-16T12:34:27.400+0700] {dag.py:2726} INFO - Sync 1 DAGs
[2023-06-16T12:34:27.439+0700] {logging_mixin.py:149} INFO - [2023-06-16T12:34:27.439+0700] {dag.py:3486} INFO - Setting next_dagrun for latest_only to 2023-06-16T01:34:27.438960+00:00, run_after=2023-06-16T05:34:27.438960+00:00
[2023-06-16T12:34:27.470+0700] {processor.py:179} INFO - Processing /Library/Frameworks/Python.framework/Versions/3.11/lib/python3.11/site-packages/airflow/example_dags/example_latest_only.py took 1.438 seconds
[2023-06-16T12:39:55.950+0700] {processor.py:157} INFO - Started process (PID=2400) to work on /Library/Frameworks/Python.framework/Versions/3.11/lib/python3.11/site-packages/airflow/example_dags/example_latest_only.py
[2023-06-16T12:39:55.952+0700] {processor.py:826} INFO - Processing file /Library/Frameworks/Python.framework/Versions/3.11/lib/python3.11/site-packages/airflow/example_dags/example_latest_only.py for tasks to queue
[2023-06-16T12:39:55.953+0700] {logging_mixin.py:149} INFO - [2023-06-16T12:39:55.953+0700] {dagbag.py:541} INFO - Filling up the DagBag from /Library/Frameworks/Python.framework/Versions/3.11/lib/python3.11/site-packages/airflow/example_dags/example_latest_only.py
[2023-06-16T12:39:55.977+0700] {processor.py:836} INFO - DAG(s) dict_keys(['latest_only']) retrieved from /Library/Frameworks/Python.framework/Versions/3.11/lib/python3.11/site-packages/airflow/example_dags/example_latest_only.py
[2023-06-16T12:39:57.222+0700] {logging_mixin.py:149} INFO - [2023-06-16T12:39:57.222+0700] {dag.py:2726} INFO - Sync 1 DAGs
[2023-06-16T12:39:57.262+0700] {logging_mixin.py:149} INFO - [2023-06-16T12:39:57.262+0700] {dag.py:3486} INFO - Setting next_dagrun for latest_only to 2023-06-16T01:39:57.262183+00:00, run_after=2023-06-16T05:39:57.262183+00:00
[2023-06-16T12:39:57.281+0700] {processor.py:179} INFO - Processing /Library/Frameworks/Python.framework/Versions/3.11/lib/python3.11/site-packages/airflow/example_dags/example_latest_only.py took 1.333 seconds
[2023-06-16T12:43:05.127+0700] {processor.py:157} INFO - Started process (PID=2839) to work on /Library/Frameworks/Python.framework/Versions/3.11/lib/python3.11/site-packages/airflow/example_dags/example_latest_only.py
[2023-06-16T12:43:05.129+0700] {processor.py:826} INFO - Processing file /Library/Frameworks/Python.framework/Versions/3.11/lib/python3.11/site-packages/airflow/example_dags/example_latest_only.py for tasks to queue
[2023-06-16T12:43:05.129+0700] {logging_mixin.py:149} INFO - [2023-06-16T12:43:05.129+0700] {dagbag.py:541} INFO - Filling up the DagBag from /Library/Frameworks/Python.framework/Versions/3.11/lib/python3.11/site-packages/airflow/example_dags/example_latest_only.py
[2023-06-16T12:43:05.168+0700] {processor.py:836} INFO - DAG(s) dict_keys(['latest_only']) retrieved from /Library/Frameworks/Python.framework/Versions/3.11/lib/python3.11/site-packages/airflow/example_dags/example_latest_only.py
[2023-06-16T12:43:06.708+0700] {logging_mixin.py:149} INFO - [2023-06-16T12:43:06.708+0700] {dag.py:2726} INFO - Sync 1 DAGs
[2023-06-16T12:43:06.730+0700] {logging_mixin.py:149} INFO - [2023-06-16T12:43:06.730+0700] {dag.py:3486} INFO - Setting next_dagrun for latest_only to 2023-06-16T01:43:06.730234+00:00, run_after=2023-06-16T05:43:06.730234+00:00
[2023-06-16T12:43:06.753+0700] {processor.py:179} INFO - Processing /Library/Frameworks/Python.framework/Versions/3.11/lib/python3.11/site-packages/airflow/example_dags/example_latest_only.py took 1.629 seconds
[2023-06-16T12:46:13.216+0700] {processor.py:157} INFO - Started process (PID=3375) to work on /Library/Frameworks/Python.framework/Versions/3.11/lib/python3.11/site-packages/airflow/example_dags/example_latest_only.py
[2023-06-16T12:46:13.218+0700] {processor.py:826} INFO - Processing file /Library/Frameworks/Python.framework/Versions/3.11/lib/python3.11/site-packages/airflow/example_dags/example_latest_only.py for tasks to queue
[2023-06-16T12:46:13.218+0700] {logging_mixin.py:149} INFO - [2023-06-16T12:46:13.218+0700] {dagbag.py:541} INFO - Filling up the DagBag from /Library/Frameworks/Python.framework/Versions/3.11/lib/python3.11/site-packages/airflow/example_dags/example_latest_only.py
[2023-06-16T12:46:13.240+0700] {processor.py:836} INFO - DAG(s) dict_keys(['latest_only']) retrieved from /Library/Frameworks/Python.framework/Versions/3.11/lib/python3.11/site-packages/airflow/example_dags/example_latest_only.py
[2023-06-16T12:46:14.657+0700] {logging_mixin.py:149} INFO - [2023-06-16T12:46:14.657+0700] {dag.py:2726} INFO - Sync 1 DAGs
[2023-06-16T12:46:14.682+0700] {logging_mixin.py:149} INFO - [2023-06-16T12:46:14.681+0700] {dag.py:3486} INFO - Setting next_dagrun for latest_only to 2023-06-16T01:46:14.681656+00:00, run_after=2023-06-16T05:46:14.681656+00:00
[2023-06-16T12:46:14.707+0700] {processor.py:179} INFO - Processing /Library/Frameworks/Python.framework/Versions/3.11/lib/python3.11/site-packages/airflow/example_dags/example_latest_only.py took 1.492 seconds
[2023-06-16T12:49:27.376+0700] {processor.py:157} INFO - Started process (PID=3778) to work on /Library/Frameworks/Python.framework/Versions/3.11/lib/python3.11/site-packages/airflow/example_dags/example_latest_only.py
[2023-06-16T12:49:27.377+0700] {processor.py:826} INFO - Processing file /Library/Frameworks/Python.framework/Versions/3.11/lib/python3.11/site-packages/airflow/example_dags/example_latest_only.py for tasks to queue
[2023-06-16T12:49:27.378+0700] {logging_mixin.py:149} INFO - [2023-06-16T12:49:27.378+0700] {dagbag.py:541} INFO - Filling up the DagBag from /Library/Frameworks/Python.framework/Versions/3.11/lib/python3.11/site-packages/airflow/example_dags/example_latest_only.py
[2023-06-16T12:49:27.405+0700] {processor.py:836} INFO - DAG(s) dict_keys(['latest_only']) retrieved from /Library/Frameworks/Python.framework/Versions/3.11/lib/python3.11/site-packages/airflow/example_dags/example_latest_only.py
[2023-06-16T12:49:28.739+0700] {logging_mixin.py:149} INFO - [2023-06-16T12:49:28.739+0700] {dag.py:2726} INFO - Sync 1 DAGs
[2023-06-16T12:49:28.762+0700] {logging_mixin.py:149} INFO - [2023-06-16T12:49:28.762+0700] {dag.py:3486} INFO - Setting next_dagrun for latest_only to 2023-06-16T01:49:28.762052+00:00, run_after=2023-06-16T05:49:28.762052+00:00
[2023-06-16T12:49:28.784+0700] {processor.py:179} INFO - Processing /Library/Frameworks/Python.framework/Versions/3.11/lib/python3.11/site-packages/airflow/example_dags/example_latest_only.py took 1.409 seconds
[2023-06-16T12:52:09.122+0700] {processor.py:157} INFO - Started process (PID=4112) to work on /Library/Frameworks/Python.framework/Versions/3.11/lib/python3.11/site-packages/airflow/example_dags/example_latest_only.py
[2023-06-16T12:52:09.123+0700] {processor.py:826} INFO - Processing file /Library/Frameworks/Python.framework/Versions/3.11/lib/python3.11/site-packages/airflow/example_dags/example_latest_only.py for tasks to queue
[2023-06-16T12:52:09.124+0700] {logging_mixin.py:149} INFO - [2023-06-16T12:52:09.124+0700] {dagbag.py:541} INFO - Filling up the DagBag from /Library/Frameworks/Python.framework/Versions/3.11/lib/python3.11/site-packages/airflow/example_dags/example_latest_only.py
[2023-06-16T12:52:09.169+0700] {processor.py:836} INFO - DAG(s) dict_keys(['latest_only']) retrieved from /Library/Frameworks/Python.framework/Versions/3.11/lib/python3.11/site-packages/airflow/example_dags/example_latest_only.py
[2023-06-16T12:52:10.666+0700] {logging_mixin.py:149} INFO - [2023-06-16T12:52:10.666+0700] {dag.py:2726} INFO - Sync 1 DAGs
[2023-06-16T12:52:10.711+0700] {logging_mixin.py:149} INFO - [2023-06-16T12:52:10.711+0700] {dag.py:3486} INFO - Setting next_dagrun for latest_only to 2023-06-16T01:52:10.711019+00:00, run_after=2023-06-16T05:52:10.711019+00:00
[2023-06-16T12:52:10.766+0700] {processor.py:179} INFO - Processing /Library/Frameworks/Python.framework/Versions/3.11/lib/python3.11/site-packages/airflow/example_dags/example_latest_only.py took 1.645 seconds
[2023-06-16T12:57:18.721+0700] {processor.py:157} INFO - Started process (PID=4886) to work on /Library/Frameworks/Python.framework/Versions/3.11/lib/python3.11/site-packages/airflow/example_dags/example_latest_only.py
[2023-06-16T12:57:18.722+0700] {processor.py:826} INFO - Processing file /Library/Frameworks/Python.framework/Versions/3.11/lib/python3.11/site-packages/airflow/example_dags/example_latest_only.py for tasks to queue
[2023-06-16T12:57:18.723+0700] {logging_mixin.py:149} INFO - [2023-06-16T12:57:18.723+0700] {dagbag.py:541} INFO - Filling up the DagBag from /Library/Frameworks/Python.framework/Versions/3.11/lib/python3.11/site-packages/airflow/example_dags/example_latest_only.py
[2023-06-16T12:57:18.752+0700] {processor.py:836} INFO - DAG(s) dict_keys(['latest_only']) retrieved from /Library/Frameworks/Python.framework/Versions/3.11/lib/python3.11/site-packages/airflow/example_dags/example_latest_only.py
[2023-06-16T12:57:20.073+0700] {logging_mixin.py:149} INFO - [2023-06-16T12:57:20.073+0700] {dag.py:2726} INFO - Sync 1 DAGs
[2023-06-16T12:57:20.091+0700] {logging_mixin.py:149} INFO - [2023-06-16T12:57:20.091+0700] {dag.py:3486} INFO - Setting next_dagrun for latest_only to 2023-06-16T01:57:20.091266+00:00, run_after=2023-06-16T05:57:20.091266+00:00
[2023-06-16T12:57:20.114+0700] {processor.py:179} INFO - Processing /Library/Frameworks/Python.framework/Versions/3.11/lib/python3.11/site-packages/airflow/example_dags/example_latest_only.py took 1.395 seconds
[2023-06-16T13:02:53.093+0700] {processor.py:157} INFO - Started process (PID=5726) to work on /Library/Frameworks/Python.framework/Versions/3.11/lib/python3.11/site-packages/airflow/example_dags/example_latest_only.py
[2023-06-16T13:02:53.094+0700] {processor.py:826} INFO - Processing file /Library/Frameworks/Python.framework/Versions/3.11/lib/python3.11/site-packages/airflow/example_dags/example_latest_only.py for tasks to queue
[2023-06-16T13:02:53.095+0700] {logging_mixin.py:149} INFO - [2023-06-16T13:02:53.095+0700] {dagbag.py:541} INFO - Filling up the DagBag from /Library/Frameworks/Python.framework/Versions/3.11/lib/python3.11/site-packages/airflow/example_dags/example_latest_only.py
[2023-06-16T13:02:53.126+0700] {processor.py:836} INFO - DAG(s) dict_keys(['latest_only']) retrieved from /Library/Frameworks/Python.framework/Versions/3.11/lib/python3.11/site-packages/airflow/example_dags/example_latest_only.py
[2023-06-16T13:02:54.391+0700] {logging_mixin.py:149} INFO - [2023-06-16T13:02:54.390+0700] {dag.py:2726} INFO - Sync 1 DAGs
[2023-06-16T13:02:54.415+0700] {logging_mixin.py:149} INFO - [2023-06-16T13:02:54.414+0700] {dag.py:3486} INFO - Setting next_dagrun for latest_only to 2023-06-16T02:02:54.414791+00:00, run_after=2023-06-16T06:02:54.414791+00:00
[2023-06-16T13:02:54.439+0700] {processor.py:179} INFO - Processing /Library/Frameworks/Python.framework/Versions/3.11/lib/python3.11/site-packages/airflow/example_dags/example_latest_only.py took 1.348 seconds
[2023-06-16T13:08:09.139+0700] {processor.py:157} INFO - Started process (PID=6441) to work on /Library/Frameworks/Python.framework/Versions/3.11/lib/python3.11/site-packages/airflow/example_dags/example_latest_only.py
[2023-06-16T13:08:09.140+0700] {processor.py:826} INFO - Processing file /Library/Frameworks/Python.framework/Versions/3.11/lib/python3.11/site-packages/airflow/example_dags/example_latest_only.py for tasks to queue
[2023-06-16T13:08:09.140+0700] {logging_mixin.py:149} INFO - [2023-06-16T13:08:09.140+0700] {dagbag.py:541} INFO - Filling up the DagBag from /Library/Frameworks/Python.framework/Versions/3.11/lib/python3.11/site-packages/airflow/example_dags/example_latest_only.py
[2023-06-16T13:08:09.166+0700] {processor.py:836} INFO - DAG(s) dict_keys(['latest_only']) retrieved from /Library/Frameworks/Python.framework/Versions/3.11/lib/python3.11/site-packages/airflow/example_dags/example_latest_only.py
[2023-06-16T13:08:10.242+0700] {logging_mixin.py:149} INFO - [2023-06-16T13:08:10.242+0700] {dag.py:2726} INFO - Sync 1 DAGs
[2023-06-16T13:08:10.266+0700] {logging_mixin.py:149} INFO - [2023-06-16T13:08:10.265+0700] {dag.py:3486} INFO - Setting next_dagrun for latest_only to 2023-06-16T02:08:10.265748+00:00, run_after=2023-06-16T06:08:10.265748+00:00
[2023-06-16T13:08:10.304+0700] {processor.py:179} INFO - Processing /Library/Frameworks/Python.framework/Versions/3.11/lib/python3.11/site-packages/airflow/example_dags/example_latest_only.py took 1.166 seconds
[2023-06-16T13:13:22.027+0700] {processor.py:157} INFO - Started process (PID=7301) to work on /Library/Frameworks/Python.framework/Versions/3.11/lib/python3.11/site-packages/airflow/example_dags/example_latest_only.py
[2023-06-16T13:13:22.028+0700] {processor.py:826} INFO - Processing file /Library/Frameworks/Python.framework/Versions/3.11/lib/python3.11/site-packages/airflow/example_dags/example_latest_only.py for tasks to queue
[2023-06-16T13:13:22.029+0700] {logging_mixin.py:149} INFO - [2023-06-16T13:13:22.028+0700] {dagbag.py:541} INFO - Filling up the DagBag from /Library/Frameworks/Python.framework/Versions/3.11/lib/python3.11/site-packages/airflow/example_dags/example_latest_only.py
[2023-06-16T13:13:22.052+0700] {processor.py:836} INFO - DAG(s) dict_keys(['latest_only']) retrieved from /Library/Frameworks/Python.framework/Versions/3.11/lib/python3.11/site-packages/airflow/example_dags/example_latest_only.py
[2023-06-16T13:13:23.289+0700] {logging_mixin.py:149} INFO - [2023-06-16T13:13:23.289+0700] {dag.py:2726} INFO - Sync 1 DAGs
[2023-06-16T13:13:23.311+0700] {logging_mixin.py:149} INFO - [2023-06-16T13:13:23.311+0700] {dag.py:3486} INFO - Setting next_dagrun for latest_only to 2023-06-16T02:13:23.311297+00:00, run_after=2023-06-16T06:13:23.311297+00:00
[2023-06-16T13:13:23.335+0700] {processor.py:179} INFO - Processing /Library/Frameworks/Python.framework/Versions/3.11/lib/python3.11/site-packages/airflow/example_dags/example_latest_only.py took 1.310 seconds
[2023-06-16T13:16:31.342+0700] {processor.py:157} INFO - Started process (PID=7749) to work on /Library/Frameworks/Python.framework/Versions/3.11/lib/python3.11/site-packages/airflow/example_dags/example_latest_only.py
[2023-06-16T13:16:31.344+0700] {processor.py:826} INFO - Processing file /Library/Frameworks/Python.framework/Versions/3.11/lib/python3.11/site-packages/airflow/example_dags/example_latest_only.py for tasks to queue
[2023-06-16T13:16:31.344+0700] {logging_mixin.py:149} INFO - [2023-06-16T13:16:31.344+0700] {dagbag.py:541} INFO - Filling up the DagBag from /Library/Frameworks/Python.framework/Versions/3.11/lib/python3.11/site-packages/airflow/example_dags/example_latest_only.py
[2023-06-16T13:16:31.373+0700] {processor.py:836} INFO - DAG(s) dict_keys(['latest_only']) retrieved from /Library/Frameworks/Python.framework/Versions/3.11/lib/python3.11/site-packages/airflow/example_dags/example_latest_only.py
[2023-06-16T13:16:32.812+0700] {logging_mixin.py:149} INFO - [2023-06-16T13:16:32.812+0700] {dag.py:2726} INFO - Sync 1 DAGs
[2023-06-16T13:16:32.845+0700] {logging_mixin.py:149} INFO - [2023-06-16T13:16:32.845+0700] {dag.py:3486} INFO - Setting next_dagrun for latest_only to 2023-06-16T02:16:32.845361+00:00, run_after=2023-06-16T06:16:32.845361+00:00
[2023-06-16T13:16:32.878+0700] {processor.py:179} INFO - Processing /Library/Frameworks/Python.framework/Versions/3.11/lib/python3.11/site-packages/airflow/example_dags/example_latest_only.py took 1.538 seconds
[2023-06-16T13:22:43.338+0700] {processor.py:157} INFO - Started process (PID=8567) to work on /Library/Frameworks/Python.framework/Versions/3.11/lib/python3.11/site-packages/airflow/example_dags/example_latest_only.py
[2023-06-16T13:22:43.339+0700] {processor.py:826} INFO - Processing file /Library/Frameworks/Python.framework/Versions/3.11/lib/python3.11/site-packages/airflow/example_dags/example_latest_only.py for tasks to queue
[2023-06-16T13:22:43.339+0700] {logging_mixin.py:149} INFO - [2023-06-16T13:22:43.339+0700] {dagbag.py:541} INFO - Filling up the DagBag from /Library/Frameworks/Python.framework/Versions/3.11/lib/python3.11/site-packages/airflow/example_dags/example_latest_only.py
[2023-06-16T13:22:43.360+0700] {processor.py:836} INFO - DAG(s) dict_keys(['latest_only']) retrieved from /Library/Frameworks/Python.framework/Versions/3.11/lib/python3.11/site-packages/airflow/example_dags/example_latest_only.py
[2023-06-16T13:22:44.422+0700] {logging_mixin.py:149} INFO - [2023-06-16T13:22:44.422+0700] {dag.py:2726} INFO - Sync 1 DAGs
[2023-06-16T13:22:44.440+0700] {logging_mixin.py:149} INFO - [2023-06-16T13:22:44.440+0700] {dag.py:3486} INFO - Setting next_dagrun for latest_only to 2023-06-16T02:22:44.440343+00:00, run_after=2023-06-16T06:22:44.440343+00:00
[2023-06-16T13:22:44.465+0700] {processor.py:179} INFO - Processing /Library/Frameworks/Python.framework/Versions/3.11/lib/python3.11/site-packages/airflow/example_dags/example_latest_only.py took 1.128 seconds
[2023-06-16T13:27:26.769+0700] {processor.py:157} INFO - Started process (PID=9186) to work on /Library/Frameworks/Python.framework/Versions/3.11/lib/python3.11/site-packages/airflow/example_dags/example_latest_only.py
[2023-06-16T13:27:26.770+0700] {processor.py:826} INFO - Processing file /Library/Frameworks/Python.framework/Versions/3.11/lib/python3.11/site-packages/airflow/example_dags/example_latest_only.py for tasks to queue
[2023-06-16T13:27:26.771+0700] {logging_mixin.py:149} INFO - [2023-06-16T13:27:26.770+0700] {dagbag.py:541} INFO - Filling up the DagBag from /Library/Frameworks/Python.framework/Versions/3.11/lib/python3.11/site-packages/airflow/example_dags/example_latest_only.py
[2023-06-16T13:27:26.793+0700] {processor.py:836} INFO - DAG(s) dict_keys(['latest_only']) retrieved from /Library/Frameworks/Python.framework/Versions/3.11/lib/python3.11/site-packages/airflow/example_dags/example_latest_only.py
[2023-06-16T13:27:28.170+0700] {logging_mixin.py:149} INFO - [2023-06-16T13:27:28.170+0700] {dag.py:2726} INFO - Sync 1 DAGs
[2023-06-16T13:27:28.193+0700] {logging_mixin.py:149} INFO - [2023-06-16T13:27:28.193+0700] {dag.py:3486} INFO - Setting next_dagrun for latest_only to 2023-06-16T02:27:28.193508+00:00, run_after=2023-06-16T06:27:28.193508+00:00
[2023-06-16T13:27:28.224+0700] {processor.py:179} INFO - Processing /Library/Frameworks/Python.framework/Versions/3.11/lib/python3.11/site-packages/airflow/example_dags/example_latest_only.py took 1.456 seconds
[2023-06-16T13:32:28.263+0700] {processor.py:157} INFO - Started process (PID=10020) to work on /Library/Frameworks/Python.framework/Versions/3.11/lib/python3.11/site-packages/airflow/example_dags/example_latest_only.py
[2023-06-16T13:32:28.264+0700] {processor.py:826} INFO - Processing file /Library/Frameworks/Python.framework/Versions/3.11/lib/python3.11/site-packages/airflow/example_dags/example_latest_only.py for tasks to queue
[2023-06-16T13:32:28.264+0700] {logging_mixin.py:149} INFO - [2023-06-16T13:32:28.264+0700] {dagbag.py:541} INFO - Filling up the DagBag from /Library/Frameworks/Python.framework/Versions/3.11/lib/python3.11/site-packages/airflow/example_dags/example_latest_only.py
[2023-06-16T13:32:28.291+0700] {processor.py:836} INFO - DAG(s) dict_keys(['latest_only']) retrieved from /Library/Frameworks/Python.framework/Versions/3.11/lib/python3.11/site-packages/airflow/example_dags/example_latest_only.py
[2023-06-16T13:32:29.462+0700] {logging_mixin.py:149} INFO - [2023-06-16T13:32:29.461+0700] {dag.py:2726} INFO - Sync 1 DAGs
[2023-06-16T13:32:29.498+0700] {logging_mixin.py:149} INFO - [2023-06-16T13:32:29.498+0700] {dag.py:3486} INFO - Setting next_dagrun for latest_only to 2023-06-16T02:32:29.498184+00:00, run_after=2023-06-16T06:32:29.498184+00:00
[2023-06-16T13:32:29.522+0700] {processor.py:179} INFO - Processing /Library/Frameworks/Python.framework/Versions/3.11/lib/python3.11/site-packages/airflow/example_dags/example_latest_only.py took 1.259 seconds
[2023-06-16T13:38:06.290+0700] {processor.py:157} INFO - Started process (PID=10858) to work on /Library/Frameworks/Python.framework/Versions/3.11/lib/python3.11/site-packages/airflow/example_dags/example_latest_only.py
[2023-06-16T13:38:06.292+0700] {processor.py:826} INFO - Processing file /Library/Frameworks/Python.framework/Versions/3.11/lib/python3.11/site-packages/airflow/example_dags/example_latest_only.py for tasks to queue
[2023-06-16T13:38:06.293+0700] {logging_mixin.py:149} INFO - [2023-06-16T13:38:06.293+0700] {dagbag.py:541} INFO - Filling up the DagBag from /Library/Frameworks/Python.framework/Versions/3.11/lib/python3.11/site-packages/airflow/example_dags/example_latest_only.py
[2023-06-16T13:38:06.314+0700] {processor.py:836} INFO - DAG(s) dict_keys(['latest_only']) retrieved from /Library/Frameworks/Python.framework/Versions/3.11/lib/python3.11/site-packages/airflow/example_dags/example_latest_only.py
[2023-06-16T13:38:07.470+0700] {logging_mixin.py:149} INFO - [2023-06-16T13:38:07.469+0700] {dag.py:2726} INFO - Sync 1 DAGs
[2023-06-16T13:38:07.488+0700] {logging_mixin.py:149} INFO - [2023-06-16T13:38:07.488+0700] {dag.py:3486} INFO - Setting next_dagrun for latest_only to 2023-06-16T02:38:07.488484+00:00, run_after=2023-06-16T06:38:07.488484+00:00
[2023-06-16T13:38:07.508+0700] {processor.py:179} INFO - Processing /Library/Frameworks/Python.framework/Versions/3.11/lib/python3.11/site-packages/airflow/example_dags/example_latest_only.py took 1.218 seconds
[2023-06-16T13:43:22.887+0700] {processor.py:157} INFO - Started process (PID=11498) to work on /Library/Frameworks/Python.framework/Versions/3.11/lib/python3.11/site-packages/airflow/example_dags/example_latest_only.py
[2023-06-16T13:43:22.888+0700] {processor.py:826} INFO - Processing file /Library/Frameworks/Python.framework/Versions/3.11/lib/python3.11/site-packages/airflow/example_dags/example_latest_only.py for tasks to queue
[2023-06-16T13:43:22.889+0700] {logging_mixin.py:149} INFO - [2023-06-16T13:43:22.889+0700] {dagbag.py:541} INFO - Filling up the DagBag from /Library/Frameworks/Python.framework/Versions/3.11/lib/python3.11/site-packages/airflow/example_dags/example_latest_only.py
[2023-06-16T13:43:22.914+0700] {processor.py:836} INFO - DAG(s) dict_keys(['latest_only']) retrieved from /Library/Frameworks/Python.framework/Versions/3.11/lib/python3.11/site-packages/airflow/example_dags/example_latest_only.py
[2023-06-16T13:43:24.250+0700] {logging_mixin.py:149} INFO - [2023-06-16T13:43:24.249+0700] {dag.py:2726} INFO - Sync 1 DAGs
[2023-06-16T13:43:24.271+0700] {logging_mixin.py:149} INFO - [2023-06-16T13:43:24.271+0700] {dag.py:3486} INFO - Setting next_dagrun for latest_only to 2023-06-16T02:43:24.271505+00:00, run_after=2023-06-16T06:43:24.271505+00:00
[2023-06-16T13:43:24.295+0700] {processor.py:179} INFO - Processing /Library/Frameworks/Python.framework/Versions/3.11/lib/python3.11/site-packages/airflow/example_dags/example_latest_only.py took 1.409 seconds
[2023-06-16T13:48:38.411+0700] {processor.py:157} INFO - Started process (PID=12160) to work on /Library/Frameworks/Python.framework/Versions/3.11/lib/python3.11/site-packages/airflow/example_dags/example_latest_only.py
[2023-06-16T13:48:38.412+0700] {processor.py:826} INFO - Processing file /Library/Frameworks/Python.framework/Versions/3.11/lib/python3.11/site-packages/airflow/example_dags/example_latest_only.py for tasks to queue
[2023-06-16T13:48:38.413+0700] {logging_mixin.py:149} INFO - [2023-06-16T13:48:38.413+0700] {dagbag.py:541} INFO - Filling up the DagBag from /Library/Frameworks/Python.framework/Versions/3.11/lib/python3.11/site-packages/airflow/example_dags/example_latest_only.py
[2023-06-16T13:48:38.435+0700] {processor.py:836} INFO - DAG(s) dict_keys(['latest_only']) retrieved from /Library/Frameworks/Python.framework/Versions/3.11/lib/python3.11/site-packages/airflow/example_dags/example_latest_only.py
[2023-06-16T13:48:39.572+0700] {logging_mixin.py:149} INFO - [2023-06-16T13:48:39.571+0700] {dag.py:2726} INFO - Sync 1 DAGs
[2023-06-16T13:48:39.593+0700] {logging_mixin.py:149} INFO - [2023-06-16T13:48:39.593+0700] {dag.py:3486} INFO - Setting next_dagrun for latest_only to 2023-06-16T02:48:39.593471+00:00, run_after=2023-06-16T06:48:39.593471+00:00
[2023-06-16T13:48:39.613+0700] {processor.py:179} INFO - Processing /Library/Frameworks/Python.framework/Versions/3.11/lib/python3.11/site-packages/airflow/example_dags/example_latest_only.py took 1.203 seconds
[2023-06-16T13:55:32.035+0700] {processor.py:157} INFO - Started process (PID=12966) to work on /Library/Frameworks/Python.framework/Versions/3.11/lib/python3.11/site-packages/airflow/example_dags/example_latest_only.py
[2023-06-16T13:55:32.036+0700] {processor.py:826} INFO - Processing file /Library/Frameworks/Python.framework/Versions/3.11/lib/python3.11/site-packages/airflow/example_dags/example_latest_only.py for tasks to queue
[2023-06-16T13:55:32.037+0700] {logging_mixin.py:149} INFO - [2023-06-16T13:55:32.037+0700] {dagbag.py:541} INFO - Filling up the DagBag from /Library/Frameworks/Python.framework/Versions/3.11/lib/python3.11/site-packages/airflow/example_dags/example_latest_only.py
[2023-06-16T13:55:32.057+0700] {processor.py:836} INFO - DAG(s) dict_keys(['latest_only']) retrieved from /Library/Frameworks/Python.framework/Versions/3.11/lib/python3.11/site-packages/airflow/example_dags/example_latest_only.py
[2023-06-16T13:55:33.108+0700] {logging_mixin.py:149} INFO - [2023-06-16T13:55:33.108+0700] {dag.py:2726} INFO - Sync 1 DAGs
[2023-06-16T13:55:33.126+0700] {logging_mixin.py:149} INFO - [2023-06-16T13:55:33.125+0700] {dag.py:3486} INFO - Setting next_dagrun for latest_only to 2023-06-16T02:55:33.125709+00:00, run_after=2023-06-16T06:55:33.125709+00:00
[2023-06-16T13:55:33.146+0700] {processor.py:179} INFO - Processing /Library/Frameworks/Python.framework/Versions/3.11/lib/python3.11/site-packages/airflow/example_dags/example_latest_only.py took 1.112 seconds
[2023-06-16T13:58:21.586+0700] {processor.py:157} INFO - Started process (PID=13300) to work on /Library/Frameworks/Python.framework/Versions/3.11/lib/python3.11/site-packages/airflow/example_dags/example_latest_only.py
[2023-06-16T13:58:21.587+0700] {processor.py:826} INFO - Processing file /Library/Frameworks/Python.framework/Versions/3.11/lib/python3.11/site-packages/airflow/example_dags/example_latest_only.py for tasks to queue
[2023-06-16T13:58:21.587+0700] {logging_mixin.py:149} INFO - [2023-06-16T13:58:21.587+0700] {dagbag.py:541} INFO - Filling up the DagBag from /Library/Frameworks/Python.framework/Versions/3.11/lib/python3.11/site-packages/airflow/example_dags/example_latest_only.py
[2023-06-16T13:58:21.610+0700] {processor.py:836} INFO - DAG(s) dict_keys(['latest_only']) retrieved from /Library/Frameworks/Python.framework/Versions/3.11/lib/python3.11/site-packages/airflow/example_dags/example_latest_only.py
[2023-06-16T13:58:22.860+0700] {logging_mixin.py:149} INFO - [2023-06-16T13:58:22.860+0700] {dag.py:2726} INFO - Sync 1 DAGs
[2023-06-16T13:58:22.887+0700] {logging_mixin.py:149} INFO - [2023-06-16T13:58:22.887+0700] {dag.py:3486} INFO - Setting next_dagrun for latest_only to 2023-06-16T02:58:22.887636+00:00, run_after=2023-06-16T06:58:22.887636+00:00
[2023-06-16T13:58:22.909+0700] {processor.py:179} INFO - Processing /Library/Frameworks/Python.framework/Versions/3.11/lib/python3.11/site-packages/airflow/example_dags/example_latest_only.py took 1.323 seconds
[2023-06-16T14:01:02.709+0700] {processor.py:157} INFO - Started process (PID=13593) to work on /Library/Frameworks/Python.framework/Versions/3.11/lib/python3.11/site-packages/airflow/example_dags/example_latest_only.py
[2023-06-16T14:01:02.709+0700] {processor.py:826} INFO - Processing file /Library/Frameworks/Python.framework/Versions/3.11/lib/python3.11/site-packages/airflow/example_dags/example_latest_only.py for tasks to queue
[2023-06-16T14:01:02.710+0700] {logging_mixin.py:149} INFO - [2023-06-16T14:01:02.710+0700] {dagbag.py:541} INFO - Filling up the DagBag from /Library/Frameworks/Python.framework/Versions/3.11/lib/python3.11/site-packages/airflow/example_dags/example_latest_only.py
[2023-06-16T14:01:02.735+0700] {processor.py:836} INFO - DAG(s) dict_keys(['latest_only']) retrieved from /Library/Frameworks/Python.framework/Versions/3.11/lib/python3.11/site-packages/airflow/example_dags/example_latest_only.py
[2023-06-16T14:01:04.039+0700] {logging_mixin.py:149} INFO - [2023-06-16T14:01:04.039+0700] {dag.py:2726} INFO - Sync 1 DAGs
[2023-06-16T14:01:04.067+0700] {logging_mixin.py:149} INFO - [2023-06-16T14:01:04.066+0700] {dag.py:3486} INFO - Setting next_dagrun for latest_only to 2023-06-16T03:01:04.066756+00:00, run_after=2023-06-16T07:01:04.066756+00:00
[2023-06-16T14:01:04.091+0700] {processor.py:179} INFO - Processing /Library/Frameworks/Python.framework/Versions/3.11/lib/python3.11/site-packages/airflow/example_dags/example_latest_only.py took 1.382 seconds
[2023-06-16T14:06:10.343+0700] {processor.py:157} INFO - Started process (PID=14319) to work on /Library/Frameworks/Python.framework/Versions/3.11/lib/python3.11/site-packages/airflow/example_dags/example_latest_only.py
[2023-06-16T14:06:10.345+0700] {processor.py:826} INFO - Processing file /Library/Frameworks/Python.framework/Versions/3.11/lib/python3.11/site-packages/airflow/example_dags/example_latest_only.py for tasks to queue
[2023-06-16T14:06:10.345+0700] {logging_mixin.py:149} INFO - [2023-06-16T14:06:10.345+0700] {dagbag.py:541} INFO - Filling up the DagBag from /Library/Frameworks/Python.framework/Versions/3.11/lib/python3.11/site-packages/airflow/example_dags/example_latest_only.py
[2023-06-16T14:06:10.371+0700] {processor.py:836} INFO - DAG(s) dict_keys(['latest_only']) retrieved from /Library/Frameworks/Python.framework/Versions/3.11/lib/python3.11/site-packages/airflow/example_dags/example_latest_only.py
[2023-06-16T14:06:11.603+0700] {logging_mixin.py:149} INFO - [2023-06-16T14:06:11.602+0700] {dag.py:2726} INFO - Sync 1 DAGs
[2023-06-16T14:06:11.634+0700] {logging_mixin.py:149} INFO - [2023-06-16T14:06:11.634+0700] {dag.py:3486} INFO - Setting next_dagrun for latest_only to 2023-06-16T03:06:11.633896+00:00, run_after=2023-06-16T07:06:11.633896+00:00
[2023-06-16T14:06:11.657+0700] {processor.py:179} INFO - Processing /Library/Frameworks/Python.framework/Versions/3.11/lib/python3.11/site-packages/airflow/example_dags/example_latest_only.py took 1.315 seconds
