[2023-06-16T18:46:42.421+0000] {processor.py:157} INFO - Started process (PID=290) to work on /home/airflow/.local/lib/python3.7/site-packages/airflow/example_dags/example_complex.py
[2023-06-16T18:46:42.425+0000] {processor.py:826} INFO - Processing file /home/airflow/.local/lib/python3.7/site-packages/airflow/example_dags/example_complex.py for tasks to queue
[2023-06-16T18:46:42.430+0000] {logging_mixin.py:149} INFO - [2023-06-16T18:46:42.429+0000] {dagbag.py:541} INFO - Filling up the DagBag from /home/airflow/.local/lib/python3.7/site-packages/airflow/example_dags/example_complex.py
[2023-06-16T18:46:42.470+0000] {logging_mixin.py:149} INFO - [2023-06-16T18:46:42.469+0000] {taskmixin.py:211} WARNING - Dependency <Task(BashOperator): create_entry_group>, delete_entry_group already registered for DAG: example_complex
[2023-06-16T18:46:42.474+0000] {logging_mixin.py:149} INFO - [2023-06-16T18:46:42.473+0000] {taskmixin.py:211} WARNING - Dependency <Task(BashOperator): delete_entry_group>, create_entry_group already registered for DAG: example_complex
[2023-06-16T18:46:42.479+0000] {logging_mixin.py:149} INFO - [2023-06-16T18:46:42.479+0000] {taskmixin.py:211} WARNING - Dependency <Task(BashOperator): create_entry_gcs>, delete_entry already registered for DAG: example_complex
[2023-06-16T18:46:42.482+0000] {logging_mixin.py:149} INFO - [2023-06-16T18:46:42.481+0000] {taskmixin.py:211} WARNING - Dependency <Task(BashOperator): delete_entry>, create_entry_gcs already registered for DAG: example_complex
[2023-06-16T18:46:42.488+0000] {logging_mixin.py:149} INFO - [2023-06-16T18:46:42.487+0000] {taskmixin.py:211} WARNING - Dependency <Task(BashOperator): create_tag>, delete_tag already registered for DAG: example_complex
[2023-06-16T18:46:42.495+0000] {logging_mixin.py:149} INFO - [2023-06-16T18:46:42.495+0000] {taskmixin.py:211} WARNING - Dependency <Task(BashOperator): delete_tag>, create_tag already registered for DAG: example_complex
[2023-06-16T18:46:42.505+0000] {processor.py:836} INFO - DAG(s) dict_keys(['example_complex']) retrieved from /home/airflow/.local/lib/python3.7/site-packages/airflow/example_dags/example_complex.py
[2023-06-16T18:46:42.603+0000] {logging_mixin.py:149} INFO - [2023-06-16T18:46:42.603+0000] {dag.py:2726} INFO - Sync 1 DAGs
[2023-06-16T18:46:42.669+0000] {logging_mixin.py:149} INFO - [2023-06-16T18:46:42.668+0000] {dag.py:3490} INFO - Setting next_dagrun for example_complex to None, run_after=None
[2023-06-16T18:46:42.732+0000] {processor.py:179} INFO - Processing /home/airflow/.local/lib/python3.7/site-packages/airflow/example_dags/example_complex.py took 0.322 seconds
[2023-06-16T18:47:13.142+0000] {processor.py:157} INFO - Started process (PID=346) to work on /home/airflow/.local/lib/python3.7/site-packages/airflow/example_dags/example_complex.py
[2023-06-16T18:47:13.146+0000] {processor.py:826} INFO - Processing file /home/airflow/.local/lib/python3.7/site-packages/airflow/example_dags/example_complex.py for tasks to queue
[2023-06-16T18:47:13.150+0000] {logging_mixin.py:149} INFO - [2023-06-16T18:47:13.150+0000] {dagbag.py:541} INFO - Filling up the DagBag from /home/airflow/.local/lib/python3.7/site-packages/airflow/example_dags/example_complex.py
[2023-06-16T18:47:13.191+0000] {logging_mixin.py:149} INFO - [2023-06-16T18:47:13.191+0000] {taskmixin.py:211} WARNING - Dependency <Task(BashOperator): create_entry_group>, delete_entry_group already registered for DAG: example_complex
[2023-06-16T18:47:13.196+0000] {logging_mixin.py:149} INFO - [2023-06-16T18:47:13.196+0000] {taskmixin.py:211} WARNING - Dependency <Task(BashOperator): delete_entry_group>, create_entry_group already registered for DAG: example_complex
[2023-06-16T18:47:13.199+0000] {logging_mixin.py:149} INFO - [2023-06-16T18:47:13.198+0000] {taskmixin.py:211} WARNING - Dependency <Task(BashOperator): create_entry_gcs>, delete_entry already registered for DAG: example_complex
[2023-06-16T18:47:13.205+0000] {logging_mixin.py:149} INFO - [2023-06-16T18:47:13.204+0000] {taskmixin.py:211} WARNING - Dependency <Task(BashOperator): delete_entry>, create_entry_gcs already registered for DAG: example_complex
[2023-06-16T18:47:13.219+0000] {logging_mixin.py:149} INFO - [2023-06-16T18:47:13.219+0000] {taskmixin.py:211} WARNING - Dependency <Task(BashOperator): create_tag>, delete_tag already registered for DAG: example_complex
[2023-06-16T18:47:13.224+0000] {logging_mixin.py:149} INFO - [2023-06-16T18:47:13.224+0000] {taskmixin.py:211} WARNING - Dependency <Task(BashOperator): delete_tag>, create_tag already registered for DAG: example_complex
[2023-06-16T18:47:13.234+0000] {processor.py:836} INFO - DAG(s) dict_keys(['example_complex']) retrieved from /home/airflow/.local/lib/python3.7/site-packages/airflow/example_dags/example_complex.py
[2023-06-16T18:47:13.366+0000] {logging_mixin.py:149} INFO - [2023-06-16T18:47:13.366+0000] {dag.py:2726} INFO - Sync 1 DAGs
[2023-06-16T18:47:13.421+0000] {logging_mixin.py:149} INFO - [2023-06-16T18:47:13.420+0000] {dag.py:3490} INFO - Setting next_dagrun for example_complex to None, run_after=None
[2023-06-16T18:47:13.472+0000] {processor.py:179} INFO - Processing /home/airflow/.local/lib/python3.7/site-packages/airflow/example_dags/example_complex.py took 0.340 seconds
[2023-06-16T18:47:43.894+0000] {processor.py:157} INFO - Started process (PID=410) to work on /home/airflow/.local/lib/python3.7/site-packages/airflow/example_dags/example_complex.py
[2023-06-16T18:47:43.900+0000] {processor.py:826} INFO - Processing file /home/airflow/.local/lib/python3.7/site-packages/airflow/example_dags/example_complex.py for tasks to queue
[2023-06-16T18:47:43.903+0000] {logging_mixin.py:149} INFO - [2023-06-16T18:47:43.903+0000] {dagbag.py:541} INFO - Filling up the DagBag from /home/airflow/.local/lib/python3.7/site-packages/airflow/example_dags/example_complex.py
[2023-06-16T18:47:43.935+0000] {logging_mixin.py:149} INFO - [2023-06-16T18:47:43.934+0000] {taskmixin.py:211} WARNING - Dependency <Task(BashOperator): create_entry_group>, delete_entry_group already registered for DAG: example_complex
[2023-06-16T18:47:43.938+0000] {logging_mixin.py:149} INFO - [2023-06-16T18:47:43.937+0000] {taskmixin.py:211} WARNING - Dependency <Task(BashOperator): delete_entry_group>, create_entry_group already registered for DAG: example_complex
[2023-06-16T18:47:43.941+0000] {logging_mixin.py:149} INFO - [2023-06-16T18:47:43.941+0000] {taskmixin.py:211} WARNING - Dependency <Task(BashOperator): create_entry_gcs>, delete_entry already registered for DAG: example_complex
[2023-06-16T18:47:43.943+0000] {logging_mixin.py:149} INFO - [2023-06-16T18:47:43.943+0000] {taskmixin.py:211} WARNING - Dependency <Task(BashOperator): delete_entry>, create_entry_gcs already registered for DAG: example_complex
[2023-06-16T18:47:43.946+0000] {logging_mixin.py:149} INFO - [2023-06-16T18:47:43.945+0000] {taskmixin.py:211} WARNING - Dependency <Task(BashOperator): create_tag>, delete_tag already registered for DAG: example_complex
[2023-06-16T18:47:43.949+0000] {logging_mixin.py:149} INFO - [2023-06-16T18:47:43.949+0000] {taskmixin.py:211} WARNING - Dependency <Task(BashOperator): delete_tag>, create_tag already registered for DAG: example_complex
[2023-06-16T18:47:43.955+0000] {processor.py:836} INFO - DAG(s) dict_keys(['example_complex']) retrieved from /home/airflow/.local/lib/python3.7/site-packages/airflow/example_dags/example_complex.py
[2023-06-16T18:47:44.070+0000] {logging_mixin.py:149} INFO - [2023-06-16T18:47:44.070+0000] {dag.py:2726} INFO - Sync 1 DAGs
[2023-06-16T18:47:44.141+0000] {logging_mixin.py:149} INFO - [2023-06-16T18:47:44.140+0000] {dag.py:3490} INFO - Setting next_dagrun for example_complex to None, run_after=None
[2023-06-16T18:47:44.188+0000] {processor.py:179} INFO - Processing /home/airflow/.local/lib/python3.7/site-packages/airflow/example_dags/example_complex.py took 0.302 seconds
[2023-06-16T18:48:14.783+0000] {processor.py:157} INFO - Started process (PID=467) to work on /home/airflow/.local/lib/python3.7/site-packages/airflow/example_dags/example_complex.py
[2023-06-16T18:48:14.787+0000] {processor.py:826} INFO - Processing file /home/airflow/.local/lib/python3.7/site-packages/airflow/example_dags/example_complex.py for tasks to queue
[2023-06-16T18:48:14.792+0000] {logging_mixin.py:149} INFO - [2023-06-16T18:48:14.791+0000] {dagbag.py:541} INFO - Filling up the DagBag from /home/airflow/.local/lib/python3.7/site-packages/airflow/example_dags/example_complex.py
[2023-06-16T18:48:14.821+0000] {logging_mixin.py:149} INFO - [2023-06-16T18:48:14.820+0000] {taskmixin.py:211} WARNING - Dependency <Task(BashOperator): create_entry_group>, delete_entry_group already registered for DAG: example_complex
[2023-06-16T18:48:14.824+0000] {logging_mixin.py:149} INFO - [2023-06-16T18:48:14.824+0000] {taskmixin.py:211} WARNING - Dependency <Task(BashOperator): delete_entry_group>, create_entry_group already registered for DAG: example_complex
[2023-06-16T18:48:14.827+0000] {logging_mixin.py:149} INFO - [2023-06-16T18:48:14.826+0000] {taskmixin.py:211} WARNING - Dependency <Task(BashOperator): create_entry_gcs>, delete_entry already registered for DAG: example_complex
[2023-06-16T18:48:14.830+0000] {logging_mixin.py:149} INFO - [2023-06-16T18:48:14.829+0000] {taskmixin.py:211} WARNING - Dependency <Task(BashOperator): delete_entry>, create_entry_gcs already registered for DAG: example_complex
[2023-06-16T18:48:14.833+0000] {logging_mixin.py:149} INFO - [2023-06-16T18:48:14.832+0000] {taskmixin.py:211} WARNING - Dependency <Task(BashOperator): create_tag>, delete_tag already registered for DAG: example_complex
[2023-06-16T18:48:14.835+0000] {logging_mixin.py:149} INFO - [2023-06-16T18:48:14.834+0000] {taskmixin.py:211} WARNING - Dependency <Task(BashOperator): delete_tag>, create_tag already registered for DAG: example_complex
[2023-06-16T18:48:14.841+0000] {processor.py:836} INFO - DAG(s) dict_keys(['example_complex']) retrieved from /home/airflow/.local/lib/python3.7/site-packages/airflow/example_dags/example_complex.py
[2023-06-16T18:48:14.925+0000] {logging_mixin.py:149} INFO - [2023-06-16T18:48:14.925+0000] {dag.py:2726} INFO - Sync 1 DAGs
[2023-06-16T18:48:14.993+0000] {logging_mixin.py:149} INFO - [2023-06-16T18:48:14.993+0000] {dag.py:3490} INFO - Setting next_dagrun for example_complex to None, run_after=None
[2023-06-16T18:48:15.033+0000] {processor.py:179} INFO - Processing /home/airflow/.local/lib/python3.7/site-packages/airflow/example_dags/example_complex.py took 0.259 seconds
[2023-06-16T18:48:45.168+0000] {processor.py:157} INFO - Started process (PID=524) to work on /home/airflow/.local/lib/python3.7/site-packages/airflow/example_dags/example_complex.py
[2023-06-16T18:48:45.174+0000] {processor.py:826} INFO - Processing file /home/airflow/.local/lib/python3.7/site-packages/airflow/example_dags/example_complex.py for tasks to queue
[2023-06-16T18:48:45.178+0000] {logging_mixin.py:149} INFO - [2023-06-16T18:48:45.178+0000] {dagbag.py:541} INFO - Filling up the DagBag from /home/airflow/.local/lib/python3.7/site-packages/airflow/example_dags/example_complex.py
[2023-06-16T18:48:45.209+0000] {logging_mixin.py:149} INFO - [2023-06-16T18:48:45.208+0000] {taskmixin.py:211} WARNING - Dependency <Task(BashOperator): create_entry_group>, delete_entry_group already registered for DAG: example_complex
[2023-06-16T18:48:45.211+0000] {logging_mixin.py:149} INFO - [2023-06-16T18:48:45.211+0000] {taskmixin.py:211} WARNING - Dependency <Task(BashOperator): delete_entry_group>, create_entry_group already registered for DAG: example_complex
[2023-06-16T18:48:45.214+0000] {logging_mixin.py:149} INFO - [2023-06-16T18:48:45.214+0000] {taskmixin.py:211} WARNING - Dependency <Task(BashOperator): create_entry_gcs>, delete_entry already registered for DAG: example_complex
[2023-06-16T18:48:45.217+0000] {logging_mixin.py:149} INFO - [2023-06-16T18:48:45.216+0000] {taskmixin.py:211} WARNING - Dependency <Task(BashOperator): delete_entry>, create_entry_gcs already registered for DAG: example_complex
[2023-06-16T18:48:45.220+0000] {logging_mixin.py:149} INFO - [2023-06-16T18:48:45.219+0000] {taskmixin.py:211} WARNING - Dependency <Task(BashOperator): create_tag>, delete_tag already registered for DAG: example_complex
[2023-06-16T18:48:45.225+0000] {logging_mixin.py:149} INFO - [2023-06-16T18:48:45.225+0000] {taskmixin.py:211} WARNING - Dependency <Task(BashOperator): delete_tag>, create_tag already registered for DAG: example_complex
[2023-06-16T18:48:45.233+0000] {processor.py:836} INFO - DAG(s) dict_keys(['example_complex']) retrieved from /home/airflow/.local/lib/python3.7/site-packages/airflow/example_dags/example_complex.py
[2023-06-16T18:48:45.338+0000] {logging_mixin.py:149} INFO - [2023-06-16T18:48:45.338+0000] {dag.py:2726} INFO - Sync 1 DAGs
[2023-06-16T18:48:45.412+0000] {logging_mixin.py:149} INFO - [2023-06-16T18:48:45.412+0000] {dag.py:3490} INFO - Setting next_dagrun for example_complex to None, run_after=None
[2023-06-16T18:48:45.460+0000] {processor.py:179} INFO - Processing /home/airflow/.local/lib/python3.7/site-packages/airflow/example_dags/example_complex.py took 0.302 seconds
[2023-06-16T18:49:15.918+0000] {processor.py:157} INFO - Started process (PID=581) to work on /home/airflow/.local/lib/python3.7/site-packages/airflow/example_dags/example_complex.py
[2023-06-16T18:49:15.921+0000] {processor.py:826} INFO - Processing file /home/airflow/.local/lib/python3.7/site-packages/airflow/example_dags/example_complex.py for tasks to queue
[2023-06-16T18:49:15.926+0000] {logging_mixin.py:149} INFO - [2023-06-16T18:49:15.925+0000] {dagbag.py:541} INFO - Filling up the DagBag from /home/airflow/.local/lib/python3.7/site-packages/airflow/example_dags/example_complex.py
[2023-06-16T18:49:15.962+0000] {logging_mixin.py:149} INFO - [2023-06-16T18:49:15.962+0000] {taskmixin.py:211} WARNING - Dependency <Task(BashOperator): create_entry_group>, delete_entry_group already registered for DAG: example_complex
[2023-06-16T18:49:15.966+0000] {logging_mixin.py:149} INFO - [2023-06-16T18:49:15.965+0000] {taskmixin.py:211} WARNING - Dependency <Task(BashOperator): delete_entry_group>, create_entry_group already registered for DAG: example_complex
[2023-06-16T18:49:15.969+0000] {logging_mixin.py:149} INFO - [2023-06-16T18:49:15.969+0000] {taskmixin.py:211} WARNING - Dependency <Task(BashOperator): create_entry_gcs>, delete_entry already registered for DAG: example_complex
[2023-06-16T18:49:15.971+0000] {logging_mixin.py:149} INFO - [2023-06-16T18:49:15.971+0000] {taskmixin.py:211} WARNING - Dependency <Task(BashOperator): delete_entry>, create_entry_gcs already registered for DAG: example_complex
[2023-06-16T18:49:15.975+0000] {logging_mixin.py:149} INFO - [2023-06-16T18:49:15.975+0000] {taskmixin.py:211} WARNING - Dependency <Task(BashOperator): create_tag>, delete_tag already registered for DAG: example_complex
[2023-06-16T18:49:15.977+0000] {logging_mixin.py:149} INFO - [2023-06-16T18:49:15.976+0000] {taskmixin.py:211} WARNING - Dependency <Task(BashOperator): delete_tag>, create_tag already registered for DAG: example_complex
[2023-06-16T18:49:15.985+0000] {processor.py:836} INFO - DAG(s) dict_keys(['example_complex']) retrieved from /home/airflow/.local/lib/python3.7/site-packages/airflow/example_dags/example_complex.py
[2023-06-16T18:49:16.104+0000] {logging_mixin.py:149} INFO - [2023-06-16T18:49:16.103+0000] {dag.py:2726} INFO - Sync 1 DAGs
[2023-06-16T18:49:16.165+0000] {logging_mixin.py:149} INFO - [2023-06-16T18:49:16.165+0000] {dag.py:3490} INFO - Setting next_dagrun for example_complex to None, run_after=None
[2023-06-16T18:49:16.210+0000] {processor.py:179} INFO - Processing /home/airflow/.local/lib/python3.7/site-packages/airflow/example_dags/example_complex.py took 0.301 seconds
[2023-06-16T18:49:47.643+0000] {processor.py:157} INFO - Started process (PID=637) to work on /home/airflow/.local/lib/python3.7/site-packages/airflow/example_dags/example_complex.py
[2023-06-16T18:49:47.648+0000] {processor.py:826} INFO - Processing file /home/airflow/.local/lib/python3.7/site-packages/airflow/example_dags/example_complex.py for tasks to queue
[2023-06-16T18:49:47.653+0000] {logging_mixin.py:149} INFO - [2023-06-16T18:49:47.653+0000] {dagbag.py:541} INFO - Filling up the DagBag from /home/airflow/.local/lib/python3.7/site-packages/airflow/example_dags/example_complex.py
[2023-06-16T18:49:47.686+0000] {logging_mixin.py:149} INFO - [2023-06-16T18:49:47.686+0000] {taskmixin.py:211} WARNING - Dependency <Task(BashOperator): create_entry_group>, delete_entry_group already registered for DAG: example_complex
[2023-06-16T18:49:47.694+0000] {logging_mixin.py:149} INFO - [2023-06-16T18:49:47.694+0000] {taskmixin.py:211} WARNING - Dependency <Task(BashOperator): delete_entry_group>, create_entry_group already registered for DAG: example_complex
[2023-06-16T18:49:47.698+0000] {logging_mixin.py:149} INFO - [2023-06-16T18:49:47.698+0000] {taskmixin.py:211} WARNING - Dependency <Task(BashOperator): create_entry_gcs>, delete_entry already registered for DAG: example_complex
[2023-06-16T18:49:47.702+0000] {logging_mixin.py:149} INFO - [2023-06-16T18:49:47.702+0000] {taskmixin.py:211} WARNING - Dependency <Task(BashOperator): delete_entry>, create_entry_gcs already registered for DAG: example_complex
[2023-06-16T18:49:47.707+0000] {logging_mixin.py:149} INFO - [2023-06-16T18:49:47.706+0000] {taskmixin.py:211} WARNING - Dependency <Task(BashOperator): create_tag>, delete_tag already registered for DAG: example_complex
[2023-06-16T18:49:47.712+0000] {logging_mixin.py:149} INFO - [2023-06-16T18:49:47.712+0000] {taskmixin.py:211} WARNING - Dependency <Task(BashOperator): delete_tag>, create_tag already registered for DAG: example_complex
[2023-06-16T18:49:47.723+0000] {processor.py:836} INFO - DAG(s) dict_keys(['example_complex']) retrieved from /home/airflow/.local/lib/python3.7/site-packages/airflow/example_dags/example_complex.py
[2023-06-16T18:49:47.838+0000] {logging_mixin.py:149} INFO - [2023-06-16T18:49:47.838+0000] {dag.py:2726} INFO - Sync 1 DAGs
[2023-06-16T18:49:47.906+0000] {logging_mixin.py:149} INFO - [2023-06-16T18:49:47.906+0000] {dag.py:3490} INFO - Setting next_dagrun for example_complex to None, run_after=None
[2023-06-16T18:49:47.950+0000] {processor.py:179} INFO - Processing /home/airflow/.local/lib/python3.7/site-packages/airflow/example_dags/example_complex.py took 0.317 seconds
[2023-06-16T18:50:18.139+0000] {processor.py:157} INFO - Started process (PID=694) to work on /home/airflow/.local/lib/python3.7/site-packages/airflow/example_dags/example_complex.py
[2023-06-16T18:50:18.143+0000] {processor.py:826} INFO - Processing file /home/airflow/.local/lib/python3.7/site-packages/airflow/example_dags/example_complex.py for tasks to queue
[2023-06-16T18:50:18.146+0000] {logging_mixin.py:149} INFO - [2023-06-16T18:50:18.146+0000] {dagbag.py:541} INFO - Filling up the DagBag from /home/airflow/.local/lib/python3.7/site-packages/airflow/example_dags/example_complex.py
[2023-06-16T18:50:18.181+0000] {logging_mixin.py:149} INFO - [2023-06-16T18:50:18.180+0000] {taskmixin.py:211} WARNING - Dependency <Task(BashOperator): create_entry_group>, delete_entry_group already registered for DAG: example_complex
[2023-06-16T18:50:18.183+0000] {logging_mixin.py:149} INFO - [2023-06-16T18:50:18.183+0000] {taskmixin.py:211} WARNING - Dependency <Task(BashOperator): delete_entry_group>, create_entry_group already registered for DAG: example_complex
[2023-06-16T18:50:18.185+0000] {logging_mixin.py:149} INFO - [2023-06-16T18:50:18.185+0000] {taskmixin.py:211} WARNING - Dependency <Task(BashOperator): create_entry_gcs>, delete_entry already registered for DAG: example_complex
[2023-06-16T18:50:18.189+0000] {logging_mixin.py:149} INFO - [2023-06-16T18:50:18.188+0000] {taskmixin.py:211} WARNING - Dependency <Task(BashOperator): delete_entry>, create_entry_gcs already registered for DAG: example_complex
[2023-06-16T18:50:18.192+0000] {logging_mixin.py:149} INFO - [2023-06-16T18:50:18.192+0000] {taskmixin.py:211} WARNING - Dependency <Task(BashOperator): create_tag>, delete_tag already registered for DAG: example_complex
[2023-06-16T18:50:18.194+0000] {logging_mixin.py:149} INFO - [2023-06-16T18:50:18.194+0000] {taskmixin.py:211} WARNING - Dependency <Task(BashOperator): delete_tag>, create_tag already registered for DAG: example_complex
[2023-06-16T18:50:18.203+0000] {processor.py:836} INFO - DAG(s) dict_keys(['example_complex']) retrieved from /home/airflow/.local/lib/python3.7/site-packages/airflow/example_dags/example_complex.py
[2023-06-16T18:50:18.290+0000] {logging_mixin.py:149} INFO - [2023-06-16T18:50:18.290+0000] {dag.py:2726} INFO - Sync 1 DAGs
[2023-06-16T18:50:18.350+0000] {logging_mixin.py:149} INFO - [2023-06-16T18:50:18.350+0000] {dag.py:3490} INFO - Setting next_dagrun for example_complex to None, run_after=None
[2023-06-16T18:50:18.397+0000] {processor.py:179} INFO - Processing /home/airflow/.local/lib/python3.7/site-packages/airflow/example_dags/example_complex.py took 0.269 seconds
[2023-06-16T18:50:48.486+0000] {processor.py:157} INFO - Started process (PID=752) to work on /home/airflow/.local/lib/python3.7/site-packages/airflow/example_dags/example_complex.py
[2023-06-16T18:50:48.490+0000] {processor.py:826} INFO - Processing file /home/airflow/.local/lib/python3.7/site-packages/airflow/example_dags/example_complex.py for tasks to queue
[2023-06-16T18:50:48.494+0000] {logging_mixin.py:149} INFO - [2023-06-16T18:50:48.494+0000] {dagbag.py:541} INFO - Filling up the DagBag from /home/airflow/.local/lib/python3.7/site-packages/airflow/example_dags/example_complex.py
[2023-06-16T18:50:48.527+0000] {logging_mixin.py:149} INFO - [2023-06-16T18:50:48.526+0000] {taskmixin.py:211} WARNING - Dependency <Task(BashOperator): create_entry_group>, delete_entry_group already registered for DAG: example_complex
[2023-06-16T18:50:48.530+0000] {logging_mixin.py:149} INFO - [2023-06-16T18:50:48.529+0000] {taskmixin.py:211} WARNING - Dependency <Task(BashOperator): delete_entry_group>, create_entry_group already registered for DAG: example_complex
[2023-06-16T18:50:48.533+0000] {logging_mixin.py:149} INFO - [2023-06-16T18:50:48.533+0000] {taskmixin.py:211} WARNING - Dependency <Task(BashOperator): create_entry_gcs>, delete_entry already registered for DAG: example_complex
[2023-06-16T18:50:48.536+0000] {logging_mixin.py:149} INFO - [2023-06-16T18:50:48.536+0000] {taskmixin.py:211} WARNING - Dependency <Task(BashOperator): delete_entry>, create_entry_gcs already registered for DAG: example_complex
[2023-06-16T18:50:48.540+0000] {logging_mixin.py:149} INFO - [2023-06-16T18:50:48.539+0000] {taskmixin.py:211} WARNING - Dependency <Task(BashOperator): create_tag>, delete_tag already registered for DAG: example_complex
[2023-06-16T18:50:48.543+0000] {logging_mixin.py:149} INFO - [2023-06-16T18:50:48.542+0000] {taskmixin.py:211} WARNING - Dependency <Task(BashOperator): delete_tag>, create_tag already registered for DAG: example_complex
[2023-06-16T18:50:48.549+0000] {processor.py:836} INFO - DAG(s) dict_keys(['example_complex']) retrieved from /home/airflow/.local/lib/python3.7/site-packages/airflow/example_dags/example_complex.py
[2023-06-16T18:50:48.657+0000] {logging_mixin.py:149} INFO - [2023-06-16T18:50:48.657+0000] {dag.py:2726} INFO - Sync 1 DAGs
[2023-06-16T18:50:48.743+0000] {logging_mixin.py:149} INFO - [2023-06-16T18:50:48.742+0000] {dag.py:3490} INFO - Setting next_dagrun for example_complex to None, run_after=None
[2023-06-16T18:50:48.796+0000] {processor.py:179} INFO - Processing /home/airflow/.local/lib/python3.7/site-packages/airflow/example_dags/example_complex.py took 0.319 seconds
[2023-06-16T18:51:19.260+0000] {processor.py:157} INFO - Started process (PID=809) to work on /home/airflow/.local/lib/python3.7/site-packages/airflow/example_dags/example_complex.py
[2023-06-16T18:51:19.264+0000] {processor.py:826} INFO - Processing file /home/airflow/.local/lib/python3.7/site-packages/airflow/example_dags/example_complex.py for tasks to queue
[2023-06-16T18:51:19.268+0000] {logging_mixin.py:149} INFO - [2023-06-16T18:51:19.267+0000] {dagbag.py:541} INFO - Filling up the DagBag from /home/airflow/.local/lib/python3.7/site-packages/airflow/example_dags/example_complex.py
[2023-06-16T18:51:19.298+0000] {logging_mixin.py:149} INFO - [2023-06-16T18:51:19.296+0000] {taskmixin.py:211} WARNING - Dependency <Task(BashOperator): create_entry_group>, delete_entry_group already registered for DAG: example_complex
[2023-06-16T18:51:19.304+0000] {logging_mixin.py:149} INFO - [2023-06-16T18:51:19.304+0000] {taskmixin.py:211} WARNING - Dependency <Task(BashOperator): delete_entry_group>, create_entry_group already registered for DAG: example_complex
[2023-06-16T18:51:19.308+0000] {logging_mixin.py:149} INFO - [2023-06-16T18:51:19.307+0000] {taskmixin.py:211} WARNING - Dependency <Task(BashOperator): create_entry_gcs>, delete_entry already registered for DAG: example_complex
[2023-06-16T18:51:19.311+0000] {logging_mixin.py:149} INFO - [2023-06-16T18:51:19.310+0000] {taskmixin.py:211} WARNING - Dependency <Task(BashOperator): delete_entry>, create_entry_gcs already registered for DAG: example_complex
[2023-06-16T18:51:19.314+0000] {logging_mixin.py:149} INFO - [2023-06-16T18:51:19.314+0000] {taskmixin.py:211} WARNING - Dependency <Task(BashOperator): create_tag>, delete_tag already registered for DAG: example_complex
[2023-06-16T18:51:19.316+0000] {logging_mixin.py:149} INFO - [2023-06-16T18:51:19.316+0000] {taskmixin.py:211} WARNING - Dependency <Task(BashOperator): delete_tag>, create_tag already registered for DAG: example_complex
[2023-06-16T18:51:19.321+0000] {processor.py:836} INFO - DAG(s) dict_keys(['example_complex']) retrieved from /home/airflow/.local/lib/python3.7/site-packages/airflow/example_dags/example_complex.py
[2023-06-16T18:51:19.424+0000] {logging_mixin.py:149} INFO - [2023-06-16T18:51:19.424+0000] {dag.py:2726} INFO - Sync 1 DAGs
[2023-06-16T18:51:19.506+0000] {logging_mixin.py:149} INFO - [2023-06-16T18:51:19.505+0000] {dag.py:3490} INFO - Setting next_dagrun for example_complex to None, run_after=None
[2023-06-16T18:51:19.549+0000] {processor.py:179} INFO - Processing /home/airflow/.local/lib/python3.7/site-packages/airflow/example_dags/example_complex.py took 0.297 seconds
[2023-06-16T18:51:49.988+0000] {processor.py:157} INFO - Started process (PID=868) to work on /home/airflow/.local/lib/python3.7/site-packages/airflow/example_dags/example_complex.py
[2023-06-16T18:51:49.992+0000] {processor.py:826} INFO - Processing file /home/airflow/.local/lib/python3.7/site-packages/airflow/example_dags/example_complex.py for tasks to queue
[2023-06-16T18:51:49.996+0000] {logging_mixin.py:149} INFO - [2023-06-16T18:51:49.996+0000] {dagbag.py:541} INFO - Filling up the DagBag from /home/airflow/.local/lib/python3.7/site-packages/airflow/example_dags/example_complex.py
[2023-06-16T18:51:50.025+0000] {logging_mixin.py:149} INFO - [2023-06-16T18:51:50.025+0000] {taskmixin.py:211} WARNING - Dependency <Task(BashOperator): create_entry_group>, delete_entry_group already registered for DAG: example_complex
[2023-06-16T18:51:50.028+0000] {logging_mixin.py:149} INFO - [2023-06-16T18:51:50.027+0000] {taskmixin.py:211} WARNING - Dependency <Task(BashOperator): delete_entry_group>, create_entry_group already registered for DAG: example_complex
[2023-06-16T18:51:50.031+0000] {logging_mixin.py:149} INFO - [2023-06-16T18:51:50.031+0000] {taskmixin.py:211} WARNING - Dependency <Task(BashOperator): create_entry_gcs>, delete_entry already registered for DAG: example_complex
[2023-06-16T18:51:50.034+0000] {logging_mixin.py:149} INFO - [2023-06-16T18:51:50.034+0000] {taskmixin.py:211} WARNING - Dependency <Task(BashOperator): delete_entry>, create_entry_gcs already registered for DAG: example_complex
[2023-06-16T18:51:50.037+0000] {logging_mixin.py:149} INFO - [2023-06-16T18:51:50.037+0000] {taskmixin.py:211} WARNING - Dependency <Task(BashOperator): create_tag>, delete_tag already registered for DAG: example_complex
[2023-06-16T18:51:50.041+0000] {logging_mixin.py:149} INFO - [2023-06-16T18:51:50.040+0000] {taskmixin.py:211} WARNING - Dependency <Task(BashOperator): delete_tag>, create_tag already registered for DAG: example_complex
[2023-06-16T18:51:50.048+0000] {processor.py:836} INFO - DAG(s) dict_keys(['example_complex']) retrieved from /home/airflow/.local/lib/python3.7/site-packages/airflow/example_dags/example_complex.py
[2023-06-16T18:51:50.147+0000] {logging_mixin.py:149} INFO - [2023-06-16T18:51:50.146+0000] {dag.py:2726} INFO - Sync 1 DAGs
[2023-06-16T18:51:50.224+0000] {logging_mixin.py:149} INFO - [2023-06-16T18:51:50.224+0000] {dag.py:3490} INFO - Setting next_dagrun for example_complex to None, run_after=None
[2023-06-16T18:51:50.278+0000] {processor.py:179} INFO - Processing /home/airflow/.local/lib/python3.7/site-packages/airflow/example_dags/example_complex.py took 0.298 seconds
[2023-06-16T18:52:20.544+0000] {processor.py:157} INFO - Started process (PID=925) to work on /home/airflow/.local/lib/python3.7/site-packages/airflow/example_dags/example_complex.py
[2023-06-16T18:52:20.548+0000] {processor.py:826} INFO - Processing file /home/airflow/.local/lib/python3.7/site-packages/airflow/example_dags/example_complex.py for tasks to queue
[2023-06-16T18:52:20.552+0000] {logging_mixin.py:149} INFO - [2023-06-16T18:52:20.552+0000] {dagbag.py:541} INFO - Filling up the DagBag from /home/airflow/.local/lib/python3.7/site-packages/airflow/example_dags/example_complex.py
[2023-06-16T18:52:20.578+0000] {logging_mixin.py:149} INFO - [2023-06-16T18:52:20.577+0000] {taskmixin.py:211} WARNING - Dependency <Task(BashOperator): create_entry_group>, delete_entry_group already registered for DAG: example_complex
[2023-06-16T18:52:20.581+0000] {logging_mixin.py:149} INFO - [2023-06-16T18:52:20.580+0000] {taskmixin.py:211} WARNING - Dependency <Task(BashOperator): delete_entry_group>, create_entry_group already registered for DAG: example_complex
[2023-06-16T18:52:20.583+0000] {logging_mixin.py:149} INFO - [2023-06-16T18:52:20.583+0000] {taskmixin.py:211} WARNING - Dependency <Task(BashOperator): create_entry_gcs>, delete_entry already registered for DAG: example_complex
[2023-06-16T18:52:20.586+0000] {logging_mixin.py:149} INFO - [2023-06-16T18:52:20.586+0000] {taskmixin.py:211} WARNING - Dependency <Task(BashOperator): delete_entry>, create_entry_gcs already registered for DAG: example_complex
[2023-06-16T18:52:20.588+0000] {logging_mixin.py:149} INFO - [2023-06-16T18:52:20.588+0000] {taskmixin.py:211} WARNING - Dependency <Task(BashOperator): create_tag>, delete_tag already registered for DAG: example_complex
[2023-06-16T18:52:20.592+0000] {logging_mixin.py:149} INFO - [2023-06-16T18:52:20.591+0000] {taskmixin.py:211} WARNING - Dependency <Task(BashOperator): delete_tag>, create_tag already registered for DAG: example_complex
[2023-06-16T18:52:20.597+0000] {processor.py:836} INFO - DAG(s) dict_keys(['example_complex']) retrieved from /home/airflow/.local/lib/python3.7/site-packages/airflow/example_dags/example_complex.py
[2023-06-16T18:52:20.689+0000] {logging_mixin.py:149} INFO - [2023-06-16T18:52:20.688+0000] {dag.py:2726} INFO - Sync 1 DAGs
[2023-06-16T18:52:20.741+0000] {logging_mixin.py:149} INFO - [2023-06-16T18:52:20.741+0000] {dag.py:3490} INFO - Setting next_dagrun for example_complex to None, run_after=None
[2023-06-16T18:52:20.782+0000] {processor.py:179} INFO - Processing /home/airflow/.local/lib/python3.7/site-packages/airflow/example_dags/example_complex.py took 0.247 seconds
[2023-06-16T18:52:53.834+0000] {processor.py:157} INFO - Started process (PID=982) to work on /home/airflow/.local/lib/python3.7/site-packages/airflow/example_dags/example_complex.py
[2023-06-16T18:52:53.838+0000] {processor.py:826} INFO - Processing file /home/airflow/.local/lib/python3.7/site-packages/airflow/example_dags/example_complex.py for tasks to queue
[2023-06-16T18:52:53.842+0000] {logging_mixin.py:149} INFO - [2023-06-16T18:52:53.841+0000] {dagbag.py:541} INFO - Filling up the DagBag from /home/airflow/.local/lib/python3.7/site-packages/airflow/example_dags/example_complex.py
[2023-06-16T18:52:53.882+0000] {logging_mixin.py:149} INFO - [2023-06-16T18:52:53.882+0000] {taskmixin.py:211} WARNING - Dependency <Task(BashOperator): create_entry_group>, delete_entry_group already registered for DAG: example_complex
[2023-06-16T18:52:53.885+0000] {logging_mixin.py:149} INFO - [2023-06-16T18:52:53.884+0000] {taskmixin.py:211} WARNING - Dependency <Task(BashOperator): delete_entry_group>, create_entry_group already registered for DAG: example_complex
[2023-06-16T18:52:53.890+0000] {logging_mixin.py:149} INFO - [2023-06-16T18:52:53.889+0000] {taskmixin.py:211} WARNING - Dependency <Task(BashOperator): create_entry_gcs>, delete_entry already registered for DAG: example_complex
[2023-06-16T18:52:53.892+0000] {logging_mixin.py:149} INFO - [2023-06-16T18:52:53.892+0000] {taskmixin.py:211} WARNING - Dependency <Task(BashOperator): delete_entry>, create_entry_gcs already registered for DAG: example_complex
[2023-06-16T18:52:53.895+0000] {logging_mixin.py:149} INFO - [2023-06-16T18:52:53.895+0000] {taskmixin.py:211} WARNING - Dependency <Task(BashOperator): create_tag>, delete_tag already registered for DAG: example_complex
[2023-06-16T18:52:53.899+0000] {logging_mixin.py:149} INFO - [2023-06-16T18:52:53.898+0000] {taskmixin.py:211} WARNING - Dependency <Task(BashOperator): delete_tag>, create_tag already registered for DAG: example_complex
[2023-06-16T18:52:53.904+0000] {processor.py:836} INFO - DAG(s) dict_keys(['example_complex']) retrieved from /home/airflow/.local/lib/python3.7/site-packages/airflow/example_dags/example_complex.py
[2023-06-16T18:52:53.997+0000] {logging_mixin.py:149} INFO - [2023-06-16T18:52:53.997+0000] {dag.py:2726} INFO - Sync 1 DAGs
[2023-06-16T18:52:54.091+0000] {logging_mixin.py:149} INFO - [2023-06-16T18:52:54.090+0000] {dag.py:3490} INFO - Setting next_dagrun for example_complex to None, run_after=None
[2023-06-16T18:52:54.144+0000] {processor.py:179} INFO - Processing /home/airflow/.local/lib/python3.7/site-packages/airflow/example_dags/example_complex.py took 0.321 seconds
[2023-06-16T18:53:24.997+0000] {processor.py:157} INFO - Started process (PID=1040) to work on /home/airflow/.local/lib/python3.7/site-packages/airflow/example_dags/example_complex.py
[2023-06-16T18:53:25.009+0000] {processor.py:826} INFO - Processing file /home/airflow/.local/lib/python3.7/site-packages/airflow/example_dags/example_complex.py for tasks to queue
[2023-06-16T18:53:25.012+0000] {logging_mixin.py:149} INFO - [2023-06-16T18:53:25.012+0000] {dagbag.py:541} INFO - Filling up the DagBag from /home/airflow/.local/lib/python3.7/site-packages/airflow/example_dags/example_complex.py
[2023-06-16T18:53:25.076+0000] {logging_mixin.py:149} INFO - [2023-06-16T18:53:25.075+0000] {taskmixin.py:211} WARNING - Dependency <Task(BashOperator): create_entry_group>, delete_entry_group already registered for DAG: example_complex
[2023-06-16T18:53:25.079+0000] {logging_mixin.py:149} INFO - [2023-06-16T18:53:25.078+0000] {taskmixin.py:211} WARNING - Dependency <Task(BashOperator): delete_entry_group>, create_entry_group already registered for DAG: example_complex
[2023-06-16T18:53:25.081+0000] {logging_mixin.py:149} INFO - [2023-06-16T18:53:25.081+0000] {taskmixin.py:211} WARNING - Dependency <Task(BashOperator): create_entry_gcs>, delete_entry already registered for DAG: example_complex
[2023-06-16T18:53:25.085+0000] {logging_mixin.py:149} INFO - [2023-06-16T18:53:25.084+0000] {taskmixin.py:211} WARNING - Dependency <Task(BashOperator): delete_entry>, create_entry_gcs already registered for DAG: example_complex
[2023-06-16T18:53:25.093+0000] {logging_mixin.py:149} INFO - [2023-06-16T18:53:25.092+0000] {taskmixin.py:211} WARNING - Dependency <Task(BashOperator): create_tag>, delete_tag already registered for DAG: example_complex
[2023-06-16T18:53:25.099+0000] {logging_mixin.py:149} INFO - [2023-06-16T18:53:25.097+0000] {taskmixin.py:211} WARNING - Dependency <Task(BashOperator): delete_tag>, create_tag already registered for DAG: example_complex
[2023-06-16T18:53:25.108+0000] {processor.py:836} INFO - DAG(s) dict_keys(['example_complex']) retrieved from /home/airflow/.local/lib/python3.7/site-packages/airflow/example_dags/example_complex.py
[2023-06-16T18:53:25.274+0000] {logging_mixin.py:149} INFO - [2023-06-16T18:53:25.273+0000] {dag.py:2726} INFO - Sync 1 DAGs
[2023-06-16T18:53:25.377+0000] {logging_mixin.py:149} INFO - [2023-06-16T18:53:25.377+0000] {dag.py:3490} INFO - Setting next_dagrun for example_complex to None, run_after=None
[2023-06-16T18:53:25.444+0000] {processor.py:179} INFO - Processing /home/airflow/.local/lib/python3.7/site-packages/airflow/example_dags/example_complex.py took 0.462 seconds
[2023-06-16T18:53:55.621+0000] {processor.py:157} INFO - Started process (PID=1098) to work on /home/airflow/.local/lib/python3.7/site-packages/airflow/example_dags/example_complex.py
[2023-06-16T18:53:55.625+0000] {processor.py:826} INFO - Processing file /home/airflow/.local/lib/python3.7/site-packages/airflow/example_dags/example_complex.py for tasks to queue
[2023-06-16T18:53:55.631+0000] {logging_mixin.py:149} INFO - [2023-06-16T18:53:55.630+0000] {dagbag.py:541} INFO - Filling up the DagBag from /home/airflow/.local/lib/python3.7/site-packages/airflow/example_dags/example_complex.py
[2023-06-16T18:53:55.670+0000] {logging_mixin.py:149} INFO - [2023-06-16T18:53:55.670+0000] {taskmixin.py:211} WARNING - Dependency <Task(BashOperator): create_entry_group>, delete_entry_group already registered for DAG: example_complex
[2023-06-16T18:53:55.673+0000] {logging_mixin.py:149} INFO - [2023-06-16T18:53:55.673+0000] {taskmixin.py:211} WARNING - Dependency <Task(BashOperator): delete_entry_group>, create_entry_group already registered for DAG: example_complex
[2023-06-16T18:53:55.677+0000] {logging_mixin.py:149} INFO - [2023-06-16T18:53:55.677+0000] {taskmixin.py:211} WARNING - Dependency <Task(BashOperator): create_entry_gcs>, delete_entry already registered for DAG: example_complex
[2023-06-16T18:53:55.680+0000] {logging_mixin.py:149} INFO - [2023-06-16T18:53:55.680+0000] {taskmixin.py:211} WARNING - Dependency <Task(BashOperator): delete_entry>, create_entry_gcs already registered for DAG: example_complex
[2023-06-16T18:53:55.684+0000] {logging_mixin.py:149} INFO - [2023-06-16T18:53:55.684+0000] {taskmixin.py:211} WARNING - Dependency <Task(BashOperator): create_tag>, delete_tag already registered for DAG: example_complex
[2023-06-16T18:53:55.687+0000] {logging_mixin.py:149} INFO - [2023-06-16T18:53:55.687+0000] {taskmixin.py:211} WARNING - Dependency <Task(BashOperator): delete_tag>, create_tag already registered for DAG: example_complex
[2023-06-16T18:53:55.692+0000] {processor.py:836} INFO - DAG(s) dict_keys(['example_complex']) retrieved from /home/airflow/.local/lib/python3.7/site-packages/airflow/example_dags/example_complex.py
[2023-06-16T18:53:55.767+0000] {logging_mixin.py:149} INFO - [2023-06-16T18:53:55.766+0000] {dag.py:2726} INFO - Sync 1 DAGs
[2023-06-16T18:53:55.828+0000] {logging_mixin.py:149} INFO - [2023-06-16T18:53:55.827+0000] {dag.py:3490} INFO - Setting next_dagrun for example_complex to None, run_after=None
[2023-06-16T18:53:55.876+0000] {processor.py:179} INFO - Processing /home/airflow/.local/lib/python3.7/site-packages/airflow/example_dags/example_complex.py took 0.266 seconds
[2023-06-16T18:54:26.521+0000] {processor.py:157} INFO - Started process (PID=1154) to work on /home/airflow/.local/lib/python3.7/site-packages/airflow/example_dags/example_complex.py
[2023-06-16T18:54:26.526+0000] {processor.py:826} INFO - Processing file /home/airflow/.local/lib/python3.7/site-packages/airflow/example_dags/example_complex.py for tasks to queue
[2023-06-16T18:54:26.531+0000] {logging_mixin.py:149} INFO - [2023-06-16T18:54:26.531+0000] {dagbag.py:541} INFO - Filling up the DagBag from /home/airflow/.local/lib/python3.7/site-packages/airflow/example_dags/example_complex.py
[2023-06-16T18:54:26.561+0000] {logging_mixin.py:149} INFO - [2023-06-16T18:54:26.561+0000] {taskmixin.py:211} WARNING - Dependency <Task(BashOperator): create_entry_group>, delete_entry_group already registered for DAG: example_complex
[2023-06-16T18:54:26.564+0000] {logging_mixin.py:149} INFO - [2023-06-16T18:54:26.564+0000] {taskmixin.py:211} WARNING - Dependency <Task(BashOperator): delete_entry_group>, create_entry_group already registered for DAG: example_complex
[2023-06-16T18:54:26.568+0000] {logging_mixin.py:149} INFO - [2023-06-16T18:54:26.567+0000] {taskmixin.py:211} WARNING - Dependency <Task(BashOperator): create_entry_gcs>, delete_entry already registered for DAG: example_complex
[2023-06-16T18:54:26.573+0000] {logging_mixin.py:149} INFO - [2023-06-16T18:54:26.572+0000] {taskmixin.py:211} WARNING - Dependency <Task(BashOperator): delete_entry>, create_entry_gcs already registered for DAG: example_complex
[2023-06-16T18:54:26.578+0000] {logging_mixin.py:149} INFO - [2023-06-16T18:54:26.578+0000] {taskmixin.py:211} WARNING - Dependency <Task(BashOperator): create_tag>, delete_tag already registered for DAG: example_complex
[2023-06-16T18:54:26.583+0000] {logging_mixin.py:149} INFO - [2023-06-16T18:54:26.582+0000] {taskmixin.py:211} WARNING - Dependency <Task(BashOperator): delete_tag>, create_tag already registered for DAG: example_complex
[2023-06-16T18:54:26.590+0000] {processor.py:836} INFO - DAG(s) dict_keys(['example_complex']) retrieved from /home/airflow/.local/lib/python3.7/site-packages/airflow/example_dags/example_complex.py
[2023-06-16T18:54:26.731+0000] {logging_mixin.py:149} INFO - [2023-06-16T18:54:26.730+0000] {dag.py:2726} INFO - Sync 1 DAGs
[2023-06-16T18:54:26.817+0000] {logging_mixin.py:149} INFO - [2023-06-16T18:54:26.816+0000] {dag.py:3490} INFO - Setting next_dagrun for example_complex to None, run_after=None
[2023-06-16T18:54:26.877+0000] {processor.py:179} INFO - Processing /home/airflow/.local/lib/python3.7/site-packages/airflow/example_dags/example_complex.py took 0.366 seconds
[2023-06-16T18:54:57.913+0000] {processor.py:157} INFO - Started process (PID=1213) to work on /home/airflow/.local/lib/python3.7/site-packages/airflow/example_dags/example_complex.py
[2023-06-16T18:54:57.918+0000] {processor.py:826} INFO - Processing file /home/airflow/.local/lib/python3.7/site-packages/airflow/example_dags/example_complex.py for tasks to queue
[2023-06-16T18:54:57.922+0000] {logging_mixin.py:149} INFO - [2023-06-16T18:54:57.922+0000] {dagbag.py:541} INFO - Filling up the DagBag from /home/airflow/.local/lib/python3.7/site-packages/airflow/example_dags/example_complex.py
[2023-06-16T18:54:57.965+0000] {logging_mixin.py:149} INFO - [2023-06-16T18:54:57.964+0000] {taskmixin.py:211} WARNING - Dependency <Task(BashOperator): create_entry_group>, delete_entry_group already registered for DAG: example_complex
[2023-06-16T18:54:57.995+0000] {logging_mixin.py:149} INFO - [2023-06-16T18:54:57.994+0000] {taskmixin.py:211} WARNING - Dependency <Task(BashOperator): delete_entry_group>, create_entry_group already registered for DAG: example_complex
[2023-06-16T18:54:58.007+0000] {logging_mixin.py:149} INFO - [2023-06-16T18:54:58.006+0000] {taskmixin.py:211} WARNING - Dependency <Task(BashOperator): create_entry_gcs>, delete_entry already registered for DAG: example_complex
[2023-06-16T18:54:58.020+0000] {logging_mixin.py:149} INFO - [2023-06-16T18:54:58.020+0000] {taskmixin.py:211} WARNING - Dependency <Task(BashOperator): delete_entry>, create_entry_gcs already registered for DAG: example_complex
[2023-06-16T18:54:58.023+0000] {logging_mixin.py:149} INFO - [2023-06-16T18:54:58.023+0000] {taskmixin.py:211} WARNING - Dependency <Task(BashOperator): create_tag>, delete_tag already registered for DAG: example_complex
[2023-06-16T18:54:58.025+0000] {logging_mixin.py:149} INFO - [2023-06-16T18:54:58.025+0000] {taskmixin.py:211} WARNING - Dependency <Task(BashOperator): delete_tag>, create_tag already registered for DAG: example_complex
[2023-06-16T18:54:58.030+0000] {processor.py:836} INFO - DAG(s) dict_keys(['example_complex']) retrieved from /home/airflow/.local/lib/python3.7/site-packages/airflow/example_dags/example_complex.py
[2023-06-16T18:54:58.200+0000] {logging_mixin.py:149} INFO - [2023-06-16T18:54:58.199+0000] {dag.py:2726} INFO - Sync 1 DAGs
[2023-06-16T18:54:58.287+0000] {logging_mixin.py:149} INFO - [2023-06-16T18:54:58.286+0000] {dag.py:3490} INFO - Setting next_dagrun for example_complex to None, run_after=None
[2023-06-16T18:54:58.365+0000] {processor.py:179} INFO - Processing /home/airflow/.local/lib/python3.7/site-packages/airflow/example_dags/example_complex.py took 0.464 seconds
[2023-06-16T18:55:29.121+0000] {processor.py:157} INFO - Started process (PID=1271) to work on /home/airflow/.local/lib/python3.7/site-packages/airflow/example_dags/example_complex.py
[2023-06-16T18:55:29.126+0000] {processor.py:826} INFO - Processing file /home/airflow/.local/lib/python3.7/site-packages/airflow/example_dags/example_complex.py for tasks to queue
[2023-06-16T18:55:29.130+0000] {logging_mixin.py:149} INFO - [2023-06-16T18:55:29.129+0000] {dagbag.py:541} INFO - Filling up the DagBag from /home/airflow/.local/lib/python3.7/site-packages/airflow/example_dags/example_complex.py
[2023-06-16T18:55:29.163+0000] {logging_mixin.py:149} INFO - [2023-06-16T18:55:29.163+0000] {taskmixin.py:211} WARNING - Dependency <Task(BashOperator): create_entry_group>, delete_entry_group already registered for DAG: example_complex
[2023-06-16T18:55:29.168+0000] {logging_mixin.py:149} INFO - [2023-06-16T18:55:29.167+0000] {taskmixin.py:211} WARNING - Dependency <Task(BashOperator): delete_entry_group>, create_entry_group already registered for DAG: example_complex
[2023-06-16T18:55:29.171+0000] {logging_mixin.py:149} INFO - [2023-06-16T18:55:29.170+0000] {taskmixin.py:211} WARNING - Dependency <Task(BashOperator): create_entry_gcs>, delete_entry already registered for DAG: example_complex
[2023-06-16T18:55:29.175+0000] {logging_mixin.py:149} INFO - [2023-06-16T18:55:29.174+0000] {taskmixin.py:211} WARNING - Dependency <Task(BashOperator): delete_entry>, create_entry_gcs already registered for DAG: example_complex
[2023-06-16T18:55:29.177+0000] {logging_mixin.py:149} INFO - [2023-06-16T18:55:29.177+0000] {taskmixin.py:211} WARNING - Dependency <Task(BashOperator): create_tag>, delete_tag already registered for DAG: example_complex
[2023-06-16T18:55:29.180+0000] {logging_mixin.py:149} INFO - [2023-06-16T18:55:29.180+0000] {taskmixin.py:211} WARNING - Dependency <Task(BashOperator): delete_tag>, create_tag already registered for DAG: example_complex
[2023-06-16T18:55:29.185+0000] {processor.py:836} INFO - DAG(s) dict_keys(['example_complex']) retrieved from /home/airflow/.local/lib/python3.7/site-packages/airflow/example_dags/example_complex.py
[2023-06-16T18:55:29.283+0000] {logging_mixin.py:149} INFO - [2023-06-16T18:55:29.283+0000] {dag.py:2726} INFO - Sync 1 DAGs
[2023-06-16T18:55:29.358+0000] {logging_mixin.py:149} INFO - [2023-06-16T18:55:29.358+0000] {dag.py:3490} INFO - Setting next_dagrun for example_complex to None, run_after=None
[2023-06-16T18:55:29.419+0000] {processor.py:179} INFO - Processing /home/airflow/.local/lib/python3.7/site-packages/airflow/example_dags/example_complex.py took 0.310 seconds
