[2023-06-16T11:00:50.841+0700] {processor.py:157} INFO - Started process (PID=88798) to work on /Library/Frameworks/Python.framework/Versions/3.11/lib/python3.11/site-packages/airflow/example_dags/example_skip_dag.py
[2023-06-16T11:00:50.842+0700] {processor.py:826} INFO - Processing file /Library/Frameworks/Python.framework/Versions/3.11/lib/python3.11/site-packages/airflow/example_dags/example_skip_dag.py for tasks to queue
[2023-06-16T11:00:50.842+0700] {logging_mixin.py:149} INFO - [2023-06-16T11:00:50.842+0700] {dagbag.py:541} INFO - Filling up the DagBag from /Library/Frameworks/Python.framework/Versions/3.11/lib/python3.11/site-packages/airflow/example_dags/example_skip_dag.py
[2023-06-16T11:00:50.859+0700] {processor.py:836} INFO - DAG(s) dict_keys(['example_skip_dag']) retrieved from /Library/Frameworks/Python.framework/Versions/3.11/lib/python3.11/site-packages/airflow/example_dags/example_skip_dag.py
[2023-06-16T11:00:51.924+0700] {logging_mixin.py:149} INFO - [2023-06-16T11:00:51.923+0700] {dag.py:2726} INFO - Sync 1 DAGs
[2023-06-16T11:00:51.950+0700] {logging_mixin.py:149} INFO - [2023-06-16T11:00:51.950+0700] {dag.py:3486} INFO - Setting next_dagrun for example_skip_dag to 2023-06-15T04:00:51.949905+00:00, run_after=2023-06-16T04:00:51.949905+00:00
[2023-06-16T11:00:51.971+0700] {processor.py:179} INFO - Processing /Library/Frameworks/Python.framework/Versions/3.11/lib/python3.11/site-packages/airflow/example_dags/example_skip_dag.py took 1.131 seconds
[2023-06-16T11:03:41.225+0700] {processor.py:157} INFO - Started process (PID=89141) to work on /Library/Frameworks/Python.framework/Versions/3.11/lib/python3.11/site-packages/airflow/example_dags/example_skip_dag.py
[2023-06-16T11:03:41.226+0700] {processor.py:826} INFO - Processing file /Library/Frameworks/Python.framework/Versions/3.11/lib/python3.11/site-packages/airflow/example_dags/example_skip_dag.py for tasks to queue
[2023-06-16T11:03:41.226+0700] {logging_mixin.py:149} INFO - [2023-06-16T11:03:41.226+0700] {dagbag.py:541} INFO - Filling up the DagBag from /Library/Frameworks/Python.framework/Versions/3.11/lib/python3.11/site-packages/airflow/example_dags/example_skip_dag.py
[2023-06-16T11:03:41.248+0700] {processor.py:836} INFO - DAG(s) dict_keys(['example_skip_dag']) retrieved from /Library/Frameworks/Python.framework/Versions/3.11/lib/python3.11/site-packages/airflow/example_dags/example_skip_dag.py
[2023-06-16T11:03:42.512+0700] {logging_mixin.py:149} INFO - [2023-06-16T11:03:42.511+0700] {dag.py:2726} INFO - Sync 1 DAGs
[2023-06-16T11:03:42.538+0700] {logging_mixin.py:149} INFO - [2023-06-16T11:03:42.538+0700] {dag.py:3486} INFO - Setting next_dagrun for example_skip_dag to 2023-06-15T04:03:42.538386+00:00, run_after=2023-06-16T04:03:42.538386+00:00
[2023-06-16T11:03:42.560+0700] {processor.py:179} INFO - Processing /Library/Frameworks/Python.framework/Versions/3.11/lib/python3.11/site-packages/airflow/example_dags/example_skip_dag.py took 1.336 seconds
[2023-06-16T11:06:13.482+0700] {processor.py:157} INFO - Started process (PID=89473) to work on /Library/Frameworks/Python.framework/Versions/3.11/lib/python3.11/site-packages/airflow/example_dags/example_skip_dag.py
[2023-06-16T11:06:13.482+0700] {processor.py:826} INFO - Processing file /Library/Frameworks/Python.framework/Versions/3.11/lib/python3.11/site-packages/airflow/example_dags/example_skip_dag.py for tasks to queue
[2023-06-16T11:06:13.483+0700] {logging_mixin.py:149} INFO - [2023-06-16T11:06:13.483+0700] {dagbag.py:541} INFO - Filling up the DagBag from /Library/Frameworks/Python.framework/Versions/3.11/lib/python3.11/site-packages/airflow/example_dags/example_skip_dag.py
[2023-06-16T11:06:13.506+0700] {processor.py:836} INFO - DAG(s) dict_keys(['example_skip_dag']) retrieved from /Library/Frameworks/Python.framework/Versions/3.11/lib/python3.11/site-packages/airflow/example_dags/example_skip_dag.py
[2023-06-16T11:06:14.838+0700] {logging_mixin.py:149} INFO - [2023-06-16T11:06:14.837+0700] {dag.py:2726} INFO - Sync 1 DAGs
[2023-06-16T11:06:14.860+0700] {logging_mixin.py:149} INFO - [2023-06-16T11:06:14.860+0700] {dag.py:3486} INFO - Setting next_dagrun for example_skip_dag to 2023-06-15T04:06:14.860024+00:00, run_after=2023-06-16T04:06:14.860024+00:00
[2023-06-16T11:06:14.881+0700] {processor.py:179} INFO - Processing /Library/Frameworks/Python.framework/Versions/3.11/lib/python3.11/site-packages/airflow/example_dags/example_skip_dag.py took 1.400 seconds
[2023-06-16T11:09:41.653+0700] {processor.py:157} INFO - Started process (PID=89900) to work on /Library/Frameworks/Python.framework/Versions/3.11/lib/python3.11/site-packages/airflow/example_dags/example_skip_dag.py
[2023-06-16T11:09:41.654+0700] {processor.py:826} INFO - Processing file /Library/Frameworks/Python.framework/Versions/3.11/lib/python3.11/site-packages/airflow/example_dags/example_skip_dag.py for tasks to queue
[2023-06-16T11:09:41.655+0700] {logging_mixin.py:149} INFO - [2023-06-16T11:09:41.654+0700] {dagbag.py:541} INFO - Filling up the DagBag from /Library/Frameworks/Python.framework/Versions/3.11/lib/python3.11/site-packages/airflow/example_dags/example_skip_dag.py
[2023-06-16T11:09:41.690+0700] {processor.py:836} INFO - DAG(s) dict_keys(['example_skip_dag']) retrieved from /Library/Frameworks/Python.framework/Versions/3.11/lib/python3.11/site-packages/airflow/example_dags/example_skip_dag.py
[2023-06-16T11:09:43.186+0700] {logging_mixin.py:149} INFO - [2023-06-16T11:09:43.186+0700] {dag.py:2726} INFO - Sync 1 DAGs
[2023-06-16T11:09:43.206+0700] {logging_mixin.py:149} INFO - [2023-06-16T11:09:43.206+0700] {dag.py:3486} INFO - Setting next_dagrun for example_skip_dag to 2023-06-15T04:09:43.205859+00:00, run_after=2023-06-16T04:09:43.205859+00:00
[2023-06-16T11:09:43.231+0700] {processor.py:179} INFO - Processing /Library/Frameworks/Python.framework/Versions/3.11/lib/python3.11/site-packages/airflow/example_dags/example_skip_dag.py took 1.579 seconds
[2023-06-16T11:12:53.804+0700] {processor.py:157} INFO - Started process (PID=90342) to work on /Library/Frameworks/Python.framework/Versions/3.11/lib/python3.11/site-packages/airflow/example_dags/example_skip_dag.py
[2023-06-16T11:12:53.804+0700] {processor.py:826} INFO - Processing file /Library/Frameworks/Python.framework/Versions/3.11/lib/python3.11/site-packages/airflow/example_dags/example_skip_dag.py for tasks to queue
[2023-06-16T11:12:53.805+0700] {logging_mixin.py:149} INFO - [2023-06-16T11:12:53.805+0700] {dagbag.py:541} INFO - Filling up the DagBag from /Library/Frameworks/Python.framework/Versions/3.11/lib/python3.11/site-packages/airflow/example_dags/example_skip_dag.py
[2023-06-16T11:12:53.829+0700] {processor.py:836} INFO - DAG(s) dict_keys(['example_skip_dag']) retrieved from /Library/Frameworks/Python.framework/Versions/3.11/lib/python3.11/site-packages/airflow/example_dags/example_skip_dag.py
[2023-06-16T11:12:55.465+0700] {logging_mixin.py:149} INFO - [2023-06-16T11:12:55.465+0700] {dag.py:2726} INFO - Sync 1 DAGs
[2023-06-16T11:12:55.498+0700] {logging_mixin.py:149} INFO - [2023-06-16T11:12:55.498+0700] {dag.py:3486} INFO - Setting next_dagrun for example_skip_dag to 2023-06-15T04:12:55.498077+00:00, run_after=2023-06-16T04:12:55.498077+00:00
[2023-06-16T11:12:55.532+0700] {processor.py:179} INFO - Processing /Library/Frameworks/Python.framework/Versions/3.11/lib/python3.11/site-packages/airflow/example_dags/example_skip_dag.py took 1.730 seconds
[2023-06-16T11:15:34.452+0700] {processor.py:157} INFO - Started process (PID=90620) to work on /Library/Frameworks/Python.framework/Versions/3.11/lib/python3.11/site-packages/airflow/example_dags/example_skip_dag.py
[2023-06-16T11:15:34.453+0700] {processor.py:826} INFO - Processing file /Library/Frameworks/Python.framework/Versions/3.11/lib/python3.11/site-packages/airflow/example_dags/example_skip_dag.py for tasks to queue
[2023-06-16T11:15:34.454+0700] {logging_mixin.py:149} INFO - [2023-06-16T11:15:34.454+0700] {dagbag.py:541} INFO - Filling up the DagBag from /Library/Frameworks/Python.framework/Versions/3.11/lib/python3.11/site-packages/airflow/example_dags/example_skip_dag.py
[2023-06-16T11:15:34.477+0700] {processor.py:836} INFO - DAG(s) dict_keys(['example_skip_dag']) retrieved from /Library/Frameworks/Python.framework/Versions/3.11/lib/python3.11/site-packages/airflow/example_dags/example_skip_dag.py
[2023-06-16T11:15:35.628+0700] {logging_mixin.py:149} INFO - [2023-06-16T11:15:35.628+0700] {dag.py:2726} INFO - Sync 1 DAGs
[2023-06-16T11:15:35.651+0700] {logging_mixin.py:149} INFO - [2023-06-16T11:15:35.651+0700] {dag.py:3486} INFO - Setting next_dagrun for example_skip_dag to 2023-06-15T04:15:35.651177+00:00, run_after=2023-06-16T04:15:35.651177+00:00
[2023-06-16T11:15:35.673+0700] {processor.py:179} INFO - Processing /Library/Frameworks/Python.framework/Versions/3.11/lib/python3.11/site-packages/airflow/example_dags/example_skip_dag.py took 1.221 seconds
[2023-06-16T11:19:24.399+0700] {processor.py:157} INFO - Started process (PID=91114) to work on /Library/Frameworks/Python.framework/Versions/3.11/lib/python3.11/site-packages/airflow/example_dags/example_skip_dag.py
[2023-06-16T11:19:24.400+0700] {processor.py:826} INFO - Processing file /Library/Frameworks/Python.framework/Versions/3.11/lib/python3.11/site-packages/airflow/example_dags/example_skip_dag.py for tasks to queue
[2023-06-16T11:19:24.401+0700] {logging_mixin.py:149} INFO - [2023-06-16T11:19:24.401+0700] {dagbag.py:541} INFO - Filling up the DagBag from /Library/Frameworks/Python.framework/Versions/3.11/lib/python3.11/site-packages/airflow/example_dags/example_skip_dag.py
[2023-06-16T11:19:24.433+0700] {processor.py:836} INFO - DAG(s) dict_keys(['example_skip_dag']) retrieved from /Library/Frameworks/Python.framework/Versions/3.11/lib/python3.11/site-packages/airflow/example_dags/example_skip_dag.py
[2023-06-16T11:19:25.770+0700] {logging_mixin.py:149} INFO - [2023-06-16T11:19:25.770+0700] {dag.py:2726} INFO - Sync 1 DAGs
[2023-06-16T11:19:25.795+0700] {logging_mixin.py:149} INFO - [2023-06-16T11:19:25.795+0700] {dag.py:3486} INFO - Setting next_dagrun for example_skip_dag to 2023-06-15T04:19:25.795416+00:00, run_after=2023-06-16T04:19:25.795416+00:00
[2023-06-16T11:19:25.824+0700] {processor.py:179} INFO - Processing /Library/Frameworks/Python.framework/Versions/3.11/lib/python3.11/site-packages/airflow/example_dags/example_skip_dag.py took 1.427 seconds
[2023-06-16T11:22:21.476+0700] {processor.py:157} INFO - Started process (PID=91461) to work on /Library/Frameworks/Python.framework/Versions/3.11/lib/python3.11/site-packages/airflow/example_dags/example_skip_dag.py
[2023-06-16T11:22:21.476+0700] {processor.py:826} INFO - Processing file /Library/Frameworks/Python.framework/Versions/3.11/lib/python3.11/site-packages/airflow/example_dags/example_skip_dag.py for tasks to queue
[2023-06-16T11:22:21.477+0700] {logging_mixin.py:149} INFO - [2023-06-16T11:22:21.477+0700] {dagbag.py:541} INFO - Filling up the DagBag from /Library/Frameworks/Python.framework/Versions/3.11/lib/python3.11/site-packages/airflow/example_dags/example_skip_dag.py
[2023-06-16T11:22:21.521+0700] {processor.py:836} INFO - DAG(s) dict_keys(['example_skip_dag']) retrieved from /Library/Frameworks/Python.framework/Versions/3.11/lib/python3.11/site-packages/airflow/example_dags/example_skip_dag.py
[2023-06-16T11:22:22.777+0700] {logging_mixin.py:149} INFO - [2023-06-16T11:22:22.776+0700] {dag.py:2726} INFO - Sync 1 DAGs
[2023-06-16T11:22:22.796+0700] {logging_mixin.py:149} INFO - [2023-06-16T11:22:22.796+0700] {dag.py:3486} INFO - Setting next_dagrun for example_skip_dag to 2023-06-15T04:22:22.796125+00:00, run_after=2023-06-16T04:22:22.796125+00:00
[2023-06-16T11:22:22.814+0700] {processor.py:179} INFO - Processing /Library/Frameworks/Python.framework/Versions/3.11/lib/python3.11/site-packages/airflow/example_dags/example_skip_dag.py took 1.339 seconds
[2023-06-16T11:24:53.761+0700] {processor.py:157} INFO - Started process (PID=91821) to work on /Library/Frameworks/Python.framework/Versions/3.11/lib/python3.11/site-packages/airflow/example_dags/example_skip_dag.py
[2023-06-16T11:24:53.762+0700] {processor.py:826} INFO - Processing file /Library/Frameworks/Python.framework/Versions/3.11/lib/python3.11/site-packages/airflow/example_dags/example_skip_dag.py for tasks to queue
[2023-06-16T11:24:53.763+0700] {logging_mixin.py:149} INFO - [2023-06-16T11:24:53.763+0700] {dagbag.py:541} INFO - Filling up the DagBag from /Library/Frameworks/Python.framework/Versions/3.11/lib/python3.11/site-packages/airflow/example_dags/example_skip_dag.py
[2023-06-16T11:24:53.796+0700] {processor.py:836} INFO - DAG(s) dict_keys(['example_skip_dag']) retrieved from /Library/Frameworks/Python.framework/Versions/3.11/lib/python3.11/site-packages/airflow/example_dags/example_skip_dag.py
[2023-06-16T11:24:55.345+0700] {logging_mixin.py:149} INFO - [2023-06-16T11:24:55.345+0700] {dag.py:2726} INFO - Sync 1 DAGs
[2023-06-16T11:24:55.367+0700] {logging_mixin.py:149} INFO - [2023-06-16T11:24:55.367+0700] {dag.py:3486} INFO - Setting next_dagrun for example_skip_dag to 2023-06-15T04:24:55.367380+00:00, run_after=2023-06-16T04:24:55.367380+00:00
[2023-06-16T11:24:55.389+0700] {processor.py:179} INFO - Processing /Library/Frameworks/Python.framework/Versions/3.11/lib/python3.11/site-packages/airflow/example_dags/example_skip_dag.py took 1.629 seconds
[2023-06-16T11:29:18.223+0700] {processor.py:157} INFO - Started process (PID=92398) to work on /Library/Frameworks/Python.framework/Versions/3.11/lib/python3.11/site-packages/airflow/example_dags/example_skip_dag.py
[2023-06-16T11:29:18.223+0700] {processor.py:826} INFO - Processing file /Library/Frameworks/Python.framework/Versions/3.11/lib/python3.11/site-packages/airflow/example_dags/example_skip_dag.py for tasks to queue
[2023-06-16T11:29:18.224+0700] {logging_mixin.py:149} INFO - [2023-06-16T11:29:18.224+0700] {dagbag.py:541} INFO - Filling up the DagBag from /Library/Frameworks/Python.framework/Versions/3.11/lib/python3.11/site-packages/airflow/example_dags/example_skip_dag.py
[2023-06-16T11:29:18.253+0700] {processor.py:836} INFO - DAG(s) dict_keys(['example_skip_dag']) retrieved from /Library/Frameworks/Python.framework/Versions/3.11/lib/python3.11/site-packages/airflow/example_dags/example_skip_dag.py
[2023-06-16T11:29:19.465+0700] {logging_mixin.py:149} INFO - [2023-06-16T11:29:19.464+0700] {dag.py:2726} INFO - Sync 1 DAGs
[2023-06-16T11:29:19.486+0700] {logging_mixin.py:149} INFO - [2023-06-16T11:29:19.486+0700] {dag.py:3486} INFO - Setting next_dagrun for example_skip_dag to 2023-06-15T04:29:19.486063+00:00, run_after=2023-06-16T04:29:19.486063+00:00
[2023-06-16T11:29:19.507+0700] {processor.py:179} INFO - Processing /Library/Frameworks/Python.framework/Versions/3.11/lib/python3.11/site-packages/airflow/example_dags/example_skip_dag.py took 1.285 seconds
[2023-06-16T11:32:58.862+0700] {processor.py:157} INFO - Started process (PID=92864) to work on /Library/Frameworks/Python.framework/Versions/3.11/lib/python3.11/site-packages/airflow/example_dags/example_skip_dag.py
[2023-06-16T11:32:58.864+0700] {processor.py:826} INFO - Processing file /Library/Frameworks/Python.framework/Versions/3.11/lib/python3.11/site-packages/airflow/example_dags/example_skip_dag.py for tasks to queue
[2023-06-16T11:32:58.864+0700] {logging_mixin.py:149} INFO - [2023-06-16T11:32:58.864+0700] {dagbag.py:541} INFO - Filling up the DagBag from /Library/Frameworks/Python.framework/Versions/3.11/lib/python3.11/site-packages/airflow/example_dags/example_skip_dag.py
[2023-06-16T11:32:58.890+0700] {processor.py:836} INFO - DAG(s) dict_keys(['example_skip_dag']) retrieved from /Library/Frameworks/Python.framework/Versions/3.11/lib/python3.11/site-packages/airflow/example_dags/example_skip_dag.py
[2023-06-16T11:33:00.191+0700] {logging_mixin.py:149} INFO - [2023-06-16T11:33:00.191+0700] {dag.py:2726} INFO - Sync 1 DAGs
[2023-06-16T11:33:00.213+0700] {logging_mixin.py:149} INFO - [2023-06-16T11:33:00.212+0700] {dag.py:3486} INFO - Setting next_dagrun for example_skip_dag to 2023-06-15T04:33:00.212797+00:00, run_after=2023-06-16T04:33:00.212797+00:00
[2023-06-16T11:33:00.237+0700] {processor.py:179} INFO - Processing /Library/Frameworks/Python.framework/Versions/3.11/lib/python3.11/site-packages/airflow/example_dags/example_skip_dag.py took 1.377 seconds
[2023-06-16T11:36:04.066+0700] {processor.py:157} INFO - Started process (PID=93253) to work on /Library/Frameworks/Python.framework/Versions/3.11/lib/python3.11/site-packages/airflow/example_dags/example_skip_dag.py
[2023-06-16T11:36:04.067+0700] {processor.py:826} INFO - Processing file /Library/Frameworks/Python.framework/Versions/3.11/lib/python3.11/site-packages/airflow/example_dags/example_skip_dag.py for tasks to queue
[2023-06-16T11:36:04.068+0700] {logging_mixin.py:149} INFO - [2023-06-16T11:36:04.068+0700] {dagbag.py:541} INFO - Filling up the DagBag from /Library/Frameworks/Python.framework/Versions/3.11/lib/python3.11/site-packages/airflow/example_dags/example_skip_dag.py
[2023-06-16T11:36:04.102+0700] {processor.py:836} INFO - DAG(s) dict_keys(['example_skip_dag']) retrieved from /Library/Frameworks/Python.framework/Versions/3.11/lib/python3.11/site-packages/airflow/example_dags/example_skip_dag.py
[2023-06-16T11:36:05.338+0700] {logging_mixin.py:149} INFO - [2023-06-16T11:36:05.338+0700] {dag.py:2726} INFO - Sync 1 DAGs
[2023-06-16T11:36:05.358+0700] {logging_mixin.py:149} INFO - [2023-06-16T11:36:05.357+0700] {dag.py:3486} INFO - Setting next_dagrun for example_skip_dag to 2023-06-15T04:36:05.357697+00:00, run_after=2023-06-16T04:36:05.357697+00:00
[2023-06-16T11:36:05.379+0700] {processor.py:179} INFO - Processing /Library/Frameworks/Python.framework/Versions/3.11/lib/python3.11/site-packages/airflow/example_dags/example_skip_dag.py took 1.315 seconds
[2023-06-16T11:38:59.322+0700] {processor.py:157} INFO - Started process (PID=94014) to work on /Library/Frameworks/Python.framework/Versions/3.11/lib/python3.11/site-packages/airflow/example_dags/example_skip_dag.py
[2023-06-16T11:38:59.323+0700] {processor.py:826} INFO - Processing file /Library/Frameworks/Python.framework/Versions/3.11/lib/python3.11/site-packages/airflow/example_dags/example_skip_dag.py for tasks to queue
[2023-06-16T11:38:59.324+0700] {logging_mixin.py:149} INFO - [2023-06-16T11:38:59.324+0700] {dagbag.py:541} INFO - Filling up the DagBag from /Library/Frameworks/Python.framework/Versions/3.11/lib/python3.11/site-packages/airflow/example_dags/example_skip_dag.py
[2023-06-16T11:38:59.348+0700] {processor.py:836} INFO - DAG(s) dict_keys(['example_skip_dag']) retrieved from /Library/Frameworks/Python.framework/Versions/3.11/lib/python3.11/site-packages/airflow/example_dags/example_skip_dag.py
[2023-06-16T11:39:00.655+0700] {logging_mixin.py:149} INFO - [2023-06-16T11:39:00.655+0700] {dag.py:2726} INFO - Sync 1 DAGs
[2023-06-16T11:39:00.677+0700] {logging_mixin.py:149} INFO - [2023-06-16T11:39:00.676+0700] {dag.py:3486} INFO - Setting next_dagrun for example_skip_dag to 2023-06-15T04:39:00.676735+00:00, run_after=2023-06-16T04:39:00.676735+00:00
[2023-06-16T11:39:00.698+0700] {processor.py:179} INFO - Processing /Library/Frameworks/Python.framework/Versions/3.11/lib/python3.11/site-packages/airflow/example_dags/example_skip_dag.py took 1.376 seconds
[2023-06-16T11:41:47.004+0700] {processor.py:157} INFO - Started process (PID=94360) to work on /Library/Frameworks/Python.framework/Versions/3.11/lib/python3.11/site-packages/airflow/example_dags/example_skip_dag.py
[2023-06-16T11:41:47.005+0700] {processor.py:826} INFO - Processing file /Library/Frameworks/Python.framework/Versions/3.11/lib/python3.11/site-packages/airflow/example_dags/example_skip_dag.py for tasks to queue
[2023-06-16T11:41:47.006+0700] {logging_mixin.py:149} INFO - [2023-06-16T11:41:47.006+0700] {dagbag.py:541} INFO - Filling up the DagBag from /Library/Frameworks/Python.framework/Versions/3.11/lib/python3.11/site-packages/airflow/example_dags/example_skip_dag.py
[2023-06-16T11:41:47.033+0700] {processor.py:836} INFO - DAG(s) dict_keys(['example_skip_dag']) retrieved from /Library/Frameworks/Python.framework/Versions/3.11/lib/python3.11/site-packages/airflow/example_dags/example_skip_dag.py
[2023-06-16T11:41:48.299+0700] {logging_mixin.py:149} INFO - [2023-06-16T11:41:48.299+0700] {dag.py:2726} INFO - Sync 1 DAGs
[2023-06-16T11:41:48.329+0700] {logging_mixin.py:149} INFO - [2023-06-16T11:41:48.329+0700] {dag.py:3486} INFO - Setting next_dagrun for example_skip_dag to 2023-06-15T04:41:48.329461+00:00, run_after=2023-06-16T04:41:48.329461+00:00
[2023-06-16T11:41:48.352+0700] {processor.py:179} INFO - Processing /Library/Frameworks/Python.framework/Versions/3.11/lib/python3.11/site-packages/airflow/example_dags/example_skip_dag.py took 1.349 seconds
[2023-06-16T11:44:38.861+0700] {processor.py:157} INFO - Started process (PID=94681) to work on /Library/Frameworks/Python.framework/Versions/3.11/lib/python3.11/site-packages/airflow/example_dags/example_skip_dag.py
[2023-06-16T11:44:38.861+0700] {processor.py:826} INFO - Processing file /Library/Frameworks/Python.framework/Versions/3.11/lib/python3.11/site-packages/airflow/example_dags/example_skip_dag.py for tasks to queue
[2023-06-16T11:44:38.862+0700] {logging_mixin.py:149} INFO - [2023-06-16T11:44:38.862+0700] {dagbag.py:541} INFO - Filling up the DagBag from /Library/Frameworks/Python.framework/Versions/3.11/lib/python3.11/site-packages/airflow/example_dags/example_skip_dag.py
[2023-06-16T11:44:38.889+0700] {processor.py:836} INFO - DAG(s) dict_keys(['example_skip_dag']) retrieved from /Library/Frameworks/Python.framework/Versions/3.11/lib/python3.11/site-packages/airflow/example_dags/example_skip_dag.py
[2023-06-16T11:44:40.021+0700] {logging_mixin.py:149} INFO - [2023-06-16T11:44:40.021+0700] {dag.py:2726} INFO - Sync 1 DAGs
[2023-06-16T11:44:40.041+0700] {logging_mixin.py:149} INFO - [2023-06-16T11:44:40.041+0700] {dag.py:3486} INFO - Setting next_dagrun for example_skip_dag to 2023-06-15T04:44:40.040998+00:00, run_after=2023-06-16T04:44:40.040998+00:00
[2023-06-16T11:44:40.063+0700] {processor.py:179} INFO - Processing /Library/Frameworks/Python.framework/Versions/3.11/lib/python3.11/site-packages/airflow/example_dags/example_skip_dag.py took 1.203 seconds
[2023-06-16T11:49:53.785+0700] {processor.py:157} INFO - Started process (PID=95344) to work on /Library/Frameworks/Python.framework/Versions/3.11/lib/python3.11/site-packages/airflow/example_dags/example_skip_dag.py
[2023-06-16T11:49:53.786+0700] {processor.py:826} INFO - Processing file /Library/Frameworks/Python.framework/Versions/3.11/lib/python3.11/site-packages/airflow/example_dags/example_skip_dag.py for tasks to queue
[2023-06-16T11:49:53.786+0700] {logging_mixin.py:149} INFO - [2023-06-16T11:49:53.786+0700] {dagbag.py:541} INFO - Filling up the DagBag from /Library/Frameworks/Python.framework/Versions/3.11/lib/python3.11/site-packages/airflow/example_dags/example_skip_dag.py
[2023-06-16T11:49:53.809+0700] {processor.py:836} INFO - DAG(s) dict_keys(['example_skip_dag']) retrieved from /Library/Frameworks/Python.framework/Versions/3.11/lib/python3.11/site-packages/airflow/example_dags/example_skip_dag.py
[2023-06-16T11:49:54.885+0700] {logging_mixin.py:149} INFO - [2023-06-16T11:49:54.884+0700] {dag.py:2726} INFO - Sync 1 DAGs
[2023-06-16T11:49:54.907+0700] {logging_mixin.py:149} INFO - [2023-06-16T11:49:54.906+0700] {dag.py:3486} INFO - Setting next_dagrun for example_skip_dag to 2023-06-15T04:49:54.906111+00:00, run_after=2023-06-16T04:49:54.906111+00:00
[2023-06-16T11:49:54.930+0700] {processor.py:179} INFO - Processing /Library/Frameworks/Python.framework/Versions/3.11/lib/python3.11/site-packages/airflow/example_dags/example_skip_dag.py took 1.146 seconds
[2023-06-16T11:53:19.809+0700] {processor.py:157} INFO - Started process (PID=95729) to work on /Library/Frameworks/Python.framework/Versions/3.11/lib/python3.11/site-packages/airflow/example_dags/example_skip_dag.py
[2023-06-16T11:53:19.811+0700] {processor.py:826} INFO - Processing file /Library/Frameworks/Python.framework/Versions/3.11/lib/python3.11/site-packages/airflow/example_dags/example_skip_dag.py for tasks to queue
[2023-06-16T11:53:19.811+0700] {logging_mixin.py:149} INFO - [2023-06-16T11:53:19.811+0700] {dagbag.py:541} INFO - Filling up the DagBag from /Library/Frameworks/Python.framework/Versions/3.11/lib/python3.11/site-packages/airflow/example_dags/example_skip_dag.py
[2023-06-16T11:53:19.838+0700] {processor.py:836} INFO - DAG(s) dict_keys(['example_skip_dag']) retrieved from /Library/Frameworks/Python.framework/Versions/3.11/lib/python3.11/site-packages/airflow/example_dags/example_skip_dag.py
[2023-06-16T11:53:21.089+0700] {logging_mixin.py:149} INFO - [2023-06-16T11:53:21.088+0700] {dag.py:2726} INFO - Sync 1 DAGs
[2023-06-16T11:53:21.109+0700] {logging_mixin.py:149} INFO - [2023-06-16T11:53:21.109+0700] {dag.py:3486} INFO - Setting next_dagrun for example_skip_dag to 2023-06-15T04:53:21.109371+00:00, run_after=2023-06-16T04:53:21.109371+00:00
[2023-06-16T11:53:21.134+0700] {processor.py:179} INFO - Processing /Library/Frameworks/Python.framework/Versions/3.11/lib/python3.11/site-packages/airflow/example_dags/example_skip_dag.py took 1.326 seconds
[2023-06-16T11:56:38.327+0700] {processor.py:157} INFO - Started process (PID=96139) to work on /Library/Frameworks/Python.framework/Versions/3.11/lib/python3.11/site-packages/airflow/example_dags/example_skip_dag.py
[2023-06-16T11:56:38.329+0700] {processor.py:826} INFO - Processing file /Library/Frameworks/Python.framework/Versions/3.11/lib/python3.11/site-packages/airflow/example_dags/example_skip_dag.py for tasks to queue
[2023-06-16T11:56:38.329+0700] {logging_mixin.py:149} INFO - [2023-06-16T11:56:38.329+0700] {dagbag.py:541} INFO - Filling up the DagBag from /Library/Frameworks/Python.framework/Versions/3.11/lib/python3.11/site-packages/airflow/example_dags/example_skip_dag.py
[2023-06-16T11:56:38.356+0700] {processor.py:836} INFO - DAG(s) dict_keys(['example_skip_dag']) retrieved from /Library/Frameworks/Python.framework/Versions/3.11/lib/python3.11/site-packages/airflow/example_dags/example_skip_dag.py
[2023-06-16T11:56:39.599+0700] {logging_mixin.py:149} INFO - [2023-06-16T11:56:39.599+0700] {dag.py:2726} INFO - Sync 1 DAGs
[2023-06-16T11:56:39.622+0700] {logging_mixin.py:149} INFO - [2023-06-16T11:56:39.622+0700] {dag.py:3486} INFO - Setting next_dagrun for example_skip_dag to 2023-06-15T04:56:39.622395+00:00, run_after=2023-06-16T04:56:39.622395+00:00
[2023-06-16T11:56:39.644+0700] {processor.py:179} INFO - Processing /Library/Frameworks/Python.framework/Versions/3.11/lib/python3.11/site-packages/airflow/example_dags/example_skip_dag.py took 1.319 seconds
[2023-06-16T11:59:23.731+0700] {processor.py:157} INFO - Started process (PID=96479) to work on /Library/Frameworks/Python.framework/Versions/3.11/lib/python3.11/site-packages/airflow/example_dags/example_skip_dag.py
[2023-06-16T11:59:23.732+0700] {processor.py:826} INFO - Processing file /Library/Frameworks/Python.framework/Versions/3.11/lib/python3.11/site-packages/airflow/example_dags/example_skip_dag.py for tasks to queue
[2023-06-16T11:59:23.733+0700] {logging_mixin.py:149} INFO - [2023-06-16T11:59:23.732+0700] {dagbag.py:541} INFO - Filling up the DagBag from /Library/Frameworks/Python.framework/Versions/3.11/lib/python3.11/site-packages/airflow/example_dags/example_skip_dag.py
[2023-06-16T11:59:23.758+0700] {processor.py:836} INFO - DAG(s) dict_keys(['example_skip_dag']) retrieved from /Library/Frameworks/Python.framework/Versions/3.11/lib/python3.11/site-packages/airflow/example_dags/example_skip_dag.py
[2023-06-16T11:59:24.943+0700] {logging_mixin.py:149} INFO - [2023-06-16T11:59:24.942+0700] {dag.py:2726} INFO - Sync 1 DAGs
[2023-06-16T11:59:24.969+0700] {logging_mixin.py:149} INFO - [2023-06-16T11:59:24.969+0700] {dag.py:3486} INFO - Setting next_dagrun for example_skip_dag to 2023-06-15T04:59:24.969443+00:00, run_after=2023-06-16T04:59:24.969443+00:00
[2023-06-16T11:59:24.998+0700] {processor.py:179} INFO - Processing /Library/Frameworks/Python.framework/Versions/3.11/lib/python3.11/site-packages/airflow/example_dags/example_skip_dag.py took 1.269 seconds
[2023-06-16T12:02:20.736+0700] {processor.py:157} INFO - Started process (PID=96911) to work on /Library/Frameworks/Python.framework/Versions/3.11/lib/python3.11/site-packages/airflow/example_dags/example_skip_dag.py
[2023-06-16T12:02:20.737+0700] {processor.py:826} INFO - Processing file /Library/Frameworks/Python.framework/Versions/3.11/lib/python3.11/site-packages/airflow/example_dags/example_skip_dag.py for tasks to queue
[2023-06-16T12:02:20.738+0700] {logging_mixin.py:149} INFO - [2023-06-16T12:02:20.738+0700] {dagbag.py:541} INFO - Filling up the DagBag from /Library/Frameworks/Python.framework/Versions/3.11/lib/python3.11/site-packages/airflow/example_dags/example_skip_dag.py
[2023-06-16T12:02:20.758+0700] {processor.py:836} INFO - DAG(s) dict_keys(['example_skip_dag']) retrieved from /Library/Frameworks/Python.framework/Versions/3.11/lib/python3.11/site-packages/airflow/example_dags/example_skip_dag.py
[2023-06-16T12:02:21.894+0700] {logging_mixin.py:149} INFO - [2023-06-16T12:02:21.894+0700] {dag.py:2726} INFO - Sync 1 DAGs
[2023-06-16T12:02:21.914+0700] {logging_mixin.py:149} INFO - [2023-06-16T12:02:21.913+0700] {dag.py:3486} INFO - Setting next_dagrun for example_skip_dag to 2023-06-15T05:02:21.913205+00:00, run_after=2023-06-16T05:02:21.913205+00:00
[2023-06-16T12:02:21.937+0700] {processor.py:179} INFO - Processing /Library/Frameworks/Python.framework/Versions/3.11/lib/python3.11/site-packages/airflow/example_dags/example_skip_dag.py took 1.202 seconds
[2023-06-16T12:04:57.899+0700] {processor.py:157} INFO - Started process (PID=97255) to work on /Library/Frameworks/Python.framework/Versions/3.11/lib/python3.11/site-packages/airflow/example_dags/example_skip_dag.py
[2023-06-16T12:04:57.900+0700] {processor.py:826} INFO - Processing file /Library/Frameworks/Python.framework/Versions/3.11/lib/python3.11/site-packages/airflow/example_dags/example_skip_dag.py for tasks to queue
[2023-06-16T12:04:57.901+0700] {logging_mixin.py:149} INFO - [2023-06-16T12:04:57.900+0700] {dagbag.py:541} INFO - Filling up the DagBag from /Library/Frameworks/Python.framework/Versions/3.11/lib/python3.11/site-packages/airflow/example_dags/example_skip_dag.py
[2023-06-16T12:04:57.925+0700] {processor.py:836} INFO - DAG(s) dict_keys(['example_skip_dag']) retrieved from /Library/Frameworks/Python.framework/Versions/3.11/lib/python3.11/site-packages/airflow/example_dags/example_skip_dag.py
[2023-06-16T12:04:59.255+0700] {logging_mixin.py:149} INFO - [2023-06-16T12:04:59.255+0700] {dag.py:2726} INFO - Sync 1 DAGs
[2023-06-16T12:04:59.283+0700] {logging_mixin.py:149} INFO - [2023-06-16T12:04:59.283+0700] {dag.py:3486} INFO - Setting next_dagrun for example_skip_dag to 2023-06-15T05:04:59.282855+00:00, run_after=2023-06-16T05:04:59.282855+00:00
[2023-06-16T12:04:59.314+0700] {processor.py:179} INFO - Processing /Library/Frameworks/Python.framework/Versions/3.11/lib/python3.11/site-packages/airflow/example_dags/example_skip_dag.py took 1.416 seconds
[2023-06-16T12:07:25.923+0700] {processor.py:157} INFO - Started process (PID=97543) to work on /Library/Frameworks/Python.framework/Versions/3.11/lib/python3.11/site-packages/airflow/example_dags/example_skip_dag.py
[2023-06-16T12:07:25.924+0700] {processor.py:826} INFO - Processing file /Library/Frameworks/Python.framework/Versions/3.11/lib/python3.11/site-packages/airflow/example_dags/example_skip_dag.py for tasks to queue
[2023-06-16T12:07:25.924+0700] {logging_mixin.py:149} INFO - [2023-06-16T12:07:25.924+0700] {dagbag.py:541} INFO - Filling up the DagBag from /Library/Frameworks/Python.framework/Versions/3.11/lib/python3.11/site-packages/airflow/example_dags/example_skip_dag.py
[2023-06-16T12:07:25.944+0700] {processor.py:836} INFO - DAG(s) dict_keys(['example_skip_dag']) retrieved from /Library/Frameworks/Python.framework/Versions/3.11/lib/python3.11/site-packages/airflow/example_dags/example_skip_dag.py
[2023-06-16T12:07:26.981+0700] {logging_mixin.py:149} INFO - [2023-06-16T12:07:26.981+0700] {dag.py:2726} INFO - Sync 1 DAGs
[2023-06-16T12:07:27.002+0700] {logging_mixin.py:149} INFO - [2023-06-16T12:07:27.002+0700] {dag.py:3486} INFO - Setting next_dagrun for example_skip_dag to 2023-06-15T05:07:27.002461+00:00, run_after=2023-06-16T05:07:27.002461+00:00
[2023-06-16T12:07:27.022+0700] {processor.py:179} INFO - Processing /Library/Frameworks/Python.framework/Versions/3.11/lib/python3.11/site-packages/airflow/example_dags/example_skip_dag.py took 1.100 seconds
[2023-06-16T12:09:46.901+0700] {processor.py:157} INFO - Started process (PID=97835) to work on /Library/Frameworks/Python.framework/Versions/3.11/lib/python3.11/site-packages/airflow/example_dags/example_skip_dag.py
[2023-06-16T12:09:46.903+0700] {processor.py:826} INFO - Processing file /Library/Frameworks/Python.framework/Versions/3.11/lib/python3.11/site-packages/airflow/example_dags/example_skip_dag.py for tasks to queue
[2023-06-16T12:09:46.904+0700] {logging_mixin.py:149} INFO - [2023-06-16T12:09:46.903+0700] {dagbag.py:541} INFO - Filling up the DagBag from /Library/Frameworks/Python.framework/Versions/3.11/lib/python3.11/site-packages/airflow/example_dags/example_skip_dag.py
[2023-06-16T12:09:46.932+0700] {processor.py:836} INFO - DAG(s) dict_keys(['example_skip_dag']) retrieved from /Library/Frameworks/Python.framework/Versions/3.11/lib/python3.11/site-packages/airflow/example_dags/example_skip_dag.py
[2023-06-16T12:09:48.134+0700] {logging_mixin.py:149} INFO - [2023-06-16T12:09:48.134+0700] {dag.py:2726} INFO - Sync 1 DAGs
[2023-06-16T12:09:48.155+0700] {logging_mixin.py:149} INFO - [2023-06-16T12:09:48.155+0700] {dag.py:3486} INFO - Setting next_dagrun for example_skip_dag to 2023-06-15T05:09:48.155504+00:00, run_after=2023-06-16T05:09:48.155504+00:00
[2023-06-16T12:09:48.176+0700] {processor.py:179} INFO - Processing /Library/Frameworks/Python.framework/Versions/3.11/lib/python3.11/site-packages/airflow/example_dags/example_skip_dag.py took 1.276 seconds
[2023-06-16T12:12:14.121+0700] {processor.py:157} INFO - Started process (PID=98184) to work on /Library/Frameworks/Python.framework/Versions/3.11/lib/python3.11/site-packages/airflow/example_dags/example_skip_dag.py
[2023-06-16T12:12:14.122+0700] {processor.py:826} INFO - Processing file /Library/Frameworks/Python.framework/Versions/3.11/lib/python3.11/site-packages/airflow/example_dags/example_skip_dag.py for tasks to queue
[2023-06-16T12:12:14.123+0700] {logging_mixin.py:149} INFO - [2023-06-16T12:12:14.123+0700] {dagbag.py:541} INFO - Filling up the DagBag from /Library/Frameworks/Python.framework/Versions/3.11/lib/python3.11/site-packages/airflow/example_dags/example_skip_dag.py
[2023-06-16T12:12:14.145+0700] {processor.py:836} INFO - DAG(s) dict_keys(['example_skip_dag']) retrieved from /Library/Frameworks/Python.framework/Versions/3.11/lib/python3.11/site-packages/airflow/example_dags/example_skip_dag.py
[2023-06-16T12:12:15.213+0700] {logging_mixin.py:149} INFO - [2023-06-16T12:12:15.213+0700] {dag.py:2726} INFO - Sync 1 DAGs
[2023-06-16T12:12:15.235+0700] {logging_mixin.py:149} INFO - [2023-06-16T12:12:15.235+0700] {dag.py:3486} INFO - Setting next_dagrun for example_skip_dag to 2023-06-15T05:12:15.235453+00:00, run_after=2023-06-16T05:12:15.235453+00:00
[2023-06-16T12:12:15.258+0700] {processor.py:179} INFO - Processing /Library/Frameworks/Python.framework/Versions/3.11/lib/python3.11/site-packages/airflow/example_dags/example_skip_dag.py took 1.138 seconds
[2023-06-16T12:14:46.376+0700] {processor.py:157} INFO - Started process (PID=98488) to work on /Library/Frameworks/Python.framework/Versions/3.11/lib/python3.11/site-packages/airflow/example_dags/example_skip_dag.py
[2023-06-16T12:14:46.378+0700] {processor.py:826} INFO - Processing file /Library/Frameworks/Python.framework/Versions/3.11/lib/python3.11/site-packages/airflow/example_dags/example_skip_dag.py for tasks to queue
[2023-06-16T12:14:46.379+0700] {logging_mixin.py:149} INFO - [2023-06-16T12:14:46.379+0700] {dagbag.py:541} INFO - Filling up the DagBag from /Library/Frameworks/Python.framework/Versions/3.11/lib/python3.11/site-packages/airflow/example_dags/example_skip_dag.py
[2023-06-16T12:14:46.411+0700] {processor.py:836} INFO - DAG(s) dict_keys(['example_skip_dag']) retrieved from /Library/Frameworks/Python.framework/Versions/3.11/lib/python3.11/site-packages/airflow/example_dags/example_skip_dag.py
[2023-06-16T12:14:47.490+0700] {logging_mixin.py:149} INFO - [2023-06-16T12:14:47.490+0700] {dag.py:2726} INFO - Sync 1 DAGs
[2023-06-16T12:14:47.518+0700] {logging_mixin.py:149} INFO - [2023-06-16T12:14:47.518+0700] {dag.py:3486} INFO - Setting next_dagrun for example_skip_dag to 2023-06-15T05:14:47.518216+00:00, run_after=2023-06-16T05:14:47.518216+00:00
[2023-06-16T12:14:47.547+0700] {processor.py:179} INFO - Processing /Library/Frameworks/Python.framework/Versions/3.11/lib/python3.11/site-packages/airflow/example_dags/example_skip_dag.py took 1.172 seconds
[2023-06-16T12:17:16.279+0700] {processor.py:157} INFO - Started process (PID=98821) to work on /Library/Frameworks/Python.framework/Versions/3.11/lib/python3.11/site-packages/airflow/example_dags/example_skip_dag.py
[2023-06-16T12:17:16.281+0700] {processor.py:826} INFO - Processing file /Library/Frameworks/Python.framework/Versions/3.11/lib/python3.11/site-packages/airflow/example_dags/example_skip_dag.py for tasks to queue
[2023-06-16T12:17:16.281+0700] {logging_mixin.py:149} INFO - [2023-06-16T12:17:16.281+0700] {dagbag.py:541} INFO - Filling up the DagBag from /Library/Frameworks/Python.framework/Versions/3.11/lib/python3.11/site-packages/airflow/example_dags/example_skip_dag.py
[2023-06-16T12:17:16.305+0700] {processor.py:836} INFO - DAG(s) dict_keys(['example_skip_dag']) retrieved from /Library/Frameworks/Python.framework/Versions/3.11/lib/python3.11/site-packages/airflow/example_dags/example_skip_dag.py
[2023-06-16T12:17:17.382+0700] {logging_mixin.py:149} INFO - [2023-06-16T12:17:17.382+0700] {dag.py:2726} INFO - Sync 1 DAGs
[2023-06-16T12:17:17.408+0700] {logging_mixin.py:149} INFO - [2023-06-16T12:17:17.408+0700] {dag.py:3486} INFO - Setting next_dagrun for example_skip_dag to 2023-06-15T05:17:17.407938+00:00, run_after=2023-06-16T05:17:17.407938+00:00
[2023-06-16T12:17:17.432+0700] {processor.py:179} INFO - Processing /Library/Frameworks/Python.framework/Versions/3.11/lib/python3.11/site-packages/airflow/example_dags/example_skip_dag.py took 1.154 seconds
[2023-06-16T12:19:45.280+0700] {processor.py:157} INFO - Started process (PID=99096) to work on /Library/Frameworks/Python.framework/Versions/3.11/lib/python3.11/site-packages/airflow/example_dags/example_skip_dag.py
[2023-06-16T12:19:45.281+0700] {processor.py:826} INFO - Processing file /Library/Frameworks/Python.framework/Versions/3.11/lib/python3.11/site-packages/airflow/example_dags/example_skip_dag.py for tasks to queue
[2023-06-16T12:19:45.281+0700] {logging_mixin.py:149} INFO - [2023-06-16T12:19:45.281+0700] {dagbag.py:541} INFO - Filling up the DagBag from /Library/Frameworks/Python.framework/Versions/3.11/lib/python3.11/site-packages/airflow/example_dags/example_skip_dag.py
[2023-06-16T12:19:45.305+0700] {processor.py:836} INFO - DAG(s) dict_keys(['example_skip_dag']) retrieved from /Library/Frameworks/Python.framework/Versions/3.11/lib/python3.11/site-packages/airflow/example_dags/example_skip_dag.py
[2023-06-16T12:19:46.393+0700] {logging_mixin.py:149} INFO - [2023-06-16T12:19:46.393+0700] {dag.py:2726} INFO - Sync 1 DAGs
[2023-06-16T12:19:46.415+0700] {logging_mixin.py:149} INFO - [2023-06-16T12:19:46.415+0700] {dag.py:3486} INFO - Setting next_dagrun for example_skip_dag to 2023-06-15T05:19:46.414922+00:00, run_after=2023-06-16T05:19:46.414922+00:00
[2023-06-16T12:19:46.436+0700] {processor.py:179} INFO - Processing /Library/Frameworks/Python.framework/Versions/3.11/lib/python3.11/site-packages/airflow/example_dags/example_skip_dag.py took 1.156 seconds
[2023-06-16T12:22:18.047+0700] {processor.py:157} INFO - Started process (PID=99455) to work on /Library/Frameworks/Python.framework/Versions/3.11/lib/python3.11/site-packages/airflow/example_dags/example_skip_dag.py
[2023-06-16T12:22:18.048+0700] {processor.py:826} INFO - Processing file /Library/Frameworks/Python.framework/Versions/3.11/lib/python3.11/site-packages/airflow/example_dags/example_skip_dag.py for tasks to queue
[2023-06-16T12:22:18.048+0700] {logging_mixin.py:149} INFO - [2023-06-16T12:22:18.048+0700] {dagbag.py:541} INFO - Filling up the DagBag from /Library/Frameworks/Python.framework/Versions/3.11/lib/python3.11/site-packages/airflow/example_dags/example_skip_dag.py
[2023-06-16T12:22:18.075+0700] {processor.py:836} INFO - DAG(s) dict_keys(['example_skip_dag']) retrieved from /Library/Frameworks/Python.framework/Versions/3.11/lib/python3.11/site-packages/airflow/example_dags/example_skip_dag.py
[2023-06-16T12:22:19.478+0700] {logging_mixin.py:149} INFO - [2023-06-16T12:22:19.477+0700] {dag.py:2726} INFO - Sync 1 DAGs
[2023-06-16T12:22:19.506+0700] {logging_mixin.py:149} INFO - [2023-06-16T12:22:19.506+0700] {dag.py:3486} INFO - Setting next_dagrun for example_skip_dag to 2023-06-15T05:22:19.506489+00:00, run_after=2023-06-16T05:22:19.506489+00:00
[2023-06-16T12:22:19.530+0700] {processor.py:179} INFO - Processing /Library/Frameworks/Python.framework/Versions/3.11/lib/python3.11/site-packages/airflow/example_dags/example_skip_dag.py took 1.484 seconds
[2023-06-16T12:25:28.257+0700] {processor.py:157} INFO - Started process (PID=99857) to work on /Library/Frameworks/Python.framework/Versions/3.11/lib/python3.11/site-packages/airflow/example_dags/example_skip_dag.py
[2023-06-16T12:25:28.258+0700] {processor.py:826} INFO - Processing file /Library/Frameworks/Python.framework/Versions/3.11/lib/python3.11/site-packages/airflow/example_dags/example_skip_dag.py for tasks to queue
[2023-06-16T12:25:28.259+0700] {logging_mixin.py:149} INFO - [2023-06-16T12:25:28.259+0700] {dagbag.py:541} INFO - Filling up the DagBag from /Library/Frameworks/Python.framework/Versions/3.11/lib/python3.11/site-packages/airflow/example_dags/example_skip_dag.py
[2023-06-16T12:25:28.282+0700] {processor.py:836} INFO - DAG(s) dict_keys(['example_skip_dag']) retrieved from /Library/Frameworks/Python.framework/Versions/3.11/lib/python3.11/site-packages/airflow/example_dags/example_skip_dag.py
[2023-06-16T12:25:29.606+0700] {logging_mixin.py:149} INFO - [2023-06-16T12:25:29.606+0700] {dag.py:2726} INFO - Sync 1 DAGs
[2023-06-16T12:25:29.637+0700] {logging_mixin.py:149} INFO - [2023-06-16T12:25:29.637+0700] {dag.py:3486} INFO - Setting next_dagrun for example_skip_dag to 2023-06-15T05:25:29.637428+00:00, run_after=2023-06-16T05:25:29.637428+00:00
[2023-06-16T12:25:29.667+0700] {processor.py:179} INFO - Processing /Library/Frameworks/Python.framework/Versions/3.11/lib/python3.11/site-packages/airflow/example_dags/example_skip_dag.py took 1.411 seconds
[2023-06-16T12:28:17.056+0700] {processor.py:157} INFO - Started process (PID=642) to work on /Library/Frameworks/Python.framework/Versions/3.11/lib/python3.11/site-packages/airflow/example_dags/example_skip_dag.py
[2023-06-16T12:28:17.057+0700] {processor.py:826} INFO - Processing file /Library/Frameworks/Python.framework/Versions/3.11/lib/python3.11/site-packages/airflow/example_dags/example_skip_dag.py for tasks to queue
[2023-06-16T12:28:17.058+0700] {logging_mixin.py:149} INFO - [2023-06-16T12:28:17.057+0700] {dagbag.py:541} INFO - Filling up the DagBag from /Library/Frameworks/Python.framework/Versions/3.11/lib/python3.11/site-packages/airflow/example_dags/example_skip_dag.py
[2023-06-16T12:28:17.099+0700] {processor.py:836} INFO - DAG(s) dict_keys(['example_skip_dag']) retrieved from /Library/Frameworks/Python.framework/Versions/3.11/lib/python3.11/site-packages/airflow/example_dags/example_skip_dag.py
[2023-06-16T12:28:18.321+0700] {logging_mixin.py:149} INFO - [2023-06-16T12:28:18.321+0700] {dag.py:2726} INFO - Sync 1 DAGs
[2023-06-16T12:28:18.351+0700] {logging_mixin.py:149} INFO - [2023-06-16T12:28:18.350+0700] {dag.py:3486} INFO - Setting next_dagrun for example_skip_dag to 2023-06-15T05:28:18.350674+00:00, run_after=2023-06-16T05:28:18.350674+00:00
[2023-06-16T12:28:18.374+0700] {processor.py:179} INFO - Processing /Library/Frameworks/Python.framework/Versions/3.11/lib/python3.11/site-packages/airflow/example_dags/example_skip_dag.py took 1.319 seconds
[2023-06-16T12:30:52.193+0700] {processor.py:157} INFO - Started process (PID=1022) to work on /Library/Frameworks/Python.framework/Versions/3.11/lib/python3.11/site-packages/airflow/example_dags/example_skip_dag.py
[2023-06-16T12:30:52.194+0700] {processor.py:826} INFO - Processing file /Library/Frameworks/Python.framework/Versions/3.11/lib/python3.11/site-packages/airflow/example_dags/example_skip_dag.py for tasks to queue
[2023-06-16T12:30:52.194+0700] {logging_mixin.py:149} INFO - [2023-06-16T12:30:52.194+0700] {dagbag.py:541} INFO - Filling up the DagBag from /Library/Frameworks/Python.framework/Versions/3.11/lib/python3.11/site-packages/airflow/example_dags/example_skip_dag.py
[2023-06-16T12:30:52.220+0700] {processor.py:836} INFO - DAG(s) dict_keys(['example_skip_dag']) retrieved from /Library/Frameworks/Python.framework/Versions/3.11/lib/python3.11/site-packages/airflow/example_dags/example_skip_dag.py
[2023-06-16T12:30:53.619+0700] {logging_mixin.py:149} INFO - [2023-06-16T12:30:53.619+0700] {dag.py:2726} INFO - Sync 1 DAGs
[2023-06-16T12:30:53.647+0700] {logging_mixin.py:149} INFO - [2023-06-16T12:30:53.646+0700] {dag.py:3486} INFO - Setting next_dagrun for example_skip_dag to 2023-06-15T05:30:53.646439+00:00, run_after=2023-06-16T05:30:53.646439+00:00
[2023-06-16T12:30:53.671+0700] {processor.py:179} INFO - Processing /Library/Frameworks/Python.framework/Versions/3.11/lib/python3.11/site-packages/airflow/example_dags/example_skip_dag.py took 1.480 seconds
[2023-06-16T12:33:30.137+0700] {processor.py:157} INFO - Started process (PID=1415) to work on /Library/Frameworks/Python.framework/Versions/3.11/lib/python3.11/site-packages/airflow/example_dags/example_skip_dag.py
[2023-06-16T12:33:30.137+0700] {processor.py:826} INFO - Processing file /Library/Frameworks/Python.framework/Versions/3.11/lib/python3.11/site-packages/airflow/example_dags/example_skip_dag.py for tasks to queue
[2023-06-16T12:33:30.138+0700] {logging_mixin.py:149} INFO - [2023-06-16T12:33:30.138+0700] {dagbag.py:541} INFO - Filling up the DagBag from /Library/Frameworks/Python.framework/Versions/3.11/lib/python3.11/site-packages/airflow/example_dags/example_skip_dag.py
[2023-06-16T12:33:30.159+0700] {processor.py:836} INFO - DAG(s) dict_keys(['example_skip_dag']) retrieved from /Library/Frameworks/Python.framework/Versions/3.11/lib/python3.11/site-packages/airflow/example_dags/example_skip_dag.py
[2023-06-16T12:33:31.481+0700] {logging_mixin.py:149} INFO - [2023-06-16T12:33:31.480+0700] {dag.py:2726} INFO - Sync 1 DAGs
[2023-06-16T12:33:31.525+0700] {logging_mixin.py:149} INFO - [2023-06-16T12:33:31.524+0700] {dag.py:3486} INFO - Setting next_dagrun for example_skip_dag to 2023-06-15T05:33:31.524627+00:00, run_after=2023-06-16T05:33:31.524627+00:00
[2023-06-16T12:33:31.549+0700] {processor.py:179} INFO - Processing /Library/Frameworks/Python.framework/Versions/3.11/lib/python3.11/site-packages/airflow/example_dags/example_skip_dag.py took 1.415 seconds
[2023-06-16T12:36:11.146+0700] {processor.py:157} INFO - Started process (PID=1892) to work on /Library/Frameworks/Python.framework/Versions/3.11/lib/python3.11/site-packages/airflow/example_dags/example_skip_dag.py
[2023-06-16T12:36:11.147+0700] {processor.py:826} INFO - Processing file /Library/Frameworks/Python.framework/Versions/3.11/lib/python3.11/site-packages/airflow/example_dags/example_skip_dag.py for tasks to queue
[2023-06-16T12:36:11.148+0700] {logging_mixin.py:149} INFO - [2023-06-16T12:36:11.148+0700] {dagbag.py:541} INFO - Filling up the DagBag from /Library/Frameworks/Python.framework/Versions/3.11/lib/python3.11/site-packages/airflow/example_dags/example_skip_dag.py
[2023-06-16T12:36:11.184+0700] {processor.py:836} INFO - DAG(s) dict_keys(['example_skip_dag']) retrieved from /Library/Frameworks/Python.framework/Versions/3.11/lib/python3.11/site-packages/airflow/example_dags/example_skip_dag.py
[2023-06-16T12:36:12.671+0700] {logging_mixin.py:149} INFO - [2023-06-16T12:36:12.671+0700] {dag.py:2726} INFO - Sync 1 DAGs
[2023-06-16T12:36:12.702+0700] {logging_mixin.py:149} INFO - [2023-06-16T12:36:12.702+0700] {dag.py:3486} INFO - Setting next_dagrun for example_skip_dag to 2023-06-15T05:36:12.702530+00:00, run_after=2023-06-16T05:36:12.702530+00:00
[2023-06-16T12:36:12.728+0700] {processor.py:179} INFO - Processing /Library/Frameworks/Python.framework/Versions/3.11/lib/python3.11/site-packages/airflow/example_dags/example_skip_dag.py took 1.584 seconds
[2023-06-16T12:38:52.758+0700] {processor.py:157} INFO - Started process (PID=2250) to work on /Library/Frameworks/Python.framework/Versions/3.11/lib/python3.11/site-packages/airflow/example_dags/example_skip_dag.py
[2023-06-16T12:38:52.761+0700] {processor.py:826} INFO - Processing file /Library/Frameworks/Python.framework/Versions/3.11/lib/python3.11/site-packages/airflow/example_dags/example_skip_dag.py for tasks to queue
[2023-06-16T12:38:52.762+0700] {logging_mixin.py:149} INFO - [2023-06-16T12:38:52.762+0700] {dagbag.py:541} INFO - Filling up the DagBag from /Library/Frameworks/Python.framework/Versions/3.11/lib/python3.11/site-packages/airflow/example_dags/example_skip_dag.py
[2023-06-16T12:38:52.802+0700] {processor.py:836} INFO - DAG(s) dict_keys(['example_skip_dag']) retrieved from /Library/Frameworks/Python.framework/Versions/3.11/lib/python3.11/site-packages/airflow/example_dags/example_skip_dag.py
[2023-06-16T12:38:54.001+0700] {logging_mixin.py:149} INFO - [2023-06-16T12:38:54.001+0700] {dag.py:2726} INFO - Sync 1 DAGs
[2023-06-16T12:38:54.022+0700] {logging_mixin.py:149} INFO - [2023-06-16T12:38:54.022+0700] {dag.py:3486} INFO - Setting next_dagrun for example_skip_dag to 2023-06-15T05:38:54.022054+00:00, run_after=2023-06-16T05:38:54.022054+00:00
[2023-06-16T12:38:54.042+0700] {processor.py:179} INFO - Processing /Library/Frameworks/Python.framework/Versions/3.11/lib/python3.11/site-packages/airflow/example_dags/example_skip_dag.py took 1.285 seconds
[2023-06-16T12:41:56.724+0700] {processor.py:157} INFO - Started process (PID=2675) to work on /Library/Frameworks/Python.framework/Versions/3.11/lib/python3.11/site-packages/airflow/example_dags/example_skip_dag.py
[2023-06-16T12:41:56.727+0700] {processor.py:826} INFO - Processing file /Library/Frameworks/Python.framework/Versions/3.11/lib/python3.11/site-packages/airflow/example_dags/example_skip_dag.py for tasks to queue
[2023-06-16T12:41:56.728+0700] {logging_mixin.py:149} INFO - [2023-06-16T12:41:56.728+0700] {dagbag.py:541} INFO - Filling up the DagBag from /Library/Frameworks/Python.framework/Versions/3.11/lib/python3.11/site-packages/airflow/example_dags/example_skip_dag.py
[2023-06-16T12:41:56.763+0700] {processor.py:836} INFO - DAG(s) dict_keys(['example_skip_dag']) retrieved from /Library/Frameworks/Python.framework/Versions/3.11/lib/python3.11/site-packages/airflow/example_dags/example_skip_dag.py
[2023-06-16T12:41:58.159+0700] {logging_mixin.py:149} INFO - [2023-06-16T12:41:58.159+0700] {dag.py:2726} INFO - Sync 1 DAGs
[2023-06-16T12:41:58.181+0700] {logging_mixin.py:149} INFO - [2023-06-16T12:41:58.181+0700] {dag.py:3486} INFO - Setting next_dagrun for example_skip_dag to 2023-06-15T05:41:58.181650+00:00, run_after=2023-06-16T05:41:58.181650+00:00
[2023-06-16T12:41:58.203+0700] {processor.py:179} INFO - Processing /Library/Frameworks/Python.framework/Versions/3.11/lib/python3.11/site-packages/airflow/example_dags/example_skip_dag.py took 1.480 seconds
[2023-06-16T12:45:15.106+0700] {processor.py:157} INFO - Started process (PID=3233) to work on /Library/Frameworks/Python.framework/Versions/3.11/lib/python3.11/site-packages/airflow/example_dags/example_skip_dag.py
[2023-06-16T12:45:15.108+0700] {processor.py:826} INFO - Processing file /Library/Frameworks/Python.framework/Versions/3.11/lib/python3.11/site-packages/airflow/example_dags/example_skip_dag.py for tasks to queue
[2023-06-16T12:45:15.108+0700] {logging_mixin.py:149} INFO - [2023-06-16T12:45:15.108+0700] {dagbag.py:541} INFO - Filling up the DagBag from /Library/Frameworks/Python.framework/Versions/3.11/lib/python3.11/site-packages/airflow/example_dags/example_skip_dag.py
[2023-06-16T12:45:15.133+0700] {processor.py:836} INFO - DAG(s) dict_keys(['example_skip_dag']) retrieved from /Library/Frameworks/Python.framework/Versions/3.11/lib/python3.11/site-packages/airflow/example_dags/example_skip_dag.py
[2023-06-16T12:45:16.503+0700] {logging_mixin.py:149} INFO - [2023-06-16T12:45:16.503+0700] {dag.py:2726} INFO - Sync 1 DAGs
[2023-06-16T12:45:16.525+0700] {logging_mixin.py:149} INFO - [2023-06-16T12:45:16.524+0700] {dag.py:3486} INFO - Setting next_dagrun for example_skip_dag to 2023-06-15T05:45:16.524749+00:00, run_after=2023-06-16T05:45:16.524749+00:00
[2023-06-16T12:45:16.545+0700] {processor.py:179} INFO - Processing /Library/Frameworks/Python.framework/Versions/3.11/lib/python3.11/site-packages/airflow/example_dags/example_skip_dag.py took 1.440 seconds
[2023-06-16T12:48:25.390+0700] {processor.py:157} INFO - Started process (PID=3636) to work on /Library/Frameworks/Python.framework/Versions/3.11/lib/python3.11/site-packages/airflow/example_dags/example_skip_dag.py
[2023-06-16T12:48:25.392+0700] {processor.py:826} INFO - Processing file /Library/Frameworks/Python.framework/Versions/3.11/lib/python3.11/site-packages/airflow/example_dags/example_skip_dag.py for tasks to queue
[2023-06-16T12:48:25.392+0700] {logging_mixin.py:149} INFO - [2023-06-16T12:48:25.392+0700] {dagbag.py:541} INFO - Filling up the DagBag from /Library/Frameworks/Python.framework/Versions/3.11/lib/python3.11/site-packages/airflow/example_dags/example_skip_dag.py
[2023-06-16T12:48:25.415+0700] {processor.py:836} INFO - DAG(s) dict_keys(['example_skip_dag']) retrieved from /Library/Frameworks/Python.framework/Versions/3.11/lib/python3.11/site-packages/airflow/example_dags/example_skip_dag.py
[2023-06-16T12:48:26.747+0700] {logging_mixin.py:149} INFO - [2023-06-16T12:48:26.747+0700] {dag.py:2726} INFO - Sync 1 DAGs
[2023-06-16T12:48:26.771+0700] {logging_mixin.py:149} INFO - [2023-06-16T12:48:26.771+0700] {dag.py:3486} INFO - Setting next_dagrun for example_skip_dag to 2023-06-15T05:48:26.771006+00:00, run_after=2023-06-16T05:48:26.771006+00:00
[2023-06-16T12:48:26.796+0700] {processor.py:179} INFO - Processing /Library/Frameworks/Python.framework/Versions/3.11/lib/python3.11/site-packages/airflow/example_dags/example_skip_dag.py took 1.406 seconds
[2023-06-16T12:51:12.074+0700] {processor.py:157} INFO - Started process (PID=4038) to work on /Library/Frameworks/Python.framework/Versions/3.11/lib/python3.11/site-packages/airflow/example_dags/example_skip_dag.py
[2023-06-16T12:51:12.076+0700] {processor.py:826} INFO - Processing file /Library/Frameworks/Python.framework/Versions/3.11/lib/python3.11/site-packages/airflow/example_dags/example_skip_dag.py for tasks to queue
[2023-06-16T12:51:12.076+0700] {logging_mixin.py:149} INFO - [2023-06-16T12:51:12.076+0700] {dagbag.py:541} INFO - Filling up the DagBag from /Library/Frameworks/Python.framework/Versions/3.11/lib/python3.11/site-packages/airflow/example_dags/example_skip_dag.py
[2023-06-16T12:51:12.099+0700] {processor.py:836} INFO - DAG(s) dict_keys(['example_skip_dag']) retrieved from /Library/Frameworks/Python.framework/Versions/3.11/lib/python3.11/site-packages/airflow/example_dags/example_skip_dag.py
[2023-06-16T12:51:13.509+0700] {logging_mixin.py:149} INFO - [2023-06-16T12:51:13.508+0700] {dag.py:2726} INFO - Sync 1 DAGs
[2023-06-16T12:51:13.530+0700] {logging_mixin.py:149} INFO - [2023-06-16T12:51:13.530+0700] {dag.py:3486} INFO - Setting next_dagrun for example_skip_dag to 2023-06-15T05:51:13.530483+00:00, run_after=2023-06-16T05:51:13.530483+00:00
[2023-06-16T12:51:13.552+0700] {processor.py:179} INFO - Processing /Library/Frameworks/Python.framework/Versions/3.11/lib/python3.11/site-packages/airflow/example_dags/example_skip_dag.py took 1.479 seconds
[2023-06-16T12:53:45.875+0700] {processor.py:157} INFO - Started process (PID=4348) to work on /Library/Frameworks/Python.framework/Versions/3.11/lib/python3.11/site-packages/airflow/example_dags/example_skip_dag.py
[2023-06-16T12:53:45.876+0700] {processor.py:826} INFO - Processing file /Library/Frameworks/Python.framework/Versions/3.11/lib/python3.11/site-packages/airflow/example_dags/example_skip_dag.py for tasks to queue
[2023-06-16T12:53:45.877+0700] {logging_mixin.py:149} INFO - [2023-06-16T12:53:45.877+0700] {dagbag.py:541} INFO - Filling up the DagBag from /Library/Frameworks/Python.framework/Versions/3.11/lib/python3.11/site-packages/airflow/example_dags/example_skip_dag.py
[2023-06-16T12:53:45.904+0700] {processor.py:836} INFO - DAG(s) dict_keys(['example_skip_dag']) retrieved from /Library/Frameworks/Python.framework/Versions/3.11/lib/python3.11/site-packages/airflow/example_dags/example_skip_dag.py
[2023-06-16T12:53:47.396+0700] {logging_mixin.py:149} INFO - [2023-06-16T12:53:47.396+0700] {dag.py:2726} INFO - Sync 1 DAGs
[2023-06-16T12:53:47.422+0700] {logging_mixin.py:149} INFO - [2023-06-16T12:53:47.421+0700] {dag.py:3486} INFO - Setting next_dagrun for example_skip_dag to 2023-06-15T05:53:47.421841+00:00, run_after=2023-06-16T05:53:47.421841+00:00
[2023-06-16T12:53:47.446+0700] {processor.py:179} INFO - Processing /Library/Frameworks/Python.framework/Versions/3.11/lib/python3.11/site-packages/airflow/example_dags/example_skip_dag.py took 1.572 seconds
[2023-06-16T12:56:22.364+0700] {processor.py:157} INFO - Started process (PID=4750) to work on /Library/Frameworks/Python.framework/Versions/3.11/lib/python3.11/site-packages/airflow/example_dags/example_skip_dag.py
[2023-06-16T12:56:22.364+0700] {processor.py:826} INFO - Processing file /Library/Frameworks/Python.framework/Versions/3.11/lib/python3.11/site-packages/airflow/example_dags/example_skip_dag.py for tasks to queue
[2023-06-16T12:56:22.365+0700] {logging_mixin.py:149} INFO - [2023-06-16T12:56:22.365+0700] {dagbag.py:541} INFO - Filling up the DagBag from /Library/Frameworks/Python.framework/Versions/3.11/lib/python3.11/site-packages/airflow/example_dags/example_skip_dag.py
[2023-06-16T12:56:22.386+0700] {processor.py:836} INFO - DAG(s) dict_keys(['example_skip_dag']) retrieved from /Library/Frameworks/Python.framework/Versions/3.11/lib/python3.11/site-packages/airflow/example_dags/example_skip_dag.py
[2023-06-16T12:56:23.466+0700] {logging_mixin.py:149} INFO - [2023-06-16T12:56:23.466+0700] {dag.py:2726} INFO - Sync 1 DAGs
[2023-06-16T12:56:23.489+0700] {logging_mixin.py:149} INFO - [2023-06-16T12:56:23.488+0700] {dag.py:3486} INFO - Setting next_dagrun for example_skip_dag to 2023-06-15T05:56:23.488847+00:00, run_after=2023-06-16T05:56:23.488847+00:00
[2023-06-16T12:56:23.513+0700] {processor.py:179} INFO - Processing /Library/Frameworks/Python.framework/Versions/3.11/lib/python3.11/site-packages/airflow/example_dags/example_skip_dag.py took 1.150 seconds
[2023-06-16T12:58:58.299+0700] {processor.py:157} INFO - Started process (PID=5120) to work on /Library/Frameworks/Python.framework/Versions/3.11/lib/python3.11/site-packages/airflow/example_dags/example_skip_dag.py
[2023-06-16T12:58:58.301+0700] {processor.py:826} INFO - Processing file /Library/Frameworks/Python.framework/Versions/3.11/lib/python3.11/site-packages/airflow/example_dags/example_skip_dag.py for tasks to queue
[2023-06-16T12:58:58.302+0700] {logging_mixin.py:149} INFO - [2023-06-16T12:58:58.301+0700] {dagbag.py:541} INFO - Filling up the DagBag from /Library/Frameworks/Python.framework/Versions/3.11/lib/python3.11/site-packages/airflow/example_dags/example_skip_dag.py
[2023-06-16T12:58:58.362+0700] {processor.py:836} INFO - DAG(s) dict_keys(['example_skip_dag']) retrieved from /Library/Frameworks/Python.framework/Versions/3.11/lib/python3.11/site-packages/airflow/example_dags/example_skip_dag.py
[2023-06-16T12:58:59.811+0700] {logging_mixin.py:149} INFO - [2023-06-16T12:58:59.810+0700] {dag.py:2726} INFO - Sync 1 DAGs
[2023-06-16T12:58:59.844+0700] {logging_mixin.py:149} INFO - [2023-06-16T12:58:59.844+0700] {dag.py:3486} INFO - Setting next_dagrun for example_skip_dag to 2023-06-15T05:58:59.844120+00:00, run_after=2023-06-16T05:58:59.844120+00:00
[2023-06-16T12:58:59.875+0700] {processor.py:179} INFO - Processing /Library/Frameworks/Python.framework/Versions/3.11/lib/python3.11/site-packages/airflow/example_dags/example_skip_dag.py took 1.578 seconds
[2023-06-16T13:01:54.956+0700] {processor.py:157} INFO - Started process (PID=5582) to work on /Library/Frameworks/Python.framework/Versions/3.11/lib/python3.11/site-packages/airflow/example_dags/example_skip_dag.py
[2023-06-16T13:01:54.958+0700] {processor.py:826} INFO - Processing file /Library/Frameworks/Python.framework/Versions/3.11/lib/python3.11/site-packages/airflow/example_dags/example_skip_dag.py for tasks to queue
[2023-06-16T13:01:54.960+0700] {logging_mixin.py:149} INFO - [2023-06-16T13:01:54.960+0700] {dagbag.py:541} INFO - Filling up the DagBag from /Library/Frameworks/Python.framework/Versions/3.11/lib/python3.11/site-packages/airflow/example_dags/example_skip_dag.py
[2023-06-16T13:01:54.995+0700] {processor.py:836} INFO - DAG(s) dict_keys(['example_skip_dag']) retrieved from /Library/Frameworks/Python.framework/Versions/3.11/lib/python3.11/site-packages/airflow/example_dags/example_skip_dag.py
[2023-06-16T13:01:56.539+0700] {logging_mixin.py:149} INFO - [2023-06-16T13:01:56.539+0700] {dag.py:2726} INFO - Sync 1 DAGs
[2023-06-16T13:01:56.564+0700] {logging_mixin.py:149} INFO - [2023-06-16T13:01:56.563+0700] {dag.py:3486} INFO - Setting next_dagrun for example_skip_dag to 2023-06-15T06:01:56.563776+00:00, run_after=2023-06-16T06:01:56.563776+00:00
[2023-06-16T13:01:56.589+0700] {processor.py:179} INFO - Processing /Library/Frameworks/Python.framework/Versions/3.11/lib/python3.11/site-packages/airflow/example_dags/example_skip_dag.py took 1.635 seconds
[2023-06-16T13:04:37.191+0700] {processor.py:157} INFO - Started process (PID=6007) to work on /Library/Frameworks/Python.framework/Versions/3.11/lib/python3.11/site-packages/airflow/example_dags/example_skip_dag.py
[2023-06-16T13:04:37.193+0700] {processor.py:826} INFO - Processing file /Library/Frameworks/Python.framework/Versions/3.11/lib/python3.11/site-packages/airflow/example_dags/example_skip_dag.py for tasks to queue
[2023-06-16T13:04:37.193+0700] {logging_mixin.py:149} INFO - [2023-06-16T13:04:37.193+0700] {dagbag.py:541} INFO - Filling up the DagBag from /Library/Frameworks/Python.framework/Versions/3.11/lib/python3.11/site-packages/airflow/example_dags/example_skip_dag.py
[2023-06-16T13:04:37.216+0700] {processor.py:836} INFO - DAG(s) dict_keys(['example_skip_dag']) retrieved from /Library/Frameworks/Python.framework/Versions/3.11/lib/python3.11/site-packages/airflow/example_dags/example_skip_dag.py
[2023-06-16T13:04:38.478+0700] {logging_mixin.py:149} INFO - [2023-06-16T13:04:38.477+0700] {dag.py:2726} INFO - Sync 1 DAGs
[2023-06-16T13:04:38.504+0700] {logging_mixin.py:149} INFO - [2023-06-16T13:04:38.504+0700] {dag.py:3486} INFO - Setting next_dagrun for example_skip_dag to 2023-06-15T06:04:38.504471+00:00, run_after=2023-06-16T06:04:38.504471+00:00
[2023-06-16T13:04:38.529+0700] {processor.py:179} INFO - Processing /Library/Frameworks/Python.framework/Versions/3.11/lib/python3.11/site-packages/airflow/example_dags/example_skip_dag.py took 1.338 seconds
[2023-06-16T13:07:13.152+0700] {processor.py:157} INFO - Started process (PID=6314) to work on /Library/Frameworks/Python.framework/Versions/3.11/lib/python3.11/site-packages/airflow/example_dags/example_skip_dag.py
[2023-06-16T13:07:13.154+0700] {processor.py:826} INFO - Processing file /Library/Frameworks/Python.framework/Versions/3.11/lib/python3.11/site-packages/airflow/example_dags/example_skip_dag.py for tasks to queue
[2023-06-16T13:07:13.155+0700] {logging_mixin.py:149} INFO - [2023-06-16T13:07:13.155+0700] {dagbag.py:541} INFO - Filling up the DagBag from /Library/Frameworks/Python.framework/Versions/3.11/lib/python3.11/site-packages/airflow/example_dags/example_skip_dag.py
[2023-06-16T13:07:13.188+0700] {processor.py:836} INFO - DAG(s) dict_keys(['example_skip_dag']) retrieved from /Library/Frameworks/Python.framework/Versions/3.11/lib/python3.11/site-packages/airflow/example_dags/example_skip_dag.py
[2023-06-16T13:07:14.468+0700] {logging_mixin.py:149} INFO - [2023-06-16T13:07:14.468+0700] {dag.py:2726} INFO - Sync 1 DAGs
[2023-06-16T13:07:14.488+0700] {logging_mixin.py:149} INFO - [2023-06-16T13:07:14.488+0700] {dag.py:3486} INFO - Setting next_dagrun for example_skip_dag to 2023-06-15T06:07:14.488106+00:00, run_after=2023-06-16T06:07:14.488106+00:00
[2023-06-16T13:07:14.512+0700] {processor.py:179} INFO - Processing /Library/Frameworks/Python.framework/Versions/3.11/lib/python3.11/site-packages/airflow/example_dags/example_skip_dag.py took 1.361 seconds
[2023-06-16T13:09:49.562+0700] {processor.py:157} INFO - Started process (PID=6698) to work on /Library/Frameworks/Python.framework/Versions/3.11/lib/python3.11/site-packages/airflow/example_dags/example_skip_dag.py
[2023-06-16T13:09:49.564+0700] {processor.py:826} INFO - Processing file /Library/Frameworks/Python.framework/Versions/3.11/lib/python3.11/site-packages/airflow/example_dags/example_skip_dag.py for tasks to queue
[2023-06-16T13:09:49.565+0700] {logging_mixin.py:149} INFO - [2023-06-16T13:09:49.564+0700] {dagbag.py:541} INFO - Filling up the DagBag from /Library/Frameworks/Python.framework/Versions/3.11/lib/python3.11/site-packages/airflow/example_dags/example_skip_dag.py
[2023-06-16T13:09:49.596+0700] {processor.py:836} INFO - DAG(s) dict_keys(['example_skip_dag']) retrieved from /Library/Frameworks/Python.framework/Versions/3.11/lib/python3.11/site-packages/airflow/example_dags/example_skip_dag.py
[2023-06-16T13:09:51.011+0700] {logging_mixin.py:149} INFO - [2023-06-16T13:09:51.010+0700] {dag.py:2726} INFO - Sync 1 DAGs
[2023-06-16T13:09:51.044+0700] {logging_mixin.py:149} INFO - [2023-06-16T13:09:51.044+0700] {dag.py:3486} INFO - Setting next_dagrun for example_skip_dag to 2023-06-15T06:09:51.044103+00:00, run_after=2023-06-16T06:09:51.044103+00:00
[2023-06-16T13:09:51.063+0700] {processor.py:179} INFO - Processing /Library/Frameworks/Python.framework/Versions/3.11/lib/python3.11/site-packages/airflow/example_dags/example_skip_dag.py took 1.502 seconds
[2023-06-16T13:12:22.364+0700] {processor.py:157} INFO - Started process (PID=7148) to work on /Library/Frameworks/Python.framework/Versions/3.11/lib/python3.11/site-packages/airflow/example_dags/example_skip_dag.py
[2023-06-16T13:12:22.365+0700] {processor.py:826} INFO - Processing file /Library/Frameworks/Python.framework/Versions/3.11/lib/python3.11/site-packages/airflow/example_dags/example_skip_dag.py for tasks to queue
[2023-06-16T13:12:22.366+0700] {logging_mixin.py:149} INFO - [2023-06-16T13:12:22.366+0700] {dagbag.py:541} INFO - Filling up the DagBag from /Library/Frameworks/Python.framework/Versions/3.11/lib/python3.11/site-packages/airflow/example_dags/example_skip_dag.py
[2023-06-16T13:12:22.390+0700] {processor.py:836} INFO - DAG(s) dict_keys(['example_skip_dag']) retrieved from /Library/Frameworks/Python.framework/Versions/3.11/lib/python3.11/site-packages/airflow/example_dags/example_skip_dag.py
[2023-06-16T13:12:23.442+0700] {logging_mixin.py:149} INFO - [2023-06-16T13:12:23.442+0700] {dag.py:2726} INFO - Sync 1 DAGs
[2023-06-16T13:12:23.463+0700] {logging_mixin.py:149} INFO - [2023-06-16T13:12:23.463+0700] {dag.py:3486} INFO - Setting next_dagrun for example_skip_dag to 2023-06-15T06:12:23.462948+00:00, run_after=2023-06-16T06:12:23.462948+00:00
[2023-06-16T13:12:23.487+0700] {processor.py:179} INFO - Processing /Library/Frameworks/Python.framework/Versions/3.11/lib/python3.11/site-packages/airflow/example_dags/example_skip_dag.py took 1.124 seconds
[2023-06-16T13:15:19.771+0700] {processor.py:157} INFO - Started process (PID=7562) to work on /Library/Frameworks/Python.framework/Versions/3.11/lib/python3.11/site-packages/airflow/example_dags/example_skip_dag.py
[2023-06-16T13:15:19.772+0700] {processor.py:826} INFO - Processing file /Library/Frameworks/Python.framework/Versions/3.11/lib/python3.11/site-packages/airflow/example_dags/example_skip_dag.py for tasks to queue
[2023-06-16T13:15:19.773+0700] {logging_mixin.py:149} INFO - [2023-06-16T13:15:19.773+0700] {dagbag.py:541} INFO - Filling up the DagBag from /Library/Frameworks/Python.framework/Versions/3.11/lib/python3.11/site-packages/airflow/example_dags/example_skip_dag.py
[2023-06-16T13:15:19.796+0700] {processor.py:836} INFO - DAG(s) dict_keys(['example_skip_dag']) retrieved from /Library/Frameworks/Python.framework/Versions/3.11/lib/python3.11/site-packages/airflow/example_dags/example_skip_dag.py
[2023-06-16T13:15:21.352+0700] {logging_mixin.py:149} INFO - [2023-06-16T13:15:21.351+0700] {dag.py:2726} INFO - Sync 1 DAGs
[2023-06-16T13:15:21.374+0700] {logging_mixin.py:149} INFO - [2023-06-16T13:15:21.374+0700] {dag.py:3486} INFO - Setting next_dagrun for example_skip_dag to 2023-06-15T06:15:21.374106+00:00, run_after=2023-06-16T06:15:21.374106+00:00
[2023-06-16T13:15:21.398+0700] {processor.py:179} INFO - Processing /Library/Frameworks/Python.framework/Versions/3.11/lib/python3.11/site-packages/airflow/example_dags/example_skip_dag.py took 1.629 seconds
[2023-06-16T13:18:50.206+0700] {processor.py:157} INFO - Started process (PID=8056) to work on /Library/Frameworks/Python.framework/Versions/3.11/lib/python3.11/site-packages/airflow/example_dags/example_skip_dag.py
[2023-06-16T13:18:50.206+0700] {processor.py:826} INFO - Processing file /Library/Frameworks/Python.framework/Versions/3.11/lib/python3.11/site-packages/airflow/example_dags/example_skip_dag.py for tasks to queue
[2023-06-16T13:18:50.207+0700] {logging_mixin.py:149} INFO - [2023-06-16T13:18:50.207+0700] {dagbag.py:541} INFO - Filling up the DagBag from /Library/Frameworks/Python.framework/Versions/3.11/lib/python3.11/site-packages/airflow/example_dags/example_skip_dag.py
[2023-06-16T13:18:50.234+0700] {processor.py:836} INFO - DAG(s) dict_keys(['example_skip_dag']) retrieved from /Library/Frameworks/Python.framework/Versions/3.11/lib/python3.11/site-packages/airflow/example_dags/example_skip_dag.py
[2023-06-16T13:18:51.751+0700] {logging_mixin.py:149} INFO - [2023-06-16T13:18:51.751+0700] {dag.py:2726} INFO - Sync 1 DAGs
[2023-06-16T13:18:51.777+0700] {logging_mixin.py:149} INFO - [2023-06-16T13:18:51.777+0700] {dag.py:3486} INFO - Setting next_dagrun for example_skip_dag to 2023-06-15T06:18:51.777282+00:00, run_after=2023-06-16T06:18:51.777282+00:00
[2023-06-16T13:18:51.803+0700] {processor.py:179} INFO - Processing /Library/Frameworks/Python.framework/Versions/3.11/lib/python3.11/site-packages/airflow/example_dags/example_skip_dag.py took 1.599 seconds
[2023-06-16T13:21:42.361+0700] {processor.py:157} INFO - Started process (PID=8437) to work on /Library/Frameworks/Python.framework/Versions/3.11/lib/python3.11/site-packages/airflow/example_dags/example_skip_dag.py
[2023-06-16T13:21:42.362+0700] {processor.py:826} INFO - Processing file /Library/Frameworks/Python.framework/Versions/3.11/lib/python3.11/site-packages/airflow/example_dags/example_skip_dag.py for tasks to queue
[2023-06-16T13:21:42.363+0700] {logging_mixin.py:149} INFO - [2023-06-16T13:21:42.363+0700] {dagbag.py:541} INFO - Filling up the DagBag from /Library/Frameworks/Python.framework/Versions/3.11/lib/python3.11/site-packages/airflow/example_dags/example_skip_dag.py
[2023-06-16T13:21:42.404+0700] {processor.py:836} INFO - DAG(s) dict_keys(['example_skip_dag']) retrieved from /Library/Frameworks/Python.framework/Versions/3.11/lib/python3.11/site-packages/airflow/example_dags/example_skip_dag.py
[2023-06-16T13:21:44.574+0700] {logging_mixin.py:149} INFO - [2023-06-16T13:21:44.574+0700] {dag.py:2726} INFO - Sync 1 DAGs
[2023-06-16T13:21:44.787+0700] {logging_mixin.py:149} INFO - [2023-06-16T13:21:44.787+0700] {dag.py:3486} INFO - Setting next_dagrun for example_skip_dag to 2023-06-15T06:21:44.786502+00:00, run_after=2023-06-16T06:21:44.786502+00:00
[2023-06-16T13:21:44.838+0700] {processor.py:179} INFO - Processing /Library/Frameworks/Python.framework/Versions/3.11/lib/python3.11/site-packages/airflow/example_dags/example_skip_dag.py took 2.478 seconds
[2023-06-16T13:24:14.697+0700] {processor.py:157} INFO - Started process (PID=8720) to work on /Library/Frameworks/Python.framework/Versions/3.11/lib/python3.11/site-packages/airflow/example_dags/example_skip_dag.py
[2023-06-16T13:24:14.698+0700] {processor.py:826} INFO - Processing file /Library/Frameworks/Python.framework/Versions/3.11/lib/python3.11/site-packages/airflow/example_dags/example_skip_dag.py for tasks to queue
[2023-06-16T13:24:14.698+0700] {logging_mixin.py:149} INFO - [2023-06-16T13:24:14.698+0700] {dagbag.py:541} INFO - Filling up the DagBag from /Library/Frameworks/Python.framework/Versions/3.11/lib/python3.11/site-packages/airflow/example_dags/example_skip_dag.py
[2023-06-16T13:24:14.720+0700] {processor.py:836} INFO - DAG(s) dict_keys(['example_skip_dag']) retrieved from /Library/Frameworks/Python.framework/Versions/3.11/lib/python3.11/site-packages/airflow/example_dags/example_skip_dag.py
[2023-06-16T13:24:15.790+0700] {logging_mixin.py:149} INFO - [2023-06-16T13:24:15.790+0700] {dag.py:2726} INFO - Sync 1 DAGs
[2023-06-16T13:24:15.810+0700] {logging_mixin.py:149} INFO - [2023-06-16T13:24:15.809+0700] {dag.py:3486} INFO - Setting next_dagrun for example_skip_dag to 2023-06-15T06:24:15.809695+00:00, run_after=2023-06-16T06:24:15.809695+00:00
[2023-06-16T13:24:15.830+0700] {processor.py:179} INFO - Processing /Library/Frameworks/Python.framework/Versions/3.11/lib/python3.11/site-packages/airflow/example_dags/example_skip_dag.py took 1.135 seconds
[2023-06-16T13:26:37.352+0700] {processor.py:157} INFO - Started process (PID=9075) to work on /Library/Frameworks/Python.framework/Versions/3.11/lib/python3.11/site-packages/airflow/example_dags/example_skip_dag.py
[2023-06-16T13:26:37.353+0700] {processor.py:826} INFO - Processing file /Library/Frameworks/Python.framework/Versions/3.11/lib/python3.11/site-packages/airflow/example_dags/example_skip_dag.py for tasks to queue
[2023-06-16T13:26:37.354+0700] {logging_mixin.py:149} INFO - [2023-06-16T13:26:37.353+0700] {dagbag.py:541} INFO - Filling up the DagBag from /Library/Frameworks/Python.framework/Versions/3.11/lib/python3.11/site-packages/airflow/example_dags/example_skip_dag.py
[2023-06-16T13:26:37.377+0700] {processor.py:836} INFO - DAG(s) dict_keys(['example_skip_dag']) retrieved from /Library/Frameworks/Python.framework/Versions/3.11/lib/python3.11/site-packages/airflow/example_dags/example_skip_dag.py
[2023-06-16T13:26:38.508+0700] {logging_mixin.py:149} INFO - [2023-06-16T13:26:38.507+0700] {dag.py:2726} INFO - Sync 1 DAGs
[2023-06-16T13:26:38.529+0700] {logging_mixin.py:149} INFO - [2023-06-16T13:26:38.529+0700] {dag.py:3486} INFO - Setting next_dagrun for example_skip_dag to 2023-06-15T06:26:38.529193+00:00, run_after=2023-06-16T06:26:38.529193+00:00
[2023-06-16T13:26:38.551+0700] {processor.py:179} INFO - Processing /Library/Frameworks/Python.framework/Versions/3.11/lib/python3.11/site-packages/airflow/example_dags/example_skip_dag.py took 1.200 seconds
[2023-06-16T13:29:06.311+0700] {processor.py:157} INFO - Started process (PID=9363) to work on /Library/Frameworks/Python.framework/Versions/3.11/lib/python3.11/site-packages/airflow/example_dags/example_skip_dag.py
[2023-06-16T13:29:06.312+0700] {processor.py:826} INFO - Processing file /Library/Frameworks/Python.framework/Versions/3.11/lib/python3.11/site-packages/airflow/example_dags/example_skip_dag.py for tasks to queue
[2023-06-16T13:29:06.312+0700] {logging_mixin.py:149} INFO - [2023-06-16T13:29:06.312+0700] {dagbag.py:541} INFO - Filling up the DagBag from /Library/Frameworks/Python.framework/Versions/3.11/lib/python3.11/site-packages/airflow/example_dags/example_skip_dag.py
[2023-06-16T13:29:06.339+0700] {processor.py:836} INFO - DAG(s) dict_keys(['example_skip_dag']) retrieved from /Library/Frameworks/Python.framework/Versions/3.11/lib/python3.11/site-packages/airflow/example_dags/example_skip_dag.py
[2023-06-16T13:29:07.553+0700] {logging_mixin.py:149} INFO - [2023-06-16T13:29:07.552+0700] {dag.py:2726} INFO - Sync 1 DAGs
[2023-06-16T13:29:07.578+0700] {logging_mixin.py:149} INFO - [2023-06-16T13:29:07.577+0700] {dag.py:3486} INFO - Setting next_dagrun for example_skip_dag to 2023-06-15T06:29:07.577765+00:00, run_after=2023-06-16T06:29:07.577765+00:00
[2023-06-16T13:29:07.606+0700] {processor.py:179} INFO - Processing /Library/Frameworks/Python.framework/Versions/3.11/lib/python3.11/site-packages/airflow/example_dags/example_skip_dag.py took 1.298 seconds
[2023-06-16T13:31:38.504+0700] {processor.py:157} INFO - Started process (PID=9773) to work on /Library/Frameworks/Python.framework/Versions/3.11/lib/python3.11/site-packages/airflow/example_dags/example_skip_dag.py
[2023-06-16T13:31:38.504+0700] {processor.py:826} INFO - Processing file /Library/Frameworks/Python.framework/Versions/3.11/lib/python3.11/site-packages/airflow/example_dags/example_skip_dag.py for tasks to queue
[2023-06-16T13:31:38.505+0700] {logging_mixin.py:149} INFO - [2023-06-16T13:31:38.505+0700] {dagbag.py:541} INFO - Filling up the DagBag from /Library/Frameworks/Python.framework/Versions/3.11/lib/python3.11/site-packages/airflow/example_dags/example_skip_dag.py
[2023-06-16T13:31:38.534+0700] {processor.py:836} INFO - DAG(s) dict_keys(['example_skip_dag']) retrieved from /Library/Frameworks/Python.framework/Versions/3.11/lib/python3.11/site-packages/airflow/example_dags/example_skip_dag.py
[2023-06-16T13:31:39.678+0700] {logging_mixin.py:149} INFO - [2023-06-16T13:31:39.678+0700] {dag.py:2726} INFO - Sync 1 DAGs
[2023-06-16T13:31:39.701+0700] {logging_mixin.py:149} INFO - [2023-06-16T13:31:39.701+0700] {dag.py:3486} INFO - Setting next_dagrun for example_skip_dag to 2023-06-15T06:31:39.701279+00:00, run_after=2023-06-16T06:31:39.701279+00:00
[2023-06-16T13:31:39.721+0700] {processor.py:179} INFO - Processing /Library/Frameworks/Python.framework/Versions/3.11/lib/python3.11/site-packages/airflow/example_dags/example_skip_dag.py took 1.218 seconds
[2023-06-16T13:34:17.383+0700] {processor.py:157} INFO - Started process (PID=10341) to work on /Library/Frameworks/Python.framework/Versions/3.11/lib/python3.11/site-packages/airflow/example_dags/example_skip_dag.py
[2023-06-16T13:34:17.385+0700] {processor.py:826} INFO - Processing file /Library/Frameworks/Python.framework/Versions/3.11/lib/python3.11/site-packages/airflow/example_dags/example_skip_dag.py for tasks to queue
[2023-06-16T13:34:17.386+0700] {logging_mixin.py:149} INFO - [2023-06-16T13:34:17.385+0700] {dagbag.py:541} INFO - Filling up the DagBag from /Library/Frameworks/Python.framework/Versions/3.11/lib/python3.11/site-packages/airflow/example_dags/example_skip_dag.py
[2023-06-16T13:34:17.422+0700] {processor.py:836} INFO - DAG(s) dict_keys(['example_skip_dag']) retrieved from /Library/Frameworks/Python.framework/Versions/3.11/lib/python3.11/site-packages/airflow/example_dags/example_skip_dag.py
[2023-06-16T13:34:18.692+0700] {logging_mixin.py:149} INFO - [2023-06-16T13:34:18.692+0700] {dag.py:2726} INFO - Sync 1 DAGs
[2023-06-16T13:34:18.716+0700] {logging_mixin.py:149} INFO - [2023-06-16T13:34:18.716+0700] {dag.py:3486} INFO - Setting next_dagrun for example_skip_dag to 2023-06-15T06:34:18.716045+00:00, run_after=2023-06-16T06:34:18.716045+00:00
[2023-06-16T13:34:18.742+0700] {processor.py:179} INFO - Processing /Library/Frameworks/Python.framework/Versions/3.11/lib/python3.11/site-packages/airflow/example_dags/example_skip_dag.py took 1.359 seconds
[2023-06-16T13:37:10.538+0700] {processor.py:157} INFO - Started process (PID=10750) to work on /Library/Frameworks/Python.framework/Versions/3.11/lib/python3.11/site-packages/airflow/example_dags/example_skip_dag.py
[2023-06-16T13:37:10.539+0700] {processor.py:826} INFO - Processing file /Library/Frameworks/Python.framework/Versions/3.11/lib/python3.11/site-packages/airflow/example_dags/example_skip_dag.py for tasks to queue
[2023-06-16T13:37:10.540+0700] {logging_mixin.py:149} INFO - [2023-06-16T13:37:10.540+0700] {dagbag.py:541} INFO - Filling up the DagBag from /Library/Frameworks/Python.framework/Versions/3.11/lib/python3.11/site-packages/airflow/example_dags/example_skip_dag.py
[2023-06-16T13:37:10.563+0700] {processor.py:836} INFO - DAG(s) dict_keys(['example_skip_dag']) retrieved from /Library/Frameworks/Python.framework/Versions/3.11/lib/python3.11/site-packages/airflow/example_dags/example_skip_dag.py
[2023-06-16T13:37:11.674+0700] {logging_mixin.py:149} INFO - [2023-06-16T13:37:11.673+0700] {dag.py:2726} INFO - Sync 1 DAGs
[2023-06-16T13:37:11.698+0700] {logging_mixin.py:149} INFO - [2023-06-16T13:37:11.698+0700] {dag.py:3486} INFO - Setting next_dagrun for example_skip_dag to 2023-06-15T06:37:11.698275+00:00, run_after=2023-06-16T06:37:11.698275+00:00
[2023-06-16T13:37:11.722+0700] {processor.py:179} INFO - Processing /Library/Frameworks/Python.framework/Versions/3.11/lib/python3.11/site-packages/airflow/example_dags/example_skip_dag.py took 1.184 seconds
[2023-06-16T13:39:51.164+0700] {processor.py:157} INFO - Started process (PID=11117) to work on /Library/Frameworks/Python.framework/Versions/3.11/lib/python3.11/site-packages/airflow/example_dags/example_skip_dag.py
[2023-06-16T13:39:51.165+0700] {processor.py:826} INFO - Processing file /Library/Frameworks/Python.framework/Versions/3.11/lib/python3.11/site-packages/airflow/example_dags/example_skip_dag.py for tasks to queue
[2023-06-16T13:39:51.166+0700] {logging_mixin.py:149} INFO - [2023-06-16T13:39:51.165+0700] {dagbag.py:541} INFO - Filling up the DagBag from /Library/Frameworks/Python.framework/Versions/3.11/lib/python3.11/site-packages/airflow/example_dags/example_skip_dag.py
[2023-06-16T13:39:51.198+0700] {processor.py:836} INFO - DAG(s) dict_keys(['example_skip_dag']) retrieved from /Library/Frameworks/Python.framework/Versions/3.11/lib/python3.11/site-packages/airflow/example_dags/example_skip_dag.py
[2023-06-16T13:39:52.496+0700] {logging_mixin.py:149} INFO - [2023-06-16T13:39:52.495+0700] {dag.py:2726} INFO - Sync 1 DAGs
[2023-06-16T13:39:52.521+0700] {logging_mixin.py:149} INFO - [2023-06-16T13:39:52.520+0700] {dag.py:3486} INFO - Setting next_dagrun for example_skip_dag to 2023-06-15T06:39:52.520816+00:00, run_after=2023-06-16T06:39:52.520816+00:00
[2023-06-16T13:39:52.542+0700] {processor.py:179} INFO - Processing /Library/Frameworks/Python.framework/Versions/3.11/lib/python3.11/site-packages/airflow/example_dags/example_skip_dag.py took 1.379 seconds
[2023-06-16T13:42:38.853+0700] {processor.py:157} INFO - Started process (PID=11453) to work on /Library/Frameworks/Python.framework/Versions/3.11/lib/python3.11/site-packages/airflow/example_dags/example_skip_dag.py
[2023-06-16T13:42:38.854+0700] {processor.py:826} INFO - Processing file /Library/Frameworks/Python.framework/Versions/3.11/lib/python3.11/site-packages/airflow/example_dags/example_skip_dag.py for tasks to queue
[2023-06-16T13:42:38.855+0700] {logging_mixin.py:149} INFO - [2023-06-16T13:42:38.855+0700] {dagbag.py:541} INFO - Filling up the DagBag from /Library/Frameworks/Python.framework/Versions/3.11/lib/python3.11/site-packages/airflow/example_dags/example_skip_dag.py
[2023-06-16T13:42:38.884+0700] {processor.py:836} INFO - DAG(s) dict_keys(['example_skip_dag']) retrieved from /Library/Frameworks/Python.framework/Versions/3.11/lib/python3.11/site-packages/airflow/example_dags/example_skip_dag.py
[2023-06-16T13:42:39.994+0700] {logging_mixin.py:149} INFO - [2023-06-16T13:42:39.993+0700] {dag.py:2726} INFO - Sync 1 DAGs
[2023-06-16T13:42:40.014+0700] {logging_mixin.py:149} INFO - [2023-06-16T13:42:40.014+0700] {dag.py:3486} INFO - Setting next_dagrun for example_skip_dag to 2023-06-15T06:42:40.013855+00:00, run_after=2023-06-16T06:42:40.013855+00:00
[2023-06-16T13:42:40.034+0700] {processor.py:179} INFO - Processing /Library/Frameworks/Python.framework/Versions/3.11/lib/python3.11/site-packages/airflow/example_dags/example_skip_dag.py took 1.182 seconds
[2023-06-16T13:45:23.876+0700] {processor.py:157} INFO - Started process (PID=11760) to work on /Library/Frameworks/Python.framework/Versions/3.11/lib/python3.11/site-packages/airflow/example_dags/example_skip_dag.py
[2023-06-16T13:45:23.877+0700] {processor.py:826} INFO - Processing file /Library/Frameworks/Python.framework/Versions/3.11/lib/python3.11/site-packages/airflow/example_dags/example_skip_dag.py for tasks to queue
[2023-06-16T13:45:23.877+0700] {logging_mixin.py:149} INFO - [2023-06-16T13:45:23.877+0700] {dagbag.py:541} INFO - Filling up the DagBag from /Library/Frameworks/Python.framework/Versions/3.11/lib/python3.11/site-packages/airflow/example_dags/example_skip_dag.py
[2023-06-16T13:45:23.898+0700] {processor.py:836} INFO - DAG(s) dict_keys(['example_skip_dag']) retrieved from /Library/Frameworks/Python.framework/Versions/3.11/lib/python3.11/site-packages/airflow/example_dags/example_skip_dag.py
[2023-06-16T13:45:25.041+0700] {logging_mixin.py:149} INFO - [2023-06-16T13:45:25.041+0700] {dag.py:2726} INFO - Sync 1 DAGs
[2023-06-16T13:45:25.062+0700] {logging_mixin.py:149} INFO - [2023-06-16T13:45:25.062+0700] {dag.py:3486} INFO - Setting next_dagrun for example_skip_dag to 2023-06-15T06:45:25.062563+00:00, run_after=2023-06-16T06:45:25.062563+00:00
[2023-06-16T13:45:25.083+0700] {processor.py:179} INFO - Processing /Library/Frameworks/Python.framework/Versions/3.11/lib/python3.11/site-packages/airflow/example_dags/example_skip_dag.py took 1.208 seconds
[2023-06-16T13:47:53.453+0700] {processor.py:157} INFO - Started process (PID=12080) to work on /Library/Frameworks/Python.framework/Versions/3.11/lib/python3.11/site-packages/airflow/example_dags/example_skip_dag.py
[2023-06-16T13:47:53.454+0700] {processor.py:826} INFO - Processing file /Library/Frameworks/Python.framework/Versions/3.11/lib/python3.11/site-packages/airflow/example_dags/example_skip_dag.py for tasks to queue
[2023-06-16T13:47:53.455+0700] {logging_mixin.py:149} INFO - [2023-06-16T13:47:53.455+0700] {dagbag.py:541} INFO - Filling up the DagBag from /Library/Frameworks/Python.framework/Versions/3.11/lib/python3.11/site-packages/airflow/example_dags/example_skip_dag.py
[2023-06-16T13:47:53.481+0700] {processor.py:836} INFO - DAG(s) dict_keys(['example_skip_dag']) retrieved from /Library/Frameworks/Python.framework/Versions/3.11/lib/python3.11/site-packages/airflow/example_dags/example_skip_dag.py
[2023-06-16T13:47:54.647+0700] {logging_mixin.py:149} INFO - [2023-06-16T13:47:54.646+0700] {dag.py:2726} INFO - Sync 1 DAGs
[2023-06-16T13:47:54.672+0700] {logging_mixin.py:149} INFO - [2023-06-16T13:47:54.672+0700] {dag.py:3486} INFO - Setting next_dagrun for example_skip_dag to 2023-06-15T06:47:54.672025+00:00, run_after=2023-06-16T06:47:54.672025+00:00
[2023-06-16T13:47:54.694+0700] {processor.py:179} INFO - Processing /Library/Frameworks/Python.framework/Versions/3.11/lib/python3.11/site-packages/airflow/example_dags/example_skip_dag.py took 1.242 seconds
[2023-06-16T13:52:15.705+0700] {processor.py:157} INFO - Started process (PID=12461) to work on /Library/Frameworks/Python.framework/Versions/3.11/lib/python3.11/site-packages/airflow/example_dags/example_skip_dag.py
[2023-06-16T13:52:15.707+0700] {processor.py:826} INFO - Processing file /Library/Frameworks/Python.framework/Versions/3.11/lib/python3.11/site-packages/airflow/example_dags/example_skip_dag.py for tasks to queue
[2023-06-16T13:52:15.707+0700] {logging_mixin.py:149} INFO - [2023-06-16T13:52:15.707+0700] {dagbag.py:541} INFO - Filling up the DagBag from /Library/Frameworks/Python.framework/Versions/3.11/lib/python3.11/site-packages/airflow/example_dags/example_skip_dag.py
[2023-06-16T13:52:15.753+0700] {processor.py:836} INFO - DAG(s) dict_keys(['example_skip_dag']) retrieved from /Library/Frameworks/Python.framework/Versions/3.11/lib/python3.11/site-packages/airflow/example_dags/example_skip_dag.py
[2023-06-16T13:52:17.388+0700] {logging_mixin.py:149} INFO - [2023-06-16T13:52:17.388+0700] {dag.py:2726} INFO - Sync 1 DAGs
[2023-06-16T13:52:17.411+0700] {logging_mixin.py:149} INFO - [2023-06-16T13:52:17.410+0700] {dag.py:3486} INFO - Setting next_dagrun for example_skip_dag to 2023-06-15T06:52:17.410850+00:00, run_after=2023-06-16T06:52:17.410850+00:00
[2023-06-16T13:52:17.437+0700] {processor.py:179} INFO - Processing /Library/Frameworks/Python.framework/Versions/3.11/lib/python3.11/site-packages/airflow/example_dags/example_skip_dag.py took 1.732 seconds
[2023-06-16T13:54:45.472+0700] {processor.py:157} INFO - Started process (PID=12839) to work on /Library/Frameworks/Python.framework/Versions/3.11/lib/python3.11/site-packages/airflow/example_dags/example_skip_dag.py
[2023-06-16T13:54:45.474+0700] {processor.py:826} INFO - Processing file /Library/Frameworks/Python.framework/Versions/3.11/lib/python3.11/site-packages/airflow/example_dags/example_skip_dag.py for tasks to queue
[2023-06-16T13:54:45.476+0700] {logging_mixin.py:149} INFO - [2023-06-16T13:54:45.475+0700] {dagbag.py:541} INFO - Filling up the DagBag from /Library/Frameworks/Python.framework/Versions/3.11/lib/python3.11/site-packages/airflow/example_dags/example_skip_dag.py
[2023-06-16T13:54:45.497+0700] {processor.py:836} INFO - DAG(s) dict_keys(['example_skip_dag']) retrieved from /Library/Frameworks/Python.framework/Versions/3.11/lib/python3.11/site-packages/airflow/example_dags/example_skip_dag.py
[2023-06-16T13:54:46.825+0700] {logging_mixin.py:149} INFO - [2023-06-16T13:54:46.825+0700] {dag.py:2726} INFO - Sync 1 DAGs
[2023-06-16T13:54:46.845+0700] {logging_mixin.py:149} INFO - [2023-06-16T13:54:46.845+0700] {dag.py:3486} INFO - Setting next_dagrun for example_skip_dag to 2023-06-15T06:54:46.844862+00:00, run_after=2023-06-16T06:54:46.844862+00:00
[2023-06-16T13:54:46.875+0700] {processor.py:179} INFO - Processing /Library/Frameworks/Python.framework/Versions/3.11/lib/python3.11/site-packages/airflow/example_dags/example_skip_dag.py took 1.405 seconds
[2023-06-16T13:57:26.817+0700] {processor.py:157} INFO - Started process (PID=13187) to work on /Library/Frameworks/Python.framework/Versions/3.11/lib/python3.11/site-packages/airflow/example_dags/example_skip_dag.py
[2023-06-16T13:57:26.817+0700] {processor.py:826} INFO - Processing file /Library/Frameworks/Python.framework/Versions/3.11/lib/python3.11/site-packages/airflow/example_dags/example_skip_dag.py for tasks to queue
[2023-06-16T13:57:26.818+0700] {logging_mixin.py:149} INFO - [2023-06-16T13:57:26.818+0700] {dagbag.py:541} INFO - Filling up the DagBag from /Library/Frameworks/Python.framework/Versions/3.11/lib/python3.11/site-packages/airflow/example_dags/example_skip_dag.py
[2023-06-16T13:57:26.856+0700] {processor.py:836} INFO - DAG(s) dict_keys(['example_skip_dag']) retrieved from /Library/Frameworks/Python.framework/Versions/3.11/lib/python3.11/site-packages/airflow/example_dags/example_skip_dag.py
[2023-06-16T13:57:28.102+0700] {logging_mixin.py:149} INFO - [2023-06-16T13:57:28.102+0700] {dag.py:2726} INFO - Sync 1 DAGs
[2023-06-16T13:57:28.134+0700] {logging_mixin.py:149} INFO - [2023-06-16T13:57:28.133+0700] {dag.py:3486} INFO - Setting next_dagrun for example_skip_dag to 2023-06-15T06:57:28.133557+00:00, run_after=2023-06-16T06:57:28.133557+00:00
[2023-06-16T13:57:28.160+0700] {processor.py:179} INFO - Processing /Library/Frameworks/Python.framework/Versions/3.11/lib/python3.11/site-packages/airflow/example_dags/example_skip_dag.py took 1.344 seconds
[2023-06-16T14:00:06.187+0700] {processor.py:157} INFO - Started process (PID=13472) to work on /Library/Frameworks/Python.framework/Versions/3.11/lib/python3.11/site-packages/airflow/example_dags/example_skip_dag.py
[2023-06-16T14:00:06.187+0700] {processor.py:826} INFO - Processing file /Library/Frameworks/Python.framework/Versions/3.11/lib/python3.11/site-packages/airflow/example_dags/example_skip_dag.py for tasks to queue
[2023-06-16T14:00:06.188+0700] {logging_mixin.py:149} INFO - [2023-06-16T14:00:06.188+0700] {dagbag.py:541} INFO - Filling up the DagBag from /Library/Frameworks/Python.framework/Versions/3.11/lib/python3.11/site-packages/airflow/example_dags/example_skip_dag.py
[2023-06-16T14:00:06.216+0700] {processor.py:836} INFO - DAG(s) dict_keys(['example_skip_dag']) retrieved from /Library/Frameworks/Python.framework/Versions/3.11/lib/python3.11/site-packages/airflow/example_dags/example_skip_dag.py
[2023-06-16T14:00:07.457+0700] {logging_mixin.py:149} INFO - [2023-06-16T14:00:07.457+0700] {dag.py:2726} INFO - Sync 1 DAGs
[2023-06-16T14:00:07.476+0700] {logging_mixin.py:149} INFO - [2023-06-16T14:00:07.476+0700] {dag.py:3486} INFO - Setting next_dagrun for example_skip_dag to 2023-06-15T07:00:07.476283+00:00, run_after=2023-06-16T07:00:07.476283+00:00
[2023-06-16T14:00:07.499+0700] {processor.py:179} INFO - Processing /Library/Frameworks/Python.framework/Versions/3.11/lib/python3.11/site-packages/airflow/example_dags/example_skip_dag.py took 1.313 seconds
[2023-06-16T14:02:36.659+0700] {processor.py:157} INFO - Started process (PID=13850) to work on /Library/Frameworks/Python.framework/Versions/3.11/lib/python3.11/site-packages/airflow/example_dags/example_skip_dag.py
[2023-06-16T14:02:36.659+0700] {processor.py:826} INFO - Processing file /Library/Frameworks/Python.framework/Versions/3.11/lib/python3.11/site-packages/airflow/example_dags/example_skip_dag.py for tasks to queue
[2023-06-16T14:02:36.660+0700] {logging_mixin.py:149} INFO - [2023-06-16T14:02:36.660+0700] {dagbag.py:541} INFO - Filling up the DagBag from /Library/Frameworks/Python.framework/Versions/3.11/lib/python3.11/site-packages/airflow/example_dags/example_skip_dag.py
[2023-06-16T14:02:36.688+0700] {processor.py:836} INFO - DAG(s) dict_keys(['example_skip_dag']) retrieved from /Library/Frameworks/Python.framework/Versions/3.11/lib/python3.11/site-packages/airflow/example_dags/example_skip_dag.py
[2023-06-16T14:02:38.236+0700] {logging_mixin.py:149} INFO - [2023-06-16T14:02:38.236+0700] {dag.py:2726} INFO - Sync 1 DAGs
[2023-06-16T14:02:38.264+0700] {logging_mixin.py:149} INFO - [2023-06-16T14:02:38.264+0700] {dag.py:3486} INFO - Setting next_dagrun for example_skip_dag to 2023-06-15T07:02:38.264134+00:00, run_after=2023-06-16T07:02:38.264134+00:00
[2023-06-16T14:02:38.298+0700] {processor.py:179} INFO - Processing /Library/Frameworks/Python.framework/Versions/3.11/lib/python3.11/site-packages/airflow/example_dags/example_skip_dag.py took 1.640 seconds
[2023-06-16T14:05:01.433+0700] {processor.py:157} INFO - Started process (PID=14098) to work on /Library/Frameworks/Python.framework/Versions/3.11/lib/python3.11/site-packages/airflow/example_dags/example_skip_dag.py
[2023-06-16T14:05:01.435+0700] {processor.py:826} INFO - Processing file /Library/Frameworks/Python.framework/Versions/3.11/lib/python3.11/site-packages/airflow/example_dags/example_skip_dag.py for tasks to queue
[2023-06-16T14:05:01.437+0700] {logging_mixin.py:149} INFO - [2023-06-16T14:05:01.436+0700] {dagbag.py:541} INFO - Filling up the DagBag from /Library/Frameworks/Python.framework/Versions/3.11/lib/python3.11/site-packages/airflow/example_dags/example_skip_dag.py
[2023-06-16T14:05:01.464+0700] {processor.py:836} INFO - DAG(s) dict_keys(['example_skip_dag']) retrieved from /Library/Frameworks/Python.framework/Versions/3.11/lib/python3.11/site-packages/airflow/example_dags/example_skip_dag.py
[2023-06-16T14:05:02.875+0700] {logging_mixin.py:149} INFO - [2023-06-16T14:05:02.874+0700] {dag.py:2726} INFO - Sync 1 DAGs
[2023-06-16T14:05:02.908+0700] {logging_mixin.py:149} INFO - [2023-06-16T14:05:02.908+0700] {dag.py:3486} INFO - Setting next_dagrun for example_skip_dag to 2023-06-15T07:05:02.907967+00:00, run_after=2023-06-16T07:05:02.907967+00:00
[2023-06-16T14:05:02.931+0700] {processor.py:179} INFO - Processing /Library/Frameworks/Python.framework/Versions/3.11/lib/python3.11/site-packages/airflow/example_dags/example_skip_dag.py took 1.499 seconds
[2023-06-16T14:07:55.912+0700] {processor.py:157} INFO - Started process (PID=14594) to work on /Library/Frameworks/Python.framework/Versions/3.11/lib/python3.11/site-packages/airflow/example_dags/example_skip_dag.py
[2023-06-16T14:07:55.913+0700] {processor.py:826} INFO - Processing file /Library/Frameworks/Python.framework/Versions/3.11/lib/python3.11/site-packages/airflow/example_dags/example_skip_dag.py for tasks to queue
[2023-06-16T14:07:55.915+0700] {logging_mixin.py:149} INFO - [2023-06-16T14:07:55.914+0700] {dagbag.py:541} INFO - Filling up the DagBag from /Library/Frameworks/Python.framework/Versions/3.11/lib/python3.11/site-packages/airflow/example_dags/example_skip_dag.py
[2023-06-16T14:07:55.947+0700] {processor.py:836} INFO - DAG(s) dict_keys(['example_skip_dag']) retrieved from /Library/Frameworks/Python.framework/Versions/3.11/lib/python3.11/site-packages/airflow/example_dags/example_skip_dag.py
[2023-06-16T14:07:57.474+0700] {logging_mixin.py:149} INFO - [2023-06-16T14:07:57.473+0700] {dag.py:2726} INFO - Sync 1 DAGs
[2023-06-16T14:07:57.498+0700] {logging_mixin.py:149} INFO - [2023-06-16T14:07:57.498+0700] {dag.py:3486} INFO - Setting next_dagrun for example_skip_dag to 2023-06-15T07:07:57.498057+00:00, run_after=2023-06-16T07:07:57.498057+00:00
[2023-06-16T14:07:57.532+0700] {processor.py:179} INFO - Processing /Library/Frameworks/Python.framework/Versions/3.11/lib/python3.11/site-packages/airflow/example_dags/example_skip_dag.py took 1.622 seconds
