[2023-06-16T11:02:22.882+0700] {processor.py:157} INFO - Started process (PID=88986) to work on /Library/Frameworks/Python.framework/Versions/3.11/lib/python3.11/site-packages/airflow/example_dags/example_branch_day_of_week_operator.py
[2023-06-16T11:02:22.883+0700] {processor.py:826} INFO - Processing file /Library/Frameworks/Python.framework/Versions/3.11/lib/python3.11/site-packages/airflow/example_dags/example_branch_day_of_week_operator.py for tasks to queue
[2023-06-16T11:02:22.884+0700] {logging_mixin.py:149} INFO - [2023-06-16T11:02:22.884+0700] {dagbag.py:541} INFO - Filling up the DagBag from /Library/Frameworks/Python.framework/Versions/3.11/lib/python3.11/site-packages/airflow/example_dags/example_branch_day_of_week_operator.py
[2023-06-16T11:02:22.917+0700] {processor.py:836} INFO - DAG(s) dict_keys(['example_weekday_branch_operator']) retrieved from /Library/Frameworks/Python.framework/Versions/3.11/lib/python3.11/site-packages/airflow/example_dags/example_branch_day_of_week_operator.py
[2023-06-16T11:02:24.150+0700] {logging_mixin.py:149} INFO - [2023-06-16T11:02:24.150+0700] {dag.py:2726} INFO - Sync 1 DAGs
[2023-06-16T11:02:24.170+0700] {logging_mixin.py:149} INFO - [2023-06-16T11:02:24.170+0700] {dag.py:3486} INFO - Setting next_dagrun for example_weekday_branch_operator to 2023-06-15T00:00:00+00:00, run_after=2023-06-16T00:00:00+00:00
[2023-06-16T11:02:24.189+0700] {processor.py:179} INFO - Processing /Library/Frameworks/Python.framework/Versions/3.11/lib/python3.11/site-packages/airflow/example_dags/example_branch_day_of_week_operator.py took 1.307 seconds
[2023-06-16T11:07:35.841+0700] {processor.py:157} INFO - Started process (PID=89648) to work on /Library/Frameworks/Python.framework/Versions/3.11/lib/python3.11/site-packages/airflow/example_dags/example_branch_day_of_week_operator.py
[2023-06-16T11:07:35.842+0700] {processor.py:826} INFO - Processing file /Library/Frameworks/Python.framework/Versions/3.11/lib/python3.11/site-packages/airflow/example_dags/example_branch_day_of_week_operator.py for tasks to queue
[2023-06-16T11:07:35.843+0700] {logging_mixin.py:149} INFO - [2023-06-16T11:07:35.843+0700] {dagbag.py:541} INFO - Filling up the DagBag from /Library/Frameworks/Python.framework/Versions/3.11/lib/python3.11/site-packages/airflow/example_dags/example_branch_day_of_week_operator.py
[2023-06-16T11:07:35.871+0700] {processor.py:836} INFO - DAG(s) dict_keys(['example_weekday_branch_operator']) retrieved from /Library/Frameworks/Python.framework/Versions/3.11/lib/python3.11/site-packages/airflow/example_dags/example_branch_day_of_week_operator.py
[2023-06-16T11:07:37.109+0700] {logging_mixin.py:149} INFO - [2023-06-16T11:07:37.109+0700] {dag.py:2726} INFO - Sync 1 DAGs
[2023-06-16T11:07:37.134+0700] {logging_mixin.py:149} INFO - [2023-06-16T11:07:37.134+0700] {dag.py:3486} INFO - Setting next_dagrun for example_weekday_branch_operator to 2023-06-15T00:00:00+00:00, run_after=2023-06-16T00:00:00+00:00
[2023-06-16T11:07:37.157+0700] {processor.py:179} INFO - Processing /Library/Frameworks/Python.framework/Versions/3.11/lib/python3.11/site-packages/airflow/example_dags/example_branch_day_of_week_operator.py took 1.317 seconds
[2023-06-16T11:14:28.736+0700] {processor.py:157} INFO - Started process (PID=90501) to work on /Library/Frameworks/Python.framework/Versions/3.11/lib/python3.11/site-packages/airflow/example_dags/example_branch_day_of_week_operator.py
[2023-06-16T11:14:28.736+0700] {processor.py:826} INFO - Processing file /Library/Frameworks/Python.framework/Versions/3.11/lib/python3.11/site-packages/airflow/example_dags/example_branch_day_of_week_operator.py for tasks to queue
[2023-06-16T11:14:28.737+0700] {logging_mixin.py:149} INFO - [2023-06-16T11:14:28.737+0700] {dagbag.py:541} INFO - Filling up the DagBag from /Library/Frameworks/Python.framework/Versions/3.11/lib/python3.11/site-packages/airflow/example_dags/example_branch_day_of_week_operator.py
[2023-06-16T11:14:28.762+0700] {processor.py:836} INFO - DAG(s) dict_keys(['example_weekday_branch_operator']) retrieved from /Library/Frameworks/Python.framework/Versions/3.11/lib/python3.11/site-packages/airflow/example_dags/example_branch_day_of_week_operator.py
[2023-06-16T11:14:29.990+0700] {logging_mixin.py:149} INFO - [2023-06-16T11:14:29.990+0700] {dag.py:2726} INFO - Sync 1 DAGs
[2023-06-16T11:14:30.014+0700] {logging_mixin.py:149} INFO - [2023-06-16T11:14:30.013+0700] {dag.py:3486} INFO - Setting next_dagrun for example_weekday_branch_operator to 2023-06-15T00:00:00+00:00, run_after=2023-06-16T00:00:00+00:00
[2023-06-16T11:14:30.038+0700] {processor.py:179} INFO - Processing /Library/Frameworks/Python.framework/Versions/3.11/lib/python3.11/site-packages/airflow/example_dags/example_branch_day_of_week_operator.py took 1.304 seconds
[2023-06-16T11:20:51.195+0700] {processor.py:157} INFO - Started process (PID=91297) to work on /Library/Frameworks/Python.framework/Versions/3.11/lib/python3.11/site-packages/airflow/example_dags/example_branch_day_of_week_operator.py
[2023-06-16T11:20:51.196+0700] {processor.py:826} INFO - Processing file /Library/Frameworks/Python.framework/Versions/3.11/lib/python3.11/site-packages/airflow/example_dags/example_branch_day_of_week_operator.py for tasks to queue
[2023-06-16T11:20:51.197+0700] {logging_mixin.py:149} INFO - [2023-06-16T11:20:51.196+0700] {dagbag.py:541} INFO - Filling up the DagBag from /Library/Frameworks/Python.framework/Versions/3.11/lib/python3.11/site-packages/airflow/example_dags/example_branch_day_of_week_operator.py
[2023-06-16T11:20:51.224+0700] {processor.py:836} INFO - DAG(s) dict_keys(['example_weekday_branch_operator']) retrieved from /Library/Frameworks/Python.framework/Versions/3.11/lib/python3.11/site-packages/airflow/example_dags/example_branch_day_of_week_operator.py
[2023-06-16T11:20:52.587+0700] {logging_mixin.py:149} INFO - [2023-06-16T11:20:52.587+0700] {dag.py:2726} INFO - Sync 1 DAGs
[2023-06-16T11:20:52.610+0700] {logging_mixin.py:149} INFO - [2023-06-16T11:20:52.610+0700] {dag.py:3486} INFO - Setting next_dagrun for example_weekday_branch_operator to 2023-06-15T00:00:00+00:00, run_after=2023-06-16T00:00:00+00:00
[2023-06-16T11:20:52.632+0700] {processor.py:179} INFO - Processing /Library/Frameworks/Python.framework/Versions/3.11/lib/python3.11/site-packages/airflow/example_dags/example_branch_day_of_week_operator.py took 1.439 seconds
[2023-06-16T11:31:16.549+0700] {processor.py:157} INFO - Started process (PID=92636) to work on /Library/Frameworks/Python.framework/Versions/3.11/lib/python3.11/site-packages/airflow/example_dags/example_branch_day_of_week_operator.py
[2023-06-16T11:31:16.550+0700] {processor.py:826} INFO - Processing file /Library/Frameworks/Python.framework/Versions/3.11/lib/python3.11/site-packages/airflow/example_dags/example_branch_day_of_week_operator.py for tasks to queue
[2023-06-16T11:31:16.551+0700] {logging_mixin.py:149} INFO - [2023-06-16T11:31:16.551+0700] {dagbag.py:541} INFO - Filling up the DagBag from /Library/Frameworks/Python.framework/Versions/3.11/lib/python3.11/site-packages/airflow/example_dags/example_branch_day_of_week_operator.py
[2023-06-16T11:31:16.579+0700] {processor.py:836} INFO - DAG(s) dict_keys(['example_weekday_branch_operator']) retrieved from /Library/Frameworks/Python.framework/Versions/3.11/lib/python3.11/site-packages/airflow/example_dags/example_branch_day_of_week_operator.py
[2023-06-16T11:31:17.795+0700] {logging_mixin.py:149} INFO - [2023-06-16T11:31:17.794+0700] {dag.py:2726} INFO - Sync 1 DAGs
[2023-06-16T11:31:17.820+0700] {logging_mixin.py:149} INFO - [2023-06-16T11:31:17.820+0700] {dag.py:3486} INFO - Setting next_dagrun for example_weekday_branch_operator to 2023-06-15T00:00:00+00:00, run_after=2023-06-16T00:00:00+00:00
[2023-06-16T11:31:17.842+0700] {processor.py:179} INFO - Processing /Library/Frameworks/Python.framework/Versions/3.11/lib/python3.11/site-packages/airflow/example_dags/example_branch_day_of_week_operator.py took 1.294 seconds
[2023-06-16T11:37:16.982+0700] {processor.py:157} INFO - Started process (PID=93419) to work on /Library/Frameworks/Python.framework/Versions/3.11/lib/python3.11/site-packages/airflow/example_dags/example_branch_day_of_week_operator.py
[2023-06-16T11:37:16.983+0700] {processor.py:826} INFO - Processing file /Library/Frameworks/Python.framework/Versions/3.11/lib/python3.11/site-packages/airflow/example_dags/example_branch_day_of_week_operator.py for tasks to queue
[2023-06-16T11:37:16.984+0700] {logging_mixin.py:149} INFO - [2023-06-16T11:37:16.984+0700] {dagbag.py:541} INFO - Filling up the DagBag from /Library/Frameworks/Python.framework/Versions/3.11/lib/python3.11/site-packages/airflow/example_dags/example_branch_day_of_week_operator.py
[2023-06-16T11:37:17.013+0700] {processor.py:836} INFO - DAG(s) dict_keys(['example_weekday_branch_operator']) retrieved from /Library/Frameworks/Python.framework/Versions/3.11/lib/python3.11/site-packages/airflow/example_dags/example_branch_day_of_week_operator.py
[2023-06-16T11:37:18.133+0700] {logging_mixin.py:149} INFO - [2023-06-16T11:37:18.133+0700] {dag.py:2726} INFO - Sync 1 DAGs
[2023-06-16T11:37:18.154+0700] {logging_mixin.py:149} INFO - [2023-06-16T11:37:18.154+0700] {dag.py:3486} INFO - Setting next_dagrun for example_weekday_branch_operator to 2023-06-15T00:00:00+00:00, run_after=2023-06-16T00:00:00+00:00
[2023-06-16T11:37:18.177+0700] {processor.py:179} INFO - Processing /Library/Frameworks/Python.framework/Versions/3.11/lib/python3.11/site-packages/airflow/example_dags/example_branch_day_of_week_operator.py took 1.195 seconds
[2023-06-16T11:42:59.527+0700] {processor.py:157} INFO - Started process (PID=94483) to work on /Library/Frameworks/Python.framework/Versions/3.11/lib/python3.11/site-packages/airflow/example_dags/example_branch_day_of_week_operator.py
[2023-06-16T11:42:59.543+0700] {processor.py:826} INFO - Processing file /Library/Frameworks/Python.framework/Versions/3.11/lib/python3.11/site-packages/airflow/example_dags/example_branch_day_of_week_operator.py for tasks to queue
[2023-06-16T11:42:59.545+0700] {logging_mixin.py:149} INFO - [2023-06-16T11:42:59.545+0700] {dagbag.py:541} INFO - Filling up the DagBag from /Library/Frameworks/Python.framework/Versions/3.11/lib/python3.11/site-packages/airflow/example_dags/example_branch_day_of_week_operator.py
[2023-06-16T11:42:59.589+0700] {processor.py:836} INFO - DAG(s) dict_keys(['example_weekday_branch_operator']) retrieved from /Library/Frameworks/Python.framework/Versions/3.11/lib/python3.11/site-packages/airflow/example_dags/example_branch_day_of_week_operator.py
[2023-06-16T11:43:00.998+0700] {logging_mixin.py:149} INFO - [2023-06-16T11:43:00.998+0700] {dag.py:2726} INFO - Sync 1 DAGs
[2023-06-16T11:43:01.020+0700] {logging_mixin.py:149} INFO - [2023-06-16T11:43:01.020+0700] {dag.py:3486} INFO - Setting next_dagrun for example_weekday_branch_operator to 2023-06-15T00:00:00+00:00, run_after=2023-06-16T00:00:00+00:00
[2023-06-16T11:43:01.042+0700] {processor.py:179} INFO - Processing /Library/Frameworks/Python.framework/Versions/3.11/lib/python3.11/site-packages/airflow/example_dags/example_branch_day_of_week_operator.py took 1.519 seconds
[2023-06-16T11:51:34.937+0700] {processor.py:157} INFO - Started process (PID=95511) to work on /Library/Frameworks/Python.framework/Versions/3.11/lib/python3.11/site-packages/airflow/example_dags/example_branch_day_of_week_operator.py
[2023-06-16T11:51:34.938+0700] {processor.py:826} INFO - Processing file /Library/Frameworks/Python.framework/Versions/3.11/lib/python3.11/site-packages/airflow/example_dags/example_branch_day_of_week_operator.py for tasks to queue
[2023-06-16T11:51:34.939+0700] {logging_mixin.py:149} INFO - [2023-06-16T11:51:34.939+0700] {dagbag.py:541} INFO - Filling up the DagBag from /Library/Frameworks/Python.framework/Versions/3.11/lib/python3.11/site-packages/airflow/example_dags/example_branch_day_of_week_operator.py
[2023-06-16T11:51:34.974+0700] {processor.py:836} INFO - DAG(s) dict_keys(['example_weekday_branch_operator']) retrieved from /Library/Frameworks/Python.framework/Versions/3.11/lib/python3.11/site-packages/airflow/example_dags/example_branch_day_of_week_operator.py
[2023-06-16T11:51:36.916+0700] {logging_mixin.py:149} INFO - [2023-06-16T11:51:36.916+0700] {dag.py:2726} INFO - Sync 1 DAGs
[2023-06-16T11:51:36.958+0700] {logging_mixin.py:149} INFO - [2023-06-16T11:51:36.957+0700] {dag.py:3486} INFO - Setting next_dagrun for example_weekday_branch_operator to 2023-06-15T00:00:00+00:00, run_after=2023-06-16T00:00:00+00:00
[2023-06-16T11:51:36.985+0700] {processor.py:179} INFO - Processing /Library/Frameworks/Python.framework/Versions/3.11/lib/python3.11/site-packages/airflow/example_dags/example_branch_day_of_week_operator.py took 2.050 seconds
[2023-06-16T11:57:58.488+0700] {processor.py:157} INFO - Started process (PID=96327) to work on /Library/Frameworks/Python.framework/Versions/3.11/lib/python3.11/site-packages/airflow/example_dags/example_branch_day_of_week_operator.py
[2023-06-16T11:57:58.489+0700] {processor.py:826} INFO - Processing file /Library/Frameworks/Python.framework/Versions/3.11/lib/python3.11/site-packages/airflow/example_dags/example_branch_day_of_week_operator.py for tasks to queue
[2023-06-16T11:57:58.490+0700] {logging_mixin.py:149} INFO - [2023-06-16T11:57:58.489+0700] {dagbag.py:541} INFO - Filling up the DagBag from /Library/Frameworks/Python.framework/Versions/3.11/lib/python3.11/site-packages/airflow/example_dags/example_branch_day_of_week_operator.py
[2023-06-16T11:57:58.526+0700] {processor.py:836} INFO - DAG(s) dict_keys(['example_weekday_branch_operator']) retrieved from /Library/Frameworks/Python.framework/Versions/3.11/lib/python3.11/site-packages/airflow/example_dags/example_branch_day_of_week_operator.py
[2023-06-16T11:57:59.873+0700] {logging_mixin.py:149} INFO - [2023-06-16T11:57:59.872+0700] {dag.py:2726} INFO - Sync 1 DAGs
[2023-06-16T11:57:59.899+0700] {logging_mixin.py:149} INFO - [2023-06-16T11:57:59.898+0700] {dag.py:3486} INFO - Setting next_dagrun for example_weekday_branch_operator to 2023-06-15T00:00:00+00:00, run_after=2023-06-16T00:00:00+00:00
[2023-06-16T11:57:59.923+0700] {processor.py:179} INFO - Processing /Library/Frameworks/Python.framework/Versions/3.11/lib/python3.11/site-packages/airflow/example_dags/example_branch_day_of_week_operator.py took 1.436 seconds
[2023-06-16T12:03:30.001+0700] {processor.py:157} INFO - Started process (PID=97072) to work on /Library/Frameworks/Python.framework/Versions/3.11/lib/python3.11/site-packages/airflow/example_dags/example_branch_day_of_week_operator.py
[2023-06-16T12:03:30.002+0700] {processor.py:826} INFO - Processing file /Library/Frameworks/Python.framework/Versions/3.11/lib/python3.11/site-packages/airflow/example_dags/example_branch_day_of_week_operator.py for tasks to queue
[2023-06-16T12:03:30.003+0700] {logging_mixin.py:149} INFO - [2023-06-16T12:03:30.003+0700] {dagbag.py:541} INFO - Filling up the DagBag from /Library/Frameworks/Python.framework/Versions/3.11/lib/python3.11/site-packages/airflow/example_dags/example_branch_day_of_week_operator.py
[2023-06-16T12:03:30.037+0700] {processor.py:836} INFO - DAG(s) dict_keys(['example_weekday_branch_operator']) retrieved from /Library/Frameworks/Python.framework/Versions/3.11/lib/python3.11/site-packages/airflow/example_dags/example_branch_day_of_week_operator.py
[2023-06-16T12:03:31.367+0700] {logging_mixin.py:149} INFO - [2023-06-16T12:03:31.367+0700] {dag.py:2726} INFO - Sync 1 DAGs
[2023-06-16T12:03:31.395+0700] {logging_mixin.py:149} INFO - [2023-06-16T12:03:31.394+0700] {dag.py:3486} INFO - Setting next_dagrun for example_weekday_branch_operator to 2023-06-15T00:00:00+00:00, run_after=2023-06-16T00:00:00+00:00
[2023-06-16T12:03:31.421+0700] {processor.py:179} INFO - Processing /Library/Frameworks/Python.framework/Versions/3.11/lib/python3.11/site-packages/airflow/example_dags/example_branch_day_of_week_operator.py took 1.421 seconds
[2023-06-16T12:08:29.476+0700] {processor.py:157} INFO - Started process (PID=97664) to work on /Library/Frameworks/Python.framework/Versions/3.11/lib/python3.11/site-packages/airflow/example_dags/example_branch_day_of_week_operator.py
[2023-06-16T12:08:29.478+0700] {processor.py:826} INFO - Processing file /Library/Frameworks/Python.framework/Versions/3.11/lib/python3.11/site-packages/airflow/example_dags/example_branch_day_of_week_operator.py for tasks to queue
[2023-06-16T12:08:29.478+0700] {logging_mixin.py:149} INFO - [2023-06-16T12:08:29.478+0700] {dagbag.py:541} INFO - Filling up the DagBag from /Library/Frameworks/Python.framework/Versions/3.11/lib/python3.11/site-packages/airflow/example_dags/example_branch_day_of_week_operator.py
[2023-06-16T12:08:29.503+0700] {processor.py:836} INFO - DAG(s) dict_keys(['example_weekday_branch_operator']) retrieved from /Library/Frameworks/Python.framework/Versions/3.11/lib/python3.11/site-packages/airflow/example_dags/example_branch_day_of_week_operator.py
[2023-06-16T12:08:30.615+0700] {logging_mixin.py:149} INFO - [2023-06-16T12:08:30.615+0700] {dag.py:2726} INFO - Sync 1 DAGs
[2023-06-16T12:08:30.642+0700] {logging_mixin.py:149} INFO - [2023-06-16T12:08:30.642+0700] {dag.py:3486} INFO - Setting next_dagrun for example_weekday_branch_operator to 2023-06-15T00:00:00+00:00, run_after=2023-06-16T00:00:00+00:00
[2023-06-16T12:08:30.665+0700] {processor.py:179} INFO - Processing /Library/Frameworks/Python.framework/Versions/3.11/lib/python3.11/site-packages/airflow/example_dags/example_branch_day_of_week_operator.py took 1.190 seconds
[2023-06-16T12:13:22.732+0700] {processor.py:157} INFO - Started process (PID=98324) to work on /Library/Frameworks/Python.framework/Versions/3.11/lib/python3.11/site-packages/airflow/example_dags/example_branch_day_of_week_operator.py
[2023-06-16T12:13:22.733+0700] {processor.py:826} INFO - Processing file /Library/Frameworks/Python.framework/Versions/3.11/lib/python3.11/site-packages/airflow/example_dags/example_branch_day_of_week_operator.py for tasks to queue
[2023-06-16T12:13:22.734+0700] {logging_mixin.py:149} INFO - [2023-06-16T12:13:22.734+0700] {dagbag.py:541} INFO - Filling up the DagBag from /Library/Frameworks/Python.framework/Versions/3.11/lib/python3.11/site-packages/airflow/example_dags/example_branch_day_of_week_operator.py
[2023-06-16T12:13:22.764+0700] {processor.py:836} INFO - DAG(s) dict_keys(['example_weekday_branch_operator']) retrieved from /Library/Frameworks/Python.framework/Versions/3.11/lib/python3.11/site-packages/airflow/example_dags/example_branch_day_of_week_operator.py
[2023-06-16T12:13:23.954+0700] {logging_mixin.py:149} INFO - [2023-06-16T12:13:23.954+0700] {dag.py:2726} INFO - Sync 1 DAGs
[2023-06-16T12:13:23.984+0700] {logging_mixin.py:149} INFO - [2023-06-16T12:13:23.983+0700] {dag.py:3486} INFO - Setting next_dagrun for example_weekday_branch_operator to 2023-06-15T00:00:00+00:00, run_after=2023-06-16T00:00:00+00:00
[2023-06-16T12:13:24.004+0700] {processor.py:179} INFO - Processing /Library/Frameworks/Python.framework/Versions/3.11/lib/python3.11/site-packages/airflow/example_dags/example_branch_day_of_week_operator.py took 1.274 seconds
[2023-06-16T12:18:23.285+0700] {processor.py:157} INFO - Started process (PID=98941) to work on /Library/Frameworks/Python.framework/Versions/3.11/lib/python3.11/site-packages/airflow/example_dags/example_branch_day_of_week_operator.py
[2023-06-16T12:18:23.287+0700] {processor.py:826} INFO - Processing file /Library/Frameworks/Python.framework/Versions/3.11/lib/python3.11/site-packages/airflow/example_dags/example_branch_day_of_week_operator.py for tasks to queue
[2023-06-16T12:18:23.287+0700] {logging_mixin.py:149} INFO - [2023-06-16T12:18:23.287+0700] {dagbag.py:541} INFO - Filling up the DagBag from /Library/Frameworks/Python.framework/Versions/3.11/lib/python3.11/site-packages/airflow/example_dags/example_branch_day_of_week_operator.py
[2023-06-16T12:18:23.317+0700] {processor.py:836} INFO - DAG(s) dict_keys(['example_weekday_branch_operator']) retrieved from /Library/Frameworks/Python.framework/Versions/3.11/lib/python3.11/site-packages/airflow/example_dags/example_branch_day_of_week_operator.py
[2023-06-16T12:18:24.879+0700] {logging_mixin.py:149} INFO - [2023-06-16T12:18:24.878+0700] {dag.py:2726} INFO - Sync 1 DAGs
[2023-06-16T12:18:24.903+0700] {logging_mixin.py:149} INFO - [2023-06-16T12:18:24.903+0700] {dag.py:3486} INFO - Setting next_dagrun for example_weekday_branch_operator to 2023-06-15T00:00:00+00:00, run_after=2023-06-16T00:00:00+00:00
[2023-06-16T12:18:24.925+0700] {processor.py:179} INFO - Processing /Library/Frameworks/Python.framework/Versions/3.11/lib/python3.11/site-packages/airflow/example_dags/example_branch_day_of_week_operator.py took 1.642 seconds
[2023-06-16T12:24:00.168+0700] {processor.py:157} INFO - Started process (PID=99669) to work on /Library/Frameworks/Python.framework/Versions/3.11/lib/python3.11/site-packages/airflow/example_dags/example_branch_day_of_week_operator.py
[2023-06-16T12:24:00.170+0700] {processor.py:826} INFO - Processing file /Library/Frameworks/Python.framework/Versions/3.11/lib/python3.11/site-packages/airflow/example_dags/example_branch_day_of_week_operator.py for tasks to queue
[2023-06-16T12:24:00.170+0700] {logging_mixin.py:149} INFO - [2023-06-16T12:24:00.170+0700] {dagbag.py:541} INFO - Filling up the DagBag from /Library/Frameworks/Python.framework/Versions/3.11/lib/python3.11/site-packages/airflow/example_dags/example_branch_day_of_week_operator.py
[2023-06-16T12:24:00.197+0700] {processor.py:836} INFO - DAG(s) dict_keys(['example_weekday_branch_operator']) retrieved from /Library/Frameworks/Python.framework/Versions/3.11/lib/python3.11/site-packages/airflow/example_dags/example_branch_day_of_week_operator.py
[2023-06-16T12:24:01.439+0700] {logging_mixin.py:149} INFO - [2023-06-16T12:24:01.438+0700] {dag.py:2726} INFO - Sync 1 DAGs
[2023-06-16T12:24:01.465+0700] {logging_mixin.py:149} INFO - [2023-06-16T12:24:01.464+0700] {dag.py:3486} INFO - Setting next_dagrun for example_weekday_branch_operator to 2023-06-15T00:00:00+00:00, run_after=2023-06-16T00:00:00+00:00
[2023-06-16T12:24:01.489+0700] {processor.py:179} INFO - Processing /Library/Frameworks/Python.framework/Versions/3.11/lib/python3.11/site-packages/airflow/example_dags/example_branch_day_of_week_operator.py took 1.322 seconds
[2023-06-16T12:29:27.414+0700] {processor.py:157} INFO - Started process (PID=838) to work on /Library/Frameworks/Python.framework/Versions/3.11/lib/python3.11/site-packages/airflow/example_dags/example_branch_day_of_week_operator.py
[2023-06-16T12:29:27.415+0700] {processor.py:826} INFO - Processing file /Library/Frameworks/Python.framework/Versions/3.11/lib/python3.11/site-packages/airflow/example_dags/example_branch_day_of_week_operator.py for tasks to queue
[2023-06-16T12:29:27.417+0700] {logging_mixin.py:149} INFO - [2023-06-16T12:29:27.416+0700] {dagbag.py:541} INFO - Filling up the DagBag from /Library/Frameworks/Python.framework/Versions/3.11/lib/python3.11/site-packages/airflow/example_dags/example_branch_day_of_week_operator.py
[2023-06-16T12:29:27.444+0700] {processor.py:836} INFO - DAG(s) dict_keys(['example_weekday_branch_operator']) retrieved from /Library/Frameworks/Python.framework/Versions/3.11/lib/python3.11/site-packages/airflow/example_dags/example_branch_day_of_week_operator.py
[2023-06-16T12:29:28.753+0700] {logging_mixin.py:149} INFO - [2023-06-16T12:29:28.753+0700] {dag.py:2726} INFO - Sync 1 DAGs
[2023-06-16T12:29:28.778+0700] {logging_mixin.py:149} INFO - [2023-06-16T12:29:28.777+0700] {dag.py:3486} INFO - Setting next_dagrun for example_weekday_branch_operator to 2023-06-15T00:00:00+00:00, run_after=2023-06-16T00:00:00+00:00
[2023-06-16T12:29:28.801+0700] {processor.py:179} INFO - Processing /Library/Frameworks/Python.framework/Versions/3.11/lib/python3.11/site-packages/airflow/example_dags/example_branch_day_of_week_operator.py took 1.388 seconds
[2023-06-16T12:34:42.411+0700] {processor.py:157} INFO - Started process (PID=1598) to work on /Library/Frameworks/Python.framework/Versions/3.11/lib/python3.11/site-packages/airflow/example_dags/example_branch_day_of_week_operator.py
[2023-06-16T12:34:42.411+0700] {processor.py:826} INFO - Processing file /Library/Frameworks/Python.framework/Versions/3.11/lib/python3.11/site-packages/airflow/example_dags/example_branch_day_of_week_operator.py for tasks to queue
[2023-06-16T12:34:42.412+0700] {logging_mixin.py:149} INFO - [2023-06-16T12:34:42.412+0700] {dagbag.py:541} INFO - Filling up the DagBag from /Library/Frameworks/Python.framework/Versions/3.11/lib/python3.11/site-packages/airflow/example_dags/example_branch_day_of_week_operator.py
[2023-06-16T12:34:42.439+0700] {processor.py:836} INFO - DAG(s) dict_keys(['example_weekday_branch_operator']) retrieved from /Library/Frameworks/Python.framework/Versions/3.11/lib/python3.11/site-packages/airflow/example_dags/example_branch_day_of_week_operator.py
[2023-06-16T12:34:43.533+0700] {logging_mixin.py:149} INFO - [2023-06-16T12:34:43.532+0700] {dag.py:2726} INFO - Sync 1 DAGs
[2023-06-16T12:34:43.553+0700] {logging_mixin.py:149} INFO - [2023-06-16T12:34:43.553+0700] {dag.py:3486} INFO - Setting next_dagrun for example_weekday_branch_operator to 2023-06-15T00:00:00+00:00, run_after=2023-06-16T00:00:00+00:00
[2023-06-16T12:34:43.575+0700] {processor.py:179} INFO - Processing /Library/Frameworks/Python.framework/Versions/3.11/lib/python3.11/site-packages/airflow/example_dags/example_branch_day_of_week_operator.py took 1.165 seconds
[2023-06-16T12:40:13.068+0700] {processor.py:157} INFO - Started process (PID=2478) to work on /Library/Frameworks/Python.framework/Versions/3.11/lib/python3.11/site-packages/airflow/example_dags/example_branch_day_of_week_operator.py
[2023-06-16T12:40:13.070+0700] {processor.py:826} INFO - Processing file /Library/Frameworks/Python.framework/Versions/3.11/lib/python3.11/site-packages/airflow/example_dags/example_branch_day_of_week_operator.py for tasks to queue
[2023-06-16T12:40:13.071+0700] {logging_mixin.py:149} INFO - [2023-06-16T12:40:13.070+0700] {dagbag.py:541} INFO - Filling up the DagBag from /Library/Frameworks/Python.framework/Versions/3.11/lib/python3.11/site-packages/airflow/example_dags/example_branch_day_of_week_operator.py
[2023-06-16T12:40:13.104+0700] {processor.py:836} INFO - DAG(s) dict_keys(['example_weekday_branch_operator']) retrieved from /Library/Frameworks/Python.framework/Versions/3.11/lib/python3.11/site-packages/airflow/example_dags/example_branch_day_of_week_operator.py
[2023-06-16T12:40:14.447+0700] {logging_mixin.py:149} INFO - [2023-06-16T12:40:14.446+0700] {dag.py:2726} INFO - Sync 1 DAGs
[2023-06-16T12:40:14.481+0700] {logging_mixin.py:149} INFO - [2023-06-16T12:40:14.480+0700] {dag.py:3486} INFO - Setting next_dagrun for example_weekday_branch_operator to 2023-06-15T00:00:00+00:00, run_after=2023-06-16T00:00:00+00:00
[2023-06-16T12:40:14.516+0700] {processor.py:179} INFO - Processing /Library/Frameworks/Python.framework/Versions/3.11/lib/python3.11/site-packages/airflow/example_dags/example_branch_day_of_week_operator.py took 1.449 seconds
[2023-06-16T12:46:29.846+0700] {processor.py:157} INFO - Started process (PID=3393) to work on /Library/Frameworks/Python.framework/Versions/3.11/lib/python3.11/site-packages/airflow/example_dags/example_branch_day_of_week_operator.py
[2023-06-16T12:46:29.848+0700] {processor.py:826} INFO - Processing file /Library/Frameworks/Python.framework/Versions/3.11/lib/python3.11/site-packages/airflow/example_dags/example_branch_day_of_week_operator.py for tasks to queue
[2023-06-16T12:46:29.849+0700] {logging_mixin.py:149} INFO - [2023-06-16T12:46:29.848+0700] {dagbag.py:541} INFO - Filling up the DagBag from /Library/Frameworks/Python.framework/Versions/3.11/lib/python3.11/site-packages/airflow/example_dags/example_branch_day_of_week_operator.py
[2023-06-16T12:46:29.879+0700] {processor.py:836} INFO - DAG(s) dict_keys(['example_weekday_branch_operator']) retrieved from /Library/Frameworks/Python.framework/Versions/3.11/lib/python3.11/site-packages/airflow/example_dags/example_branch_day_of_week_operator.py
[2023-06-16T12:46:31.096+0700] {logging_mixin.py:149} INFO - [2023-06-16T12:46:31.096+0700] {dag.py:2726} INFO - Sync 1 DAGs
[2023-06-16T12:46:31.124+0700] {logging_mixin.py:149} INFO - [2023-06-16T12:46:31.124+0700] {dag.py:3486} INFO - Setting next_dagrun for example_weekday_branch_operator to 2023-06-15T00:00:00+00:00, run_after=2023-06-16T00:00:00+00:00
[2023-06-16T12:46:31.145+0700] {processor.py:179} INFO - Processing /Library/Frameworks/Python.framework/Versions/3.11/lib/python3.11/site-packages/airflow/example_dags/example_branch_day_of_week_operator.py took 1.300 seconds
[2023-06-16T12:52:21.213+0700] {processor.py:157} INFO - Started process (PID=4175) to work on /Library/Frameworks/Python.framework/Versions/3.11/lib/python3.11/site-packages/airflow/example_dags/example_branch_day_of_week_operator.py
[2023-06-16T12:52:21.215+0700] {processor.py:826} INFO - Processing file /Library/Frameworks/Python.framework/Versions/3.11/lib/python3.11/site-packages/airflow/example_dags/example_branch_day_of_week_operator.py for tasks to queue
[2023-06-16T12:52:21.216+0700] {logging_mixin.py:149} INFO - [2023-06-16T12:52:21.215+0700] {dagbag.py:541} INFO - Filling up the DagBag from /Library/Frameworks/Python.framework/Versions/3.11/lib/python3.11/site-packages/airflow/example_dags/example_branch_day_of_week_operator.py
[2023-06-16T12:52:21.245+0700] {processor.py:836} INFO - DAG(s) dict_keys(['example_weekday_branch_operator']) retrieved from /Library/Frameworks/Python.framework/Versions/3.11/lib/python3.11/site-packages/airflow/example_dags/example_branch_day_of_week_operator.py
[2023-06-16T12:52:22.500+0700] {logging_mixin.py:149} INFO - [2023-06-16T12:52:22.500+0700] {dag.py:2726} INFO - Sync 1 DAGs
[2023-06-16T12:52:22.526+0700] {logging_mixin.py:149} INFO - [2023-06-16T12:52:22.526+0700] {dag.py:3486} INFO - Setting next_dagrun for example_weekday_branch_operator to 2023-06-15T00:00:00+00:00, run_after=2023-06-16T00:00:00+00:00
[2023-06-16T12:52:22.553+0700] {processor.py:179} INFO - Processing /Library/Frameworks/Python.framework/Versions/3.11/lib/python3.11/site-packages/airflow/example_dags/example_branch_day_of_week_operator.py took 1.341 seconds
[2023-06-16T12:57:31.616+0700] {processor.py:157} INFO - Started process (PID=4902) to work on /Library/Frameworks/Python.framework/Versions/3.11/lib/python3.11/site-packages/airflow/example_dags/example_branch_day_of_week_operator.py
[2023-06-16T12:57:31.617+0700] {processor.py:826} INFO - Processing file /Library/Frameworks/Python.framework/Versions/3.11/lib/python3.11/site-packages/airflow/example_dags/example_branch_day_of_week_operator.py for tasks to queue
[2023-06-16T12:57:31.617+0700] {logging_mixin.py:149} INFO - [2023-06-16T12:57:31.617+0700] {dagbag.py:541} INFO - Filling up the DagBag from /Library/Frameworks/Python.framework/Versions/3.11/lib/python3.11/site-packages/airflow/example_dags/example_branch_day_of_week_operator.py
[2023-06-16T12:57:31.650+0700] {processor.py:836} INFO - DAG(s) dict_keys(['example_weekday_branch_operator']) retrieved from /Library/Frameworks/Python.framework/Versions/3.11/lib/python3.11/site-packages/airflow/example_dags/example_branch_day_of_week_operator.py
[2023-06-16T12:57:32.944+0700] {logging_mixin.py:149} INFO - [2023-06-16T12:57:32.944+0700] {dag.py:2726} INFO - Sync 1 DAGs
[2023-06-16T12:57:32.971+0700] {logging_mixin.py:149} INFO - [2023-06-16T12:57:32.971+0700] {dag.py:3486} INFO - Setting next_dagrun for example_weekday_branch_operator to 2023-06-15T00:00:00+00:00, run_after=2023-06-16T00:00:00+00:00
[2023-06-16T12:57:32.996+0700] {processor.py:179} INFO - Processing /Library/Frameworks/Python.framework/Versions/3.11/lib/python3.11/site-packages/airflow/example_dags/example_branch_day_of_week_operator.py took 1.380 seconds
[2023-06-16T13:03:09.336+0700] {processor.py:157} INFO - Started process (PID=5735) to work on /Library/Frameworks/Python.framework/Versions/3.11/lib/python3.11/site-packages/airflow/example_dags/example_branch_day_of_week_operator.py
[2023-06-16T13:03:09.338+0700] {processor.py:826} INFO - Processing file /Library/Frameworks/Python.framework/Versions/3.11/lib/python3.11/site-packages/airflow/example_dags/example_branch_day_of_week_operator.py for tasks to queue
[2023-06-16T13:03:09.339+0700] {logging_mixin.py:149} INFO - [2023-06-16T13:03:09.339+0700] {dagbag.py:541} INFO - Filling up the DagBag from /Library/Frameworks/Python.framework/Versions/3.11/lib/python3.11/site-packages/airflow/example_dags/example_branch_day_of_week_operator.py
[2023-06-16T13:03:09.369+0700] {processor.py:836} INFO - DAG(s) dict_keys(['example_weekday_branch_operator']) retrieved from /Library/Frameworks/Python.framework/Versions/3.11/lib/python3.11/site-packages/airflow/example_dags/example_branch_day_of_week_operator.py
[2023-06-16T13:03:10.666+0700] {logging_mixin.py:149} INFO - [2023-06-16T13:03:10.665+0700] {dag.py:2726} INFO - Sync 1 DAGs
[2023-06-16T13:03:10.689+0700] {logging_mixin.py:149} INFO - [2023-06-16T13:03:10.689+0700] {dag.py:3486} INFO - Setting next_dagrun for example_weekday_branch_operator to 2023-06-15T00:00:00+00:00, run_after=2023-06-16T00:00:00+00:00
[2023-06-16T13:03:10.709+0700] {processor.py:179} INFO - Processing /Library/Frameworks/Python.framework/Versions/3.11/lib/python3.11/site-packages/airflow/example_dags/example_branch_day_of_week_operator.py took 1.374 seconds
[2023-06-16T13:08:24.870+0700] {processor.py:157} INFO - Started process (PID=6515) to work on /Library/Frameworks/Python.framework/Versions/3.11/lib/python3.11/site-packages/airflow/example_dags/example_branch_day_of_week_operator.py
[2023-06-16T13:08:24.871+0700] {processor.py:826} INFO - Processing file /Library/Frameworks/Python.framework/Versions/3.11/lib/python3.11/site-packages/airflow/example_dags/example_branch_day_of_week_operator.py for tasks to queue
[2023-06-16T13:08:24.872+0700] {logging_mixin.py:149} INFO - [2023-06-16T13:08:24.872+0700] {dagbag.py:541} INFO - Filling up the DagBag from /Library/Frameworks/Python.framework/Versions/3.11/lib/python3.11/site-packages/airflow/example_dags/example_branch_day_of_week_operator.py
[2023-06-16T13:08:24.906+0700] {processor.py:836} INFO - DAG(s) dict_keys(['example_weekday_branch_operator']) retrieved from /Library/Frameworks/Python.framework/Versions/3.11/lib/python3.11/site-packages/airflow/example_dags/example_branch_day_of_week_operator.py
[2023-06-16T13:08:26.195+0700] {logging_mixin.py:149} INFO - [2023-06-16T13:08:26.194+0700] {dag.py:2726} INFO - Sync 1 DAGs
[2023-06-16T13:08:26.215+0700] {logging_mixin.py:149} INFO - [2023-06-16T13:08:26.214+0700] {dag.py:3486} INFO - Setting next_dagrun for example_weekday_branch_operator to 2023-06-15T00:00:00+00:00, run_after=2023-06-16T00:00:00+00:00
[2023-06-16T13:08:26.236+0700] {processor.py:179} INFO - Processing /Library/Frameworks/Python.framework/Versions/3.11/lib/python3.11/site-packages/airflow/example_dags/example_branch_day_of_week_operator.py took 1.367 seconds
[2023-06-16T13:13:44.043+0700] {processor.py:157} INFO - Started process (PID=7316) to work on /Library/Frameworks/Python.framework/Versions/3.11/lib/python3.11/site-packages/airflow/example_dags/example_branch_day_of_week_operator.py
[2023-06-16T13:13:44.045+0700] {processor.py:826} INFO - Processing file /Library/Frameworks/Python.framework/Versions/3.11/lib/python3.11/site-packages/airflow/example_dags/example_branch_day_of_week_operator.py for tasks to queue
[2023-06-16T13:13:44.045+0700] {logging_mixin.py:149} INFO - [2023-06-16T13:13:44.045+0700] {dagbag.py:541} INFO - Filling up the DagBag from /Library/Frameworks/Python.framework/Versions/3.11/lib/python3.11/site-packages/airflow/example_dags/example_branch_day_of_week_operator.py
[2023-06-16T13:13:44.075+0700] {processor.py:836} INFO - DAG(s) dict_keys(['example_weekday_branch_operator']) retrieved from /Library/Frameworks/Python.framework/Versions/3.11/lib/python3.11/site-packages/airflow/example_dags/example_branch_day_of_week_operator.py
[2023-06-16T13:13:45.772+0700] {logging_mixin.py:149} INFO - [2023-06-16T13:13:45.772+0700] {dag.py:2726} INFO - Sync 1 DAGs
[2023-06-16T13:13:45.793+0700] {logging_mixin.py:149} INFO - [2023-06-16T13:13:45.793+0700] {dag.py:3486} INFO - Setting next_dagrun for example_weekday_branch_operator to 2023-06-15T00:00:00+00:00, run_after=2023-06-16T00:00:00+00:00
[2023-06-16T13:13:45.817+0700] {processor.py:179} INFO - Processing /Library/Frameworks/Python.framework/Versions/3.11/lib/python3.11/site-packages/airflow/example_dags/example_branch_day_of_week_operator.py took 1.774 seconds
[2023-06-16T13:19:57.294+0700] {processor.py:157} INFO - Started process (PID=8193) to work on /Library/Frameworks/Python.framework/Versions/3.11/lib/python3.11/site-packages/airflow/example_dags/example_branch_day_of_week_operator.py
[2023-06-16T13:19:57.296+0700] {processor.py:826} INFO - Processing file /Library/Frameworks/Python.framework/Versions/3.11/lib/python3.11/site-packages/airflow/example_dags/example_branch_day_of_week_operator.py for tasks to queue
[2023-06-16T13:19:57.296+0700] {logging_mixin.py:149} INFO - [2023-06-16T13:19:57.296+0700] {dagbag.py:541} INFO - Filling up the DagBag from /Library/Frameworks/Python.framework/Versions/3.11/lib/python3.11/site-packages/airflow/example_dags/example_branch_day_of_week_operator.py
[2023-06-16T13:19:57.326+0700] {processor.py:836} INFO - DAG(s) dict_keys(['example_weekday_branch_operator']) retrieved from /Library/Frameworks/Python.framework/Versions/3.11/lib/python3.11/site-packages/airflow/example_dags/example_branch_day_of_week_operator.py
[2023-06-16T13:19:58.410+0700] {logging_mixin.py:149} INFO - [2023-06-16T13:19:58.409+0700] {dag.py:2726} INFO - Sync 1 DAGs
[2023-06-16T13:19:58.428+0700] {logging_mixin.py:149} INFO - [2023-06-16T13:19:58.428+0700] {dag.py:3486} INFO - Setting next_dagrun for example_weekday_branch_operator to 2023-06-15T00:00:00+00:00, run_after=2023-06-16T00:00:00+00:00
[2023-06-16T13:19:58.457+0700] {processor.py:179} INFO - Processing /Library/Frameworks/Python.framework/Versions/3.11/lib/python3.11/site-packages/airflow/example_dags/example_branch_day_of_week_operator.py took 1.163 seconds
[2023-06-16T13:25:18.371+0700] {processor.py:157} INFO - Started process (PID=8885) to work on /Library/Frameworks/Python.framework/Versions/3.11/lib/python3.11/site-packages/airflow/example_dags/example_branch_day_of_week_operator.py
[2023-06-16T13:25:18.372+0700] {processor.py:826} INFO - Processing file /Library/Frameworks/Python.framework/Versions/3.11/lib/python3.11/site-packages/airflow/example_dags/example_branch_day_of_week_operator.py for tasks to queue
[2023-06-16T13:25:18.372+0700] {logging_mixin.py:149} INFO - [2023-06-16T13:25:18.372+0700] {dagbag.py:541} INFO - Filling up the DagBag from /Library/Frameworks/Python.framework/Versions/3.11/lib/python3.11/site-packages/airflow/example_dags/example_branch_day_of_week_operator.py
[2023-06-16T13:25:18.399+0700] {processor.py:836} INFO - DAG(s) dict_keys(['example_weekday_branch_operator']) retrieved from /Library/Frameworks/Python.framework/Versions/3.11/lib/python3.11/site-packages/airflow/example_dags/example_branch_day_of_week_operator.py
[2023-06-16T13:25:19.799+0700] {logging_mixin.py:149} INFO - [2023-06-16T13:25:19.798+0700] {dag.py:2726} INFO - Sync 1 DAGs
[2023-06-16T13:25:19.820+0700] {logging_mixin.py:149} INFO - [2023-06-16T13:25:19.820+0700] {dag.py:3486} INFO - Setting next_dagrun for example_weekday_branch_operator to 2023-06-15T00:00:00+00:00, run_after=2023-06-16T00:00:00+00:00
[2023-06-16T13:25:19.840+0700] {processor.py:179} INFO - Processing /Library/Frameworks/Python.framework/Versions/3.11/lib/python3.11/site-packages/airflow/example_dags/example_branch_day_of_week_operator.py took 1.471 seconds
[2023-06-16T13:30:15.923+0700] {processor.py:157} INFO - Started process (PID=9560) to work on /Library/Frameworks/Python.framework/Versions/3.11/lib/python3.11/site-packages/airflow/example_dags/example_branch_day_of_week_operator.py
[2023-06-16T13:30:15.924+0700] {processor.py:826} INFO - Processing file /Library/Frameworks/Python.framework/Versions/3.11/lib/python3.11/site-packages/airflow/example_dags/example_branch_day_of_week_operator.py for tasks to queue
[2023-06-16T13:30:15.925+0700] {logging_mixin.py:149} INFO - [2023-06-16T13:30:15.925+0700] {dagbag.py:541} INFO - Filling up the DagBag from /Library/Frameworks/Python.framework/Versions/3.11/lib/python3.11/site-packages/airflow/example_dags/example_branch_day_of_week_operator.py
[2023-06-16T13:30:15.954+0700] {processor.py:836} INFO - DAG(s) dict_keys(['example_weekday_branch_operator']) retrieved from /Library/Frameworks/Python.framework/Versions/3.11/lib/python3.11/site-packages/airflow/example_dags/example_branch_day_of_week_operator.py
[2023-06-16T13:30:17.154+0700] {logging_mixin.py:149} INFO - [2023-06-16T13:30:17.153+0700] {dag.py:2726} INFO - Sync 1 DAGs
[2023-06-16T13:30:17.177+0700] {logging_mixin.py:149} INFO - [2023-06-16T13:30:17.176+0700] {dag.py:3486} INFO - Setting next_dagrun for example_weekday_branch_operator to 2023-06-15T00:00:00+00:00, run_after=2023-06-16T00:00:00+00:00
[2023-06-16T13:30:17.198+0700] {processor.py:179} INFO - Processing /Library/Frameworks/Python.framework/Versions/3.11/lib/python3.11/site-packages/airflow/example_dags/example_branch_day_of_week_operator.py took 1.276 seconds
[2023-06-16T13:35:44.275+0700] {processor.py:157} INFO - Started process (PID=10543) to work on /Library/Frameworks/Python.framework/Versions/3.11/lib/python3.11/site-packages/airflow/example_dags/example_branch_day_of_week_operator.py
[2023-06-16T13:35:44.276+0700] {processor.py:826} INFO - Processing file /Library/Frameworks/Python.framework/Versions/3.11/lib/python3.11/site-packages/airflow/example_dags/example_branch_day_of_week_operator.py for tasks to queue
[2023-06-16T13:35:44.276+0700] {logging_mixin.py:149} INFO - [2023-06-16T13:35:44.276+0700] {dagbag.py:541} INFO - Filling up the DagBag from /Library/Frameworks/Python.framework/Versions/3.11/lib/python3.11/site-packages/airflow/example_dags/example_branch_day_of_week_operator.py
[2023-06-16T13:35:44.311+0700] {processor.py:836} INFO - DAG(s) dict_keys(['example_weekday_branch_operator']) retrieved from /Library/Frameworks/Python.framework/Versions/3.11/lib/python3.11/site-packages/airflow/example_dags/example_branch_day_of_week_operator.py
[2023-06-16T13:35:45.435+0700] {logging_mixin.py:149} INFO - [2023-06-16T13:35:45.434+0700] {dag.py:2726} INFO - Sync 1 DAGs
[2023-06-16T13:35:45.464+0700] {logging_mixin.py:149} INFO - [2023-06-16T13:35:45.464+0700] {dag.py:3486} INFO - Setting next_dagrun for example_weekday_branch_operator to 2023-06-15T00:00:00+00:00, run_after=2023-06-16T00:00:00+00:00
[2023-06-16T13:35:45.490+0700] {processor.py:179} INFO - Processing /Library/Frameworks/Python.framework/Versions/3.11/lib/python3.11/site-packages/airflow/example_dags/example_branch_day_of_week_operator.py took 1.216 seconds
[2023-06-16T13:40:59.913+0700] {processor.py:157} INFO - Started process (PID=11253) to work on /Library/Frameworks/Python.framework/Versions/3.11/lib/python3.11/site-packages/airflow/example_dags/example_branch_day_of_week_operator.py
[2023-06-16T13:40:59.914+0700] {processor.py:826} INFO - Processing file /Library/Frameworks/Python.framework/Versions/3.11/lib/python3.11/site-packages/airflow/example_dags/example_branch_day_of_week_operator.py for tasks to queue
[2023-06-16T13:40:59.915+0700] {logging_mixin.py:149} INFO - [2023-06-16T13:40:59.915+0700] {dagbag.py:541} INFO - Filling up the DagBag from /Library/Frameworks/Python.framework/Versions/3.11/lib/python3.11/site-packages/airflow/example_dags/example_branch_day_of_week_operator.py
[2023-06-16T13:40:59.947+0700] {processor.py:836} INFO - DAG(s) dict_keys(['example_weekday_branch_operator']) retrieved from /Library/Frameworks/Python.framework/Versions/3.11/lib/python3.11/site-packages/airflow/example_dags/example_branch_day_of_week_operator.py
[2023-06-16T13:41:01.037+0700] {logging_mixin.py:149} INFO - [2023-06-16T13:41:01.037+0700] {dag.py:2726} INFO - Sync 1 DAGs
[2023-06-16T13:41:01.066+0700] {logging_mixin.py:149} INFO - [2023-06-16T13:41:01.066+0700] {dag.py:3486} INFO - Setting next_dagrun for example_weekday_branch_operator to 2023-06-15T00:00:00+00:00, run_after=2023-06-16T00:00:00+00:00
[2023-06-16T13:41:01.090+0700] {processor.py:179} INFO - Processing /Library/Frameworks/Python.framework/Versions/3.11/lib/python3.11/site-packages/airflow/example_dags/example_branch_day_of_week_operator.py took 1.178 seconds
[2023-06-16T13:46:30.100+0700] {processor.py:157} INFO - Started process (PID=11883) to work on /Library/Frameworks/Python.framework/Versions/3.11/lib/python3.11/site-packages/airflow/example_dags/example_branch_day_of_week_operator.py
[2023-06-16T13:46:30.101+0700] {processor.py:826} INFO - Processing file /Library/Frameworks/Python.framework/Versions/3.11/lib/python3.11/site-packages/airflow/example_dags/example_branch_day_of_week_operator.py for tasks to queue
[2023-06-16T13:46:30.102+0700] {logging_mixin.py:149} INFO - [2023-06-16T13:46:30.102+0700] {dagbag.py:541} INFO - Filling up the DagBag from /Library/Frameworks/Python.framework/Versions/3.11/lib/python3.11/site-packages/airflow/example_dags/example_branch_day_of_week_operator.py
[2023-06-16T13:46:30.135+0700] {processor.py:836} INFO - DAG(s) dict_keys(['example_weekday_branch_operator']) retrieved from /Library/Frameworks/Python.framework/Versions/3.11/lib/python3.11/site-packages/airflow/example_dags/example_branch_day_of_week_operator.py
[2023-06-16T13:46:31.289+0700] {logging_mixin.py:149} INFO - [2023-06-16T13:46:31.289+0700] {dag.py:2726} INFO - Sync 1 DAGs
[2023-06-16T13:46:31.316+0700] {logging_mixin.py:149} INFO - [2023-06-16T13:46:31.315+0700] {dag.py:3486} INFO - Setting next_dagrun for example_weekday_branch_operator to 2023-06-15T00:00:00+00:00, run_after=2023-06-16T00:00:00+00:00
[2023-06-16T13:46:31.337+0700] {processor.py:179} INFO - Processing /Library/Frameworks/Python.framework/Versions/3.11/lib/python3.11/site-packages/airflow/example_dags/example_branch_day_of_week_operator.py took 1.238 seconds
[2023-06-16T13:53:22.128+0700] {processor.py:157} INFO - Started process (PID=12621) to work on /Library/Frameworks/Python.framework/Versions/3.11/lib/python3.11/site-packages/airflow/example_dags/example_branch_day_of_week_operator.py
[2023-06-16T13:53:22.129+0700] {processor.py:826} INFO - Processing file /Library/Frameworks/Python.framework/Versions/3.11/lib/python3.11/site-packages/airflow/example_dags/example_branch_day_of_week_operator.py for tasks to queue
[2023-06-16T13:53:22.130+0700] {logging_mixin.py:149} INFO - [2023-06-16T13:53:22.130+0700] {dagbag.py:541} INFO - Filling up the DagBag from /Library/Frameworks/Python.framework/Versions/3.11/lib/python3.11/site-packages/airflow/example_dags/example_branch_day_of_week_operator.py
[2023-06-16T13:53:22.153+0700] {processor.py:836} INFO - DAG(s) dict_keys(['example_weekday_branch_operator']) retrieved from /Library/Frameworks/Python.framework/Versions/3.11/lib/python3.11/site-packages/airflow/example_dags/example_branch_day_of_week_operator.py
[2023-06-16T13:53:23.339+0700] {logging_mixin.py:149} INFO - [2023-06-16T13:53:23.339+0700] {dag.py:2726} INFO - Sync 1 DAGs
[2023-06-16T13:53:23.369+0700] {logging_mixin.py:149} INFO - [2023-06-16T13:53:23.369+0700] {dag.py:3486} INFO - Setting next_dagrun for example_weekday_branch_operator to 2023-06-15T00:00:00+00:00, run_after=2023-06-16T00:00:00+00:00
[2023-06-16T13:53:23.405+0700] {processor.py:179} INFO - Processing /Library/Frameworks/Python.framework/Versions/3.11/lib/python3.11/site-packages/airflow/example_dags/example_branch_day_of_week_operator.py took 1.278 seconds
[2023-06-16T13:58:45.220+0700] {processor.py:157} INFO - Started process (PID=13349) to work on /Library/Frameworks/Python.framework/Versions/3.11/lib/python3.11/site-packages/airflow/example_dags/example_branch_day_of_week_operator.py
[2023-06-16T13:58:45.221+0700] {processor.py:826} INFO - Processing file /Library/Frameworks/Python.framework/Versions/3.11/lib/python3.11/site-packages/airflow/example_dags/example_branch_day_of_week_operator.py for tasks to queue
[2023-06-16T13:58:45.221+0700] {logging_mixin.py:149} INFO - [2023-06-16T13:58:45.221+0700] {dagbag.py:541} INFO - Filling up the DagBag from /Library/Frameworks/Python.framework/Versions/3.11/lib/python3.11/site-packages/airflow/example_dags/example_branch_day_of_week_operator.py
[2023-06-16T13:58:45.254+0700] {processor.py:836} INFO - DAG(s) dict_keys(['example_weekday_branch_operator']) retrieved from /Library/Frameworks/Python.framework/Versions/3.11/lib/python3.11/site-packages/airflow/example_dags/example_branch_day_of_week_operator.py
[2023-06-16T13:58:46.622+0700] {logging_mixin.py:149} INFO - [2023-06-16T13:58:46.622+0700] {dag.py:2726} INFO - Sync 1 DAGs
[2023-06-16T13:58:46.647+0700] {logging_mixin.py:149} INFO - [2023-06-16T13:58:46.647+0700] {dag.py:3486} INFO - Setting next_dagrun for example_weekday_branch_operator to 2023-06-15T00:00:00+00:00, run_after=2023-06-16T00:00:00+00:00
[2023-06-16T13:58:46.668+0700] {processor.py:179} INFO - Processing /Library/Frameworks/Python.framework/Versions/3.11/lib/python3.11/site-packages/airflow/example_dags/example_branch_day_of_week_operator.py took 1.448 seconds
[2023-06-16T14:03:41.260+0700] {processor.py:157} INFO - Started process (PID=13964) to work on /Library/Frameworks/Python.framework/Versions/3.11/lib/python3.11/site-packages/airflow/example_dags/example_branch_day_of_week_operator.py
[2023-06-16T14:03:41.261+0700] {processor.py:826} INFO - Processing file /Library/Frameworks/Python.framework/Versions/3.11/lib/python3.11/site-packages/airflow/example_dags/example_branch_day_of_week_operator.py for tasks to queue
[2023-06-16T14:03:41.261+0700] {logging_mixin.py:149} INFO - [2023-06-16T14:03:41.261+0700] {dagbag.py:541} INFO - Filling up the DagBag from /Library/Frameworks/Python.framework/Versions/3.11/lib/python3.11/site-packages/airflow/example_dags/example_branch_day_of_week_operator.py
[2023-06-16T14:03:41.285+0700] {processor.py:836} INFO - DAG(s) dict_keys(['example_weekday_branch_operator']) retrieved from /Library/Frameworks/Python.framework/Versions/3.11/lib/python3.11/site-packages/airflow/example_dags/example_branch_day_of_week_operator.py
[2023-06-16T14:03:42.295+0700] {logging_mixin.py:149} INFO - [2023-06-16T14:03:42.295+0700] {dag.py:2726} INFO - Sync 1 DAGs
[2023-06-16T14:03:42.316+0700] {logging_mixin.py:149} INFO - [2023-06-16T14:03:42.315+0700] {dag.py:3486} INFO - Setting next_dagrun for example_weekday_branch_operator to 2023-06-15T00:00:00+00:00, run_after=2023-06-16T00:00:00+00:00
[2023-06-16T14:03:42.336+0700] {processor.py:179} INFO - Processing /Library/Frameworks/Python.framework/Versions/3.11/lib/python3.11/site-packages/airflow/example_dags/example_branch_day_of_week_operator.py took 1.079 seconds
[2023-06-16T14:09:06.197+0700] {processor.py:157} INFO - Started process (PID=14857) to work on /Library/Frameworks/Python.framework/Versions/3.11/lib/python3.11/site-packages/airflow/example_dags/example_branch_day_of_week_operator.py
[2023-06-16T14:09:06.198+0700] {processor.py:826} INFO - Processing file /Library/Frameworks/Python.framework/Versions/3.11/lib/python3.11/site-packages/airflow/example_dags/example_branch_day_of_week_operator.py for tasks to queue
[2023-06-16T14:09:06.199+0700] {logging_mixin.py:149} INFO - [2023-06-16T14:09:06.198+0700] {dagbag.py:541} INFO - Filling up the DagBag from /Library/Frameworks/Python.framework/Versions/3.11/lib/python3.11/site-packages/airflow/example_dags/example_branch_day_of_week_operator.py
[2023-06-16T14:09:06.222+0700] {processor.py:836} INFO - DAG(s) dict_keys(['example_weekday_branch_operator']) retrieved from /Library/Frameworks/Python.framework/Versions/3.11/lib/python3.11/site-packages/airflow/example_dags/example_branch_day_of_week_operator.py
[2023-06-16T14:09:07.302+0700] {logging_mixin.py:149} INFO - [2023-06-16T14:09:07.302+0700] {dag.py:2726} INFO - Sync 1 DAGs
[2023-06-16T14:09:07.324+0700] {logging_mixin.py:149} INFO - [2023-06-16T14:09:07.324+0700] {dag.py:3486} INFO - Setting next_dagrun for example_weekday_branch_operator to 2023-06-15T00:00:00+00:00, run_after=2023-06-16T00:00:00+00:00
[2023-06-16T14:09:07.345+0700] {processor.py:179} INFO - Processing /Library/Frameworks/Python.framework/Versions/3.11/lib/python3.11/site-packages/airflow/example_dags/example_branch_day_of_week_operator.py took 1.149 seconds
