[2023-06-16T18:46:37.742+0000] {processor.py:157} INFO - Started process (PID=270) to work on /home/airflow/.local/lib/python3.7/site-packages/airflow/example_dags/example_params_trigger_ui.py
[2023-06-16T18:46:37.747+0000] {processor.py:826} INFO - Processing file /home/airflow/.local/lib/python3.7/site-packages/airflow/example_dags/example_params_trigger_ui.py for tasks to queue
[2023-06-16T18:46:37.753+0000] {logging_mixin.py:149} INFO - [2023-06-16T18:46:37.753+0000] {dagbag.py:541} INFO - Filling up the DagBag from /home/airflow/.local/lib/python3.7/site-packages/airflow/example_dags/example_params_trigger_ui.py
[2023-06-16T18:46:37.858+0000] {processor.py:836} INFO - DAG(s) dict_keys(['example_params_trigger_ui']) retrieved from /home/airflow/.local/lib/python3.7/site-packages/airflow/example_dags/example_params_trigger_ui.py
[2023-06-16T18:46:38.071+0000] {logging_mixin.py:149} INFO - [2023-06-16T18:46:38.071+0000] {dag.py:2726} INFO - Sync 1 DAGs
[2023-06-16T18:46:38.139+0000] {logging_mixin.py:149} INFO - [2023-06-16T18:46:38.138+0000] {dag.py:3490} INFO - Setting next_dagrun for example_params_trigger_ui to None, run_after=None
[2023-06-16T18:46:38.187+0000] {processor.py:179} INFO - Processing /home/airflow/.local/lib/python3.7/site-packages/airflow/example_dags/example_params_trigger_ui.py took 0.456 seconds
[2023-06-16T18:47:08.492+0000] {processor.py:157} INFO - Started process (PID=327) to work on /home/airflow/.local/lib/python3.7/site-packages/airflow/example_dags/example_params_trigger_ui.py
[2023-06-16T18:47:08.503+0000] {processor.py:826} INFO - Processing file /home/airflow/.local/lib/python3.7/site-packages/airflow/example_dags/example_params_trigger_ui.py for tasks to queue
[2023-06-16T18:47:08.513+0000] {logging_mixin.py:149} INFO - [2023-06-16T18:47:08.512+0000] {dagbag.py:541} INFO - Filling up the DagBag from /home/airflow/.local/lib/python3.7/site-packages/airflow/example_dags/example_params_trigger_ui.py
[2023-06-16T18:47:08.580+0000] {processor.py:836} INFO - DAG(s) dict_keys(['example_params_trigger_ui']) retrieved from /home/airflow/.local/lib/python3.7/site-packages/airflow/example_dags/example_params_trigger_ui.py
[2023-06-16T18:47:08.931+0000] {logging_mixin.py:149} INFO - [2023-06-16T18:47:08.931+0000] {dag.py:2726} INFO - Sync 1 DAGs
[2023-06-16T18:47:08.991+0000] {logging_mixin.py:149} INFO - [2023-06-16T18:47:08.990+0000] {dag.py:3490} INFO - Setting next_dagrun for example_params_trigger_ui to None, run_after=None
[2023-06-16T18:47:09.047+0000] {processor.py:179} INFO - Processing /home/airflow/.local/lib/python3.7/site-packages/airflow/example_dags/example_params_trigger_ui.py took 0.564 seconds
[2023-06-16T18:47:39.802+0000] {processor.py:157} INFO - Started process (PID=384) to work on /home/airflow/.local/lib/python3.7/site-packages/airflow/example_dags/example_params_trigger_ui.py
[2023-06-16T18:47:39.810+0000] {processor.py:826} INFO - Processing file /home/airflow/.local/lib/python3.7/site-packages/airflow/example_dags/example_params_trigger_ui.py for tasks to queue
[2023-06-16T18:47:39.815+0000] {logging_mixin.py:149} INFO - [2023-06-16T18:47:39.814+0000] {dagbag.py:541} INFO - Filling up the DagBag from /home/airflow/.local/lib/python3.7/site-packages/airflow/example_dags/example_params_trigger_ui.py
[2023-06-16T18:47:39.902+0000] {processor.py:836} INFO - DAG(s) dict_keys(['example_params_trigger_ui']) retrieved from /home/airflow/.local/lib/python3.7/site-packages/airflow/example_dags/example_params_trigger_ui.py
[2023-06-16T18:47:40.118+0000] {logging_mixin.py:149} INFO - [2023-06-16T18:47:40.118+0000] {dag.py:2726} INFO - Sync 1 DAGs
[2023-06-16T18:47:40.259+0000] {logging_mixin.py:149} INFO - [2023-06-16T18:47:40.256+0000] {dag.py:3490} INFO - Setting next_dagrun for example_params_trigger_ui to None, run_after=None
[2023-06-16T18:47:40.329+0000] {processor.py:179} INFO - Processing /home/airflow/.local/lib/python3.7/site-packages/airflow/example_dags/example_params_trigger_ui.py took 0.537 seconds
[2023-06-16T18:48:10.591+0000] {processor.py:157} INFO - Started process (PID=441) to work on /home/airflow/.local/lib/python3.7/site-packages/airflow/example_dags/example_params_trigger_ui.py
[2023-06-16T18:48:10.597+0000] {processor.py:826} INFO - Processing file /home/airflow/.local/lib/python3.7/site-packages/airflow/example_dags/example_params_trigger_ui.py for tasks to queue
[2023-06-16T18:48:10.600+0000] {logging_mixin.py:149} INFO - [2023-06-16T18:48:10.600+0000] {dagbag.py:541} INFO - Filling up the DagBag from /home/airflow/.local/lib/python3.7/site-packages/airflow/example_dags/example_params_trigger_ui.py
[2023-06-16T18:48:10.652+0000] {processor.py:836} INFO - DAG(s) dict_keys(['example_params_trigger_ui']) retrieved from /home/airflow/.local/lib/python3.7/site-packages/airflow/example_dags/example_params_trigger_ui.py
[2023-06-16T18:48:10.844+0000] {logging_mixin.py:149} INFO - [2023-06-16T18:48:10.844+0000] {dag.py:2726} INFO - Sync 1 DAGs
[2023-06-16T18:48:10.904+0000] {logging_mixin.py:149} INFO - [2023-06-16T18:48:10.904+0000] {dag.py:3490} INFO - Setting next_dagrun for example_params_trigger_ui to None, run_after=None
[2023-06-16T18:48:10.950+0000] {processor.py:179} INFO - Processing /home/airflow/.local/lib/python3.7/site-packages/airflow/example_dags/example_params_trigger_ui.py took 0.367 seconds
[2023-06-16T18:48:41.215+0000] {processor.py:157} INFO - Started process (PID=498) to work on /home/airflow/.local/lib/python3.7/site-packages/airflow/example_dags/example_params_trigger_ui.py
[2023-06-16T18:48:41.219+0000] {processor.py:826} INFO - Processing file /home/airflow/.local/lib/python3.7/site-packages/airflow/example_dags/example_params_trigger_ui.py for tasks to queue
[2023-06-16T18:48:41.223+0000] {logging_mixin.py:149} INFO - [2023-06-16T18:48:41.222+0000] {dagbag.py:541} INFO - Filling up the DagBag from /home/airflow/.local/lib/python3.7/site-packages/airflow/example_dags/example_params_trigger_ui.py
[2023-06-16T18:48:41.277+0000] {processor.py:836} INFO - DAG(s) dict_keys(['example_params_trigger_ui']) retrieved from /home/airflow/.local/lib/python3.7/site-packages/airflow/example_dags/example_params_trigger_ui.py
[2023-06-16T18:48:41.453+0000] {logging_mixin.py:149} INFO - [2023-06-16T18:48:41.453+0000] {dag.py:2726} INFO - Sync 1 DAGs
[2023-06-16T18:48:41.513+0000] {logging_mixin.py:149} INFO - [2023-06-16T18:48:41.512+0000] {dag.py:3490} INFO - Setting next_dagrun for example_params_trigger_ui to None, run_after=None
[2023-06-16T18:48:41.554+0000] {processor.py:179} INFO - Processing /home/airflow/.local/lib/python3.7/site-packages/airflow/example_dags/example_params_trigger_ui.py took 0.348 seconds
[2023-06-16T18:49:11.982+0000] {processor.py:157} INFO - Started process (PID=555) to work on /home/airflow/.local/lib/python3.7/site-packages/airflow/example_dags/example_params_trigger_ui.py
[2023-06-16T18:49:11.988+0000] {processor.py:826} INFO - Processing file /home/airflow/.local/lib/python3.7/site-packages/airflow/example_dags/example_params_trigger_ui.py for tasks to queue
[2023-06-16T18:49:11.992+0000] {logging_mixin.py:149} INFO - [2023-06-16T18:49:11.992+0000] {dagbag.py:541} INFO - Filling up the DagBag from /home/airflow/.local/lib/python3.7/site-packages/airflow/example_dags/example_params_trigger_ui.py
[2023-06-16T18:49:12.056+0000] {processor.py:836} INFO - DAG(s) dict_keys(['example_params_trigger_ui']) retrieved from /home/airflow/.local/lib/python3.7/site-packages/airflow/example_dags/example_params_trigger_ui.py
[2023-06-16T18:49:12.271+0000] {logging_mixin.py:149} INFO - [2023-06-16T18:49:12.270+0000] {dag.py:2726} INFO - Sync 1 DAGs
[2023-06-16T18:49:12.334+0000] {logging_mixin.py:149} INFO - [2023-06-16T18:49:12.334+0000] {dag.py:3490} INFO - Setting next_dagrun for example_params_trigger_ui to None, run_after=None
[2023-06-16T18:49:12.386+0000] {processor.py:179} INFO - Processing /home/airflow/.local/lib/python3.7/site-packages/airflow/example_dags/example_params_trigger_ui.py took 0.415 seconds
[2023-06-16T18:49:42.829+0000] {processor.py:157} INFO - Started process (PID=612) to work on /home/airflow/.local/lib/python3.7/site-packages/airflow/example_dags/example_params_trigger_ui.py
[2023-06-16T18:49:42.845+0000] {processor.py:826} INFO - Processing file /home/airflow/.local/lib/python3.7/site-packages/airflow/example_dags/example_params_trigger_ui.py for tasks to queue
[2023-06-16T18:49:42.865+0000] {logging_mixin.py:149} INFO - [2023-06-16T18:49:42.865+0000] {dagbag.py:541} INFO - Filling up the DagBag from /home/airflow/.local/lib/python3.7/site-packages/airflow/example_dags/example_params_trigger_ui.py
[2023-06-16T18:49:42.921+0000] {processor.py:836} INFO - DAG(s) dict_keys(['example_params_trigger_ui']) retrieved from /home/airflow/.local/lib/python3.7/site-packages/airflow/example_dags/example_params_trigger_ui.py
[2023-06-16T18:49:43.181+0000] {logging_mixin.py:149} INFO - [2023-06-16T18:49:43.180+0000] {dag.py:2726} INFO - Sync 1 DAGs
[2023-06-16T18:49:43.266+0000] {logging_mixin.py:149} INFO - [2023-06-16T18:49:43.266+0000] {dag.py:3490} INFO - Setting next_dagrun for example_params_trigger_ui to None, run_after=None
[2023-06-16T18:49:43.312+0000] {processor.py:179} INFO - Processing /home/airflow/.local/lib/python3.7/site-packages/airflow/example_dags/example_params_trigger_ui.py took 0.492 seconds
[2023-06-16T18:50:13.517+0000] {processor.py:157} INFO - Started process (PID=668) to work on /home/airflow/.local/lib/python3.7/site-packages/airflow/example_dags/example_params_trigger_ui.py
[2023-06-16T18:50:13.527+0000] {processor.py:826} INFO - Processing file /home/airflow/.local/lib/python3.7/site-packages/airflow/example_dags/example_params_trigger_ui.py for tasks to queue
[2023-06-16T18:50:13.532+0000] {logging_mixin.py:149} INFO - [2023-06-16T18:50:13.532+0000] {dagbag.py:541} INFO - Filling up the DagBag from /home/airflow/.local/lib/python3.7/site-packages/airflow/example_dags/example_params_trigger_ui.py
[2023-06-16T18:50:13.593+0000] {processor.py:836} INFO - DAG(s) dict_keys(['example_params_trigger_ui']) retrieved from /home/airflow/.local/lib/python3.7/site-packages/airflow/example_dags/example_params_trigger_ui.py
[2023-06-16T18:50:13.792+0000] {logging_mixin.py:149} INFO - [2023-06-16T18:50:13.792+0000] {dag.py:2726} INFO - Sync 1 DAGs
[2023-06-16T18:50:13.855+0000] {logging_mixin.py:149} INFO - [2023-06-16T18:50:13.854+0000] {dag.py:3490} INFO - Setting next_dagrun for example_params_trigger_ui to None, run_after=None
[2023-06-16T18:50:13.900+0000] {processor.py:179} INFO - Processing /home/airflow/.local/lib/python3.7/site-packages/airflow/example_dags/example_params_trigger_ui.py took 0.396 seconds
[2023-06-16T18:50:44.044+0000] {processor.py:157} INFO - Started process (PID=725) to work on /home/airflow/.local/lib/python3.7/site-packages/airflow/example_dags/example_params_trigger_ui.py
[2023-06-16T18:50:44.048+0000] {processor.py:826} INFO - Processing file /home/airflow/.local/lib/python3.7/site-packages/airflow/example_dags/example_params_trigger_ui.py for tasks to queue
[2023-06-16T18:50:44.052+0000] {logging_mixin.py:149} INFO - [2023-06-16T18:50:44.052+0000] {dagbag.py:541} INFO - Filling up the DagBag from /home/airflow/.local/lib/python3.7/site-packages/airflow/example_dags/example_params_trigger_ui.py
[2023-06-16T18:50:44.110+0000] {processor.py:836} INFO - DAG(s) dict_keys(['example_params_trigger_ui']) retrieved from /home/airflow/.local/lib/python3.7/site-packages/airflow/example_dags/example_params_trigger_ui.py
[2023-06-16T18:50:44.316+0000] {logging_mixin.py:149} INFO - [2023-06-16T18:50:44.315+0000] {dag.py:2726} INFO - Sync 1 DAGs
[2023-06-16T18:50:44.383+0000] {logging_mixin.py:149} INFO - [2023-06-16T18:50:44.383+0000] {dag.py:3490} INFO - Setting next_dagrun for example_params_trigger_ui to None, run_after=None
[2023-06-16T18:50:44.470+0000] {processor.py:179} INFO - Processing /home/airflow/.local/lib/python3.7/site-packages/airflow/example_dags/example_params_trigger_ui.py took 0.435 seconds
[2023-06-16T18:51:14.723+0000] {processor.py:157} INFO - Started process (PID=789) to work on /home/airflow/.local/lib/python3.7/site-packages/airflow/example_dags/example_params_trigger_ui.py
[2023-06-16T18:51:14.726+0000] {processor.py:826} INFO - Processing file /home/airflow/.local/lib/python3.7/site-packages/airflow/example_dags/example_params_trigger_ui.py for tasks to queue
[2023-06-16T18:51:14.731+0000] {logging_mixin.py:149} INFO - [2023-06-16T18:51:14.731+0000] {dagbag.py:541} INFO - Filling up the DagBag from /home/airflow/.local/lib/python3.7/site-packages/airflow/example_dags/example_params_trigger_ui.py
[2023-06-16T18:51:14.781+0000] {processor.py:836} INFO - DAG(s) dict_keys(['example_params_trigger_ui']) retrieved from /home/airflow/.local/lib/python3.7/site-packages/airflow/example_dags/example_params_trigger_ui.py
[2023-06-16T18:51:14.946+0000] {logging_mixin.py:149} INFO - [2023-06-16T18:51:14.945+0000] {dag.py:2726} INFO - Sync 1 DAGs
[2023-06-16T18:51:14.995+0000] {logging_mixin.py:149} INFO - [2023-06-16T18:51:14.995+0000] {dag.py:3490} INFO - Setting next_dagrun for example_params_trigger_ui to None, run_after=None
[2023-06-16T18:51:15.037+0000] {processor.py:179} INFO - Processing /home/airflow/.local/lib/python3.7/site-packages/airflow/example_dags/example_params_trigger_ui.py took 0.322 seconds
[2023-06-16T18:51:45.359+0000] {processor.py:157} INFO - Started process (PID=847) to work on /home/airflow/.local/lib/python3.7/site-packages/airflow/example_dags/example_params_trigger_ui.py
[2023-06-16T18:51:45.363+0000] {processor.py:826} INFO - Processing file /home/airflow/.local/lib/python3.7/site-packages/airflow/example_dags/example_params_trigger_ui.py for tasks to queue
[2023-06-16T18:51:45.367+0000] {logging_mixin.py:149} INFO - [2023-06-16T18:51:45.367+0000] {dagbag.py:541} INFO - Filling up the DagBag from /home/airflow/.local/lib/python3.7/site-packages/airflow/example_dags/example_params_trigger_ui.py
[2023-06-16T18:51:45.416+0000] {processor.py:836} INFO - DAG(s) dict_keys(['example_params_trigger_ui']) retrieved from /home/airflow/.local/lib/python3.7/site-packages/airflow/example_dags/example_params_trigger_ui.py
[2023-06-16T18:51:45.653+0000] {logging_mixin.py:149} INFO - [2023-06-16T18:51:45.653+0000] {dag.py:2726} INFO - Sync 1 DAGs
[2023-06-16T18:51:45.728+0000] {logging_mixin.py:149} INFO - [2023-06-16T18:51:45.728+0000] {dag.py:3490} INFO - Setting next_dagrun for example_params_trigger_ui to None, run_after=None
[2023-06-16T18:51:45.850+0000] {processor.py:179} INFO - Processing /home/airflow/.local/lib/python3.7/site-packages/airflow/example_dags/example_params_trigger_ui.py took 0.498 seconds
[2023-06-16T18:52:16.201+0000] {processor.py:157} INFO - Started process (PID=904) to work on /home/airflow/.local/lib/python3.7/site-packages/airflow/example_dags/example_params_trigger_ui.py
[2023-06-16T18:52:16.207+0000] {processor.py:826} INFO - Processing file /home/airflow/.local/lib/python3.7/site-packages/airflow/example_dags/example_params_trigger_ui.py for tasks to queue
[2023-06-16T18:52:16.211+0000] {logging_mixin.py:149} INFO - [2023-06-16T18:52:16.211+0000] {dagbag.py:541} INFO - Filling up the DagBag from /home/airflow/.local/lib/python3.7/site-packages/airflow/example_dags/example_params_trigger_ui.py
[2023-06-16T18:52:16.266+0000] {processor.py:836} INFO - DAG(s) dict_keys(['example_params_trigger_ui']) retrieved from /home/airflow/.local/lib/python3.7/site-packages/airflow/example_dags/example_params_trigger_ui.py
[2023-06-16T18:52:16.434+0000] {logging_mixin.py:149} INFO - [2023-06-16T18:52:16.434+0000] {dag.py:2726} INFO - Sync 1 DAGs
[2023-06-16T18:52:16.490+0000] {logging_mixin.py:149} INFO - [2023-06-16T18:52:16.490+0000] {dag.py:3490} INFO - Setting next_dagrun for example_params_trigger_ui to None, run_after=None
[2023-06-16T18:52:16.534+0000] {processor.py:179} INFO - Processing /home/airflow/.local/lib/python3.7/site-packages/airflow/example_dags/example_params_trigger_ui.py took 0.344 seconds
[2023-06-16T18:52:47.278+0000] {processor.py:157} INFO - Started process (PID=962) to work on /home/airflow/.local/lib/python3.7/site-packages/airflow/example_dags/example_params_trigger_ui.py
[2023-06-16T18:52:47.282+0000] {processor.py:826} INFO - Processing file /home/airflow/.local/lib/python3.7/site-packages/airflow/example_dags/example_params_trigger_ui.py for tasks to queue
[2023-06-16T18:52:47.287+0000] {logging_mixin.py:149} INFO - [2023-06-16T18:52:47.287+0000] {dagbag.py:541} INFO - Filling up the DagBag from /home/airflow/.local/lib/python3.7/site-packages/airflow/example_dags/example_params_trigger_ui.py
[2023-06-16T18:52:47.341+0000] {processor.py:836} INFO - DAG(s) dict_keys(['example_params_trigger_ui']) retrieved from /home/airflow/.local/lib/python3.7/site-packages/airflow/example_dags/example_params_trigger_ui.py
[2023-06-16T18:52:47.531+0000] {logging_mixin.py:149} INFO - [2023-06-16T18:52:47.531+0000] {dag.py:2726} INFO - Sync 1 DAGs
[2023-06-16T18:52:47.588+0000] {logging_mixin.py:149} INFO - [2023-06-16T18:52:47.588+0000] {dag.py:3490} INFO - Setting next_dagrun for example_params_trigger_ui to None, run_after=None
[2023-06-16T18:52:47.634+0000] {processor.py:179} INFO - Processing /home/airflow/.local/lib/python3.7/site-packages/airflow/example_dags/example_params_trigger_ui.py took 0.365 seconds
[2023-06-16T18:53:17.783+0000] {processor.py:157} INFO - Started process (PID=1020) to work on /home/airflow/.local/lib/python3.7/site-packages/airflow/example_dags/example_params_trigger_ui.py
[2023-06-16T18:53:17.788+0000] {processor.py:826} INFO - Processing file /home/airflow/.local/lib/python3.7/site-packages/airflow/example_dags/example_params_trigger_ui.py for tasks to queue
[2023-06-16T18:53:17.792+0000] {logging_mixin.py:149} INFO - [2023-06-16T18:53:17.792+0000] {dagbag.py:541} INFO - Filling up the DagBag from /home/airflow/.local/lib/python3.7/site-packages/airflow/example_dags/example_params_trigger_ui.py
[2023-06-16T18:53:17.843+0000] {processor.py:836} INFO - DAG(s) dict_keys(['example_params_trigger_ui']) retrieved from /home/airflow/.local/lib/python3.7/site-packages/airflow/example_dags/example_params_trigger_ui.py
[2023-06-16T18:53:18.128+0000] {logging_mixin.py:149} INFO - [2023-06-16T18:53:18.128+0000] {dag.py:2726} INFO - Sync 1 DAGs
[2023-06-16T18:53:18.218+0000] {logging_mixin.py:149} INFO - [2023-06-16T18:53:18.217+0000] {dag.py:3490} INFO - Setting next_dagrun for example_params_trigger_ui to None, run_after=None
[2023-06-16T18:53:18.308+0000] {processor.py:179} INFO - Processing /home/airflow/.local/lib/python3.7/site-packages/airflow/example_dags/example_params_trigger_ui.py took 0.536 seconds
[2023-06-16T18:53:48.536+0000] {processor.py:157} INFO - Started process (PID=1077) to work on /home/airflow/.local/lib/python3.7/site-packages/airflow/example_dags/example_params_trigger_ui.py
[2023-06-16T18:53:48.541+0000] {processor.py:826} INFO - Processing file /home/airflow/.local/lib/python3.7/site-packages/airflow/example_dags/example_params_trigger_ui.py for tasks to queue
[2023-06-16T18:53:48.545+0000] {logging_mixin.py:149} INFO - [2023-06-16T18:53:48.545+0000] {dagbag.py:541} INFO - Filling up the DagBag from /home/airflow/.local/lib/python3.7/site-packages/airflow/example_dags/example_params_trigger_ui.py
[2023-06-16T18:53:48.606+0000] {processor.py:836} INFO - DAG(s) dict_keys(['example_params_trigger_ui']) retrieved from /home/airflow/.local/lib/python3.7/site-packages/airflow/example_dags/example_params_trigger_ui.py
[2023-06-16T18:53:48.839+0000] {logging_mixin.py:149} INFO - [2023-06-16T18:53:48.839+0000] {dag.py:2726} INFO - Sync 1 DAGs
[2023-06-16T18:53:48.914+0000] {logging_mixin.py:149} INFO - [2023-06-16T18:53:48.913+0000] {dag.py:3490} INFO - Setting next_dagrun for example_params_trigger_ui to None, run_after=None
[2023-06-16T18:53:48.964+0000] {processor.py:179} INFO - Processing /home/airflow/.local/lib/python3.7/site-packages/airflow/example_dags/example_params_trigger_ui.py took 0.438 seconds
[2023-06-16T18:54:19.100+0000] {processor.py:157} INFO - Started process (PID=1134) to work on /home/airflow/.local/lib/python3.7/site-packages/airflow/example_dags/example_params_trigger_ui.py
[2023-06-16T18:54:19.104+0000] {processor.py:826} INFO - Processing file /home/airflow/.local/lib/python3.7/site-packages/airflow/example_dags/example_params_trigger_ui.py for tasks to queue
[2023-06-16T18:54:19.110+0000] {logging_mixin.py:149} INFO - [2023-06-16T18:54:19.110+0000] {dagbag.py:541} INFO - Filling up the DagBag from /home/airflow/.local/lib/python3.7/site-packages/airflow/example_dags/example_params_trigger_ui.py
[2023-06-16T18:54:19.233+0000] {processor.py:836} INFO - DAG(s) dict_keys(['example_params_trigger_ui']) retrieved from /home/airflow/.local/lib/python3.7/site-packages/airflow/example_dags/example_params_trigger_ui.py
[2023-06-16T18:54:19.531+0000] {logging_mixin.py:149} INFO - [2023-06-16T18:54:19.531+0000] {dag.py:2726} INFO - Sync 1 DAGs
[2023-06-16T18:54:19.595+0000] {logging_mixin.py:149} INFO - [2023-06-16T18:54:19.595+0000] {dag.py:3490} INFO - Setting next_dagrun for example_params_trigger_ui to None, run_after=None
[2023-06-16T18:54:19.633+0000] {processor.py:179} INFO - Processing /home/airflow/.local/lib/python3.7/site-packages/airflow/example_dags/example_params_trigger_ui.py took 0.543 seconds
[2023-06-16T18:54:49.885+0000] {processor.py:157} INFO - Started process (PID=1193) to work on /home/airflow/.local/lib/python3.7/site-packages/airflow/example_dags/example_params_trigger_ui.py
[2023-06-16T18:54:49.889+0000] {processor.py:826} INFO - Processing file /home/airflow/.local/lib/python3.7/site-packages/airflow/example_dags/example_params_trigger_ui.py for tasks to queue
[2023-06-16T18:54:49.893+0000] {logging_mixin.py:149} INFO - [2023-06-16T18:54:49.893+0000] {dagbag.py:541} INFO - Filling up the DagBag from /home/airflow/.local/lib/python3.7/site-packages/airflow/example_dags/example_params_trigger_ui.py
[2023-06-16T18:54:49.980+0000] {processor.py:836} INFO - DAG(s) dict_keys(['example_params_trigger_ui']) retrieved from /home/airflow/.local/lib/python3.7/site-packages/airflow/example_dags/example_params_trigger_ui.py
[2023-06-16T18:54:50.332+0000] {logging_mixin.py:149} INFO - [2023-06-16T18:54:50.332+0000] {dag.py:2726} INFO - Sync 1 DAGs
[2023-06-16T18:54:50.435+0000] {logging_mixin.py:149} INFO - [2023-06-16T18:54:50.434+0000] {dag.py:3490} INFO - Setting next_dagrun for example_params_trigger_ui to None, run_after=None
[2023-06-16T18:54:50.509+0000] {processor.py:179} INFO - Processing /home/airflow/.local/lib/python3.7/site-packages/airflow/example_dags/example_params_trigger_ui.py took 0.632 seconds
[2023-06-16T18:55:20.661+0000] {processor.py:157} INFO - Started process (PID=1250) to work on /home/airflow/.local/lib/python3.7/site-packages/airflow/example_dags/example_params_trigger_ui.py
[2023-06-16T18:55:20.665+0000] {processor.py:826} INFO - Processing file /home/airflow/.local/lib/python3.7/site-packages/airflow/example_dags/example_params_trigger_ui.py for tasks to queue
[2023-06-16T18:55:20.669+0000] {logging_mixin.py:149} INFO - [2023-06-16T18:55:20.669+0000] {dagbag.py:541} INFO - Filling up the DagBag from /home/airflow/.local/lib/python3.7/site-packages/airflow/example_dags/example_params_trigger_ui.py
[2023-06-16T18:55:20.752+0000] {processor.py:836} INFO - DAG(s) dict_keys(['example_params_trigger_ui']) retrieved from /home/airflow/.local/lib/python3.7/site-packages/airflow/example_dags/example_params_trigger_ui.py
[2023-06-16T18:55:21.059+0000] {logging_mixin.py:149} INFO - [2023-06-16T18:55:21.059+0000] {dag.py:2726} INFO - Sync 1 DAGs
[2023-06-16T18:55:21.116+0000] {logging_mixin.py:149} INFO - [2023-06-16T18:55:21.116+0000] {dag.py:3490} INFO - Setting next_dagrun for example_params_trigger_ui to None, run_after=None
[2023-06-16T18:55:21.152+0000] {processor.py:179} INFO - Processing /home/airflow/.local/lib/python3.7/site-packages/airflow/example_dags/example_params_trigger_ui.py took 0.500 seconds
