[2023-06-16T18:46:34.223+0000] {processor.py:157} INFO - Started process (PID=264) to work on /home/airflow/.local/lib/python3.7/site-packages/airflow/example_dags/example_dag_decorator.py
[2023-06-16T18:46:34.227+0000] {processor.py:826} INFO - Processing file /home/airflow/.local/lib/python3.7/site-packages/airflow/example_dags/example_dag_decorator.py for tasks to queue
[2023-06-16T18:46:34.230+0000] {logging_mixin.py:149} INFO - [2023-06-16T18:46:34.230+0000] {dagbag.py:541} INFO - Filling up the DagBag from /home/airflow/.local/lib/python3.7/site-packages/airflow/example_dags/example_dag_decorator.py
[2023-06-16T18:46:34.252+0000] {logging_mixin.py:149} INFO - [2023-06-16T18:46:34.251+0000] {taskmixin.py:211} WARNING - Dependency <Task(_PythonDecoratedOperator): prepare_email>, send_email already registered for DAG: example_dag_decorator
[2023-06-16T18:46:34.254+0000] {logging_mixin.py:149} INFO - [2023-06-16T18:46:34.254+0000] {taskmixin.py:211} WARNING - Dependency <Task(EmailOperator): send_email>, prepare_email already registered for DAG: example_dag_decorator
[2023-06-16T18:46:34.278+0000] {processor.py:836} INFO - DAG(s) dict_keys(['example_dag_decorator']) retrieved from /home/airflow/.local/lib/python3.7/site-packages/airflow/example_dags/example_dag_decorator.py
[2023-06-16T18:46:34.408+0000] {logging_mixin.py:149} INFO - [2023-06-16T18:46:34.408+0000] {dag.py:2726} INFO - Sync 1 DAGs
[2023-06-16T18:46:34.461+0000] {logging_mixin.py:149} INFO - [2023-06-16T18:46:34.460+0000] {dag.py:3490} INFO - Setting next_dagrun for example_dag_decorator to None, run_after=None
[2023-06-16T18:46:34.507+0000] {processor.py:179} INFO - Processing /home/airflow/.local/lib/python3.7/site-packages/airflow/example_dags/example_dag_decorator.py took 0.293 seconds
[2023-06-16T18:47:04.759+0000] {processor.py:157} INFO - Started process (PID=321) to work on /home/airflow/.local/lib/python3.7/site-packages/airflow/example_dags/example_dag_decorator.py
[2023-06-16T18:47:04.763+0000] {processor.py:826} INFO - Processing file /home/airflow/.local/lib/python3.7/site-packages/airflow/example_dags/example_dag_decorator.py for tasks to queue
[2023-06-16T18:47:04.768+0000] {logging_mixin.py:149} INFO - [2023-06-16T18:47:04.767+0000] {dagbag.py:541} INFO - Filling up the DagBag from /home/airflow/.local/lib/python3.7/site-packages/airflow/example_dags/example_dag_decorator.py
[2023-06-16T18:47:04.785+0000] {logging_mixin.py:149} INFO - [2023-06-16T18:47:04.785+0000] {taskmixin.py:211} WARNING - Dependency <Task(_PythonDecoratedOperator): prepare_email>, send_email already registered for DAG: example_dag_decorator
[2023-06-16T18:47:04.788+0000] {logging_mixin.py:149} INFO - [2023-06-16T18:47:04.788+0000] {taskmixin.py:211} WARNING - Dependency <Task(EmailOperator): send_email>, prepare_email already registered for DAG: example_dag_decorator
[2023-06-16T18:47:04.811+0000] {processor.py:836} INFO - DAG(s) dict_keys(['example_dag_decorator']) retrieved from /home/airflow/.local/lib/python3.7/site-packages/airflow/example_dags/example_dag_decorator.py
[2023-06-16T18:47:04.979+0000] {logging_mixin.py:149} INFO - [2023-06-16T18:47:04.979+0000] {dag.py:2726} INFO - Sync 1 DAGs
[2023-06-16T18:47:05.036+0000] {logging_mixin.py:149} INFO - [2023-06-16T18:47:05.036+0000] {dag.py:3490} INFO - Setting next_dagrun for example_dag_decorator to None, run_after=None
[2023-06-16T18:47:05.090+0000] {processor.py:179} INFO - Processing /home/airflow/.local/lib/python3.7/site-packages/airflow/example_dags/example_dag_decorator.py took 0.339 seconds
[2023-06-16T18:47:35.818+0000] {processor.py:157} INFO - Started process (PID=378) to work on /home/airflow/.local/lib/python3.7/site-packages/airflow/example_dags/example_dag_decorator.py
[2023-06-16T18:47:35.823+0000] {processor.py:826} INFO - Processing file /home/airflow/.local/lib/python3.7/site-packages/airflow/example_dags/example_dag_decorator.py for tasks to queue
[2023-06-16T18:47:35.826+0000] {logging_mixin.py:149} INFO - [2023-06-16T18:47:35.826+0000] {dagbag.py:541} INFO - Filling up the DagBag from /home/airflow/.local/lib/python3.7/site-packages/airflow/example_dags/example_dag_decorator.py
[2023-06-16T18:47:35.844+0000] {logging_mixin.py:149} INFO - [2023-06-16T18:47:35.844+0000] {taskmixin.py:211} WARNING - Dependency <Task(_PythonDecoratedOperator): prepare_email>, send_email already registered for DAG: example_dag_decorator
[2023-06-16T18:47:35.847+0000] {logging_mixin.py:149} INFO - [2023-06-16T18:47:35.846+0000] {taskmixin.py:211} WARNING - Dependency <Task(EmailOperator): send_email>, prepare_email already registered for DAG: example_dag_decorator
[2023-06-16T18:47:35.867+0000] {processor.py:836} INFO - DAG(s) dict_keys(['example_dag_decorator']) retrieved from /home/airflow/.local/lib/python3.7/site-packages/airflow/example_dags/example_dag_decorator.py
[2023-06-16T18:47:36.013+0000] {logging_mixin.py:149} INFO - [2023-06-16T18:47:36.012+0000] {dag.py:2726} INFO - Sync 1 DAGs
[2023-06-16T18:47:36.064+0000] {logging_mixin.py:149} INFO - [2023-06-16T18:47:36.064+0000] {dag.py:3490} INFO - Setting next_dagrun for example_dag_decorator to None, run_after=None
[2023-06-16T18:47:36.147+0000] {processor.py:179} INFO - Processing /home/airflow/.local/lib/python3.7/site-packages/airflow/example_dags/example_dag_decorator.py took 0.338 seconds
[2023-06-16T18:48:06.346+0000] {processor.py:157} INFO - Started process (PID=435) to work on /home/airflow/.local/lib/python3.7/site-packages/airflow/example_dags/example_dag_decorator.py
[2023-06-16T18:48:06.351+0000] {processor.py:826} INFO - Processing file /home/airflow/.local/lib/python3.7/site-packages/airflow/example_dags/example_dag_decorator.py for tasks to queue
[2023-06-16T18:48:06.355+0000] {logging_mixin.py:149} INFO - [2023-06-16T18:48:06.354+0000] {dagbag.py:541} INFO - Filling up the DagBag from /home/airflow/.local/lib/python3.7/site-packages/airflow/example_dags/example_dag_decorator.py
[2023-06-16T18:48:06.369+0000] {logging_mixin.py:149} INFO - [2023-06-16T18:48:06.369+0000] {taskmixin.py:211} WARNING - Dependency <Task(_PythonDecoratedOperator): prepare_email>, send_email already registered for DAG: example_dag_decorator
[2023-06-16T18:48:06.371+0000] {logging_mixin.py:149} INFO - [2023-06-16T18:48:06.371+0000] {taskmixin.py:211} WARNING - Dependency <Task(EmailOperator): send_email>, prepare_email already registered for DAG: example_dag_decorator
[2023-06-16T18:48:06.393+0000] {processor.py:836} INFO - DAG(s) dict_keys(['example_dag_decorator']) retrieved from /home/airflow/.local/lib/python3.7/site-packages/airflow/example_dags/example_dag_decorator.py
[2023-06-16T18:48:06.518+0000] {logging_mixin.py:149} INFO - [2023-06-16T18:48:06.518+0000] {dag.py:2726} INFO - Sync 1 DAGs
[2023-06-16T18:48:06.565+0000] {logging_mixin.py:149} INFO - [2023-06-16T18:48:06.565+0000] {dag.py:3490} INFO - Setting next_dagrun for example_dag_decorator to None, run_after=None
[2023-06-16T18:48:06.610+0000] {processor.py:179} INFO - Processing /home/airflow/.local/lib/python3.7/site-packages/airflow/example_dags/example_dag_decorator.py took 0.272 seconds
[2023-06-16T18:48:36.857+0000] {processor.py:157} INFO - Started process (PID=492) to work on /home/airflow/.local/lib/python3.7/site-packages/airflow/example_dags/example_dag_decorator.py
[2023-06-16T18:48:36.862+0000] {processor.py:826} INFO - Processing file /home/airflow/.local/lib/python3.7/site-packages/airflow/example_dags/example_dag_decorator.py for tasks to queue
[2023-06-16T18:48:36.874+0000] {logging_mixin.py:149} INFO - [2023-06-16T18:48:36.873+0000] {dagbag.py:541} INFO - Filling up the DagBag from /home/airflow/.local/lib/python3.7/site-packages/airflow/example_dags/example_dag_decorator.py
[2023-06-16T18:48:36.892+0000] {logging_mixin.py:149} INFO - [2023-06-16T18:48:36.892+0000] {taskmixin.py:211} WARNING - Dependency <Task(_PythonDecoratedOperator): prepare_email>, send_email already registered for DAG: example_dag_decorator
[2023-06-16T18:48:36.895+0000] {logging_mixin.py:149} INFO - [2023-06-16T18:48:36.895+0000] {taskmixin.py:211} WARNING - Dependency <Task(EmailOperator): send_email>, prepare_email already registered for DAG: example_dag_decorator
[2023-06-16T18:48:36.919+0000] {processor.py:836} INFO - DAG(s) dict_keys(['example_dag_decorator']) retrieved from /home/airflow/.local/lib/python3.7/site-packages/airflow/example_dags/example_dag_decorator.py
[2023-06-16T18:48:37.048+0000] {logging_mixin.py:149} INFO - [2023-06-16T18:48:37.047+0000] {dag.py:2726} INFO - Sync 1 DAGs
[2023-06-16T18:48:37.097+0000] {logging_mixin.py:149} INFO - [2023-06-16T18:48:37.097+0000] {dag.py:3490} INFO - Setting next_dagrun for example_dag_decorator to None, run_after=None
[2023-06-16T18:48:37.140+0000] {processor.py:179} INFO - Processing /home/airflow/.local/lib/python3.7/site-packages/airflow/example_dags/example_dag_decorator.py took 0.292 seconds
[2023-06-16T18:49:07.640+0000] {processor.py:157} INFO - Started process (PID=549) to work on /home/airflow/.local/lib/python3.7/site-packages/airflow/example_dags/example_dag_decorator.py
[2023-06-16T18:49:07.644+0000] {processor.py:826} INFO - Processing file /home/airflow/.local/lib/python3.7/site-packages/airflow/example_dags/example_dag_decorator.py for tasks to queue
[2023-06-16T18:49:07.647+0000] {logging_mixin.py:149} INFO - [2023-06-16T18:49:07.647+0000] {dagbag.py:541} INFO - Filling up the DagBag from /home/airflow/.local/lib/python3.7/site-packages/airflow/example_dags/example_dag_decorator.py
[2023-06-16T18:49:07.665+0000] {logging_mixin.py:149} INFO - [2023-06-16T18:49:07.665+0000] {taskmixin.py:211} WARNING - Dependency <Task(_PythonDecoratedOperator): prepare_email>, send_email already registered for DAG: example_dag_decorator
[2023-06-16T18:49:07.667+0000] {logging_mixin.py:149} INFO - [2023-06-16T18:49:07.667+0000] {taskmixin.py:211} WARNING - Dependency <Task(EmailOperator): send_email>, prepare_email already registered for DAG: example_dag_decorator
[2023-06-16T18:49:07.687+0000] {processor.py:836} INFO - DAG(s) dict_keys(['example_dag_decorator']) retrieved from /home/airflow/.local/lib/python3.7/site-packages/airflow/example_dags/example_dag_decorator.py
[2023-06-16T18:49:07.868+0000] {logging_mixin.py:149} INFO - [2023-06-16T18:49:07.868+0000] {dag.py:2726} INFO - Sync 1 DAGs
[2023-06-16T18:49:07.940+0000] {logging_mixin.py:149} INFO - [2023-06-16T18:49:07.939+0000] {dag.py:3490} INFO - Setting next_dagrun for example_dag_decorator to None, run_after=None
[2023-06-16T18:49:08.039+0000] {processor.py:179} INFO - Processing /home/airflow/.local/lib/python3.7/site-packages/airflow/example_dags/example_dag_decorator.py took 0.406 seconds
[2023-06-16T18:49:38.181+0000] {processor.py:157} INFO - Started process (PID=606) to work on /home/airflow/.local/lib/python3.7/site-packages/airflow/example_dags/example_dag_decorator.py
[2023-06-16T18:49:38.185+0000] {processor.py:826} INFO - Processing file /home/airflow/.local/lib/python3.7/site-packages/airflow/example_dags/example_dag_decorator.py for tasks to queue
[2023-06-16T18:49:38.189+0000] {logging_mixin.py:149} INFO - [2023-06-16T18:49:38.188+0000] {dagbag.py:541} INFO - Filling up the DagBag from /home/airflow/.local/lib/python3.7/site-packages/airflow/example_dags/example_dag_decorator.py
[2023-06-16T18:49:38.206+0000] {logging_mixin.py:149} INFO - [2023-06-16T18:49:38.206+0000] {taskmixin.py:211} WARNING - Dependency <Task(_PythonDecoratedOperator): prepare_email>, send_email already registered for DAG: example_dag_decorator
[2023-06-16T18:49:38.208+0000] {logging_mixin.py:149} INFO - [2023-06-16T18:49:38.208+0000] {taskmixin.py:211} WARNING - Dependency <Task(EmailOperator): send_email>, prepare_email already registered for DAG: example_dag_decorator
[2023-06-16T18:49:38.230+0000] {processor.py:836} INFO - DAG(s) dict_keys(['example_dag_decorator']) retrieved from /home/airflow/.local/lib/python3.7/site-packages/airflow/example_dags/example_dag_decorator.py
[2023-06-16T18:49:38.353+0000] {logging_mixin.py:149} INFO - [2023-06-16T18:49:38.353+0000] {dag.py:2726} INFO - Sync 1 DAGs
[2023-06-16T18:49:38.397+0000] {logging_mixin.py:149} INFO - [2023-06-16T18:49:38.397+0000] {dag.py:3490} INFO - Setting next_dagrun for example_dag_decorator to None, run_after=None
[2023-06-16T18:49:38.440+0000] {processor.py:179} INFO - Processing /home/airflow/.local/lib/python3.7/site-packages/airflow/example_dags/example_dag_decorator.py took 0.267 seconds
[2023-06-16T18:50:09.216+0000] {processor.py:157} INFO - Started process (PID=662) to work on /home/airflow/.local/lib/python3.7/site-packages/airflow/example_dags/example_dag_decorator.py
[2023-06-16T18:50:09.220+0000] {processor.py:826} INFO - Processing file /home/airflow/.local/lib/python3.7/site-packages/airflow/example_dags/example_dag_decorator.py for tasks to queue
[2023-06-16T18:50:09.224+0000] {logging_mixin.py:149} INFO - [2023-06-16T18:50:09.223+0000] {dagbag.py:541} INFO - Filling up the DagBag from /home/airflow/.local/lib/python3.7/site-packages/airflow/example_dags/example_dag_decorator.py
[2023-06-16T18:50:09.242+0000] {logging_mixin.py:149} INFO - [2023-06-16T18:50:09.241+0000] {taskmixin.py:211} WARNING - Dependency <Task(_PythonDecoratedOperator): prepare_email>, send_email already registered for DAG: example_dag_decorator
[2023-06-16T18:50:09.244+0000] {logging_mixin.py:149} INFO - [2023-06-16T18:50:09.244+0000] {taskmixin.py:211} WARNING - Dependency <Task(EmailOperator): send_email>, prepare_email already registered for DAG: example_dag_decorator
[2023-06-16T18:50:09.269+0000] {processor.py:836} INFO - DAG(s) dict_keys(['example_dag_decorator']) retrieved from /home/airflow/.local/lib/python3.7/site-packages/airflow/example_dags/example_dag_decorator.py
[2023-06-16T18:50:09.435+0000] {logging_mixin.py:149} INFO - [2023-06-16T18:50:09.435+0000] {dag.py:2726} INFO - Sync 1 DAGs
[2023-06-16T18:50:09.524+0000] {logging_mixin.py:149} INFO - [2023-06-16T18:50:09.524+0000] {dag.py:3490} INFO - Setting next_dagrun for example_dag_decorator to None, run_after=None
[2023-06-16T18:50:09.586+0000] {processor.py:179} INFO - Processing /home/airflow/.local/lib/python3.7/site-packages/airflow/example_dags/example_dag_decorator.py took 0.378 seconds
[2023-06-16T18:50:39.694+0000] {processor.py:157} INFO - Started process (PID=719) to work on /home/airflow/.local/lib/python3.7/site-packages/airflow/example_dags/example_dag_decorator.py
[2023-06-16T18:50:39.699+0000] {processor.py:826} INFO - Processing file /home/airflow/.local/lib/python3.7/site-packages/airflow/example_dags/example_dag_decorator.py for tasks to queue
[2023-06-16T18:50:39.703+0000] {logging_mixin.py:149} INFO - [2023-06-16T18:50:39.702+0000] {dagbag.py:541} INFO - Filling up the DagBag from /home/airflow/.local/lib/python3.7/site-packages/airflow/example_dags/example_dag_decorator.py
[2023-06-16T18:50:39.719+0000] {logging_mixin.py:149} INFO - [2023-06-16T18:50:39.719+0000] {taskmixin.py:211} WARNING - Dependency <Task(_PythonDecoratedOperator): prepare_email>, send_email already registered for DAG: example_dag_decorator
[2023-06-16T18:50:39.722+0000] {logging_mixin.py:149} INFO - [2023-06-16T18:50:39.721+0000] {taskmixin.py:211} WARNING - Dependency <Task(EmailOperator): send_email>, prepare_email already registered for DAG: example_dag_decorator
[2023-06-16T18:50:39.743+0000] {processor.py:836} INFO - DAG(s) dict_keys(['example_dag_decorator']) retrieved from /home/airflow/.local/lib/python3.7/site-packages/airflow/example_dags/example_dag_decorator.py
[2023-06-16T18:50:39.904+0000] {logging_mixin.py:149} INFO - [2023-06-16T18:50:39.904+0000] {dag.py:2726} INFO - Sync 1 DAGs
[2023-06-16T18:50:39.968+0000] {logging_mixin.py:149} INFO - [2023-06-16T18:50:39.967+0000] {dag.py:3490} INFO - Setting next_dagrun for example_dag_decorator to None, run_after=None
[2023-06-16T18:50:40.013+0000] {processor.py:179} INFO - Processing /home/airflow/.local/lib/python3.7/site-packages/airflow/example_dags/example_dag_decorator.py took 0.325 seconds
[2023-06-16T18:51:10.204+0000] {processor.py:157} INFO - Started process (PID=777) to work on /home/airflow/.local/lib/python3.7/site-packages/airflow/example_dags/example_dag_decorator.py
[2023-06-16T18:51:10.208+0000] {processor.py:826} INFO - Processing file /home/airflow/.local/lib/python3.7/site-packages/airflow/example_dags/example_dag_decorator.py for tasks to queue
[2023-06-16T18:51:10.215+0000] {logging_mixin.py:149} INFO - [2023-06-16T18:51:10.215+0000] {dagbag.py:541} INFO - Filling up the DagBag from /home/airflow/.local/lib/python3.7/site-packages/airflow/example_dags/example_dag_decorator.py
[2023-06-16T18:51:10.232+0000] {logging_mixin.py:149} INFO - [2023-06-16T18:51:10.232+0000] {taskmixin.py:211} WARNING - Dependency <Task(_PythonDecoratedOperator): prepare_email>, send_email already registered for DAG: example_dag_decorator
[2023-06-16T18:51:10.235+0000] {logging_mixin.py:149} INFO - [2023-06-16T18:51:10.235+0000] {taskmixin.py:211} WARNING - Dependency <Task(EmailOperator): send_email>, prepare_email already registered for DAG: example_dag_decorator
[2023-06-16T18:51:10.254+0000] {processor.py:836} INFO - DAG(s) dict_keys(['example_dag_decorator']) retrieved from /home/airflow/.local/lib/python3.7/site-packages/airflow/example_dags/example_dag_decorator.py
[2023-06-16T18:51:10.400+0000] {logging_mixin.py:149} INFO - [2023-06-16T18:51:10.399+0000] {dag.py:2726} INFO - Sync 1 DAGs
[2023-06-16T18:51:10.452+0000] {logging_mixin.py:149} INFO - [2023-06-16T18:51:10.452+0000] {dag.py:3490} INFO - Setting next_dagrun for example_dag_decorator to None, run_after=None
[2023-06-16T18:51:10.503+0000] {processor.py:179} INFO - Processing /home/airflow/.local/lib/python3.7/site-packages/airflow/example_dags/example_dag_decorator.py took 0.305 seconds
[2023-06-16T18:51:40.798+0000] {processor.py:157} INFO - Started process (PID=834) to work on /home/airflow/.local/lib/python3.7/site-packages/airflow/example_dags/example_dag_decorator.py
[2023-06-16T18:51:40.803+0000] {processor.py:826} INFO - Processing file /home/airflow/.local/lib/python3.7/site-packages/airflow/example_dags/example_dag_decorator.py for tasks to queue
[2023-06-16T18:51:40.807+0000] {logging_mixin.py:149} INFO - [2023-06-16T18:51:40.806+0000] {dagbag.py:541} INFO - Filling up the DagBag from /home/airflow/.local/lib/python3.7/site-packages/airflow/example_dags/example_dag_decorator.py
[2023-06-16T18:51:40.824+0000] {logging_mixin.py:149} INFO - [2023-06-16T18:51:40.824+0000] {taskmixin.py:211} WARNING - Dependency <Task(_PythonDecoratedOperator): prepare_email>, send_email already registered for DAG: example_dag_decorator
[2023-06-16T18:51:40.827+0000] {logging_mixin.py:149} INFO - [2023-06-16T18:51:40.826+0000] {taskmixin.py:211} WARNING - Dependency <Task(EmailOperator): send_email>, prepare_email already registered for DAG: example_dag_decorator
[2023-06-16T18:51:40.846+0000] {processor.py:836} INFO - DAG(s) dict_keys(['example_dag_decorator']) retrieved from /home/airflow/.local/lib/python3.7/site-packages/airflow/example_dags/example_dag_decorator.py
[2023-06-16T18:51:40.980+0000] {logging_mixin.py:149} INFO - [2023-06-16T18:51:40.980+0000] {dag.py:2726} INFO - Sync 1 DAGs
[2023-06-16T18:51:41.031+0000] {logging_mixin.py:149} INFO - [2023-06-16T18:51:41.031+0000] {dag.py:3490} INFO - Setting next_dagrun for example_dag_decorator to None, run_after=None
[2023-06-16T18:51:41.079+0000] {processor.py:179} INFO - Processing /home/airflow/.local/lib/python3.7/site-packages/airflow/example_dags/example_dag_decorator.py took 0.290 seconds
[2023-06-16T18:52:12.050+0000] {processor.py:157} INFO - Started process (PID=892) to work on /home/airflow/.local/lib/python3.7/site-packages/airflow/example_dags/example_dag_decorator.py
[2023-06-16T18:52:12.056+0000] {processor.py:826} INFO - Processing file /home/airflow/.local/lib/python3.7/site-packages/airflow/example_dags/example_dag_decorator.py for tasks to queue
[2023-06-16T18:52:12.059+0000] {logging_mixin.py:149} INFO - [2023-06-16T18:52:12.059+0000] {dagbag.py:541} INFO - Filling up the DagBag from /home/airflow/.local/lib/python3.7/site-packages/airflow/example_dags/example_dag_decorator.py
[2023-06-16T18:52:12.082+0000] {logging_mixin.py:149} INFO - [2023-06-16T18:52:12.082+0000] {taskmixin.py:211} WARNING - Dependency <Task(_PythonDecoratedOperator): prepare_email>, send_email already registered for DAG: example_dag_decorator
[2023-06-16T18:52:12.086+0000] {logging_mixin.py:149} INFO - [2023-06-16T18:52:12.085+0000] {taskmixin.py:211} WARNING - Dependency <Task(EmailOperator): send_email>, prepare_email already registered for DAG: example_dag_decorator
[2023-06-16T18:52:12.109+0000] {processor.py:836} INFO - DAG(s) dict_keys(['example_dag_decorator']) retrieved from /home/airflow/.local/lib/python3.7/site-packages/airflow/example_dags/example_dag_decorator.py
[2023-06-16T18:52:12.314+0000] {logging_mixin.py:149} INFO - [2023-06-16T18:52:12.314+0000] {dag.py:2726} INFO - Sync 1 DAGs
[2023-06-16T18:52:12.378+0000] {logging_mixin.py:149} INFO - [2023-06-16T18:52:12.377+0000] {dag.py:3490} INFO - Setting next_dagrun for example_dag_decorator to None, run_after=None
[2023-06-16T18:52:12.432+0000] {processor.py:179} INFO - Processing /home/airflow/.local/lib/python3.7/site-packages/airflow/example_dags/example_dag_decorator.py took 0.392 seconds
[2023-06-16T18:52:42.750+0000] {processor.py:157} INFO - Started process (PID=949) to work on /home/airflow/.local/lib/python3.7/site-packages/airflow/example_dags/example_dag_decorator.py
[2023-06-16T18:52:42.754+0000] {processor.py:826} INFO - Processing file /home/airflow/.local/lib/python3.7/site-packages/airflow/example_dags/example_dag_decorator.py for tasks to queue
[2023-06-16T18:52:42.759+0000] {logging_mixin.py:149} INFO - [2023-06-16T18:52:42.759+0000] {dagbag.py:541} INFO - Filling up the DagBag from /home/airflow/.local/lib/python3.7/site-packages/airflow/example_dags/example_dag_decorator.py
[2023-06-16T18:52:42.783+0000] {logging_mixin.py:149} INFO - [2023-06-16T18:52:42.783+0000] {taskmixin.py:211} WARNING - Dependency <Task(_PythonDecoratedOperator): prepare_email>, send_email already registered for DAG: example_dag_decorator
[2023-06-16T18:52:42.794+0000] {logging_mixin.py:149} INFO - [2023-06-16T18:52:42.794+0000] {taskmixin.py:211} WARNING - Dependency <Task(EmailOperator): send_email>, prepare_email already registered for DAG: example_dag_decorator
[2023-06-16T18:52:42.837+0000] {processor.py:836} INFO - DAG(s) dict_keys(['example_dag_decorator']) retrieved from /home/airflow/.local/lib/python3.7/site-packages/airflow/example_dags/example_dag_decorator.py
[2023-06-16T18:52:43.116+0000] {logging_mixin.py:149} INFO - [2023-06-16T18:52:43.115+0000] {dag.py:2726} INFO - Sync 1 DAGs
[2023-06-16T18:52:43.268+0000] {logging_mixin.py:149} INFO - [2023-06-16T18:52:43.267+0000] {dag.py:3490} INFO - Setting next_dagrun for example_dag_decorator to None, run_after=None
[2023-06-16T18:52:43.350+0000] {processor.py:179} INFO - Processing /home/airflow/.local/lib/python3.7/site-packages/airflow/example_dags/example_dag_decorator.py took 0.608 seconds
[2023-06-16T18:53:13.496+0000] {processor.py:157} INFO - Started process (PID=1007) to work on /home/airflow/.local/lib/python3.7/site-packages/airflow/example_dags/example_dag_decorator.py
[2023-06-16T18:53:13.501+0000] {processor.py:826} INFO - Processing file /home/airflow/.local/lib/python3.7/site-packages/airflow/example_dags/example_dag_decorator.py for tasks to queue
[2023-06-16T18:53:13.508+0000] {logging_mixin.py:149} INFO - [2023-06-16T18:53:13.507+0000] {dagbag.py:541} INFO - Filling up the DagBag from /home/airflow/.local/lib/python3.7/site-packages/airflow/example_dags/example_dag_decorator.py
[2023-06-16T18:53:13.530+0000] {logging_mixin.py:149} INFO - [2023-06-16T18:53:13.530+0000] {taskmixin.py:211} WARNING - Dependency <Task(_PythonDecoratedOperator): prepare_email>, send_email already registered for DAG: example_dag_decorator
[2023-06-16T18:53:13.533+0000] {logging_mixin.py:149} INFO - [2023-06-16T18:53:13.532+0000] {taskmixin.py:211} WARNING - Dependency <Task(EmailOperator): send_email>, prepare_email already registered for DAG: example_dag_decorator
[2023-06-16T18:53:13.642+0000] {processor.py:836} INFO - DAG(s) dict_keys(['example_dag_decorator']) retrieved from /home/airflow/.local/lib/python3.7/site-packages/airflow/example_dags/example_dag_decorator.py
[2023-06-16T18:53:13.937+0000] {logging_mixin.py:149} INFO - [2023-06-16T18:53:13.936+0000] {dag.py:2726} INFO - Sync 1 DAGs
[2023-06-16T18:53:14.007+0000] {logging_mixin.py:149} INFO - [2023-06-16T18:53:14.007+0000] {dag.py:3490} INFO - Setting next_dagrun for example_dag_decorator to None, run_after=None
[2023-06-16T18:53:14.067+0000] {processor.py:179} INFO - Processing /home/airflow/.local/lib/python3.7/site-packages/airflow/example_dags/example_dag_decorator.py took 0.582 seconds
[2023-06-16T18:53:44.546+0000] {processor.py:157} INFO - Started process (PID=1065) to work on /home/airflow/.local/lib/python3.7/site-packages/airflow/example_dags/example_dag_decorator.py
[2023-06-16T18:53:44.553+0000] {processor.py:826} INFO - Processing file /home/airflow/.local/lib/python3.7/site-packages/airflow/example_dags/example_dag_decorator.py for tasks to queue
[2023-06-16T18:53:44.562+0000] {logging_mixin.py:149} INFO - [2023-06-16T18:53:44.562+0000] {dagbag.py:541} INFO - Filling up the DagBag from /home/airflow/.local/lib/python3.7/site-packages/airflow/example_dags/example_dag_decorator.py
[2023-06-16T18:53:44.594+0000] {logging_mixin.py:149} INFO - [2023-06-16T18:53:44.594+0000] {taskmixin.py:211} WARNING - Dependency <Task(_PythonDecoratedOperator): prepare_email>, send_email already registered for DAG: example_dag_decorator
[2023-06-16T18:53:44.596+0000] {logging_mixin.py:149} INFO - [2023-06-16T18:53:44.596+0000] {taskmixin.py:211} WARNING - Dependency <Task(EmailOperator): send_email>, prepare_email already registered for DAG: example_dag_decorator
[2023-06-16T18:53:44.618+0000] {processor.py:836} INFO - DAG(s) dict_keys(['example_dag_decorator']) retrieved from /home/airflow/.local/lib/python3.7/site-packages/airflow/example_dags/example_dag_decorator.py
[2023-06-16T18:53:44.802+0000] {logging_mixin.py:149} INFO - [2023-06-16T18:53:44.801+0000] {dag.py:2726} INFO - Sync 1 DAGs
[2023-06-16T18:53:44.875+0000] {logging_mixin.py:149} INFO - [2023-06-16T18:53:44.875+0000] {dag.py:3490} INFO - Setting next_dagrun for example_dag_decorator to None, run_after=None
[2023-06-16T18:53:44.928+0000] {processor.py:179} INFO - Processing /home/airflow/.local/lib/python3.7/site-packages/airflow/example_dags/example_dag_decorator.py took 0.397 seconds
[2023-06-16T18:54:15.149+0000] {processor.py:157} INFO - Started process (PID=1122) to work on /home/airflow/.local/lib/python3.7/site-packages/airflow/example_dags/example_dag_decorator.py
[2023-06-16T18:54:15.154+0000] {processor.py:826} INFO - Processing file /home/airflow/.local/lib/python3.7/site-packages/airflow/example_dags/example_dag_decorator.py for tasks to queue
[2023-06-16T18:54:15.159+0000] {logging_mixin.py:149} INFO - [2023-06-16T18:54:15.159+0000] {dagbag.py:541} INFO - Filling up the DagBag from /home/airflow/.local/lib/python3.7/site-packages/airflow/example_dags/example_dag_decorator.py
[2023-06-16T18:54:15.183+0000] {logging_mixin.py:149} INFO - [2023-06-16T18:54:15.182+0000] {taskmixin.py:211} WARNING - Dependency <Task(_PythonDecoratedOperator): prepare_email>, send_email already registered for DAG: example_dag_decorator
[2023-06-16T18:54:15.187+0000] {logging_mixin.py:149} INFO - [2023-06-16T18:54:15.186+0000] {taskmixin.py:211} WARNING - Dependency <Task(EmailOperator): send_email>, prepare_email already registered for DAG: example_dag_decorator
[2023-06-16T18:54:15.236+0000] {processor.py:836} INFO - DAG(s) dict_keys(['example_dag_decorator']) retrieved from /home/airflow/.local/lib/python3.7/site-packages/airflow/example_dags/example_dag_decorator.py
[2023-06-16T18:54:15.493+0000] {logging_mixin.py:149} INFO - [2023-06-16T18:54:15.493+0000] {dag.py:2726} INFO - Sync 1 DAGs
[2023-06-16T18:54:15.587+0000] {logging_mixin.py:149} INFO - [2023-06-16T18:54:15.587+0000] {dag.py:3490} INFO - Setting next_dagrun for example_dag_decorator to None, run_after=None
[2023-06-16T18:54:15.644+0000] {processor.py:179} INFO - Processing /home/airflow/.local/lib/python3.7/site-packages/airflow/example_dags/example_dag_decorator.py took 0.509 seconds
[2023-06-16T18:54:45.845+0000] {processor.py:157} INFO - Started process (PID=1179) to work on /home/airflow/.local/lib/python3.7/site-packages/airflow/example_dags/example_dag_decorator.py
[2023-06-16T18:54:45.854+0000] {processor.py:826} INFO - Processing file /home/airflow/.local/lib/python3.7/site-packages/airflow/example_dags/example_dag_decorator.py for tasks to queue
[2023-06-16T18:54:45.869+0000] {logging_mixin.py:149} INFO - [2023-06-16T18:54:45.868+0000] {dagbag.py:541} INFO - Filling up the DagBag from /home/airflow/.local/lib/python3.7/site-packages/airflow/example_dags/example_dag_decorator.py
[2023-06-16T18:54:45.974+0000] {logging_mixin.py:149} INFO - [2023-06-16T18:54:45.973+0000] {taskmixin.py:211} WARNING - Dependency <Task(_PythonDecoratedOperator): prepare_email>, send_email already registered for DAG: example_dag_decorator
[2023-06-16T18:54:45.988+0000] {logging_mixin.py:149} INFO - [2023-06-16T18:54:45.988+0000] {taskmixin.py:211} WARNING - Dependency <Task(EmailOperator): send_email>, prepare_email already registered for DAG: example_dag_decorator
[2023-06-16T18:54:46.059+0000] {processor.py:836} INFO - DAG(s) dict_keys(['example_dag_decorator']) retrieved from /home/airflow/.local/lib/python3.7/site-packages/airflow/example_dags/example_dag_decorator.py
[2023-06-16T18:54:46.368+0000] {logging_mixin.py:149} INFO - [2023-06-16T18:54:46.367+0000] {dag.py:2726} INFO - Sync 1 DAGs
[2023-06-16T18:54:46.431+0000] {logging_mixin.py:149} INFO - [2023-06-16T18:54:46.430+0000] {dag.py:3490} INFO - Setting next_dagrun for example_dag_decorator to None, run_after=None
[2023-06-16T18:54:46.481+0000] {processor.py:179} INFO - Processing /home/airflow/.local/lib/python3.7/site-packages/airflow/example_dags/example_dag_decorator.py took 0.646 seconds
[2023-06-16T18:55:16.715+0000] {processor.py:157} INFO - Started process (PID=1246) to work on /home/airflow/.local/lib/python3.7/site-packages/airflow/example_dags/example_dag_decorator.py
[2023-06-16T18:55:16.762+0000] {processor.py:826} INFO - Processing file /home/airflow/.local/lib/python3.7/site-packages/airflow/example_dags/example_dag_decorator.py for tasks to queue
[2023-06-16T18:55:16.780+0000] {logging_mixin.py:149} INFO - [2023-06-16T18:55:16.779+0000] {dagbag.py:541} INFO - Filling up the DagBag from /home/airflow/.local/lib/python3.7/site-packages/airflow/example_dags/example_dag_decorator.py
[2023-06-16T18:55:16.805+0000] {logging_mixin.py:149} INFO - [2023-06-16T18:55:16.805+0000] {taskmixin.py:211} WARNING - Dependency <Task(_PythonDecoratedOperator): prepare_email>, send_email already registered for DAG: example_dag_decorator
[2023-06-16T18:55:16.812+0000] {logging_mixin.py:149} INFO - [2023-06-16T18:55:16.811+0000] {taskmixin.py:211} WARNING - Dependency <Task(EmailOperator): send_email>, prepare_email already registered for DAG: example_dag_decorator
[2023-06-16T18:55:16.843+0000] {processor.py:836} INFO - DAG(s) dict_keys(['example_dag_decorator']) retrieved from /home/airflow/.local/lib/python3.7/site-packages/airflow/example_dags/example_dag_decorator.py
[2023-06-16T18:55:17.127+0000] {logging_mixin.py:149} INFO - [2023-06-16T18:55:17.126+0000] {dag.py:2726} INFO - Sync 1 DAGs
[2023-06-16T18:55:17.196+0000] {logging_mixin.py:149} INFO - [2023-06-16T18:55:17.196+0000] {dag.py:3490} INFO - Setting next_dagrun for example_dag_decorator to None, run_after=None
[2023-06-16T18:55:17.252+0000] {processor.py:179} INFO - Processing /home/airflow/.local/lib/python3.7/site-packages/airflow/example_dags/example_dag_decorator.py took 0.551 seconds
