[2023-06-16T18:46:42.805+0000] {processor.py:157} INFO - Started process (PID=292) to work on /home/airflow/.local/lib/python3.7/site-packages/airflow/example_dags/example_python_operator.py
[2023-06-16T18:46:42.810+0000] {processor.py:826} INFO - Processing file /home/airflow/.local/lib/python3.7/site-packages/airflow/example_dags/example_python_operator.py for tasks to queue
[2023-06-16T18:46:42.816+0000] {logging_mixin.py:149} INFO - [2023-06-16T18:46:42.816+0000] {dagbag.py:541} INFO - Filling up the DagBag from /home/airflow/.local/lib/python3.7/site-packages/airflow/example_dags/example_python_operator.py
[2023-06-16T18:46:42.835+0000] {logging_mixin.py:149} INFO - [2023-06-16T18:46:42.834+0000] {taskmixin.py:211} WARNING - Dependency <Task(_PythonDecoratedOperator): print_the_context>, log_sql_query already registered for DAG: example_python_operator
[2023-06-16T18:46:42.840+0000] {logging_mixin.py:149} INFO - [2023-06-16T18:46:42.840+0000] {taskmixin.py:211} WARNING - Dependency <Task(_PythonDecoratedOperator): log_sql_query>, print_the_context already registered for DAG: example_python_operator
[2023-06-16T18:46:42.844+0000] {logging_mixin.py:149} INFO - [2023-06-16T18:46:42.843+0000] {taskmixin.py:211} WARNING - Dependency <Task(_PythonDecoratedOperator): print_the_context>, log_sql_query already registered for DAG: example_python_operator
[2023-06-16T18:46:42.846+0000] {logging_mixin.py:149} INFO - [2023-06-16T18:46:42.846+0000] {taskmixin.py:211} WARNING - Dependency <Task(_PythonDecoratedOperator): log_sql_query>, print_the_context already registered for DAG: example_python_operator
[2023-06-16T18:46:42.850+0000] {logging_mixin.py:149} INFO - [2023-06-16T18:46:42.850+0000] {taskmixin.py:211} WARNING - Dependency <Task(_PythonDecoratedOperator): print_the_context>, log_sql_query already registered for DAG: example_python_operator
[2023-06-16T18:46:42.856+0000] {logging_mixin.py:149} INFO - [2023-06-16T18:46:42.856+0000] {taskmixin.py:211} WARNING - Dependency <Task(_PythonDecoratedOperator): log_sql_query>, print_the_context already registered for DAG: example_python_operator
[2023-06-16T18:46:42.862+0000] {logging_mixin.py:149} INFO - [2023-06-16T18:46:42.862+0000] {taskmixin.py:211} WARNING - Dependency <Task(_PythonDecoratedOperator): print_the_context>, log_sql_query already registered for DAG: example_python_operator
[2023-06-16T18:46:42.865+0000] {logging_mixin.py:149} INFO - [2023-06-16T18:46:42.865+0000] {taskmixin.py:211} WARNING - Dependency <Task(_PythonDecoratedOperator): log_sql_query>, print_the_context already registered for DAG: example_python_operator
[2023-06-16T18:46:42.875+0000] {processor.py:836} INFO - DAG(s) dict_keys(['example_python_operator']) retrieved from /home/airflow/.local/lib/python3.7/site-packages/airflow/example_dags/example_python_operator.py
[2023-06-16T18:46:42.976+0000] {logging_mixin.py:149} INFO - [2023-06-16T18:46:42.976+0000] {dag.py:2726} INFO - Sync 1 DAGs
[2023-06-16T18:46:43.089+0000] {logging_mixin.py:149} INFO - [2023-06-16T18:46:43.088+0000] {dag.py:3490} INFO - Setting next_dagrun for example_python_operator to None, run_after=None
[2023-06-16T18:46:43.173+0000] {processor.py:179} INFO - Processing /home/airflow/.local/lib/python3.7/site-packages/airflow/example_dags/example_python_operator.py took 0.379 seconds
[2023-06-16T18:47:13.645+0000] {processor.py:157} INFO - Started process (PID=356) to work on /home/airflow/.local/lib/python3.7/site-packages/airflow/example_dags/example_python_operator.py
[2023-06-16T18:47:13.649+0000] {processor.py:826} INFO - Processing file /home/airflow/.local/lib/python3.7/site-packages/airflow/example_dags/example_python_operator.py for tasks to queue
[2023-06-16T18:47:13.653+0000] {logging_mixin.py:149} INFO - [2023-06-16T18:47:13.653+0000] {dagbag.py:541} INFO - Filling up the DagBag from /home/airflow/.local/lib/python3.7/site-packages/airflow/example_dags/example_python_operator.py
[2023-06-16T18:47:13.674+0000] {logging_mixin.py:149} INFO - [2023-06-16T18:47:13.673+0000] {taskmixin.py:211} WARNING - Dependency <Task(_PythonDecoratedOperator): print_the_context>, log_sql_query already registered for DAG: example_python_operator
[2023-06-16T18:47:13.678+0000] {logging_mixin.py:149} INFO - [2023-06-16T18:47:13.678+0000] {taskmixin.py:211} WARNING - Dependency <Task(_PythonDecoratedOperator): log_sql_query>, print_the_context already registered for DAG: example_python_operator
[2023-06-16T18:47:13.684+0000] {logging_mixin.py:149} INFO - [2023-06-16T18:47:13.684+0000] {taskmixin.py:211} WARNING - Dependency <Task(_PythonDecoratedOperator): print_the_context>, log_sql_query already registered for DAG: example_python_operator
[2023-06-16T18:47:13.687+0000] {logging_mixin.py:149} INFO - [2023-06-16T18:47:13.687+0000] {taskmixin.py:211} WARNING - Dependency <Task(_PythonDecoratedOperator): log_sql_query>, print_the_context already registered for DAG: example_python_operator
[2023-06-16T18:47:13.692+0000] {logging_mixin.py:149} INFO - [2023-06-16T18:47:13.691+0000] {taskmixin.py:211} WARNING - Dependency <Task(_PythonDecoratedOperator): print_the_context>, log_sql_query already registered for DAG: example_python_operator
[2023-06-16T18:47:13.694+0000] {logging_mixin.py:149} INFO - [2023-06-16T18:47:13.693+0000] {taskmixin.py:211} WARNING - Dependency <Task(_PythonDecoratedOperator): log_sql_query>, print_the_context already registered for DAG: example_python_operator
[2023-06-16T18:47:13.697+0000] {logging_mixin.py:149} INFO - [2023-06-16T18:47:13.697+0000] {taskmixin.py:211} WARNING - Dependency <Task(_PythonDecoratedOperator): print_the_context>, log_sql_query already registered for DAG: example_python_operator
[2023-06-16T18:47:13.700+0000] {logging_mixin.py:149} INFO - [2023-06-16T18:47:13.700+0000] {taskmixin.py:211} WARNING - Dependency <Task(_PythonDecoratedOperator): log_sql_query>, print_the_context already registered for DAG: example_python_operator
[2023-06-16T18:47:13.711+0000] {processor.py:836} INFO - DAG(s) dict_keys(['example_python_operator']) retrieved from /home/airflow/.local/lib/python3.7/site-packages/airflow/example_dags/example_python_operator.py
[2023-06-16T18:47:13.782+0000] {logging_mixin.py:149} INFO - [2023-06-16T18:47:13.782+0000] {dag.py:2726} INFO - Sync 1 DAGs
[2023-06-16T18:47:13.881+0000] {logging_mixin.py:149} INFO - [2023-06-16T18:47:13.880+0000] {dag.py:3490} INFO - Setting next_dagrun for example_python_operator to None, run_after=None
[2023-06-16T18:47:13.944+0000] {processor.py:179} INFO - Processing /home/airflow/.local/lib/python3.7/site-packages/airflow/example_dags/example_python_operator.py took 0.307 seconds
[2023-06-16T18:47:44.254+0000] {processor.py:157} INFO - Started process (PID=413) to work on /home/airflow/.local/lib/python3.7/site-packages/airflow/example_dags/example_python_operator.py
[2023-06-16T18:47:44.259+0000] {processor.py:826} INFO - Processing file /home/airflow/.local/lib/python3.7/site-packages/airflow/example_dags/example_python_operator.py for tasks to queue
[2023-06-16T18:47:44.262+0000] {logging_mixin.py:149} INFO - [2023-06-16T18:47:44.262+0000] {dagbag.py:541} INFO - Filling up the DagBag from /home/airflow/.local/lib/python3.7/site-packages/airflow/example_dags/example_python_operator.py
[2023-06-16T18:47:44.281+0000] {logging_mixin.py:149} INFO - [2023-06-16T18:47:44.281+0000] {taskmixin.py:211} WARNING - Dependency <Task(_PythonDecoratedOperator): print_the_context>, log_sql_query already registered for DAG: example_python_operator
[2023-06-16T18:47:44.284+0000] {logging_mixin.py:149} INFO - [2023-06-16T18:47:44.283+0000] {taskmixin.py:211} WARNING - Dependency <Task(_PythonDecoratedOperator): log_sql_query>, print_the_context already registered for DAG: example_python_operator
[2023-06-16T18:47:44.288+0000] {logging_mixin.py:149} INFO - [2023-06-16T18:47:44.288+0000] {taskmixin.py:211} WARNING - Dependency <Task(_PythonDecoratedOperator): print_the_context>, log_sql_query already registered for DAG: example_python_operator
[2023-06-16T18:47:44.291+0000] {logging_mixin.py:149} INFO - [2023-06-16T18:47:44.290+0000] {taskmixin.py:211} WARNING - Dependency <Task(_PythonDecoratedOperator): log_sql_query>, print_the_context already registered for DAG: example_python_operator
[2023-06-16T18:47:44.295+0000] {logging_mixin.py:149} INFO - [2023-06-16T18:47:44.295+0000] {taskmixin.py:211} WARNING - Dependency <Task(_PythonDecoratedOperator): print_the_context>, log_sql_query already registered for DAG: example_python_operator
[2023-06-16T18:47:44.299+0000] {logging_mixin.py:149} INFO - [2023-06-16T18:47:44.299+0000] {taskmixin.py:211} WARNING - Dependency <Task(_PythonDecoratedOperator): log_sql_query>, print_the_context already registered for DAG: example_python_operator
[2023-06-16T18:47:44.308+0000] {logging_mixin.py:149} INFO - [2023-06-16T18:47:44.307+0000] {taskmixin.py:211} WARNING - Dependency <Task(_PythonDecoratedOperator): print_the_context>, log_sql_query already registered for DAG: example_python_operator
[2023-06-16T18:47:44.313+0000] {logging_mixin.py:149} INFO - [2023-06-16T18:47:44.313+0000] {taskmixin.py:211} WARNING - Dependency <Task(_PythonDecoratedOperator): log_sql_query>, print_the_context already registered for DAG: example_python_operator
[2023-06-16T18:47:44.324+0000] {processor.py:836} INFO - DAG(s) dict_keys(['example_python_operator']) retrieved from /home/airflow/.local/lib/python3.7/site-packages/airflow/example_dags/example_python_operator.py
[2023-06-16T18:47:44.421+0000] {logging_mixin.py:149} INFO - [2023-06-16T18:47:44.420+0000] {dag.py:2726} INFO - Sync 1 DAGs
[2023-06-16T18:47:44.516+0000] {logging_mixin.py:149} INFO - [2023-06-16T18:47:44.516+0000] {dag.py:3490} INFO - Setting next_dagrun for example_python_operator to None, run_after=None
[2023-06-16T18:47:44.574+0000] {processor.py:179} INFO - Processing /home/airflow/.local/lib/python3.7/site-packages/airflow/example_dags/example_python_operator.py took 0.328 seconds
[2023-06-16T18:48:15.095+0000] {processor.py:157} INFO - Started process (PID=470) to work on /home/airflow/.local/lib/python3.7/site-packages/airflow/example_dags/example_python_operator.py
[2023-06-16T18:48:15.099+0000] {processor.py:826} INFO - Processing file /home/airflow/.local/lib/python3.7/site-packages/airflow/example_dags/example_python_operator.py for tasks to queue
[2023-06-16T18:48:15.102+0000] {logging_mixin.py:149} INFO - [2023-06-16T18:48:15.102+0000] {dagbag.py:541} INFO - Filling up the DagBag from /home/airflow/.local/lib/python3.7/site-packages/airflow/example_dags/example_python_operator.py
[2023-06-16T18:48:15.121+0000] {logging_mixin.py:149} INFO - [2023-06-16T18:48:15.120+0000] {taskmixin.py:211} WARNING - Dependency <Task(_PythonDecoratedOperator): print_the_context>, log_sql_query already registered for DAG: example_python_operator
[2023-06-16T18:48:15.123+0000] {logging_mixin.py:149} INFO - [2023-06-16T18:48:15.123+0000] {taskmixin.py:211} WARNING - Dependency <Task(_PythonDecoratedOperator): log_sql_query>, print_the_context already registered for DAG: example_python_operator
[2023-06-16T18:48:15.127+0000] {logging_mixin.py:149} INFO - [2023-06-16T18:48:15.127+0000] {taskmixin.py:211} WARNING - Dependency <Task(_PythonDecoratedOperator): print_the_context>, log_sql_query already registered for DAG: example_python_operator
[2023-06-16T18:48:15.131+0000] {logging_mixin.py:149} INFO - [2023-06-16T18:48:15.130+0000] {taskmixin.py:211} WARNING - Dependency <Task(_PythonDecoratedOperator): log_sql_query>, print_the_context already registered for DAG: example_python_operator
[2023-06-16T18:48:15.135+0000] {logging_mixin.py:149} INFO - [2023-06-16T18:48:15.134+0000] {taskmixin.py:211} WARNING - Dependency <Task(_PythonDecoratedOperator): print_the_context>, log_sql_query already registered for DAG: example_python_operator
[2023-06-16T18:48:15.136+0000] {logging_mixin.py:149} INFO - [2023-06-16T18:48:15.136+0000] {taskmixin.py:211} WARNING - Dependency <Task(_PythonDecoratedOperator): log_sql_query>, print_the_context already registered for DAG: example_python_operator
[2023-06-16T18:48:15.139+0000] {logging_mixin.py:149} INFO - [2023-06-16T18:48:15.139+0000] {taskmixin.py:211} WARNING - Dependency <Task(_PythonDecoratedOperator): print_the_context>, log_sql_query already registered for DAG: example_python_operator
[2023-06-16T18:48:15.142+0000] {logging_mixin.py:149} INFO - [2023-06-16T18:48:15.141+0000] {taskmixin.py:211} WARNING - Dependency <Task(_PythonDecoratedOperator): log_sql_query>, print_the_context already registered for DAG: example_python_operator
[2023-06-16T18:48:15.150+0000] {processor.py:836} INFO - DAG(s) dict_keys(['example_python_operator']) retrieved from /home/airflow/.local/lib/python3.7/site-packages/airflow/example_dags/example_python_operator.py
[2023-06-16T18:48:15.237+0000] {logging_mixin.py:149} INFO - [2023-06-16T18:48:15.237+0000] {dag.py:2726} INFO - Sync 1 DAGs
[2023-06-16T18:48:15.336+0000] {logging_mixin.py:149} INFO - [2023-06-16T18:48:15.336+0000] {dag.py:3490} INFO - Setting next_dagrun for example_python_operator to None, run_after=None
[2023-06-16T18:48:15.377+0000] {processor.py:179} INFO - Processing /home/airflow/.local/lib/python3.7/site-packages/airflow/example_dags/example_python_operator.py took 0.290 seconds
[2023-06-16T18:48:45.519+0000] {processor.py:157} INFO - Started process (PID=527) to work on /home/airflow/.local/lib/python3.7/site-packages/airflow/example_dags/example_python_operator.py
[2023-06-16T18:48:45.523+0000] {processor.py:826} INFO - Processing file /home/airflow/.local/lib/python3.7/site-packages/airflow/example_dags/example_python_operator.py for tasks to queue
[2023-06-16T18:48:45.527+0000] {logging_mixin.py:149} INFO - [2023-06-16T18:48:45.527+0000] {dagbag.py:541} INFO - Filling up the DagBag from /home/airflow/.local/lib/python3.7/site-packages/airflow/example_dags/example_python_operator.py
[2023-06-16T18:48:45.544+0000] {logging_mixin.py:149} INFO - [2023-06-16T18:48:45.544+0000] {taskmixin.py:211} WARNING - Dependency <Task(_PythonDecoratedOperator): print_the_context>, log_sql_query already registered for DAG: example_python_operator
[2023-06-16T18:48:45.547+0000] {logging_mixin.py:149} INFO - [2023-06-16T18:48:45.546+0000] {taskmixin.py:211} WARNING - Dependency <Task(_PythonDecoratedOperator): log_sql_query>, print_the_context already registered for DAG: example_python_operator
[2023-06-16T18:48:45.550+0000] {logging_mixin.py:149} INFO - [2023-06-16T18:48:45.550+0000] {taskmixin.py:211} WARNING - Dependency <Task(_PythonDecoratedOperator): print_the_context>, log_sql_query already registered for DAG: example_python_operator
[2023-06-16T18:48:45.553+0000] {logging_mixin.py:149} INFO - [2023-06-16T18:48:45.553+0000] {taskmixin.py:211} WARNING - Dependency <Task(_PythonDecoratedOperator): log_sql_query>, print_the_context already registered for DAG: example_python_operator
[2023-06-16T18:48:45.558+0000] {logging_mixin.py:149} INFO - [2023-06-16T18:48:45.557+0000] {taskmixin.py:211} WARNING - Dependency <Task(_PythonDecoratedOperator): print_the_context>, log_sql_query already registered for DAG: example_python_operator
[2023-06-16T18:48:45.560+0000] {logging_mixin.py:149} INFO - [2023-06-16T18:48:45.560+0000] {taskmixin.py:211} WARNING - Dependency <Task(_PythonDecoratedOperator): log_sql_query>, print_the_context already registered for DAG: example_python_operator
[2023-06-16T18:48:45.563+0000] {logging_mixin.py:149} INFO - [2023-06-16T18:48:45.563+0000] {taskmixin.py:211} WARNING - Dependency <Task(_PythonDecoratedOperator): print_the_context>, log_sql_query already registered for DAG: example_python_operator
[2023-06-16T18:48:45.565+0000] {logging_mixin.py:149} INFO - [2023-06-16T18:48:45.565+0000] {taskmixin.py:211} WARNING - Dependency <Task(_PythonDecoratedOperator): log_sql_query>, print_the_context already registered for DAG: example_python_operator
[2023-06-16T18:48:45.574+0000] {processor.py:836} INFO - DAG(s) dict_keys(['example_python_operator']) retrieved from /home/airflow/.local/lib/python3.7/site-packages/airflow/example_dags/example_python_operator.py
[2023-06-16T18:48:45.651+0000] {logging_mixin.py:149} INFO - [2023-06-16T18:48:45.651+0000] {dag.py:2726} INFO - Sync 1 DAGs
[2023-06-16T18:48:45.746+0000] {logging_mixin.py:149} INFO - [2023-06-16T18:48:45.745+0000] {dag.py:3490} INFO - Setting next_dagrun for example_python_operator to None, run_after=None
[2023-06-16T18:48:45.801+0000] {processor.py:179} INFO - Processing /home/airflow/.local/lib/python3.7/site-packages/airflow/example_dags/example_python_operator.py took 0.291 seconds
[2023-06-16T18:49:16.281+0000] {processor.py:157} INFO - Started process (PID=584) to work on /home/airflow/.local/lib/python3.7/site-packages/airflow/example_dags/example_python_operator.py
[2023-06-16T18:49:16.293+0000] {processor.py:826} INFO - Processing file /home/airflow/.local/lib/python3.7/site-packages/airflow/example_dags/example_python_operator.py for tasks to queue
[2023-06-16T18:49:16.297+0000] {logging_mixin.py:149} INFO - [2023-06-16T18:49:16.297+0000] {dagbag.py:541} INFO - Filling up the DagBag from /home/airflow/.local/lib/python3.7/site-packages/airflow/example_dags/example_python_operator.py
[2023-06-16T18:49:16.314+0000] {logging_mixin.py:149} INFO - [2023-06-16T18:49:16.314+0000] {taskmixin.py:211} WARNING - Dependency <Task(_PythonDecoratedOperator): print_the_context>, log_sql_query already registered for DAG: example_python_operator
[2023-06-16T18:49:16.317+0000] {logging_mixin.py:149} INFO - [2023-06-16T18:49:16.317+0000] {taskmixin.py:211} WARNING - Dependency <Task(_PythonDecoratedOperator): log_sql_query>, print_the_context already registered for DAG: example_python_operator
[2023-06-16T18:49:16.321+0000] {logging_mixin.py:149} INFO - [2023-06-16T18:49:16.320+0000] {taskmixin.py:211} WARNING - Dependency <Task(_PythonDecoratedOperator): print_the_context>, log_sql_query already registered for DAG: example_python_operator
[2023-06-16T18:49:16.323+0000] {logging_mixin.py:149} INFO - [2023-06-16T18:49:16.323+0000] {taskmixin.py:211} WARNING - Dependency <Task(_PythonDecoratedOperator): log_sql_query>, print_the_context already registered for DAG: example_python_operator
[2023-06-16T18:49:16.327+0000] {logging_mixin.py:149} INFO - [2023-06-16T18:49:16.327+0000] {taskmixin.py:211} WARNING - Dependency <Task(_PythonDecoratedOperator): print_the_context>, log_sql_query already registered for DAG: example_python_operator
[2023-06-16T18:49:16.332+0000] {logging_mixin.py:149} INFO - [2023-06-16T18:49:16.330+0000] {taskmixin.py:211} WARNING - Dependency <Task(_PythonDecoratedOperator): log_sql_query>, print_the_context already registered for DAG: example_python_operator
[2023-06-16T18:49:16.335+0000] {logging_mixin.py:149} INFO - [2023-06-16T18:49:16.335+0000] {taskmixin.py:211} WARNING - Dependency <Task(_PythonDecoratedOperator): print_the_context>, log_sql_query already registered for DAG: example_python_operator
[2023-06-16T18:49:16.340+0000] {logging_mixin.py:149} INFO - [2023-06-16T18:49:16.339+0000] {taskmixin.py:211} WARNING - Dependency <Task(_PythonDecoratedOperator): log_sql_query>, print_the_context already registered for DAG: example_python_operator
[2023-06-16T18:49:16.349+0000] {processor.py:836} INFO - DAG(s) dict_keys(['example_python_operator']) retrieved from /home/airflow/.local/lib/python3.7/site-packages/airflow/example_dags/example_python_operator.py
[2023-06-16T18:49:16.422+0000] {logging_mixin.py:149} INFO - [2023-06-16T18:49:16.422+0000] {dag.py:2726} INFO - Sync 1 DAGs
[2023-06-16T18:49:16.488+0000] {logging_mixin.py:149} INFO - [2023-06-16T18:49:16.488+0000] {dag.py:3490} INFO - Setting next_dagrun for example_python_operator to None, run_after=None
[2023-06-16T18:49:16.541+0000] {processor.py:179} INFO - Processing /home/airflow/.local/lib/python3.7/site-packages/airflow/example_dags/example_python_operator.py took 0.269 seconds
[2023-06-16T18:49:48.047+0000] {processor.py:157} INFO - Started process (PID=640) to work on /home/airflow/.local/lib/python3.7/site-packages/airflow/example_dags/example_python_operator.py
[2023-06-16T18:49:48.052+0000] {processor.py:826} INFO - Processing file /home/airflow/.local/lib/python3.7/site-packages/airflow/example_dags/example_python_operator.py for tasks to queue
[2023-06-16T18:49:48.056+0000] {logging_mixin.py:149} INFO - [2023-06-16T18:49:48.056+0000] {dagbag.py:541} INFO - Filling up the DagBag from /home/airflow/.local/lib/python3.7/site-packages/airflow/example_dags/example_python_operator.py
[2023-06-16T18:49:48.082+0000] {logging_mixin.py:149} INFO - [2023-06-16T18:49:48.082+0000] {taskmixin.py:211} WARNING - Dependency <Task(_PythonDecoratedOperator): print_the_context>, log_sql_query already registered for DAG: example_python_operator
[2023-06-16T18:49:48.088+0000] {logging_mixin.py:149} INFO - [2023-06-16T18:49:48.088+0000] {taskmixin.py:211} WARNING - Dependency <Task(_PythonDecoratedOperator): log_sql_query>, print_the_context already registered for DAG: example_python_operator
[2023-06-16T18:49:48.092+0000] {logging_mixin.py:149} INFO - [2023-06-16T18:49:48.091+0000] {taskmixin.py:211} WARNING - Dependency <Task(_PythonDecoratedOperator): print_the_context>, log_sql_query already registered for DAG: example_python_operator
[2023-06-16T18:49:48.094+0000] {logging_mixin.py:149} INFO - [2023-06-16T18:49:48.094+0000] {taskmixin.py:211} WARNING - Dependency <Task(_PythonDecoratedOperator): log_sql_query>, print_the_context already registered for DAG: example_python_operator
[2023-06-16T18:49:48.100+0000] {logging_mixin.py:149} INFO - [2023-06-16T18:49:48.100+0000] {taskmixin.py:211} WARNING - Dependency <Task(_PythonDecoratedOperator): print_the_context>, log_sql_query already registered for DAG: example_python_operator
[2023-06-16T18:49:48.111+0000] {logging_mixin.py:149} INFO - [2023-06-16T18:49:48.111+0000] {taskmixin.py:211} WARNING - Dependency <Task(_PythonDecoratedOperator): log_sql_query>, print_the_context already registered for DAG: example_python_operator
[2023-06-16T18:49:48.116+0000] {logging_mixin.py:149} INFO - [2023-06-16T18:49:48.116+0000] {taskmixin.py:211} WARNING - Dependency <Task(_PythonDecoratedOperator): print_the_context>, log_sql_query already registered for DAG: example_python_operator
[2023-06-16T18:49:48.119+0000] {logging_mixin.py:149} INFO - [2023-06-16T18:49:48.119+0000] {taskmixin.py:211} WARNING - Dependency <Task(_PythonDecoratedOperator): log_sql_query>, print_the_context already registered for DAG: example_python_operator
[2023-06-16T18:49:48.129+0000] {processor.py:836} INFO - DAG(s) dict_keys(['example_python_operator']) retrieved from /home/airflow/.local/lib/python3.7/site-packages/airflow/example_dags/example_python_operator.py
[2023-06-16T18:49:48.276+0000] {logging_mixin.py:149} INFO - [2023-06-16T18:49:48.276+0000] {dag.py:2726} INFO - Sync 1 DAGs
[2023-06-16T18:49:48.390+0000] {logging_mixin.py:149} INFO - [2023-06-16T18:49:48.390+0000] {dag.py:3490} INFO - Setting next_dagrun for example_python_operator to None, run_after=None
[2023-06-16T18:49:48.448+0000] {processor.py:179} INFO - Processing /home/airflow/.local/lib/python3.7/site-packages/airflow/example_dags/example_python_operator.py took 0.412 seconds
[2023-06-16T18:50:18.712+0000] {processor.py:157} INFO - Started process (PID=697) to work on /home/airflow/.local/lib/python3.7/site-packages/airflow/example_dags/example_python_operator.py
[2023-06-16T18:50:18.715+0000] {processor.py:826} INFO - Processing file /home/airflow/.local/lib/python3.7/site-packages/airflow/example_dags/example_python_operator.py for tasks to queue
[2023-06-16T18:50:18.718+0000] {logging_mixin.py:149} INFO - [2023-06-16T18:50:18.718+0000] {dagbag.py:541} INFO - Filling up the DagBag from /home/airflow/.local/lib/python3.7/site-packages/airflow/example_dags/example_python_operator.py
[2023-06-16T18:50:18.737+0000] {logging_mixin.py:149} INFO - [2023-06-16T18:50:18.737+0000] {taskmixin.py:211} WARNING - Dependency <Task(_PythonDecoratedOperator): print_the_context>, log_sql_query already registered for DAG: example_python_operator
[2023-06-16T18:50:18.739+0000] {logging_mixin.py:149} INFO - [2023-06-16T18:50:18.739+0000] {taskmixin.py:211} WARNING - Dependency <Task(_PythonDecoratedOperator): log_sql_query>, print_the_context already registered for DAG: example_python_operator
[2023-06-16T18:50:18.743+0000] {logging_mixin.py:149} INFO - [2023-06-16T18:50:18.743+0000] {taskmixin.py:211} WARNING - Dependency <Task(_PythonDecoratedOperator): print_the_context>, log_sql_query already registered for DAG: example_python_operator
[2023-06-16T18:50:18.747+0000] {logging_mixin.py:149} INFO - [2023-06-16T18:50:18.746+0000] {taskmixin.py:211} WARNING - Dependency <Task(_PythonDecoratedOperator): log_sql_query>, print_the_context already registered for DAG: example_python_operator
[2023-06-16T18:50:18.751+0000] {logging_mixin.py:149} INFO - [2023-06-16T18:50:18.750+0000] {taskmixin.py:211} WARNING - Dependency <Task(_PythonDecoratedOperator): print_the_context>, log_sql_query already registered for DAG: example_python_operator
[2023-06-16T18:50:18.753+0000] {logging_mixin.py:149} INFO - [2023-06-16T18:50:18.753+0000] {taskmixin.py:211} WARNING - Dependency <Task(_PythonDecoratedOperator): log_sql_query>, print_the_context already registered for DAG: example_python_operator
[2023-06-16T18:50:18.757+0000] {logging_mixin.py:149} INFO - [2023-06-16T18:50:18.757+0000] {taskmixin.py:211} WARNING - Dependency <Task(_PythonDecoratedOperator): print_the_context>, log_sql_query already registered for DAG: example_python_operator
[2023-06-16T18:50:18.760+0000] {logging_mixin.py:149} INFO - [2023-06-16T18:50:18.760+0000] {taskmixin.py:211} WARNING - Dependency <Task(_PythonDecoratedOperator): log_sql_query>, print_the_context already registered for DAG: example_python_operator
[2023-06-16T18:50:18.769+0000] {processor.py:836} INFO - DAG(s) dict_keys(['example_python_operator']) retrieved from /home/airflow/.local/lib/python3.7/site-packages/airflow/example_dags/example_python_operator.py
[2023-06-16T18:50:18.834+0000] {logging_mixin.py:149} INFO - [2023-06-16T18:50:18.833+0000] {dag.py:2726} INFO - Sync 1 DAGs
[2023-06-16T18:50:18.892+0000] {logging_mixin.py:149} INFO - [2023-06-16T18:50:18.892+0000] {dag.py:3490} INFO - Setting next_dagrun for example_python_operator to None, run_after=None
[2023-06-16T18:50:18.938+0000] {processor.py:179} INFO - Processing /home/airflow/.local/lib/python3.7/site-packages/airflow/example_dags/example_python_operator.py took 0.235 seconds
[2023-06-16T18:50:49.102+0000] {processor.py:157} INFO - Started process (PID=755) to work on /home/airflow/.local/lib/python3.7/site-packages/airflow/example_dags/example_python_operator.py
[2023-06-16T18:50:49.106+0000] {processor.py:826} INFO - Processing file /home/airflow/.local/lib/python3.7/site-packages/airflow/example_dags/example_python_operator.py for tasks to queue
[2023-06-16T18:50:49.110+0000] {logging_mixin.py:149} INFO - [2023-06-16T18:50:49.110+0000] {dagbag.py:541} INFO - Filling up the DagBag from /home/airflow/.local/lib/python3.7/site-packages/airflow/example_dags/example_python_operator.py
[2023-06-16T18:50:49.130+0000] {logging_mixin.py:149} INFO - [2023-06-16T18:50:49.130+0000] {taskmixin.py:211} WARNING - Dependency <Task(_PythonDecoratedOperator): print_the_context>, log_sql_query already registered for DAG: example_python_operator
[2023-06-16T18:50:49.133+0000] {logging_mixin.py:149} INFO - [2023-06-16T18:50:49.132+0000] {taskmixin.py:211} WARNING - Dependency <Task(_PythonDecoratedOperator): log_sql_query>, print_the_context already registered for DAG: example_python_operator
[2023-06-16T18:50:49.137+0000] {logging_mixin.py:149} INFO - [2023-06-16T18:50:49.136+0000] {taskmixin.py:211} WARNING - Dependency <Task(_PythonDecoratedOperator): print_the_context>, log_sql_query already registered for DAG: example_python_operator
[2023-06-16T18:50:49.141+0000] {logging_mixin.py:149} INFO - [2023-06-16T18:50:49.141+0000] {taskmixin.py:211} WARNING - Dependency <Task(_PythonDecoratedOperator): log_sql_query>, print_the_context already registered for DAG: example_python_operator
[2023-06-16T18:50:49.146+0000] {logging_mixin.py:149} INFO - [2023-06-16T18:50:49.146+0000] {taskmixin.py:211} WARNING - Dependency <Task(_PythonDecoratedOperator): print_the_context>, log_sql_query already registered for DAG: example_python_operator
[2023-06-16T18:50:49.148+0000] {logging_mixin.py:149} INFO - [2023-06-16T18:50:49.148+0000] {taskmixin.py:211} WARNING - Dependency <Task(_PythonDecoratedOperator): log_sql_query>, print_the_context already registered for DAG: example_python_operator
[2023-06-16T18:50:49.154+0000] {logging_mixin.py:149} INFO - [2023-06-16T18:50:49.153+0000] {taskmixin.py:211} WARNING - Dependency <Task(_PythonDecoratedOperator): print_the_context>, log_sql_query already registered for DAG: example_python_operator
[2023-06-16T18:50:49.157+0000] {logging_mixin.py:149} INFO - [2023-06-16T18:50:49.157+0000] {taskmixin.py:211} WARNING - Dependency <Task(_PythonDecoratedOperator): log_sql_query>, print_the_context already registered for DAG: example_python_operator
[2023-06-16T18:50:49.167+0000] {processor.py:836} INFO - DAG(s) dict_keys(['example_python_operator']) retrieved from /home/airflow/.local/lib/python3.7/site-packages/airflow/example_dags/example_python_operator.py
[2023-06-16T18:50:49.235+0000] {logging_mixin.py:149} INFO - [2023-06-16T18:50:49.235+0000] {dag.py:2726} INFO - Sync 1 DAGs
[2023-06-16T18:50:49.295+0000] {logging_mixin.py:149} INFO - [2023-06-16T18:50:49.295+0000] {dag.py:3490} INFO - Setting next_dagrun for example_python_operator to None, run_after=None
[2023-06-16T18:50:49.341+0000] {processor.py:179} INFO - Processing /home/airflow/.local/lib/python3.7/site-packages/airflow/example_dags/example_python_operator.py took 0.248 seconds
[2023-06-16T18:51:19.609+0000] {processor.py:157} INFO - Started process (PID=812) to work on /home/airflow/.local/lib/python3.7/site-packages/airflow/example_dags/example_python_operator.py
[2023-06-16T18:51:19.613+0000] {processor.py:826} INFO - Processing file /home/airflow/.local/lib/python3.7/site-packages/airflow/example_dags/example_python_operator.py for tasks to queue
[2023-06-16T18:51:19.617+0000] {logging_mixin.py:149} INFO - [2023-06-16T18:51:19.617+0000] {dagbag.py:541} INFO - Filling up the DagBag from /home/airflow/.local/lib/python3.7/site-packages/airflow/example_dags/example_python_operator.py
[2023-06-16T18:51:19.637+0000] {logging_mixin.py:149} INFO - [2023-06-16T18:51:19.637+0000] {taskmixin.py:211} WARNING - Dependency <Task(_PythonDecoratedOperator): print_the_context>, log_sql_query already registered for DAG: example_python_operator
[2023-06-16T18:51:19.639+0000] {logging_mixin.py:149} INFO - [2023-06-16T18:51:19.639+0000] {taskmixin.py:211} WARNING - Dependency <Task(_PythonDecoratedOperator): log_sql_query>, print_the_context already registered for DAG: example_python_operator
[2023-06-16T18:51:19.643+0000] {logging_mixin.py:149} INFO - [2023-06-16T18:51:19.642+0000] {taskmixin.py:211} WARNING - Dependency <Task(_PythonDecoratedOperator): print_the_context>, log_sql_query already registered for DAG: example_python_operator
[2023-06-16T18:51:19.645+0000] {logging_mixin.py:149} INFO - [2023-06-16T18:51:19.644+0000] {taskmixin.py:211} WARNING - Dependency <Task(_PythonDecoratedOperator): log_sql_query>, print_the_context already registered for DAG: example_python_operator
[2023-06-16T18:51:19.649+0000] {logging_mixin.py:149} INFO - [2023-06-16T18:51:19.648+0000] {taskmixin.py:211} WARNING - Dependency <Task(_PythonDecoratedOperator): print_the_context>, log_sql_query already registered for DAG: example_python_operator
[2023-06-16T18:51:19.651+0000] {logging_mixin.py:149} INFO - [2023-06-16T18:51:19.650+0000] {taskmixin.py:211} WARNING - Dependency <Task(_PythonDecoratedOperator): log_sql_query>, print_the_context already registered for DAG: example_python_operator
[2023-06-16T18:51:19.655+0000] {logging_mixin.py:149} INFO - [2023-06-16T18:51:19.655+0000] {taskmixin.py:211} WARNING - Dependency <Task(_PythonDecoratedOperator): print_the_context>, log_sql_query already registered for DAG: example_python_operator
[2023-06-16T18:51:19.657+0000] {logging_mixin.py:149} INFO - [2023-06-16T18:51:19.657+0000] {taskmixin.py:211} WARNING - Dependency <Task(_PythonDecoratedOperator): log_sql_query>, print_the_context already registered for DAG: example_python_operator
[2023-06-16T18:51:19.667+0000] {processor.py:836} INFO - DAG(s) dict_keys(['example_python_operator']) retrieved from /home/airflow/.local/lib/python3.7/site-packages/airflow/example_dags/example_python_operator.py
[2023-06-16T18:51:19.739+0000] {logging_mixin.py:149} INFO - [2023-06-16T18:51:19.738+0000] {dag.py:2726} INFO - Sync 1 DAGs
[2023-06-16T18:51:19.803+0000] {logging_mixin.py:149} INFO - [2023-06-16T18:51:19.803+0000] {dag.py:3490} INFO - Setting next_dagrun for example_python_operator to None, run_after=None
[2023-06-16T18:51:19.850+0000] {processor.py:179} INFO - Processing /home/airflow/.local/lib/python3.7/site-packages/airflow/example_dags/example_python_operator.py took 0.249 seconds
[2023-06-16T18:51:50.361+0000] {processor.py:157} INFO - Started process (PID=870) to work on /home/airflow/.local/lib/python3.7/site-packages/airflow/example_dags/example_python_operator.py
[2023-06-16T18:51:50.366+0000] {processor.py:826} INFO - Processing file /home/airflow/.local/lib/python3.7/site-packages/airflow/example_dags/example_python_operator.py for tasks to queue
[2023-06-16T18:51:50.370+0000] {logging_mixin.py:149} INFO - [2023-06-16T18:51:50.369+0000] {dagbag.py:541} INFO - Filling up the DagBag from /home/airflow/.local/lib/python3.7/site-packages/airflow/example_dags/example_python_operator.py
[2023-06-16T18:51:50.389+0000] {logging_mixin.py:149} INFO - [2023-06-16T18:51:50.389+0000] {taskmixin.py:211} WARNING - Dependency <Task(_PythonDecoratedOperator): print_the_context>, log_sql_query already registered for DAG: example_python_operator
[2023-06-16T18:51:50.393+0000] {logging_mixin.py:149} INFO - [2023-06-16T18:51:50.392+0000] {taskmixin.py:211} WARNING - Dependency <Task(_PythonDecoratedOperator): log_sql_query>, print_the_context already registered for DAG: example_python_operator
[2023-06-16T18:51:50.397+0000] {logging_mixin.py:149} INFO - [2023-06-16T18:51:50.397+0000] {taskmixin.py:211} WARNING - Dependency <Task(_PythonDecoratedOperator): print_the_context>, log_sql_query already registered for DAG: example_python_operator
[2023-06-16T18:51:50.400+0000] {logging_mixin.py:149} INFO - [2023-06-16T18:51:50.400+0000] {taskmixin.py:211} WARNING - Dependency <Task(_PythonDecoratedOperator): log_sql_query>, print_the_context already registered for DAG: example_python_operator
[2023-06-16T18:51:50.406+0000] {logging_mixin.py:149} INFO - [2023-06-16T18:51:50.406+0000] {taskmixin.py:211} WARNING - Dependency <Task(_PythonDecoratedOperator): print_the_context>, log_sql_query already registered for DAG: example_python_operator
[2023-06-16T18:51:50.408+0000] {logging_mixin.py:149} INFO - [2023-06-16T18:51:50.408+0000] {taskmixin.py:211} WARNING - Dependency <Task(_PythonDecoratedOperator): log_sql_query>, print_the_context already registered for DAG: example_python_operator
[2023-06-16T18:51:50.413+0000] {logging_mixin.py:149} INFO - [2023-06-16T18:51:50.412+0000] {taskmixin.py:211} WARNING - Dependency <Task(_PythonDecoratedOperator): print_the_context>, log_sql_query already registered for DAG: example_python_operator
[2023-06-16T18:51:50.416+0000] {logging_mixin.py:149} INFO - [2023-06-16T18:51:50.415+0000] {taskmixin.py:211} WARNING - Dependency <Task(_PythonDecoratedOperator): log_sql_query>, print_the_context already registered for DAG: example_python_operator
[2023-06-16T18:51:50.427+0000] {processor.py:836} INFO - DAG(s) dict_keys(['example_python_operator']) retrieved from /home/airflow/.local/lib/python3.7/site-packages/airflow/example_dags/example_python_operator.py
[2023-06-16T18:51:50.534+0000] {logging_mixin.py:149} INFO - [2023-06-16T18:51:50.534+0000] {dag.py:2726} INFO - Sync 1 DAGs
[2023-06-16T18:51:50.700+0000] {logging_mixin.py:149} INFO - [2023-06-16T18:51:50.700+0000] {dag.py:3490} INFO - Setting next_dagrun for example_python_operator to None, run_after=None
[2023-06-16T18:51:50.817+0000] {processor.py:179} INFO - Processing /home/airflow/.local/lib/python3.7/site-packages/airflow/example_dags/example_python_operator.py took 0.465 seconds
[2023-06-16T18:52:21.125+0000] {processor.py:157} INFO - Started process (PID=927) to work on /home/airflow/.local/lib/python3.7/site-packages/airflow/example_dags/example_python_operator.py
[2023-06-16T18:52:21.133+0000] {processor.py:826} INFO - Processing file /home/airflow/.local/lib/python3.7/site-packages/airflow/example_dags/example_python_operator.py for tasks to queue
[2023-06-16T18:52:21.138+0000] {logging_mixin.py:149} INFO - [2023-06-16T18:52:21.137+0000] {dagbag.py:541} INFO - Filling up the DagBag from /home/airflow/.local/lib/python3.7/site-packages/airflow/example_dags/example_python_operator.py
[2023-06-16T18:52:21.162+0000] {logging_mixin.py:149} INFO - [2023-06-16T18:52:21.162+0000] {taskmixin.py:211} WARNING - Dependency <Task(_PythonDecoratedOperator): print_the_context>, log_sql_query already registered for DAG: example_python_operator
[2023-06-16T18:52:21.165+0000] {logging_mixin.py:149} INFO - [2023-06-16T18:52:21.165+0000] {taskmixin.py:211} WARNING - Dependency <Task(_PythonDecoratedOperator): log_sql_query>, print_the_context already registered for DAG: example_python_operator
[2023-06-16T18:52:21.171+0000] {logging_mixin.py:149} INFO - [2023-06-16T18:52:21.171+0000] {taskmixin.py:211} WARNING - Dependency <Task(_PythonDecoratedOperator): print_the_context>, log_sql_query already registered for DAG: example_python_operator
[2023-06-16T18:52:21.174+0000] {logging_mixin.py:149} INFO - [2023-06-16T18:52:21.174+0000] {taskmixin.py:211} WARNING - Dependency <Task(_PythonDecoratedOperator): log_sql_query>, print_the_context already registered for DAG: example_python_operator
[2023-06-16T18:52:21.179+0000] {logging_mixin.py:149} INFO - [2023-06-16T18:52:21.179+0000] {taskmixin.py:211} WARNING - Dependency <Task(_PythonDecoratedOperator): print_the_context>, log_sql_query already registered for DAG: example_python_operator
[2023-06-16T18:52:21.182+0000] {logging_mixin.py:149} INFO - [2023-06-16T18:52:21.181+0000] {taskmixin.py:211} WARNING - Dependency <Task(_PythonDecoratedOperator): log_sql_query>, print_the_context already registered for DAG: example_python_operator
[2023-06-16T18:52:21.190+0000] {logging_mixin.py:149} INFO - [2023-06-16T18:52:21.189+0000] {taskmixin.py:211} WARNING - Dependency <Task(_PythonDecoratedOperator): print_the_context>, log_sql_query already registered for DAG: example_python_operator
[2023-06-16T18:52:21.192+0000] {logging_mixin.py:149} INFO - [2023-06-16T18:52:21.191+0000] {taskmixin.py:211} WARNING - Dependency <Task(_PythonDecoratedOperator): log_sql_query>, print_the_context already registered for DAG: example_python_operator
[2023-06-16T18:52:21.203+0000] {processor.py:836} INFO - DAG(s) dict_keys(['example_python_operator']) retrieved from /home/airflow/.local/lib/python3.7/site-packages/airflow/example_dags/example_python_operator.py
[2023-06-16T18:52:21.283+0000] {logging_mixin.py:149} INFO - [2023-06-16T18:52:21.283+0000] {dag.py:2726} INFO - Sync 1 DAGs
[2023-06-16T18:52:21.349+0000] {logging_mixin.py:149} INFO - [2023-06-16T18:52:21.348+0000] {dag.py:3490} INFO - Setting next_dagrun for example_python_operator to None, run_after=None
[2023-06-16T18:52:21.398+0000] {processor.py:179} INFO - Processing /home/airflow/.local/lib/python3.7/site-packages/airflow/example_dags/example_python_operator.py took 0.282 seconds
[2023-06-16T18:52:54.431+0000] {processor.py:157} INFO - Started process (PID=985) to work on /home/airflow/.local/lib/python3.7/site-packages/airflow/example_dags/example_python_operator.py
[2023-06-16T18:52:54.436+0000] {processor.py:826} INFO - Processing file /home/airflow/.local/lib/python3.7/site-packages/airflow/example_dags/example_python_operator.py for tasks to queue
[2023-06-16T18:52:54.440+0000] {logging_mixin.py:149} INFO - [2023-06-16T18:52:54.439+0000] {dagbag.py:541} INFO - Filling up the DagBag from /home/airflow/.local/lib/python3.7/site-packages/airflow/example_dags/example_python_operator.py
[2023-06-16T18:52:54.465+0000] {logging_mixin.py:149} INFO - [2023-06-16T18:52:54.464+0000] {taskmixin.py:211} WARNING - Dependency <Task(_PythonDecoratedOperator): print_the_context>, log_sql_query already registered for DAG: example_python_operator
[2023-06-16T18:52:54.467+0000] {logging_mixin.py:149} INFO - [2023-06-16T18:52:54.466+0000] {taskmixin.py:211} WARNING - Dependency <Task(_PythonDecoratedOperator): log_sql_query>, print_the_context already registered for DAG: example_python_operator
[2023-06-16T18:52:54.473+0000] {logging_mixin.py:149} INFO - [2023-06-16T18:52:54.473+0000] {taskmixin.py:211} WARNING - Dependency <Task(_PythonDecoratedOperator): print_the_context>, log_sql_query already registered for DAG: example_python_operator
[2023-06-16T18:52:54.476+0000] {logging_mixin.py:149} INFO - [2023-06-16T18:52:54.476+0000] {taskmixin.py:211} WARNING - Dependency <Task(_PythonDecoratedOperator): log_sql_query>, print_the_context already registered for DAG: example_python_operator
[2023-06-16T18:52:54.482+0000] {logging_mixin.py:149} INFO - [2023-06-16T18:52:54.481+0000] {taskmixin.py:211} WARNING - Dependency <Task(_PythonDecoratedOperator): print_the_context>, log_sql_query already registered for DAG: example_python_operator
[2023-06-16T18:52:54.484+0000] {logging_mixin.py:149} INFO - [2023-06-16T18:52:54.483+0000] {taskmixin.py:211} WARNING - Dependency <Task(_PythonDecoratedOperator): log_sql_query>, print_the_context already registered for DAG: example_python_operator
[2023-06-16T18:52:54.488+0000] {logging_mixin.py:149} INFO - [2023-06-16T18:52:54.488+0000] {taskmixin.py:211} WARNING - Dependency <Task(_PythonDecoratedOperator): print_the_context>, log_sql_query already registered for DAG: example_python_operator
[2023-06-16T18:52:54.490+0000] {logging_mixin.py:149} INFO - [2023-06-16T18:52:54.490+0000] {taskmixin.py:211} WARNING - Dependency <Task(_PythonDecoratedOperator): log_sql_query>, print_the_context already registered for DAG: example_python_operator
[2023-06-16T18:52:54.498+0000] {processor.py:836} INFO - DAG(s) dict_keys(['example_python_operator']) retrieved from /home/airflow/.local/lib/python3.7/site-packages/airflow/example_dags/example_python_operator.py
[2023-06-16T18:52:54.569+0000] {logging_mixin.py:149} INFO - [2023-06-16T18:52:54.569+0000] {dag.py:2726} INFO - Sync 1 DAGs
[2023-06-16T18:52:54.649+0000] {logging_mixin.py:149} INFO - [2023-06-16T18:52:54.649+0000] {dag.py:3490} INFO - Setting next_dagrun for example_python_operator to None, run_after=None
[2023-06-16T18:52:54.709+0000] {processor.py:179} INFO - Processing /home/airflow/.local/lib/python3.7/site-packages/airflow/example_dags/example_python_operator.py took 0.288 seconds
[2023-06-16T18:53:25.531+0000] {processor.py:157} INFO - Started process (PID=1043) to work on /home/airflow/.local/lib/python3.7/site-packages/airflow/example_dags/example_python_operator.py
[2023-06-16T18:53:25.536+0000] {processor.py:826} INFO - Processing file /home/airflow/.local/lib/python3.7/site-packages/airflow/example_dags/example_python_operator.py for tasks to queue
[2023-06-16T18:53:25.540+0000] {logging_mixin.py:149} INFO - [2023-06-16T18:53:25.540+0000] {dagbag.py:541} INFO - Filling up the DagBag from /home/airflow/.local/lib/python3.7/site-packages/airflow/example_dags/example_python_operator.py
[2023-06-16T18:53:25.563+0000] {logging_mixin.py:149} INFO - [2023-06-16T18:53:25.562+0000] {taskmixin.py:211} WARNING - Dependency <Task(_PythonDecoratedOperator): print_the_context>, log_sql_query already registered for DAG: example_python_operator
[2023-06-16T18:53:25.565+0000] {logging_mixin.py:149} INFO - [2023-06-16T18:53:25.565+0000] {taskmixin.py:211} WARNING - Dependency <Task(_PythonDecoratedOperator): log_sql_query>, print_the_context already registered for DAG: example_python_operator
[2023-06-16T18:53:25.571+0000] {logging_mixin.py:149} INFO - [2023-06-16T18:53:25.570+0000] {taskmixin.py:211} WARNING - Dependency <Task(_PythonDecoratedOperator): print_the_context>, log_sql_query already registered for DAG: example_python_operator
[2023-06-16T18:53:25.577+0000] {logging_mixin.py:149} INFO - [2023-06-16T18:53:25.577+0000] {taskmixin.py:211} WARNING - Dependency <Task(_PythonDecoratedOperator): log_sql_query>, print_the_context already registered for DAG: example_python_operator
[2023-06-16T18:53:25.581+0000] {logging_mixin.py:149} INFO - [2023-06-16T18:53:25.581+0000] {taskmixin.py:211} WARNING - Dependency <Task(_PythonDecoratedOperator): print_the_context>, log_sql_query already registered for DAG: example_python_operator
[2023-06-16T18:53:25.586+0000] {logging_mixin.py:149} INFO - [2023-06-16T18:53:25.585+0000] {taskmixin.py:211} WARNING - Dependency <Task(_PythonDecoratedOperator): log_sql_query>, print_the_context already registered for DAG: example_python_operator
[2023-06-16T18:53:25.590+0000] {logging_mixin.py:149} INFO - [2023-06-16T18:53:25.590+0000] {taskmixin.py:211} WARNING - Dependency <Task(_PythonDecoratedOperator): print_the_context>, log_sql_query already registered for DAG: example_python_operator
[2023-06-16T18:53:25.592+0000] {logging_mixin.py:149} INFO - [2023-06-16T18:53:25.591+0000] {taskmixin.py:211} WARNING - Dependency <Task(_PythonDecoratedOperator): log_sql_query>, print_the_context already registered for DAG: example_python_operator
[2023-06-16T18:53:25.601+0000] {processor.py:836} INFO - DAG(s) dict_keys(['example_python_operator']) retrieved from /home/airflow/.local/lib/python3.7/site-packages/airflow/example_dags/example_python_operator.py
[2023-06-16T18:53:25.691+0000] {logging_mixin.py:149} INFO - [2023-06-16T18:53:25.691+0000] {dag.py:2726} INFO - Sync 1 DAGs
[2023-06-16T18:53:25.777+0000] {logging_mixin.py:149} INFO - [2023-06-16T18:53:25.777+0000] {dag.py:3490} INFO - Setting next_dagrun for example_python_operator to None, run_after=None
[2023-06-16T18:53:25.823+0000] {processor.py:179} INFO - Processing /home/airflow/.local/lib/python3.7/site-packages/airflow/example_dags/example_python_operator.py took 0.302 seconds
[2023-06-16T18:53:55.966+0000] {processor.py:157} INFO - Started process (PID=1100) to work on /home/airflow/.local/lib/python3.7/site-packages/airflow/example_dags/example_python_operator.py
[2023-06-16T18:53:55.970+0000] {processor.py:826} INFO - Processing file /home/airflow/.local/lib/python3.7/site-packages/airflow/example_dags/example_python_operator.py for tasks to queue
[2023-06-16T18:53:55.974+0000] {logging_mixin.py:149} INFO - [2023-06-16T18:53:55.973+0000] {dagbag.py:541} INFO - Filling up the DagBag from /home/airflow/.local/lib/python3.7/site-packages/airflow/example_dags/example_python_operator.py
[2023-06-16T18:53:55.995+0000] {logging_mixin.py:149} INFO - [2023-06-16T18:53:55.994+0000] {taskmixin.py:211} WARNING - Dependency <Task(_PythonDecoratedOperator): print_the_context>, log_sql_query already registered for DAG: example_python_operator
[2023-06-16T18:53:55.998+0000] {logging_mixin.py:149} INFO - [2023-06-16T18:53:55.998+0000] {taskmixin.py:211} WARNING - Dependency <Task(_PythonDecoratedOperator): log_sql_query>, print_the_context already registered for DAG: example_python_operator
[2023-06-16T18:53:56.003+0000] {logging_mixin.py:149} INFO - [2023-06-16T18:53:56.002+0000] {taskmixin.py:211} WARNING - Dependency <Task(_PythonDecoratedOperator): print_the_context>, log_sql_query already registered for DAG: example_python_operator
[2023-06-16T18:53:56.007+0000] {logging_mixin.py:149} INFO - [2023-06-16T18:53:56.006+0000] {taskmixin.py:211} WARNING - Dependency <Task(_PythonDecoratedOperator): log_sql_query>, print_the_context already registered for DAG: example_python_operator
[2023-06-16T18:53:56.011+0000] {logging_mixin.py:149} INFO - [2023-06-16T18:53:56.010+0000] {taskmixin.py:211} WARNING - Dependency <Task(_PythonDecoratedOperator): print_the_context>, log_sql_query already registered for DAG: example_python_operator
[2023-06-16T18:53:56.014+0000] {logging_mixin.py:149} INFO - [2023-06-16T18:53:56.014+0000] {taskmixin.py:211} WARNING - Dependency <Task(_PythonDecoratedOperator): log_sql_query>, print_the_context already registered for DAG: example_python_operator
[2023-06-16T18:53:56.018+0000] {logging_mixin.py:149} INFO - [2023-06-16T18:53:56.018+0000] {taskmixin.py:211} WARNING - Dependency <Task(_PythonDecoratedOperator): print_the_context>, log_sql_query already registered for DAG: example_python_operator
[2023-06-16T18:53:56.022+0000] {logging_mixin.py:149} INFO - [2023-06-16T18:53:56.022+0000] {taskmixin.py:211} WARNING - Dependency <Task(_PythonDecoratedOperator): log_sql_query>, print_the_context already registered for DAG: example_python_operator
[2023-06-16T18:53:56.034+0000] {processor.py:836} INFO - DAG(s) dict_keys(['example_python_operator']) retrieved from /home/airflow/.local/lib/python3.7/site-packages/airflow/example_dags/example_python_operator.py
[2023-06-16T18:53:56.124+0000] {logging_mixin.py:149} INFO - [2023-06-16T18:53:56.123+0000] {dag.py:2726} INFO - Sync 1 DAGs
[2023-06-16T18:53:56.207+0000] {logging_mixin.py:149} INFO - [2023-06-16T18:53:56.206+0000] {dag.py:3490} INFO - Setting next_dagrun for example_python_operator to None, run_after=None
[2023-06-16T18:53:56.265+0000] {processor.py:179} INFO - Processing /home/airflow/.local/lib/python3.7/site-packages/airflow/example_dags/example_python_operator.py took 0.310 seconds
[2023-06-16T18:54:27.090+0000] {processor.py:157} INFO - Started process (PID=1157) to work on /home/airflow/.local/lib/python3.7/site-packages/airflow/example_dags/example_python_operator.py
[2023-06-16T18:54:27.098+0000] {processor.py:826} INFO - Processing file /home/airflow/.local/lib/python3.7/site-packages/airflow/example_dags/example_python_operator.py for tasks to queue
[2023-06-16T18:54:27.103+0000] {logging_mixin.py:149} INFO - [2023-06-16T18:54:27.103+0000] {dagbag.py:541} INFO - Filling up the DagBag from /home/airflow/.local/lib/python3.7/site-packages/airflow/example_dags/example_python_operator.py
[2023-06-16T18:54:27.133+0000] {logging_mixin.py:149} INFO - [2023-06-16T18:54:27.133+0000] {taskmixin.py:211} WARNING - Dependency <Task(_PythonDecoratedOperator): print_the_context>, log_sql_query already registered for DAG: example_python_operator
[2023-06-16T18:54:27.137+0000] {logging_mixin.py:149} INFO - [2023-06-16T18:54:27.137+0000] {taskmixin.py:211} WARNING - Dependency <Task(_PythonDecoratedOperator): log_sql_query>, print_the_context already registered for DAG: example_python_operator
[2023-06-16T18:54:27.145+0000] {logging_mixin.py:149} INFO - [2023-06-16T18:54:27.145+0000] {taskmixin.py:211} WARNING - Dependency <Task(_PythonDecoratedOperator): print_the_context>, log_sql_query already registered for DAG: example_python_operator
[2023-06-16T18:54:27.151+0000] {logging_mixin.py:149} INFO - [2023-06-16T18:54:27.150+0000] {taskmixin.py:211} WARNING - Dependency <Task(_PythonDecoratedOperator): log_sql_query>, print_the_context already registered for DAG: example_python_operator
[2023-06-16T18:54:27.157+0000] {logging_mixin.py:149} INFO - [2023-06-16T18:54:27.156+0000] {taskmixin.py:211} WARNING - Dependency <Task(_PythonDecoratedOperator): print_the_context>, log_sql_query already registered for DAG: example_python_operator
[2023-06-16T18:54:27.165+0000] {logging_mixin.py:149} INFO - [2023-06-16T18:54:27.164+0000] {taskmixin.py:211} WARNING - Dependency <Task(_PythonDecoratedOperator): log_sql_query>, print_the_context already registered for DAG: example_python_operator
[2023-06-16T18:54:27.171+0000] {logging_mixin.py:149} INFO - [2023-06-16T18:54:27.171+0000] {taskmixin.py:211} WARNING - Dependency <Task(_PythonDecoratedOperator): print_the_context>, log_sql_query already registered for DAG: example_python_operator
[2023-06-16T18:54:27.175+0000] {logging_mixin.py:149} INFO - [2023-06-16T18:54:27.175+0000] {taskmixin.py:211} WARNING - Dependency <Task(_PythonDecoratedOperator): log_sql_query>, print_the_context already registered for DAG: example_python_operator
[2023-06-16T18:54:27.184+0000] {processor.py:836} INFO - DAG(s) dict_keys(['example_python_operator']) retrieved from /home/airflow/.local/lib/python3.7/site-packages/airflow/example_dags/example_python_operator.py
[2023-06-16T18:54:27.269+0000] {logging_mixin.py:149} INFO - [2023-06-16T18:54:27.269+0000] {dag.py:2726} INFO - Sync 1 DAGs
[2023-06-16T18:54:27.349+0000] {logging_mixin.py:149} INFO - [2023-06-16T18:54:27.349+0000] {dag.py:3490} INFO - Setting next_dagrun for example_python_operator to None, run_after=None
[2023-06-16T18:54:27.417+0000] {processor.py:179} INFO - Processing /home/airflow/.local/lib/python3.7/site-packages/airflow/example_dags/example_python_operator.py took 0.342 seconds
[2023-06-16T18:54:58.444+0000] {processor.py:157} INFO - Started process (PID=1216) to work on /home/airflow/.local/lib/python3.7/site-packages/airflow/example_dags/example_python_operator.py
[2023-06-16T18:54:58.449+0000] {processor.py:826} INFO - Processing file /home/airflow/.local/lib/python3.7/site-packages/airflow/example_dags/example_python_operator.py for tasks to queue
[2023-06-16T18:54:58.454+0000] {logging_mixin.py:149} INFO - [2023-06-16T18:54:58.454+0000] {dagbag.py:541} INFO - Filling up the DagBag from /home/airflow/.local/lib/python3.7/site-packages/airflow/example_dags/example_python_operator.py
[2023-06-16T18:54:58.478+0000] {logging_mixin.py:149} INFO - [2023-06-16T18:54:58.477+0000] {taskmixin.py:211} WARNING - Dependency <Task(_PythonDecoratedOperator): print_the_context>, log_sql_query already registered for DAG: example_python_operator
[2023-06-16T18:54:58.489+0000] {logging_mixin.py:149} INFO - [2023-06-16T18:54:58.489+0000] {taskmixin.py:211} WARNING - Dependency <Task(_PythonDecoratedOperator): log_sql_query>, print_the_context already registered for DAG: example_python_operator
[2023-06-16T18:54:58.495+0000] {logging_mixin.py:149} INFO - [2023-06-16T18:54:58.494+0000] {taskmixin.py:211} WARNING - Dependency <Task(_PythonDecoratedOperator): print_the_context>, log_sql_query already registered for DAG: example_python_operator
[2023-06-16T18:54:58.497+0000] {logging_mixin.py:149} INFO - [2023-06-16T18:54:58.497+0000] {taskmixin.py:211} WARNING - Dependency <Task(_PythonDecoratedOperator): log_sql_query>, print_the_context already registered for DAG: example_python_operator
[2023-06-16T18:54:58.501+0000] {logging_mixin.py:149} INFO - [2023-06-16T18:54:58.501+0000] {taskmixin.py:211} WARNING - Dependency <Task(_PythonDecoratedOperator): print_the_context>, log_sql_query already registered for DAG: example_python_operator
[2023-06-16T18:54:58.504+0000] {logging_mixin.py:149} INFO - [2023-06-16T18:54:58.504+0000] {taskmixin.py:211} WARNING - Dependency <Task(_PythonDecoratedOperator): log_sql_query>, print_the_context already registered for DAG: example_python_operator
[2023-06-16T18:54:58.509+0000] {logging_mixin.py:149} INFO - [2023-06-16T18:54:58.509+0000] {taskmixin.py:211} WARNING - Dependency <Task(_PythonDecoratedOperator): print_the_context>, log_sql_query already registered for DAG: example_python_operator
[2023-06-16T18:54:58.512+0000] {logging_mixin.py:149} INFO - [2023-06-16T18:54:58.511+0000] {taskmixin.py:211} WARNING - Dependency <Task(_PythonDecoratedOperator): log_sql_query>, print_the_context already registered for DAG: example_python_operator
[2023-06-16T18:54:58.522+0000] {processor.py:836} INFO - DAG(s) dict_keys(['example_python_operator']) retrieved from /home/airflow/.local/lib/python3.7/site-packages/airflow/example_dags/example_python_operator.py
[2023-06-16T18:54:58.609+0000] {logging_mixin.py:149} INFO - [2023-06-16T18:54:58.608+0000] {dag.py:2726} INFO - Sync 1 DAGs
[2023-06-16T18:54:58.697+0000] {logging_mixin.py:149} INFO - [2023-06-16T18:54:58.697+0000] {dag.py:3490} INFO - Setting next_dagrun for example_python_operator to None, run_after=None
[2023-06-16T18:54:58.743+0000] {processor.py:179} INFO - Processing /home/airflow/.local/lib/python3.7/site-packages/airflow/example_dags/example_python_operator.py took 0.309 seconds
[2023-06-16T18:55:29.447+0000] {processor.py:157} INFO - Started process (PID=1273) to work on /home/airflow/.local/lib/python3.7/site-packages/airflow/example_dags/example_python_operator.py
[2023-06-16T18:55:29.452+0000] {processor.py:826} INFO - Processing file /home/airflow/.local/lib/python3.7/site-packages/airflow/example_dags/example_python_operator.py for tasks to queue
[2023-06-16T18:55:29.457+0000] {logging_mixin.py:149} INFO - [2023-06-16T18:55:29.456+0000] {dagbag.py:541} INFO - Filling up the DagBag from /home/airflow/.local/lib/python3.7/site-packages/airflow/example_dags/example_python_operator.py
[2023-06-16T18:55:29.475+0000] {logging_mixin.py:149} INFO - [2023-06-16T18:55:29.474+0000] {taskmixin.py:211} WARNING - Dependency <Task(_PythonDecoratedOperator): print_the_context>, log_sql_query already registered for DAG: example_python_operator
[2023-06-16T18:55:29.480+0000] {logging_mixin.py:149} INFO - [2023-06-16T18:55:29.479+0000] {taskmixin.py:211} WARNING - Dependency <Task(_PythonDecoratedOperator): log_sql_query>, print_the_context already registered for DAG: example_python_operator
[2023-06-16T18:55:29.484+0000] {logging_mixin.py:149} INFO - [2023-06-16T18:55:29.483+0000] {taskmixin.py:211} WARNING - Dependency <Task(_PythonDecoratedOperator): print_the_context>, log_sql_query already registered for DAG: example_python_operator
[2023-06-16T18:55:29.488+0000] {logging_mixin.py:149} INFO - [2023-06-16T18:55:29.487+0000] {taskmixin.py:211} WARNING - Dependency <Task(_PythonDecoratedOperator): log_sql_query>, print_the_context already registered for DAG: example_python_operator
[2023-06-16T18:55:29.494+0000] {logging_mixin.py:149} INFO - [2023-06-16T18:55:29.494+0000] {taskmixin.py:211} WARNING - Dependency <Task(_PythonDecoratedOperator): print_the_context>, log_sql_query already registered for DAG: example_python_operator
[2023-06-16T18:55:29.497+0000] {logging_mixin.py:149} INFO - [2023-06-16T18:55:29.496+0000] {taskmixin.py:211} WARNING - Dependency <Task(_PythonDecoratedOperator): log_sql_query>, print_the_context already registered for DAG: example_python_operator
[2023-06-16T18:55:29.502+0000] {logging_mixin.py:149} INFO - [2023-06-16T18:55:29.501+0000] {taskmixin.py:211} WARNING - Dependency <Task(_PythonDecoratedOperator): print_the_context>, log_sql_query already registered for DAG: example_python_operator
[2023-06-16T18:55:29.505+0000] {logging_mixin.py:149} INFO - [2023-06-16T18:55:29.504+0000] {taskmixin.py:211} WARNING - Dependency <Task(_PythonDecoratedOperator): log_sql_query>, print_the_context already registered for DAG: example_python_operator
[2023-06-16T18:55:29.515+0000] {processor.py:836} INFO - DAG(s) dict_keys(['example_python_operator']) retrieved from /home/airflow/.local/lib/python3.7/site-packages/airflow/example_dags/example_python_operator.py
[2023-06-16T18:55:29.593+0000] {logging_mixin.py:149} INFO - [2023-06-16T18:55:29.593+0000] {dag.py:2726} INFO - Sync 1 DAGs
[2023-06-16T18:55:29.667+0000] {logging_mixin.py:149} INFO - [2023-06-16T18:55:29.667+0000] {dag.py:3490} INFO - Setting next_dagrun for example_python_operator to None, run_after=None
[2023-06-16T18:55:29.715+0000] {processor.py:179} INFO - Processing /home/airflow/.local/lib/python3.7/site-packages/airflow/example_dags/example_python_operator.py took 0.279 seconds
