[2023-06-16T18:46:38.992+0000] {processor.py:157} INFO - Started process (PID=275) to work on /home/airflow/.local/lib/python3.7/site-packages/airflow/example_dags/example_nested_branch_dag.py
[2023-06-16T18:46:38.996+0000] {processor.py:826} INFO - Processing file /home/airflow/.local/lib/python3.7/site-packages/airflow/example_dags/example_nested_branch_dag.py for tasks to queue
[2023-06-16T18:46:39.006+0000] {logging_mixin.py:149} INFO - [2023-06-16T18:46:39.003+0000] {dagbag.py:541} INFO - Filling up the DagBag from /home/airflow/.local/lib/python3.7/site-packages/airflow/example_dags/example_nested_branch_dag.py
[2023-06-16T18:46:39.041+0000] {processor.py:836} INFO - DAG(s) dict_keys(['example_nested_branch_dag']) retrieved from /home/airflow/.local/lib/python3.7/site-packages/airflow/example_dags/example_nested_branch_dag.py
[2023-06-16T18:46:39.128+0000] {logging_mixin.py:149} INFO - [2023-06-16T18:46:39.126+0000] {dag.py:2726} INFO - Sync 1 DAGs
[2023-06-16T18:46:39.281+0000] {logging_mixin.py:149} INFO - [2023-06-16T18:46:39.280+0000] {dag.py:3490} INFO - Setting next_dagrun for example_nested_branch_dag to 2023-06-15T00:00:00+00:00, run_after=2023-06-16T00:00:00+00:00
[2023-06-16T18:46:39.374+0000] {processor.py:179} INFO - Processing /home/airflow/.local/lib/python3.7/site-packages/airflow/example_dags/example_nested_branch_dag.py took 0.391 seconds
[2023-06-16T18:47:09.697+0000] {processor.py:157} INFO - Started process (PID=332) to work on /home/airflow/.local/lib/python3.7/site-packages/airflow/example_dags/example_nested_branch_dag.py
[2023-06-16T18:47:09.700+0000] {processor.py:826} INFO - Processing file /home/airflow/.local/lib/python3.7/site-packages/airflow/example_dags/example_nested_branch_dag.py for tasks to queue
[2023-06-16T18:47:09.704+0000] {logging_mixin.py:149} INFO - [2023-06-16T18:47:09.703+0000] {dagbag.py:541} INFO - Filling up the DagBag from /home/airflow/.local/lib/python3.7/site-packages/airflow/example_dags/example_nested_branch_dag.py
[2023-06-16T18:47:09.732+0000] {processor.py:836} INFO - DAG(s) dict_keys(['example_nested_branch_dag']) retrieved from /home/airflow/.local/lib/python3.7/site-packages/airflow/example_dags/example_nested_branch_dag.py
[2023-06-16T18:47:09.795+0000] {logging_mixin.py:149} INFO - [2023-06-16T18:47:09.795+0000] {dag.py:2726} INFO - Sync 1 DAGs
[2023-06-16T18:47:09.850+0000] {logging_mixin.py:149} INFO - [2023-06-16T18:47:09.849+0000] {dag.py:3490} INFO - Setting next_dagrun for example_nested_branch_dag to 2023-06-15T00:00:00+00:00, run_after=2023-06-16T00:00:00+00:00
[2023-06-16T18:47:09.888+0000] {processor.py:179} INFO - Processing /home/airflow/.local/lib/python3.7/site-packages/airflow/example_dags/example_nested_branch_dag.py took 0.200 seconds
[2023-06-16T18:47:41.252+0000] {processor.py:157} INFO - Started process (PID=389) to work on /home/airflow/.local/lib/python3.7/site-packages/airflow/example_dags/example_nested_branch_dag.py
[2023-06-16T18:47:41.257+0000] {processor.py:826} INFO - Processing file /home/airflow/.local/lib/python3.7/site-packages/airflow/example_dags/example_nested_branch_dag.py for tasks to queue
[2023-06-16T18:47:41.263+0000] {logging_mixin.py:149} INFO - [2023-06-16T18:47:41.263+0000] {dagbag.py:541} INFO - Filling up the DagBag from /home/airflow/.local/lib/python3.7/site-packages/airflow/example_dags/example_nested_branch_dag.py
[2023-06-16T18:47:41.297+0000] {processor.py:836} INFO - DAG(s) dict_keys(['example_nested_branch_dag']) retrieved from /home/airflow/.local/lib/python3.7/site-packages/airflow/example_dags/example_nested_branch_dag.py
[2023-06-16T18:47:41.371+0000] {logging_mixin.py:149} INFO - [2023-06-16T18:47:41.370+0000] {dag.py:2726} INFO - Sync 1 DAGs
[2023-06-16T18:47:41.462+0000] {logging_mixin.py:149} INFO - [2023-06-16T18:47:41.462+0000] {dag.py:3490} INFO - Setting next_dagrun for example_nested_branch_dag to 2023-06-15T00:00:00+00:00, run_after=2023-06-16T00:00:00+00:00
[2023-06-16T18:47:41.530+0000] {processor.py:179} INFO - Processing /home/airflow/.local/lib/python3.7/site-packages/airflow/example_dags/example_nested_branch_dag.py took 0.290 seconds
[2023-06-16T18:48:11.704+0000] {processor.py:157} INFO - Started process (PID=446) to work on /home/airflow/.local/lib/python3.7/site-packages/airflow/example_dags/example_nested_branch_dag.py
[2023-06-16T18:48:11.708+0000] {processor.py:826} INFO - Processing file /home/airflow/.local/lib/python3.7/site-packages/airflow/example_dags/example_nested_branch_dag.py for tasks to queue
[2023-06-16T18:48:11.711+0000] {logging_mixin.py:149} INFO - [2023-06-16T18:48:11.710+0000] {dagbag.py:541} INFO - Filling up the DagBag from /home/airflow/.local/lib/python3.7/site-packages/airflow/example_dags/example_nested_branch_dag.py
[2023-06-16T18:48:11.737+0000] {processor.py:836} INFO - DAG(s) dict_keys(['example_nested_branch_dag']) retrieved from /home/airflow/.local/lib/python3.7/site-packages/airflow/example_dags/example_nested_branch_dag.py
[2023-06-16T18:48:11.793+0000] {logging_mixin.py:149} INFO - [2023-06-16T18:48:11.792+0000] {dag.py:2726} INFO - Sync 1 DAGs
[2023-06-16T18:48:11.855+0000] {logging_mixin.py:149} INFO - [2023-06-16T18:48:11.855+0000] {dag.py:3490} INFO - Setting next_dagrun for example_nested_branch_dag to 2023-06-15T00:00:00+00:00, run_after=2023-06-16T00:00:00+00:00
[2023-06-16T18:48:11.899+0000] {processor.py:179} INFO - Processing /home/airflow/.local/lib/python3.7/site-packages/airflow/example_dags/example_nested_branch_dag.py took 0.205 seconds
[2023-06-16T18:48:41.964+0000] {processor.py:157} INFO - Started process (PID=503) to work on /home/airflow/.local/lib/python3.7/site-packages/airflow/example_dags/example_nested_branch_dag.py
[2023-06-16T18:48:41.971+0000] {processor.py:826} INFO - Processing file /home/airflow/.local/lib/python3.7/site-packages/airflow/example_dags/example_nested_branch_dag.py for tasks to queue
[2023-06-16T18:48:41.974+0000] {logging_mixin.py:149} INFO - [2023-06-16T18:48:41.974+0000] {dagbag.py:541} INFO - Filling up the DagBag from /home/airflow/.local/lib/python3.7/site-packages/airflow/example_dags/example_nested_branch_dag.py
[2023-06-16T18:48:42.002+0000] {processor.py:836} INFO - DAG(s) dict_keys(['example_nested_branch_dag']) retrieved from /home/airflow/.local/lib/python3.7/site-packages/airflow/example_dags/example_nested_branch_dag.py
[2023-06-16T18:48:42.084+0000] {logging_mixin.py:149} INFO - [2023-06-16T18:48:42.084+0000] {dag.py:2726} INFO - Sync 1 DAGs
[2023-06-16T18:48:42.232+0000] {logging_mixin.py:149} INFO - [2023-06-16T18:48:42.232+0000] {dag.py:3490} INFO - Setting next_dagrun for example_nested_branch_dag to 2023-06-15T00:00:00+00:00, run_after=2023-06-16T00:00:00+00:00
[2023-06-16T18:48:42.281+0000] {processor.py:179} INFO - Processing /home/airflow/.local/lib/python3.7/site-packages/airflow/example_dags/example_nested_branch_dag.py took 0.326 seconds
[2023-06-16T18:49:13.042+0000] {processor.py:157} INFO - Started process (PID=560) to work on /home/airflow/.local/lib/python3.7/site-packages/airflow/example_dags/example_nested_branch_dag.py
[2023-06-16T18:49:13.046+0000] {processor.py:826} INFO - Processing file /home/airflow/.local/lib/python3.7/site-packages/airflow/example_dags/example_nested_branch_dag.py for tasks to queue
[2023-06-16T18:49:13.050+0000] {logging_mixin.py:149} INFO - [2023-06-16T18:49:13.049+0000] {dagbag.py:541} INFO - Filling up the DagBag from /home/airflow/.local/lib/python3.7/site-packages/airflow/example_dags/example_nested_branch_dag.py
[2023-06-16T18:49:13.080+0000] {processor.py:836} INFO - DAG(s) dict_keys(['example_nested_branch_dag']) retrieved from /home/airflow/.local/lib/python3.7/site-packages/airflow/example_dags/example_nested_branch_dag.py
[2023-06-16T18:49:13.148+0000] {logging_mixin.py:149} INFO - [2023-06-16T18:49:13.148+0000] {dag.py:2726} INFO - Sync 1 DAGs
[2023-06-16T18:49:13.230+0000] {logging_mixin.py:149} INFO - [2023-06-16T18:49:13.229+0000] {dag.py:3490} INFO - Setting next_dagrun for example_nested_branch_dag to 2023-06-15T00:00:00+00:00, run_after=2023-06-16T00:00:00+00:00
[2023-06-16T18:49:13.277+0000] {processor.py:179} INFO - Processing /home/airflow/.local/lib/python3.7/site-packages/airflow/example_dags/example_nested_branch_dag.py took 0.243 seconds
[2023-06-16T18:49:44.049+0000] {processor.py:157} INFO - Started process (PID=617) to work on /home/airflow/.local/lib/python3.7/site-packages/airflow/example_dags/example_nested_branch_dag.py
[2023-06-16T18:49:44.053+0000] {processor.py:826} INFO - Processing file /home/airflow/.local/lib/python3.7/site-packages/airflow/example_dags/example_nested_branch_dag.py for tasks to queue
[2023-06-16T18:49:44.059+0000] {logging_mixin.py:149} INFO - [2023-06-16T18:49:44.058+0000] {dagbag.py:541} INFO - Filling up the DagBag from /home/airflow/.local/lib/python3.7/site-packages/airflow/example_dags/example_nested_branch_dag.py
[2023-06-16T18:49:44.120+0000] {processor.py:836} INFO - DAG(s) dict_keys(['example_nested_branch_dag']) retrieved from /home/airflow/.local/lib/python3.7/site-packages/airflow/example_dags/example_nested_branch_dag.py
[2023-06-16T18:49:44.250+0000] {logging_mixin.py:149} INFO - [2023-06-16T18:49:44.250+0000] {dag.py:2726} INFO - Sync 1 DAGs
[2023-06-16T18:49:44.319+0000] {logging_mixin.py:149} INFO - [2023-06-16T18:49:44.319+0000] {dag.py:3490} INFO - Setting next_dagrun for example_nested_branch_dag to 2023-06-15T00:00:00+00:00, run_after=2023-06-16T00:00:00+00:00
[2023-06-16T18:49:44.388+0000] {processor.py:179} INFO - Processing /home/airflow/.local/lib/python3.7/site-packages/airflow/example_dags/example_nested_branch_dag.py took 0.350 seconds
[2023-06-16T18:50:14.824+0000] {processor.py:157} INFO - Started process (PID=680) to work on /home/airflow/.local/lib/python3.7/site-packages/airflow/example_dags/example_nested_branch_dag.py
[2023-06-16T18:50:14.829+0000] {processor.py:826} INFO - Processing file /home/airflow/.local/lib/python3.7/site-packages/airflow/example_dags/example_nested_branch_dag.py for tasks to queue
[2023-06-16T18:50:14.834+0000] {logging_mixin.py:149} INFO - [2023-06-16T18:50:14.834+0000] {dagbag.py:541} INFO - Filling up the DagBag from /home/airflow/.local/lib/python3.7/site-packages/airflow/example_dags/example_nested_branch_dag.py
[2023-06-16T18:50:14.866+0000] {processor.py:836} INFO - DAG(s) dict_keys(['example_nested_branch_dag']) retrieved from /home/airflow/.local/lib/python3.7/site-packages/airflow/example_dags/example_nested_branch_dag.py
[2023-06-16T18:50:14.936+0000] {logging_mixin.py:149} INFO - [2023-06-16T18:50:14.935+0000] {dag.py:2726} INFO - Sync 1 DAGs
[2023-06-16T18:50:15.004+0000] {logging_mixin.py:149} INFO - [2023-06-16T18:50:15.004+0000] {dag.py:3490} INFO - Setting next_dagrun for example_nested_branch_dag to 2023-06-15T00:00:00+00:00, run_after=2023-06-16T00:00:00+00:00
[2023-06-16T18:50:15.062+0000] {processor.py:179} INFO - Processing /home/airflow/.local/lib/python3.7/site-packages/airflow/example_dags/example_nested_branch_dag.py took 0.246 seconds
[2023-06-16T18:50:45.370+0000] {processor.py:157} INFO - Started process (PID=738) to work on /home/airflow/.local/lib/python3.7/site-packages/airflow/example_dags/example_nested_branch_dag.py
[2023-06-16T18:50:45.374+0000] {processor.py:826} INFO - Processing file /home/airflow/.local/lib/python3.7/site-packages/airflow/example_dags/example_nested_branch_dag.py for tasks to queue
[2023-06-16T18:50:45.378+0000] {logging_mixin.py:149} INFO - [2023-06-16T18:50:45.377+0000] {dagbag.py:541} INFO - Filling up the DagBag from /home/airflow/.local/lib/python3.7/site-packages/airflow/example_dags/example_nested_branch_dag.py
[2023-06-16T18:50:45.407+0000] {processor.py:836} INFO - DAG(s) dict_keys(['example_nested_branch_dag']) retrieved from /home/airflow/.local/lib/python3.7/site-packages/airflow/example_dags/example_nested_branch_dag.py
[2023-06-16T18:50:45.474+0000] {logging_mixin.py:149} INFO - [2023-06-16T18:50:45.474+0000] {dag.py:2726} INFO - Sync 1 DAGs
[2023-06-16T18:50:45.568+0000] {logging_mixin.py:149} INFO - [2023-06-16T18:50:45.568+0000] {dag.py:3490} INFO - Setting next_dagrun for example_nested_branch_dag to 2023-06-15T00:00:00+00:00, run_after=2023-06-16T00:00:00+00:00
[2023-06-16T18:50:45.624+0000] {processor.py:179} INFO - Processing /home/airflow/.local/lib/python3.7/site-packages/airflow/example_dags/example_nested_branch_dag.py took 0.261 seconds
[2023-06-16T18:51:16.362+0000] {processor.py:157} INFO - Started process (PID=795) to work on /home/airflow/.local/lib/python3.7/site-packages/airflow/example_dags/example_nested_branch_dag.py
[2023-06-16T18:51:16.366+0000] {processor.py:826} INFO - Processing file /home/airflow/.local/lib/python3.7/site-packages/airflow/example_dags/example_nested_branch_dag.py for tasks to queue
[2023-06-16T18:51:16.369+0000] {logging_mixin.py:149} INFO - [2023-06-16T18:51:16.369+0000] {dagbag.py:541} INFO - Filling up the DagBag from /home/airflow/.local/lib/python3.7/site-packages/airflow/example_dags/example_nested_branch_dag.py
[2023-06-16T18:51:16.396+0000] {processor.py:836} INFO - DAG(s) dict_keys(['example_nested_branch_dag']) retrieved from /home/airflow/.local/lib/python3.7/site-packages/airflow/example_dags/example_nested_branch_dag.py
[2023-06-16T18:51:16.454+0000] {logging_mixin.py:149} INFO - [2023-06-16T18:51:16.454+0000] {dag.py:2726} INFO - Sync 1 DAGs
[2023-06-16T18:51:16.514+0000] {logging_mixin.py:149} INFO - [2023-06-16T18:51:16.514+0000] {dag.py:3490} INFO - Setting next_dagrun for example_nested_branch_dag to 2023-06-15T00:00:00+00:00, run_after=2023-06-16T00:00:00+00:00
[2023-06-16T18:51:16.559+0000] {processor.py:179} INFO - Processing /home/airflow/.local/lib/python3.7/site-packages/airflow/example_dags/example_nested_branch_dag.py took 0.204 seconds
[2023-06-16T18:51:47.545+0000] {processor.py:157} INFO - Started process (PID=853) to work on /home/airflow/.local/lib/python3.7/site-packages/airflow/example_dags/example_nested_branch_dag.py
[2023-06-16T18:51:47.549+0000] {processor.py:826} INFO - Processing file /home/airflow/.local/lib/python3.7/site-packages/airflow/example_dags/example_nested_branch_dag.py for tasks to queue
[2023-06-16T18:51:47.552+0000] {logging_mixin.py:149} INFO - [2023-06-16T18:51:47.552+0000] {dagbag.py:541} INFO - Filling up the DagBag from /home/airflow/.local/lib/python3.7/site-packages/airflow/example_dags/example_nested_branch_dag.py
[2023-06-16T18:51:47.580+0000] {processor.py:836} INFO - DAG(s) dict_keys(['example_nested_branch_dag']) retrieved from /home/airflow/.local/lib/python3.7/site-packages/airflow/example_dags/example_nested_branch_dag.py
[2023-06-16T18:51:47.653+0000] {logging_mixin.py:149} INFO - [2023-06-16T18:51:47.653+0000] {dag.py:2726} INFO - Sync 1 DAGs
[2023-06-16T18:51:47.718+0000] {logging_mixin.py:149} INFO - [2023-06-16T18:51:47.718+0000] {dag.py:3490} INFO - Setting next_dagrun for example_nested_branch_dag to 2023-06-15T00:00:00+00:00, run_after=2023-06-16T00:00:00+00:00
[2023-06-16T18:51:47.777+0000] {processor.py:179} INFO - Processing /home/airflow/.local/lib/python3.7/site-packages/airflow/example_dags/example_nested_branch_dag.py took 0.241 seconds
[2023-06-16T18:52:18.298+0000] {processor.py:157} INFO - Started process (PID=910) to work on /home/airflow/.local/lib/python3.7/site-packages/airflow/example_dags/example_nested_branch_dag.py
[2023-06-16T18:52:18.302+0000] {processor.py:826} INFO - Processing file /home/airflow/.local/lib/python3.7/site-packages/airflow/example_dags/example_nested_branch_dag.py for tasks to queue
[2023-06-16T18:52:18.307+0000] {logging_mixin.py:149} INFO - [2023-06-16T18:52:18.306+0000] {dagbag.py:541} INFO - Filling up the DagBag from /home/airflow/.local/lib/python3.7/site-packages/airflow/example_dags/example_nested_branch_dag.py
[2023-06-16T18:52:18.352+0000] {processor.py:836} INFO - DAG(s) dict_keys(['example_nested_branch_dag']) retrieved from /home/airflow/.local/lib/python3.7/site-packages/airflow/example_dags/example_nested_branch_dag.py
[2023-06-16T18:52:18.426+0000] {logging_mixin.py:149} INFO - [2023-06-16T18:52:18.425+0000] {dag.py:2726} INFO - Sync 1 DAGs
[2023-06-16T18:52:18.504+0000] {logging_mixin.py:149} INFO - [2023-06-16T18:52:18.504+0000] {dag.py:3490} INFO - Setting next_dagrun for example_nested_branch_dag to 2023-06-15T00:00:00+00:00, run_after=2023-06-16T00:00:00+00:00
[2023-06-16T18:52:18.550+0000] {processor.py:179} INFO - Processing /home/airflow/.local/lib/python3.7/site-packages/airflow/example_dags/example_nested_branch_dag.py took 0.261 seconds
[2023-06-16T18:52:49.868+0000] {processor.py:157} INFO - Started process (PID=968) to work on /home/airflow/.local/lib/python3.7/site-packages/airflow/example_dags/example_nested_branch_dag.py
[2023-06-16T18:52:49.872+0000] {processor.py:826} INFO - Processing file /home/airflow/.local/lib/python3.7/site-packages/airflow/example_dags/example_nested_branch_dag.py for tasks to queue
[2023-06-16T18:52:49.878+0000] {logging_mixin.py:149} INFO - [2023-06-16T18:52:49.878+0000] {dagbag.py:541} INFO - Filling up the DagBag from /home/airflow/.local/lib/python3.7/site-packages/airflow/example_dags/example_nested_branch_dag.py
[2023-06-16T18:52:49.926+0000] {processor.py:836} INFO - DAG(s) dict_keys(['example_nested_branch_dag']) retrieved from /home/airflow/.local/lib/python3.7/site-packages/airflow/example_dags/example_nested_branch_dag.py
[2023-06-16T18:52:50.010+0000] {logging_mixin.py:149} INFO - [2023-06-16T18:52:50.010+0000] {dag.py:2726} INFO - Sync 1 DAGs
[2023-06-16T18:52:50.102+0000] {logging_mixin.py:149} INFO - [2023-06-16T18:52:50.102+0000] {dag.py:3490} INFO - Setting next_dagrun for example_nested_branch_dag to 2023-06-15T00:00:00+00:00, run_after=2023-06-16T00:00:00+00:00
[2023-06-16T18:52:50.237+0000] {processor.py:179} INFO - Processing /home/airflow/.local/lib/python3.7/site-packages/airflow/example_dags/example_nested_branch_dag.py took 0.381 seconds
[2023-06-16T18:53:20.496+0000] {processor.py:157} INFO - Started process (PID=1026) to work on /home/airflow/.local/lib/python3.7/site-packages/airflow/example_dags/example_nested_branch_dag.py
[2023-06-16T18:53:20.500+0000] {processor.py:826} INFO - Processing file /home/airflow/.local/lib/python3.7/site-packages/airflow/example_dags/example_nested_branch_dag.py for tasks to queue
[2023-06-16T18:53:20.503+0000] {logging_mixin.py:149} INFO - [2023-06-16T18:53:20.502+0000] {dagbag.py:541} INFO - Filling up the DagBag from /home/airflow/.local/lib/python3.7/site-packages/airflow/example_dags/example_nested_branch_dag.py
[2023-06-16T18:53:20.526+0000] {processor.py:836} INFO - DAG(s) dict_keys(['example_nested_branch_dag']) retrieved from /home/airflow/.local/lib/python3.7/site-packages/airflow/example_dags/example_nested_branch_dag.py
[2023-06-16T18:53:20.597+0000] {logging_mixin.py:149} INFO - [2023-06-16T18:53:20.596+0000] {dag.py:2726} INFO - Sync 1 DAGs
[2023-06-16T18:53:20.690+0000] {logging_mixin.py:149} INFO - [2023-06-16T18:53:20.689+0000] {dag.py:3490} INFO - Setting next_dagrun for example_nested_branch_dag to 2023-06-15T00:00:00+00:00, run_after=2023-06-16T00:00:00+00:00
[2023-06-16T18:53:20.735+0000] {processor.py:179} INFO - Processing /home/airflow/.local/lib/python3.7/site-packages/airflow/example_dags/example_nested_branch_dag.py took 0.246 seconds
[2023-06-16T18:53:50.863+0000] {processor.py:157} INFO - Started process (PID=1083) to work on /home/airflow/.local/lib/python3.7/site-packages/airflow/example_dags/example_nested_branch_dag.py
[2023-06-16T18:53:50.928+0000] {processor.py:826} INFO - Processing file /home/airflow/.local/lib/python3.7/site-packages/airflow/example_dags/example_nested_branch_dag.py for tasks to queue
[2023-06-16T18:53:50.938+0000] {logging_mixin.py:149} INFO - [2023-06-16T18:53:50.937+0000] {dagbag.py:541} INFO - Filling up the DagBag from /home/airflow/.local/lib/python3.7/site-packages/airflow/example_dags/example_nested_branch_dag.py
[2023-06-16T18:53:51.019+0000] {processor.py:836} INFO - DAG(s) dict_keys(['example_nested_branch_dag']) retrieved from /home/airflow/.local/lib/python3.7/site-packages/airflow/example_dags/example_nested_branch_dag.py
[2023-06-16T18:53:51.142+0000] {logging_mixin.py:149} INFO - [2023-06-16T18:53:51.141+0000] {dag.py:2726} INFO - Sync 1 DAGs
[2023-06-16T18:53:51.280+0000] {logging_mixin.py:149} INFO - [2023-06-16T18:53:51.280+0000] {dag.py:3490} INFO - Setting next_dagrun for example_nested_branch_dag to 2023-06-15T00:00:00+00:00, run_after=2023-06-16T00:00:00+00:00
[2023-06-16T18:53:51.373+0000] {processor.py:179} INFO - Processing /home/airflow/.local/lib/python3.7/site-packages/airflow/example_dags/example_nested_branch_dag.py took 0.522 seconds
[2023-06-16T18:54:21.661+0000] {processor.py:157} INFO - Started process (PID=1139) to work on /home/airflow/.local/lib/python3.7/site-packages/airflow/example_dags/example_nested_branch_dag.py
[2023-06-16T18:54:21.665+0000] {processor.py:826} INFO - Processing file /home/airflow/.local/lib/python3.7/site-packages/airflow/example_dags/example_nested_branch_dag.py for tasks to queue
[2023-06-16T18:54:21.670+0000] {logging_mixin.py:149} INFO - [2023-06-16T18:54:21.669+0000] {dagbag.py:541} INFO - Filling up the DagBag from /home/airflow/.local/lib/python3.7/site-packages/airflow/example_dags/example_nested_branch_dag.py
[2023-06-16T18:54:21.697+0000] {processor.py:836} INFO - DAG(s) dict_keys(['example_nested_branch_dag']) retrieved from /home/airflow/.local/lib/python3.7/site-packages/airflow/example_dags/example_nested_branch_dag.py
[2023-06-16T18:54:21.779+0000] {logging_mixin.py:149} INFO - [2023-06-16T18:54:21.779+0000] {dag.py:2726} INFO - Sync 1 DAGs
[2023-06-16T18:54:21.856+0000] {logging_mixin.py:149} INFO - [2023-06-16T18:54:21.856+0000] {dag.py:3490} INFO - Setting next_dagrun for example_nested_branch_dag to 2023-06-15T00:00:00+00:00, run_after=2023-06-16T00:00:00+00:00
[2023-06-16T18:54:21.911+0000] {processor.py:179} INFO - Processing /home/airflow/.local/lib/python3.7/site-packages/airflow/example_dags/example_nested_branch_dag.py took 0.260 seconds
[2023-06-16T18:54:52.364+0000] {processor.py:157} INFO - Started process (PID=1198) to work on /home/airflow/.local/lib/python3.7/site-packages/airflow/example_dags/example_nested_branch_dag.py
[2023-06-16T18:54:52.370+0000] {processor.py:826} INFO - Processing file /home/airflow/.local/lib/python3.7/site-packages/airflow/example_dags/example_nested_branch_dag.py for tasks to queue
[2023-06-16T18:54:52.375+0000] {logging_mixin.py:149} INFO - [2023-06-16T18:54:52.374+0000] {dagbag.py:541} INFO - Filling up the DagBag from /home/airflow/.local/lib/python3.7/site-packages/airflow/example_dags/example_nested_branch_dag.py
[2023-06-16T18:54:52.403+0000] {processor.py:836} INFO - DAG(s) dict_keys(['example_nested_branch_dag']) retrieved from /home/airflow/.local/lib/python3.7/site-packages/airflow/example_dags/example_nested_branch_dag.py
[2023-06-16T18:54:52.474+0000] {logging_mixin.py:149} INFO - [2023-06-16T18:54:52.474+0000] {dag.py:2726} INFO - Sync 1 DAGs
[2023-06-16T18:54:52.573+0000] {logging_mixin.py:149} INFO - [2023-06-16T18:54:52.573+0000] {dag.py:3490} INFO - Setting next_dagrun for example_nested_branch_dag to 2023-06-15T00:00:00+00:00, run_after=2023-06-16T00:00:00+00:00
[2023-06-16T18:54:52.633+0000] {processor.py:179} INFO - Processing /home/airflow/.local/lib/python3.7/site-packages/airflow/example_dags/example_nested_branch_dag.py took 0.280 seconds
[2023-06-16T18:55:22.825+0000] {processor.py:157} INFO - Started process (PID=1255) to work on /home/airflow/.local/lib/python3.7/site-packages/airflow/example_dags/example_nested_branch_dag.py
[2023-06-16T18:55:22.829+0000] {processor.py:826} INFO - Processing file /home/airflow/.local/lib/python3.7/site-packages/airflow/example_dags/example_nested_branch_dag.py for tasks to queue
[2023-06-16T18:55:22.837+0000] {logging_mixin.py:149} INFO - [2023-06-16T18:55:22.836+0000] {dagbag.py:541} INFO - Filling up the DagBag from /home/airflow/.local/lib/python3.7/site-packages/airflow/example_dags/example_nested_branch_dag.py
[2023-06-16T18:55:22.873+0000] {processor.py:836} INFO - DAG(s) dict_keys(['example_nested_branch_dag']) retrieved from /home/airflow/.local/lib/python3.7/site-packages/airflow/example_dags/example_nested_branch_dag.py
[2023-06-16T18:55:22.949+0000] {logging_mixin.py:149} INFO - [2023-06-16T18:55:22.949+0000] {dag.py:2726} INFO - Sync 1 DAGs
[2023-06-16T18:55:23.044+0000] {logging_mixin.py:149} INFO - [2023-06-16T18:55:23.043+0000] {dag.py:3490} INFO - Setting next_dagrun for example_nested_branch_dag to 2023-06-15T00:00:00+00:00, run_after=2023-06-16T00:00:00+00:00
[2023-06-16T18:55:23.113+0000] {processor.py:179} INFO - Processing /home/airflow/.local/lib/python3.7/site-packages/airflow/example_dags/example_nested_branch_dag.py took 0.298 seconds
[2023-06-16T18:55:53.596+0000] {processor.py:157} INFO - Started process (PID=1312) to work on /home/airflow/.local/lib/python3.7/site-packages/airflow/example_dags/example_nested_branch_dag.py
[2023-06-16T18:55:53.601+0000] {processor.py:826} INFO - Processing file /home/airflow/.local/lib/python3.7/site-packages/airflow/example_dags/example_nested_branch_dag.py for tasks to queue
[2023-06-16T18:55:53.605+0000] {logging_mixin.py:149} INFO - [2023-06-16T18:55:53.605+0000] {dagbag.py:541} INFO - Filling up the DagBag from /home/airflow/.local/lib/python3.7/site-packages/airflow/example_dags/example_nested_branch_dag.py
[2023-06-16T18:55:53.635+0000] {processor.py:836} INFO - DAG(s) dict_keys(['example_nested_branch_dag']) retrieved from /home/airflow/.local/lib/python3.7/site-packages/airflow/example_dags/example_nested_branch_dag.py
[2023-06-16T18:55:53.712+0000] {logging_mixin.py:149} INFO - [2023-06-16T18:55:53.711+0000] {dag.py:2726} INFO - Sync 1 DAGs
[2023-06-16T18:55:53.802+0000] {logging_mixin.py:149} INFO - [2023-06-16T18:55:53.801+0000] {dag.py:3490} INFO - Setting next_dagrun for example_nested_branch_dag to 2023-06-15T00:00:00+00:00, run_after=2023-06-16T00:00:00+00:00
[2023-06-16T18:55:53.853+0000] {processor.py:179} INFO - Processing /home/airflow/.local/lib/python3.7/site-packages/airflow/example_dags/example_nested_branch_dag.py took 0.267 seconds
[2023-06-16T18:56:24.314+0000] {processor.py:157} INFO - Started process (PID=1369) to work on /home/airflow/.local/lib/python3.7/site-packages/airflow/example_dags/example_nested_branch_dag.py
[2023-06-16T18:56:24.320+0000] {processor.py:826} INFO - Processing file /home/airflow/.local/lib/python3.7/site-packages/airflow/example_dags/example_nested_branch_dag.py for tasks to queue
[2023-06-16T18:56:24.323+0000] {logging_mixin.py:149} INFO - [2023-06-16T18:56:24.323+0000] {dagbag.py:541} INFO - Filling up the DagBag from /home/airflow/.local/lib/python3.7/site-packages/airflow/example_dags/example_nested_branch_dag.py
[2023-06-16T18:56:24.351+0000] {processor.py:836} INFO - DAG(s) dict_keys(['example_nested_branch_dag']) retrieved from /home/airflow/.local/lib/python3.7/site-packages/airflow/example_dags/example_nested_branch_dag.py
[2023-06-16T18:56:24.457+0000] {logging_mixin.py:149} INFO - [2023-06-16T18:56:24.456+0000] {dag.py:2726} INFO - Sync 1 DAGs
[2023-06-16T18:56:24.560+0000] {logging_mixin.py:149} INFO - [2023-06-16T18:56:24.560+0000] {dag.py:3490} INFO - Setting next_dagrun for example_nested_branch_dag to 2023-06-15T00:00:00+00:00, run_after=2023-06-16T00:00:00+00:00
[2023-06-16T18:56:24.657+0000] {processor.py:179} INFO - Processing /home/airflow/.local/lib/python3.7/site-packages/airflow/example_dags/example_nested_branch_dag.py took 0.354 seconds
[2023-06-16T18:56:54.964+0000] {processor.py:157} INFO - Started process (PID=1426) to work on /home/airflow/.local/lib/python3.7/site-packages/airflow/example_dags/example_nested_branch_dag.py
[2023-06-16T18:56:54.969+0000] {processor.py:826} INFO - Processing file /home/airflow/.local/lib/python3.7/site-packages/airflow/example_dags/example_nested_branch_dag.py for tasks to queue
[2023-06-16T18:56:54.973+0000] {logging_mixin.py:149} INFO - [2023-06-16T18:56:54.972+0000] {dagbag.py:541} INFO - Filling up the DagBag from /home/airflow/.local/lib/python3.7/site-packages/airflow/example_dags/example_nested_branch_dag.py
[2023-06-16T18:56:54.997+0000] {processor.py:836} INFO - DAG(s) dict_keys(['example_nested_branch_dag']) retrieved from /home/airflow/.local/lib/python3.7/site-packages/airflow/example_dags/example_nested_branch_dag.py
[2023-06-16T18:56:55.058+0000] {logging_mixin.py:149} INFO - [2023-06-16T18:56:55.058+0000] {dag.py:2726} INFO - Sync 1 DAGs
[2023-06-16T18:56:55.112+0000] {logging_mixin.py:149} INFO - [2023-06-16T18:56:55.111+0000] {dag.py:3490} INFO - Setting next_dagrun for example_nested_branch_dag to 2023-06-15T00:00:00+00:00, run_after=2023-06-16T00:00:00+00:00
[2023-06-16T18:56:55.156+0000] {processor.py:179} INFO - Processing /home/airflow/.local/lib/python3.7/site-packages/airflow/example_dags/example_nested_branch_dag.py took 0.201 seconds
[2023-06-16T18:57:25.886+0000] {processor.py:157} INFO - Started process (PID=1482) to work on /home/airflow/.local/lib/python3.7/site-packages/airflow/example_dags/example_nested_branch_dag.py
[2023-06-16T18:57:25.894+0000] {processor.py:826} INFO - Processing file /home/airflow/.local/lib/python3.7/site-packages/airflow/example_dags/example_nested_branch_dag.py for tasks to queue
[2023-06-16T18:57:25.898+0000] {logging_mixin.py:149} INFO - [2023-06-16T18:57:25.897+0000] {dagbag.py:541} INFO - Filling up the DagBag from /home/airflow/.local/lib/python3.7/site-packages/airflow/example_dags/example_nested_branch_dag.py
[2023-06-16T18:57:25.938+0000] {processor.py:836} INFO - DAG(s) dict_keys(['example_nested_branch_dag']) retrieved from /home/airflow/.local/lib/python3.7/site-packages/airflow/example_dags/example_nested_branch_dag.py
[2023-06-16T18:57:26.022+0000] {logging_mixin.py:149} INFO - [2023-06-16T18:57:26.022+0000] {dag.py:2726} INFO - Sync 1 DAGs
[2023-06-16T18:57:26.090+0000] {logging_mixin.py:149} INFO - [2023-06-16T18:57:26.090+0000] {dag.py:3490} INFO - Setting next_dagrun for example_nested_branch_dag to 2023-06-15T00:00:00+00:00, run_after=2023-06-16T00:00:00+00:00
[2023-06-16T18:57:26.138+0000] {processor.py:179} INFO - Processing /home/airflow/.local/lib/python3.7/site-packages/airflow/example_dags/example_nested_branch_dag.py took 0.265 seconds
[2023-06-16T18:57:56.436+0000] {processor.py:157} INFO - Started process (PID=1539) to work on /home/airflow/.local/lib/python3.7/site-packages/airflow/example_dags/example_nested_branch_dag.py
[2023-06-16T18:57:56.447+0000] {processor.py:826} INFO - Processing file /home/airflow/.local/lib/python3.7/site-packages/airflow/example_dags/example_nested_branch_dag.py for tasks to queue
[2023-06-16T18:57:56.454+0000] {logging_mixin.py:149} INFO - [2023-06-16T18:57:56.454+0000] {dagbag.py:541} INFO - Filling up the DagBag from /home/airflow/.local/lib/python3.7/site-packages/airflow/example_dags/example_nested_branch_dag.py
[2023-06-16T18:57:56.489+0000] {processor.py:836} INFO - DAG(s) dict_keys(['example_nested_branch_dag']) retrieved from /home/airflow/.local/lib/python3.7/site-packages/airflow/example_dags/example_nested_branch_dag.py
[2023-06-16T18:57:56.569+0000] {logging_mixin.py:149} INFO - [2023-06-16T18:57:56.569+0000] {dag.py:2726} INFO - Sync 1 DAGs
[2023-06-16T18:57:56.642+0000] {logging_mixin.py:149} INFO - [2023-06-16T18:57:56.642+0000] {dag.py:3490} INFO - Setting next_dagrun for example_nested_branch_dag to 2023-06-15T00:00:00+00:00, run_after=2023-06-16T00:00:00+00:00
[2023-06-16T18:57:56.691+0000] {processor.py:179} INFO - Processing /home/airflow/.local/lib/python3.7/site-packages/airflow/example_dags/example_nested_branch_dag.py took 0.266 seconds
[2023-06-16T18:58:27.032+0000] {processor.py:157} INFO - Started process (PID=1596) to work on /home/airflow/.local/lib/python3.7/site-packages/airflow/example_dags/example_nested_branch_dag.py
[2023-06-16T18:58:27.037+0000] {processor.py:826} INFO - Processing file /home/airflow/.local/lib/python3.7/site-packages/airflow/example_dags/example_nested_branch_dag.py for tasks to queue
[2023-06-16T18:58:27.041+0000] {logging_mixin.py:149} INFO - [2023-06-16T18:58:27.040+0000] {dagbag.py:541} INFO - Filling up the DagBag from /home/airflow/.local/lib/python3.7/site-packages/airflow/example_dags/example_nested_branch_dag.py
[2023-06-16T18:58:27.062+0000] {processor.py:836} INFO - DAG(s) dict_keys(['example_nested_branch_dag']) retrieved from /home/airflow/.local/lib/python3.7/site-packages/airflow/example_dags/example_nested_branch_dag.py
[2023-06-16T18:58:27.123+0000] {logging_mixin.py:149} INFO - [2023-06-16T18:58:27.122+0000] {dag.py:2726} INFO - Sync 1 DAGs
[2023-06-16T18:58:27.218+0000] {logging_mixin.py:149} INFO - [2023-06-16T18:58:27.218+0000] {dag.py:3490} INFO - Setting next_dagrun for example_nested_branch_dag to 2023-06-15T00:00:00+00:00, run_after=2023-06-16T00:00:00+00:00
[2023-06-16T18:58:27.261+0000] {processor.py:179} INFO - Processing /home/airflow/.local/lib/python3.7/site-packages/airflow/example_dags/example_nested_branch_dag.py took 0.240 seconds
[2023-06-16T18:58:57.396+0000] {processor.py:157} INFO - Started process (PID=1652) to work on /home/airflow/.local/lib/python3.7/site-packages/airflow/example_dags/example_nested_branch_dag.py
[2023-06-16T18:58:57.400+0000] {processor.py:826} INFO - Processing file /home/airflow/.local/lib/python3.7/site-packages/airflow/example_dags/example_nested_branch_dag.py for tasks to queue
[2023-06-16T18:58:57.404+0000] {logging_mixin.py:149} INFO - [2023-06-16T18:58:57.404+0000] {dagbag.py:541} INFO - Filling up the DagBag from /home/airflow/.local/lib/python3.7/site-packages/airflow/example_dags/example_nested_branch_dag.py
[2023-06-16T18:58:57.426+0000] {processor.py:836} INFO - DAG(s) dict_keys(['example_nested_branch_dag']) retrieved from /home/airflow/.local/lib/python3.7/site-packages/airflow/example_dags/example_nested_branch_dag.py
[2023-06-16T18:58:57.490+0000] {logging_mixin.py:149} INFO - [2023-06-16T18:58:57.490+0000] {dag.py:2726} INFO - Sync 1 DAGs
[2023-06-16T18:58:57.557+0000] {logging_mixin.py:149} INFO - [2023-06-16T18:58:57.557+0000] {dag.py:3490} INFO - Setting next_dagrun for example_nested_branch_dag to 2023-06-15T00:00:00+00:00, run_after=2023-06-16T00:00:00+00:00
[2023-06-16T18:58:57.600+0000] {processor.py:179} INFO - Processing /home/airflow/.local/lib/python3.7/site-packages/airflow/example_dags/example_nested_branch_dag.py took 0.211 seconds
[2023-06-16T18:59:27.968+0000] {processor.py:157} INFO - Started process (PID=1709) to work on /home/airflow/.local/lib/python3.7/site-packages/airflow/example_dags/example_nested_branch_dag.py
[2023-06-16T18:59:27.971+0000] {processor.py:826} INFO - Processing file /home/airflow/.local/lib/python3.7/site-packages/airflow/example_dags/example_nested_branch_dag.py for tasks to queue
[2023-06-16T18:59:27.974+0000] {logging_mixin.py:149} INFO - [2023-06-16T18:59:27.974+0000] {dagbag.py:541} INFO - Filling up the DagBag from /home/airflow/.local/lib/python3.7/site-packages/airflow/example_dags/example_nested_branch_dag.py
[2023-06-16T18:59:27.997+0000] {processor.py:836} INFO - DAG(s) dict_keys(['example_nested_branch_dag']) retrieved from /home/airflow/.local/lib/python3.7/site-packages/airflow/example_dags/example_nested_branch_dag.py
[2023-06-16T18:59:28.050+0000] {logging_mixin.py:149} INFO - [2023-06-16T18:59:28.050+0000] {dag.py:2726} INFO - Sync 1 DAGs
[2023-06-16T18:59:28.109+0000] {logging_mixin.py:149} INFO - [2023-06-16T18:59:28.109+0000] {dag.py:3490} INFO - Setting next_dagrun for example_nested_branch_dag to 2023-06-15T00:00:00+00:00, run_after=2023-06-16T00:00:00+00:00
[2023-06-16T18:59:28.151+0000] {processor.py:179} INFO - Processing /home/airflow/.local/lib/python3.7/site-packages/airflow/example_dags/example_nested_branch_dag.py took 0.191 seconds
[2023-06-16T18:59:58.435+0000] {processor.py:157} INFO - Started process (PID=1766) to work on /home/airflow/.local/lib/python3.7/site-packages/airflow/example_dags/example_nested_branch_dag.py
[2023-06-16T18:59:58.439+0000] {processor.py:826} INFO - Processing file /home/airflow/.local/lib/python3.7/site-packages/airflow/example_dags/example_nested_branch_dag.py for tasks to queue
[2023-06-16T18:59:58.442+0000] {logging_mixin.py:149} INFO - [2023-06-16T18:59:58.441+0000] {dagbag.py:541} INFO - Filling up the DagBag from /home/airflow/.local/lib/python3.7/site-packages/airflow/example_dags/example_nested_branch_dag.py
[2023-06-16T18:59:58.468+0000] {processor.py:836} INFO - DAG(s) dict_keys(['example_nested_branch_dag']) retrieved from /home/airflow/.local/lib/python3.7/site-packages/airflow/example_dags/example_nested_branch_dag.py
[2023-06-16T18:59:58.526+0000] {logging_mixin.py:149} INFO - [2023-06-16T18:59:58.526+0000] {dag.py:2726} INFO - Sync 1 DAGs
[2023-06-16T18:59:58.586+0000] {logging_mixin.py:149} INFO - [2023-06-16T18:59:58.586+0000] {dag.py:3490} INFO - Setting next_dagrun for example_nested_branch_dag to 2023-06-15T00:00:00+00:00, run_after=2023-06-16T00:00:00+00:00
[2023-06-16T18:59:58.627+0000] {processor.py:179} INFO - Processing /home/airflow/.local/lib/python3.7/site-packages/airflow/example_dags/example_nested_branch_dag.py took 0.199 seconds
[2023-06-16T19:00:29.047+0000] {processor.py:157} INFO - Started process (PID=1823) to work on /home/airflow/.local/lib/python3.7/site-packages/airflow/example_dags/example_nested_branch_dag.py
[2023-06-16T19:00:29.051+0000] {processor.py:826} INFO - Processing file /home/airflow/.local/lib/python3.7/site-packages/airflow/example_dags/example_nested_branch_dag.py for tasks to queue
[2023-06-16T19:00:29.054+0000] {logging_mixin.py:149} INFO - [2023-06-16T19:00:29.054+0000] {dagbag.py:541} INFO - Filling up the DagBag from /home/airflow/.local/lib/python3.7/site-packages/airflow/example_dags/example_nested_branch_dag.py
[2023-06-16T19:00:29.079+0000] {processor.py:836} INFO - DAG(s) dict_keys(['example_nested_branch_dag']) retrieved from /home/airflow/.local/lib/python3.7/site-packages/airflow/example_dags/example_nested_branch_dag.py
[2023-06-16T19:00:29.142+0000] {logging_mixin.py:149} INFO - [2023-06-16T19:00:29.142+0000] {dag.py:2726} INFO - Sync 1 DAGs
[2023-06-16T19:00:29.213+0000] {logging_mixin.py:149} INFO - [2023-06-16T19:00:29.213+0000] {dag.py:3490} INFO - Setting next_dagrun for example_nested_branch_dag to 2023-06-15T00:00:00+00:00, run_after=2023-06-16T00:00:00+00:00
[2023-06-16T19:00:29.260+0000] {processor.py:179} INFO - Processing /home/airflow/.local/lib/python3.7/site-packages/airflow/example_dags/example_nested_branch_dag.py took 0.220 seconds
[2023-06-16T19:00:59.520+0000] {processor.py:157} INFO - Started process (PID=1880) to work on /home/airflow/.local/lib/python3.7/site-packages/airflow/example_dags/example_nested_branch_dag.py
[2023-06-16T19:00:59.523+0000] {processor.py:826} INFO - Processing file /home/airflow/.local/lib/python3.7/site-packages/airflow/example_dags/example_nested_branch_dag.py for tasks to queue
[2023-06-16T19:00:59.526+0000] {logging_mixin.py:149} INFO - [2023-06-16T19:00:59.526+0000] {dagbag.py:541} INFO - Filling up the DagBag from /home/airflow/.local/lib/python3.7/site-packages/airflow/example_dags/example_nested_branch_dag.py
[2023-06-16T19:00:59.553+0000] {processor.py:836} INFO - DAG(s) dict_keys(['example_nested_branch_dag']) retrieved from /home/airflow/.local/lib/python3.7/site-packages/airflow/example_dags/example_nested_branch_dag.py
[2023-06-16T19:00:59.609+0000] {logging_mixin.py:149} INFO - [2023-06-16T19:00:59.609+0000] {dag.py:2726} INFO - Sync 1 DAGs
[2023-06-16T19:00:59.674+0000] {logging_mixin.py:149} INFO - [2023-06-16T19:00:59.674+0000] {dag.py:3490} INFO - Setting next_dagrun for example_nested_branch_dag to 2023-06-15T00:00:00+00:00, run_after=2023-06-16T00:00:00+00:00
[2023-06-16T19:00:59.723+0000] {processor.py:179} INFO - Processing /home/airflow/.local/lib/python3.7/site-packages/airflow/example_dags/example_nested_branch_dag.py took 0.210 seconds
[2023-06-16T19:01:30.030+0000] {processor.py:157} INFO - Started process (PID=1937) to work on /home/airflow/.local/lib/python3.7/site-packages/airflow/example_dags/example_nested_branch_dag.py
[2023-06-16T19:01:30.034+0000] {processor.py:826} INFO - Processing file /home/airflow/.local/lib/python3.7/site-packages/airflow/example_dags/example_nested_branch_dag.py for tasks to queue
[2023-06-16T19:01:30.037+0000] {logging_mixin.py:149} INFO - [2023-06-16T19:01:30.037+0000] {dagbag.py:541} INFO - Filling up the DagBag from /home/airflow/.local/lib/python3.7/site-packages/airflow/example_dags/example_nested_branch_dag.py
[2023-06-16T19:01:30.061+0000] {processor.py:836} INFO - DAG(s) dict_keys(['example_nested_branch_dag']) retrieved from /home/airflow/.local/lib/python3.7/site-packages/airflow/example_dags/example_nested_branch_dag.py
[2023-06-16T19:01:30.121+0000] {logging_mixin.py:149} INFO - [2023-06-16T19:01:30.120+0000] {dag.py:2726} INFO - Sync 1 DAGs
[2023-06-16T19:01:30.178+0000] {logging_mixin.py:149} INFO - [2023-06-16T19:01:30.178+0000] {dag.py:3490} INFO - Setting next_dagrun for example_nested_branch_dag to 2023-06-15T00:00:00+00:00, run_after=2023-06-16T00:00:00+00:00
[2023-06-16T19:01:30.219+0000] {processor.py:179} INFO - Processing /home/airflow/.local/lib/python3.7/site-packages/airflow/example_dags/example_nested_branch_dag.py took 0.197 seconds
[2023-06-16T19:02:00.343+0000] {processor.py:157} INFO - Started process (PID=1994) to work on /home/airflow/.local/lib/python3.7/site-packages/airflow/example_dags/example_nested_branch_dag.py
[2023-06-16T19:02:00.348+0000] {processor.py:826} INFO - Processing file /home/airflow/.local/lib/python3.7/site-packages/airflow/example_dags/example_nested_branch_dag.py for tasks to queue
[2023-06-16T19:02:00.352+0000] {logging_mixin.py:149} INFO - [2023-06-16T19:02:00.351+0000] {dagbag.py:541} INFO - Filling up the DagBag from /home/airflow/.local/lib/python3.7/site-packages/airflow/example_dags/example_nested_branch_dag.py
[2023-06-16T19:02:00.376+0000] {processor.py:836} INFO - DAG(s) dict_keys(['example_nested_branch_dag']) retrieved from /home/airflow/.local/lib/python3.7/site-packages/airflow/example_dags/example_nested_branch_dag.py
[2023-06-16T19:02:00.434+0000] {logging_mixin.py:149} INFO - [2023-06-16T19:02:00.434+0000] {dag.py:2726} INFO - Sync 1 DAGs
[2023-06-16T19:02:00.569+0000] {logging_mixin.py:149} INFO - [2023-06-16T19:02:00.569+0000] {dag.py:3490} INFO - Setting next_dagrun for example_nested_branch_dag to 2023-06-15T00:00:00+00:00, run_after=2023-06-16T00:00:00+00:00
[2023-06-16T19:02:00.621+0000] {processor.py:179} INFO - Processing /home/airflow/.local/lib/python3.7/site-packages/airflow/example_dags/example_nested_branch_dag.py took 0.286 seconds
[2023-06-16T19:02:30.915+0000] {processor.py:157} INFO - Started process (PID=2051) to work on /home/airflow/.local/lib/python3.7/site-packages/airflow/example_dags/example_nested_branch_dag.py
[2023-06-16T19:02:30.919+0000] {processor.py:826} INFO - Processing file /home/airflow/.local/lib/python3.7/site-packages/airflow/example_dags/example_nested_branch_dag.py for tasks to queue
[2023-06-16T19:02:30.922+0000] {logging_mixin.py:149} INFO - [2023-06-16T19:02:30.922+0000] {dagbag.py:541} INFO - Filling up the DagBag from /home/airflow/.local/lib/python3.7/site-packages/airflow/example_dags/example_nested_branch_dag.py
[2023-06-16T19:02:30.946+0000] {processor.py:836} INFO - DAG(s) dict_keys(['example_nested_branch_dag']) retrieved from /home/airflow/.local/lib/python3.7/site-packages/airflow/example_dags/example_nested_branch_dag.py
[2023-06-16T19:02:31.005+0000] {logging_mixin.py:149} INFO - [2023-06-16T19:02:31.004+0000] {dag.py:2726} INFO - Sync 1 DAGs
[2023-06-16T19:02:31.061+0000] {logging_mixin.py:149} INFO - [2023-06-16T19:02:31.061+0000] {dag.py:3490} INFO - Setting next_dagrun for example_nested_branch_dag to 2023-06-15T00:00:00+00:00, run_after=2023-06-16T00:00:00+00:00
[2023-06-16T19:02:31.101+0000] {processor.py:179} INFO - Processing /home/airflow/.local/lib/python3.7/site-packages/airflow/example_dags/example_nested_branch_dag.py took 0.195 seconds
[2023-06-16T19:03:01.250+0000] {processor.py:157} INFO - Started process (PID=2108) to work on /home/airflow/.local/lib/python3.7/site-packages/airflow/example_dags/example_nested_branch_dag.py
[2023-06-16T19:03:01.254+0000] {processor.py:826} INFO - Processing file /home/airflow/.local/lib/python3.7/site-packages/airflow/example_dags/example_nested_branch_dag.py for tasks to queue
[2023-06-16T19:03:01.257+0000] {logging_mixin.py:149} INFO - [2023-06-16T19:03:01.257+0000] {dagbag.py:541} INFO - Filling up the DagBag from /home/airflow/.local/lib/python3.7/site-packages/airflow/example_dags/example_nested_branch_dag.py
[2023-06-16T19:03:01.278+0000] {processor.py:836} INFO - DAG(s) dict_keys(['example_nested_branch_dag']) retrieved from /home/airflow/.local/lib/python3.7/site-packages/airflow/example_dags/example_nested_branch_dag.py
[2023-06-16T19:03:01.332+0000] {logging_mixin.py:149} INFO - [2023-06-16T19:03:01.332+0000] {dag.py:2726} INFO - Sync 1 DAGs
[2023-06-16T19:03:01.388+0000] {logging_mixin.py:149} INFO - [2023-06-16T19:03:01.387+0000] {dag.py:3490} INFO - Setting next_dagrun for example_nested_branch_dag to 2023-06-15T00:00:00+00:00, run_after=2023-06-16T00:00:00+00:00
[2023-06-16T19:03:01.427+0000] {processor.py:179} INFO - Processing /home/airflow/.local/lib/python3.7/site-packages/airflow/example_dags/example_nested_branch_dag.py took 0.186 seconds
[2023-06-16T19:03:31.906+0000] {processor.py:157} INFO - Started process (PID=2166) to work on /home/airflow/.local/lib/python3.7/site-packages/airflow/example_dags/example_nested_branch_dag.py
[2023-06-16T19:03:31.910+0000] {processor.py:826} INFO - Processing file /home/airflow/.local/lib/python3.7/site-packages/airflow/example_dags/example_nested_branch_dag.py for tasks to queue
[2023-06-16T19:03:31.913+0000] {logging_mixin.py:149} INFO - [2023-06-16T19:03:31.912+0000] {dagbag.py:541} INFO - Filling up the DagBag from /home/airflow/.local/lib/python3.7/site-packages/airflow/example_dags/example_nested_branch_dag.py
[2023-06-16T19:03:31.936+0000] {processor.py:836} INFO - DAG(s) dict_keys(['example_nested_branch_dag']) retrieved from /home/airflow/.local/lib/python3.7/site-packages/airflow/example_dags/example_nested_branch_dag.py
[2023-06-16T19:03:31.994+0000] {logging_mixin.py:149} INFO - [2023-06-16T19:03:31.994+0000] {dag.py:2726} INFO - Sync 1 DAGs
[2023-06-16T19:03:32.052+0000] {logging_mixin.py:149} INFO - [2023-06-16T19:03:32.052+0000] {dag.py:3490} INFO - Setting next_dagrun for example_nested_branch_dag to 2023-06-15T00:00:00+00:00, run_after=2023-06-16T00:00:00+00:00
[2023-06-16T19:03:32.091+0000] {processor.py:179} INFO - Processing /home/airflow/.local/lib/python3.7/site-packages/airflow/example_dags/example_nested_branch_dag.py took 0.193 seconds
[2023-06-16T19:04:03.310+0000] {processor.py:157} INFO - Started process (PID=2222) to work on /home/airflow/.local/lib/python3.7/site-packages/airflow/example_dags/example_nested_branch_dag.py
[2023-06-16T19:04:03.314+0000] {processor.py:826} INFO - Processing file /home/airflow/.local/lib/python3.7/site-packages/airflow/example_dags/example_nested_branch_dag.py for tasks to queue
[2023-06-16T19:04:03.319+0000] {logging_mixin.py:149} INFO - [2023-06-16T19:04:03.318+0000] {dagbag.py:541} INFO - Filling up the DagBag from /home/airflow/.local/lib/python3.7/site-packages/airflow/example_dags/example_nested_branch_dag.py
[2023-06-16T19:04:03.381+0000] {processor.py:836} INFO - DAG(s) dict_keys(['example_nested_branch_dag']) retrieved from /home/airflow/.local/lib/python3.7/site-packages/airflow/example_dags/example_nested_branch_dag.py
[2023-06-16T19:04:03.458+0000] {logging_mixin.py:149} INFO - [2023-06-16T19:04:03.457+0000] {dag.py:2726} INFO - Sync 1 DAGs
[2023-06-16T19:04:03.574+0000] {logging_mixin.py:149} INFO - [2023-06-16T19:04:03.573+0000] {dag.py:3490} INFO - Setting next_dagrun for example_nested_branch_dag to 2023-06-15T00:00:00+00:00, run_after=2023-06-16T00:00:00+00:00
[2023-06-16T19:04:03.647+0000] {processor.py:179} INFO - Processing /home/airflow/.local/lib/python3.7/site-packages/airflow/example_dags/example_nested_branch_dag.py took 0.348 seconds
[2023-06-16T19:04:34.378+0000] {processor.py:157} INFO - Started process (PID=2279) to work on /home/airflow/.local/lib/python3.7/site-packages/airflow/example_dags/example_nested_branch_dag.py
[2023-06-16T19:04:34.382+0000] {processor.py:826} INFO - Processing file /home/airflow/.local/lib/python3.7/site-packages/airflow/example_dags/example_nested_branch_dag.py for tasks to queue
[2023-06-16T19:04:34.385+0000] {logging_mixin.py:149} INFO - [2023-06-16T19:04:34.385+0000] {dagbag.py:541} INFO - Filling up the DagBag from /home/airflow/.local/lib/python3.7/site-packages/airflow/example_dags/example_nested_branch_dag.py
[2023-06-16T19:04:34.407+0000] {processor.py:836} INFO - DAG(s) dict_keys(['example_nested_branch_dag']) retrieved from /home/airflow/.local/lib/python3.7/site-packages/airflow/example_dags/example_nested_branch_dag.py
[2023-06-16T19:04:34.472+0000] {logging_mixin.py:149} INFO - [2023-06-16T19:04:34.472+0000] {dag.py:2726} INFO - Sync 1 DAGs
[2023-06-16T19:04:34.551+0000] {logging_mixin.py:149} INFO - [2023-06-16T19:04:34.550+0000] {dag.py:3490} INFO - Setting next_dagrun for example_nested_branch_dag to 2023-06-15T00:00:00+00:00, run_after=2023-06-16T00:00:00+00:00
[2023-06-16T19:04:34.614+0000] {processor.py:179} INFO - Processing /home/airflow/.local/lib/python3.7/site-packages/airflow/example_dags/example_nested_branch_dag.py took 0.246 seconds
[2023-06-16T19:05:05.171+0000] {processor.py:157} INFO - Started process (PID=2331) to work on /home/airflow/.local/lib/python3.7/site-packages/airflow/example_dags/example_nested_branch_dag.py
[2023-06-16T19:05:05.175+0000] {processor.py:826} INFO - Processing file /home/airflow/.local/lib/python3.7/site-packages/airflow/example_dags/example_nested_branch_dag.py for tasks to queue
[2023-06-16T19:05:05.177+0000] {logging_mixin.py:149} INFO - [2023-06-16T19:05:05.177+0000] {dagbag.py:541} INFO - Filling up the DagBag from /home/airflow/.local/lib/python3.7/site-packages/airflow/example_dags/example_nested_branch_dag.py
[2023-06-16T19:05:05.200+0000] {processor.py:836} INFO - DAG(s) dict_keys(['example_nested_branch_dag']) retrieved from /home/airflow/.local/lib/python3.7/site-packages/airflow/example_dags/example_nested_branch_dag.py
[2023-06-16T19:05:05.263+0000] {logging_mixin.py:149} INFO - [2023-06-16T19:05:05.262+0000] {dag.py:2726} INFO - Sync 1 DAGs
[2023-06-16T19:05:05.320+0000] {logging_mixin.py:149} INFO - [2023-06-16T19:05:05.320+0000] {dag.py:3490} INFO - Setting next_dagrun for example_nested_branch_dag to 2023-06-15T00:00:00+00:00, run_after=2023-06-16T00:00:00+00:00
[2023-06-16T19:05:05.361+0000] {processor.py:179} INFO - Processing /home/airflow/.local/lib/python3.7/site-packages/airflow/example_dags/example_nested_branch_dag.py took 0.198 seconds
[2023-06-16T19:05:35.520+0000] {processor.py:157} INFO - Started process (PID=2388) to work on /home/airflow/.local/lib/python3.7/site-packages/airflow/example_dags/example_nested_branch_dag.py
[2023-06-16T19:05:35.524+0000] {processor.py:826} INFO - Processing file /home/airflow/.local/lib/python3.7/site-packages/airflow/example_dags/example_nested_branch_dag.py for tasks to queue
[2023-06-16T19:05:35.528+0000] {logging_mixin.py:149} INFO - [2023-06-16T19:05:35.527+0000] {dagbag.py:541} INFO - Filling up the DagBag from /home/airflow/.local/lib/python3.7/site-packages/airflow/example_dags/example_nested_branch_dag.py
[2023-06-16T19:05:35.552+0000] {processor.py:836} INFO - DAG(s) dict_keys(['example_nested_branch_dag']) retrieved from /home/airflow/.local/lib/python3.7/site-packages/airflow/example_dags/example_nested_branch_dag.py
[2023-06-16T19:05:35.604+0000] {logging_mixin.py:149} INFO - [2023-06-16T19:05:35.604+0000] {dag.py:2726} INFO - Sync 1 DAGs
[2023-06-16T19:05:35.654+0000] {logging_mixin.py:149} INFO - [2023-06-16T19:05:35.654+0000] {dag.py:3490} INFO - Setting next_dagrun for example_nested_branch_dag to 2023-06-15T00:00:00+00:00, run_after=2023-06-16T00:00:00+00:00
[2023-06-16T19:05:35.697+0000] {processor.py:179} INFO - Processing /home/airflow/.local/lib/python3.7/site-packages/airflow/example_dags/example_nested_branch_dag.py took 0.182 seconds
[2023-06-16T19:06:05.907+0000] {processor.py:157} INFO - Started process (PID=2445) to work on /home/airflow/.local/lib/python3.7/site-packages/airflow/example_dags/example_nested_branch_dag.py
[2023-06-16T19:06:05.910+0000] {processor.py:826} INFO - Processing file /home/airflow/.local/lib/python3.7/site-packages/airflow/example_dags/example_nested_branch_dag.py for tasks to queue
[2023-06-16T19:06:05.914+0000] {logging_mixin.py:149} INFO - [2023-06-16T19:06:05.913+0000] {dagbag.py:541} INFO - Filling up the DagBag from /home/airflow/.local/lib/python3.7/site-packages/airflow/example_dags/example_nested_branch_dag.py
[2023-06-16T19:06:05.936+0000] {processor.py:836} INFO - DAG(s) dict_keys(['example_nested_branch_dag']) retrieved from /home/airflow/.local/lib/python3.7/site-packages/airflow/example_dags/example_nested_branch_dag.py
[2023-06-16T19:06:05.995+0000] {logging_mixin.py:149} INFO - [2023-06-16T19:06:05.994+0000] {dag.py:2726} INFO - Sync 1 DAGs
[2023-06-16T19:06:06.053+0000] {logging_mixin.py:149} INFO - [2023-06-16T19:06:06.053+0000] {dag.py:3490} INFO - Setting next_dagrun for example_nested_branch_dag to 2023-06-15T00:00:00+00:00, run_after=2023-06-16T00:00:00+00:00
[2023-06-16T19:06:06.093+0000] {processor.py:179} INFO - Processing /home/airflow/.local/lib/python3.7/site-packages/airflow/example_dags/example_nested_branch_dag.py took 0.195 seconds
[2023-06-16T19:06:36.934+0000] {processor.py:157} INFO - Started process (PID=2503) to work on /home/airflow/.local/lib/python3.7/site-packages/airflow/example_dags/example_nested_branch_dag.py
[2023-06-16T19:06:36.938+0000] {processor.py:826} INFO - Processing file /home/airflow/.local/lib/python3.7/site-packages/airflow/example_dags/example_nested_branch_dag.py for tasks to queue
[2023-06-16T19:06:36.943+0000] {logging_mixin.py:149} INFO - [2023-06-16T19:06:36.943+0000] {dagbag.py:541} INFO - Filling up the DagBag from /home/airflow/.local/lib/python3.7/site-packages/airflow/example_dags/example_nested_branch_dag.py
[2023-06-16T19:06:36.967+0000] {processor.py:836} INFO - DAG(s) dict_keys(['example_nested_branch_dag']) retrieved from /home/airflow/.local/lib/python3.7/site-packages/airflow/example_dags/example_nested_branch_dag.py
[2023-06-16T19:06:37.030+0000] {logging_mixin.py:149} INFO - [2023-06-16T19:06:37.030+0000] {dag.py:2726} INFO - Sync 1 DAGs
[2023-06-16T19:06:37.096+0000] {logging_mixin.py:149} INFO - [2023-06-16T19:06:37.096+0000] {dag.py:3490} INFO - Setting next_dagrun for example_nested_branch_dag to 2023-06-15T00:00:00+00:00, run_after=2023-06-16T00:00:00+00:00
[2023-06-16T19:06:37.147+0000] {processor.py:179} INFO - Processing /home/airflow/.local/lib/python3.7/site-packages/airflow/example_dags/example_nested_branch_dag.py took 0.224 seconds
[2023-06-16T19:07:07.309+0000] {processor.py:157} INFO - Started process (PID=2559) to work on /home/airflow/.local/lib/python3.7/site-packages/airflow/example_dags/example_nested_branch_dag.py
[2023-06-16T19:07:07.313+0000] {processor.py:826} INFO - Processing file /home/airflow/.local/lib/python3.7/site-packages/airflow/example_dags/example_nested_branch_dag.py for tasks to queue
[2023-06-16T19:07:07.317+0000] {logging_mixin.py:149} INFO - [2023-06-16T19:07:07.317+0000] {dagbag.py:541} INFO - Filling up the DagBag from /home/airflow/.local/lib/python3.7/site-packages/airflow/example_dags/example_nested_branch_dag.py
[2023-06-16T19:07:07.340+0000] {processor.py:836} INFO - DAG(s) dict_keys(['example_nested_branch_dag']) retrieved from /home/airflow/.local/lib/python3.7/site-packages/airflow/example_dags/example_nested_branch_dag.py
[2023-06-16T19:07:07.395+0000] {logging_mixin.py:149} INFO - [2023-06-16T19:07:07.395+0000] {dag.py:2726} INFO - Sync 1 DAGs
[2023-06-16T19:07:07.442+0000] {logging_mixin.py:149} INFO - [2023-06-16T19:07:07.442+0000] {dag.py:3490} INFO - Setting next_dagrun for example_nested_branch_dag to 2023-06-15T00:00:00+00:00, run_after=2023-06-16T00:00:00+00:00
[2023-06-16T19:07:07.484+0000] {processor.py:179} INFO - Processing /home/airflow/.local/lib/python3.7/site-packages/airflow/example_dags/example_nested_branch_dag.py took 0.183 seconds
[2023-06-16T19:07:37.815+0000] {processor.py:157} INFO - Started process (PID=2616) to work on /home/airflow/.local/lib/python3.7/site-packages/airflow/example_dags/example_nested_branch_dag.py
[2023-06-16T19:07:37.821+0000] {processor.py:826} INFO - Processing file /home/airflow/.local/lib/python3.7/site-packages/airflow/example_dags/example_nested_branch_dag.py for tasks to queue
[2023-06-16T19:07:37.831+0000] {logging_mixin.py:149} INFO - [2023-06-16T19:07:37.831+0000] {dagbag.py:541} INFO - Filling up the DagBag from /home/airflow/.local/lib/python3.7/site-packages/airflow/example_dags/example_nested_branch_dag.py
[2023-06-16T19:07:37.874+0000] {processor.py:836} INFO - DAG(s) dict_keys(['example_nested_branch_dag']) retrieved from /home/airflow/.local/lib/python3.7/site-packages/airflow/example_dags/example_nested_branch_dag.py
[2023-06-16T19:07:37.955+0000] {logging_mixin.py:149} INFO - [2023-06-16T19:07:37.955+0000] {dag.py:2726} INFO - Sync 1 DAGs
[2023-06-16T19:07:38.045+0000] {logging_mixin.py:149} INFO - [2023-06-16T19:07:38.044+0000] {dag.py:3490} INFO - Setting next_dagrun for example_nested_branch_dag to 2023-06-15T00:00:00+00:00, run_after=2023-06-16T00:00:00+00:00
[2023-06-16T19:07:38.106+0000] {processor.py:179} INFO - Processing /home/airflow/.local/lib/python3.7/site-packages/airflow/example_dags/example_nested_branch_dag.py took 0.304 seconds
[2023-06-16T19:08:08.592+0000] {processor.py:157} INFO - Started process (PID=2672) to work on /home/airflow/.local/lib/python3.7/site-packages/airflow/example_dags/example_nested_branch_dag.py
[2023-06-16T19:08:08.597+0000] {processor.py:826} INFO - Processing file /home/airflow/.local/lib/python3.7/site-packages/airflow/example_dags/example_nested_branch_dag.py for tasks to queue
[2023-06-16T19:08:08.600+0000] {logging_mixin.py:149} INFO - [2023-06-16T19:08:08.600+0000] {dagbag.py:541} INFO - Filling up the DagBag from /home/airflow/.local/lib/python3.7/site-packages/airflow/example_dags/example_nested_branch_dag.py
[2023-06-16T19:08:08.639+0000] {processor.py:836} INFO - DAG(s) dict_keys(['example_nested_branch_dag']) retrieved from /home/airflow/.local/lib/python3.7/site-packages/airflow/example_dags/example_nested_branch_dag.py
[2023-06-16T19:08:08.709+0000] {logging_mixin.py:149} INFO - [2023-06-16T19:08:08.708+0000] {dag.py:2726} INFO - Sync 1 DAGs
[2023-06-16T19:08:08.768+0000] {logging_mixin.py:149} INFO - [2023-06-16T19:08:08.768+0000] {dag.py:3490} INFO - Setting next_dagrun for example_nested_branch_dag to 2023-06-15T00:00:00+00:00, run_after=2023-06-16T00:00:00+00:00
[2023-06-16T19:08:08.815+0000] {processor.py:179} INFO - Processing /home/airflow/.local/lib/python3.7/site-packages/airflow/example_dags/example_nested_branch_dag.py took 0.234 seconds
[2023-06-16T19:08:38.887+0000] {processor.py:157} INFO - Started process (PID=2729) to work on /home/airflow/.local/lib/python3.7/site-packages/airflow/example_dags/example_nested_branch_dag.py
[2023-06-16T19:08:38.891+0000] {processor.py:826} INFO - Processing file /home/airflow/.local/lib/python3.7/site-packages/airflow/example_dags/example_nested_branch_dag.py for tasks to queue
[2023-06-16T19:08:38.895+0000] {logging_mixin.py:149} INFO - [2023-06-16T19:08:38.894+0000] {dagbag.py:541} INFO - Filling up the DagBag from /home/airflow/.local/lib/python3.7/site-packages/airflow/example_dags/example_nested_branch_dag.py
[2023-06-16T19:08:38.922+0000] {processor.py:836} INFO - DAG(s) dict_keys(['example_nested_branch_dag']) retrieved from /home/airflow/.local/lib/python3.7/site-packages/airflow/example_dags/example_nested_branch_dag.py
[2023-06-16T19:08:39.000+0000] {logging_mixin.py:149} INFO - [2023-06-16T19:08:39.000+0000] {dag.py:2726} INFO - Sync 1 DAGs
[2023-06-16T19:08:39.067+0000] {logging_mixin.py:149} INFO - [2023-06-16T19:08:39.067+0000] {dag.py:3490} INFO - Setting next_dagrun for example_nested_branch_dag to 2023-06-15T00:00:00+00:00, run_after=2023-06-16T00:00:00+00:00
[2023-06-16T19:08:39.138+0000] {processor.py:179} INFO - Processing /home/airflow/.local/lib/python3.7/site-packages/airflow/example_dags/example_nested_branch_dag.py took 0.261 seconds
[2023-06-16T19:09:09.986+0000] {processor.py:157} INFO - Started process (PID=2787) to work on /home/airflow/.local/lib/python3.7/site-packages/airflow/example_dags/example_nested_branch_dag.py
[2023-06-16T19:09:09.991+0000] {processor.py:826} INFO - Processing file /home/airflow/.local/lib/python3.7/site-packages/airflow/example_dags/example_nested_branch_dag.py for tasks to queue
[2023-06-16T19:09:09.994+0000] {logging_mixin.py:149} INFO - [2023-06-16T19:09:09.994+0000] {dagbag.py:541} INFO - Filling up the DagBag from /home/airflow/.local/lib/python3.7/site-packages/airflow/example_dags/example_nested_branch_dag.py
[2023-06-16T19:09:10.017+0000] {processor.py:836} INFO - DAG(s) dict_keys(['example_nested_branch_dag']) retrieved from /home/airflow/.local/lib/python3.7/site-packages/airflow/example_dags/example_nested_branch_dag.py
[2023-06-16T19:09:10.082+0000] {logging_mixin.py:149} INFO - [2023-06-16T19:09:10.082+0000] {dag.py:2726} INFO - Sync 1 DAGs
[2023-06-16T19:09:10.144+0000] {logging_mixin.py:149} INFO - [2023-06-16T19:09:10.144+0000] {dag.py:3490} INFO - Setting next_dagrun for example_nested_branch_dag to 2023-06-15T00:00:00+00:00, run_after=2023-06-16T00:00:00+00:00
[2023-06-16T19:09:10.187+0000] {processor.py:179} INFO - Processing /home/airflow/.local/lib/python3.7/site-packages/airflow/example_dags/example_nested_branch_dag.py took 0.209 seconds
[2023-06-16T19:09:40.927+0000] {processor.py:157} INFO - Started process (PID=2844) to work on /home/airflow/.local/lib/python3.7/site-packages/airflow/example_dags/example_nested_branch_dag.py
[2023-06-16T19:09:40.932+0000] {processor.py:826} INFO - Processing file /home/airflow/.local/lib/python3.7/site-packages/airflow/example_dags/example_nested_branch_dag.py for tasks to queue
[2023-06-16T19:09:40.936+0000] {logging_mixin.py:149} INFO - [2023-06-16T19:09:40.935+0000] {dagbag.py:541} INFO - Filling up the DagBag from /home/airflow/.local/lib/python3.7/site-packages/airflow/example_dags/example_nested_branch_dag.py
[2023-06-16T19:09:40.959+0000] {processor.py:836} INFO - DAG(s) dict_keys(['example_nested_branch_dag']) retrieved from /home/airflow/.local/lib/python3.7/site-packages/airflow/example_dags/example_nested_branch_dag.py
[2023-06-16T19:09:41.030+0000] {logging_mixin.py:149} INFO - [2023-06-16T19:09:41.029+0000] {dag.py:2726} INFO - Sync 1 DAGs
[2023-06-16T19:09:41.082+0000] {logging_mixin.py:149} INFO - [2023-06-16T19:09:41.082+0000] {dag.py:3490} INFO - Setting next_dagrun for example_nested_branch_dag to 2023-06-15T00:00:00+00:00, run_after=2023-06-16T00:00:00+00:00
[2023-06-16T19:09:41.119+0000] {processor.py:179} INFO - Processing /home/airflow/.local/lib/python3.7/site-packages/airflow/example_dags/example_nested_branch_dag.py took 0.201 seconds
[2023-06-16T19:10:11.348+0000] {processor.py:157} INFO - Started process (PID=2900) to work on /home/airflow/.local/lib/python3.7/site-packages/airflow/example_dags/example_nested_branch_dag.py
[2023-06-16T19:10:11.352+0000] {processor.py:826} INFO - Processing file /home/airflow/.local/lib/python3.7/site-packages/airflow/example_dags/example_nested_branch_dag.py for tasks to queue
[2023-06-16T19:10:11.356+0000] {logging_mixin.py:149} INFO - [2023-06-16T19:10:11.355+0000] {dagbag.py:541} INFO - Filling up the DagBag from /home/airflow/.local/lib/python3.7/site-packages/airflow/example_dags/example_nested_branch_dag.py
[2023-06-16T19:10:11.379+0000] {processor.py:836} INFO - DAG(s) dict_keys(['example_nested_branch_dag']) retrieved from /home/airflow/.local/lib/python3.7/site-packages/airflow/example_dags/example_nested_branch_dag.py
[2023-06-16T19:10:11.437+0000] {logging_mixin.py:149} INFO - [2023-06-16T19:10:11.436+0000] {dag.py:2726} INFO - Sync 1 DAGs
[2023-06-16T19:10:11.484+0000] {logging_mixin.py:149} INFO - [2023-06-16T19:10:11.483+0000] {dag.py:3490} INFO - Setting next_dagrun for example_nested_branch_dag to 2023-06-15T00:00:00+00:00, run_after=2023-06-16T00:00:00+00:00
[2023-06-16T19:10:11.528+0000] {processor.py:179} INFO - Processing /home/airflow/.local/lib/python3.7/site-packages/airflow/example_dags/example_nested_branch_dag.py took 0.190 seconds
[2023-06-16T19:10:41.906+0000] {processor.py:157} INFO - Started process (PID=2957) to work on /home/airflow/.local/lib/python3.7/site-packages/airflow/example_dags/example_nested_branch_dag.py
[2023-06-16T19:10:41.910+0000] {processor.py:826} INFO - Processing file /home/airflow/.local/lib/python3.7/site-packages/airflow/example_dags/example_nested_branch_dag.py for tasks to queue
[2023-06-16T19:10:41.916+0000] {logging_mixin.py:149} INFO - [2023-06-16T19:10:41.914+0000] {dagbag.py:541} INFO - Filling up the DagBag from /home/airflow/.local/lib/python3.7/site-packages/airflow/example_dags/example_nested_branch_dag.py
[2023-06-16T19:10:41.954+0000] {processor.py:836} INFO - DAG(s) dict_keys(['example_nested_branch_dag']) retrieved from /home/airflow/.local/lib/python3.7/site-packages/airflow/example_dags/example_nested_branch_dag.py
[2023-06-16T19:10:42.018+0000] {logging_mixin.py:149} INFO - [2023-06-16T19:10:42.017+0000] {dag.py:2726} INFO - Sync 1 DAGs
[2023-06-16T19:10:42.086+0000] {logging_mixin.py:149} INFO - [2023-06-16T19:10:42.086+0000] {dag.py:3490} INFO - Setting next_dagrun for example_nested_branch_dag to 2023-06-15T00:00:00+00:00, run_after=2023-06-16T00:00:00+00:00
[2023-06-16T19:10:42.142+0000] {processor.py:179} INFO - Processing /home/airflow/.local/lib/python3.7/site-packages/airflow/example_dags/example_nested_branch_dag.py took 0.247 seconds
[2023-06-16T19:11:12.353+0000] {processor.py:157} INFO - Started process (PID=3014) to work on /home/airflow/.local/lib/python3.7/site-packages/airflow/example_dags/example_nested_branch_dag.py
[2023-06-16T19:11:12.356+0000] {processor.py:826} INFO - Processing file /home/airflow/.local/lib/python3.7/site-packages/airflow/example_dags/example_nested_branch_dag.py for tasks to queue
[2023-06-16T19:11:12.359+0000] {logging_mixin.py:149} INFO - [2023-06-16T19:11:12.359+0000] {dagbag.py:541} INFO - Filling up the DagBag from /home/airflow/.local/lib/python3.7/site-packages/airflow/example_dags/example_nested_branch_dag.py
[2023-06-16T19:11:12.385+0000] {processor.py:836} INFO - DAG(s) dict_keys(['example_nested_branch_dag']) retrieved from /home/airflow/.local/lib/python3.7/site-packages/airflow/example_dags/example_nested_branch_dag.py
[2023-06-16T19:11:12.445+0000] {logging_mixin.py:149} INFO - [2023-06-16T19:11:12.444+0000] {dag.py:2726} INFO - Sync 1 DAGs
[2023-06-16T19:11:12.504+0000] {logging_mixin.py:149} INFO - [2023-06-16T19:11:12.504+0000] {dag.py:3490} INFO - Setting next_dagrun for example_nested_branch_dag to 2023-06-15T00:00:00+00:00, run_after=2023-06-16T00:00:00+00:00
[2023-06-16T19:11:12.548+0000] {processor.py:179} INFO - Processing /home/airflow/.local/lib/python3.7/site-packages/airflow/example_dags/example_nested_branch_dag.py took 0.202 seconds
[2023-06-16T19:11:42.919+0000] {processor.py:157} INFO - Started process (PID=3071) to work on /home/airflow/.local/lib/python3.7/site-packages/airflow/example_dags/example_nested_branch_dag.py
[2023-06-16T19:11:42.924+0000] {processor.py:826} INFO - Processing file /home/airflow/.local/lib/python3.7/site-packages/airflow/example_dags/example_nested_branch_dag.py for tasks to queue
[2023-06-16T19:11:42.929+0000] {logging_mixin.py:149} INFO - [2023-06-16T19:11:42.929+0000] {dagbag.py:541} INFO - Filling up the DagBag from /home/airflow/.local/lib/python3.7/site-packages/airflow/example_dags/example_nested_branch_dag.py
[2023-06-16T19:11:42.960+0000] {processor.py:836} INFO - DAG(s) dict_keys(['example_nested_branch_dag']) retrieved from /home/airflow/.local/lib/python3.7/site-packages/airflow/example_dags/example_nested_branch_dag.py
[2023-06-16T19:11:43.025+0000] {logging_mixin.py:149} INFO - [2023-06-16T19:11:43.025+0000] {dag.py:2726} INFO - Sync 1 DAGs
[2023-06-16T19:11:43.095+0000] {logging_mixin.py:149} INFO - [2023-06-16T19:11:43.095+0000] {dag.py:3490} INFO - Setting next_dagrun for example_nested_branch_dag to 2023-06-15T00:00:00+00:00, run_after=2023-06-16T00:00:00+00:00
[2023-06-16T19:11:43.143+0000] {processor.py:179} INFO - Processing /home/airflow/.local/lib/python3.7/site-packages/airflow/example_dags/example_nested_branch_dag.py took 0.235 seconds
[2023-06-16T19:12:13.412+0000] {processor.py:157} INFO - Started process (PID=3129) to work on /home/airflow/.local/lib/python3.7/site-packages/airflow/example_dags/example_nested_branch_dag.py
[2023-06-16T19:12:13.417+0000] {processor.py:826} INFO - Processing file /home/airflow/.local/lib/python3.7/site-packages/airflow/example_dags/example_nested_branch_dag.py for tasks to queue
[2023-06-16T19:12:13.421+0000] {logging_mixin.py:149} INFO - [2023-06-16T19:12:13.421+0000] {dagbag.py:541} INFO - Filling up the DagBag from /home/airflow/.local/lib/python3.7/site-packages/airflow/example_dags/example_nested_branch_dag.py
[2023-06-16T19:12:13.458+0000] {processor.py:836} INFO - DAG(s) dict_keys(['example_nested_branch_dag']) retrieved from /home/airflow/.local/lib/python3.7/site-packages/airflow/example_dags/example_nested_branch_dag.py
[2023-06-16T19:12:13.530+0000] {logging_mixin.py:149} INFO - [2023-06-16T19:12:13.529+0000] {dag.py:2726} INFO - Sync 1 DAGs
[2023-06-16T19:12:13.586+0000] {logging_mixin.py:149} INFO - [2023-06-16T19:12:13.586+0000] {dag.py:3490} INFO - Setting next_dagrun for example_nested_branch_dag to 2023-06-15T00:00:00+00:00, run_after=2023-06-16T00:00:00+00:00
[2023-06-16T19:12:13.623+0000] {processor.py:179} INFO - Processing /home/airflow/.local/lib/python3.7/site-packages/airflow/example_dags/example_nested_branch_dag.py took 0.220 seconds
[2023-06-16T19:12:43.900+0000] {processor.py:157} INFO - Started process (PID=3186) to work on /home/airflow/.local/lib/python3.7/site-packages/airflow/example_dags/example_nested_branch_dag.py
[2023-06-16T19:12:43.914+0000] {processor.py:826} INFO - Processing file /home/airflow/.local/lib/python3.7/site-packages/airflow/example_dags/example_nested_branch_dag.py for tasks to queue
[2023-06-16T19:12:43.917+0000] {logging_mixin.py:149} INFO - [2023-06-16T19:12:43.917+0000] {dagbag.py:541} INFO - Filling up the DagBag from /home/airflow/.local/lib/python3.7/site-packages/airflow/example_dags/example_nested_branch_dag.py
[2023-06-16T19:12:43.939+0000] {processor.py:836} INFO - DAG(s) dict_keys(['example_nested_branch_dag']) retrieved from /home/airflow/.local/lib/python3.7/site-packages/airflow/example_dags/example_nested_branch_dag.py
[2023-06-16T19:12:43.996+0000] {logging_mixin.py:149} INFO - [2023-06-16T19:12:43.995+0000] {dag.py:2726} INFO - Sync 1 DAGs
[2023-06-16T19:12:44.057+0000] {logging_mixin.py:149} INFO - [2023-06-16T19:12:44.057+0000] {dag.py:3490} INFO - Setting next_dagrun for example_nested_branch_dag to 2023-06-15T00:00:00+00:00, run_after=2023-06-16T00:00:00+00:00
[2023-06-16T19:12:44.102+0000] {processor.py:179} INFO - Processing /home/airflow/.local/lib/python3.7/site-packages/airflow/example_dags/example_nested_branch_dag.py took 0.212 seconds
[2023-06-16T19:13:14.485+0000] {processor.py:157} INFO - Started process (PID=3243) to work on /home/airflow/.local/lib/python3.7/site-packages/airflow/example_dags/example_nested_branch_dag.py
[2023-06-16T19:13:14.491+0000] {processor.py:826} INFO - Processing file /home/airflow/.local/lib/python3.7/site-packages/airflow/example_dags/example_nested_branch_dag.py for tasks to queue
[2023-06-16T19:13:14.496+0000] {logging_mixin.py:149} INFO - [2023-06-16T19:13:14.496+0000] {dagbag.py:541} INFO - Filling up the DagBag from /home/airflow/.local/lib/python3.7/site-packages/airflow/example_dags/example_nested_branch_dag.py
[2023-06-16T19:13:14.526+0000] {processor.py:836} INFO - DAG(s) dict_keys(['example_nested_branch_dag']) retrieved from /home/airflow/.local/lib/python3.7/site-packages/airflow/example_dags/example_nested_branch_dag.py
[2023-06-16T19:13:14.582+0000] {logging_mixin.py:149} INFO - [2023-06-16T19:13:14.581+0000] {dag.py:2726} INFO - Sync 1 DAGs
[2023-06-16T19:13:14.644+0000] {logging_mixin.py:149} INFO - [2023-06-16T19:13:14.643+0000] {dag.py:3490} INFO - Setting next_dagrun for example_nested_branch_dag to 2023-06-15T00:00:00+00:00, run_after=2023-06-16T00:00:00+00:00
[2023-06-16T19:13:14.689+0000] {processor.py:179} INFO - Processing /home/airflow/.local/lib/python3.7/site-packages/airflow/example_dags/example_nested_branch_dag.py took 0.213 seconds
[2023-06-16T19:13:45.211+0000] {processor.py:157} INFO - Started process (PID=3300) to work on /home/airflow/.local/lib/python3.7/site-packages/airflow/example_dags/example_nested_branch_dag.py
[2023-06-16T19:13:45.214+0000] {processor.py:826} INFO - Processing file /home/airflow/.local/lib/python3.7/site-packages/airflow/example_dags/example_nested_branch_dag.py for tasks to queue
[2023-06-16T19:13:45.219+0000] {logging_mixin.py:149} INFO - [2023-06-16T19:13:45.219+0000] {dagbag.py:541} INFO - Filling up the DagBag from /home/airflow/.local/lib/python3.7/site-packages/airflow/example_dags/example_nested_branch_dag.py
[2023-06-16T19:13:45.243+0000] {processor.py:836} INFO - DAG(s) dict_keys(['example_nested_branch_dag']) retrieved from /home/airflow/.local/lib/python3.7/site-packages/airflow/example_dags/example_nested_branch_dag.py
[2023-06-16T19:13:45.307+0000] {logging_mixin.py:149} INFO - [2023-06-16T19:13:45.307+0000] {dag.py:2726} INFO - Sync 1 DAGs
[2023-06-16T19:13:45.367+0000] {logging_mixin.py:149} INFO - [2023-06-16T19:13:45.367+0000] {dag.py:3490} INFO - Setting next_dagrun for example_nested_branch_dag to 2023-06-15T00:00:00+00:00, run_after=2023-06-16T00:00:00+00:00
[2023-06-16T19:13:45.406+0000] {processor.py:179} INFO - Processing /home/airflow/.local/lib/python3.7/site-packages/airflow/example_dags/example_nested_branch_dag.py took 0.205 seconds
[2023-06-16T19:14:15.727+0000] {processor.py:157} INFO - Started process (PID=3357) to work on /home/airflow/.local/lib/python3.7/site-packages/airflow/example_dags/example_nested_branch_dag.py
[2023-06-16T19:14:15.731+0000] {processor.py:826} INFO - Processing file /home/airflow/.local/lib/python3.7/site-packages/airflow/example_dags/example_nested_branch_dag.py for tasks to queue
[2023-06-16T19:14:15.736+0000] {logging_mixin.py:149} INFO - [2023-06-16T19:14:15.735+0000] {dagbag.py:541} INFO - Filling up the DagBag from /home/airflow/.local/lib/python3.7/site-packages/airflow/example_dags/example_nested_branch_dag.py
[2023-06-16T19:14:15.766+0000] {processor.py:836} INFO - DAG(s) dict_keys(['example_nested_branch_dag']) retrieved from /home/airflow/.local/lib/python3.7/site-packages/airflow/example_dags/example_nested_branch_dag.py
[2023-06-16T19:14:15.829+0000] {logging_mixin.py:149} INFO - [2023-06-16T19:14:15.829+0000] {dag.py:2726} INFO - Sync 1 DAGs
[2023-06-16T19:14:15.895+0000] {logging_mixin.py:149} INFO - [2023-06-16T19:14:15.894+0000] {dag.py:3490} INFO - Setting next_dagrun for example_nested_branch_dag to 2023-06-15T00:00:00+00:00, run_after=2023-06-16T00:00:00+00:00
[2023-06-16T19:14:15.947+0000] {processor.py:179} INFO - Processing /home/airflow/.local/lib/python3.7/site-packages/airflow/example_dags/example_nested_branch_dag.py took 0.227 seconds
[2023-06-16T19:14:47.064+0000] {processor.py:157} INFO - Started process (PID=3415) to work on /home/airflow/.local/lib/python3.7/site-packages/airflow/example_dags/example_nested_branch_dag.py
[2023-06-16T19:14:47.071+0000] {processor.py:826} INFO - Processing file /home/airflow/.local/lib/python3.7/site-packages/airflow/example_dags/example_nested_branch_dag.py for tasks to queue
[2023-06-16T19:14:47.076+0000] {logging_mixin.py:149} INFO - [2023-06-16T19:14:47.075+0000] {dagbag.py:541} INFO - Filling up the DagBag from /home/airflow/.local/lib/python3.7/site-packages/airflow/example_dags/example_nested_branch_dag.py
[2023-06-16T19:14:47.126+0000] {processor.py:836} INFO - DAG(s) dict_keys(['example_nested_branch_dag']) retrieved from /home/airflow/.local/lib/python3.7/site-packages/airflow/example_dags/example_nested_branch_dag.py
[2023-06-16T19:14:47.233+0000] {logging_mixin.py:149} INFO - [2023-06-16T19:14:47.233+0000] {dag.py:2726} INFO - Sync 1 DAGs
[2023-06-16T19:14:47.360+0000] {logging_mixin.py:149} INFO - [2023-06-16T19:14:47.360+0000] {dag.py:3490} INFO - Setting next_dagrun for example_nested_branch_dag to 2023-06-15T00:00:00+00:00, run_after=2023-06-16T00:00:00+00:00
[2023-06-16T19:14:47.423+0000] {processor.py:179} INFO - Processing /home/airflow/.local/lib/python3.7/site-packages/airflow/example_dags/example_nested_branch_dag.py took 0.370 seconds
[2023-06-16T19:15:18.050+0000] {processor.py:157} INFO - Started process (PID=3473) to work on /home/airflow/.local/lib/python3.7/site-packages/airflow/example_dags/example_nested_branch_dag.py
[2023-06-16T19:15:18.053+0000] {processor.py:826} INFO - Processing file /home/airflow/.local/lib/python3.7/site-packages/airflow/example_dags/example_nested_branch_dag.py for tasks to queue
[2023-06-16T19:15:18.058+0000] {logging_mixin.py:149} INFO - [2023-06-16T19:15:18.058+0000] {dagbag.py:541} INFO - Filling up the DagBag from /home/airflow/.local/lib/python3.7/site-packages/airflow/example_dags/example_nested_branch_dag.py
[2023-06-16T19:15:18.087+0000] {processor.py:836} INFO - DAG(s) dict_keys(['example_nested_branch_dag']) retrieved from /home/airflow/.local/lib/python3.7/site-packages/airflow/example_dags/example_nested_branch_dag.py
[2023-06-16T19:15:18.152+0000] {logging_mixin.py:149} INFO - [2023-06-16T19:15:18.151+0000] {dag.py:2726} INFO - Sync 1 DAGs
[2023-06-16T19:15:18.217+0000] {logging_mixin.py:149} INFO - [2023-06-16T19:15:18.216+0000] {dag.py:3490} INFO - Setting next_dagrun for example_nested_branch_dag to 2023-06-15T00:00:00+00:00, run_after=2023-06-16T00:00:00+00:00
[2023-06-16T19:15:18.263+0000] {processor.py:179} INFO - Processing /home/airflow/.local/lib/python3.7/site-packages/airflow/example_dags/example_nested_branch_dag.py took 0.221 seconds
[2023-06-16T19:15:48.658+0000] {processor.py:157} INFO - Started process (PID=3530) to work on /home/airflow/.local/lib/python3.7/site-packages/airflow/example_dags/example_nested_branch_dag.py
[2023-06-16T19:15:48.663+0000] {processor.py:826} INFO - Processing file /home/airflow/.local/lib/python3.7/site-packages/airflow/example_dags/example_nested_branch_dag.py for tasks to queue
[2023-06-16T19:15:48.667+0000] {logging_mixin.py:149} INFO - [2023-06-16T19:15:48.667+0000] {dagbag.py:541} INFO - Filling up the DagBag from /home/airflow/.local/lib/python3.7/site-packages/airflow/example_dags/example_nested_branch_dag.py
[2023-06-16T19:15:48.696+0000] {processor.py:836} INFO - DAG(s) dict_keys(['example_nested_branch_dag']) retrieved from /home/airflow/.local/lib/python3.7/site-packages/airflow/example_dags/example_nested_branch_dag.py
[2023-06-16T19:15:48.769+0000] {logging_mixin.py:149} INFO - [2023-06-16T19:15:48.769+0000] {dag.py:2726} INFO - Sync 1 DAGs
[2023-06-16T19:15:48.842+0000] {logging_mixin.py:149} INFO - [2023-06-16T19:15:48.841+0000] {dag.py:3490} INFO - Setting next_dagrun for example_nested_branch_dag to 2023-06-15T00:00:00+00:00, run_after=2023-06-16T00:00:00+00:00
[2023-06-16T19:15:48.883+0000] {processor.py:179} INFO - Processing /home/airflow/.local/lib/python3.7/site-packages/airflow/example_dags/example_nested_branch_dag.py took 0.235 seconds
[2023-06-16T19:16:19.182+0000] {processor.py:157} INFO - Started process (PID=3586) to work on /home/airflow/.local/lib/python3.7/site-packages/airflow/example_dags/example_nested_branch_dag.py
[2023-06-16T19:16:19.187+0000] {processor.py:826} INFO - Processing file /home/airflow/.local/lib/python3.7/site-packages/airflow/example_dags/example_nested_branch_dag.py for tasks to queue
[2023-06-16T19:16:19.191+0000] {logging_mixin.py:149} INFO - [2023-06-16T19:16:19.191+0000] {dagbag.py:541} INFO - Filling up the DagBag from /home/airflow/.local/lib/python3.7/site-packages/airflow/example_dags/example_nested_branch_dag.py
[2023-06-16T19:16:19.226+0000] {processor.py:836} INFO - DAG(s) dict_keys(['example_nested_branch_dag']) retrieved from /home/airflow/.local/lib/python3.7/site-packages/airflow/example_dags/example_nested_branch_dag.py
[2023-06-16T19:16:19.297+0000] {logging_mixin.py:149} INFO - [2023-06-16T19:16:19.296+0000] {dag.py:2726} INFO - Sync 1 DAGs
[2023-06-16T19:16:19.358+0000] {logging_mixin.py:149} INFO - [2023-06-16T19:16:19.358+0000] {dag.py:3490} INFO - Setting next_dagrun for example_nested_branch_dag to 2023-06-15T00:00:00+00:00, run_after=2023-06-16T00:00:00+00:00
[2023-06-16T19:16:19.401+0000] {processor.py:179} INFO - Processing /home/airflow/.local/lib/python3.7/site-packages/airflow/example_dags/example_nested_branch_dag.py took 0.231 seconds
[2023-06-16T19:16:49.502+0000] {processor.py:157} INFO - Started process (PID=3642) to work on /home/airflow/.local/lib/python3.7/site-packages/airflow/example_dags/example_nested_branch_dag.py
[2023-06-16T19:16:49.508+0000] {processor.py:826} INFO - Processing file /home/airflow/.local/lib/python3.7/site-packages/airflow/example_dags/example_nested_branch_dag.py for tasks to queue
[2023-06-16T19:16:49.528+0000] {logging_mixin.py:149} INFO - [2023-06-16T19:16:49.527+0000] {dagbag.py:541} INFO - Filling up the DagBag from /home/airflow/.local/lib/python3.7/site-packages/airflow/example_dags/example_nested_branch_dag.py
[2023-06-16T19:16:49.553+0000] {processor.py:836} INFO - DAG(s) dict_keys(['example_nested_branch_dag']) retrieved from /home/airflow/.local/lib/python3.7/site-packages/airflow/example_dags/example_nested_branch_dag.py
[2023-06-16T19:16:49.620+0000] {logging_mixin.py:149} INFO - [2023-06-16T19:16:49.620+0000] {dag.py:2726} INFO - Sync 1 DAGs
[2023-06-16T19:16:49.679+0000] {logging_mixin.py:149} INFO - [2023-06-16T19:16:49.679+0000] {dag.py:3490} INFO - Setting next_dagrun for example_nested_branch_dag to 2023-06-15T00:00:00+00:00, run_after=2023-06-16T00:00:00+00:00
[2023-06-16T19:16:49.751+0000] {processor.py:179} INFO - Processing /home/airflow/.local/lib/python3.7/site-packages/airflow/example_dags/example_nested_branch_dag.py took 0.257 seconds
[2023-06-16T19:17:20.653+0000] {processor.py:157} INFO - Started process (PID=3700) to work on /home/airflow/.local/lib/python3.7/site-packages/airflow/example_dags/example_nested_branch_dag.py
[2023-06-16T19:17:20.656+0000] {processor.py:826} INFO - Processing file /home/airflow/.local/lib/python3.7/site-packages/airflow/example_dags/example_nested_branch_dag.py for tasks to queue
[2023-06-16T19:17:20.660+0000] {logging_mixin.py:149} INFO - [2023-06-16T19:17:20.659+0000] {dagbag.py:541} INFO - Filling up the DagBag from /home/airflow/.local/lib/python3.7/site-packages/airflow/example_dags/example_nested_branch_dag.py
[2023-06-16T19:17:20.685+0000] {processor.py:836} INFO - DAG(s) dict_keys(['example_nested_branch_dag']) retrieved from /home/airflow/.local/lib/python3.7/site-packages/airflow/example_dags/example_nested_branch_dag.py
[2023-06-16T19:17:20.754+0000] {logging_mixin.py:149} INFO - [2023-06-16T19:17:20.754+0000] {dag.py:2726} INFO - Sync 1 DAGs
[2023-06-16T19:17:20.815+0000] {logging_mixin.py:149} INFO - [2023-06-16T19:17:20.815+0000] {dag.py:3490} INFO - Setting next_dagrun for example_nested_branch_dag to 2023-06-15T00:00:00+00:00, run_after=2023-06-16T00:00:00+00:00
[2023-06-16T19:17:20.862+0000] {processor.py:179} INFO - Processing /home/airflow/.local/lib/python3.7/site-packages/airflow/example_dags/example_nested_branch_dag.py took 0.217 seconds
[2023-06-16T19:17:51.153+0000] {processor.py:157} INFO - Started process (PID=3756) to work on /home/airflow/.local/lib/python3.7/site-packages/airflow/example_dags/example_nested_branch_dag.py
[2023-06-16T19:17:51.157+0000] {processor.py:826} INFO - Processing file /home/airflow/.local/lib/python3.7/site-packages/airflow/example_dags/example_nested_branch_dag.py for tasks to queue
[2023-06-16T19:17:51.159+0000] {logging_mixin.py:149} INFO - [2023-06-16T19:17:51.159+0000] {dagbag.py:541} INFO - Filling up the DagBag from /home/airflow/.local/lib/python3.7/site-packages/airflow/example_dags/example_nested_branch_dag.py
[2023-06-16T19:17:51.187+0000] {processor.py:836} INFO - DAG(s) dict_keys(['example_nested_branch_dag']) retrieved from /home/airflow/.local/lib/python3.7/site-packages/airflow/example_dags/example_nested_branch_dag.py
[2023-06-16T19:17:51.245+0000] {logging_mixin.py:149} INFO - [2023-06-16T19:17:51.245+0000] {dag.py:2726} INFO - Sync 1 DAGs
[2023-06-16T19:17:51.321+0000] {logging_mixin.py:149} INFO - [2023-06-16T19:17:51.321+0000] {dag.py:3490} INFO - Setting next_dagrun for example_nested_branch_dag to 2023-06-15T00:00:00+00:00, run_after=2023-06-16T00:00:00+00:00
[2023-06-16T19:17:51.381+0000] {processor.py:179} INFO - Processing /home/airflow/.local/lib/python3.7/site-packages/airflow/example_dags/example_nested_branch_dag.py took 0.235 seconds
[2023-06-16T19:18:21.793+0000] {processor.py:157} INFO - Started process (PID=3814) to work on /home/airflow/.local/lib/python3.7/site-packages/airflow/example_dags/example_nested_branch_dag.py
[2023-06-16T19:18:21.798+0000] {processor.py:826} INFO - Processing file /home/airflow/.local/lib/python3.7/site-packages/airflow/example_dags/example_nested_branch_dag.py for tasks to queue
[2023-06-16T19:18:21.801+0000] {logging_mixin.py:149} INFO - [2023-06-16T19:18:21.801+0000] {dagbag.py:541} INFO - Filling up the DagBag from /home/airflow/.local/lib/python3.7/site-packages/airflow/example_dags/example_nested_branch_dag.py
[2023-06-16T19:18:21.823+0000] {processor.py:836} INFO - DAG(s) dict_keys(['example_nested_branch_dag']) retrieved from /home/airflow/.local/lib/python3.7/site-packages/airflow/example_dags/example_nested_branch_dag.py
[2023-06-16T19:18:21.889+0000] {logging_mixin.py:149} INFO - [2023-06-16T19:18:21.889+0000] {dag.py:2726} INFO - Sync 1 DAGs
[2023-06-16T19:18:21.958+0000] {logging_mixin.py:149} INFO - [2023-06-16T19:18:21.958+0000] {dag.py:3490} INFO - Setting next_dagrun for example_nested_branch_dag to 2023-06-15T00:00:00+00:00, run_after=2023-06-16T00:00:00+00:00
[2023-06-16T19:18:22.038+0000] {processor.py:179} INFO - Processing /home/airflow/.local/lib/python3.7/site-packages/airflow/example_dags/example_nested_branch_dag.py took 0.255 seconds
[2023-06-16T19:18:52.533+0000] {processor.py:157} INFO - Started process (PID=3871) to work on /home/airflow/.local/lib/python3.7/site-packages/airflow/example_dags/example_nested_branch_dag.py
[2023-06-16T19:18:52.539+0000] {processor.py:826} INFO - Processing file /home/airflow/.local/lib/python3.7/site-packages/airflow/example_dags/example_nested_branch_dag.py for tasks to queue
[2023-06-16T19:18:52.547+0000] {logging_mixin.py:149} INFO - [2023-06-16T19:18:52.547+0000] {dagbag.py:541} INFO - Filling up the DagBag from /home/airflow/.local/lib/python3.7/site-packages/airflow/example_dags/example_nested_branch_dag.py
[2023-06-16T19:18:52.580+0000] {processor.py:836} INFO - DAG(s) dict_keys(['example_nested_branch_dag']) retrieved from /home/airflow/.local/lib/python3.7/site-packages/airflow/example_dags/example_nested_branch_dag.py
[2023-06-16T19:18:52.654+0000] {logging_mixin.py:149} INFO - [2023-06-16T19:18:52.653+0000] {dag.py:2726} INFO - Sync 1 DAGs
[2023-06-16T19:18:52.713+0000] {logging_mixin.py:149} INFO - [2023-06-16T19:18:52.713+0000] {dag.py:3490} INFO - Setting next_dagrun for example_nested_branch_dag to 2023-06-15T00:00:00+00:00, run_after=2023-06-16T00:00:00+00:00
[2023-06-16T19:18:52.757+0000] {processor.py:179} INFO - Processing /home/airflow/.local/lib/python3.7/site-packages/airflow/example_dags/example_nested_branch_dag.py took 0.233 seconds
[2023-06-16T19:19:22.897+0000] {processor.py:157} INFO - Started process (PID=3927) to work on /home/airflow/.local/lib/python3.7/site-packages/airflow/example_dags/example_nested_branch_dag.py
[2023-06-16T19:19:22.903+0000] {processor.py:826} INFO - Processing file /home/airflow/.local/lib/python3.7/site-packages/airflow/example_dags/example_nested_branch_dag.py for tasks to queue
[2023-06-16T19:19:22.907+0000] {logging_mixin.py:149} INFO - [2023-06-16T19:19:22.907+0000] {dagbag.py:541} INFO - Filling up the DagBag from /home/airflow/.local/lib/python3.7/site-packages/airflow/example_dags/example_nested_branch_dag.py
[2023-06-16T19:19:22.936+0000] {processor.py:836} INFO - DAG(s) dict_keys(['example_nested_branch_dag']) retrieved from /home/airflow/.local/lib/python3.7/site-packages/airflow/example_dags/example_nested_branch_dag.py
[2023-06-16T19:19:23.002+0000] {logging_mixin.py:149} INFO - [2023-06-16T19:19:23.001+0000] {dag.py:2726} INFO - Sync 1 DAGs
[2023-06-16T19:19:23.083+0000] {logging_mixin.py:149} INFO - [2023-06-16T19:19:23.083+0000] {dag.py:3490} INFO - Setting next_dagrun for example_nested_branch_dag to 2023-06-15T00:00:00+00:00, run_after=2023-06-16T00:00:00+00:00
[2023-06-16T19:19:23.148+0000] {processor.py:179} INFO - Processing /home/airflow/.local/lib/python3.7/site-packages/airflow/example_dags/example_nested_branch_dag.py took 0.263 seconds
[2023-06-16T19:19:53.560+0000] {processor.py:157} INFO - Started process (PID=3985) to work on /home/airflow/.local/lib/python3.7/site-packages/airflow/example_dags/example_nested_branch_dag.py
[2023-06-16T19:19:53.565+0000] {processor.py:826} INFO - Processing file /home/airflow/.local/lib/python3.7/site-packages/airflow/example_dags/example_nested_branch_dag.py for tasks to queue
[2023-06-16T19:19:53.571+0000] {logging_mixin.py:149} INFO - [2023-06-16T19:19:53.571+0000] {dagbag.py:541} INFO - Filling up the DagBag from /home/airflow/.local/lib/python3.7/site-packages/airflow/example_dags/example_nested_branch_dag.py
[2023-06-16T19:19:53.599+0000] {processor.py:836} INFO - DAG(s) dict_keys(['example_nested_branch_dag']) retrieved from /home/airflow/.local/lib/python3.7/site-packages/airflow/example_dags/example_nested_branch_dag.py
[2023-06-16T19:19:53.670+0000] {logging_mixin.py:149} INFO - [2023-06-16T19:19:53.669+0000] {dag.py:2726} INFO - Sync 1 DAGs
[2023-06-16T19:19:53.750+0000] {logging_mixin.py:149} INFO - [2023-06-16T19:19:53.750+0000] {dag.py:3490} INFO - Setting next_dagrun for example_nested_branch_dag to 2023-06-15T00:00:00+00:00, run_after=2023-06-16T00:00:00+00:00
[2023-06-16T19:19:53.814+0000] {processor.py:179} INFO - Processing /home/airflow/.local/lib/python3.7/site-packages/airflow/example_dags/example_nested_branch_dag.py took 0.264 seconds
[2023-06-16T19:20:24.312+0000] {processor.py:157} INFO - Started process (PID=4042) to work on /home/airflow/.local/lib/python3.7/site-packages/airflow/example_dags/example_nested_branch_dag.py
[2023-06-16T19:20:24.315+0000] {processor.py:826} INFO - Processing file /home/airflow/.local/lib/python3.7/site-packages/airflow/example_dags/example_nested_branch_dag.py for tasks to queue
[2023-06-16T19:20:24.320+0000] {logging_mixin.py:149} INFO - [2023-06-16T19:20:24.320+0000] {dagbag.py:541} INFO - Filling up the DagBag from /home/airflow/.local/lib/python3.7/site-packages/airflow/example_dags/example_nested_branch_dag.py
[2023-06-16T19:20:24.347+0000] {processor.py:836} INFO - DAG(s) dict_keys(['example_nested_branch_dag']) retrieved from /home/airflow/.local/lib/python3.7/site-packages/airflow/example_dags/example_nested_branch_dag.py
[2023-06-16T19:20:24.411+0000] {logging_mixin.py:149} INFO - [2023-06-16T19:20:24.411+0000] {dag.py:2726} INFO - Sync 1 DAGs
[2023-06-16T19:20:24.501+0000] {logging_mixin.py:149} INFO - [2023-06-16T19:20:24.501+0000] {dag.py:3490} INFO - Setting next_dagrun for example_nested_branch_dag to 2023-06-15T00:00:00+00:00, run_after=2023-06-16T00:00:00+00:00
[2023-06-16T19:20:24.561+0000] {processor.py:179} INFO - Processing /home/airflow/.local/lib/python3.7/site-packages/airflow/example_dags/example_nested_branch_dag.py took 0.258 seconds
[2023-06-16T19:20:54.804+0000] {processor.py:157} INFO - Started process (PID=4101) to work on /home/airflow/.local/lib/python3.7/site-packages/airflow/example_dags/example_nested_branch_dag.py
[2023-06-16T19:20:54.808+0000] {processor.py:826} INFO - Processing file /home/airflow/.local/lib/python3.7/site-packages/airflow/example_dags/example_nested_branch_dag.py for tasks to queue
[2023-06-16T19:20:54.811+0000] {logging_mixin.py:149} INFO - [2023-06-16T19:20:54.810+0000] {dagbag.py:541} INFO - Filling up the DagBag from /home/airflow/.local/lib/python3.7/site-packages/airflow/example_dags/example_nested_branch_dag.py
[2023-06-16T19:20:54.833+0000] {processor.py:836} INFO - DAG(s) dict_keys(['example_nested_branch_dag']) retrieved from /home/airflow/.local/lib/python3.7/site-packages/airflow/example_dags/example_nested_branch_dag.py
[2023-06-16T19:20:54.895+0000] {logging_mixin.py:149} INFO - [2023-06-16T19:20:54.895+0000] {dag.py:2726} INFO - Sync 1 DAGs
[2023-06-16T19:20:54.963+0000] {logging_mixin.py:149} INFO - [2023-06-16T19:20:54.962+0000] {dag.py:3490} INFO - Setting next_dagrun for example_nested_branch_dag to 2023-06-15T00:00:00+00:00, run_after=2023-06-16T00:00:00+00:00
[2023-06-16T19:20:55.007+0000] {processor.py:179} INFO - Processing /home/airflow/.local/lib/python3.7/site-packages/airflow/example_dags/example_nested_branch_dag.py took 0.211 seconds
[2023-06-16T19:21:25.364+0000] {processor.py:157} INFO - Started process (PID=4158) to work on /home/airflow/.local/lib/python3.7/site-packages/airflow/example_dags/example_nested_branch_dag.py
[2023-06-16T19:21:25.369+0000] {processor.py:826} INFO - Processing file /home/airflow/.local/lib/python3.7/site-packages/airflow/example_dags/example_nested_branch_dag.py for tasks to queue
[2023-06-16T19:21:25.371+0000] {logging_mixin.py:149} INFO - [2023-06-16T19:21:25.371+0000] {dagbag.py:541} INFO - Filling up the DagBag from /home/airflow/.local/lib/python3.7/site-packages/airflow/example_dags/example_nested_branch_dag.py
[2023-06-16T19:21:25.397+0000] {processor.py:836} INFO - DAG(s) dict_keys(['example_nested_branch_dag']) retrieved from /home/airflow/.local/lib/python3.7/site-packages/airflow/example_dags/example_nested_branch_dag.py
[2023-06-16T19:21:25.458+0000] {logging_mixin.py:149} INFO - [2023-06-16T19:21:25.458+0000] {dag.py:2726} INFO - Sync 1 DAGs
[2023-06-16T19:21:25.525+0000] {logging_mixin.py:149} INFO - [2023-06-16T19:21:25.525+0000] {dag.py:3490} INFO - Setting next_dagrun for example_nested_branch_dag to 2023-06-15T00:00:00+00:00, run_after=2023-06-16T00:00:00+00:00
[2023-06-16T19:21:25.571+0000] {processor.py:179} INFO - Processing /home/airflow/.local/lib/python3.7/site-packages/airflow/example_dags/example_nested_branch_dag.py took 0.216 seconds
[2023-06-16T19:21:55.810+0000] {processor.py:157} INFO - Started process (PID=4216) to work on /home/airflow/.local/lib/python3.7/site-packages/airflow/example_dags/example_nested_branch_dag.py
[2023-06-16T19:21:55.814+0000] {processor.py:826} INFO - Processing file /home/airflow/.local/lib/python3.7/site-packages/airflow/example_dags/example_nested_branch_dag.py for tasks to queue
[2023-06-16T19:21:55.818+0000] {logging_mixin.py:149} INFO - [2023-06-16T19:21:55.817+0000] {dagbag.py:541} INFO - Filling up the DagBag from /home/airflow/.local/lib/python3.7/site-packages/airflow/example_dags/example_nested_branch_dag.py
[2023-06-16T19:21:55.843+0000] {processor.py:836} INFO - DAG(s) dict_keys(['example_nested_branch_dag']) retrieved from /home/airflow/.local/lib/python3.7/site-packages/airflow/example_dags/example_nested_branch_dag.py
[2023-06-16T19:21:55.917+0000] {logging_mixin.py:149} INFO - [2023-06-16T19:21:55.917+0000] {dag.py:2726} INFO - Sync 1 DAGs
[2023-06-16T19:21:55.991+0000] {logging_mixin.py:149} INFO - [2023-06-16T19:21:55.991+0000] {dag.py:3490} INFO - Setting next_dagrun for example_nested_branch_dag to 2023-06-15T00:00:00+00:00, run_after=2023-06-16T00:00:00+00:00
[2023-06-16T19:21:56.039+0000] {processor.py:179} INFO - Processing /home/airflow/.local/lib/python3.7/site-packages/airflow/example_dags/example_nested_branch_dag.py took 0.239 seconds
[2023-06-16T19:22:26.649+0000] {processor.py:157} INFO - Started process (PID=4273) to work on /home/airflow/.local/lib/python3.7/site-packages/airflow/example_dags/example_nested_branch_dag.py
[2023-06-16T19:22:26.657+0000] {processor.py:826} INFO - Processing file /home/airflow/.local/lib/python3.7/site-packages/airflow/example_dags/example_nested_branch_dag.py for tasks to queue
[2023-06-16T19:22:26.664+0000] {logging_mixin.py:149} INFO - [2023-06-16T19:22:26.663+0000] {dagbag.py:541} INFO - Filling up the DagBag from /home/airflow/.local/lib/python3.7/site-packages/airflow/example_dags/example_nested_branch_dag.py
[2023-06-16T19:22:26.701+0000] {processor.py:836} INFO - DAG(s) dict_keys(['example_nested_branch_dag']) retrieved from /home/airflow/.local/lib/python3.7/site-packages/airflow/example_dags/example_nested_branch_dag.py
[2023-06-16T19:22:26.773+0000] {logging_mixin.py:149} INFO - [2023-06-16T19:22:26.773+0000] {dag.py:2726} INFO - Sync 1 DAGs
[2023-06-16T19:22:26.854+0000] {logging_mixin.py:149} INFO - [2023-06-16T19:22:26.854+0000] {dag.py:3490} INFO - Setting next_dagrun for example_nested_branch_dag to 2023-06-15T00:00:00+00:00, run_after=2023-06-16T00:00:00+00:00
[2023-06-16T19:22:26.912+0000] {processor.py:179} INFO - Processing /home/airflow/.local/lib/python3.7/site-packages/airflow/example_dags/example_nested_branch_dag.py took 0.273 seconds
