[2023-06-16T18:46:38.263+0000] {processor.py:157} INFO - Started process (PID=272) to work on /home/airflow/.local/lib/python3.7/site-packages/airflow/example_dags/example_branch_labels.py
[2023-06-16T18:46:38.268+0000] {processor.py:826} INFO - Processing file /home/airflow/.local/lib/python3.7/site-packages/airflow/example_dags/example_branch_labels.py for tasks to queue
[2023-06-16T18:46:38.272+0000] {logging_mixin.py:149} INFO - [2023-06-16T18:46:38.272+0000] {dagbag.py:541} INFO - Filling up the DagBag from /home/airflow/.local/lib/python3.7/site-packages/airflow/example_dags/example_branch_labels.py
[2023-06-16T18:46:38.296+0000] {processor.py:836} INFO - DAG(s) dict_keys(['example_branch_labels']) retrieved from /home/airflow/.local/lib/python3.7/site-packages/airflow/example_dags/example_branch_labels.py
[2023-06-16T18:46:38.388+0000] {logging_mixin.py:149} INFO - [2023-06-16T18:46:38.387+0000] {dag.py:2726} INFO - Sync 1 DAGs
[2023-06-16T18:46:38.496+0000] {logging_mixin.py:149} INFO - [2023-06-16T18:46:38.494+0000] {dag.py:3490} INFO - Setting next_dagrun for example_branch_labels to 2023-06-15T00:00:00+00:00, run_after=2023-06-16T00:00:00+00:00
[2023-06-16T18:46:38.553+0000] {processor.py:179} INFO - Processing /home/airflow/.local/lib/python3.7/site-packages/airflow/example_dags/example_branch_labels.py took 0.298 seconds
[2023-06-16T18:47:09.119+0000] {processor.py:157} INFO - Started process (PID=329) to work on /home/airflow/.local/lib/python3.7/site-packages/airflow/example_dags/example_branch_labels.py
[2023-06-16T18:47:09.123+0000] {processor.py:826} INFO - Processing file /home/airflow/.local/lib/python3.7/site-packages/airflow/example_dags/example_branch_labels.py for tasks to queue
[2023-06-16T18:47:09.130+0000] {logging_mixin.py:149} INFO - [2023-06-16T18:47:09.130+0000] {dagbag.py:541} INFO - Filling up the DagBag from /home/airflow/.local/lib/python3.7/site-packages/airflow/example_dags/example_branch_labels.py
[2023-06-16T18:47:09.152+0000] {processor.py:836} INFO - DAG(s) dict_keys(['example_branch_labels']) retrieved from /home/airflow/.local/lib/python3.7/site-packages/airflow/example_dags/example_branch_labels.py
[2023-06-16T18:47:09.230+0000] {logging_mixin.py:149} INFO - [2023-06-16T18:47:09.229+0000] {dag.py:2726} INFO - Sync 1 DAGs
[2023-06-16T18:47:09.317+0000] {logging_mixin.py:149} INFO - [2023-06-16T18:47:09.316+0000] {dag.py:3490} INFO - Setting next_dagrun for example_branch_labels to 2023-06-15T00:00:00+00:00, run_after=2023-06-16T00:00:00+00:00
[2023-06-16T18:47:09.367+0000] {processor.py:179} INFO - Processing /home/airflow/.local/lib/python3.7/site-packages/airflow/example_dags/example_branch_labels.py took 0.260 seconds
[2023-06-16T18:47:40.396+0000] {processor.py:157} INFO - Started process (PID=386) to work on /home/airflow/.local/lib/python3.7/site-packages/airflow/example_dags/example_branch_labels.py
[2023-06-16T18:47:40.402+0000] {processor.py:826} INFO - Processing file /home/airflow/.local/lib/python3.7/site-packages/airflow/example_dags/example_branch_labels.py for tasks to queue
[2023-06-16T18:47:40.409+0000] {logging_mixin.py:149} INFO - [2023-06-16T18:47:40.409+0000] {dagbag.py:541} INFO - Filling up the DagBag from /home/airflow/.local/lib/python3.7/site-packages/airflow/example_dags/example_branch_labels.py
[2023-06-16T18:47:40.442+0000] {processor.py:836} INFO - DAG(s) dict_keys(['example_branch_labels']) retrieved from /home/airflow/.local/lib/python3.7/site-packages/airflow/example_dags/example_branch_labels.py
[2023-06-16T18:47:40.554+0000] {logging_mixin.py:149} INFO - [2023-06-16T18:47:40.554+0000] {dag.py:2726} INFO - Sync 1 DAGs
[2023-06-16T18:47:40.650+0000] {logging_mixin.py:149} INFO - [2023-06-16T18:47:40.650+0000] {dag.py:3490} INFO - Setting next_dagrun for example_branch_labels to 2023-06-15T00:00:00+00:00, run_after=2023-06-16T00:00:00+00:00
[2023-06-16T18:47:40.707+0000] {processor.py:179} INFO - Processing /home/airflow/.local/lib/python3.7/site-packages/airflow/example_dags/example_branch_labels.py took 0.323 seconds
[2023-06-16T18:48:11.007+0000] {processor.py:157} INFO - Started process (PID=443) to work on /home/airflow/.local/lib/python3.7/site-packages/airflow/example_dags/example_branch_labels.py
[2023-06-16T18:48:11.013+0000] {processor.py:826} INFO - Processing file /home/airflow/.local/lib/python3.7/site-packages/airflow/example_dags/example_branch_labels.py for tasks to queue
[2023-06-16T18:48:11.016+0000] {logging_mixin.py:149} INFO - [2023-06-16T18:48:11.016+0000] {dagbag.py:541} INFO - Filling up the DagBag from /home/airflow/.local/lib/python3.7/site-packages/airflow/example_dags/example_branch_labels.py
[2023-06-16T18:48:11.033+0000] {processor.py:836} INFO - DAG(s) dict_keys(['example_branch_labels']) retrieved from /home/airflow/.local/lib/python3.7/site-packages/airflow/example_dags/example_branch_labels.py
[2023-06-16T18:48:11.080+0000] {logging_mixin.py:149} INFO - [2023-06-16T18:48:11.080+0000] {dag.py:2726} INFO - Sync 1 DAGs
[2023-06-16T18:48:11.131+0000] {logging_mixin.py:149} INFO - [2023-06-16T18:48:11.131+0000] {dag.py:3490} INFO - Setting next_dagrun for example_branch_labels to 2023-06-15T00:00:00+00:00, run_after=2023-06-16T00:00:00+00:00
[2023-06-16T18:48:11.172+0000] {processor.py:179} INFO - Processing /home/airflow/.local/lib/python3.7/site-packages/airflow/example_dags/example_branch_labels.py took 0.173 seconds
[2023-06-16T18:48:41.615+0000] {processor.py:157} INFO - Started process (PID=500) to work on /home/airflow/.local/lib/python3.7/site-packages/airflow/example_dags/example_branch_labels.py
[2023-06-16T18:48:41.619+0000] {processor.py:826} INFO - Processing file /home/airflow/.local/lib/python3.7/site-packages/airflow/example_dags/example_branch_labels.py for tasks to queue
[2023-06-16T18:48:41.623+0000] {logging_mixin.py:149} INFO - [2023-06-16T18:48:41.623+0000] {dagbag.py:541} INFO - Filling up the DagBag from /home/airflow/.local/lib/python3.7/site-packages/airflow/example_dags/example_branch_labels.py
[2023-06-16T18:48:41.647+0000] {processor.py:836} INFO - DAG(s) dict_keys(['example_branch_labels']) retrieved from /home/airflow/.local/lib/python3.7/site-packages/airflow/example_dags/example_branch_labels.py
[2023-06-16T18:48:41.716+0000] {logging_mixin.py:149} INFO - [2023-06-16T18:48:41.715+0000] {dag.py:2726} INFO - Sync 1 DAGs
[2023-06-16T18:48:41.786+0000] {logging_mixin.py:149} INFO - [2023-06-16T18:48:41.786+0000] {dag.py:3490} INFO - Setting next_dagrun for example_branch_labels to 2023-06-15T00:00:00+00:00, run_after=2023-06-16T00:00:00+00:00
[2023-06-16T18:48:41.833+0000] {processor.py:179} INFO - Processing /home/airflow/.local/lib/python3.7/site-packages/airflow/example_dags/example_branch_labels.py took 0.224 seconds
[2023-06-16T18:49:12.454+0000] {processor.py:157} INFO - Started process (PID=557) to work on /home/airflow/.local/lib/python3.7/site-packages/airflow/example_dags/example_branch_labels.py
[2023-06-16T18:49:12.459+0000] {processor.py:826} INFO - Processing file /home/airflow/.local/lib/python3.7/site-packages/airflow/example_dags/example_branch_labels.py for tasks to queue
[2023-06-16T18:49:12.463+0000] {logging_mixin.py:149} INFO - [2023-06-16T18:49:12.462+0000] {dagbag.py:541} INFO - Filling up the DagBag from /home/airflow/.local/lib/python3.7/site-packages/airflow/example_dags/example_branch_labels.py
[2023-06-16T18:49:12.480+0000] {processor.py:836} INFO - DAG(s) dict_keys(['example_branch_labels']) retrieved from /home/airflow/.local/lib/python3.7/site-packages/airflow/example_dags/example_branch_labels.py
[2023-06-16T18:49:12.594+0000] {logging_mixin.py:149} INFO - [2023-06-16T18:49:12.594+0000] {dag.py:2726} INFO - Sync 1 DAGs
[2023-06-16T18:49:12.674+0000] {logging_mixin.py:149} INFO - [2023-06-16T18:49:12.674+0000] {dag.py:3490} INFO - Setting next_dagrun for example_branch_labels to 2023-06-15T00:00:00+00:00, run_after=2023-06-16T00:00:00+00:00
[2023-06-16T18:49:12.720+0000] {processor.py:179} INFO - Processing /home/airflow/.local/lib/python3.7/site-packages/airflow/example_dags/example_branch_labels.py took 0.273 seconds
[2023-06-16T18:49:43.368+0000] {processor.py:157} INFO - Started process (PID=614) to work on /home/airflow/.local/lib/python3.7/site-packages/airflow/example_dags/example_branch_labels.py
[2023-06-16T18:49:43.373+0000] {processor.py:826} INFO - Processing file /home/airflow/.local/lib/python3.7/site-packages/airflow/example_dags/example_branch_labels.py for tasks to queue
[2023-06-16T18:49:43.376+0000] {logging_mixin.py:149} INFO - [2023-06-16T18:49:43.375+0000] {dagbag.py:541} INFO - Filling up the DagBag from /home/airflow/.local/lib/python3.7/site-packages/airflow/example_dags/example_branch_labels.py
[2023-06-16T18:49:43.397+0000] {processor.py:836} INFO - DAG(s) dict_keys(['example_branch_labels']) retrieved from /home/airflow/.local/lib/python3.7/site-packages/airflow/example_dags/example_branch_labels.py
[2023-06-16T18:49:43.467+0000] {logging_mixin.py:149} INFO - [2023-06-16T18:49:43.466+0000] {dag.py:2726} INFO - Sync 1 DAGs
[2023-06-16T18:49:43.544+0000] {logging_mixin.py:149} INFO - [2023-06-16T18:49:43.544+0000] {dag.py:3490} INFO - Setting next_dagrun for example_branch_labels to 2023-06-15T00:00:00+00:00, run_after=2023-06-16T00:00:00+00:00
[2023-06-16T18:49:43.591+0000] {processor.py:179} INFO - Processing /home/airflow/.local/lib/python3.7/site-packages/airflow/example_dags/example_branch_labels.py took 0.231 seconds
[2023-06-16T18:50:14.459+0000] {processor.py:157} INFO - Started process (PID=677) to work on /home/airflow/.local/lib/python3.7/site-packages/airflow/example_dags/example_branch_labels.py
[2023-06-16T18:50:14.463+0000] {processor.py:826} INFO - Processing file /home/airflow/.local/lib/python3.7/site-packages/airflow/example_dags/example_branch_labels.py for tasks to queue
[2023-06-16T18:50:14.467+0000] {logging_mixin.py:149} INFO - [2023-06-16T18:50:14.467+0000] {dagbag.py:541} INFO - Filling up the DagBag from /home/airflow/.local/lib/python3.7/site-packages/airflow/example_dags/example_branch_labels.py
[2023-06-16T18:50:14.489+0000] {processor.py:836} INFO - DAG(s) dict_keys(['example_branch_labels']) retrieved from /home/airflow/.local/lib/python3.7/site-packages/airflow/example_dags/example_branch_labels.py
[2023-06-16T18:50:14.563+0000] {logging_mixin.py:149} INFO - [2023-06-16T18:50:14.563+0000] {dag.py:2726} INFO - Sync 1 DAGs
[2023-06-16T18:50:14.670+0000] {logging_mixin.py:149} INFO - [2023-06-16T18:50:14.669+0000] {dag.py:3490} INFO - Setting next_dagrun for example_branch_labels to 2023-06-15T00:00:00+00:00, run_after=2023-06-16T00:00:00+00:00
[2023-06-16T18:50:14.730+0000] {processor.py:179} INFO - Processing /home/airflow/.local/lib/python3.7/site-packages/airflow/example_dags/example_branch_labels.py took 0.280 seconds
[2023-06-16T18:50:44.807+0000] {processor.py:157} INFO - Started process (PID=735) to work on /home/airflow/.local/lib/python3.7/site-packages/airflow/example_dags/example_branch_labels.py
[2023-06-16T18:50:44.811+0000] {processor.py:826} INFO - Processing file /home/airflow/.local/lib/python3.7/site-packages/airflow/example_dags/example_branch_labels.py for tasks to queue
[2023-06-16T18:50:44.814+0000] {logging_mixin.py:149} INFO - [2023-06-16T18:50:44.814+0000] {dagbag.py:541} INFO - Filling up the DagBag from /home/airflow/.local/lib/python3.7/site-packages/airflow/example_dags/example_branch_labels.py
[2023-06-16T18:50:44.834+0000] {processor.py:836} INFO - DAG(s) dict_keys(['example_branch_labels']) retrieved from /home/airflow/.local/lib/python3.7/site-packages/airflow/example_dags/example_branch_labels.py
[2023-06-16T18:50:44.901+0000] {logging_mixin.py:149} INFO - [2023-06-16T18:50:44.901+0000] {dag.py:2726} INFO - Sync 1 DAGs
[2023-06-16T18:50:44.982+0000] {logging_mixin.py:149} INFO - [2023-06-16T18:50:44.981+0000] {dag.py:3490} INFO - Setting next_dagrun for example_branch_labels to 2023-06-15T00:00:00+00:00, run_after=2023-06-16T00:00:00+00:00
[2023-06-16T18:50:45.047+0000] {processor.py:179} INFO - Processing /home/airflow/.local/lib/python3.7/site-packages/airflow/example_dags/example_branch_labels.py took 0.248 seconds
[2023-06-16T18:51:15.544+0000] {processor.py:157} INFO - Started process (PID=792) to work on /home/airflow/.local/lib/python3.7/site-packages/airflow/example_dags/example_branch_labels.py
[2023-06-16T18:51:15.551+0000] {processor.py:826} INFO - Processing file /home/airflow/.local/lib/python3.7/site-packages/airflow/example_dags/example_branch_labels.py for tasks to queue
[2023-06-16T18:51:15.554+0000] {logging_mixin.py:149} INFO - [2023-06-16T18:51:15.554+0000] {dagbag.py:541} INFO - Filling up the DagBag from /home/airflow/.local/lib/python3.7/site-packages/airflow/example_dags/example_branch_labels.py
[2023-06-16T18:51:15.574+0000] {processor.py:836} INFO - DAG(s) dict_keys(['example_branch_labels']) retrieved from /home/airflow/.local/lib/python3.7/site-packages/airflow/example_dags/example_branch_labels.py
[2023-06-16T18:51:15.669+0000] {logging_mixin.py:149} INFO - [2023-06-16T18:51:15.668+0000] {dag.py:2726} INFO - Sync 1 DAGs
[2023-06-16T18:51:15.761+0000] {logging_mixin.py:149} INFO - [2023-06-16T18:51:15.761+0000] {dag.py:3490} INFO - Setting next_dagrun for example_branch_labels to 2023-06-15T00:00:00+00:00, run_after=2023-06-16T00:00:00+00:00
[2023-06-16T18:51:15.874+0000] {processor.py:179} INFO - Processing /home/airflow/.local/lib/python3.7/site-packages/airflow/example_dags/example_branch_labels.py took 0.340 seconds
[2023-06-16T18:51:46.790+0000] {processor.py:157} INFO - Started process (PID=850) to work on /home/airflow/.local/lib/python3.7/site-packages/airflow/example_dags/example_branch_labels.py
[2023-06-16T18:51:46.794+0000] {processor.py:826} INFO - Processing file /home/airflow/.local/lib/python3.7/site-packages/airflow/example_dags/example_branch_labels.py for tasks to queue
[2023-06-16T18:51:46.798+0000] {logging_mixin.py:149} INFO - [2023-06-16T18:51:46.798+0000] {dagbag.py:541} INFO - Filling up the DagBag from /home/airflow/.local/lib/python3.7/site-packages/airflow/example_dags/example_branch_labels.py
[2023-06-16T18:51:46.825+0000] {processor.py:836} INFO - DAG(s) dict_keys(['example_branch_labels']) retrieved from /home/airflow/.local/lib/python3.7/site-packages/airflow/example_dags/example_branch_labels.py
[2023-06-16T18:51:46.994+0000] {logging_mixin.py:149} INFO - [2023-06-16T18:51:46.994+0000] {dag.py:2726} INFO - Sync 1 DAGs
[2023-06-16T18:51:47.091+0000] {logging_mixin.py:149} INFO - [2023-06-16T18:51:47.091+0000] {dag.py:3490} INFO - Setting next_dagrun for example_branch_labels to 2023-06-15T00:00:00+00:00, run_after=2023-06-16T00:00:00+00:00
[2023-06-16T18:51:47.158+0000] {processor.py:179} INFO - Processing /home/airflow/.local/lib/python3.7/site-packages/airflow/example_dags/example_branch_labels.py took 0.389 seconds
[2023-06-16T18:52:17.729+0000] {processor.py:157} INFO - Started process (PID=907) to work on /home/airflow/.local/lib/python3.7/site-packages/airflow/example_dags/example_branch_labels.py
[2023-06-16T18:52:17.734+0000] {processor.py:826} INFO - Processing file /home/airflow/.local/lib/python3.7/site-packages/airflow/example_dags/example_branch_labels.py for tasks to queue
[2023-06-16T18:52:17.738+0000] {logging_mixin.py:149} INFO - [2023-06-16T18:52:17.738+0000] {dagbag.py:541} INFO - Filling up the DagBag from /home/airflow/.local/lib/python3.7/site-packages/airflow/example_dags/example_branch_labels.py
[2023-06-16T18:52:17.760+0000] {processor.py:836} INFO - DAG(s) dict_keys(['example_branch_labels']) retrieved from /home/airflow/.local/lib/python3.7/site-packages/airflow/example_dags/example_branch_labels.py
[2023-06-16T18:52:17.831+0000] {logging_mixin.py:149} INFO - [2023-06-16T18:52:17.830+0000] {dag.py:2726} INFO - Sync 1 DAGs
[2023-06-16T18:52:17.889+0000] {logging_mixin.py:149} INFO - [2023-06-16T18:52:17.889+0000] {dag.py:3490} INFO - Setting next_dagrun for example_branch_labels to 2023-06-15T00:00:00+00:00, run_after=2023-06-16T00:00:00+00:00
[2023-06-16T18:52:17.932+0000] {processor.py:179} INFO - Processing /home/airflow/.local/lib/python3.7/site-packages/airflow/example_dags/example_branch_labels.py took 0.212 seconds
[2023-06-16T18:52:49.006+0000] {processor.py:157} INFO - Started process (PID=965) to work on /home/airflow/.local/lib/python3.7/site-packages/airflow/example_dags/example_branch_labels.py
[2023-06-16T18:52:49.014+0000] {processor.py:826} INFO - Processing file /home/airflow/.local/lib/python3.7/site-packages/airflow/example_dags/example_branch_labels.py for tasks to queue
[2023-06-16T18:52:49.018+0000] {logging_mixin.py:149} INFO - [2023-06-16T18:52:49.017+0000] {dagbag.py:541} INFO - Filling up the DagBag from /home/airflow/.local/lib/python3.7/site-packages/airflow/example_dags/example_branch_labels.py
[2023-06-16T18:52:49.055+0000] {processor.py:836} INFO - DAG(s) dict_keys(['example_branch_labels']) retrieved from /home/airflow/.local/lib/python3.7/site-packages/airflow/example_dags/example_branch_labels.py
[2023-06-16T18:52:49.154+0000] {logging_mixin.py:149} INFO - [2023-06-16T18:52:49.153+0000] {dag.py:2726} INFO - Sync 1 DAGs
[2023-06-16T18:52:49.228+0000] {logging_mixin.py:149} INFO - [2023-06-16T18:52:49.228+0000] {dag.py:3490} INFO - Setting next_dagrun for example_branch_labels to 2023-06-15T00:00:00+00:00, run_after=2023-06-16T00:00:00+00:00
[2023-06-16T18:52:49.358+0000] {processor.py:179} INFO - Processing /home/airflow/.local/lib/python3.7/site-packages/airflow/example_dags/example_branch_labels.py took 0.370 seconds
[2023-06-16T18:53:19.446+0000] {processor.py:157} INFO - Started process (PID=1022) to work on /home/airflow/.local/lib/python3.7/site-packages/airflow/example_dags/example_branch_labels.py
[2023-06-16T18:53:19.451+0000] {processor.py:826} INFO - Processing file /home/airflow/.local/lib/python3.7/site-packages/airflow/example_dags/example_branch_labels.py for tasks to queue
[2023-06-16T18:53:19.456+0000] {logging_mixin.py:149} INFO - [2023-06-16T18:53:19.455+0000] {dagbag.py:541} INFO - Filling up the DagBag from /home/airflow/.local/lib/python3.7/site-packages/airflow/example_dags/example_branch_labels.py
[2023-06-16T18:53:19.500+0000] {processor.py:836} INFO - DAG(s) dict_keys(['example_branch_labels']) retrieved from /home/airflow/.local/lib/python3.7/site-packages/airflow/example_dags/example_branch_labels.py
[2023-06-16T18:53:19.613+0000] {logging_mixin.py:149} INFO - [2023-06-16T18:53:19.613+0000] {dag.py:2726} INFO - Sync 1 DAGs
[2023-06-16T18:53:19.725+0000] {logging_mixin.py:149} INFO - [2023-06-16T18:53:19.725+0000] {dag.py:3490} INFO - Setting next_dagrun for example_branch_labels to 2023-06-15T00:00:00+00:00, run_after=2023-06-16T00:00:00+00:00
[2023-06-16T18:53:19.792+0000] {processor.py:179} INFO - Processing /home/airflow/.local/lib/python3.7/site-packages/airflow/example_dags/example_branch_labels.py took 0.357 seconds
[2023-06-16T18:53:50.064+0000] {processor.py:157} INFO - Started process (PID=1079) to work on /home/airflow/.local/lib/python3.7/site-packages/airflow/example_dags/example_branch_labels.py
[2023-06-16T18:53:50.068+0000] {processor.py:826} INFO - Processing file /home/airflow/.local/lib/python3.7/site-packages/airflow/example_dags/example_branch_labels.py for tasks to queue
[2023-06-16T18:53:50.072+0000] {logging_mixin.py:149} INFO - [2023-06-16T18:53:50.072+0000] {dagbag.py:541} INFO - Filling up the DagBag from /home/airflow/.local/lib/python3.7/site-packages/airflow/example_dags/example_branch_labels.py
[2023-06-16T18:53:50.095+0000] {processor.py:836} INFO - DAG(s) dict_keys(['example_branch_labels']) retrieved from /home/airflow/.local/lib/python3.7/site-packages/airflow/example_dags/example_branch_labels.py
[2023-06-16T18:53:50.167+0000] {logging_mixin.py:149} INFO - [2023-06-16T18:53:50.167+0000] {dag.py:2726} INFO - Sync 1 DAGs
[2023-06-16T18:53:50.242+0000] {logging_mixin.py:149} INFO - [2023-06-16T18:53:50.242+0000] {dag.py:3490} INFO - Setting next_dagrun for example_branch_labels to 2023-06-15T00:00:00+00:00, run_after=2023-06-16T00:00:00+00:00
[2023-06-16T18:53:50.291+0000] {processor.py:179} INFO - Processing /home/airflow/.local/lib/python3.7/site-packages/airflow/example_dags/example_branch_labels.py took 0.239 seconds
[2023-06-16T18:54:20.713+0000] {processor.py:157} INFO - Started process (PID=1136) to work on /home/airflow/.local/lib/python3.7/site-packages/airflow/example_dags/example_branch_labels.py
[2023-06-16T18:54:20.719+0000] {processor.py:826} INFO - Processing file /home/airflow/.local/lib/python3.7/site-packages/airflow/example_dags/example_branch_labels.py for tasks to queue
[2023-06-16T18:54:20.723+0000] {logging_mixin.py:149} INFO - [2023-06-16T18:54:20.723+0000] {dagbag.py:541} INFO - Filling up the DagBag from /home/airflow/.local/lib/python3.7/site-packages/airflow/example_dags/example_branch_labels.py
[2023-06-16T18:54:20.742+0000] {processor.py:836} INFO - DAG(s) dict_keys(['example_branch_labels']) retrieved from /home/airflow/.local/lib/python3.7/site-packages/airflow/example_dags/example_branch_labels.py
[2023-06-16T18:54:20.811+0000] {logging_mixin.py:149} INFO - [2023-06-16T18:54:20.810+0000] {dag.py:2726} INFO - Sync 1 DAGs
[2023-06-16T18:54:20.893+0000] {logging_mixin.py:149} INFO - [2023-06-16T18:54:20.893+0000] {dag.py:3490} INFO - Setting next_dagrun for example_branch_labels to 2023-06-15T00:00:00+00:00, run_after=2023-06-16T00:00:00+00:00
[2023-06-16T18:54:20.950+0000] {processor.py:179} INFO - Processing /home/airflow/.local/lib/python3.7/site-packages/airflow/example_dags/example_branch_labels.py took 0.249 seconds
[2023-06-16T18:54:51.597+0000] {processor.py:157} INFO - Started process (PID=1195) to work on /home/airflow/.local/lib/python3.7/site-packages/airflow/example_dags/example_branch_labels.py
[2023-06-16T18:54:51.601+0000] {processor.py:826} INFO - Processing file /home/airflow/.local/lib/python3.7/site-packages/airflow/example_dags/example_branch_labels.py for tasks to queue
[2023-06-16T18:54:51.604+0000] {logging_mixin.py:149} INFO - [2023-06-16T18:54:51.604+0000] {dagbag.py:541} INFO - Filling up the DagBag from /home/airflow/.local/lib/python3.7/site-packages/airflow/example_dags/example_branch_labels.py
[2023-06-16T18:54:51.626+0000] {processor.py:836} INFO - DAG(s) dict_keys(['example_branch_labels']) retrieved from /home/airflow/.local/lib/python3.7/site-packages/airflow/example_dags/example_branch_labels.py
[2023-06-16T18:54:51.710+0000] {logging_mixin.py:149} INFO - [2023-06-16T18:54:51.710+0000] {dag.py:2726} INFO - Sync 1 DAGs
[2023-06-16T18:54:51.793+0000] {logging_mixin.py:149} INFO - [2023-06-16T18:54:51.793+0000] {dag.py:3490} INFO - Setting next_dagrun for example_branch_labels to 2023-06-15T00:00:00+00:00, run_after=2023-06-16T00:00:00+00:00
[2023-06-16T18:54:51.846+0000] {processor.py:179} INFO - Processing /home/airflow/.local/lib/python3.7/site-packages/airflow/example_dags/example_branch_labels.py took 0.259 seconds
[2023-06-16T18:55:22.251+0000] {processor.py:157} INFO - Started process (PID=1252) to work on /home/airflow/.local/lib/python3.7/site-packages/airflow/example_dags/example_branch_labels.py
[2023-06-16T18:55:22.265+0000] {processor.py:826} INFO - Processing file /home/airflow/.local/lib/python3.7/site-packages/airflow/example_dags/example_branch_labels.py for tasks to queue
[2023-06-16T18:55:22.272+0000] {logging_mixin.py:149} INFO - [2023-06-16T18:55:22.272+0000] {dagbag.py:541} INFO - Filling up the DagBag from /home/airflow/.local/lib/python3.7/site-packages/airflow/example_dags/example_branch_labels.py
[2023-06-16T18:55:22.297+0000] {processor.py:836} INFO - DAG(s) dict_keys(['example_branch_labels']) retrieved from /home/airflow/.local/lib/python3.7/site-packages/airflow/example_dags/example_branch_labels.py
[2023-06-16T18:55:22.372+0000] {logging_mixin.py:149} INFO - [2023-06-16T18:55:22.372+0000] {dag.py:2726} INFO - Sync 1 DAGs
[2023-06-16T18:55:22.442+0000] {logging_mixin.py:149} INFO - [2023-06-16T18:55:22.442+0000] {dag.py:3490} INFO - Setting next_dagrun for example_branch_labels to 2023-06-15T00:00:00+00:00, run_after=2023-06-16T00:00:00+00:00
[2023-06-16T18:55:22.486+0000] {processor.py:179} INFO - Processing /home/airflow/.local/lib/python3.7/site-packages/airflow/example_dags/example_branch_labels.py took 0.250 seconds
