[2023-06-16T09:38:02.337+0700] {processor.py:157} INFO - Started process (PID=88412) to work on /Library/Frameworks/Python.framework/Versions/3.11/lib/python3.11/site-packages/airflow/example_dags/example_bash_operator.py
[2023-06-16T09:38:02.338+0700] {processor.py:826} INFO - Processing file /Library/Frameworks/Python.framework/Versions/3.11/lib/python3.11/site-packages/airflow/example_dags/example_bash_operator.py for tasks to queue
[2023-06-16T09:38:02.338+0700] {logging_mixin.py:149} INFO - [2023-06-16T09:38:02.338+0700] {dagbag.py:541} INFO - Filling up the DagBag from /Library/Frameworks/Python.framework/Versions/3.11/lib/python3.11/site-packages/airflow/example_dags/example_bash_operator.py
[2023-06-16T09:38:02.388+0700] {processor.py:836} INFO - DAG(s) dict_keys(['example_bash_operator']) retrieved from /Library/Frameworks/Python.framework/Versions/3.11/lib/python3.11/site-packages/airflow/example_dags/example_bash_operator.py
[2023-06-16T09:38:03.298+0700] {logging_mixin.py:149} INFO - [2023-06-16T09:38:03.298+0700] {dag.py:2726} INFO - Sync 1 DAGs
[2023-06-16T09:38:03.322+0700] {logging_mixin.py:149} INFO - [2023-06-16T09:38:03.321+0700] {dag.py:3486} INFO - Setting next_dagrun for example_bash_operator to 2023-06-15T00:00:00+00:00, run_after=2023-06-16T00:00:00+00:00
[2023-06-16T09:38:03.341+0700] {processor.py:179} INFO - Processing /Library/Frameworks/Python.framework/Versions/3.11/lib/python3.11/site-packages/airflow/example_dags/example_bash_operator.py took 1.004 seconds
[2023-06-16T11:04:56.179+0700] {processor.py:157} INFO - Started process (PID=89342) to work on /Library/Frameworks/Python.framework/Versions/3.11/lib/python3.11/site-packages/airflow/example_dags/example_bash_operator.py
[2023-06-16T11:04:56.180+0700] {processor.py:826} INFO - Processing file /Library/Frameworks/Python.framework/Versions/3.11/lib/python3.11/site-packages/airflow/example_dags/example_bash_operator.py for tasks to queue
[2023-06-16T11:04:56.181+0700] {logging_mixin.py:149} INFO - [2023-06-16T11:04:56.181+0700] {dagbag.py:541} INFO - Filling up the DagBag from /Library/Frameworks/Python.framework/Versions/3.11/lib/python3.11/site-packages/airflow/example_dags/example_bash_operator.py
[2023-06-16T11:04:56.288+0700] {processor.py:836} INFO - DAG(s) dict_keys(['example_bash_operator']) retrieved from /Library/Frameworks/Python.framework/Versions/3.11/lib/python3.11/site-packages/airflow/example_dags/example_bash_operator.py
[2023-06-16T11:04:57.541+0700] {logging_mixin.py:149} INFO - [2023-06-16T11:04:57.541+0700] {dag.py:2726} INFO - Sync 1 DAGs
[2023-06-16T11:04:57.576+0700] {logging_mixin.py:149} INFO - [2023-06-16T11:04:57.576+0700] {dag.py:3486} INFO - Setting next_dagrun for example_bash_operator to 2023-06-15T00:00:00+00:00, run_after=2023-06-16T00:00:00+00:00
[2023-06-16T11:04:57.611+0700] {processor.py:179} INFO - Processing /Library/Frameworks/Python.framework/Versions/3.11/lib/python3.11/site-packages/airflow/example_dags/example_bash_operator.py took 1.434 seconds
[2023-06-16T11:11:19.521+0700] {processor.py:157} INFO - Started process (PID=90106) to work on /Library/Frameworks/Python.framework/Versions/3.11/lib/python3.11/site-packages/airflow/example_dags/example_bash_operator.py
[2023-06-16T11:11:19.521+0700] {processor.py:826} INFO - Processing file /Library/Frameworks/Python.framework/Versions/3.11/lib/python3.11/site-packages/airflow/example_dags/example_bash_operator.py for tasks to queue
[2023-06-16T11:11:19.522+0700] {logging_mixin.py:149} INFO - [2023-06-16T11:11:19.522+0700] {dagbag.py:541} INFO - Filling up the DagBag from /Library/Frameworks/Python.framework/Versions/3.11/lib/python3.11/site-packages/airflow/example_dags/example_bash_operator.py
[2023-06-16T11:11:19.579+0700] {processor.py:836} INFO - DAG(s) dict_keys(['example_bash_operator']) retrieved from /Library/Frameworks/Python.framework/Versions/3.11/lib/python3.11/site-packages/airflow/example_dags/example_bash_operator.py
[2023-06-16T11:11:20.846+0700] {logging_mixin.py:149} INFO - [2023-06-16T11:11:20.845+0700] {dag.py:2726} INFO - Sync 1 DAGs
[2023-06-16T11:11:20.883+0700] {logging_mixin.py:149} INFO - [2023-06-16T11:11:20.883+0700] {dag.py:3486} INFO - Setting next_dagrun for example_bash_operator to 2023-06-15T00:00:00+00:00, run_after=2023-06-16T00:00:00+00:00
[2023-06-16T11:11:20.908+0700] {processor.py:179} INFO - Processing /Library/Frameworks/Python.framework/Versions/3.11/lib/python3.11/site-packages/airflow/example_dags/example_bash_operator.py took 1.388 seconds
[2023-06-16T11:17:41.907+0700] {processor.py:157} INFO - Started process (PID=90849) to work on /Library/Frameworks/Python.framework/Versions/3.11/lib/python3.11/site-packages/airflow/example_dags/example_bash_operator.py
[2023-06-16T11:17:41.907+0700] {processor.py:826} INFO - Processing file /Library/Frameworks/Python.framework/Versions/3.11/lib/python3.11/site-packages/airflow/example_dags/example_bash_operator.py for tasks to queue
[2023-06-16T11:17:41.908+0700] {logging_mixin.py:149} INFO - [2023-06-16T11:17:41.908+0700] {dagbag.py:541} INFO - Filling up the DagBag from /Library/Frameworks/Python.framework/Versions/3.11/lib/python3.11/site-packages/airflow/example_dags/example_bash_operator.py
[2023-06-16T11:17:41.973+0700] {processor.py:836} INFO - DAG(s) dict_keys(['example_bash_operator']) retrieved from /Library/Frameworks/Python.framework/Versions/3.11/lib/python3.11/site-packages/airflow/example_dags/example_bash_operator.py
[2023-06-16T11:17:43.307+0700] {logging_mixin.py:149} INFO - [2023-06-16T11:17:43.306+0700] {dag.py:2726} INFO - Sync 1 DAGs
[2023-06-16T11:17:43.329+0700] {logging_mixin.py:149} INFO - [2023-06-16T11:17:43.329+0700] {dag.py:3486} INFO - Setting next_dagrun for example_bash_operator to 2023-06-15T00:00:00+00:00, run_after=2023-06-16T00:00:00+00:00
[2023-06-16T11:17:43.357+0700] {processor.py:179} INFO - Processing /Library/Frameworks/Python.framework/Versions/3.11/lib/python3.11/site-packages/airflow/example_dags/example_bash_operator.py took 1.451 seconds
[2023-06-16T11:23:37.421+0700] {processor.py:157} INFO - Started process (PID=91699) to work on /Library/Frameworks/Python.framework/Versions/3.11/lib/python3.11/site-packages/airflow/example_dags/example_bash_operator.py
[2023-06-16T11:23:37.422+0700] {processor.py:826} INFO - Processing file /Library/Frameworks/Python.framework/Versions/3.11/lib/python3.11/site-packages/airflow/example_dags/example_bash_operator.py for tasks to queue
[2023-06-16T11:23:37.423+0700] {logging_mixin.py:149} INFO - [2023-06-16T11:23:37.423+0700] {dagbag.py:541} INFO - Filling up the DagBag from /Library/Frameworks/Python.framework/Versions/3.11/lib/python3.11/site-packages/airflow/example_dags/example_bash_operator.py
[2023-06-16T11:23:37.481+0700] {processor.py:836} INFO - DAG(s) dict_keys(['example_bash_operator']) retrieved from /Library/Frameworks/Python.framework/Versions/3.11/lib/python3.11/site-packages/airflow/example_dags/example_bash_operator.py
[2023-06-16T11:23:38.586+0700] {logging_mixin.py:149} INFO - [2023-06-16T11:23:38.585+0700] {dag.py:2726} INFO - Sync 1 DAGs
[2023-06-16T11:23:38.608+0700] {logging_mixin.py:149} INFO - [2023-06-16T11:23:38.608+0700] {dag.py:3486} INFO - Setting next_dagrun for example_bash_operator to 2023-06-15T00:00:00+00:00, run_after=2023-06-16T00:00:00+00:00
[2023-06-16T11:23:38.631+0700] {processor.py:179} INFO - Processing /Library/Frameworks/Python.framework/Versions/3.11/lib/python3.11/site-packages/airflow/example_dags/example_bash_operator.py took 1.211 seconds
[2023-06-16T11:31:25.837+0700] {processor.py:157} INFO - Started process (PID=92658) to work on /Library/Frameworks/Python.framework/Versions/3.11/lib/python3.11/site-packages/airflow/example_dags/example_bash_operator.py
[2023-06-16T11:31:25.838+0700] {processor.py:826} INFO - Processing file /Library/Frameworks/Python.framework/Versions/3.11/lib/python3.11/site-packages/airflow/example_dags/example_bash_operator.py for tasks to queue
[2023-06-16T11:31:25.838+0700] {logging_mixin.py:149} INFO - [2023-06-16T11:31:25.838+0700] {dagbag.py:541} INFO - Filling up the DagBag from /Library/Frameworks/Python.framework/Versions/3.11/lib/python3.11/site-packages/airflow/example_dags/example_bash_operator.py
[2023-06-16T11:31:25.907+0700] {processor.py:836} INFO - DAG(s) dict_keys(['example_bash_operator']) retrieved from /Library/Frameworks/Python.framework/Versions/3.11/lib/python3.11/site-packages/airflow/example_dags/example_bash_operator.py
[2023-06-16T11:31:27.449+0700] {logging_mixin.py:149} INFO - [2023-06-16T11:31:27.449+0700] {dag.py:2726} INFO - Sync 1 DAGs
[2023-06-16T11:31:27.481+0700] {logging_mixin.py:149} INFO - [2023-06-16T11:31:27.481+0700] {dag.py:3486} INFO - Setting next_dagrun for example_bash_operator to 2023-06-15T00:00:00+00:00, run_after=2023-06-16T00:00:00+00:00
[2023-06-16T11:31:27.504+0700] {processor.py:179} INFO - Processing /Library/Frameworks/Python.framework/Versions/3.11/lib/python3.11/site-packages/airflow/example_dags/example_bash_operator.py took 1.668 seconds
[2023-06-16T11:37:24.904+0700] {processor.py:157} INFO - Started process (PID=93783) to work on /Library/Frameworks/Python.framework/Versions/3.11/lib/python3.11/site-packages/airflow/example_dags/example_bash_operator.py
[2023-06-16T11:37:24.905+0700] {processor.py:826} INFO - Processing file /Library/Frameworks/Python.framework/Versions/3.11/lib/python3.11/site-packages/airflow/example_dags/example_bash_operator.py for tasks to queue
[2023-06-16T11:37:24.906+0700] {logging_mixin.py:149} INFO - [2023-06-16T11:37:24.906+0700] {dagbag.py:541} INFO - Filling up the DagBag from /Library/Frameworks/Python.framework/Versions/3.11/lib/python3.11/site-packages/airflow/example_dags/example_bash_operator.py
[2023-06-16T11:37:24.972+0700] {processor.py:836} INFO - DAG(s) dict_keys(['example_bash_operator']) retrieved from /Library/Frameworks/Python.framework/Versions/3.11/lib/python3.11/site-packages/airflow/example_dags/example_bash_operator.py
[2023-06-16T11:37:26.185+0700] {logging_mixin.py:149} INFO - [2023-06-16T11:37:26.185+0700] {dag.py:2726} INFO - Sync 1 DAGs
[2023-06-16T11:37:26.210+0700] {logging_mixin.py:149} INFO - [2023-06-16T11:37:26.210+0700] {dag.py:3486} INFO - Setting next_dagrun for example_bash_operator to 2023-06-15T00:00:00+00:00, run_after=2023-06-16T00:00:00+00:00
[2023-06-16T11:37:26.235+0700] {processor.py:179} INFO - Processing /Library/Frameworks/Python.framework/Versions/3.11/lib/python3.11/site-packages/airflow/example_dags/example_bash_operator.py took 1.332 seconds
[2023-06-16T11:43:07.675+0700] {processor.py:157} INFO - Started process (PID=94489) to work on /Library/Frameworks/Python.framework/Versions/3.11/lib/python3.11/site-packages/airflow/example_dags/example_bash_operator.py
[2023-06-16T11:43:07.677+0700] {processor.py:826} INFO - Processing file /Library/Frameworks/Python.framework/Versions/3.11/lib/python3.11/site-packages/airflow/example_dags/example_bash_operator.py for tasks to queue
[2023-06-16T11:43:07.677+0700] {logging_mixin.py:149} INFO - [2023-06-16T11:43:07.677+0700] {dagbag.py:541} INFO - Filling up the DagBag from /Library/Frameworks/Python.framework/Versions/3.11/lib/python3.11/site-packages/airflow/example_dags/example_bash_operator.py
[2023-06-16T11:43:07.775+0700] {processor.py:836} INFO - DAG(s) dict_keys(['example_bash_operator']) retrieved from /Library/Frameworks/Python.framework/Versions/3.11/lib/python3.11/site-packages/airflow/example_dags/example_bash_operator.py
[2023-06-16T11:43:09.177+0700] {logging_mixin.py:149} INFO - [2023-06-16T11:43:09.177+0700] {dag.py:2726} INFO - Sync 1 DAGs
[2023-06-16T11:43:09.206+0700] {logging_mixin.py:149} INFO - [2023-06-16T11:43:09.206+0700] {dag.py:3486} INFO - Setting next_dagrun for example_bash_operator to 2023-06-15T00:00:00+00:00, run_after=2023-06-16T00:00:00+00:00
[2023-06-16T11:43:09.236+0700] {processor.py:179} INFO - Processing /Library/Frameworks/Python.framework/Versions/3.11/lib/python3.11/site-packages/airflow/example_dags/example_bash_operator.py took 1.562 seconds
[2023-06-16T11:51:51.145+0700] {processor.py:157} INFO - Started process (PID=95576) to work on /Library/Frameworks/Python.framework/Versions/3.11/lib/python3.11/site-packages/airflow/example_dags/example_bash_operator.py
[2023-06-16T11:51:51.147+0700] {processor.py:826} INFO - Processing file /Library/Frameworks/Python.framework/Versions/3.11/lib/python3.11/site-packages/airflow/example_dags/example_bash_operator.py for tasks to queue
[2023-06-16T11:51:51.148+0700] {logging_mixin.py:149} INFO - [2023-06-16T11:51:51.147+0700] {dagbag.py:541} INFO - Filling up the DagBag from /Library/Frameworks/Python.framework/Versions/3.11/lib/python3.11/site-packages/airflow/example_dags/example_bash_operator.py
[2023-06-16T11:51:51.213+0700] {processor.py:836} INFO - DAG(s) dict_keys(['example_bash_operator']) retrieved from /Library/Frameworks/Python.framework/Versions/3.11/lib/python3.11/site-packages/airflow/example_dags/example_bash_operator.py
[2023-06-16T11:51:52.825+0700] {logging_mixin.py:149} INFO - [2023-06-16T11:51:52.824+0700] {dag.py:2726} INFO - Sync 1 DAGs
[2023-06-16T11:51:52.853+0700] {logging_mixin.py:149} INFO - [2023-06-16T11:51:52.853+0700] {dag.py:3486} INFO - Setting next_dagrun for example_bash_operator to 2023-06-15T00:00:00+00:00, run_after=2023-06-16T00:00:00+00:00
[2023-06-16T11:51:52.877+0700] {processor.py:179} INFO - Processing /Library/Frameworks/Python.framework/Versions/3.11/lib/python3.11/site-packages/airflow/example_dags/example_bash_operator.py took 1.733 seconds
[2023-06-16T11:58:06.556+0700] {processor.py:157} INFO - Started process (PID=96331) to work on /Library/Frameworks/Python.framework/Versions/3.11/lib/python3.11/site-packages/airflow/example_dags/example_bash_operator.py
[2023-06-16T11:58:06.557+0700] {processor.py:826} INFO - Processing file /Library/Frameworks/Python.framework/Versions/3.11/lib/python3.11/site-packages/airflow/example_dags/example_bash_operator.py for tasks to queue
[2023-06-16T11:58:06.558+0700] {logging_mixin.py:149} INFO - [2023-06-16T11:58:06.558+0700] {dagbag.py:541} INFO - Filling up the DagBag from /Library/Frameworks/Python.framework/Versions/3.11/lib/python3.11/site-packages/airflow/example_dags/example_bash_operator.py
[2023-06-16T11:58:06.618+0700] {processor.py:836} INFO - DAG(s) dict_keys(['example_bash_operator']) retrieved from /Library/Frameworks/Python.framework/Versions/3.11/lib/python3.11/site-packages/airflow/example_dags/example_bash_operator.py
[2023-06-16T11:58:07.839+0700] {logging_mixin.py:149} INFO - [2023-06-16T11:58:07.838+0700] {dag.py:2726} INFO - Sync 1 DAGs
[2023-06-16T11:58:07.869+0700] {logging_mixin.py:149} INFO - [2023-06-16T11:58:07.869+0700] {dag.py:3486} INFO - Setting next_dagrun for example_bash_operator to 2023-06-15T00:00:00+00:00, run_after=2023-06-16T00:00:00+00:00
[2023-06-16T11:58:07.898+0700] {processor.py:179} INFO - Processing /Library/Frameworks/Python.framework/Versions/3.11/lib/python3.11/site-packages/airflow/example_dags/example_bash_operator.py took 1.342 seconds
[2023-06-16T12:03:39.539+0700] {processor.py:157} INFO - Started process (PID=97078) to work on /Library/Frameworks/Python.framework/Versions/3.11/lib/python3.11/site-packages/airflow/example_dags/example_bash_operator.py
[2023-06-16T12:03:39.540+0700] {processor.py:826} INFO - Processing file /Library/Frameworks/Python.framework/Versions/3.11/lib/python3.11/site-packages/airflow/example_dags/example_bash_operator.py for tasks to queue
[2023-06-16T12:03:39.541+0700] {logging_mixin.py:149} INFO - [2023-06-16T12:03:39.541+0700] {dagbag.py:541} INFO - Filling up the DagBag from /Library/Frameworks/Python.framework/Versions/3.11/lib/python3.11/site-packages/airflow/example_dags/example_bash_operator.py
[2023-06-16T12:03:39.599+0700] {processor.py:836} INFO - DAG(s) dict_keys(['example_bash_operator']) retrieved from /Library/Frameworks/Python.framework/Versions/3.11/lib/python3.11/site-packages/airflow/example_dags/example_bash_operator.py
[2023-06-16T12:03:40.680+0700] {logging_mixin.py:149} INFO - [2023-06-16T12:03:40.679+0700] {dag.py:2726} INFO - Sync 1 DAGs
[2023-06-16T12:03:40.708+0700] {logging_mixin.py:149} INFO - [2023-06-16T12:03:40.708+0700] {dag.py:3486} INFO - Setting next_dagrun for example_bash_operator to 2023-06-15T00:00:00+00:00, run_after=2023-06-16T00:00:00+00:00
[2023-06-16T12:03:40.730+0700] {processor.py:179} INFO - Processing /Library/Frameworks/Python.framework/Versions/3.11/lib/python3.11/site-packages/airflow/example_dags/example_bash_operator.py took 1.192 seconds
[2023-06-16T12:08:35.897+0700] {processor.py:157} INFO - Started process (PID=97684) to work on /Library/Frameworks/Python.framework/Versions/3.11/lib/python3.11/site-packages/airflow/example_dags/example_bash_operator.py
[2023-06-16T12:08:35.898+0700] {processor.py:826} INFO - Processing file /Library/Frameworks/Python.framework/Versions/3.11/lib/python3.11/site-packages/airflow/example_dags/example_bash_operator.py for tasks to queue
[2023-06-16T12:08:35.899+0700] {logging_mixin.py:149} INFO - [2023-06-16T12:08:35.899+0700] {dagbag.py:541} INFO - Filling up the DagBag from /Library/Frameworks/Python.framework/Versions/3.11/lib/python3.11/site-packages/airflow/example_dags/example_bash_operator.py
[2023-06-16T12:08:35.969+0700] {processor.py:836} INFO - DAG(s) dict_keys(['example_bash_operator']) retrieved from /Library/Frameworks/Python.framework/Versions/3.11/lib/python3.11/site-packages/airflow/example_dags/example_bash_operator.py
[2023-06-16T12:08:37.014+0700] {logging_mixin.py:149} INFO - [2023-06-16T12:08:37.013+0700] {dag.py:2726} INFO - Sync 1 DAGs
[2023-06-16T12:08:37.033+0700] {logging_mixin.py:149} INFO - [2023-06-16T12:08:37.033+0700] {dag.py:3486} INFO - Setting next_dagrun for example_bash_operator to 2023-06-15T00:00:00+00:00, run_after=2023-06-16T00:00:00+00:00
[2023-06-16T12:08:37.052+0700] {processor.py:179} INFO - Processing /Library/Frameworks/Python.framework/Versions/3.11/lib/python3.11/site-packages/airflow/example_dags/example_bash_operator.py took 1.156 seconds
[2023-06-16T12:13:31.475+0700] {processor.py:157} INFO - Started process (PID=98346) to work on /Library/Frameworks/Python.framework/Versions/3.11/lib/python3.11/site-packages/airflow/example_dags/example_bash_operator.py
[2023-06-16T12:13:31.477+0700] {processor.py:826} INFO - Processing file /Library/Frameworks/Python.framework/Versions/3.11/lib/python3.11/site-packages/airflow/example_dags/example_bash_operator.py for tasks to queue
[2023-06-16T12:13:31.478+0700] {logging_mixin.py:149} INFO - [2023-06-16T12:13:31.477+0700] {dagbag.py:541} INFO - Filling up the DagBag from /Library/Frameworks/Python.framework/Versions/3.11/lib/python3.11/site-packages/airflow/example_dags/example_bash_operator.py
[2023-06-16T12:13:31.551+0700] {processor.py:836} INFO - DAG(s) dict_keys(['example_bash_operator']) retrieved from /Library/Frameworks/Python.framework/Versions/3.11/lib/python3.11/site-packages/airflow/example_dags/example_bash_operator.py
[2023-06-16T12:13:32.831+0700] {logging_mixin.py:149} INFO - [2023-06-16T12:13:32.830+0700] {dag.py:2726} INFO - Sync 1 DAGs
[2023-06-16T12:13:32.858+0700] {logging_mixin.py:149} INFO - [2023-06-16T12:13:32.858+0700] {dag.py:3486} INFO - Setting next_dagrun for example_bash_operator to 2023-06-15T00:00:00+00:00, run_after=2023-06-16T00:00:00+00:00
[2023-06-16T12:13:32.885+0700] {processor.py:179} INFO - Processing /Library/Frameworks/Python.framework/Versions/3.11/lib/python3.11/site-packages/airflow/example_dags/example_bash_operator.py took 1.411 seconds
[2023-06-16T12:18:31.873+0700] {processor.py:157} INFO - Started process (PID=98946) to work on /Library/Frameworks/Python.framework/Versions/3.11/lib/python3.11/site-packages/airflow/example_dags/example_bash_operator.py
[2023-06-16T12:18:31.875+0700] {processor.py:826} INFO - Processing file /Library/Frameworks/Python.framework/Versions/3.11/lib/python3.11/site-packages/airflow/example_dags/example_bash_operator.py for tasks to queue
[2023-06-16T12:18:31.876+0700] {logging_mixin.py:149} INFO - [2023-06-16T12:18:31.876+0700] {dagbag.py:541} INFO - Filling up the DagBag from /Library/Frameworks/Python.framework/Versions/3.11/lib/python3.11/site-packages/airflow/example_dags/example_bash_operator.py
[2023-06-16T12:18:31.945+0700] {processor.py:836} INFO - DAG(s) dict_keys(['example_bash_operator']) retrieved from /Library/Frameworks/Python.framework/Versions/3.11/lib/python3.11/site-packages/airflow/example_dags/example_bash_operator.py
[2023-06-16T12:18:33.126+0700] {logging_mixin.py:149} INFO - [2023-06-16T12:18:33.126+0700] {dag.py:2726} INFO - Sync 1 DAGs
[2023-06-16T12:18:33.149+0700] {logging_mixin.py:149} INFO - [2023-06-16T12:18:33.149+0700] {dag.py:3486} INFO - Setting next_dagrun for example_bash_operator to 2023-06-15T00:00:00+00:00, run_after=2023-06-16T00:00:00+00:00
[2023-06-16T12:18:33.170+0700] {processor.py:179} INFO - Processing /Library/Frameworks/Python.framework/Versions/3.11/lib/python3.11/site-packages/airflow/example_dags/example_bash_operator.py took 1.298 seconds
[2023-06-16T12:24:15.988+0700] {processor.py:157} INFO - Started process (PID=99735) to work on /Library/Frameworks/Python.framework/Versions/3.11/lib/python3.11/site-packages/airflow/example_dags/example_bash_operator.py
[2023-06-16T12:24:15.990+0700] {processor.py:826} INFO - Processing file /Library/Frameworks/Python.framework/Versions/3.11/lib/python3.11/site-packages/airflow/example_dags/example_bash_operator.py for tasks to queue
[2023-06-16T12:24:15.990+0700] {logging_mixin.py:149} INFO - [2023-06-16T12:24:15.990+0700] {dagbag.py:541} INFO - Filling up the DagBag from /Library/Frameworks/Python.framework/Versions/3.11/lib/python3.11/site-packages/airflow/example_dags/example_bash_operator.py
[2023-06-16T12:24:16.066+0700] {processor.py:836} INFO - DAG(s) dict_keys(['example_bash_operator']) retrieved from /Library/Frameworks/Python.framework/Versions/3.11/lib/python3.11/site-packages/airflow/example_dags/example_bash_operator.py
[2023-06-16T12:24:17.381+0700] {logging_mixin.py:149} INFO - [2023-06-16T12:24:17.380+0700] {dag.py:2726} INFO - Sync 1 DAGs
[2023-06-16T12:24:17.406+0700] {logging_mixin.py:149} INFO - [2023-06-16T12:24:17.406+0700] {dag.py:3486} INFO - Setting next_dagrun for example_bash_operator to 2023-06-15T00:00:00+00:00, run_after=2023-06-16T00:00:00+00:00
[2023-06-16T12:24:17.430+0700] {processor.py:179} INFO - Processing /Library/Frameworks/Python.framework/Versions/3.11/lib/python3.11/site-packages/airflow/example_dags/example_bash_operator.py took 1.442 seconds
[2023-06-16T12:29:35.463+0700] {processor.py:157} INFO - Started process (PID=862) to work on /Library/Frameworks/Python.framework/Versions/3.11/lib/python3.11/site-packages/airflow/example_dags/example_bash_operator.py
[2023-06-16T12:29:35.464+0700] {processor.py:826} INFO - Processing file /Library/Frameworks/Python.framework/Versions/3.11/lib/python3.11/site-packages/airflow/example_dags/example_bash_operator.py for tasks to queue
[2023-06-16T12:29:35.465+0700] {logging_mixin.py:149} INFO - [2023-06-16T12:29:35.465+0700] {dagbag.py:541} INFO - Filling up the DagBag from /Library/Frameworks/Python.framework/Versions/3.11/lib/python3.11/site-packages/airflow/example_dags/example_bash_operator.py
[2023-06-16T12:29:35.528+0700] {processor.py:836} INFO - DAG(s) dict_keys(['example_bash_operator']) retrieved from /Library/Frameworks/Python.framework/Versions/3.11/lib/python3.11/site-packages/airflow/example_dags/example_bash_operator.py
[2023-06-16T12:29:36.953+0700] {logging_mixin.py:149} INFO - [2023-06-16T12:29:36.952+0700] {dag.py:2726} INFO - Sync 1 DAGs
[2023-06-16T12:29:36.998+0700] {logging_mixin.py:149} INFO - [2023-06-16T12:29:36.998+0700] {dag.py:3486} INFO - Setting next_dagrun for example_bash_operator to 2023-06-15T00:00:00+00:00, run_after=2023-06-16T00:00:00+00:00
[2023-06-16T12:29:37.027+0700] {processor.py:179} INFO - Processing /Library/Frameworks/Python.framework/Versions/3.11/lib/python3.11/site-packages/airflow/example_dags/example_bash_operator.py took 1.565 seconds
[2023-06-16T12:34:49.947+0700] {processor.py:157} INFO - Started process (PID=1603) to work on /Library/Frameworks/Python.framework/Versions/3.11/lib/python3.11/site-packages/airflow/example_dags/example_bash_operator.py
[2023-06-16T12:34:49.948+0700] {processor.py:826} INFO - Processing file /Library/Frameworks/Python.framework/Versions/3.11/lib/python3.11/site-packages/airflow/example_dags/example_bash_operator.py for tasks to queue
[2023-06-16T12:34:49.948+0700] {logging_mixin.py:149} INFO - [2023-06-16T12:34:49.948+0700] {dagbag.py:541} INFO - Filling up the DagBag from /Library/Frameworks/Python.framework/Versions/3.11/lib/python3.11/site-packages/airflow/example_dags/example_bash_operator.py
[2023-06-16T12:34:50.018+0700] {processor.py:836} INFO - DAG(s) dict_keys(['example_bash_operator']) retrieved from /Library/Frameworks/Python.framework/Versions/3.11/lib/python3.11/site-packages/airflow/example_dags/example_bash_operator.py
[2023-06-16T12:34:51.517+0700] {logging_mixin.py:149} INFO - [2023-06-16T12:34:51.516+0700] {dag.py:2726} INFO - Sync 1 DAGs
[2023-06-16T12:34:51.549+0700] {logging_mixin.py:149} INFO - [2023-06-16T12:34:51.549+0700] {dag.py:3486} INFO - Setting next_dagrun for example_bash_operator to 2023-06-15T00:00:00+00:00, run_after=2023-06-16T00:00:00+00:00
[2023-06-16T12:34:51.582+0700] {processor.py:179} INFO - Processing /Library/Frameworks/Python.framework/Versions/3.11/lib/python3.11/site-packages/airflow/example_dags/example_bash_operator.py took 1.636 seconds
[2023-06-16T12:40:28.273+0700] {processor.py:157} INFO - Started process (PID=2489) to work on /Library/Frameworks/Python.framework/Versions/3.11/lib/python3.11/site-packages/airflow/example_dags/example_bash_operator.py
[2023-06-16T12:40:28.274+0700] {processor.py:826} INFO - Processing file /Library/Frameworks/Python.framework/Versions/3.11/lib/python3.11/site-packages/airflow/example_dags/example_bash_operator.py for tasks to queue
[2023-06-16T12:40:28.275+0700] {logging_mixin.py:149} INFO - [2023-06-16T12:40:28.274+0700] {dagbag.py:541} INFO - Filling up the DagBag from /Library/Frameworks/Python.framework/Versions/3.11/lib/python3.11/site-packages/airflow/example_dags/example_bash_operator.py
[2023-06-16T12:40:28.349+0700] {processor.py:836} INFO - DAG(s) dict_keys(['example_bash_operator']) retrieved from /Library/Frameworks/Python.framework/Versions/3.11/lib/python3.11/site-packages/airflow/example_dags/example_bash_operator.py
[2023-06-16T12:40:29.819+0700] {logging_mixin.py:149} INFO - [2023-06-16T12:40:29.818+0700] {dag.py:2726} INFO - Sync 1 DAGs
[2023-06-16T12:40:29.843+0700] {logging_mixin.py:149} INFO - [2023-06-16T12:40:29.843+0700] {dag.py:3486} INFO - Setting next_dagrun for example_bash_operator to 2023-06-15T00:00:00+00:00, run_after=2023-06-16T00:00:00+00:00
[2023-06-16T12:40:29.865+0700] {processor.py:179} INFO - Processing /Library/Frameworks/Python.framework/Versions/3.11/lib/python3.11/site-packages/airflow/example_dags/example_bash_operator.py took 1.594 seconds
[2023-06-16T12:46:43.131+0700] {processor.py:157} INFO - Started process (PID=3423) to work on /Library/Frameworks/Python.framework/Versions/3.11/lib/python3.11/site-packages/airflow/example_dags/example_bash_operator.py
[2023-06-16T12:46:43.133+0700] {processor.py:826} INFO - Processing file /Library/Frameworks/Python.framework/Versions/3.11/lib/python3.11/site-packages/airflow/example_dags/example_bash_operator.py for tasks to queue
[2023-06-16T12:46:43.133+0700] {logging_mixin.py:149} INFO - [2023-06-16T12:46:43.133+0700] {dagbag.py:541} INFO - Filling up the DagBag from /Library/Frameworks/Python.framework/Versions/3.11/lib/python3.11/site-packages/airflow/example_dags/example_bash_operator.py
[2023-06-16T12:46:43.206+0700] {processor.py:836} INFO - DAG(s) dict_keys(['example_bash_operator']) retrieved from /Library/Frameworks/Python.framework/Versions/3.11/lib/python3.11/site-packages/airflow/example_dags/example_bash_operator.py
[2023-06-16T12:46:44.679+0700] {logging_mixin.py:149} INFO - [2023-06-16T12:46:44.679+0700] {dag.py:2726} INFO - Sync 1 DAGs
[2023-06-16T12:46:44.710+0700] {logging_mixin.py:149} INFO - [2023-06-16T12:46:44.710+0700] {dag.py:3486} INFO - Setting next_dagrun for example_bash_operator to 2023-06-15T00:00:00+00:00, run_after=2023-06-16T00:00:00+00:00
[2023-06-16T12:46:44.747+0700] {processor.py:179} INFO - Processing /Library/Frameworks/Python.framework/Versions/3.11/lib/python3.11/site-packages/airflow/example_dags/example_bash_operator.py took 1.617 seconds
[2023-06-16T12:52:29.082+0700] {processor.py:157} INFO - Started process (PID=4179) to work on /Library/Frameworks/Python.framework/Versions/3.11/lib/python3.11/site-packages/airflow/example_dags/example_bash_operator.py
[2023-06-16T12:52:29.084+0700] {processor.py:826} INFO - Processing file /Library/Frameworks/Python.framework/Versions/3.11/lib/python3.11/site-packages/airflow/example_dags/example_bash_operator.py for tasks to queue
[2023-06-16T12:52:29.085+0700] {logging_mixin.py:149} INFO - [2023-06-16T12:52:29.084+0700] {dagbag.py:541} INFO - Filling up the DagBag from /Library/Frameworks/Python.framework/Versions/3.11/lib/python3.11/site-packages/airflow/example_dags/example_bash_operator.py
[2023-06-16T12:52:29.158+0700] {processor.py:836} INFO - DAG(s) dict_keys(['example_bash_operator']) retrieved from /Library/Frameworks/Python.framework/Versions/3.11/lib/python3.11/site-packages/airflow/example_dags/example_bash_operator.py
[2023-06-16T12:52:30.740+0700] {logging_mixin.py:149} INFO - [2023-06-16T12:52:30.739+0700] {dag.py:2726} INFO - Sync 1 DAGs
[2023-06-16T12:52:30.774+0700] {logging_mixin.py:149} INFO - [2023-06-16T12:52:30.774+0700] {dag.py:3486} INFO - Setting next_dagrun for example_bash_operator to 2023-06-15T00:00:00+00:00, run_after=2023-06-16T00:00:00+00:00
[2023-06-16T12:52:30.800+0700] {processor.py:179} INFO - Processing /Library/Frameworks/Python.framework/Versions/3.11/lib/python3.11/site-packages/airflow/example_dags/example_bash_operator.py took 1.719 seconds
[2023-06-16T12:57:39.958+0700] {processor.py:157} INFO - Started process (PID=4907) to work on /Library/Frameworks/Python.framework/Versions/3.11/lib/python3.11/site-packages/airflow/example_dags/example_bash_operator.py
[2023-06-16T12:57:39.959+0700] {processor.py:826} INFO - Processing file /Library/Frameworks/Python.framework/Versions/3.11/lib/python3.11/site-packages/airflow/example_dags/example_bash_operator.py for tasks to queue
[2023-06-16T12:57:39.959+0700] {logging_mixin.py:149} INFO - [2023-06-16T12:57:39.959+0700] {dagbag.py:541} INFO - Filling up the DagBag from /Library/Frameworks/Python.framework/Versions/3.11/lib/python3.11/site-packages/airflow/example_dags/example_bash_operator.py
[2023-06-16T12:57:40.039+0700] {processor.py:836} INFO - DAG(s) dict_keys(['example_bash_operator']) retrieved from /Library/Frameworks/Python.framework/Versions/3.11/lib/python3.11/site-packages/airflow/example_dags/example_bash_operator.py
[2023-06-16T12:57:41.632+0700] {logging_mixin.py:149} INFO - [2023-06-16T12:57:41.632+0700] {dag.py:2726} INFO - Sync 1 DAGs
[2023-06-16T12:57:41.671+0700] {logging_mixin.py:149} INFO - [2023-06-16T12:57:41.670+0700] {dag.py:3486} INFO - Setting next_dagrun for example_bash_operator to 2023-06-15T00:00:00+00:00, run_after=2023-06-16T00:00:00+00:00
[2023-06-16T12:57:41.701+0700] {processor.py:179} INFO - Processing /Library/Frameworks/Python.framework/Versions/3.11/lib/python3.11/site-packages/airflow/example_dags/example_bash_operator.py took 1.744 seconds
[2023-06-16T13:03:17.322+0700] {processor.py:157} INFO - Started process (PID=5806) to work on /Library/Frameworks/Python.framework/Versions/3.11/lib/python3.11/site-packages/airflow/example_dags/example_bash_operator.py
[2023-06-16T13:03:17.323+0700] {processor.py:826} INFO - Processing file /Library/Frameworks/Python.framework/Versions/3.11/lib/python3.11/site-packages/airflow/example_dags/example_bash_operator.py for tasks to queue
[2023-06-16T13:03:17.323+0700] {logging_mixin.py:149} INFO - [2023-06-16T13:03:17.323+0700] {dagbag.py:541} INFO - Filling up the DagBag from /Library/Frameworks/Python.framework/Versions/3.11/lib/python3.11/site-packages/airflow/example_dags/example_bash_operator.py
[2023-06-16T13:03:17.384+0700] {processor.py:836} INFO - DAG(s) dict_keys(['example_bash_operator']) retrieved from /Library/Frameworks/Python.framework/Versions/3.11/lib/python3.11/site-packages/airflow/example_dags/example_bash_operator.py
[2023-06-16T13:03:18.924+0700] {logging_mixin.py:149} INFO - [2023-06-16T13:03:18.924+0700] {dag.py:2726} INFO - Sync 1 DAGs
[2023-06-16T13:03:18.953+0700] {logging_mixin.py:149} INFO - [2023-06-16T13:03:18.952+0700] {dag.py:3486} INFO - Setting next_dagrun for example_bash_operator to 2023-06-15T00:00:00+00:00, run_after=2023-06-16T00:00:00+00:00
[2023-06-16T13:03:18.977+0700] {processor.py:179} INFO - Processing /Library/Frameworks/Python.framework/Versions/3.11/lib/python3.11/site-packages/airflow/example_dags/example_bash_operator.py took 1.656 seconds
[2023-06-16T13:08:33.253+0700] {processor.py:157} INFO - Started process (PID=6519) to work on /Library/Frameworks/Python.framework/Versions/3.11/lib/python3.11/site-packages/airflow/example_dags/example_bash_operator.py
[2023-06-16T13:08:33.254+0700] {processor.py:826} INFO - Processing file /Library/Frameworks/Python.framework/Versions/3.11/lib/python3.11/site-packages/airflow/example_dags/example_bash_operator.py for tasks to queue
[2023-06-16T13:08:33.254+0700] {logging_mixin.py:149} INFO - [2023-06-16T13:08:33.254+0700] {dagbag.py:541} INFO - Filling up the DagBag from /Library/Frameworks/Python.framework/Versions/3.11/lib/python3.11/site-packages/airflow/example_dags/example_bash_operator.py
[2023-06-16T13:08:33.327+0700] {processor.py:836} INFO - DAG(s) dict_keys(['example_bash_operator']) retrieved from /Library/Frameworks/Python.framework/Versions/3.11/lib/python3.11/site-packages/airflow/example_dags/example_bash_operator.py
[2023-06-16T13:08:34.688+0700] {logging_mixin.py:149} INFO - [2023-06-16T13:08:34.688+0700] {dag.py:2726} INFO - Sync 1 DAGs
[2023-06-16T13:08:34.715+0700] {logging_mixin.py:149} INFO - [2023-06-16T13:08:34.715+0700] {dag.py:3486} INFO - Setting next_dagrun for example_bash_operator to 2023-06-15T00:00:00+00:00, run_after=2023-06-16T00:00:00+00:00
[2023-06-16T13:08:34.737+0700] {processor.py:179} INFO - Processing /Library/Frameworks/Python.framework/Versions/3.11/lib/python3.11/site-packages/airflow/example_dags/example_bash_operator.py took 1.485 seconds
[2023-06-16T13:13:52.703+0700] {processor.py:157} INFO - Started process (PID=7348) to work on /Library/Frameworks/Python.framework/Versions/3.11/lib/python3.11/site-packages/airflow/example_dags/example_bash_operator.py
[2023-06-16T13:13:52.704+0700] {processor.py:826} INFO - Processing file /Library/Frameworks/Python.framework/Versions/3.11/lib/python3.11/site-packages/airflow/example_dags/example_bash_operator.py for tasks to queue
[2023-06-16T13:13:52.704+0700] {logging_mixin.py:149} INFO - [2023-06-16T13:13:52.704+0700] {dagbag.py:541} INFO - Filling up the DagBag from /Library/Frameworks/Python.framework/Versions/3.11/lib/python3.11/site-packages/airflow/example_dags/example_bash_operator.py
[2023-06-16T13:13:52.767+0700] {processor.py:836} INFO - DAG(s) dict_keys(['example_bash_operator']) retrieved from /Library/Frameworks/Python.framework/Versions/3.11/lib/python3.11/site-packages/airflow/example_dags/example_bash_operator.py
[2023-06-16T13:13:54.038+0700] {logging_mixin.py:149} INFO - [2023-06-16T13:13:54.038+0700] {dag.py:2726} INFO - Sync 1 DAGs
[2023-06-16T13:13:54.063+0700] {logging_mixin.py:149} INFO - [2023-06-16T13:13:54.063+0700] {dag.py:3486} INFO - Setting next_dagrun for example_bash_operator to 2023-06-15T00:00:00+00:00, run_after=2023-06-16T00:00:00+00:00
[2023-06-16T13:13:54.087+0700] {processor.py:179} INFO - Processing /Library/Frameworks/Python.framework/Versions/3.11/lib/python3.11/site-packages/airflow/example_dags/example_bash_operator.py took 1.385 seconds
[2023-06-16T13:20:05.366+0700] {processor.py:157} INFO - Started process (PID=8204) to work on /Library/Frameworks/Python.framework/Versions/3.11/lib/python3.11/site-packages/airflow/example_dags/example_bash_operator.py
[2023-06-16T13:20:05.367+0700] {processor.py:826} INFO - Processing file /Library/Frameworks/Python.framework/Versions/3.11/lib/python3.11/site-packages/airflow/example_dags/example_bash_operator.py for tasks to queue
[2023-06-16T13:20:05.368+0700] {logging_mixin.py:149} INFO - [2023-06-16T13:20:05.368+0700] {dagbag.py:541} INFO - Filling up the DagBag from /Library/Frameworks/Python.framework/Versions/3.11/lib/python3.11/site-packages/airflow/example_dags/example_bash_operator.py
[2023-06-16T13:20:05.422+0700] {processor.py:836} INFO - DAG(s) dict_keys(['example_bash_operator']) retrieved from /Library/Frameworks/Python.framework/Versions/3.11/lib/python3.11/site-packages/airflow/example_dags/example_bash_operator.py
[2023-06-16T13:20:06.823+0700] {logging_mixin.py:149} INFO - [2023-06-16T13:20:06.823+0700] {dag.py:2726} INFO - Sync 1 DAGs
[2023-06-16T13:20:06.849+0700] {logging_mixin.py:149} INFO - [2023-06-16T13:20:06.849+0700] {dag.py:3486} INFO - Setting next_dagrun for example_bash_operator to 2023-06-15T00:00:00+00:00, run_after=2023-06-16T00:00:00+00:00
[2023-06-16T13:20:06.870+0700] {processor.py:179} INFO - Processing /Library/Frameworks/Python.framework/Versions/3.11/lib/python3.11/site-packages/airflow/example_dags/example_bash_operator.py took 1.505 seconds
[2023-06-16T13:25:26.272+0700] {processor.py:157} INFO - Started process (PID=8947) to work on /Library/Frameworks/Python.framework/Versions/3.11/lib/python3.11/site-packages/airflow/example_dags/example_bash_operator.py
[2023-06-16T13:25:26.272+0700] {processor.py:826} INFO - Processing file /Library/Frameworks/Python.framework/Versions/3.11/lib/python3.11/site-packages/airflow/example_dags/example_bash_operator.py for tasks to queue
[2023-06-16T13:25:26.273+0700] {logging_mixin.py:149} INFO - [2023-06-16T13:25:26.273+0700] {dagbag.py:541} INFO - Filling up the DagBag from /Library/Frameworks/Python.framework/Versions/3.11/lib/python3.11/site-packages/airflow/example_dags/example_bash_operator.py
[2023-06-16T13:25:26.328+0700] {processor.py:836} INFO - DAG(s) dict_keys(['example_bash_operator']) retrieved from /Library/Frameworks/Python.framework/Versions/3.11/lib/python3.11/site-packages/airflow/example_dags/example_bash_operator.py
[2023-06-16T13:25:27.389+0700] {logging_mixin.py:149} INFO - [2023-06-16T13:25:27.389+0700] {dag.py:2726} INFO - Sync 1 DAGs
[2023-06-16T13:25:27.410+0700] {logging_mixin.py:149} INFO - [2023-06-16T13:25:27.410+0700] {dag.py:3486} INFO - Setting next_dagrun for example_bash_operator to 2023-06-15T00:00:00+00:00, run_after=2023-06-16T00:00:00+00:00
[2023-06-16T13:25:27.435+0700] {processor.py:179} INFO - Processing /Library/Frameworks/Python.framework/Versions/3.11/lib/python3.11/site-packages/airflow/example_dags/example_bash_operator.py took 1.164 seconds
[2023-06-16T13:30:23.894+0700] {processor.py:157} INFO - Started process (PID=9575) to work on /Library/Frameworks/Python.framework/Versions/3.11/lib/python3.11/site-packages/airflow/example_dags/example_bash_operator.py
[2023-06-16T13:30:23.895+0700] {processor.py:826} INFO - Processing file /Library/Frameworks/Python.framework/Versions/3.11/lib/python3.11/site-packages/airflow/example_dags/example_bash_operator.py for tasks to queue
[2023-06-16T13:30:23.896+0700] {logging_mixin.py:149} INFO - [2023-06-16T13:30:23.895+0700] {dagbag.py:541} INFO - Filling up the DagBag from /Library/Frameworks/Python.framework/Versions/3.11/lib/python3.11/site-packages/airflow/example_dags/example_bash_operator.py
[2023-06-16T13:30:23.988+0700] {processor.py:836} INFO - DAG(s) dict_keys(['example_bash_operator']) retrieved from /Library/Frameworks/Python.framework/Versions/3.11/lib/python3.11/site-packages/airflow/example_dags/example_bash_operator.py
[2023-06-16T13:30:25.447+0700] {logging_mixin.py:149} INFO - [2023-06-16T13:30:25.447+0700] {dag.py:2726} INFO - Sync 1 DAGs
[2023-06-16T13:30:25.472+0700] {logging_mixin.py:149} INFO - [2023-06-16T13:30:25.471+0700] {dag.py:3486} INFO - Setting next_dagrun for example_bash_operator to 2023-06-15T00:00:00+00:00, run_after=2023-06-16T00:00:00+00:00
[2023-06-16T13:30:25.497+0700] {processor.py:179} INFO - Processing /Library/Frameworks/Python.framework/Versions/3.11/lib/python3.11/site-packages/airflow/example_dags/example_bash_operator.py took 1.604 seconds
[2023-06-16T13:35:52.331+0700] {processor.py:157} INFO - Started process (PID=10567) to work on /Library/Frameworks/Python.framework/Versions/3.11/lib/python3.11/site-packages/airflow/example_dags/example_bash_operator.py
[2023-06-16T13:35:52.333+0700] {processor.py:826} INFO - Processing file /Library/Frameworks/Python.framework/Versions/3.11/lib/python3.11/site-packages/airflow/example_dags/example_bash_operator.py for tasks to queue
[2023-06-16T13:35:52.334+0700] {logging_mixin.py:149} INFO - [2023-06-16T13:35:52.333+0700] {dagbag.py:541} INFO - Filling up the DagBag from /Library/Frameworks/Python.framework/Versions/3.11/lib/python3.11/site-packages/airflow/example_dags/example_bash_operator.py
[2023-06-16T13:35:52.416+0700] {processor.py:836} INFO - DAG(s) dict_keys(['example_bash_operator']) retrieved from /Library/Frameworks/Python.framework/Versions/3.11/lib/python3.11/site-packages/airflow/example_dags/example_bash_operator.py
[2023-06-16T13:35:53.745+0700] {logging_mixin.py:149} INFO - [2023-06-16T13:35:53.745+0700] {dag.py:2726} INFO - Sync 1 DAGs
[2023-06-16T13:35:53.767+0700] {logging_mixin.py:149} INFO - [2023-06-16T13:35:53.767+0700] {dag.py:3486} INFO - Setting next_dagrun for example_bash_operator to 2023-06-15T00:00:00+00:00, run_after=2023-06-16T00:00:00+00:00
[2023-06-16T13:35:53.789+0700] {processor.py:179} INFO - Processing /Library/Frameworks/Python.framework/Versions/3.11/lib/python3.11/site-packages/airflow/example_dags/example_bash_operator.py took 1.458 seconds
[2023-06-16T13:41:07.234+0700] {processor.py:157} INFO - Started process (PID=11257) to work on /Library/Frameworks/Python.framework/Versions/3.11/lib/python3.11/site-packages/airflow/example_dags/example_bash_operator.py
[2023-06-16T13:41:07.236+0700] {processor.py:826} INFO - Processing file /Library/Frameworks/Python.framework/Versions/3.11/lib/python3.11/site-packages/airflow/example_dags/example_bash_operator.py for tasks to queue
[2023-06-16T13:41:07.237+0700] {logging_mixin.py:149} INFO - [2023-06-16T13:41:07.237+0700] {dagbag.py:541} INFO - Filling up the DagBag from /Library/Frameworks/Python.framework/Versions/3.11/lib/python3.11/site-packages/airflow/example_dags/example_bash_operator.py
[2023-06-16T13:41:07.292+0700] {processor.py:836} INFO - DAG(s) dict_keys(['example_bash_operator']) retrieved from /Library/Frameworks/Python.framework/Versions/3.11/lib/python3.11/site-packages/airflow/example_dags/example_bash_operator.py
[2023-06-16T13:41:08.349+0700] {logging_mixin.py:149} INFO - [2023-06-16T13:41:08.348+0700] {dag.py:2726} INFO - Sync 1 DAGs
[2023-06-16T13:41:08.386+0700] {logging_mixin.py:149} INFO - [2023-06-16T13:41:08.386+0700] {dag.py:3486} INFO - Setting next_dagrun for example_bash_operator to 2023-06-15T00:00:00+00:00, run_after=2023-06-16T00:00:00+00:00
[2023-06-16T13:41:08.409+0700] {processor.py:179} INFO - Processing /Library/Frameworks/Python.framework/Versions/3.11/lib/python3.11/site-packages/airflow/example_dags/example_bash_operator.py took 1.176 seconds
[2023-06-16T13:46:37.944+0700] {processor.py:157} INFO - Started process (PID=11943) to work on /Library/Frameworks/Python.framework/Versions/3.11/lib/python3.11/site-packages/airflow/example_dags/example_bash_operator.py
[2023-06-16T13:46:37.945+0700] {processor.py:826} INFO - Processing file /Library/Frameworks/Python.framework/Versions/3.11/lib/python3.11/site-packages/airflow/example_dags/example_bash_operator.py for tasks to queue
[2023-06-16T13:46:37.946+0700] {logging_mixin.py:149} INFO - [2023-06-16T13:46:37.946+0700] {dagbag.py:541} INFO - Filling up the DagBag from /Library/Frameworks/Python.framework/Versions/3.11/lib/python3.11/site-packages/airflow/example_dags/example_bash_operator.py
[2023-06-16T13:46:38.013+0700] {processor.py:836} INFO - DAG(s) dict_keys(['example_bash_operator']) retrieved from /Library/Frameworks/Python.framework/Versions/3.11/lib/python3.11/site-packages/airflow/example_dags/example_bash_operator.py
[2023-06-16T13:46:39.404+0700] {logging_mixin.py:149} INFO - [2023-06-16T13:46:39.403+0700] {dag.py:2726} INFO - Sync 1 DAGs
[2023-06-16T13:46:39.445+0700] {logging_mixin.py:149} INFO - [2023-06-16T13:46:39.444+0700] {dag.py:3486} INFO - Setting next_dagrun for example_bash_operator to 2023-06-15T00:00:00+00:00, run_after=2023-06-16T00:00:00+00:00
[2023-06-16T13:46:39.478+0700] {processor.py:179} INFO - Processing /Library/Frameworks/Python.framework/Versions/3.11/lib/python3.11/site-packages/airflow/example_dags/example_bash_operator.py took 1.535 seconds
[2023-06-16T13:53:30.135+0700] {processor.py:157} INFO - Started process (PID=12654) to work on /Library/Frameworks/Python.framework/Versions/3.11/lib/python3.11/site-packages/airflow/example_dags/example_bash_operator.py
[2023-06-16T13:53:30.136+0700] {processor.py:826} INFO - Processing file /Library/Frameworks/Python.framework/Versions/3.11/lib/python3.11/site-packages/airflow/example_dags/example_bash_operator.py for tasks to queue
[2023-06-16T13:53:30.137+0700] {logging_mixin.py:149} INFO - [2023-06-16T13:53:30.137+0700] {dagbag.py:541} INFO - Filling up the DagBag from /Library/Frameworks/Python.framework/Versions/3.11/lib/python3.11/site-packages/airflow/example_dags/example_bash_operator.py
[2023-06-16T13:53:30.212+0700] {processor.py:836} INFO - DAG(s) dict_keys(['example_bash_operator']) retrieved from /Library/Frameworks/Python.framework/Versions/3.11/lib/python3.11/site-packages/airflow/example_dags/example_bash_operator.py
[2023-06-16T13:53:31.395+0700] {logging_mixin.py:149} INFO - [2023-06-16T13:53:31.395+0700] {dag.py:2726} INFO - Sync 1 DAGs
[2023-06-16T13:53:31.427+0700] {logging_mixin.py:149} INFO - [2023-06-16T13:53:31.427+0700] {dag.py:3486} INFO - Setting next_dagrun for example_bash_operator to 2023-06-15T00:00:00+00:00, run_after=2023-06-16T00:00:00+00:00
[2023-06-16T13:53:31.460+0700] {processor.py:179} INFO - Processing /Library/Frameworks/Python.framework/Versions/3.11/lib/python3.11/site-packages/airflow/example_dags/example_bash_operator.py took 1.325 seconds
[2023-06-16T13:58:52.822+0700] {processor.py:157} INFO - Started process (PID=13355) to work on /Library/Frameworks/Python.framework/Versions/3.11/lib/python3.11/site-packages/airflow/example_dags/example_bash_operator.py
[2023-06-16T13:58:52.823+0700] {processor.py:826} INFO - Processing file /Library/Frameworks/Python.framework/Versions/3.11/lib/python3.11/site-packages/airflow/example_dags/example_bash_operator.py for tasks to queue
[2023-06-16T13:58:52.824+0700] {logging_mixin.py:149} INFO - [2023-06-16T13:58:52.823+0700] {dagbag.py:541} INFO - Filling up the DagBag from /Library/Frameworks/Python.framework/Versions/3.11/lib/python3.11/site-packages/airflow/example_dags/example_bash_operator.py
[2023-06-16T13:58:52.887+0700] {processor.py:836} INFO - DAG(s) dict_keys(['example_bash_operator']) retrieved from /Library/Frameworks/Python.framework/Versions/3.11/lib/python3.11/site-packages/airflow/example_dags/example_bash_operator.py
[2023-06-16T13:58:54.038+0700] {logging_mixin.py:149} INFO - [2023-06-16T13:58:54.037+0700] {dag.py:2726} INFO - Sync 1 DAGs
[2023-06-16T13:58:54.057+0700] {logging_mixin.py:149} INFO - [2023-06-16T13:58:54.057+0700] {dag.py:3486} INFO - Setting next_dagrun for example_bash_operator to 2023-06-15T00:00:00+00:00, run_after=2023-06-16T00:00:00+00:00
[2023-06-16T13:58:54.084+0700] {processor.py:179} INFO - Processing /Library/Frameworks/Python.framework/Versions/3.11/lib/python3.11/site-packages/airflow/example_dags/example_bash_operator.py took 1.263 seconds
[2023-06-16T14:03:48.347+0700] {processor.py:157} INFO - Started process (PID=13969) to work on /Library/Frameworks/Python.framework/Versions/3.11/lib/python3.11/site-packages/airflow/example_dags/example_bash_operator.py
[2023-06-16T14:03:48.348+0700] {processor.py:826} INFO - Processing file /Library/Frameworks/Python.framework/Versions/3.11/lib/python3.11/site-packages/airflow/example_dags/example_bash_operator.py for tasks to queue
[2023-06-16T14:03:48.348+0700] {logging_mixin.py:149} INFO - [2023-06-16T14:03:48.348+0700] {dagbag.py:541} INFO - Filling up the DagBag from /Library/Frameworks/Python.framework/Versions/3.11/lib/python3.11/site-packages/airflow/example_dags/example_bash_operator.py
[2023-06-16T14:03:48.406+0700] {processor.py:836} INFO - DAG(s) dict_keys(['example_bash_operator']) retrieved from /Library/Frameworks/Python.framework/Versions/3.11/lib/python3.11/site-packages/airflow/example_dags/example_bash_operator.py
[2023-06-16T14:03:49.393+0700] {logging_mixin.py:149} INFO - [2023-06-16T14:03:49.392+0700] {dag.py:2726} INFO - Sync 1 DAGs
[2023-06-16T14:03:49.415+0700] {logging_mixin.py:149} INFO - [2023-06-16T14:03:49.415+0700] {dag.py:3486} INFO - Setting next_dagrun for example_bash_operator to 2023-06-15T00:00:00+00:00, run_after=2023-06-16T00:00:00+00:00
[2023-06-16T14:03:49.433+0700] {processor.py:179} INFO - Processing /Library/Frameworks/Python.framework/Versions/3.11/lib/python3.11/site-packages/airflow/example_dags/example_bash_operator.py took 1.087 seconds
[2023-06-16T14:09:13.795+0700] {processor.py:157} INFO - Started process (PID=14915) to work on /Library/Frameworks/Python.framework/Versions/3.11/lib/python3.11/site-packages/airflow/example_dags/example_bash_operator.py
[2023-06-16T14:09:13.797+0700] {processor.py:826} INFO - Processing file /Library/Frameworks/Python.framework/Versions/3.11/lib/python3.11/site-packages/airflow/example_dags/example_bash_operator.py for tasks to queue
[2023-06-16T14:09:13.797+0700] {logging_mixin.py:149} INFO - [2023-06-16T14:09:13.797+0700] {dagbag.py:541} INFO - Filling up the DagBag from /Library/Frameworks/Python.framework/Versions/3.11/lib/python3.11/site-packages/airflow/example_dags/example_bash_operator.py
[2023-06-16T14:09:13.853+0700] {processor.py:836} INFO - DAG(s) dict_keys(['example_bash_operator']) retrieved from /Library/Frameworks/Python.framework/Versions/3.11/lib/python3.11/site-packages/airflow/example_dags/example_bash_operator.py
[2023-06-16T14:09:15.022+0700] {logging_mixin.py:149} INFO - [2023-06-16T14:09:15.021+0700] {dag.py:2726} INFO - Sync 1 DAGs
[2023-06-16T14:09:15.044+0700] {logging_mixin.py:149} INFO - [2023-06-16T14:09:15.044+0700] {dag.py:3486} INFO - Setting next_dagrun for example_bash_operator to 2023-06-15T00:00:00+00:00, run_after=2023-06-16T00:00:00+00:00
[2023-06-16T14:09:15.063+0700] {processor.py:179} INFO - Processing /Library/Frameworks/Python.framework/Versions/3.11/lib/python3.11/site-packages/airflow/example_dags/example_bash_operator.py took 1.269 seconds
