[2023-06-16T18:46:36.769+0000] {processor.py:157} INFO - Started process (PID=268) to work on /home/airflow/.local/lib/python3.7/site-packages/airflow/example_dags/example_short_circuit_operator.py
[2023-06-16T18:46:36.778+0000] {processor.py:826} INFO - Processing file /home/airflow/.local/lib/python3.7/site-packages/airflow/example_dags/example_short_circuit_operator.py for tasks to queue
[2023-06-16T18:46:36.781+0000] {logging_mixin.py:149} INFO - [2023-06-16T18:46:36.781+0000] {dagbag.py:541} INFO - Filling up the DagBag from /home/airflow/.local/lib/python3.7/site-packages/airflow/example_dags/example_short_circuit_operator.py
[2023-06-16T18:46:36.825+0000] {processor.py:836} INFO - DAG(s) dict_keys(['example_short_circuit_operator']) retrieved from /home/airflow/.local/lib/python3.7/site-packages/airflow/example_dags/example_short_circuit_operator.py
[2023-06-16T18:46:36.900+0000] {logging_mixin.py:149} INFO - [2023-06-16T18:46:36.900+0000] {dag.py:2726} INFO - Sync 1 DAGs
[2023-06-16T18:46:36.966+0000] {logging_mixin.py:149} INFO - [2023-06-16T18:46:36.966+0000] {dag.py:3490} INFO - Setting next_dagrun for example_short_circuit_operator to 2023-06-15T18:46:36.965870+00:00, run_after=2023-06-16T18:46:36.965870+00:00
[2023-06-16T18:46:37.017+0000] {processor.py:179} INFO - Processing /home/airflow/.local/lib/python3.7/site-packages/airflow/example_dags/example_short_circuit_operator.py took 0.263 seconds
[2023-06-16T18:47:07.418+0000] {processor.py:157} INFO - Started process (PID=324) to work on /home/airflow/.local/lib/python3.7/site-packages/airflow/example_dags/example_short_circuit_operator.py
[2023-06-16T18:47:07.421+0000] {processor.py:826} INFO - Processing file /home/airflow/.local/lib/python3.7/site-packages/airflow/example_dags/example_short_circuit_operator.py for tasks to queue
[2023-06-16T18:47:07.426+0000] {logging_mixin.py:149} INFO - [2023-06-16T18:47:07.425+0000] {dagbag.py:541} INFO - Filling up the DagBag from /home/airflow/.local/lib/python3.7/site-packages/airflow/example_dags/example_short_circuit_operator.py
[2023-06-16T18:47:07.447+0000] {processor.py:836} INFO - DAG(s) dict_keys(['example_short_circuit_operator']) retrieved from /home/airflow/.local/lib/python3.7/site-packages/airflow/example_dags/example_short_circuit_operator.py
[2023-06-16T18:47:07.521+0000] {logging_mixin.py:149} INFO - [2023-06-16T18:47:07.520+0000] {dag.py:2726} INFO - Sync 1 DAGs
[2023-06-16T18:47:07.599+0000] {logging_mixin.py:149} INFO - [2023-06-16T18:47:07.598+0000] {dag.py:3490} INFO - Setting next_dagrun for example_short_circuit_operator to 2023-06-15T18:47:07.598496+00:00, run_after=2023-06-16T18:47:07.598496+00:00
[2023-06-16T18:47:07.645+0000] {processor.py:179} INFO - Processing /home/airflow/.local/lib/python3.7/site-packages/airflow/example_dags/example_short_circuit_operator.py took 0.236 seconds
[2023-06-16T18:47:38.458+0000] {processor.py:157} INFO - Started process (PID=381) to work on /home/airflow/.local/lib/python3.7/site-packages/airflow/example_dags/example_short_circuit_operator.py
[2023-06-16T18:47:38.463+0000] {processor.py:826} INFO - Processing file /home/airflow/.local/lib/python3.7/site-packages/airflow/example_dags/example_short_circuit_operator.py for tasks to queue
[2023-06-16T18:47:38.470+0000] {logging_mixin.py:149} INFO - [2023-06-16T18:47:38.469+0000] {dagbag.py:541} INFO - Filling up the DagBag from /home/airflow/.local/lib/python3.7/site-packages/airflow/example_dags/example_short_circuit_operator.py
[2023-06-16T18:47:38.505+0000] {processor.py:836} INFO - DAG(s) dict_keys(['example_short_circuit_operator']) retrieved from /home/airflow/.local/lib/python3.7/site-packages/airflow/example_dags/example_short_circuit_operator.py
[2023-06-16T18:47:38.594+0000] {logging_mixin.py:149} INFO - [2023-06-16T18:47:38.594+0000] {dag.py:2726} INFO - Sync 1 DAGs
[2023-06-16T18:47:38.720+0000] {logging_mixin.py:149} INFO - [2023-06-16T18:47:38.719+0000] {dag.py:3490} INFO - Setting next_dagrun for example_short_circuit_operator to 2023-06-15T18:47:38.719188+00:00, run_after=2023-06-16T18:47:38.719188+00:00
[2023-06-16T18:47:38.783+0000] {processor.py:179} INFO - Processing /home/airflow/.local/lib/python3.7/site-packages/airflow/example_dags/example_short_circuit_operator.py took 0.335 seconds
[2023-06-16T18:48:08.948+0000] {processor.py:157} INFO - Started process (PID=438) to work on /home/airflow/.local/lib/python3.7/site-packages/airflow/example_dags/example_short_circuit_operator.py
[2023-06-16T18:48:08.953+0000] {processor.py:826} INFO - Processing file /home/airflow/.local/lib/python3.7/site-packages/airflow/example_dags/example_short_circuit_operator.py for tasks to queue
[2023-06-16T18:48:08.957+0000] {logging_mixin.py:149} INFO - [2023-06-16T18:48:08.957+0000] {dagbag.py:541} INFO - Filling up the DagBag from /home/airflow/.local/lib/python3.7/site-packages/airflow/example_dags/example_short_circuit_operator.py
[2023-06-16T18:48:08.977+0000] {processor.py:836} INFO - DAG(s) dict_keys(['example_short_circuit_operator']) retrieved from /home/airflow/.local/lib/python3.7/site-packages/airflow/example_dags/example_short_circuit_operator.py
[2023-06-16T18:48:09.036+0000] {logging_mixin.py:149} INFO - [2023-06-16T18:48:09.036+0000] {dag.py:2726} INFO - Sync 1 DAGs
[2023-06-16T18:48:09.092+0000] {logging_mixin.py:149} INFO - [2023-06-16T18:48:09.091+0000] {dag.py:3490} INFO - Setting next_dagrun for example_short_circuit_operator to 2023-06-15T18:48:09.091253+00:00, run_after=2023-06-16T18:48:09.091253+00:00
[2023-06-16T18:48:09.134+0000] {processor.py:179} INFO - Processing /home/airflow/.local/lib/python3.7/site-packages/airflow/example_dags/example_short_circuit_operator.py took 0.196 seconds
[2023-06-16T18:48:39.355+0000] {processor.py:157} INFO - Started process (PID=495) to work on /home/airflow/.local/lib/python3.7/site-packages/airflow/example_dags/example_short_circuit_operator.py
[2023-06-16T18:48:39.360+0000] {processor.py:826} INFO - Processing file /home/airflow/.local/lib/python3.7/site-packages/airflow/example_dags/example_short_circuit_operator.py for tasks to queue
[2023-06-16T18:48:39.363+0000] {logging_mixin.py:149} INFO - [2023-06-16T18:48:39.363+0000] {dagbag.py:541} INFO - Filling up the DagBag from /home/airflow/.local/lib/python3.7/site-packages/airflow/example_dags/example_short_circuit_operator.py
[2023-06-16T18:48:39.386+0000] {processor.py:836} INFO - DAG(s) dict_keys(['example_short_circuit_operator']) retrieved from /home/airflow/.local/lib/python3.7/site-packages/airflow/example_dags/example_short_circuit_operator.py
[2023-06-16T18:48:39.448+0000] {logging_mixin.py:149} INFO - [2023-06-16T18:48:39.448+0000] {dag.py:2726} INFO - Sync 1 DAGs
[2023-06-16T18:48:39.500+0000] {logging_mixin.py:149} INFO - [2023-06-16T18:48:39.500+0000] {dag.py:3490} INFO - Setting next_dagrun for example_short_circuit_operator to 2023-06-15T18:48:39.500075+00:00, run_after=2023-06-16T18:48:39.500075+00:00
[2023-06-16T18:48:39.542+0000] {processor.py:179} INFO - Processing /home/airflow/.local/lib/python3.7/site-packages/airflow/example_dags/example_short_circuit_operator.py took 0.197 seconds
[2023-06-16T18:49:10.031+0000] {processor.py:157} INFO - Started process (PID=552) to work on /home/airflow/.local/lib/python3.7/site-packages/airflow/example_dags/example_short_circuit_operator.py
[2023-06-16T18:49:10.037+0000] {processor.py:826} INFO - Processing file /home/airflow/.local/lib/python3.7/site-packages/airflow/example_dags/example_short_circuit_operator.py for tasks to queue
[2023-06-16T18:49:10.042+0000] {logging_mixin.py:149} INFO - [2023-06-16T18:49:10.041+0000] {dagbag.py:541} INFO - Filling up the DagBag from /home/airflow/.local/lib/python3.7/site-packages/airflow/example_dags/example_short_circuit_operator.py
[2023-06-16T18:49:10.070+0000] {processor.py:836} INFO - DAG(s) dict_keys(['example_short_circuit_operator']) retrieved from /home/airflow/.local/lib/python3.7/site-packages/airflow/example_dags/example_short_circuit_operator.py
[2023-06-16T18:49:10.141+0000] {logging_mixin.py:149} INFO - [2023-06-16T18:49:10.141+0000] {dag.py:2726} INFO - Sync 1 DAGs
[2023-06-16T18:49:10.205+0000] {logging_mixin.py:149} INFO - [2023-06-16T18:49:10.204+0000] {dag.py:3490} INFO - Setting next_dagrun for example_short_circuit_operator to 2023-06-15T18:49:10.204414+00:00, run_after=2023-06-16T18:49:10.204414+00:00
[2023-06-16T18:49:10.247+0000] {processor.py:179} INFO - Processing /home/airflow/.local/lib/python3.7/site-packages/airflow/example_dags/example_short_circuit_operator.py took 0.231 seconds
[2023-06-16T18:49:40.713+0000] {processor.py:157} INFO - Started process (PID=609) to work on /home/airflow/.local/lib/python3.7/site-packages/airflow/example_dags/example_short_circuit_operator.py
[2023-06-16T18:49:40.717+0000] {processor.py:826} INFO - Processing file /home/airflow/.local/lib/python3.7/site-packages/airflow/example_dags/example_short_circuit_operator.py for tasks to queue
[2023-06-16T18:49:40.720+0000] {logging_mixin.py:149} INFO - [2023-06-16T18:49:40.720+0000] {dagbag.py:541} INFO - Filling up the DagBag from /home/airflow/.local/lib/python3.7/site-packages/airflow/example_dags/example_short_circuit_operator.py
[2023-06-16T18:49:40.749+0000] {processor.py:836} INFO - DAG(s) dict_keys(['example_short_circuit_operator']) retrieved from /home/airflow/.local/lib/python3.7/site-packages/airflow/example_dags/example_short_circuit_operator.py
[2023-06-16T18:49:40.859+0000] {logging_mixin.py:149} INFO - [2023-06-16T18:49:40.858+0000] {dag.py:2726} INFO - Sync 1 DAGs
[2023-06-16T18:49:40.920+0000] {logging_mixin.py:149} INFO - [2023-06-16T18:49:40.919+0000] {dag.py:3490} INFO - Setting next_dagrun for example_short_circuit_operator to 2023-06-15T18:49:40.919621+00:00, run_after=2023-06-16T18:49:40.919621+00:00
[2023-06-16T18:49:40.969+0000] {processor.py:179} INFO - Processing /home/airflow/.local/lib/python3.7/site-packages/airflow/example_dags/example_short_circuit_operator.py took 0.264 seconds
[2023-06-16T18:50:11.659+0000] {processor.py:157} INFO - Started process (PID=665) to work on /home/airflow/.local/lib/python3.7/site-packages/airflow/example_dags/example_short_circuit_operator.py
[2023-06-16T18:50:11.662+0000] {processor.py:826} INFO - Processing file /home/airflow/.local/lib/python3.7/site-packages/airflow/example_dags/example_short_circuit_operator.py for tasks to queue
[2023-06-16T18:50:11.665+0000] {logging_mixin.py:149} INFO - [2023-06-16T18:50:11.665+0000] {dagbag.py:541} INFO - Filling up the DagBag from /home/airflow/.local/lib/python3.7/site-packages/airflow/example_dags/example_short_circuit_operator.py
[2023-06-16T18:50:11.686+0000] {processor.py:836} INFO - DAG(s) dict_keys(['example_short_circuit_operator']) retrieved from /home/airflow/.local/lib/python3.7/site-packages/airflow/example_dags/example_short_circuit_operator.py
[2023-06-16T18:50:11.746+0000] {logging_mixin.py:149} INFO - [2023-06-16T18:50:11.746+0000] {dag.py:2726} INFO - Sync 1 DAGs
[2023-06-16T18:50:11.804+0000] {logging_mixin.py:149} INFO - [2023-06-16T18:50:11.803+0000] {dag.py:3490} INFO - Setting next_dagrun for example_short_circuit_operator to 2023-06-15T18:50:11.803270+00:00, run_after=2023-06-16T18:50:11.803270+00:00
[2023-06-16T18:50:11.848+0000] {processor.py:179} INFO - Processing /home/airflow/.local/lib/python3.7/site-packages/airflow/example_dags/example_short_circuit_operator.py took 0.200 seconds
[2023-06-16T18:50:41.994+0000] {processor.py:157} INFO - Started process (PID=722) to work on /home/airflow/.local/lib/python3.7/site-packages/airflow/example_dags/example_short_circuit_operator.py
[2023-06-16T18:50:41.998+0000] {processor.py:826} INFO - Processing file /home/airflow/.local/lib/python3.7/site-packages/airflow/example_dags/example_short_circuit_operator.py for tasks to queue
[2023-06-16T18:50:42.002+0000] {logging_mixin.py:149} INFO - [2023-06-16T18:50:42.001+0000] {dagbag.py:541} INFO - Filling up the DagBag from /home/airflow/.local/lib/python3.7/site-packages/airflow/example_dags/example_short_circuit_operator.py
[2023-06-16T18:50:42.029+0000] {processor.py:836} INFO - DAG(s) dict_keys(['example_short_circuit_operator']) retrieved from /home/airflow/.local/lib/python3.7/site-packages/airflow/example_dags/example_short_circuit_operator.py
[2023-06-16T18:50:42.095+0000] {logging_mixin.py:149} INFO - [2023-06-16T18:50:42.095+0000] {dag.py:2726} INFO - Sync 1 DAGs
[2023-06-16T18:50:42.159+0000] {logging_mixin.py:149} INFO - [2023-06-16T18:50:42.158+0000] {dag.py:3490} INFO - Setting next_dagrun for example_short_circuit_operator to 2023-06-15T18:50:42.158418+00:00, run_after=2023-06-16T18:50:42.158418+00:00
[2023-06-16T18:50:42.220+0000] {processor.py:179} INFO - Processing /home/airflow/.local/lib/python3.7/site-packages/airflow/example_dags/example_short_circuit_operator.py took 0.238 seconds
[2023-06-16T18:51:12.459+0000] {processor.py:157} INFO - Started process (PID=780) to work on /home/airflow/.local/lib/python3.7/site-packages/airflow/example_dags/example_short_circuit_operator.py
[2023-06-16T18:51:12.462+0000] {processor.py:826} INFO - Processing file /home/airflow/.local/lib/python3.7/site-packages/airflow/example_dags/example_short_circuit_operator.py for tasks to queue
[2023-06-16T18:51:12.466+0000] {logging_mixin.py:149} INFO - [2023-06-16T18:51:12.465+0000] {dagbag.py:541} INFO - Filling up the DagBag from /home/airflow/.local/lib/python3.7/site-packages/airflow/example_dags/example_short_circuit_operator.py
[2023-06-16T18:51:12.489+0000] {processor.py:836} INFO - DAG(s) dict_keys(['example_short_circuit_operator']) retrieved from /home/airflow/.local/lib/python3.7/site-packages/airflow/example_dags/example_short_circuit_operator.py
[2023-06-16T18:51:12.549+0000] {logging_mixin.py:149} INFO - [2023-06-16T18:51:12.549+0000] {dag.py:2726} INFO - Sync 1 DAGs
[2023-06-16T18:51:12.612+0000] {logging_mixin.py:149} INFO - [2023-06-16T18:51:12.611+0000] {dag.py:3490} INFO - Setting next_dagrun for example_short_circuit_operator to 2023-06-15T18:51:12.610725+00:00, run_after=2023-06-16T18:51:12.610725+00:00
[2023-06-16T18:51:12.658+0000] {processor.py:179} INFO - Processing /home/airflow/.local/lib/python3.7/site-packages/airflow/example_dags/example_short_circuit_operator.py took 0.210 seconds
[2023-06-16T18:51:43.090+0000] {processor.py:157} INFO - Started process (PID=837) to work on /home/airflow/.local/lib/python3.7/site-packages/airflow/example_dags/example_short_circuit_operator.py
[2023-06-16T18:51:43.093+0000] {processor.py:826} INFO - Processing file /home/airflow/.local/lib/python3.7/site-packages/airflow/example_dags/example_short_circuit_operator.py for tasks to queue
[2023-06-16T18:51:43.097+0000] {logging_mixin.py:149} INFO - [2023-06-16T18:51:43.096+0000] {dagbag.py:541} INFO - Filling up the DagBag from /home/airflow/.local/lib/python3.7/site-packages/airflow/example_dags/example_short_circuit_operator.py
[2023-06-16T18:51:43.123+0000] {processor.py:836} INFO - DAG(s) dict_keys(['example_short_circuit_operator']) retrieved from /home/airflow/.local/lib/python3.7/site-packages/airflow/example_dags/example_short_circuit_operator.py
[2023-06-16T18:51:43.188+0000] {logging_mixin.py:149} INFO - [2023-06-16T18:51:43.188+0000] {dag.py:2726} INFO - Sync 1 DAGs
[2023-06-16T18:51:43.247+0000] {logging_mixin.py:149} INFO - [2023-06-16T18:51:43.246+0000] {dag.py:3490} INFO - Setting next_dagrun for example_short_circuit_operator to 2023-06-15T18:51:43.246112+00:00, run_after=2023-06-16T18:51:43.246112+00:00
[2023-06-16T18:51:43.291+0000] {processor.py:179} INFO - Processing /home/airflow/.local/lib/python3.7/site-packages/airflow/example_dags/example_short_circuit_operator.py took 0.212 seconds
[2023-06-16T18:52:13.855+0000] {processor.py:157} INFO - Started process (PID=895) to work on /home/airflow/.local/lib/python3.7/site-packages/airflow/example_dags/example_short_circuit_operator.py
[2023-06-16T18:52:13.860+0000] {processor.py:826} INFO - Processing file /home/airflow/.local/lib/python3.7/site-packages/airflow/example_dags/example_short_circuit_operator.py for tasks to queue
[2023-06-16T18:52:13.866+0000] {logging_mixin.py:149} INFO - [2023-06-16T18:52:13.865+0000] {dagbag.py:541} INFO - Filling up the DagBag from /home/airflow/.local/lib/python3.7/site-packages/airflow/example_dags/example_short_circuit_operator.py
[2023-06-16T18:52:13.902+0000] {processor.py:836} INFO - DAG(s) dict_keys(['example_short_circuit_operator']) retrieved from /home/airflow/.local/lib/python3.7/site-packages/airflow/example_dags/example_short_circuit_operator.py
[2023-06-16T18:52:13.977+0000] {logging_mixin.py:149} INFO - [2023-06-16T18:52:13.977+0000] {dag.py:2726} INFO - Sync 1 DAGs
[2023-06-16T18:52:14.041+0000] {logging_mixin.py:149} INFO - [2023-06-16T18:52:14.041+0000] {dag.py:3490} INFO - Setting next_dagrun for example_short_circuit_operator to 2023-06-15T18:52:14.040819+00:00, run_after=2023-06-16T18:52:14.040819+00:00
[2023-06-16T18:52:14.096+0000] {processor.py:179} INFO - Processing /home/airflow/.local/lib/python3.7/site-packages/airflow/example_dags/example_short_circuit_operator.py took 0.253 seconds
[2023-06-16T18:52:44.900+0000] {processor.py:157} INFO - Started process (PID=952) to work on /home/airflow/.local/lib/python3.7/site-packages/airflow/example_dags/example_short_circuit_operator.py
[2023-06-16T18:52:44.906+0000] {processor.py:826} INFO - Processing file /home/airflow/.local/lib/python3.7/site-packages/airflow/example_dags/example_short_circuit_operator.py for tasks to queue
[2023-06-16T18:52:44.920+0000] {logging_mixin.py:149} INFO - [2023-06-16T18:52:44.920+0000] {dagbag.py:541} INFO - Filling up the DagBag from /home/airflow/.local/lib/python3.7/site-packages/airflow/example_dags/example_short_circuit_operator.py
[2023-06-16T18:52:44.966+0000] {processor.py:836} INFO - DAG(s) dict_keys(['example_short_circuit_operator']) retrieved from /home/airflow/.local/lib/python3.7/site-packages/airflow/example_dags/example_short_circuit_operator.py
[2023-06-16T18:52:45.070+0000] {logging_mixin.py:149} INFO - [2023-06-16T18:52:45.070+0000] {dag.py:2726} INFO - Sync 1 DAGs
[2023-06-16T18:52:45.189+0000] {logging_mixin.py:149} INFO - [2023-06-16T18:52:45.189+0000] {dag.py:3490} INFO - Setting next_dagrun for example_short_circuit_operator to 2023-06-15T18:52:45.188549+00:00, run_after=2023-06-16T18:52:45.188549+00:00
[2023-06-16T18:52:45.237+0000] {processor.py:179} INFO - Processing /home/airflow/.local/lib/python3.7/site-packages/airflow/example_dags/example_short_circuit_operator.py took 0.348 seconds
[2023-06-16T18:53:15.800+0000] {processor.py:157} INFO - Started process (PID=1018) to work on /home/airflow/.local/lib/python3.7/site-packages/airflow/example_dags/example_short_circuit_operator.py
[2023-06-16T18:53:15.804+0000] {processor.py:826} INFO - Processing file /home/airflow/.local/lib/python3.7/site-packages/airflow/example_dags/example_short_circuit_operator.py for tasks to queue
[2023-06-16T18:53:15.819+0000] {logging_mixin.py:149} INFO - [2023-06-16T18:53:15.807+0000] {dagbag.py:541} INFO - Filling up the DagBag from /home/airflow/.local/lib/python3.7/site-packages/airflow/example_dags/example_short_circuit_operator.py
[2023-06-16T18:53:15.847+0000] {processor.py:836} INFO - DAG(s) dict_keys(['example_short_circuit_operator']) retrieved from /home/airflow/.local/lib/python3.7/site-packages/airflow/example_dags/example_short_circuit_operator.py
[2023-06-16T18:53:15.907+0000] {logging_mixin.py:149} INFO - [2023-06-16T18:53:15.907+0000] {dag.py:2726} INFO - Sync 1 DAGs
[2023-06-16T18:53:16.029+0000] {logging_mixin.py:149} INFO - [2023-06-16T18:53:16.029+0000] {dag.py:3490} INFO - Setting next_dagrun for example_short_circuit_operator to 2023-06-15T18:53:16.028686+00:00, run_after=2023-06-16T18:53:16.028686+00:00
[2023-06-16T18:53:16.084+0000] {processor.py:179} INFO - Processing /home/airflow/.local/lib/python3.7/site-packages/airflow/example_dags/example_short_circuit_operator.py took 0.351 seconds
[2023-06-16T18:53:46.246+0000] {processor.py:157} INFO - Started process (PID=1075) to work on /home/airflow/.local/lib/python3.7/site-packages/airflow/example_dags/example_short_circuit_operator.py
[2023-06-16T18:53:46.251+0000] {processor.py:826} INFO - Processing file /home/airflow/.local/lib/python3.7/site-packages/airflow/example_dags/example_short_circuit_operator.py for tasks to queue
[2023-06-16T18:53:46.254+0000] {logging_mixin.py:149} INFO - [2023-06-16T18:53:46.254+0000] {dagbag.py:541} INFO - Filling up the DagBag from /home/airflow/.local/lib/python3.7/site-packages/airflow/example_dags/example_short_circuit_operator.py
[2023-06-16T18:53:46.281+0000] {processor.py:836} INFO - DAG(s) dict_keys(['example_short_circuit_operator']) retrieved from /home/airflow/.local/lib/python3.7/site-packages/airflow/example_dags/example_short_circuit_operator.py
[2023-06-16T18:53:46.345+0000] {logging_mixin.py:149} INFO - [2023-06-16T18:53:46.344+0000] {dag.py:2726} INFO - Sync 1 DAGs
[2023-06-16T18:53:46.411+0000] {logging_mixin.py:149} INFO - [2023-06-16T18:53:46.410+0000] {dag.py:3490} INFO - Setting next_dagrun for example_short_circuit_operator to 2023-06-15T18:53:46.410368+00:00, run_after=2023-06-16T18:53:46.410368+00:00
[2023-06-16T18:53:46.456+0000] {processor.py:179} INFO - Processing /home/airflow/.local/lib/python3.7/site-packages/airflow/example_dags/example_short_circuit_operator.py took 0.220 seconds
[2023-06-16T18:54:16.765+0000] {processor.py:157} INFO - Started process (PID=1132) to work on /home/airflow/.local/lib/python3.7/site-packages/airflow/example_dags/example_short_circuit_operator.py
[2023-06-16T18:54:16.770+0000] {processor.py:826} INFO - Processing file /home/airflow/.local/lib/python3.7/site-packages/airflow/example_dags/example_short_circuit_operator.py for tasks to queue
[2023-06-16T18:54:16.773+0000] {logging_mixin.py:149} INFO - [2023-06-16T18:54:16.773+0000] {dagbag.py:541} INFO - Filling up the DagBag from /home/airflow/.local/lib/python3.7/site-packages/airflow/example_dags/example_short_circuit_operator.py
[2023-06-16T18:54:16.805+0000] {processor.py:836} INFO - DAG(s) dict_keys(['example_short_circuit_operator']) retrieved from /home/airflow/.local/lib/python3.7/site-packages/airflow/example_dags/example_short_circuit_operator.py
[2023-06-16T18:54:16.887+0000] {logging_mixin.py:149} INFO - [2023-06-16T18:54:16.886+0000] {dag.py:2726} INFO - Sync 1 DAGs
[2023-06-16T18:54:16.944+0000] {logging_mixin.py:149} INFO - [2023-06-16T18:54:16.944+0000] {dag.py:3490} INFO - Setting next_dagrun for example_short_circuit_operator to 2023-06-15T18:54:16.943532+00:00, run_after=2023-06-16T18:54:16.943532+00:00
[2023-06-16T18:54:16.990+0000] {processor.py:179} INFO - Processing /home/airflow/.local/lib/python3.7/site-packages/airflow/example_dags/example_short_circuit_operator.py took 0.237 seconds
[2023-06-16T18:54:47.558+0000] {processor.py:157} INFO - Started process (PID=1191) to work on /home/airflow/.local/lib/python3.7/site-packages/airflow/example_dags/example_short_circuit_operator.py
[2023-06-16T18:54:47.564+0000] {processor.py:826} INFO - Processing file /home/airflow/.local/lib/python3.7/site-packages/airflow/example_dags/example_short_circuit_operator.py for tasks to queue
[2023-06-16T18:54:47.568+0000] {logging_mixin.py:149} INFO - [2023-06-16T18:54:47.567+0000] {dagbag.py:541} INFO - Filling up the DagBag from /home/airflow/.local/lib/python3.7/site-packages/airflow/example_dags/example_short_circuit_operator.py
[2023-06-16T18:54:47.598+0000] {processor.py:836} INFO - DAG(s) dict_keys(['example_short_circuit_operator']) retrieved from /home/airflow/.local/lib/python3.7/site-packages/airflow/example_dags/example_short_circuit_operator.py
[2023-06-16T18:54:47.667+0000] {logging_mixin.py:149} INFO - [2023-06-16T18:54:47.666+0000] {dag.py:2726} INFO - Sync 1 DAGs
[2023-06-16T18:54:47.734+0000] {logging_mixin.py:149} INFO - [2023-06-16T18:54:47.734+0000] {dag.py:3490} INFO - Setting next_dagrun for example_short_circuit_operator to 2023-06-15T18:54:47.733628+00:00, run_after=2023-06-16T18:54:47.733628+00:00
[2023-06-16T18:54:47.793+0000] {processor.py:179} INFO - Processing /home/airflow/.local/lib/python3.7/site-packages/airflow/example_dags/example_short_circuit_operator.py took 0.246 seconds
[2023-06-16T18:55:18.333+0000] {processor.py:157} INFO - Started process (PID=1248) to work on /home/airflow/.local/lib/python3.7/site-packages/airflow/example_dags/example_short_circuit_operator.py
[2023-06-16T18:55:18.336+0000] {processor.py:826} INFO - Processing file /home/airflow/.local/lib/python3.7/site-packages/airflow/example_dags/example_short_circuit_operator.py for tasks to queue
[2023-06-16T18:55:18.342+0000] {logging_mixin.py:149} INFO - [2023-06-16T18:55:18.342+0000] {dagbag.py:541} INFO - Filling up the DagBag from /home/airflow/.local/lib/python3.7/site-packages/airflow/example_dags/example_short_circuit_operator.py
[2023-06-16T18:55:18.367+0000] {processor.py:836} INFO - DAG(s) dict_keys(['example_short_circuit_operator']) retrieved from /home/airflow/.local/lib/python3.7/site-packages/airflow/example_dags/example_short_circuit_operator.py
[2023-06-16T18:55:18.432+0000] {logging_mixin.py:149} INFO - [2023-06-16T18:55:18.432+0000] {dag.py:2726} INFO - Sync 1 DAGs
[2023-06-16T18:55:18.500+0000] {logging_mixin.py:149} INFO - [2023-06-16T18:55:18.499+0000] {dag.py:3490} INFO - Setting next_dagrun for example_short_circuit_operator to 2023-06-15T18:55:18.499487+00:00, run_after=2023-06-16T18:55:18.499487+00:00
[2023-06-16T18:55:18.577+0000] {processor.py:179} INFO - Processing /home/airflow/.local/lib/python3.7/site-packages/airflow/example_dags/example_short_circuit_operator.py took 0.254 seconds
