[2023-06-16T11:01:06.534+0700] {processor.py:157} INFO - Started process (PID=88841) to work on /Library/Frameworks/Python.framework/Versions/3.11/lib/python3.11/site-packages/airflow/example_dags/example_setup_teardown.py
[2023-06-16T11:01:06.534+0700] {processor.py:826} INFO - Processing file /Library/Frameworks/Python.framework/Versions/3.11/lib/python3.11/site-packages/airflow/example_dags/example_setup_teardown.py for tasks to queue
[2023-06-16T11:01:06.535+0700] {logging_mixin.py:149} INFO - [2023-06-16T11:01:06.534+0700] {dagbag.py:541} INFO - Filling up the DagBag from /Library/Frameworks/Python.framework/Versions/3.11/lib/python3.11/site-packages/airflow/example_dags/example_setup_teardown.py
[2023-06-16T11:01:06.539+0700] {processor.py:838} WARNING - No viable dags retrieved from /Library/Frameworks/Python.framework/Versions/3.11/lib/python3.11/site-packages/airflow/example_dags/example_setup_teardown.py
[2023-06-16T11:01:07.765+0700] {processor.py:179} INFO - Processing /Library/Frameworks/Python.framework/Versions/3.11/lib/python3.11/site-packages/airflow/example_dags/example_setup_teardown.py took 1.232 seconds
[2023-06-16T11:03:57.533+0700] {processor.py:157} INFO - Started process (PID=89214) to work on /Library/Frameworks/Python.framework/Versions/3.11/lib/python3.11/site-packages/airflow/example_dags/example_setup_teardown.py
[2023-06-16T11:03:57.533+0700] {processor.py:826} INFO - Processing file /Library/Frameworks/Python.framework/Versions/3.11/lib/python3.11/site-packages/airflow/example_dags/example_setup_teardown.py for tasks to queue
[2023-06-16T11:03:57.534+0700] {logging_mixin.py:149} INFO - [2023-06-16T11:03:57.534+0700] {dagbag.py:541} INFO - Filling up the DagBag from /Library/Frameworks/Python.framework/Versions/3.11/lib/python3.11/site-packages/airflow/example_dags/example_setup_teardown.py
[2023-06-16T11:03:57.539+0700] {processor.py:838} WARNING - No viable dags retrieved from /Library/Frameworks/Python.framework/Versions/3.11/lib/python3.11/site-packages/airflow/example_dags/example_setup_teardown.py
[2023-06-16T11:03:58.648+0700] {processor.py:179} INFO - Processing /Library/Frameworks/Python.framework/Versions/3.11/lib/python3.11/site-packages/airflow/example_dags/example_setup_teardown.py took 1.117 seconds
[2023-06-16T11:06:29.828+0700] {processor.py:157} INFO - Started process (PID=89481) to work on /Library/Frameworks/Python.framework/Versions/3.11/lib/python3.11/site-packages/airflow/example_dags/example_setup_teardown.py
[2023-06-16T11:06:29.829+0700] {processor.py:826} INFO - Processing file /Library/Frameworks/Python.framework/Versions/3.11/lib/python3.11/site-packages/airflow/example_dags/example_setup_teardown.py for tasks to queue
[2023-06-16T11:06:29.830+0700] {logging_mixin.py:149} INFO - [2023-06-16T11:06:29.830+0700] {dagbag.py:541} INFO - Filling up the DagBag from /Library/Frameworks/Python.framework/Versions/3.11/lib/python3.11/site-packages/airflow/example_dags/example_setup_teardown.py
[2023-06-16T11:06:29.835+0700] {processor.py:838} WARNING - No viable dags retrieved from /Library/Frameworks/Python.framework/Versions/3.11/lib/python3.11/site-packages/airflow/example_dags/example_setup_teardown.py
[2023-06-16T11:06:31.055+0700] {processor.py:179} INFO - Processing /Library/Frameworks/Python.framework/Versions/3.11/lib/python3.11/site-packages/airflow/example_dags/example_setup_teardown.py took 1.228 seconds
[2023-06-16T11:10:12.123+0700] {processor.py:157} INFO - Started process (PID=89988) to work on /Library/Frameworks/Python.framework/Versions/3.11/lib/python3.11/site-packages/airflow/example_dags/example_setup_teardown.py
[2023-06-16T11:10:12.124+0700] {processor.py:826} INFO - Processing file /Library/Frameworks/Python.framework/Versions/3.11/lib/python3.11/site-packages/airflow/example_dags/example_setup_teardown.py for tasks to queue
[2023-06-16T11:10:12.125+0700] {logging_mixin.py:149} INFO - [2023-06-16T11:10:12.125+0700] {dagbag.py:541} INFO - Filling up the DagBag from /Library/Frameworks/Python.framework/Versions/3.11/lib/python3.11/site-packages/airflow/example_dags/example_setup_teardown.py
[2023-06-16T11:10:12.131+0700] {processor.py:838} WARNING - No viable dags retrieved from /Library/Frameworks/Python.framework/Versions/3.11/lib/python3.11/site-packages/airflow/example_dags/example_setup_teardown.py
[2023-06-16T11:10:13.265+0700] {processor.py:179} INFO - Processing /Library/Frameworks/Python.framework/Versions/3.11/lib/python3.11/site-packages/airflow/example_dags/example_setup_teardown.py took 1.143 seconds
[2023-06-16T11:13:10.381+0700] {processor.py:157} INFO - Started process (PID=90363) to work on /Library/Frameworks/Python.framework/Versions/3.11/lib/python3.11/site-packages/airflow/example_dags/example_setup_teardown.py
[2023-06-16T11:13:10.382+0700] {processor.py:826} INFO - Processing file /Library/Frameworks/Python.framework/Versions/3.11/lib/python3.11/site-packages/airflow/example_dags/example_setup_teardown.py for tasks to queue
[2023-06-16T11:13:10.383+0700] {logging_mixin.py:149} INFO - [2023-06-16T11:13:10.383+0700] {dagbag.py:541} INFO - Filling up the DagBag from /Library/Frameworks/Python.framework/Versions/3.11/lib/python3.11/site-packages/airflow/example_dags/example_setup_teardown.py
[2023-06-16T11:13:10.389+0700] {processor.py:838} WARNING - No viable dags retrieved from /Library/Frameworks/Python.framework/Versions/3.11/lib/python3.11/site-packages/airflow/example_dags/example_setup_teardown.py
[2023-06-16T11:13:11.866+0700] {processor.py:179} INFO - Processing /Library/Frameworks/Python.framework/Versions/3.11/lib/python3.11/site-packages/airflow/example_dags/example_setup_teardown.py took 1.485 seconds
[2023-06-16T11:16:32.550+0700] {processor.py:157} INFO - Started process (PID=90647) to work on /Library/Frameworks/Python.framework/Versions/3.11/lib/python3.11/site-packages/airflow/example_dags/example_setup_teardown.py
[2023-06-16T11:16:32.551+0700] {processor.py:826} INFO - Processing file /Library/Frameworks/Python.framework/Versions/3.11/lib/python3.11/site-packages/airflow/example_dags/example_setup_teardown.py for tasks to queue
[2023-06-16T11:16:32.552+0700] {logging_mixin.py:149} INFO - [2023-06-16T11:16:32.552+0700] {dagbag.py:541} INFO - Filling up the DagBag from /Library/Frameworks/Python.framework/Versions/3.11/lib/python3.11/site-packages/airflow/example_dags/example_setup_teardown.py
[2023-06-16T11:16:32.626+0700] {processor.py:838} WARNING - No viable dags retrieved from /Library/Frameworks/Python.framework/Versions/3.11/lib/python3.11/site-packages/airflow/example_dags/example_setup_teardown.py
[2023-06-16T11:16:34.330+0700] {processor.py:179} INFO - Processing /Library/Frameworks/Python.framework/Versions/3.11/lib/python3.11/site-packages/airflow/example_dags/example_setup_teardown.py took 1.781 seconds
[2023-06-16T11:19:50.451+0700] {processor.py:157} INFO - Started process (PID=91188) to work on /Library/Frameworks/Python.framework/Versions/3.11/lib/python3.11/site-packages/airflow/example_dags/example_setup_teardown.py
[2023-06-16T11:19:50.451+0700] {processor.py:826} INFO - Processing file /Library/Frameworks/Python.framework/Versions/3.11/lib/python3.11/site-packages/airflow/example_dags/example_setup_teardown.py for tasks to queue
[2023-06-16T11:19:50.452+0700] {logging_mixin.py:149} INFO - [2023-06-16T11:19:50.452+0700] {dagbag.py:541} INFO - Filling up the DagBag from /Library/Frameworks/Python.framework/Versions/3.11/lib/python3.11/site-packages/airflow/example_dags/example_setup_teardown.py
[2023-06-16T11:19:50.456+0700] {processor.py:838} WARNING - No viable dags retrieved from /Library/Frameworks/Python.framework/Versions/3.11/lib/python3.11/site-packages/airflow/example_dags/example_setup_teardown.py
[2023-06-16T11:19:51.949+0700] {processor.py:179} INFO - Processing /Library/Frameworks/Python.framework/Versions/3.11/lib/python3.11/site-packages/airflow/example_dags/example_setup_teardown.py took 1.499 seconds
[2023-06-16T11:22:36.809+0700] {processor.py:157} INFO - Started process (PID=91487) to work on /Library/Frameworks/Python.framework/Versions/3.11/lib/python3.11/site-packages/airflow/example_dags/example_setup_teardown.py
[2023-06-16T11:22:36.809+0700] {processor.py:826} INFO - Processing file /Library/Frameworks/Python.framework/Versions/3.11/lib/python3.11/site-packages/airflow/example_dags/example_setup_teardown.py for tasks to queue
[2023-06-16T11:22:36.810+0700] {logging_mixin.py:149} INFO - [2023-06-16T11:22:36.810+0700] {dagbag.py:541} INFO - Filling up the DagBag from /Library/Frameworks/Python.framework/Versions/3.11/lib/python3.11/site-packages/airflow/example_dags/example_setup_teardown.py
[2023-06-16T11:22:36.813+0700] {processor.py:838} WARNING - No viable dags retrieved from /Library/Frameworks/Python.framework/Versions/3.11/lib/python3.11/site-packages/airflow/example_dags/example_setup_teardown.py
[2023-06-16T11:22:37.851+0700] {processor.py:179} INFO - Processing /Library/Frameworks/Python.framework/Versions/3.11/lib/python3.11/site-packages/airflow/example_dags/example_setup_teardown.py took 1.043 seconds
[2023-06-16T11:25:10.847+0700] {processor.py:157} INFO - Started process (PID=91850) to work on /Library/Frameworks/Python.framework/Versions/3.11/lib/python3.11/site-packages/airflow/example_dags/example_setup_teardown.py
[2023-06-16T11:25:10.848+0700] {processor.py:826} INFO - Processing file /Library/Frameworks/Python.framework/Versions/3.11/lib/python3.11/site-packages/airflow/example_dags/example_setup_teardown.py for tasks to queue
[2023-06-16T11:25:10.848+0700] {logging_mixin.py:149} INFO - [2023-06-16T11:25:10.848+0700] {dagbag.py:541} INFO - Filling up the DagBag from /Library/Frameworks/Python.framework/Versions/3.11/lib/python3.11/site-packages/airflow/example_dags/example_setup_teardown.py
[2023-06-16T11:25:10.853+0700] {processor.py:838} WARNING - No viable dags retrieved from /Library/Frameworks/Python.framework/Versions/3.11/lib/python3.11/site-packages/airflow/example_dags/example_setup_teardown.py
[2023-06-16T11:25:12.055+0700] {processor.py:179} INFO - Processing /Library/Frameworks/Python.framework/Versions/3.11/lib/python3.11/site-packages/airflow/example_dags/example_setup_teardown.py took 1.209 seconds
[2023-06-16T11:29:33.952+0700] {processor.py:157} INFO - Started process (PID=92425) to work on /Library/Frameworks/Python.framework/Versions/3.11/lib/python3.11/site-packages/airflow/example_dags/example_setup_teardown.py
[2023-06-16T11:29:33.953+0700] {processor.py:826} INFO - Processing file /Library/Frameworks/Python.framework/Versions/3.11/lib/python3.11/site-packages/airflow/example_dags/example_setup_teardown.py for tasks to queue
[2023-06-16T11:29:33.954+0700] {logging_mixin.py:149} INFO - [2023-06-16T11:29:33.953+0700] {dagbag.py:541} INFO - Filling up the DagBag from /Library/Frameworks/Python.framework/Versions/3.11/lib/python3.11/site-packages/airflow/example_dags/example_setup_teardown.py
[2023-06-16T11:29:33.958+0700] {processor.py:838} WARNING - No viable dags retrieved from /Library/Frameworks/Python.framework/Versions/3.11/lib/python3.11/site-packages/airflow/example_dags/example_setup_teardown.py
[2023-06-16T11:29:35.112+0700] {processor.py:179} INFO - Processing /Library/Frameworks/Python.framework/Versions/3.11/lib/python3.11/site-packages/airflow/example_dags/example_setup_teardown.py took 1.161 seconds
[2023-06-16T11:33:14.611+0700] {processor.py:157} INFO - Started process (PID=92872) to work on /Library/Frameworks/Python.framework/Versions/3.11/lib/python3.11/site-packages/airflow/example_dags/example_setup_teardown.py
[2023-06-16T11:33:14.613+0700] {processor.py:826} INFO - Processing file /Library/Frameworks/Python.framework/Versions/3.11/lib/python3.11/site-packages/airflow/example_dags/example_setup_teardown.py for tasks to queue
[2023-06-16T11:33:14.614+0700] {logging_mixin.py:149} INFO - [2023-06-16T11:33:14.613+0700] {dagbag.py:541} INFO - Filling up the DagBag from /Library/Frameworks/Python.framework/Versions/3.11/lib/python3.11/site-packages/airflow/example_dags/example_setup_teardown.py
[2023-06-16T11:33:14.618+0700] {processor.py:838} WARNING - No viable dags retrieved from /Library/Frameworks/Python.framework/Versions/3.11/lib/python3.11/site-packages/airflow/example_dags/example_setup_teardown.py
[2023-06-16T11:33:15.773+0700] {processor.py:179} INFO - Processing /Library/Frameworks/Python.framework/Versions/3.11/lib/python3.11/site-packages/airflow/example_dags/example_setup_teardown.py took 1.164 seconds
[2023-06-16T11:36:19.561+0700] {processor.py:157} INFO - Started process (PID=93265) to work on /Library/Frameworks/Python.framework/Versions/3.11/lib/python3.11/site-packages/airflow/example_dags/example_setup_teardown.py
[2023-06-16T11:36:19.563+0700] {processor.py:826} INFO - Processing file /Library/Frameworks/Python.framework/Versions/3.11/lib/python3.11/site-packages/airflow/example_dags/example_setup_teardown.py for tasks to queue
[2023-06-16T11:36:19.564+0700] {logging_mixin.py:149} INFO - [2023-06-16T11:36:19.564+0700] {dagbag.py:541} INFO - Filling up the DagBag from /Library/Frameworks/Python.framework/Versions/3.11/lib/python3.11/site-packages/airflow/example_dags/example_setup_teardown.py
[2023-06-16T11:36:19.569+0700] {processor.py:838} WARNING - No viable dags retrieved from /Library/Frameworks/Python.framework/Versions/3.11/lib/python3.11/site-packages/airflow/example_dags/example_setup_teardown.py
[2023-06-16T11:36:20.870+0700] {processor.py:179} INFO - Processing /Library/Frameworks/Python.framework/Versions/3.11/lib/python3.11/site-packages/airflow/example_dags/example_setup_teardown.py took 1.310 seconds
[2023-06-16T11:39:14.988+0700] {processor.py:157} INFO - Started process (PID=94025) to work on /Library/Frameworks/Python.framework/Versions/3.11/lib/python3.11/site-packages/airflow/example_dags/example_setup_teardown.py
[2023-06-16T11:39:14.990+0700] {processor.py:826} INFO - Processing file /Library/Frameworks/Python.framework/Versions/3.11/lib/python3.11/site-packages/airflow/example_dags/example_setup_teardown.py for tasks to queue
[2023-06-16T11:39:14.990+0700] {logging_mixin.py:149} INFO - [2023-06-16T11:39:14.990+0700] {dagbag.py:541} INFO - Filling up the DagBag from /Library/Frameworks/Python.framework/Versions/3.11/lib/python3.11/site-packages/airflow/example_dags/example_setup_teardown.py
[2023-06-16T11:39:14.995+0700] {processor.py:838} WARNING - No viable dags retrieved from /Library/Frameworks/Python.framework/Versions/3.11/lib/python3.11/site-packages/airflow/example_dags/example_setup_teardown.py
[2023-06-16T11:39:16.110+0700] {processor.py:179} INFO - Processing /Library/Frameworks/Python.framework/Versions/3.11/lib/python3.11/site-packages/airflow/example_dags/example_setup_teardown.py took 1.122 seconds
[2023-06-16T11:42:02.874+0700] {processor.py:157} INFO - Started process (PID=94369) to work on /Library/Frameworks/Python.framework/Versions/3.11/lib/python3.11/site-packages/airflow/example_dags/example_setup_teardown.py
[2023-06-16T11:42:02.875+0700] {processor.py:826} INFO - Processing file /Library/Frameworks/Python.framework/Versions/3.11/lib/python3.11/site-packages/airflow/example_dags/example_setup_teardown.py for tasks to queue
[2023-06-16T11:42:02.876+0700] {logging_mixin.py:149} INFO - [2023-06-16T11:42:02.876+0700] {dagbag.py:541} INFO - Filling up the DagBag from /Library/Frameworks/Python.framework/Versions/3.11/lib/python3.11/site-packages/airflow/example_dags/example_setup_teardown.py
[2023-06-16T11:42:02.880+0700] {processor.py:838} WARNING - No viable dags retrieved from /Library/Frameworks/Python.framework/Versions/3.11/lib/python3.11/site-packages/airflow/example_dags/example_setup_teardown.py
[2023-06-16T11:42:04.087+0700] {processor.py:179} INFO - Processing /Library/Frameworks/Python.framework/Versions/3.11/lib/python3.11/site-packages/airflow/example_dags/example_setup_teardown.py took 1.214 seconds
[2023-06-16T11:44:53.755+0700] {processor.py:157} INFO - Started process (PID=94742) to work on /Library/Frameworks/Python.framework/Versions/3.11/lib/python3.11/site-packages/airflow/example_dags/example_setup_teardown.py
[2023-06-16T11:44:53.756+0700] {processor.py:826} INFO - Processing file /Library/Frameworks/Python.framework/Versions/3.11/lib/python3.11/site-packages/airflow/example_dags/example_setup_teardown.py for tasks to queue
[2023-06-16T11:44:53.756+0700] {logging_mixin.py:149} INFO - [2023-06-16T11:44:53.756+0700] {dagbag.py:541} INFO - Filling up the DagBag from /Library/Frameworks/Python.framework/Versions/3.11/lib/python3.11/site-packages/airflow/example_dags/example_setup_teardown.py
[2023-06-16T11:44:53.759+0700] {processor.py:838} WARNING - No viable dags retrieved from /Library/Frameworks/Python.framework/Versions/3.11/lib/python3.11/site-packages/airflow/example_dags/example_setup_teardown.py
[2023-06-16T11:44:54.777+0700] {processor.py:179} INFO - Processing /Library/Frameworks/Python.framework/Versions/3.11/lib/python3.11/site-packages/airflow/example_dags/example_setup_teardown.py took 1.023 seconds
[2023-06-16T11:50:09.333+0700] {processor.py:157} INFO - Started process (PID=95351) to work on /Library/Frameworks/Python.framework/Versions/3.11/lib/python3.11/site-packages/airflow/example_dags/example_setup_teardown.py
[2023-06-16T11:50:09.333+0700] {processor.py:826} INFO - Processing file /Library/Frameworks/Python.framework/Versions/3.11/lib/python3.11/site-packages/airflow/example_dags/example_setup_teardown.py for tasks to queue
[2023-06-16T11:50:09.334+0700] {logging_mixin.py:149} INFO - [2023-06-16T11:50:09.334+0700] {dagbag.py:541} INFO - Filling up the DagBag from /Library/Frameworks/Python.framework/Versions/3.11/lib/python3.11/site-packages/airflow/example_dags/example_setup_teardown.py
[2023-06-16T11:50:09.339+0700] {processor.py:838} WARNING - No viable dags retrieved from /Library/Frameworks/Python.framework/Versions/3.11/lib/python3.11/site-packages/airflow/example_dags/example_setup_teardown.py
[2023-06-16T11:50:10.505+0700] {processor.py:179} INFO - Processing /Library/Frameworks/Python.framework/Versions/3.11/lib/python3.11/site-packages/airflow/example_dags/example_setup_teardown.py took 1.173 seconds
[2023-06-16T11:53:47.283+0700] {processor.py:157} INFO - Started process (PID=95770) to work on /Library/Frameworks/Python.framework/Versions/3.11/lib/python3.11/site-packages/airflow/example_dags/example_setup_teardown.py
[2023-06-16T11:53:47.285+0700] {processor.py:826} INFO - Processing file /Library/Frameworks/Python.framework/Versions/3.11/lib/python3.11/site-packages/airflow/example_dags/example_setup_teardown.py for tasks to queue
[2023-06-16T11:53:47.285+0700] {logging_mixin.py:149} INFO - [2023-06-16T11:53:47.285+0700] {dagbag.py:541} INFO - Filling up the DagBag from /Library/Frameworks/Python.framework/Versions/3.11/lib/python3.11/site-packages/airflow/example_dags/example_setup_teardown.py
[2023-06-16T11:53:47.289+0700] {processor.py:838} WARNING - No viable dags retrieved from /Library/Frameworks/Python.framework/Versions/3.11/lib/python3.11/site-packages/airflow/example_dags/example_setup_teardown.py
[2023-06-16T11:53:48.524+0700] {processor.py:179} INFO - Processing /Library/Frameworks/Python.framework/Versions/3.11/lib/python3.11/site-packages/airflow/example_dags/example_setup_teardown.py took 1.241 seconds
[2023-06-16T11:56:54.343+0700] {processor.py:157} INFO - Started process (PID=96211) to work on /Library/Frameworks/Python.framework/Versions/3.11/lib/python3.11/site-packages/airflow/example_dags/example_setup_teardown.py
[2023-06-16T11:56:54.345+0700] {processor.py:826} INFO - Processing file /Library/Frameworks/Python.framework/Versions/3.11/lib/python3.11/site-packages/airflow/example_dags/example_setup_teardown.py for tasks to queue
[2023-06-16T11:56:54.346+0700] {logging_mixin.py:149} INFO - [2023-06-16T11:56:54.345+0700] {dagbag.py:541} INFO - Filling up the DagBag from /Library/Frameworks/Python.framework/Versions/3.11/lib/python3.11/site-packages/airflow/example_dags/example_setup_teardown.py
[2023-06-16T11:56:54.352+0700] {processor.py:838} WARNING - No viable dags retrieved from /Library/Frameworks/Python.framework/Versions/3.11/lib/python3.11/site-packages/airflow/example_dags/example_setup_teardown.py
[2023-06-16T11:56:55.454+0700] {processor.py:179} INFO - Processing /Library/Frameworks/Python.framework/Versions/3.11/lib/python3.11/site-packages/airflow/example_dags/example_setup_teardown.py took 1.113 seconds
[2023-06-16T11:59:50.797+0700] {processor.py:157} INFO - Started process (PID=96519) to work on /Library/Frameworks/Python.framework/Versions/3.11/lib/python3.11/site-packages/airflow/example_dags/example_setup_teardown.py
[2023-06-16T11:59:50.798+0700] {processor.py:826} INFO - Processing file /Library/Frameworks/Python.framework/Versions/3.11/lib/python3.11/site-packages/airflow/example_dags/example_setup_teardown.py for tasks to queue
[2023-06-16T11:59:50.799+0700] {logging_mixin.py:149} INFO - [2023-06-16T11:59:50.799+0700] {dagbag.py:541} INFO - Filling up the DagBag from /Library/Frameworks/Python.framework/Versions/3.11/lib/python3.11/site-packages/airflow/example_dags/example_setup_teardown.py
[2023-06-16T11:59:50.804+0700] {processor.py:838} WARNING - No viable dags retrieved from /Library/Frameworks/Python.framework/Versions/3.11/lib/python3.11/site-packages/airflow/example_dags/example_setup_teardown.py
[2023-06-16T11:59:51.989+0700] {processor.py:179} INFO - Processing /Library/Frameworks/Python.framework/Versions/3.11/lib/python3.11/site-packages/airflow/example_dags/example_setup_teardown.py took 1.194 seconds
[2023-06-16T12:02:34.900+0700] {processor.py:157} INFO - Started process (PID=96939) to work on /Library/Frameworks/Python.framework/Versions/3.11/lib/python3.11/site-packages/airflow/example_dags/example_setup_teardown.py
[2023-06-16T12:02:34.902+0700] {processor.py:826} INFO - Processing file /Library/Frameworks/Python.framework/Versions/3.11/lib/python3.11/site-packages/airflow/example_dags/example_setup_teardown.py for tasks to queue
[2023-06-16T12:02:34.903+0700] {logging_mixin.py:149} INFO - [2023-06-16T12:02:34.903+0700] {dagbag.py:541} INFO - Filling up the DagBag from /Library/Frameworks/Python.framework/Versions/3.11/lib/python3.11/site-packages/airflow/example_dags/example_setup_teardown.py
[2023-06-16T12:02:34.907+0700] {processor.py:838} WARNING - No viable dags retrieved from /Library/Frameworks/Python.framework/Versions/3.11/lib/python3.11/site-packages/airflow/example_dags/example_setup_teardown.py
[2023-06-16T12:02:36.068+0700] {processor.py:179} INFO - Processing /Library/Frameworks/Python.framework/Versions/3.11/lib/python3.11/site-packages/airflow/example_dags/example_setup_teardown.py took 1.169 seconds
[2023-06-16T12:05:15.302+0700] {processor.py:157} INFO - Started process (PID=97301) to work on /Library/Frameworks/Python.framework/Versions/3.11/lib/python3.11/site-packages/airflow/example_dags/example_setup_teardown.py
[2023-06-16T12:05:15.303+0700] {processor.py:826} INFO - Processing file /Library/Frameworks/Python.framework/Versions/3.11/lib/python3.11/site-packages/airflow/example_dags/example_setup_teardown.py for tasks to queue
[2023-06-16T12:05:15.304+0700] {logging_mixin.py:149} INFO - [2023-06-16T12:05:15.304+0700] {dagbag.py:541} INFO - Filling up the DagBag from /Library/Frameworks/Python.framework/Versions/3.11/lib/python3.11/site-packages/airflow/example_dags/example_setup_teardown.py
[2023-06-16T12:05:15.309+0700] {processor.py:838} WARNING - No viable dags retrieved from /Library/Frameworks/Python.framework/Versions/3.11/lib/python3.11/site-packages/airflow/example_dags/example_setup_teardown.py
[2023-06-16T12:05:16.475+0700] {processor.py:179} INFO - Processing /Library/Frameworks/Python.framework/Versions/3.11/lib/python3.11/site-packages/airflow/example_dags/example_setup_teardown.py took 1.174 seconds
[2023-06-16T12:07:40.572+0700] {processor.py:157} INFO - Started process (PID=97573) to work on /Library/Frameworks/Python.framework/Versions/3.11/lib/python3.11/site-packages/airflow/example_dags/example_setup_teardown.py
[2023-06-16T12:07:40.573+0700] {processor.py:826} INFO - Processing file /Library/Frameworks/Python.framework/Versions/3.11/lib/python3.11/site-packages/airflow/example_dags/example_setup_teardown.py for tasks to queue
[2023-06-16T12:07:40.573+0700] {logging_mixin.py:149} INFO - [2023-06-16T12:07:40.573+0700] {dagbag.py:541} INFO - Filling up the DagBag from /Library/Frameworks/Python.framework/Versions/3.11/lib/python3.11/site-packages/airflow/example_dags/example_setup_teardown.py
[2023-06-16T12:07:40.577+0700] {processor.py:838} WARNING - No viable dags retrieved from /Library/Frameworks/Python.framework/Versions/3.11/lib/python3.11/site-packages/airflow/example_dags/example_setup_teardown.py
[2023-06-16T12:07:41.802+0700] {processor.py:179} INFO - Processing /Library/Frameworks/Python.framework/Versions/3.11/lib/python3.11/site-packages/airflow/example_dags/example_setup_teardown.py took 1.231 seconds
[2023-06-16T12:10:03.173+0700] {processor.py:157} INFO - Started process (PID=97916) to work on /Library/Frameworks/Python.framework/Versions/3.11/lib/python3.11/site-packages/airflow/example_dags/example_setup_teardown.py
[2023-06-16T12:10:03.174+0700] {processor.py:826} INFO - Processing file /Library/Frameworks/Python.framework/Versions/3.11/lib/python3.11/site-packages/airflow/example_dags/example_setup_teardown.py for tasks to queue
[2023-06-16T12:10:03.175+0700] {logging_mixin.py:149} INFO - [2023-06-16T12:10:03.175+0700] {dagbag.py:541} INFO - Filling up the DagBag from /Library/Frameworks/Python.framework/Versions/3.11/lib/python3.11/site-packages/airflow/example_dags/example_setup_teardown.py
[2023-06-16T12:10:03.182+0700] {processor.py:838} WARNING - No viable dags retrieved from /Library/Frameworks/Python.framework/Versions/3.11/lib/python3.11/site-packages/airflow/example_dags/example_setup_teardown.py
[2023-06-16T12:10:04.382+0700] {processor.py:179} INFO - Processing /Library/Frameworks/Python.framework/Versions/3.11/lib/python3.11/site-packages/airflow/example_dags/example_setup_teardown.py took 1.211 seconds
[2023-06-16T12:12:28.144+0700] {processor.py:157} INFO - Started process (PID=98193) to work on /Library/Frameworks/Python.framework/Versions/3.11/lib/python3.11/site-packages/airflow/example_dags/example_setup_teardown.py
[2023-06-16T12:12:28.145+0700] {processor.py:826} INFO - Processing file /Library/Frameworks/Python.framework/Versions/3.11/lib/python3.11/site-packages/airflow/example_dags/example_setup_teardown.py for tasks to queue
[2023-06-16T12:12:28.146+0700] {logging_mixin.py:149} INFO - [2023-06-16T12:12:28.146+0700] {dagbag.py:541} INFO - Filling up the DagBag from /Library/Frameworks/Python.framework/Versions/3.11/lib/python3.11/site-packages/airflow/example_dags/example_setup_teardown.py
[2023-06-16T12:12:28.150+0700] {processor.py:838} WARNING - No viable dags retrieved from /Library/Frameworks/Python.framework/Versions/3.11/lib/python3.11/site-packages/airflow/example_dags/example_setup_teardown.py
[2023-06-16T12:12:29.190+0700] {processor.py:179} INFO - Processing /Library/Frameworks/Python.framework/Versions/3.11/lib/python3.11/site-packages/airflow/example_dags/example_setup_teardown.py took 1.047 seconds
[2023-06-16T12:15:01.009+0700] {processor.py:157} INFO - Started process (PID=98551) to work on /Library/Frameworks/Python.framework/Versions/3.11/lib/python3.11/site-packages/airflow/example_dags/example_setup_teardown.py
[2023-06-16T12:15:01.011+0700] {processor.py:826} INFO - Processing file /Library/Frameworks/Python.framework/Versions/3.11/lib/python3.11/site-packages/airflow/example_dags/example_setup_teardown.py for tasks to queue
[2023-06-16T12:15:01.011+0700] {logging_mixin.py:149} INFO - [2023-06-16T12:15:01.011+0700] {dagbag.py:541} INFO - Filling up the DagBag from /Library/Frameworks/Python.framework/Versions/3.11/lib/python3.11/site-packages/airflow/example_dags/example_setup_teardown.py
[2023-06-16T12:15:01.018+0700] {processor.py:838} WARNING - No viable dags retrieved from /Library/Frameworks/Python.framework/Versions/3.11/lib/python3.11/site-packages/airflow/example_dags/example_setup_teardown.py
[2023-06-16T12:15:02.316+0700] {processor.py:179} INFO - Processing /Library/Frameworks/Python.framework/Versions/3.11/lib/python3.11/site-packages/airflow/example_dags/example_setup_teardown.py took 1.308 seconds
[2023-06-16T12:17:32.530+0700] {processor.py:157} INFO - Started process (PID=98856) to work on /Library/Frameworks/Python.framework/Versions/3.11/lib/python3.11/site-packages/airflow/example_dags/example_setup_teardown.py
[2023-06-16T12:17:32.532+0700] {processor.py:826} INFO - Processing file /Library/Frameworks/Python.framework/Versions/3.11/lib/python3.11/site-packages/airflow/example_dags/example_setup_teardown.py for tasks to queue
[2023-06-16T12:17:32.532+0700] {logging_mixin.py:149} INFO - [2023-06-16T12:17:32.532+0700] {dagbag.py:541} INFO - Filling up the DagBag from /Library/Frameworks/Python.framework/Versions/3.11/lib/python3.11/site-packages/airflow/example_dags/example_setup_teardown.py
[2023-06-16T12:17:32.536+0700] {processor.py:838} WARNING - No viable dags retrieved from /Library/Frameworks/Python.framework/Versions/3.11/lib/python3.11/site-packages/airflow/example_dags/example_setup_teardown.py
[2023-06-16T12:17:33.778+0700] {processor.py:179} INFO - Processing /Library/Frameworks/Python.framework/Versions/3.11/lib/python3.11/site-packages/airflow/example_dags/example_setup_teardown.py took 1.248 seconds
[2023-06-16T12:20:01.140+0700] {processor.py:157} INFO - Started process (PID=99170) to work on /Library/Frameworks/Python.framework/Versions/3.11/lib/python3.11/site-packages/airflow/example_dags/example_setup_teardown.py
[2023-06-16T12:20:01.141+0700] {processor.py:826} INFO - Processing file /Library/Frameworks/Python.framework/Versions/3.11/lib/python3.11/site-packages/airflow/example_dags/example_setup_teardown.py for tasks to queue
[2023-06-16T12:20:01.142+0700] {logging_mixin.py:149} INFO - [2023-06-16T12:20:01.142+0700] {dagbag.py:541} INFO - Filling up the DagBag from /Library/Frameworks/Python.framework/Versions/3.11/lib/python3.11/site-packages/airflow/example_dags/example_setup_teardown.py
[2023-06-16T12:20:01.146+0700] {processor.py:838} WARNING - No viable dags retrieved from /Library/Frameworks/Python.framework/Versions/3.11/lib/python3.11/site-packages/airflow/example_dags/example_setup_teardown.py
[2023-06-16T12:20:02.140+0700] {processor.py:179} INFO - Processing /Library/Frameworks/Python.framework/Versions/3.11/lib/python3.11/site-packages/airflow/example_dags/example_setup_teardown.py took 1.001 seconds
[2023-06-16T12:22:53.726+0700] {processor.py:157} INFO - Started process (PID=99531) to work on /Library/Frameworks/Python.framework/Versions/3.11/lib/python3.11/site-packages/airflow/example_dags/example_setup_teardown.py
[2023-06-16T12:22:53.728+0700] {processor.py:826} INFO - Processing file /Library/Frameworks/Python.framework/Versions/3.11/lib/python3.11/site-packages/airflow/example_dags/example_setup_teardown.py for tasks to queue
[2023-06-16T12:22:53.729+0700] {logging_mixin.py:149} INFO - [2023-06-16T12:22:53.729+0700] {dagbag.py:541} INFO - Filling up the DagBag from /Library/Frameworks/Python.framework/Versions/3.11/lib/python3.11/site-packages/airflow/example_dags/example_setup_teardown.py
[2023-06-16T12:22:53.733+0700] {processor.py:838} WARNING - No viable dags retrieved from /Library/Frameworks/Python.framework/Versions/3.11/lib/python3.11/site-packages/airflow/example_dags/example_setup_teardown.py
[2023-06-16T12:22:55.220+0700] {processor.py:179} INFO - Processing /Library/Frameworks/Python.framework/Versions/3.11/lib/python3.11/site-packages/airflow/example_dags/example_setup_teardown.py took 1.495 seconds
[2023-06-16T12:25:44.691+0700] {processor.py:157} INFO - Started process (PID=99894) to work on /Library/Frameworks/Python.framework/Versions/3.11/lib/python3.11/site-packages/airflow/example_dags/example_setup_teardown.py
[2023-06-16T12:25:44.692+0700] {processor.py:826} INFO - Processing file /Library/Frameworks/Python.framework/Versions/3.11/lib/python3.11/site-packages/airflow/example_dags/example_setup_teardown.py for tasks to queue
[2023-06-16T12:25:44.693+0700] {logging_mixin.py:149} INFO - [2023-06-16T12:25:44.693+0700] {dagbag.py:541} INFO - Filling up the DagBag from /Library/Frameworks/Python.framework/Versions/3.11/lib/python3.11/site-packages/airflow/example_dags/example_setup_teardown.py
[2023-06-16T12:25:44.698+0700] {processor.py:838} WARNING - No viable dags retrieved from /Library/Frameworks/Python.framework/Versions/3.11/lib/python3.11/site-packages/airflow/example_dags/example_setup_teardown.py
[2023-06-16T12:25:46.028+0700] {processor.py:179} INFO - Processing /Library/Frameworks/Python.framework/Versions/3.11/lib/python3.11/site-packages/airflow/example_dags/example_setup_teardown.py took 1.338 seconds
[2023-06-16T12:28:33.698+0700] {processor.py:157} INFO - Started process (PID=701) to work on /Library/Frameworks/Python.framework/Versions/3.11/lib/python3.11/site-packages/airflow/example_dags/example_setup_teardown.py
[2023-06-16T12:28:33.699+0700] {processor.py:826} INFO - Processing file /Library/Frameworks/Python.framework/Versions/3.11/lib/python3.11/site-packages/airflow/example_dags/example_setup_teardown.py for tasks to queue
[2023-06-16T12:28:33.700+0700] {logging_mixin.py:149} INFO - [2023-06-16T12:28:33.700+0700] {dagbag.py:541} INFO - Filling up the DagBag from /Library/Frameworks/Python.framework/Versions/3.11/lib/python3.11/site-packages/airflow/example_dags/example_setup_teardown.py
[2023-06-16T12:28:33.706+0700] {processor.py:838} WARNING - No viable dags retrieved from /Library/Frameworks/Python.framework/Versions/3.11/lib/python3.11/site-packages/airflow/example_dags/example_setup_teardown.py
[2023-06-16T12:28:34.939+0700] {processor.py:179} INFO - Processing /Library/Frameworks/Python.framework/Versions/3.11/lib/python3.11/site-packages/airflow/example_dags/example_setup_teardown.py took 1.241 seconds
[2023-06-16T12:31:08.784+0700] {processor.py:157} INFO - Started process (PID=1088) to work on /Library/Frameworks/Python.framework/Versions/3.11/lib/python3.11/site-packages/airflow/example_dags/example_setup_teardown.py
[2023-06-16T12:31:08.784+0700] {processor.py:826} INFO - Processing file /Library/Frameworks/Python.framework/Versions/3.11/lib/python3.11/site-packages/airflow/example_dags/example_setup_teardown.py for tasks to queue
[2023-06-16T12:31:08.785+0700] {logging_mixin.py:149} INFO - [2023-06-16T12:31:08.784+0700] {dagbag.py:541} INFO - Filling up the DagBag from /Library/Frameworks/Python.framework/Versions/3.11/lib/python3.11/site-packages/airflow/example_dags/example_setup_teardown.py
[2023-06-16T12:31:08.788+0700] {processor.py:838} WARNING - No viable dags retrieved from /Library/Frameworks/Python.framework/Versions/3.11/lib/python3.11/site-packages/airflow/example_dags/example_setup_teardown.py
[2023-06-16T12:31:10.088+0700] {processor.py:179} INFO - Processing /Library/Frameworks/Python.framework/Versions/3.11/lib/python3.11/site-packages/airflow/example_dags/example_setup_teardown.py took 1.306 seconds
[2023-06-16T12:33:45.780+0700] {processor.py:157} INFO - Started process (PID=1449) to work on /Library/Frameworks/Python.framework/Versions/3.11/lib/python3.11/site-packages/airflow/example_dags/example_setup_teardown.py
[2023-06-16T12:33:45.781+0700] {processor.py:826} INFO - Processing file /Library/Frameworks/Python.framework/Versions/3.11/lib/python3.11/site-packages/airflow/example_dags/example_setup_teardown.py for tasks to queue
[2023-06-16T12:33:45.781+0700] {logging_mixin.py:149} INFO - [2023-06-16T12:33:45.781+0700] {dagbag.py:541} INFO - Filling up the DagBag from /Library/Frameworks/Python.framework/Versions/3.11/lib/python3.11/site-packages/airflow/example_dags/example_setup_teardown.py
[2023-06-16T12:33:45.785+0700] {processor.py:838} WARNING - No viable dags retrieved from /Library/Frameworks/Python.framework/Versions/3.11/lib/python3.11/site-packages/airflow/example_dags/example_setup_teardown.py
[2023-06-16T12:33:46.809+0700] {processor.py:179} INFO - Processing /Library/Frameworks/Python.framework/Versions/3.11/lib/python3.11/site-packages/airflow/example_dags/example_setup_teardown.py took 1.030 seconds
[2023-06-16T12:36:27.416+0700] {processor.py:157} INFO - Started process (PID=1908) to work on /Library/Frameworks/Python.framework/Versions/3.11/lib/python3.11/site-packages/airflow/example_dags/example_setup_teardown.py
[2023-06-16T12:36:27.417+0700] {processor.py:826} INFO - Processing file /Library/Frameworks/Python.framework/Versions/3.11/lib/python3.11/site-packages/airflow/example_dags/example_setup_teardown.py for tasks to queue
[2023-06-16T12:36:27.417+0700] {logging_mixin.py:149} INFO - [2023-06-16T12:36:27.417+0700] {dagbag.py:541} INFO - Filling up the DagBag from /Library/Frameworks/Python.framework/Versions/3.11/lib/python3.11/site-packages/airflow/example_dags/example_setup_teardown.py
[2023-06-16T12:36:27.423+0700] {processor.py:838} WARNING - No viable dags retrieved from /Library/Frameworks/Python.framework/Versions/3.11/lib/python3.11/site-packages/airflow/example_dags/example_setup_teardown.py
[2023-06-16T12:36:28.639+0700] {processor.py:179} INFO - Processing /Library/Frameworks/Python.framework/Versions/3.11/lib/python3.11/site-packages/airflow/example_dags/example_setup_teardown.py took 1.224 seconds
[2023-06-16T12:39:09.135+0700] {processor.py:157} INFO - Started process (PID=2330) to work on /Library/Frameworks/Python.framework/Versions/3.11/lib/python3.11/site-packages/airflow/example_dags/example_setup_teardown.py
[2023-06-16T12:39:09.143+0700] {processor.py:826} INFO - Processing file /Library/Frameworks/Python.framework/Versions/3.11/lib/python3.11/site-packages/airflow/example_dags/example_setup_teardown.py for tasks to queue
[2023-06-16T12:39:09.144+0700] {logging_mixin.py:149} INFO - [2023-06-16T12:39:09.144+0700] {dagbag.py:541} INFO - Filling up the DagBag from /Library/Frameworks/Python.framework/Versions/3.11/lib/python3.11/site-packages/airflow/example_dags/example_setup_teardown.py
[2023-06-16T12:39:09.153+0700] {processor.py:838} WARNING - No viable dags retrieved from /Library/Frameworks/Python.framework/Versions/3.11/lib/python3.11/site-packages/airflow/example_dags/example_setup_teardown.py
[2023-06-16T12:39:10.410+0700] {processor.py:179} INFO - Processing /Library/Frameworks/Python.framework/Versions/3.11/lib/python3.11/site-packages/airflow/example_dags/example_setup_teardown.py took 1.276 seconds
[2023-06-16T12:42:11.817+0700] {processor.py:157} INFO - Started process (PID=2766) to work on /Library/Frameworks/Python.framework/Versions/3.11/lib/python3.11/site-packages/airflow/example_dags/example_setup_teardown.py
[2023-06-16T12:42:11.818+0700] {processor.py:826} INFO - Processing file /Library/Frameworks/Python.framework/Versions/3.11/lib/python3.11/site-packages/airflow/example_dags/example_setup_teardown.py for tasks to queue
[2023-06-16T12:42:11.818+0700] {logging_mixin.py:149} INFO - [2023-06-16T12:42:11.818+0700] {dagbag.py:541} INFO - Filling up the DagBag from /Library/Frameworks/Python.framework/Versions/3.11/lib/python3.11/site-packages/airflow/example_dags/example_setup_teardown.py
[2023-06-16T12:42:11.823+0700] {processor.py:838} WARNING - No viable dags retrieved from /Library/Frameworks/Python.framework/Versions/3.11/lib/python3.11/site-packages/airflow/example_dags/example_setup_teardown.py
[2023-06-16T12:42:13.156+0700] {processor.py:179} INFO - Processing /Library/Frameworks/Python.framework/Versions/3.11/lib/python3.11/site-packages/airflow/example_dags/example_setup_teardown.py took 1.341 seconds
[2023-06-16T12:45:31.601+0700] {processor.py:157} INFO - Started process (PID=3260) to work on /Library/Frameworks/Python.framework/Versions/3.11/lib/python3.11/site-packages/airflow/example_dags/example_setup_teardown.py
[2023-06-16T12:45:31.602+0700] {processor.py:826} INFO - Processing file /Library/Frameworks/Python.framework/Versions/3.11/lib/python3.11/site-packages/airflow/example_dags/example_setup_teardown.py for tasks to queue
[2023-06-16T12:45:31.603+0700] {logging_mixin.py:149} INFO - [2023-06-16T12:45:31.603+0700] {dagbag.py:541} INFO - Filling up the DagBag from /Library/Frameworks/Python.framework/Versions/3.11/lib/python3.11/site-packages/airflow/example_dags/example_setup_teardown.py
[2023-06-16T12:45:31.608+0700] {processor.py:838} WARNING - No viable dags retrieved from /Library/Frameworks/Python.framework/Versions/3.11/lib/python3.11/site-packages/airflow/example_dags/example_setup_teardown.py
[2023-06-16T12:45:32.708+0700] {processor.py:179} INFO - Processing /Library/Frameworks/Python.framework/Versions/3.11/lib/python3.11/site-packages/airflow/example_dags/example_setup_teardown.py took 1.109 seconds
[2023-06-16T12:48:45.792+0700] {processor.py:157} INFO - Started process (PID=3669) to work on /Library/Frameworks/Python.framework/Versions/3.11/lib/python3.11/site-packages/airflow/example_dags/example_setup_teardown.py
[2023-06-16T12:48:45.804+0700] {processor.py:826} INFO - Processing file /Library/Frameworks/Python.framework/Versions/3.11/lib/python3.11/site-packages/airflow/example_dags/example_setup_teardown.py for tasks to queue
[2023-06-16T12:48:45.805+0700] {logging_mixin.py:149} INFO - [2023-06-16T12:48:45.804+0700] {dagbag.py:541} INFO - Filling up the DagBag from /Library/Frameworks/Python.framework/Versions/3.11/lib/python3.11/site-packages/airflow/example_dags/example_setup_teardown.py
[2023-06-16T12:48:45.810+0700] {processor.py:838} WARNING - No viable dags retrieved from /Library/Frameworks/Python.framework/Versions/3.11/lib/python3.11/site-packages/airflow/example_dags/example_setup_teardown.py
[2023-06-16T12:48:47.494+0700] {processor.py:179} INFO - Processing /Library/Frameworks/Python.framework/Versions/3.11/lib/python3.11/site-packages/airflow/example_dags/example_setup_teardown.py took 1.703 seconds
[2023-06-16T12:51:28.511+0700] {processor.py:157} INFO - Started process (PID=4047) to work on /Library/Frameworks/Python.framework/Versions/3.11/lib/python3.11/site-packages/airflow/example_dags/example_setup_teardown.py
[2023-06-16T12:51:28.513+0700] {processor.py:826} INFO - Processing file /Library/Frameworks/Python.framework/Versions/3.11/lib/python3.11/site-packages/airflow/example_dags/example_setup_teardown.py for tasks to queue
[2023-06-16T12:51:28.513+0700] {logging_mixin.py:149} INFO - [2023-06-16T12:51:28.513+0700] {dagbag.py:541} INFO - Filling up the DagBag from /Library/Frameworks/Python.framework/Versions/3.11/lib/python3.11/site-packages/airflow/example_dags/example_setup_teardown.py
[2023-06-16T12:51:28.519+0700] {processor.py:838} WARNING - No viable dags retrieved from /Library/Frameworks/Python.framework/Versions/3.11/lib/python3.11/site-packages/airflow/example_dags/example_setup_teardown.py
[2023-06-16T12:51:29.866+0700] {processor.py:179} INFO - Processing /Library/Frameworks/Python.framework/Versions/3.11/lib/python3.11/site-packages/airflow/example_dags/example_setup_teardown.py took 1.356 seconds
[2023-06-16T12:54:02.423+0700] {processor.py:157} INFO - Started process (PID=4371) to work on /Library/Frameworks/Python.framework/Versions/3.11/lib/python3.11/site-packages/airflow/example_dags/example_setup_teardown.py
[2023-06-16T12:54:02.423+0700] {processor.py:826} INFO - Processing file /Library/Frameworks/Python.framework/Versions/3.11/lib/python3.11/site-packages/airflow/example_dags/example_setup_teardown.py for tasks to queue
[2023-06-16T12:54:02.424+0700] {logging_mixin.py:149} INFO - [2023-06-16T12:54:02.424+0700] {dagbag.py:541} INFO - Filling up the DagBag from /Library/Frameworks/Python.framework/Versions/3.11/lib/python3.11/site-packages/airflow/example_dags/example_setup_teardown.py
[2023-06-16T12:54:02.427+0700] {processor.py:838} WARNING - No viable dags retrieved from /Library/Frameworks/Python.framework/Versions/3.11/lib/python3.11/site-packages/airflow/example_dags/example_setup_teardown.py
[2023-06-16T12:54:03.527+0700] {processor.py:179} INFO - Processing /Library/Frameworks/Python.framework/Versions/3.11/lib/python3.11/site-packages/airflow/example_dags/example_setup_teardown.py took 1.105 seconds
[2023-06-16T12:56:37.772+0700] {processor.py:157} INFO - Started process (PID=4759) to work on /Library/Frameworks/Python.framework/Versions/3.11/lib/python3.11/site-packages/airflow/example_dags/example_setup_teardown.py
[2023-06-16T12:56:37.773+0700] {processor.py:826} INFO - Processing file /Library/Frameworks/Python.framework/Versions/3.11/lib/python3.11/site-packages/airflow/example_dags/example_setup_teardown.py for tasks to queue
[2023-06-16T12:56:37.774+0700] {logging_mixin.py:149} INFO - [2023-06-16T12:56:37.774+0700] {dagbag.py:541} INFO - Filling up the DagBag from /Library/Frameworks/Python.framework/Versions/3.11/lib/python3.11/site-packages/airflow/example_dags/example_setup_teardown.py
[2023-06-16T12:56:37.778+0700] {processor.py:838} WARNING - No viable dags retrieved from /Library/Frameworks/Python.framework/Versions/3.11/lib/python3.11/site-packages/airflow/example_dags/example_setup_teardown.py
[2023-06-16T12:56:38.946+0700] {processor.py:179} INFO - Processing /Library/Frameworks/Python.framework/Versions/3.11/lib/python3.11/site-packages/airflow/example_dags/example_setup_teardown.py took 1.174 seconds
[2023-06-16T12:59:15.002+0700] {processor.py:157} INFO - Started process (PID=5206) to work on /Library/Frameworks/Python.framework/Versions/3.11/lib/python3.11/site-packages/airflow/example_dags/example_setup_teardown.py
[2023-06-16T12:59:15.003+0700] {processor.py:826} INFO - Processing file /Library/Frameworks/Python.framework/Versions/3.11/lib/python3.11/site-packages/airflow/example_dags/example_setup_teardown.py for tasks to queue
[2023-06-16T12:59:15.004+0700] {logging_mixin.py:149} INFO - [2023-06-16T12:59:15.004+0700] {dagbag.py:541} INFO - Filling up the DagBag from /Library/Frameworks/Python.framework/Versions/3.11/lib/python3.11/site-packages/airflow/example_dags/example_setup_teardown.py
[2023-06-16T12:59:15.010+0700] {processor.py:838} WARNING - No viable dags retrieved from /Library/Frameworks/Python.framework/Versions/3.11/lib/python3.11/site-packages/airflow/example_dags/example_setup_teardown.py
[2023-06-16T12:59:16.129+0700] {processor.py:179} INFO - Processing /Library/Frameworks/Python.framework/Versions/3.11/lib/python3.11/site-packages/airflow/example_dags/example_setup_teardown.py took 1.128 seconds
[2023-06-16T13:02:11.199+0700] {processor.py:157} INFO - Started process (PID=5618) to work on /Library/Frameworks/Python.framework/Versions/3.11/lib/python3.11/site-packages/airflow/example_dags/example_setup_teardown.py
[2023-06-16T13:02:11.201+0700] {processor.py:826} INFO - Processing file /Library/Frameworks/Python.framework/Versions/3.11/lib/python3.11/site-packages/airflow/example_dags/example_setup_teardown.py for tasks to queue
[2023-06-16T13:02:11.202+0700] {logging_mixin.py:149} INFO - [2023-06-16T13:02:11.202+0700] {dagbag.py:541} INFO - Filling up the DagBag from /Library/Frameworks/Python.framework/Versions/3.11/lib/python3.11/site-packages/airflow/example_dags/example_setup_teardown.py
[2023-06-16T13:02:11.206+0700] {processor.py:838} WARNING - No viable dags retrieved from /Library/Frameworks/Python.framework/Versions/3.11/lib/python3.11/site-packages/airflow/example_dags/example_setup_teardown.py
[2023-06-16T13:02:12.364+0700] {processor.py:179} INFO - Processing /Library/Frameworks/Python.framework/Versions/3.11/lib/python3.11/site-packages/airflow/example_dags/example_setup_teardown.py took 1.167 seconds
[2023-06-16T13:04:53.363+0700] {processor.py:157} INFO - Started process (PID=6043) to work on /Library/Frameworks/Python.framework/Versions/3.11/lib/python3.11/site-packages/airflow/example_dags/example_setup_teardown.py
[2023-06-16T13:04:53.365+0700] {processor.py:826} INFO - Processing file /Library/Frameworks/Python.framework/Versions/3.11/lib/python3.11/site-packages/airflow/example_dags/example_setup_teardown.py for tasks to queue
[2023-06-16T13:04:53.366+0700] {logging_mixin.py:149} INFO - [2023-06-16T13:04:53.366+0700] {dagbag.py:541} INFO - Filling up the DagBag from /Library/Frameworks/Python.framework/Versions/3.11/lib/python3.11/site-packages/airflow/example_dags/example_setup_teardown.py
[2023-06-16T13:04:53.370+0700] {processor.py:838} WARNING - No viable dags retrieved from /Library/Frameworks/Python.framework/Versions/3.11/lib/python3.11/site-packages/airflow/example_dags/example_setup_teardown.py
[2023-06-16T13:04:54.523+0700] {processor.py:179} INFO - Processing /Library/Frameworks/Python.framework/Versions/3.11/lib/python3.11/site-packages/airflow/example_dags/example_setup_teardown.py took 1.161 seconds
[2023-06-16T13:07:29.563+0700] {processor.py:157} INFO - Started process (PID=6390) to work on /Library/Frameworks/Python.framework/Versions/3.11/lib/python3.11/site-packages/airflow/example_dags/example_setup_teardown.py
[2023-06-16T13:07:29.565+0700] {processor.py:826} INFO - Processing file /Library/Frameworks/Python.framework/Versions/3.11/lib/python3.11/site-packages/airflow/example_dags/example_setup_teardown.py for tasks to queue
[2023-06-16T13:07:29.565+0700] {logging_mixin.py:149} INFO - [2023-06-16T13:07:29.565+0700] {dagbag.py:541} INFO - Filling up the DagBag from /Library/Frameworks/Python.framework/Versions/3.11/lib/python3.11/site-packages/airflow/example_dags/example_setup_teardown.py
[2023-06-16T13:07:29.569+0700] {processor.py:838} WARNING - No viable dags retrieved from /Library/Frameworks/Python.framework/Versions/3.11/lib/python3.11/site-packages/airflow/example_dags/example_setup_teardown.py
[2023-06-16T13:07:30.740+0700] {processor.py:179} INFO - Processing /Library/Frameworks/Python.framework/Versions/3.11/lib/python3.11/site-packages/airflow/example_dags/example_setup_teardown.py took 1.178 seconds
[2023-06-16T13:10:05.824+0700] {processor.py:157} INFO - Started process (PID=6745) to work on /Library/Frameworks/Python.framework/Versions/3.11/lib/python3.11/site-packages/airflow/example_dags/example_setup_teardown.py
[2023-06-16T13:10:05.826+0700] {processor.py:826} INFO - Processing file /Library/Frameworks/Python.framework/Versions/3.11/lib/python3.11/site-packages/airflow/example_dags/example_setup_teardown.py for tasks to queue
[2023-06-16T13:10:05.826+0700] {logging_mixin.py:149} INFO - [2023-06-16T13:10:05.826+0700] {dagbag.py:541} INFO - Filling up the DagBag from /Library/Frameworks/Python.framework/Versions/3.11/lib/python3.11/site-packages/airflow/example_dags/example_setup_teardown.py
[2023-06-16T13:10:05.831+0700] {processor.py:838} WARNING - No viable dags retrieved from /Library/Frameworks/Python.framework/Versions/3.11/lib/python3.11/site-packages/airflow/example_dags/example_setup_teardown.py
[2023-06-16T13:10:06.926+0700] {processor.py:179} INFO - Processing /Library/Frameworks/Python.framework/Versions/3.11/lib/python3.11/site-packages/airflow/example_dags/example_setup_teardown.py took 1.103 seconds
[2023-06-16T13:12:37.869+0700] {processor.py:157} INFO - Started process (PID=7164) to work on /Library/Frameworks/Python.framework/Versions/3.11/lib/python3.11/site-packages/airflow/example_dags/example_setup_teardown.py
[2023-06-16T13:12:37.870+0700] {processor.py:826} INFO - Processing file /Library/Frameworks/Python.framework/Versions/3.11/lib/python3.11/site-packages/airflow/example_dags/example_setup_teardown.py for tasks to queue
[2023-06-16T13:12:37.871+0700] {logging_mixin.py:149} INFO - [2023-06-16T13:12:37.871+0700] {dagbag.py:541} INFO - Filling up the DagBag from /Library/Frameworks/Python.framework/Versions/3.11/lib/python3.11/site-packages/airflow/example_dags/example_setup_teardown.py
[2023-06-16T13:12:37.876+0700] {processor.py:838} WARNING - No viable dags retrieved from /Library/Frameworks/Python.framework/Versions/3.11/lib/python3.11/site-packages/airflow/example_dags/example_setup_teardown.py
[2023-06-16T13:12:39.044+0700] {processor.py:179} INFO - Processing /Library/Frameworks/Python.framework/Versions/3.11/lib/python3.11/site-packages/airflow/example_dags/example_setup_teardown.py took 1.176 seconds
[2023-06-16T13:15:41.371+0700] {processor.py:157} INFO - Started process (PID=7621) to work on /Library/Frameworks/Python.framework/Versions/3.11/lib/python3.11/site-packages/airflow/example_dags/example_setup_teardown.py
[2023-06-16T13:15:41.373+0700] {processor.py:826} INFO - Processing file /Library/Frameworks/Python.framework/Versions/3.11/lib/python3.11/site-packages/airflow/example_dags/example_setup_teardown.py for tasks to queue
[2023-06-16T13:15:41.374+0700] {logging_mixin.py:149} INFO - [2023-06-16T13:15:41.374+0700] {dagbag.py:541} INFO - Filling up the DagBag from /Library/Frameworks/Python.framework/Versions/3.11/lib/python3.11/site-packages/airflow/example_dags/example_setup_teardown.py
[2023-06-16T13:15:41.378+0700] {processor.py:838} WARNING - No viable dags retrieved from /Library/Frameworks/Python.framework/Versions/3.11/lib/python3.11/site-packages/airflow/example_dags/example_setup_teardown.py
[2023-06-16T13:15:42.507+0700] {processor.py:179} INFO - Processing /Library/Frameworks/Python.framework/Versions/3.11/lib/python3.11/site-packages/airflow/example_dags/example_setup_teardown.py took 1.137 seconds
[2023-06-16T13:19:05.820+0700] {processor.py:157} INFO - Started process (PID=8085) to work on /Library/Frameworks/Python.framework/Versions/3.11/lib/python3.11/site-packages/airflow/example_dags/example_setup_teardown.py
[2023-06-16T13:19:05.821+0700] {processor.py:826} INFO - Processing file /Library/Frameworks/Python.framework/Versions/3.11/lib/python3.11/site-packages/airflow/example_dags/example_setup_teardown.py for tasks to queue
[2023-06-16T13:19:05.822+0700] {logging_mixin.py:149} INFO - [2023-06-16T13:19:05.822+0700] {dagbag.py:541} INFO - Filling up the DagBag from /Library/Frameworks/Python.framework/Versions/3.11/lib/python3.11/site-packages/airflow/example_dags/example_setup_teardown.py
[2023-06-16T13:19:05.827+0700] {processor.py:838} WARNING - No viable dags retrieved from /Library/Frameworks/Python.framework/Versions/3.11/lib/python3.11/site-packages/airflow/example_dags/example_setup_teardown.py
[2023-06-16T13:19:06.911+0700] {processor.py:179} INFO - Processing /Library/Frameworks/Python.framework/Versions/3.11/lib/python3.11/site-packages/airflow/example_dags/example_setup_teardown.py took 1.092 seconds
[2023-06-16T13:22:09.825+0700] {processor.py:157} INFO - Started process (PID=8482) to work on /Library/Frameworks/Python.framework/Versions/3.11/lib/python3.11/site-packages/airflow/example_dags/example_setup_teardown.py
[2023-06-16T13:22:09.827+0700] {processor.py:826} INFO - Processing file /Library/Frameworks/Python.framework/Versions/3.11/lib/python3.11/site-packages/airflow/example_dags/example_setup_teardown.py for tasks to queue
[2023-06-16T13:22:09.828+0700] {logging_mixin.py:149} INFO - [2023-06-16T13:22:09.828+0700] {dagbag.py:541} INFO - Filling up the DagBag from /Library/Frameworks/Python.framework/Versions/3.11/lib/python3.11/site-packages/airflow/example_dags/example_setup_teardown.py
[2023-06-16T13:22:09.842+0700] {processor.py:838} WARNING - No viable dags retrieved from /Library/Frameworks/Python.framework/Versions/3.11/lib/python3.11/site-packages/airflow/example_dags/example_setup_teardown.py
[2023-06-16T13:22:12.054+0700] {processor.py:179} INFO - Processing /Library/Frameworks/Python.framework/Versions/3.11/lib/python3.11/site-packages/airflow/example_dags/example_setup_teardown.py took 2.231 seconds
[2023-06-16T13:24:29.602+0700] {processor.py:157} INFO - Started process (PID=8796) to work on /Library/Frameworks/Python.framework/Versions/3.11/lib/python3.11/site-packages/airflow/example_dags/example_setup_teardown.py
[2023-06-16T13:24:29.604+0700] {processor.py:826} INFO - Processing file /Library/Frameworks/Python.framework/Versions/3.11/lib/python3.11/site-packages/airflow/example_dags/example_setup_teardown.py for tasks to queue
[2023-06-16T13:24:29.604+0700] {logging_mixin.py:149} INFO - [2023-06-16T13:24:29.604+0700] {dagbag.py:541} INFO - Filling up the DagBag from /Library/Frameworks/Python.framework/Versions/3.11/lib/python3.11/site-packages/airflow/example_dags/example_setup_teardown.py
[2023-06-16T13:24:29.608+0700] {processor.py:838} WARNING - No viable dags retrieved from /Library/Frameworks/Python.framework/Versions/3.11/lib/python3.11/site-packages/airflow/example_dags/example_setup_teardown.py
[2023-06-16T13:24:30.755+0700] {processor.py:179} INFO - Processing /Library/Frameworks/Python.framework/Versions/3.11/lib/python3.11/site-packages/airflow/example_dags/example_setup_teardown.py took 1.153 seconds
[2023-06-16T13:26:52.993+0700] {processor.py:157} INFO - Started process (PID=9103) to work on /Library/Frameworks/Python.framework/Versions/3.11/lib/python3.11/site-packages/airflow/example_dags/example_setup_teardown.py
[2023-06-16T13:26:52.994+0700] {processor.py:826} INFO - Processing file /Library/Frameworks/Python.framework/Versions/3.11/lib/python3.11/site-packages/airflow/example_dags/example_setup_teardown.py for tasks to queue
[2023-06-16T13:26:52.995+0700] {logging_mixin.py:149} INFO - [2023-06-16T13:26:52.995+0700] {dagbag.py:541} INFO - Filling up the DagBag from /Library/Frameworks/Python.framework/Versions/3.11/lib/python3.11/site-packages/airflow/example_dags/example_setup_teardown.py
[2023-06-16T13:26:53.000+0700] {processor.py:838} WARNING - No viable dags retrieved from /Library/Frameworks/Python.framework/Versions/3.11/lib/python3.11/site-packages/airflow/example_dags/example_setup_teardown.py
[2023-06-16T13:26:54.130+0700] {processor.py:179} INFO - Processing /Library/Frameworks/Python.framework/Versions/3.11/lib/python3.11/site-packages/airflow/example_dags/example_setup_teardown.py took 1.138 seconds
[2023-06-16T13:29:21.940+0700] {processor.py:157} INFO - Started process (PID=9388) to work on /Library/Frameworks/Python.framework/Versions/3.11/lib/python3.11/site-packages/airflow/example_dags/example_setup_teardown.py
[2023-06-16T13:29:21.941+0700] {processor.py:826} INFO - Processing file /Library/Frameworks/Python.framework/Versions/3.11/lib/python3.11/site-packages/airflow/example_dags/example_setup_teardown.py for tasks to queue
[2023-06-16T13:29:21.942+0700] {logging_mixin.py:149} INFO - [2023-06-16T13:29:21.942+0700] {dagbag.py:541} INFO - Filling up the DagBag from /Library/Frameworks/Python.framework/Versions/3.11/lib/python3.11/site-packages/airflow/example_dags/example_setup_teardown.py
[2023-06-16T13:29:21.946+0700] {processor.py:838} WARNING - No viable dags retrieved from /Library/Frameworks/Python.framework/Versions/3.11/lib/python3.11/site-packages/airflow/example_dags/example_setup_teardown.py
[2023-06-16T13:29:23.162+0700] {processor.py:179} INFO - Processing /Library/Frameworks/Python.framework/Versions/3.11/lib/python3.11/site-packages/airflow/example_dags/example_setup_teardown.py took 1.223 seconds
[2023-06-16T13:31:55.414+0700] {processor.py:157} INFO - Started process (PID=9820) to work on /Library/Frameworks/Python.framework/Versions/3.11/lib/python3.11/site-packages/airflow/example_dags/example_setup_teardown.py
[2023-06-16T13:31:55.416+0700] {processor.py:826} INFO - Processing file /Library/Frameworks/Python.framework/Versions/3.11/lib/python3.11/site-packages/airflow/example_dags/example_setup_teardown.py for tasks to queue
[2023-06-16T13:31:55.417+0700] {logging_mixin.py:149} INFO - [2023-06-16T13:31:55.417+0700] {dagbag.py:541} INFO - Filling up the DagBag from /Library/Frameworks/Python.framework/Versions/3.11/lib/python3.11/site-packages/airflow/example_dags/example_setup_teardown.py
[2023-06-16T13:31:55.422+0700] {processor.py:838} WARNING - No viable dags retrieved from /Library/Frameworks/Python.framework/Versions/3.11/lib/python3.11/site-packages/airflow/example_dags/example_setup_teardown.py
[2023-06-16T13:31:56.583+0700] {processor.py:179} INFO - Processing /Library/Frameworks/Python.framework/Versions/3.11/lib/python3.11/site-packages/airflow/example_dags/example_setup_teardown.py took 1.170 seconds
[2023-06-16T13:34:33.952+0700] {processor.py:157} INFO - Started process (PID=10417) to work on /Library/Frameworks/Python.framework/Versions/3.11/lib/python3.11/site-packages/airflow/example_dags/example_setup_teardown.py
[2023-06-16T13:34:33.953+0700] {processor.py:826} INFO - Processing file /Library/Frameworks/Python.framework/Versions/3.11/lib/python3.11/site-packages/airflow/example_dags/example_setup_teardown.py for tasks to queue
[2023-06-16T13:34:33.954+0700] {logging_mixin.py:149} INFO - [2023-06-16T13:34:33.953+0700] {dagbag.py:541} INFO - Filling up the DagBag from /Library/Frameworks/Python.framework/Versions/3.11/lib/python3.11/site-packages/airflow/example_dags/example_setup_teardown.py
[2023-06-16T13:34:33.958+0700] {processor.py:838} WARNING - No viable dags retrieved from /Library/Frameworks/Python.framework/Versions/3.11/lib/python3.11/site-packages/airflow/example_dags/example_setup_teardown.py
[2023-06-16T13:34:35.165+0700] {processor.py:179} INFO - Processing /Library/Frameworks/Python.framework/Versions/3.11/lib/python3.11/site-packages/airflow/example_dags/example_setup_teardown.py took 1.214 seconds
[2023-06-16T13:37:37.896+0700] {processor.py:157} INFO - Started process (PID=10822) to work on /Library/Frameworks/Python.framework/Versions/3.11/lib/python3.11/site-packages/airflow/example_dags/example_setup_teardown.py
[2023-06-16T13:37:37.897+0700] {processor.py:826} INFO - Processing file /Library/Frameworks/Python.framework/Versions/3.11/lib/python3.11/site-packages/airflow/example_dags/example_setup_teardown.py for tasks to queue
[2023-06-16T13:37:37.898+0700] {logging_mixin.py:149} INFO - [2023-06-16T13:37:37.898+0700] {dagbag.py:541} INFO - Filling up the DagBag from /Library/Frameworks/Python.framework/Versions/3.11/lib/python3.11/site-packages/airflow/example_dags/example_setup_teardown.py
[2023-06-16T13:37:37.903+0700] {processor.py:838} WARNING - No viable dags retrieved from /Library/Frameworks/Python.framework/Versions/3.11/lib/python3.11/site-packages/airflow/example_dags/example_setup_teardown.py
[2023-06-16T13:37:38.978+0700] {processor.py:179} INFO - Processing /Library/Frameworks/Python.framework/Versions/3.11/lib/python3.11/site-packages/airflow/example_dags/example_setup_teardown.py took 1.083 seconds
[2023-06-16T13:40:07.297+0700] {processor.py:157} INFO - Started process (PID=11126) to work on /Library/Frameworks/Python.framework/Versions/3.11/lib/python3.11/site-packages/airflow/example_dags/example_setup_teardown.py
[2023-06-16T13:40:07.298+0700] {processor.py:826} INFO - Processing file /Library/Frameworks/Python.framework/Versions/3.11/lib/python3.11/site-packages/airflow/example_dags/example_setup_teardown.py for tasks to queue
[2023-06-16T13:40:07.298+0700] {logging_mixin.py:149} INFO - [2023-06-16T13:40:07.298+0700] {dagbag.py:541} INFO - Filling up the DagBag from /Library/Frameworks/Python.framework/Versions/3.11/lib/python3.11/site-packages/airflow/example_dags/example_setup_teardown.py
[2023-06-16T13:40:07.301+0700] {processor.py:838} WARNING - No viable dags retrieved from /Library/Frameworks/Python.framework/Versions/3.11/lib/python3.11/site-packages/airflow/example_dags/example_setup_teardown.py
[2023-06-16T13:40:08.498+0700] {processor.py:179} INFO - Processing /Library/Frameworks/Python.framework/Versions/3.11/lib/python3.11/site-packages/airflow/example_dags/example_setup_teardown.py took 1.202 seconds
[2023-06-16T13:42:51.508+0700] {processor.py:157} INFO - Started process (PID=11480) to work on /Library/Frameworks/Python.framework/Versions/3.11/lib/python3.11/site-packages/airflow/example_dags/example_setup_teardown.py
[2023-06-16T13:42:51.509+0700] {processor.py:826} INFO - Processing file /Library/Frameworks/Python.framework/Versions/3.11/lib/python3.11/site-packages/airflow/example_dags/example_setup_teardown.py for tasks to queue
[2023-06-16T13:42:51.510+0700] {logging_mixin.py:149} INFO - [2023-06-16T13:42:51.510+0700] {dagbag.py:541} INFO - Filling up the DagBag from /Library/Frameworks/Python.framework/Versions/3.11/lib/python3.11/site-packages/airflow/example_dags/example_setup_teardown.py
[2023-06-16T13:42:51.514+0700] {processor.py:838} WARNING - No viable dags retrieved from /Library/Frameworks/Python.framework/Versions/3.11/lib/python3.11/site-packages/airflow/example_dags/example_setup_teardown.py
[2023-06-16T13:42:52.484+0700] {processor.py:179} INFO - Processing /Library/Frameworks/Python.framework/Versions/3.11/lib/python3.11/site-packages/airflow/example_dags/example_setup_teardown.py took 0.977 seconds
[2023-06-16T13:45:38.614+0700] {processor.py:157} INFO - Started process (PID=11825) to work on /Library/Frameworks/Python.framework/Versions/3.11/lib/python3.11/site-packages/airflow/example_dags/example_setup_teardown.py
[2023-06-16T13:45:38.616+0700] {processor.py:826} INFO - Processing file /Library/Frameworks/Python.framework/Versions/3.11/lib/python3.11/site-packages/airflow/example_dags/example_setup_teardown.py for tasks to queue
[2023-06-16T13:45:38.616+0700] {logging_mixin.py:149} INFO - [2023-06-16T13:45:38.616+0700] {dagbag.py:541} INFO - Filling up the DagBag from /Library/Frameworks/Python.framework/Versions/3.11/lib/python3.11/site-packages/airflow/example_dags/example_setup_teardown.py
[2023-06-16T13:45:38.620+0700] {processor.py:838} WARNING - No viable dags retrieved from /Library/Frameworks/Python.framework/Versions/3.11/lib/python3.11/site-packages/airflow/example_dags/example_setup_teardown.py
[2023-06-16T13:45:39.587+0700] {processor.py:179} INFO - Processing /Library/Frameworks/Python.framework/Versions/3.11/lib/python3.11/site-packages/airflow/example_dags/example_setup_teardown.py took 0.974 seconds
[2023-06-16T13:48:08.884+0700] {processor.py:157} INFO - Started process (PID=12090) to work on /Library/Frameworks/Python.framework/Versions/3.11/lib/python3.11/site-packages/airflow/example_dags/example_setup_teardown.py
[2023-06-16T13:48:08.885+0700] {processor.py:826} INFO - Processing file /Library/Frameworks/Python.framework/Versions/3.11/lib/python3.11/site-packages/airflow/example_dags/example_setup_teardown.py for tasks to queue
[2023-06-16T13:48:08.886+0700] {logging_mixin.py:149} INFO - [2023-06-16T13:48:08.886+0700] {dagbag.py:541} INFO - Filling up the DagBag from /Library/Frameworks/Python.framework/Versions/3.11/lib/python3.11/site-packages/airflow/example_dags/example_setup_teardown.py
[2023-06-16T13:48:08.892+0700] {processor.py:838} WARNING - No viable dags retrieved from /Library/Frameworks/Python.framework/Versions/3.11/lib/python3.11/site-packages/airflow/example_dags/example_setup_teardown.py
[2023-06-16T13:48:09.921+0700] {processor.py:179} INFO - Processing /Library/Frameworks/Python.framework/Versions/3.11/lib/python3.11/site-packages/airflow/example_dags/example_setup_teardown.py took 1.038 seconds
[2023-06-16T13:52:30.650+0700] {processor.py:157} INFO - Started process (PID=12491) to work on /Library/Frameworks/Python.framework/Versions/3.11/lib/python3.11/site-packages/airflow/example_dags/example_setup_teardown.py
[2023-06-16T13:52:30.651+0700] {processor.py:826} INFO - Processing file /Library/Frameworks/Python.framework/Versions/3.11/lib/python3.11/site-packages/airflow/example_dags/example_setup_teardown.py for tasks to queue
[2023-06-16T13:52:30.651+0700] {logging_mixin.py:149} INFO - [2023-06-16T13:52:30.651+0700] {dagbag.py:541} INFO - Filling up the DagBag from /Library/Frameworks/Python.framework/Versions/3.11/lib/python3.11/site-packages/airflow/example_dags/example_setup_teardown.py
[2023-06-16T13:52:30.656+0700] {processor.py:838} WARNING - No viable dags retrieved from /Library/Frameworks/Python.framework/Versions/3.11/lib/python3.11/site-packages/airflow/example_dags/example_setup_teardown.py
[2023-06-16T13:52:31.721+0700] {processor.py:179} INFO - Processing /Library/Frameworks/Python.framework/Versions/3.11/lib/python3.11/site-packages/airflow/example_dags/example_setup_teardown.py took 1.072 seconds
[2023-06-16T13:55:01.659+0700] {processor.py:157} INFO - Started process (PID=12877) to work on /Library/Frameworks/Python.framework/Versions/3.11/lib/python3.11/site-packages/airflow/example_dags/example_setup_teardown.py
[2023-06-16T13:55:01.661+0700] {processor.py:826} INFO - Processing file /Library/Frameworks/Python.framework/Versions/3.11/lib/python3.11/site-packages/airflow/example_dags/example_setup_teardown.py for tasks to queue
[2023-06-16T13:55:01.662+0700] {logging_mixin.py:149} INFO - [2023-06-16T13:55:01.661+0700] {dagbag.py:541} INFO - Filling up the DagBag from /Library/Frameworks/Python.framework/Versions/3.11/lib/python3.11/site-packages/airflow/example_dags/example_setup_teardown.py
[2023-06-16T13:55:01.666+0700] {processor.py:838} WARNING - No viable dags retrieved from /Library/Frameworks/Python.framework/Versions/3.11/lib/python3.11/site-packages/airflow/example_dags/example_setup_teardown.py
[2023-06-16T13:55:02.683+0700] {processor.py:179} INFO - Processing /Library/Frameworks/Python.framework/Versions/3.11/lib/python3.11/site-packages/airflow/example_dags/example_setup_teardown.py took 1.025 seconds
[2023-06-16T13:57:41.749+0700] {processor.py:157} INFO - Started process (PID=13215) to work on /Library/Frameworks/Python.framework/Versions/3.11/lib/python3.11/site-packages/airflow/example_dags/example_setup_teardown.py
[2023-06-16T13:57:41.750+0700] {processor.py:826} INFO - Processing file /Library/Frameworks/Python.framework/Versions/3.11/lib/python3.11/site-packages/airflow/example_dags/example_setup_teardown.py for tasks to queue
[2023-06-16T13:57:41.750+0700] {logging_mixin.py:149} INFO - [2023-06-16T13:57:41.750+0700] {dagbag.py:541} INFO - Filling up the DagBag from /Library/Frameworks/Python.framework/Versions/3.11/lib/python3.11/site-packages/airflow/example_dags/example_setup_teardown.py
[2023-06-16T13:57:41.755+0700] {processor.py:838} WARNING - No viable dags retrieved from /Library/Frameworks/Python.framework/Versions/3.11/lib/python3.11/site-packages/airflow/example_dags/example_setup_teardown.py
[2023-06-16T13:57:42.882+0700] {processor.py:179} INFO - Processing /Library/Frameworks/Python.framework/Versions/3.11/lib/python3.11/site-packages/airflow/example_dags/example_setup_teardown.py took 1.134 seconds
[2023-06-16T14:00:22.037+0700] {processor.py:157} INFO - Started process (PID=13535) to work on /Library/Frameworks/Python.framework/Versions/3.11/lib/python3.11/site-packages/airflow/example_dags/example_setup_teardown.py
[2023-06-16T14:00:22.038+0700] {processor.py:826} INFO - Processing file /Library/Frameworks/Python.framework/Versions/3.11/lib/python3.11/site-packages/airflow/example_dags/example_setup_teardown.py for tasks to queue
[2023-06-16T14:00:22.039+0700] {logging_mixin.py:149} INFO - [2023-06-16T14:00:22.039+0700] {dagbag.py:541} INFO - Filling up the DagBag from /Library/Frameworks/Python.framework/Versions/3.11/lib/python3.11/site-packages/airflow/example_dags/example_setup_teardown.py
[2023-06-16T14:00:22.045+0700] {processor.py:838} WARNING - No viable dags retrieved from /Library/Frameworks/Python.framework/Versions/3.11/lib/python3.11/site-packages/airflow/example_dags/example_setup_teardown.py
[2023-06-16T14:00:23.392+0700] {processor.py:179} INFO - Processing /Library/Frameworks/Python.framework/Versions/3.11/lib/python3.11/site-packages/airflow/example_dags/example_setup_teardown.py took 1.355 seconds
[2023-06-16T14:02:52.444+0700] {processor.py:157} INFO - Started process (PID=13859) to work on /Library/Frameworks/Python.framework/Versions/3.11/lib/python3.11/site-packages/airflow/example_dags/example_setup_teardown.py
[2023-06-16T14:02:52.445+0700] {processor.py:826} INFO - Processing file /Library/Frameworks/Python.framework/Versions/3.11/lib/python3.11/site-packages/airflow/example_dags/example_setup_teardown.py for tasks to queue
[2023-06-16T14:02:52.445+0700] {logging_mixin.py:149} INFO - [2023-06-16T14:02:52.445+0700] {dagbag.py:541} INFO - Filling up the DagBag from /Library/Frameworks/Python.framework/Versions/3.11/lib/python3.11/site-packages/airflow/example_dags/example_setup_teardown.py
[2023-06-16T14:02:52.449+0700] {processor.py:838} WARNING - No viable dags retrieved from /Library/Frameworks/Python.framework/Versions/3.11/lib/python3.11/site-packages/airflow/example_dags/example_setup_teardown.py
[2023-06-16T14:02:53.568+0700] {processor.py:179} INFO - Processing /Library/Frameworks/Python.framework/Versions/3.11/lib/python3.11/site-packages/airflow/example_dags/example_setup_teardown.py took 1.124 seconds
[2023-06-16T14:05:32.747+0700] {processor.py:157} INFO - Started process (PID=14201) to work on /Library/Frameworks/Python.framework/Versions/3.11/lib/python3.11/site-packages/airflow/example_dags/example_setup_teardown.py
[2023-06-16T14:05:32.749+0700] {processor.py:826} INFO - Processing file /Library/Frameworks/Python.framework/Versions/3.11/lib/python3.11/site-packages/airflow/example_dags/example_setup_teardown.py for tasks to queue
[2023-06-16T14:05:32.749+0700] {logging_mixin.py:149} INFO - [2023-06-16T14:05:32.749+0700] {dagbag.py:541} INFO - Filling up the DagBag from /Library/Frameworks/Python.framework/Versions/3.11/lib/python3.11/site-packages/airflow/example_dags/example_setup_teardown.py
[2023-06-16T14:05:32.753+0700] {processor.py:838} WARNING - No viable dags retrieved from /Library/Frameworks/Python.framework/Versions/3.11/lib/python3.11/site-packages/airflow/example_dags/example_setup_teardown.py
[2023-06-16T14:05:34.169+0700] {processor.py:179} INFO - Processing /Library/Frameworks/Python.framework/Versions/3.11/lib/python3.11/site-packages/airflow/example_dags/example_setup_teardown.py took 1.424 seconds
[2023-06-16T14:08:12.003+0700] {processor.py:157} INFO - Started process (PID=14659) to work on /Library/Frameworks/Python.framework/Versions/3.11/lib/python3.11/site-packages/airflow/example_dags/example_setup_teardown.py
[2023-06-16T14:08:12.005+0700] {processor.py:826} INFO - Processing file /Library/Frameworks/Python.framework/Versions/3.11/lib/python3.11/site-packages/airflow/example_dags/example_setup_teardown.py for tasks to queue
[2023-06-16T14:08:12.006+0700] {logging_mixin.py:149} INFO - [2023-06-16T14:08:12.006+0700] {dagbag.py:541} INFO - Filling up the DagBag from /Library/Frameworks/Python.framework/Versions/3.11/lib/python3.11/site-packages/airflow/example_dags/example_setup_teardown.py
[2023-06-16T14:08:12.011+0700] {processor.py:838} WARNING - No viable dags retrieved from /Library/Frameworks/Python.framework/Versions/3.11/lib/python3.11/site-packages/airflow/example_dags/example_setup_teardown.py
[2023-06-16T14:08:13.263+0700] {processor.py:179} INFO - Processing /Library/Frameworks/Python.framework/Versions/3.11/lib/python3.11/site-packages/airflow/example_dags/example_setup_teardown.py took 1.261 seconds
