[2023-06-16T11:01:14.965+0700] {processor.py:157} INFO - Started process (PID=88859) to work on /Library/Frameworks/Python.framework/Versions/3.11/lib/python3.11/site-packages/airflow/example_dags/example_sensor_decorator.py
[2023-06-16T11:01:14.966+0700] {processor.py:826} INFO - Processing file /Library/Frameworks/Python.framework/Versions/3.11/lib/python3.11/site-packages/airflow/example_dags/example_sensor_decorator.py for tasks to queue
[2023-06-16T11:01:14.966+0700] {logging_mixin.py:149} INFO - [2023-06-16T11:01:14.966+0700] {dagbag.py:541} INFO - Filling up the DagBag from /Library/Frameworks/Python.framework/Versions/3.11/lib/python3.11/site-packages/airflow/example_dags/example_sensor_decorator.py
[2023-06-16T11:01:15.023+0700] {processor.py:836} INFO - DAG(s) dict_keys(['example_sensor_decorator']) retrieved from /Library/Frameworks/Python.framework/Versions/3.11/lib/python3.11/site-packages/airflow/example_dags/example_sensor_decorator.py
[2023-06-16T11:01:16.200+0700] {logging_mixin.py:149} INFO - [2023-06-16T11:01:16.200+0700] {dag.py:2726} INFO - Sync 1 DAGs
[2023-06-16T11:01:16.231+0700] {logging_mixin.py:149} INFO - [2023-06-16T11:01:16.230+0700] {dag.py:3486} INFO - Setting next_dagrun for example_sensor_decorator to None, run_after=None
[2023-06-16T11:01:16.263+0700] {processor.py:179} INFO - Processing /Library/Frameworks/Python.framework/Versions/3.11/lib/python3.11/site-packages/airflow/example_dags/example_sensor_decorator.py took 1.299 seconds
[2023-06-16T11:04:05.220+0700] {processor.py:157} INFO - Started process (PID=89219) to work on /Library/Frameworks/Python.framework/Versions/3.11/lib/python3.11/site-packages/airflow/example_dags/example_sensor_decorator.py
[2023-06-16T11:04:05.220+0700] {processor.py:826} INFO - Processing file /Library/Frameworks/Python.framework/Versions/3.11/lib/python3.11/site-packages/airflow/example_dags/example_sensor_decorator.py for tasks to queue
[2023-06-16T11:04:05.221+0700] {logging_mixin.py:149} INFO - [2023-06-16T11:04:05.221+0700] {dagbag.py:541} INFO - Filling up the DagBag from /Library/Frameworks/Python.framework/Versions/3.11/lib/python3.11/site-packages/airflow/example_dags/example_sensor_decorator.py
[2023-06-16T11:04:05.289+0700] {processor.py:836} INFO - DAG(s) dict_keys(['example_sensor_decorator']) retrieved from /Library/Frameworks/Python.framework/Versions/3.11/lib/python3.11/site-packages/airflow/example_dags/example_sensor_decorator.py
[2023-06-16T11:04:06.504+0700] {logging_mixin.py:149} INFO - [2023-06-16T11:04:06.503+0700] {dag.py:2726} INFO - Sync 1 DAGs
[2023-06-16T11:04:06.522+0700] {logging_mixin.py:149} INFO - [2023-06-16T11:04:06.522+0700] {dag.py:3486} INFO - Setting next_dagrun for example_sensor_decorator to None, run_after=None
[2023-06-16T11:04:06.540+0700] {processor.py:179} INFO - Processing /Library/Frameworks/Python.framework/Versions/3.11/lib/python3.11/site-packages/airflow/example_dags/example_sensor_decorator.py took 1.321 seconds
[2023-06-16T11:06:37.866+0700] {processor.py:157} INFO - Started process (PID=89505) to work on /Library/Frameworks/Python.framework/Versions/3.11/lib/python3.11/site-packages/airflow/example_dags/example_sensor_decorator.py
[2023-06-16T11:06:37.867+0700] {processor.py:826} INFO - Processing file /Library/Frameworks/Python.framework/Versions/3.11/lib/python3.11/site-packages/airflow/example_dags/example_sensor_decorator.py for tasks to queue
[2023-06-16T11:06:37.867+0700] {logging_mixin.py:149} INFO - [2023-06-16T11:06:37.867+0700] {dagbag.py:541} INFO - Filling up the DagBag from /Library/Frameworks/Python.framework/Versions/3.11/lib/python3.11/site-packages/airflow/example_dags/example_sensor_decorator.py
[2023-06-16T11:06:37.927+0700] {processor.py:836} INFO - DAG(s) dict_keys(['example_sensor_decorator']) retrieved from /Library/Frameworks/Python.framework/Versions/3.11/lib/python3.11/site-packages/airflow/example_dags/example_sensor_decorator.py
[2023-06-16T11:06:39.259+0700] {logging_mixin.py:149} INFO - [2023-06-16T11:06:39.259+0700] {dag.py:2726} INFO - Sync 1 DAGs
[2023-06-16T11:06:39.280+0700] {logging_mixin.py:149} INFO - [2023-06-16T11:06:39.280+0700] {dag.py:3486} INFO - Setting next_dagrun for example_sensor_decorator to None, run_after=None
[2023-06-16T11:06:39.299+0700] {processor.py:179} INFO - Processing /Library/Frameworks/Python.framework/Versions/3.11/lib/python3.11/site-packages/airflow/example_dags/example_sensor_decorator.py took 1.434 seconds
[2023-06-16T11:10:24.030+0700] {processor.py:157} INFO - Started process (PID=89996) to work on /Library/Frameworks/Python.framework/Versions/3.11/lib/python3.11/site-packages/airflow/example_dags/example_sensor_decorator.py
[2023-06-16T11:10:24.031+0700] {processor.py:826} INFO - Processing file /Library/Frameworks/Python.framework/Versions/3.11/lib/python3.11/site-packages/airflow/example_dags/example_sensor_decorator.py for tasks to queue
[2023-06-16T11:10:24.032+0700] {logging_mixin.py:149} INFO - [2023-06-16T11:10:24.032+0700] {dagbag.py:541} INFO - Filling up the DagBag from /Library/Frameworks/Python.framework/Versions/3.11/lib/python3.11/site-packages/airflow/example_dags/example_sensor_decorator.py
[2023-06-16T11:10:24.097+0700] {processor.py:836} INFO - DAG(s) dict_keys(['example_sensor_decorator']) retrieved from /Library/Frameworks/Python.framework/Versions/3.11/lib/python3.11/site-packages/airflow/example_dags/example_sensor_decorator.py
[2023-06-16T11:10:25.299+0700] {logging_mixin.py:149} INFO - [2023-06-16T11:10:25.298+0700] {dag.py:2726} INFO - Sync 1 DAGs
[2023-06-16T11:10:25.319+0700] {logging_mixin.py:149} INFO - [2023-06-16T11:10:25.319+0700] {dag.py:3486} INFO - Setting next_dagrun for example_sensor_decorator to None, run_after=None
[2023-06-16T11:10:25.342+0700] {processor.py:179} INFO - Processing /Library/Frameworks/Python.framework/Versions/3.11/lib/python3.11/site-packages/airflow/example_dags/example_sensor_decorator.py took 1.313 seconds
[2023-06-16T11:13:19.230+0700] {processor.py:157} INFO - Started process (PID=90370) to work on /Library/Frameworks/Python.framework/Versions/3.11/lib/python3.11/site-packages/airflow/example_dags/example_sensor_decorator.py
[2023-06-16T11:13:19.230+0700] {processor.py:826} INFO - Processing file /Library/Frameworks/Python.framework/Versions/3.11/lib/python3.11/site-packages/airflow/example_dags/example_sensor_decorator.py for tasks to queue
[2023-06-16T11:13:19.231+0700] {logging_mixin.py:149} INFO - [2023-06-16T11:13:19.231+0700] {dagbag.py:541} INFO - Filling up the DagBag from /Library/Frameworks/Python.framework/Versions/3.11/lib/python3.11/site-packages/airflow/example_dags/example_sensor_decorator.py
[2023-06-16T11:13:19.301+0700] {processor.py:836} INFO - DAG(s) dict_keys(['example_sensor_decorator']) retrieved from /Library/Frameworks/Python.framework/Versions/3.11/lib/python3.11/site-packages/airflow/example_dags/example_sensor_decorator.py
[2023-06-16T11:13:20.696+0700] {logging_mixin.py:149} INFO - [2023-06-16T11:13:20.696+0700] {dag.py:2726} INFO - Sync 1 DAGs
[2023-06-16T11:13:20.720+0700] {logging_mixin.py:149} INFO - [2023-06-16T11:13:20.720+0700] {dag.py:3486} INFO - Setting next_dagrun for example_sensor_decorator to None, run_after=None
[2023-06-16T11:13:20.761+0700] {processor.py:179} INFO - Processing /Library/Frameworks/Python.framework/Versions/3.11/lib/python3.11/site-packages/airflow/example_dags/example_sensor_decorator.py took 1.532 seconds
[2023-06-16T11:16:40.888+0700] {processor.py:157} INFO - Started process (PID=90722) to work on /Library/Frameworks/Python.framework/Versions/3.11/lib/python3.11/site-packages/airflow/example_dags/example_sensor_decorator.py
[2023-06-16T11:16:40.888+0700] {processor.py:826} INFO - Processing file /Library/Frameworks/Python.framework/Versions/3.11/lib/python3.11/site-packages/airflow/example_dags/example_sensor_decorator.py for tasks to queue
[2023-06-16T11:16:40.889+0700] {logging_mixin.py:149} INFO - [2023-06-16T11:16:40.889+0700] {dagbag.py:541} INFO - Filling up the DagBag from /Library/Frameworks/Python.framework/Versions/3.11/lib/python3.11/site-packages/airflow/example_dags/example_sensor_decorator.py
[2023-06-16T11:16:40.938+0700] {processor.py:836} INFO - DAG(s) dict_keys(['example_sensor_decorator']) retrieved from /Library/Frameworks/Python.framework/Versions/3.11/lib/python3.11/site-packages/airflow/example_dags/example_sensor_decorator.py
[2023-06-16T11:16:42.158+0700] {logging_mixin.py:149} INFO - [2023-06-16T11:16:42.158+0700] {dag.py:2726} INFO - Sync 1 DAGs
[2023-06-16T11:16:42.174+0700] {logging_mixin.py:149} INFO - [2023-06-16T11:16:42.174+0700] {dag.py:3486} INFO - Setting next_dagrun for example_sensor_decorator to None, run_after=None
[2023-06-16T11:16:42.192+0700] {processor.py:179} INFO - Processing /Library/Frameworks/Python.framework/Versions/3.11/lib/python3.11/site-packages/airflow/example_dags/example_sensor_decorator.py took 1.306 seconds
[2023-06-16T11:19:58.487+0700] {processor.py:157} INFO - Started process (PID=91193) to work on /Library/Frameworks/Python.framework/Versions/3.11/lib/python3.11/site-packages/airflow/example_dags/example_sensor_decorator.py
[2023-06-16T11:19:58.488+0700] {processor.py:826} INFO - Processing file /Library/Frameworks/Python.framework/Versions/3.11/lib/python3.11/site-packages/airflow/example_dags/example_sensor_decorator.py for tasks to queue
[2023-06-16T11:19:58.488+0700] {logging_mixin.py:149} INFO - [2023-06-16T11:19:58.488+0700] {dagbag.py:541} INFO - Filling up the DagBag from /Library/Frameworks/Python.framework/Versions/3.11/lib/python3.11/site-packages/airflow/example_dags/example_sensor_decorator.py
[2023-06-16T11:19:58.553+0700] {processor.py:836} INFO - DAG(s) dict_keys(['example_sensor_decorator']) retrieved from /Library/Frameworks/Python.framework/Versions/3.11/lib/python3.11/site-packages/airflow/example_dags/example_sensor_decorator.py
[2023-06-16T11:20:00.071+0700] {logging_mixin.py:149} INFO - [2023-06-16T11:20:00.070+0700] {dag.py:2726} INFO - Sync 1 DAGs
[2023-06-16T11:20:00.091+0700] {logging_mixin.py:149} INFO - [2023-06-16T11:20:00.091+0700] {dag.py:3486} INFO - Setting next_dagrun for example_sensor_decorator to None, run_after=None
[2023-06-16T11:20:00.118+0700] {processor.py:179} INFO - Processing /Library/Frameworks/Python.framework/Versions/3.11/lib/python3.11/site-packages/airflow/example_dags/example_sensor_decorator.py took 1.631 seconds
[2023-06-16T11:22:43.197+0700] {processor.py:157} INFO - Started process (PID=91530) to work on /Library/Frameworks/Python.framework/Versions/3.11/lib/python3.11/site-packages/airflow/example_dags/example_sensor_decorator.py
[2023-06-16T11:22:43.198+0700] {processor.py:826} INFO - Processing file /Library/Frameworks/Python.framework/Versions/3.11/lib/python3.11/site-packages/airflow/example_dags/example_sensor_decorator.py for tasks to queue
[2023-06-16T11:22:43.198+0700] {logging_mixin.py:149} INFO - [2023-06-16T11:22:43.198+0700] {dagbag.py:541} INFO - Filling up the DagBag from /Library/Frameworks/Python.framework/Versions/3.11/lib/python3.11/site-packages/airflow/example_dags/example_sensor_decorator.py
[2023-06-16T11:22:43.258+0700] {processor.py:836} INFO - DAG(s) dict_keys(['example_sensor_decorator']) retrieved from /Library/Frameworks/Python.framework/Versions/3.11/lib/python3.11/site-packages/airflow/example_dags/example_sensor_decorator.py
[2023-06-16T11:22:44.285+0700] {logging_mixin.py:149} INFO - [2023-06-16T11:22:44.285+0700] {dag.py:2726} INFO - Sync 1 DAGs
[2023-06-16T11:22:44.305+0700] {logging_mixin.py:149} INFO - [2023-06-16T11:22:44.305+0700] {dag.py:3486} INFO - Setting next_dagrun for example_sensor_decorator to None, run_after=None
[2023-06-16T11:22:44.326+0700] {processor.py:179} INFO - Processing /Library/Frameworks/Python.framework/Versions/3.11/lib/python3.11/site-packages/airflow/example_dags/example_sensor_decorator.py took 1.131 seconds
[2023-06-16T11:25:18.673+0700] {processor.py:157} INFO - Started process (PID=91862) to work on /Library/Frameworks/Python.framework/Versions/3.11/lib/python3.11/site-packages/airflow/example_dags/example_sensor_decorator.py
[2023-06-16T11:25:18.674+0700] {processor.py:826} INFO - Processing file /Library/Frameworks/Python.framework/Versions/3.11/lib/python3.11/site-packages/airflow/example_dags/example_sensor_decorator.py for tasks to queue
[2023-06-16T11:25:18.674+0700] {logging_mixin.py:149} INFO - [2023-06-16T11:25:18.674+0700] {dagbag.py:541} INFO - Filling up the DagBag from /Library/Frameworks/Python.framework/Versions/3.11/lib/python3.11/site-packages/airflow/example_dags/example_sensor_decorator.py
[2023-06-16T11:25:18.735+0700] {processor.py:836} INFO - DAG(s) dict_keys(['example_sensor_decorator']) retrieved from /Library/Frameworks/Python.framework/Versions/3.11/lib/python3.11/site-packages/airflow/example_dags/example_sensor_decorator.py
[2023-06-16T11:25:20.275+0700] {logging_mixin.py:149} INFO - [2023-06-16T11:25:20.274+0700] {dag.py:2726} INFO - Sync 1 DAGs
[2023-06-16T11:25:20.291+0700] {logging_mixin.py:149} INFO - [2023-06-16T11:25:20.290+0700] {dag.py:3486} INFO - Setting next_dagrun for example_sensor_decorator to None, run_after=None
[2023-06-16T11:25:20.310+0700] {processor.py:179} INFO - Processing /Library/Frameworks/Python.framework/Versions/3.11/lib/python3.11/site-packages/airflow/example_dags/example_sensor_decorator.py took 1.638 seconds
[2023-06-16T11:29:41.777+0700] {processor.py:157} INFO - Started process (PID=92487) to work on /Library/Frameworks/Python.framework/Versions/3.11/lib/python3.11/site-packages/airflow/example_dags/example_sensor_decorator.py
[2023-06-16T11:29:41.778+0700] {processor.py:826} INFO - Processing file /Library/Frameworks/Python.framework/Versions/3.11/lib/python3.11/site-packages/airflow/example_dags/example_sensor_decorator.py for tasks to queue
[2023-06-16T11:29:41.778+0700] {logging_mixin.py:149} INFO - [2023-06-16T11:29:41.778+0700] {dagbag.py:541} INFO - Filling up the DagBag from /Library/Frameworks/Python.framework/Versions/3.11/lib/python3.11/site-packages/airflow/example_dags/example_sensor_decorator.py
[2023-06-16T11:29:41.849+0700] {processor.py:836} INFO - DAG(s) dict_keys(['example_sensor_decorator']) retrieved from /Library/Frameworks/Python.framework/Versions/3.11/lib/python3.11/site-packages/airflow/example_dags/example_sensor_decorator.py
[2023-06-16T11:29:43.058+0700] {logging_mixin.py:149} INFO - [2023-06-16T11:29:43.057+0700] {dag.py:2726} INFO - Sync 1 DAGs
[2023-06-16T11:29:43.085+0700] {logging_mixin.py:149} INFO - [2023-06-16T11:29:43.085+0700] {dag.py:3486} INFO - Setting next_dagrun for example_sensor_decorator to None, run_after=None
[2023-06-16T11:29:43.117+0700] {processor.py:179} INFO - Processing /Library/Frameworks/Python.framework/Versions/3.11/lib/python3.11/site-packages/airflow/example_dags/example_sensor_decorator.py took 1.341 seconds
[2023-06-16T11:33:22.939+0700] {processor.py:157} INFO - Started process (PID=92896) to work on /Library/Frameworks/Python.framework/Versions/3.11/lib/python3.11/site-packages/airflow/example_dags/example_sensor_decorator.py
[2023-06-16T11:33:22.940+0700] {processor.py:826} INFO - Processing file /Library/Frameworks/Python.framework/Versions/3.11/lib/python3.11/site-packages/airflow/example_dags/example_sensor_decorator.py for tasks to queue
[2023-06-16T11:33:22.941+0700] {logging_mixin.py:149} INFO - [2023-06-16T11:33:22.941+0700] {dagbag.py:541} INFO - Filling up the DagBag from /Library/Frameworks/Python.framework/Versions/3.11/lib/python3.11/site-packages/airflow/example_dags/example_sensor_decorator.py
[2023-06-16T11:33:23.009+0700] {processor.py:836} INFO - DAG(s) dict_keys(['example_sensor_decorator']) retrieved from /Library/Frameworks/Python.framework/Versions/3.11/lib/python3.11/site-packages/airflow/example_dags/example_sensor_decorator.py
[2023-06-16T11:33:24.168+0700] {logging_mixin.py:149} INFO - [2023-06-16T11:33:24.167+0700] {dag.py:2726} INFO - Sync 1 DAGs
[2023-06-16T11:33:24.192+0700] {logging_mixin.py:149} INFO - [2023-06-16T11:33:24.192+0700] {dag.py:3486} INFO - Setting next_dagrun for example_sensor_decorator to None, run_after=None
[2023-06-16T11:33:24.224+0700] {processor.py:179} INFO - Processing /Library/Frameworks/Python.framework/Versions/3.11/lib/python3.11/site-packages/airflow/example_dags/example_sensor_decorator.py took 1.285 seconds
[2023-06-16T11:36:27.455+0700] {processor.py:157} INFO - Started process (PID=93288) to work on /Library/Frameworks/Python.framework/Versions/3.11/lib/python3.11/site-packages/airflow/example_dags/example_sensor_decorator.py
[2023-06-16T11:36:27.456+0700] {processor.py:826} INFO - Processing file /Library/Frameworks/Python.framework/Versions/3.11/lib/python3.11/site-packages/airflow/example_dags/example_sensor_decorator.py for tasks to queue
[2023-06-16T11:36:27.457+0700] {logging_mixin.py:149} INFO - [2023-06-16T11:36:27.457+0700] {dagbag.py:541} INFO - Filling up the DagBag from /Library/Frameworks/Python.framework/Versions/3.11/lib/python3.11/site-packages/airflow/example_dags/example_sensor_decorator.py
[2023-06-16T11:36:27.527+0700] {processor.py:836} INFO - DAG(s) dict_keys(['example_sensor_decorator']) retrieved from /Library/Frameworks/Python.framework/Versions/3.11/lib/python3.11/site-packages/airflow/example_dags/example_sensor_decorator.py
[2023-06-16T11:36:28.807+0700] {logging_mixin.py:149} INFO - [2023-06-16T11:36:28.807+0700] {dag.py:2726} INFO - Sync 1 DAGs
[2023-06-16T11:36:28.826+0700] {logging_mixin.py:149} INFO - [2023-06-16T11:36:28.826+0700] {dag.py:3486} INFO - Setting next_dagrun for example_sensor_decorator to None, run_after=None
[2023-06-16T11:36:28.846+0700] {processor.py:179} INFO - Processing /Library/Frameworks/Python.framework/Versions/3.11/lib/python3.11/site-packages/airflow/example_dags/example_sensor_decorator.py took 1.392 seconds
[2023-06-16T11:39:22.622+0700] {processor.py:157} INFO - Started process (PID=94030) to work on /Library/Frameworks/Python.framework/Versions/3.11/lib/python3.11/site-packages/airflow/example_dags/example_sensor_decorator.py
[2023-06-16T11:39:22.623+0700] {processor.py:826} INFO - Processing file /Library/Frameworks/Python.framework/Versions/3.11/lib/python3.11/site-packages/airflow/example_dags/example_sensor_decorator.py for tasks to queue
[2023-06-16T11:39:22.624+0700] {logging_mixin.py:149} INFO - [2023-06-16T11:39:22.623+0700] {dagbag.py:541} INFO - Filling up the DagBag from /Library/Frameworks/Python.framework/Versions/3.11/lib/python3.11/site-packages/airflow/example_dags/example_sensor_decorator.py
[2023-06-16T11:39:22.682+0700] {processor.py:836} INFO - DAG(s) dict_keys(['example_sensor_decorator']) retrieved from /Library/Frameworks/Python.framework/Versions/3.11/lib/python3.11/site-packages/airflow/example_dags/example_sensor_decorator.py
[2023-06-16T11:39:23.884+0700] {logging_mixin.py:149} INFO - [2023-06-16T11:39:23.883+0700] {dag.py:2726} INFO - Sync 1 DAGs
[2023-06-16T11:39:23.905+0700] {logging_mixin.py:149} INFO - [2023-06-16T11:39:23.904+0700] {dag.py:3486} INFO - Setting next_dagrun for example_sensor_decorator to None, run_after=None
[2023-06-16T11:39:23.928+0700] {processor.py:179} INFO - Processing /Library/Frameworks/Python.framework/Versions/3.11/lib/python3.11/site-packages/airflow/example_dags/example_sensor_decorator.py took 1.307 seconds
[2023-06-16T11:42:10.786+0700] {processor.py:157} INFO - Started process (PID=94377) to work on /Library/Frameworks/Python.framework/Versions/3.11/lib/python3.11/site-packages/airflow/example_dags/example_sensor_decorator.py
[2023-06-16T11:42:10.787+0700] {processor.py:826} INFO - Processing file /Library/Frameworks/Python.framework/Versions/3.11/lib/python3.11/site-packages/airflow/example_dags/example_sensor_decorator.py for tasks to queue
[2023-06-16T11:42:10.788+0700] {logging_mixin.py:149} INFO - [2023-06-16T11:42:10.788+0700] {dagbag.py:541} INFO - Filling up the DagBag from /Library/Frameworks/Python.framework/Versions/3.11/lib/python3.11/site-packages/airflow/example_dags/example_sensor_decorator.py
[2023-06-16T11:42:10.848+0700] {processor.py:836} INFO - DAG(s) dict_keys(['example_sensor_decorator']) retrieved from /Library/Frameworks/Python.framework/Versions/3.11/lib/python3.11/site-packages/airflow/example_dags/example_sensor_decorator.py
[2023-06-16T11:42:12.090+0700] {logging_mixin.py:149} INFO - [2023-06-16T11:42:12.089+0700] {dag.py:2726} INFO - Sync 1 DAGs
[2023-06-16T11:42:12.113+0700] {logging_mixin.py:149} INFO - [2023-06-16T11:42:12.112+0700] {dag.py:3486} INFO - Setting next_dagrun for example_sensor_decorator to None, run_after=None
[2023-06-16T11:42:12.140+0700] {processor.py:179} INFO - Processing /Library/Frameworks/Python.framework/Versions/3.11/lib/python3.11/site-packages/airflow/example_dags/example_sensor_decorator.py took 1.356 seconds
[2023-06-16T11:45:03.269+0700] {processor.py:157} INFO - Started process (PID=94748) to work on /Library/Frameworks/Python.framework/Versions/3.11/lib/python3.11/site-packages/airflow/example_dags/example_sensor_decorator.py
[2023-06-16T11:45:03.270+0700] {processor.py:826} INFO - Processing file /Library/Frameworks/Python.framework/Versions/3.11/lib/python3.11/site-packages/airflow/example_dags/example_sensor_decorator.py for tasks to queue
[2023-06-16T11:45:03.270+0700] {logging_mixin.py:149} INFO - [2023-06-16T11:45:03.270+0700] {dagbag.py:541} INFO - Filling up the DagBag from /Library/Frameworks/Python.framework/Versions/3.11/lib/python3.11/site-packages/airflow/example_dags/example_sensor_decorator.py
[2023-06-16T11:45:03.335+0700] {processor.py:836} INFO - DAG(s) dict_keys(['example_sensor_decorator']) retrieved from /Library/Frameworks/Python.framework/Versions/3.11/lib/python3.11/site-packages/airflow/example_dags/example_sensor_decorator.py
[2023-06-16T11:45:04.606+0700] {logging_mixin.py:149} INFO - [2023-06-16T11:45:04.606+0700] {dag.py:2726} INFO - Sync 1 DAGs
[2023-06-16T11:45:04.627+0700] {logging_mixin.py:149} INFO - [2023-06-16T11:45:04.627+0700] {dag.py:3486} INFO - Setting next_dagrun for example_sensor_decorator to None, run_after=None
[2023-06-16T11:45:04.649+0700] {processor.py:179} INFO - Processing /Library/Frameworks/Python.framework/Versions/3.11/lib/python3.11/site-packages/airflow/example_dags/example_sensor_decorator.py took 1.382 seconds
[2023-06-16T11:50:17.283+0700] {processor.py:157} INFO - Started process (PID=95356) to work on /Library/Frameworks/Python.framework/Versions/3.11/lib/python3.11/site-packages/airflow/example_dags/example_sensor_decorator.py
[2023-06-16T11:50:17.284+0700] {processor.py:826} INFO - Processing file /Library/Frameworks/Python.framework/Versions/3.11/lib/python3.11/site-packages/airflow/example_dags/example_sensor_decorator.py for tasks to queue
[2023-06-16T11:50:17.285+0700] {logging_mixin.py:149} INFO - [2023-06-16T11:50:17.285+0700] {dagbag.py:541} INFO - Filling up the DagBag from /Library/Frameworks/Python.framework/Versions/3.11/lib/python3.11/site-packages/airflow/example_dags/example_sensor_decorator.py
[2023-06-16T11:50:17.357+0700] {processor.py:836} INFO - DAG(s) dict_keys(['example_sensor_decorator']) retrieved from /Library/Frameworks/Python.framework/Versions/3.11/lib/python3.11/site-packages/airflow/example_dags/example_sensor_decorator.py
[2023-06-16T11:50:18.603+0700] {logging_mixin.py:149} INFO - [2023-06-16T11:50:18.602+0700] {dag.py:2726} INFO - Sync 1 DAGs
[2023-06-16T11:50:18.627+0700] {logging_mixin.py:149} INFO - [2023-06-16T11:50:18.626+0700] {dag.py:3486} INFO - Setting next_dagrun for example_sensor_decorator to None, run_after=None
[2023-06-16T11:50:18.655+0700] {processor.py:179} INFO - Processing /Library/Frameworks/Python.framework/Versions/3.11/lib/python3.11/site-packages/airflow/example_dags/example_sensor_decorator.py took 1.372 seconds
[2023-06-16T11:54:03.134+0700] {processor.py:157} INFO - Started process (PID=95836) to work on /Library/Frameworks/Python.framework/Versions/3.11/lib/python3.11/site-packages/airflow/example_dags/example_sensor_decorator.py
[2023-06-16T11:54:03.136+0700] {processor.py:826} INFO - Processing file /Library/Frameworks/Python.framework/Versions/3.11/lib/python3.11/site-packages/airflow/example_dags/example_sensor_decorator.py for tasks to queue
[2023-06-16T11:54:03.136+0700] {logging_mixin.py:149} INFO - [2023-06-16T11:54:03.136+0700] {dagbag.py:541} INFO - Filling up the DagBag from /Library/Frameworks/Python.framework/Versions/3.11/lib/python3.11/site-packages/airflow/example_dags/example_sensor_decorator.py
[2023-06-16T11:54:03.218+0700] {processor.py:836} INFO - DAG(s) dict_keys(['example_sensor_decorator']) retrieved from /Library/Frameworks/Python.framework/Versions/3.11/lib/python3.11/site-packages/airflow/example_dags/example_sensor_decorator.py
[2023-06-16T11:54:04.639+0700] {logging_mixin.py:149} INFO - [2023-06-16T11:54:04.638+0700] {dag.py:2726} INFO - Sync 1 DAGs
[2023-06-16T11:54:04.662+0700] {logging_mixin.py:149} INFO - [2023-06-16T11:54:04.661+0700] {dag.py:3486} INFO - Setting next_dagrun for example_sensor_decorator to None, run_after=None
[2023-06-16T11:54:04.687+0700] {processor.py:179} INFO - Processing /Library/Frameworks/Python.framework/Versions/3.11/lib/python3.11/site-packages/airflow/example_dags/example_sensor_decorator.py took 1.554 seconds
[2023-06-16T11:57:02.644+0700] {processor.py:157} INFO - Started process (PID=96215) to work on /Library/Frameworks/Python.framework/Versions/3.11/lib/python3.11/site-packages/airflow/example_dags/example_sensor_decorator.py
[2023-06-16T11:57:02.646+0700] {processor.py:826} INFO - Processing file /Library/Frameworks/Python.framework/Versions/3.11/lib/python3.11/site-packages/airflow/example_dags/example_sensor_decorator.py for tasks to queue
[2023-06-16T11:57:02.647+0700] {logging_mixin.py:149} INFO - [2023-06-16T11:57:02.647+0700] {dagbag.py:541} INFO - Filling up the DagBag from /Library/Frameworks/Python.framework/Versions/3.11/lib/python3.11/site-packages/airflow/example_dags/example_sensor_decorator.py
[2023-06-16T11:57:02.734+0700] {processor.py:836} INFO - DAG(s) dict_keys(['example_sensor_decorator']) retrieved from /Library/Frameworks/Python.framework/Versions/3.11/lib/python3.11/site-packages/airflow/example_dags/example_sensor_decorator.py
[2023-06-16T11:57:03.929+0700] {logging_mixin.py:149} INFO - [2023-06-16T11:57:03.929+0700] {dag.py:2726} INFO - Sync 1 DAGs
[2023-06-16T11:57:03.948+0700] {logging_mixin.py:149} INFO - [2023-06-16T11:57:03.948+0700] {dag.py:3486} INFO - Setting next_dagrun for example_sensor_decorator to None, run_after=None
[2023-06-16T11:57:03.968+0700] {processor.py:179} INFO - Processing /Library/Frameworks/Python.framework/Versions/3.11/lib/python3.11/site-packages/airflow/example_dags/example_sensor_decorator.py took 1.325 seconds
[2023-06-16T12:00:06.610+0700] {processor.py:157} INFO - Started process (PID=96587) to work on /Library/Frameworks/Python.framework/Versions/3.11/lib/python3.11/site-packages/airflow/example_dags/example_sensor_decorator.py
[2023-06-16T12:00:06.611+0700] {processor.py:826} INFO - Processing file /Library/Frameworks/Python.framework/Versions/3.11/lib/python3.11/site-packages/airflow/example_dags/example_sensor_decorator.py for tasks to queue
[2023-06-16T12:00:06.611+0700] {logging_mixin.py:149} INFO - [2023-06-16T12:00:06.611+0700] {dagbag.py:541} INFO - Filling up the DagBag from /Library/Frameworks/Python.framework/Versions/3.11/lib/python3.11/site-packages/airflow/example_dags/example_sensor_decorator.py
[2023-06-16T12:00:06.676+0700] {processor.py:836} INFO - DAG(s) dict_keys(['example_sensor_decorator']) retrieved from /Library/Frameworks/Python.framework/Versions/3.11/lib/python3.11/site-packages/airflow/example_dags/example_sensor_decorator.py
[2023-06-16T12:00:08.021+0700] {logging_mixin.py:149} INFO - [2023-06-16T12:00:08.021+0700] {dag.py:2726} INFO - Sync 1 DAGs
[2023-06-16T12:00:08.050+0700] {logging_mixin.py:149} INFO - [2023-06-16T12:00:08.049+0700] {dag.py:3486} INFO - Setting next_dagrun for example_sensor_decorator to None, run_after=None
[2023-06-16T12:00:08.076+0700] {processor.py:179} INFO - Processing /Library/Frameworks/Python.framework/Versions/3.11/lib/python3.11/site-packages/airflow/example_dags/example_sensor_decorator.py took 1.466 seconds
[2023-06-16T12:02:42.322+0700] {processor.py:157} INFO - Started process (PID=96942) to work on /Library/Frameworks/Python.framework/Versions/3.11/lib/python3.11/site-packages/airflow/example_dags/example_sensor_decorator.py
[2023-06-16T12:02:42.323+0700] {processor.py:826} INFO - Processing file /Library/Frameworks/Python.framework/Versions/3.11/lib/python3.11/site-packages/airflow/example_dags/example_sensor_decorator.py for tasks to queue
[2023-06-16T12:02:42.323+0700] {logging_mixin.py:149} INFO - [2023-06-16T12:02:42.323+0700] {dagbag.py:541} INFO - Filling up the DagBag from /Library/Frameworks/Python.framework/Versions/3.11/lib/python3.11/site-packages/airflow/example_dags/example_sensor_decorator.py
[2023-06-16T12:02:42.382+0700] {processor.py:836} INFO - DAG(s) dict_keys(['example_sensor_decorator']) retrieved from /Library/Frameworks/Python.framework/Versions/3.11/lib/python3.11/site-packages/airflow/example_dags/example_sensor_decorator.py
[2023-06-16T12:02:43.594+0700] {logging_mixin.py:149} INFO - [2023-06-16T12:02:43.593+0700] {dag.py:2726} INFO - Sync 1 DAGs
[2023-06-16T12:02:43.617+0700] {logging_mixin.py:149} INFO - [2023-06-16T12:02:43.617+0700] {dag.py:3486} INFO - Setting next_dagrun for example_sensor_decorator to None, run_after=None
[2023-06-16T12:02:43.637+0700] {processor.py:179} INFO - Processing /Library/Frameworks/Python.framework/Versions/3.11/lib/python3.11/site-packages/airflow/example_dags/example_sensor_decorator.py took 1.316 seconds
[2023-06-16T12:05:23.350+0700] {processor.py:157} INFO - Started process (PID=97304) to work on /Library/Frameworks/Python.framework/Versions/3.11/lib/python3.11/site-packages/airflow/example_dags/example_sensor_decorator.py
[2023-06-16T12:05:23.351+0700] {processor.py:826} INFO - Processing file /Library/Frameworks/Python.framework/Versions/3.11/lib/python3.11/site-packages/airflow/example_dags/example_sensor_decorator.py for tasks to queue
[2023-06-16T12:05:23.352+0700] {logging_mixin.py:149} INFO - [2023-06-16T12:05:23.352+0700] {dagbag.py:541} INFO - Filling up the DagBag from /Library/Frameworks/Python.framework/Versions/3.11/lib/python3.11/site-packages/airflow/example_dags/example_sensor_decorator.py
[2023-06-16T12:05:23.420+0700] {processor.py:836} INFO - DAG(s) dict_keys(['example_sensor_decorator']) retrieved from /Library/Frameworks/Python.framework/Versions/3.11/lib/python3.11/site-packages/airflow/example_dags/example_sensor_decorator.py
[2023-06-16T12:05:24.638+0700] {logging_mixin.py:149} INFO - [2023-06-16T12:05:24.637+0700] {dag.py:2726} INFO - Sync 1 DAGs
[2023-06-16T12:05:24.658+0700] {logging_mixin.py:149} INFO - [2023-06-16T12:05:24.657+0700] {dag.py:3486} INFO - Setting next_dagrun for example_sensor_decorator to None, run_after=None
[2023-06-16T12:05:24.677+0700] {processor.py:179} INFO - Processing /Library/Frameworks/Python.framework/Versions/3.11/lib/python3.11/site-packages/airflow/example_dags/example_sensor_decorator.py took 1.329 seconds
[2023-06-16T12:07:47.122+0700] {processor.py:157} INFO - Started process (PID=97577) to work on /Library/Frameworks/Python.framework/Versions/3.11/lib/python3.11/site-packages/airflow/example_dags/example_sensor_decorator.py
[2023-06-16T12:07:47.122+0700] {processor.py:826} INFO - Processing file /Library/Frameworks/Python.framework/Versions/3.11/lib/python3.11/site-packages/airflow/example_dags/example_sensor_decorator.py for tasks to queue
[2023-06-16T12:07:47.123+0700] {logging_mixin.py:149} INFO - [2023-06-16T12:07:47.123+0700] {dagbag.py:541} INFO - Filling up the DagBag from /Library/Frameworks/Python.framework/Versions/3.11/lib/python3.11/site-packages/airflow/example_dags/example_sensor_decorator.py
[2023-06-16T12:07:47.182+0700] {processor.py:836} INFO - DAG(s) dict_keys(['example_sensor_decorator']) retrieved from /Library/Frameworks/Python.framework/Versions/3.11/lib/python3.11/site-packages/airflow/example_dags/example_sensor_decorator.py
[2023-06-16T12:07:48.266+0700] {logging_mixin.py:149} INFO - [2023-06-16T12:07:48.266+0700] {dag.py:2726} INFO - Sync 1 DAGs
[2023-06-16T12:07:48.284+0700] {logging_mixin.py:149} INFO - [2023-06-16T12:07:48.284+0700] {dag.py:3486} INFO - Setting next_dagrun for example_sensor_decorator to None, run_after=None
[2023-06-16T12:07:48.306+0700] {processor.py:179} INFO - Processing /Library/Frameworks/Python.framework/Versions/3.11/lib/python3.11/site-packages/airflow/example_dags/example_sensor_decorator.py took 1.186 seconds
[2023-06-16T12:10:11.691+0700] {processor.py:157} INFO - Started process (PID=97941) to work on /Library/Frameworks/Python.framework/Versions/3.11/lib/python3.11/site-packages/airflow/example_dags/example_sensor_decorator.py
[2023-06-16T12:10:11.692+0700] {processor.py:826} INFO - Processing file /Library/Frameworks/Python.framework/Versions/3.11/lib/python3.11/site-packages/airflow/example_dags/example_sensor_decorator.py for tasks to queue
[2023-06-16T12:10:11.693+0700] {logging_mixin.py:149} INFO - [2023-06-16T12:10:11.693+0700] {dagbag.py:541} INFO - Filling up the DagBag from /Library/Frameworks/Python.framework/Versions/3.11/lib/python3.11/site-packages/airflow/example_dags/example_sensor_decorator.py
[2023-06-16T12:10:11.783+0700] {processor.py:836} INFO - DAG(s) dict_keys(['example_sensor_decorator']) retrieved from /Library/Frameworks/Python.framework/Versions/3.11/lib/python3.11/site-packages/airflow/example_dags/example_sensor_decorator.py
[2023-06-16T12:10:13.090+0700] {logging_mixin.py:149} INFO - [2023-06-16T12:10:13.089+0700] {dag.py:2726} INFO - Sync 1 DAGs
[2023-06-16T12:10:13.109+0700] {logging_mixin.py:149} INFO - [2023-06-16T12:10:13.109+0700] {dag.py:3486} INFO - Setting next_dagrun for example_sensor_decorator to None, run_after=None
[2023-06-16T12:10:13.135+0700] {processor.py:179} INFO - Processing /Library/Frameworks/Python.framework/Versions/3.11/lib/python3.11/site-packages/airflow/example_dags/example_sensor_decorator.py took 1.445 seconds
[2023-06-16T12:12:35.486+0700] {processor.py:157} INFO - Started process (PID=98218) to work on /Library/Frameworks/Python.framework/Versions/3.11/lib/python3.11/site-packages/airflow/example_dags/example_sensor_decorator.py
[2023-06-16T12:12:35.487+0700] {processor.py:826} INFO - Processing file /Library/Frameworks/Python.framework/Versions/3.11/lib/python3.11/site-packages/airflow/example_dags/example_sensor_decorator.py for tasks to queue
[2023-06-16T12:12:35.488+0700] {logging_mixin.py:149} INFO - [2023-06-16T12:12:35.488+0700] {dagbag.py:541} INFO - Filling up the DagBag from /Library/Frameworks/Python.framework/Versions/3.11/lib/python3.11/site-packages/airflow/example_dags/example_sensor_decorator.py
[2023-06-16T12:12:35.546+0700] {processor.py:836} INFO - DAG(s) dict_keys(['example_sensor_decorator']) retrieved from /Library/Frameworks/Python.framework/Versions/3.11/lib/python3.11/site-packages/airflow/example_dags/example_sensor_decorator.py
[2023-06-16T12:12:36.786+0700] {logging_mixin.py:149} INFO - [2023-06-16T12:12:36.786+0700] {dag.py:2726} INFO - Sync 1 DAGs
[2023-06-16T12:12:36.804+0700] {logging_mixin.py:149} INFO - [2023-06-16T12:12:36.803+0700] {dag.py:3486} INFO - Setting next_dagrun for example_sensor_decorator to None, run_after=None
[2023-06-16T12:12:36.823+0700] {processor.py:179} INFO - Processing /Library/Frameworks/Python.framework/Versions/3.11/lib/python3.11/site-packages/airflow/example_dags/example_sensor_decorator.py took 1.338 seconds
[2023-06-16T12:15:07.605+0700] {processor.py:157} INFO - Started process (PID=98556) to work on /Library/Frameworks/Python.framework/Versions/3.11/lib/python3.11/site-packages/airflow/example_dags/example_sensor_decorator.py
[2023-06-16T12:15:07.606+0700] {processor.py:826} INFO - Processing file /Library/Frameworks/Python.framework/Versions/3.11/lib/python3.11/site-packages/airflow/example_dags/example_sensor_decorator.py for tasks to queue
[2023-06-16T12:15:07.607+0700] {logging_mixin.py:149} INFO - [2023-06-16T12:15:07.607+0700] {dagbag.py:541} INFO - Filling up the DagBag from /Library/Frameworks/Python.framework/Versions/3.11/lib/python3.11/site-packages/airflow/example_dags/example_sensor_decorator.py
[2023-06-16T12:15:07.669+0700] {processor.py:836} INFO - DAG(s) dict_keys(['example_sensor_decorator']) retrieved from /Library/Frameworks/Python.framework/Versions/3.11/lib/python3.11/site-packages/airflow/example_dags/example_sensor_decorator.py
[2023-06-16T12:15:08.760+0700] {logging_mixin.py:149} INFO - [2023-06-16T12:15:08.760+0700] {dag.py:2726} INFO - Sync 1 DAGs
[2023-06-16T12:15:08.777+0700] {logging_mixin.py:149} INFO - [2023-06-16T12:15:08.776+0700] {dag.py:3486} INFO - Setting next_dagrun for example_sensor_decorator to None, run_after=None
[2023-06-16T12:15:08.800+0700] {processor.py:179} INFO - Processing /Library/Frameworks/Python.framework/Versions/3.11/lib/python3.11/site-packages/airflow/example_dags/example_sensor_decorator.py took 1.197 seconds
[2023-06-16T12:17:40.566+0700] {processor.py:157} INFO - Started process (PID=98861) to work on /Library/Frameworks/Python.framework/Versions/3.11/lib/python3.11/site-packages/airflow/example_dags/example_sensor_decorator.py
[2023-06-16T12:17:40.568+0700] {processor.py:826} INFO - Processing file /Library/Frameworks/Python.framework/Versions/3.11/lib/python3.11/site-packages/airflow/example_dags/example_sensor_decorator.py for tasks to queue
[2023-06-16T12:17:40.569+0700] {logging_mixin.py:149} INFO - [2023-06-16T12:17:40.568+0700] {dagbag.py:541} INFO - Filling up the DagBag from /Library/Frameworks/Python.framework/Versions/3.11/lib/python3.11/site-packages/airflow/example_dags/example_sensor_decorator.py
[2023-06-16T12:17:40.640+0700] {processor.py:836} INFO - DAG(s) dict_keys(['example_sensor_decorator']) retrieved from /Library/Frameworks/Python.framework/Versions/3.11/lib/python3.11/site-packages/airflow/example_dags/example_sensor_decorator.py
[2023-06-16T12:17:41.979+0700] {logging_mixin.py:149} INFO - [2023-06-16T12:17:41.978+0700] {dag.py:2726} INFO - Sync 1 DAGs
[2023-06-16T12:17:42.001+0700] {logging_mixin.py:149} INFO - [2023-06-16T12:17:42.001+0700] {dag.py:3486} INFO - Setting next_dagrun for example_sensor_decorator to None, run_after=None
[2023-06-16T12:17:42.023+0700] {processor.py:179} INFO - Processing /Library/Frameworks/Python.framework/Versions/3.11/lib/python3.11/site-packages/airflow/example_dags/example_sensor_decorator.py took 1.457 seconds
[2023-06-16T12:20:09.495+0700] {processor.py:157} INFO - Started process (PID=99185) to work on /Library/Frameworks/Python.framework/Versions/3.11/lib/python3.11/site-packages/airflow/example_dags/example_sensor_decorator.py
[2023-06-16T12:20:09.496+0700] {processor.py:826} INFO - Processing file /Library/Frameworks/Python.framework/Versions/3.11/lib/python3.11/site-packages/airflow/example_dags/example_sensor_decorator.py for tasks to queue
[2023-06-16T12:20:09.497+0700] {logging_mixin.py:149} INFO - [2023-06-16T12:20:09.497+0700] {dagbag.py:541} INFO - Filling up the DagBag from /Library/Frameworks/Python.framework/Versions/3.11/lib/python3.11/site-packages/airflow/example_dags/example_sensor_decorator.py
[2023-06-16T12:20:09.687+0700] {processor.py:836} INFO - DAG(s) dict_keys(['example_sensor_decorator']) retrieved from /Library/Frameworks/Python.framework/Versions/3.11/lib/python3.11/site-packages/airflow/example_dags/example_sensor_decorator.py
[2023-06-16T12:20:11.026+0700] {logging_mixin.py:149} INFO - [2023-06-16T12:20:11.026+0700] {dag.py:2726} INFO - Sync 1 DAGs
[2023-06-16T12:20:11.048+0700] {logging_mixin.py:149} INFO - [2023-06-16T12:20:11.048+0700] {dag.py:3486} INFO - Setting next_dagrun for example_sensor_decorator to None, run_after=None
[2023-06-16T12:20:11.064+0700] {processor.py:179} INFO - Processing /Library/Frameworks/Python.framework/Versions/3.11/lib/python3.11/site-packages/airflow/example_dags/example_sensor_decorator.py took 1.571 seconds
[2023-06-16T12:23:02.684+0700] {processor.py:157} INFO - Started process (PID=99592) to work on /Library/Frameworks/Python.framework/Versions/3.11/lib/python3.11/site-packages/airflow/example_dags/example_sensor_decorator.py
[2023-06-16T12:23:02.686+0700] {processor.py:826} INFO - Processing file /Library/Frameworks/Python.framework/Versions/3.11/lib/python3.11/site-packages/airflow/example_dags/example_sensor_decorator.py for tasks to queue
[2023-06-16T12:23:02.686+0700] {logging_mixin.py:149} INFO - [2023-06-16T12:23:02.686+0700] {dagbag.py:541} INFO - Filling up the DagBag from /Library/Frameworks/Python.framework/Versions/3.11/lib/python3.11/site-packages/airflow/example_dags/example_sensor_decorator.py
[2023-06-16T12:23:02.757+0700] {processor.py:836} INFO - DAG(s) dict_keys(['example_sensor_decorator']) retrieved from /Library/Frameworks/Python.framework/Versions/3.11/lib/python3.11/site-packages/airflow/example_dags/example_sensor_decorator.py
[2023-06-16T12:23:03.951+0700] {logging_mixin.py:149} INFO - [2023-06-16T12:23:03.951+0700] {dag.py:2726} INFO - Sync 1 DAGs
[2023-06-16T12:23:03.974+0700] {logging_mixin.py:149} INFO - [2023-06-16T12:23:03.974+0700] {dag.py:3486} INFO - Setting next_dagrun for example_sensor_decorator to None, run_after=None
[2023-06-16T12:23:03.999+0700] {processor.py:179} INFO - Processing /Library/Frameworks/Python.framework/Versions/3.11/lib/python3.11/site-packages/airflow/example_dags/example_sensor_decorator.py took 1.315 seconds
[2023-06-16T12:25:52.898+0700] {processor.py:157} INFO - Started process (PID=99899) to work on /Library/Frameworks/Python.framework/Versions/3.11/lib/python3.11/site-packages/airflow/example_dags/example_sensor_decorator.py
[2023-06-16T12:25:52.900+0700] {processor.py:826} INFO - Processing file /Library/Frameworks/Python.framework/Versions/3.11/lib/python3.11/site-packages/airflow/example_dags/example_sensor_decorator.py for tasks to queue
[2023-06-16T12:25:52.901+0700] {logging_mixin.py:149} INFO - [2023-06-16T12:25:52.901+0700] {dagbag.py:541} INFO - Filling up the DagBag from /Library/Frameworks/Python.framework/Versions/3.11/lib/python3.11/site-packages/airflow/example_dags/example_sensor_decorator.py
[2023-06-16T12:25:52.987+0700] {processor.py:836} INFO - DAG(s) dict_keys(['example_sensor_decorator']) retrieved from /Library/Frameworks/Python.framework/Versions/3.11/lib/python3.11/site-packages/airflow/example_dags/example_sensor_decorator.py
[2023-06-16T12:25:54.485+0700] {logging_mixin.py:149} INFO - [2023-06-16T12:25:54.485+0700] {dag.py:2726} INFO - Sync 1 DAGs
[2023-06-16T12:25:54.517+0700] {logging_mixin.py:149} INFO - [2023-06-16T12:25:54.517+0700] {dag.py:3486} INFO - Setting next_dagrun for example_sensor_decorator to None, run_after=None
[2023-06-16T12:25:54.541+0700] {processor.py:179} INFO - Processing /Library/Frameworks/Python.framework/Versions/3.11/lib/python3.11/site-packages/airflow/example_dags/example_sensor_decorator.py took 1.644 seconds
[2023-06-16T12:28:41.180+0700] {processor.py:157} INFO - Started process (PID=726) to work on /Library/Frameworks/Python.framework/Versions/3.11/lib/python3.11/site-packages/airflow/example_dags/example_sensor_decorator.py
[2023-06-16T12:28:41.180+0700] {processor.py:826} INFO - Processing file /Library/Frameworks/Python.framework/Versions/3.11/lib/python3.11/site-packages/airflow/example_dags/example_sensor_decorator.py for tasks to queue
[2023-06-16T12:28:41.181+0700] {logging_mixin.py:149} INFO - [2023-06-16T12:28:41.181+0700] {dagbag.py:541} INFO - Filling up the DagBag from /Library/Frameworks/Python.framework/Versions/3.11/lib/python3.11/site-packages/airflow/example_dags/example_sensor_decorator.py
[2023-06-16T12:28:41.244+0700] {processor.py:836} INFO - DAG(s) dict_keys(['example_sensor_decorator']) retrieved from /Library/Frameworks/Python.framework/Versions/3.11/lib/python3.11/site-packages/airflow/example_dags/example_sensor_decorator.py
[2023-06-16T12:28:42.613+0700] {logging_mixin.py:149} INFO - [2023-06-16T12:28:42.613+0700] {dag.py:2726} INFO - Sync 1 DAGs
[2023-06-16T12:28:42.636+0700] {logging_mixin.py:149} INFO - [2023-06-16T12:28:42.636+0700] {dag.py:3486} INFO - Setting next_dagrun for example_sensor_decorator to None, run_after=None
[2023-06-16T12:28:42.656+0700] {processor.py:179} INFO - Processing /Library/Frameworks/Python.framework/Versions/3.11/lib/python3.11/site-packages/airflow/example_dags/example_sensor_decorator.py took 1.477 seconds
[2023-06-16T12:31:16.814+0700] {processor.py:157} INFO - Started process (PID=1103) to work on /Library/Frameworks/Python.framework/Versions/3.11/lib/python3.11/site-packages/airflow/example_dags/example_sensor_decorator.py
[2023-06-16T12:31:16.815+0700] {processor.py:826} INFO - Processing file /Library/Frameworks/Python.framework/Versions/3.11/lib/python3.11/site-packages/airflow/example_dags/example_sensor_decorator.py for tasks to queue
[2023-06-16T12:31:16.816+0700] {logging_mixin.py:149} INFO - [2023-06-16T12:31:16.815+0700] {dagbag.py:541} INFO - Filling up the DagBag from /Library/Frameworks/Python.framework/Versions/3.11/lib/python3.11/site-packages/airflow/example_dags/example_sensor_decorator.py
[2023-06-16T12:31:16.881+0700] {processor.py:836} INFO - DAG(s) dict_keys(['example_sensor_decorator']) retrieved from /Library/Frameworks/Python.framework/Versions/3.11/lib/python3.11/site-packages/airflow/example_dags/example_sensor_decorator.py
[2023-06-16T12:31:18.272+0700] {logging_mixin.py:149} INFO - [2023-06-16T12:31:18.272+0700] {dag.py:2726} INFO - Sync 1 DAGs
[2023-06-16T12:31:18.297+0700] {logging_mixin.py:149} INFO - [2023-06-16T12:31:18.297+0700] {dag.py:3486} INFO - Setting next_dagrun for example_sensor_decorator to None, run_after=None
[2023-06-16T12:31:18.323+0700] {processor.py:179} INFO - Processing /Library/Frameworks/Python.framework/Versions/3.11/lib/python3.11/site-packages/airflow/example_dags/example_sensor_decorator.py took 1.510 seconds
[2023-06-16T12:33:53.132+0700] {processor.py:157} INFO - Started process (PID=1455) to work on /Library/Frameworks/Python.framework/Versions/3.11/lib/python3.11/site-packages/airflow/example_dags/example_sensor_decorator.py
[2023-06-16T12:33:53.132+0700] {processor.py:826} INFO - Processing file /Library/Frameworks/Python.framework/Versions/3.11/lib/python3.11/site-packages/airflow/example_dags/example_sensor_decorator.py for tasks to queue
[2023-06-16T12:33:53.133+0700] {logging_mixin.py:149} INFO - [2023-06-16T12:33:53.133+0700] {dagbag.py:541} INFO - Filling up the DagBag from /Library/Frameworks/Python.framework/Versions/3.11/lib/python3.11/site-packages/airflow/example_dags/example_sensor_decorator.py
[2023-06-16T12:33:53.198+0700] {processor.py:836} INFO - DAG(s) dict_keys(['example_sensor_decorator']) retrieved from /Library/Frameworks/Python.framework/Versions/3.11/lib/python3.11/site-packages/airflow/example_dags/example_sensor_decorator.py
[2023-06-16T12:33:54.490+0700] {logging_mixin.py:149} INFO - [2023-06-16T12:33:54.490+0700] {dag.py:2726} INFO - Sync 1 DAGs
[2023-06-16T12:33:54.511+0700] {logging_mixin.py:149} INFO - [2023-06-16T12:33:54.511+0700] {dag.py:3486} INFO - Setting next_dagrun for example_sensor_decorator to None, run_after=None
[2023-06-16T12:33:54.535+0700] {processor.py:179} INFO - Processing /Library/Frameworks/Python.framework/Versions/3.11/lib/python3.11/site-packages/airflow/example_dags/example_sensor_decorator.py took 1.404 seconds
[2023-06-16T12:36:35.005+0700] {processor.py:157} INFO - Started process (PID=1913) to work on /Library/Frameworks/Python.framework/Versions/3.11/lib/python3.11/site-packages/airflow/example_dags/example_sensor_decorator.py
[2023-06-16T12:36:35.005+0700] {processor.py:826} INFO - Processing file /Library/Frameworks/Python.framework/Versions/3.11/lib/python3.11/site-packages/airflow/example_dags/example_sensor_decorator.py for tasks to queue
[2023-06-16T12:36:35.006+0700] {logging_mixin.py:149} INFO - [2023-06-16T12:36:35.006+0700] {dagbag.py:541} INFO - Filling up the DagBag from /Library/Frameworks/Python.framework/Versions/3.11/lib/python3.11/site-packages/airflow/example_dags/example_sensor_decorator.py
[2023-06-16T12:36:35.073+0700] {processor.py:836} INFO - DAG(s) dict_keys(['example_sensor_decorator']) retrieved from /Library/Frameworks/Python.framework/Versions/3.11/lib/python3.11/site-packages/airflow/example_dags/example_sensor_decorator.py
[2023-06-16T12:36:36.198+0700] {logging_mixin.py:149} INFO - [2023-06-16T12:36:36.198+0700] {dag.py:2726} INFO - Sync 1 DAGs
[2023-06-16T12:36:36.220+0700] {logging_mixin.py:149} INFO - [2023-06-16T12:36:36.220+0700] {dag.py:3486} INFO - Setting next_dagrun for example_sensor_decorator to None, run_after=None
[2023-06-16T12:36:36.240+0700] {processor.py:179} INFO - Processing /Library/Frameworks/Python.framework/Versions/3.11/lib/python3.11/site-packages/airflow/example_dags/example_sensor_decorator.py took 1.236 seconds
[2023-06-16T12:39:20.580+0700] {processor.py:157} INFO - Started process (PID=2340) to work on /Library/Frameworks/Python.framework/Versions/3.11/lib/python3.11/site-packages/airflow/example_dags/example_sensor_decorator.py
[2023-06-16T12:39:20.583+0700] {processor.py:826} INFO - Processing file /Library/Frameworks/Python.framework/Versions/3.11/lib/python3.11/site-packages/airflow/example_dags/example_sensor_decorator.py for tasks to queue
[2023-06-16T12:39:20.583+0700] {logging_mixin.py:149} INFO - [2023-06-16T12:39:20.583+0700] {dagbag.py:541} INFO - Filling up the DagBag from /Library/Frameworks/Python.framework/Versions/3.11/lib/python3.11/site-packages/airflow/example_dags/example_sensor_decorator.py
[2023-06-16T12:39:20.711+0700] {processor.py:836} INFO - DAG(s) dict_keys(['example_sensor_decorator']) retrieved from /Library/Frameworks/Python.framework/Versions/3.11/lib/python3.11/site-packages/airflow/example_dags/example_sensor_decorator.py
[2023-06-16T12:39:22.169+0700] {logging_mixin.py:149} INFO - [2023-06-16T12:39:22.169+0700] {dag.py:2726} INFO - Sync 1 DAGs
[2023-06-16T12:39:22.193+0700] {logging_mixin.py:149} INFO - [2023-06-16T12:39:22.192+0700] {dag.py:3486} INFO - Setting next_dagrun for example_sensor_decorator to None, run_after=None
[2023-06-16T12:39:22.218+0700] {processor.py:179} INFO - Processing /Library/Frameworks/Python.framework/Versions/3.11/lib/python3.11/site-packages/airflow/example_dags/example_sensor_decorator.py took 1.641 seconds
[2023-06-16T12:42:21.053+0700] {processor.py:157} INFO - Started process (PID=2780) to work on /Library/Frameworks/Python.framework/Versions/3.11/lib/python3.11/site-packages/airflow/example_dags/example_sensor_decorator.py
[2023-06-16T12:42:21.054+0700] {processor.py:826} INFO - Processing file /Library/Frameworks/Python.framework/Versions/3.11/lib/python3.11/site-packages/airflow/example_dags/example_sensor_decorator.py for tasks to queue
[2023-06-16T12:42:21.055+0700] {logging_mixin.py:149} INFO - [2023-06-16T12:42:21.055+0700] {dagbag.py:541} INFO - Filling up the DagBag from /Library/Frameworks/Python.framework/Versions/3.11/lib/python3.11/site-packages/airflow/example_dags/example_sensor_decorator.py
[2023-06-16T12:42:21.124+0700] {processor.py:836} INFO - DAG(s) dict_keys(['example_sensor_decorator']) retrieved from /Library/Frameworks/Python.framework/Versions/3.11/lib/python3.11/site-packages/airflow/example_dags/example_sensor_decorator.py
[2023-06-16T12:42:22.457+0700] {logging_mixin.py:149} INFO - [2023-06-16T12:42:22.457+0700] {dag.py:2726} INFO - Sync 1 DAGs
[2023-06-16T12:42:22.480+0700] {logging_mixin.py:149} INFO - [2023-06-16T12:42:22.480+0700] {dag.py:3486} INFO - Setting next_dagrun for example_sensor_decorator to None, run_after=None
[2023-06-16T12:42:22.506+0700] {processor.py:179} INFO - Processing /Library/Frameworks/Python.framework/Versions/3.11/lib/python3.11/site-packages/airflow/example_dags/example_sensor_decorator.py took 1.454 seconds
[2023-06-16T12:45:39.694+0700] {processor.py:157} INFO - Started process (PID=3282) to work on /Library/Frameworks/Python.framework/Versions/3.11/lib/python3.11/site-packages/airflow/example_dags/example_sensor_decorator.py
[2023-06-16T12:45:39.695+0700] {processor.py:826} INFO - Processing file /Library/Frameworks/Python.framework/Versions/3.11/lib/python3.11/site-packages/airflow/example_dags/example_sensor_decorator.py for tasks to queue
[2023-06-16T12:45:39.697+0700] {logging_mixin.py:149} INFO - [2023-06-16T12:45:39.697+0700] {dagbag.py:541} INFO - Filling up the DagBag from /Library/Frameworks/Python.framework/Versions/3.11/lib/python3.11/site-packages/airflow/example_dags/example_sensor_decorator.py
[2023-06-16T12:45:39.760+0700] {processor.py:836} INFO - DAG(s) dict_keys(['example_sensor_decorator']) retrieved from /Library/Frameworks/Python.framework/Versions/3.11/lib/python3.11/site-packages/airflow/example_dags/example_sensor_decorator.py
[2023-06-16T12:45:41.066+0700] {logging_mixin.py:149} INFO - [2023-06-16T12:45:41.066+0700] {dag.py:2726} INFO - Sync 1 DAGs
[2023-06-16T12:45:41.092+0700] {logging_mixin.py:149} INFO - [2023-06-16T12:45:41.092+0700] {dag.py:3486} INFO - Setting next_dagrun for example_sensor_decorator to None, run_after=None
[2023-06-16T12:45:41.110+0700] {processor.py:179} INFO - Processing /Library/Frameworks/Python.framework/Versions/3.11/lib/python3.11/site-packages/airflow/example_dags/example_sensor_decorator.py took 1.417 seconds
[2023-06-16T12:48:54.266+0700] {processor.py:157} INFO - Started process (PID=3685) to work on /Library/Frameworks/Python.framework/Versions/3.11/lib/python3.11/site-packages/airflow/example_dags/example_sensor_decorator.py
[2023-06-16T12:48:54.267+0700] {processor.py:826} INFO - Processing file /Library/Frameworks/Python.framework/Versions/3.11/lib/python3.11/site-packages/airflow/example_dags/example_sensor_decorator.py for tasks to queue
[2023-06-16T12:48:54.268+0700] {logging_mixin.py:149} INFO - [2023-06-16T12:48:54.268+0700] {dagbag.py:541} INFO - Filling up the DagBag from /Library/Frameworks/Python.framework/Versions/3.11/lib/python3.11/site-packages/airflow/example_dags/example_sensor_decorator.py
[2023-06-16T12:48:54.341+0700] {processor.py:836} INFO - DAG(s) dict_keys(['example_sensor_decorator']) retrieved from /Library/Frameworks/Python.framework/Versions/3.11/lib/python3.11/site-packages/airflow/example_dags/example_sensor_decorator.py
[2023-06-16T12:48:55.689+0700] {logging_mixin.py:149} INFO - [2023-06-16T12:48:55.688+0700] {dag.py:2726} INFO - Sync 1 DAGs
[2023-06-16T12:48:55.709+0700] {logging_mixin.py:149} INFO - [2023-06-16T12:48:55.709+0700] {dag.py:3486} INFO - Setting next_dagrun for example_sensor_decorator to None, run_after=None
[2023-06-16T12:48:55.730+0700] {processor.py:179} INFO - Processing /Library/Frameworks/Python.framework/Versions/3.11/lib/python3.11/site-packages/airflow/example_dags/example_sensor_decorator.py took 1.465 seconds
[2023-06-16T12:51:36.697+0700] {processor.py:157} INFO - Started process (PID=4060) to work on /Library/Frameworks/Python.framework/Versions/3.11/lib/python3.11/site-packages/airflow/example_dags/example_sensor_decorator.py
[2023-06-16T12:51:36.699+0700] {processor.py:826} INFO - Processing file /Library/Frameworks/Python.framework/Versions/3.11/lib/python3.11/site-packages/airflow/example_dags/example_sensor_decorator.py for tasks to queue
[2023-06-16T12:51:36.700+0700] {logging_mixin.py:149} INFO - [2023-06-16T12:51:36.700+0700] {dagbag.py:541} INFO - Filling up the DagBag from /Library/Frameworks/Python.framework/Versions/3.11/lib/python3.11/site-packages/airflow/example_dags/example_sensor_decorator.py
[2023-06-16T12:51:36.769+0700] {processor.py:836} INFO - DAG(s) dict_keys(['example_sensor_decorator']) retrieved from /Library/Frameworks/Python.framework/Versions/3.11/lib/python3.11/site-packages/airflow/example_dags/example_sensor_decorator.py
[2023-06-16T12:51:37.907+0700] {logging_mixin.py:149} INFO - [2023-06-16T12:51:37.907+0700] {dag.py:2726} INFO - Sync 1 DAGs
[2023-06-16T12:51:37.928+0700] {logging_mixin.py:149} INFO - [2023-06-16T12:51:37.928+0700] {dag.py:3486} INFO - Setting next_dagrun for example_sensor_decorator to None, run_after=None
[2023-06-16T12:51:37.949+0700] {processor.py:179} INFO - Processing /Library/Frameworks/Python.framework/Versions/3.11/lib/python3.11/site-packages/airflow/example_dags/example_sensor_decorator.py took 1.253 seconds
[2023-06-16T12:54:10.558+0700] {processor.py:157} INFO - Started process (PID=4376) to work on /Library/Frameworks/Python.framework/Versions/3.11/lib/python3.11/site-packages/airflow/example_dags/example_sensor_decorator.py
[2023-06-16T12:54:10.559+0700] {processor.py:826} INFO - Processing file /Library/Frameworks/Python.framework/Versions/3.11/lib/python3.11/site-packages/airflow/example_dags/example_sensor_decorator.py for tasks to queue
[2023-06-16T12:54:10.560+0700] {logging_mixin.py:149} INFO - [2023-06-16T12:54:10.559+0700] {dagbag.py:541} INFO - Filling up the DagBag from /Library/Frameworks/Python.framework/Versions/3.11/lib/python3.11/site-packages/airflow/example_dags/example_sensor_decorator.py
[2023-06-16T12:54:10.633+0700] {processor.py:836} INFO - DAG(s) dict_keys(['example_sensor_decorator']) retrieved from /Library/Frameworks/Python.framework/Versions/3.11/lib/python3.11/site-packages/airflow/example_dags/example_sensor_decorator.py
[2023-06-16T12:54:11.857+0700] {logging_mixin.py:149} INFO - [2023-06-16T12:54:11.857+0700] {dag.py:2726} INFO - Sync 1 DAGs
[2023-06-16T12:54:11.878+0700] {logging_mixin.py:149} INFO - [2023-06-16T12:54:11.878+0700] {dag.py:3486} INFO - Setting next_dagrun for example_sensor_decorator to None, run_after=None
[2023-06-16T12:54:11.898+0700] {processor.py:179} INFO - Processing /Library/Frameworks/Python.framework/Versions/3.11/lib/python3.11/site-packages/airflow/example_dags/example_sensor_decorator.py took 1.341 seconds
[2023-06-16T12:56:45.609+0700] {processor.py:157} INFO - Started process (PID=4782) to work on /Library/Frameworks/Python.framework/Versions/3.11/lib/python3.11/site-packages/airflow/example_dags/example_sensor_decorator.py
[2023-06-16T12:56:45.610+0700] {processor.py:826} INFO - Processing file /Library/Frameworks/Python.framework/Versions/3.11/lib/python3.11/site-packages/airflow/example_dags/example_sensor_decorator.py for tasks to queue
[2023-06-16T12:56:45.610+0700] {logging_mixin.py:149} INFO - [2023-06-16T12:56:45.610+0700] {dagbag.py:541} INFO - Filling up the DagBag from /Library/Frameworks/Python.framework/Versions/3.11/lib/python3.11/site-packages/airflow/example_dags/example_sensor_decorator.py
[2023-06-16T12:56:45.672+0700] {processor.py:836} INFO - DAG(s) dict_keys(['example_sensor_decorator']) retrieved from /Library/Frameworks/Python.framework/Versions/3.11/lib/python3.11/site-packages/airflow/example_dags/example_sensor_decorator.py
[2023-06-16T12:56:47.025+0700] {logging_mixin.py:149} INFO - [2023-06-16T12:56:47.024+0700] {dag.py:2726} INFO - Sync 1 DAGs
[2023-06-16T12:56:47.047+0700] {logging_mixin.py:149} INFO - [2023-06-16T12:56:47.047+0700] {dag.py:3486} INFO - Setting next_dagrun for example_sensor_decorator to None, run_after=None
[2023-06-16T12:56:47.070+0700] {processor.py:179} INFO - Processing /Library/Frameworks/Python.framework/Versions/3.11/lib/python3.11/site-packages/airflow/example_dags/example_sensor_decorator.py took 1.463 seconds
[2023-06-16T12:59:22.691+0700] {processor.py:157} INFO - Started process (PID=5211) to work on /Library/Frameworks/Python.framework/Versions/3.11/lib/python3.11/site-packages/airflow/example_dags/example_sensor_decorator.py
[2023-06-16T12:59:22.692+0700] {processor.py:826} INFO - Processing file /Library/Frameworks/Python.framework/Versions/3.11/lib/python3.11/site-packages/airflow/example_dags/example_sensor_decorator.py for tasks to queue
[2023-06-16T12:59:22.694+0700] {logging_mixin.py:149} INFO - [2023-06-16T12:59:22.693+0700] {dagbag.py:541} INFO - Filling up the DagBag from /Library/Frameworks/Python.framework/Versions/3.11/lib/python3.11/site-packages/airflow/example_dags/example_sensor_decorator.py
[2023-06-16T12:59:22.760+0700] {processor.py:836} INFO - DAG(s) dict_keys(['example_sensor_decorator']) retrieved from /Library/Frameworks/Python.framework/Versions/3.11/lib/python3.11/site-packages/airflow/example_dags/example_sensor_decorator.py
[2023-06-16T12:59:23.894+0700] {logging_mixin.py:149} INFO - [2023-06-16T12:59:23.893+0700] {dag.py:2726} INFO - Sync 1 DAGs
[2023-06-16T12:59:23.912+0700] {logging_mixin.py:149} INFO - [2023-06-16T12:59:23.912+0700] {dag.py:3486} INFO - Setting next_dagrun for example_sensor_decorator to None, run_after=None
[2023-06-16T12:59:23.935+0700] {processor.py:179} INFO - Processing /Library/Frameworks/Python.framework/Versions/3.11/lib/python3.11/site-packages/airflow/example_dags/example_sensor_decorator.py took 1.244 seconds
[2023-06-16T13:02:19.822+0700] {processor.py:157} INFO - Started process (PID=5688) to work on /Library/Frameworks/Python.framework/Versions/3.11/lib/python3.11/site-packages/airflow/example_dags/example_sensor_decorator.py
[2023-06-16T13:02:19.824+0700] {processor.py:826} INFO - Processing file /Library/Frameworks/Python.framework/Versions/3.11/lib/python3.11/site-packages/airflow/example_dags/example_sensor_decorator.py for tasks to queue
[2023-06-16T13:02:19.825+0700] {logging_mixin.py:149} INFO - [2023-06-16T13:02:19.825+0700] {dagbag.py:541} INFO - Filling up the DagBag from /Library/Frameworks/Python.framework/Versions/3.11/lib/python3.11/site-packages/airflow/example_dags/example_sensor_decorator.py
[2023-06-16T13:02:19.926+0700] {processor.py:836} INFO - DAG(s) dict_keys(['example_sensor_decorator']) retrieved from /Library/Frameworks/Python.framework/Versions/3.11/lib/python3.11/site-packages/airflow/example_dags/example_sensor_decorator.py
[2023-06-16T13:02:21.229+0700] {logging_mixin.py:149} INFO - [2023-06-16T13:02:21.229+0700] {dag.py:2726} INFO - Sync 1 DAGs
[2023-06-16T13:02:21.252+0700] {logging_mixin.py:149} INFO - [2023-06-16T13:02:21.252+0700] {dag.py:3486} INFO - Setting next_dagrun for example_sensor_decorator to None, run_after=None
[2023-06-16T13:02:21.279+0700] {processor.py:179} INFO - Processing /Library/Frameworks/Python.framework/Versions/3.11/lib/python3.11/site-packages/airflow/example_dags/example_sensor_decorator.py took 1.459 seconds
[2023-06-16T13:05:01.339+0700] {processor.py:157} INFO - Started process (PID=6047) to work on /Library/Frameworks/Python.framework/Versions/3.11/lib/python3.11/site-packages/airflow/example_dags/example_sensor_decorator.py
[2023-06-16T13:05:01.340+0700] {processor.py:826} INFO - Processing file /Library/Frameworks/Python.framework/Versions/3.11/lib/python3.11/site-packages/airflow/example_dags/example_sensor_decorator.py for tasks to queue
[2023-06-16T13:05:01.341+0700] {logging_mixin.py:149} INFO - [2023-06-16T13:05:01.341+0700] {dagbag.py:541} INFO - Filling up the DagBag from /Library/Frameworks/Python.framework/Versions/3.11/lib/python3.11/site-packages/airflow/example_dags/example_sensor_decorator.py
[2023-06-16T13:05:01.414+0700] {processor.py:836} INFO - DAG(s) dict_keys(['example_sensor_decorator']) retrieved from /Library/Frameworks/Python.framework/Versions/3.11/lib/python3.11/site-packages/airflow/example_dags/example_sensor_decorator.py
[2023-06-16T13:05:02.671+0700] {logging_mixin.py:149} INFO - [2023-06-16T13:05:02.670+0700] {dag.py:2726} INFO - Sync 1 DAGs
[2023-06-16T13:05:02.691+0700] {logging_mixin.py:149} INFO - [2023-06-16T13:05:02.691+0700] {dag.py:3486} INFO - Setting next_dagrun for example_sensor_decorator to None, run_after=None
[2023-06-16T13:05:02.717+0700] {processor.py:179} INFO - Processing /Library/Frameworks/Python.framework/Versions/3.11/lib/python3.11/site-packages/airflow/example_dags/example_sensor_decorator.py took 1.380 seconds
[2023-06-16T13:07:37.265+0700] {processor.py:157} INFO - Started process (PID=6403) to work on /Library/Frameworks/Python.framework/Versions/3.11/lib/python3.11/site-packages/airflow/example_dags/example_sensor_decorator.py
[2023-06-16T13:07:37.265+0700] {processor.py:826} INFO - Processing file /Library/Frameworks/Python.framework/Versions/3.11/lib/python3.11/site-packages/airflow/example_dags/example_sensor_decorator.py for tasks to queue
[2023-06-16T13:07:37.266+0700] {logging_mixin.py:149} INFO - [2023-06-16T13:07:37.266+0700] {dagbag.py:541} INFO - Filling up the DagBag from /Library/Frameworks/Python.framework/Versions/3.11/lib/python3.11/site-packages/airflow/example_dags/example_sensor_decorator.py
[2023-06-16T13:07:37.324+0700] {processor.py:836} INFO - DAG(s) dict_keys(['example_sensor_decorator']) retrieved from /Library/Frameworks/Python.framework/Versions/3.11/lib/python3.11/site-packages/airflow/example_dags/example_sensor_decorator.py
[2023-06-16T13:07:38.406+0700] {logging_mixin.py:149} INFO - [2023-06-16T13:07:38.405+0700] {dag.py:2726} INFO - Sync 1 DAGs
[2023-06-16T13:07:38.423+0700] {logging_mixin.py:149} INFO - [2023-06-16T13:07:38.423+0700] {dag.py:3486} INFO - Setting next_dagrun for example_sensor_decorator to None, run_after=None
[2023-06-16T13:07:38.442+0700] {processor.py:179} INFO - Processing /Library/Frameworks/Python.framework/Versions/3.11/lib/python3.11/site-packages/airflow/example_dags/example_sensor_decorator.py took 1.178 seconds
[2023-06-16T13:10:13.714+0700] {processor.py:157} INFO - Started process (PID=6762) to work on /Library/Frameworks/Python.framework/Versions/3.11/lib/python3.11/site-packages/airflow/example_dags/example_sensor_decorator.py
[2023-06-16T13:10:13.715+0700] {processor.py:826} INFO - Processing file /Library/Frameworks/Python.framework/Versions/3.11/lib/python3.11/site-packages/airflow/example_dags/example_sensor_decorator.py for tasks to queue
[2023-06-16T13:10:13.716+0700] {logging_mixin.py:149} INFO - [2023-06-16T13:10:13.716+0700] {dagbag.py:541} INFO - Filling up the DagBag from /Library/Frameworks/Python.framework/Versions/3.11/lib/python3.11/site-packages/airflow/example_dags/example_sensor_decorator.py
[2023-06-16T13:10:13.778+0700] {processor.py:836} INFO - DAG(s) dict_keys(['example_sensor_decorator']) retrieved from /Library/Frameworks/Python.framework/Versions/3.11/lib/python3.11/site-packages/airflow/example_dags/example_sensor_decorator.py
[2023-06-16T13:10:14.863+0700] {logging_mixin.py:149} INFO - [2023-06-16T13:10:14.862+0700] {dag.py:2726} INFO - Sync 1 DAGs
[2023-06-16T13:10:14.887+0700] {logging_mixin.py:149} INFO - [2023-06-16T13:10:14.887+0700] {dag.py:3486} INFO - Setting next_dagrun for example_sensor_decorator to None, run_after=None
[2023-06-16T13:10:14.919+0700] {processor.py:179} INFO - Processing /Library/Frameworks/Python.framework/Versions/3.11/lib/python3.11/site-packages/airflow/example_dags/example_sensor_decorator.py took 1.206 seconds
[2023-06-16T13:12:44.911+0700] {processor.py:157} INFO - Started process (PID=7188) to work on /Library/Frameworks/Python.framework/Versions/3.11/lib/python3.11/site-packages/airflow/example_dags/example_sensor_decorator.py
[2023-06-16T13:12:44.912+0700] {processor.py:826} INFO - Processing file /Library/Frameworks/Python.framework/Versions/3.11/lib/python3.11/site-packages/airflow/example_dags/example_sensor_decorator.py for tasks to queue
[2023-06-16T13:12:44.913+0700] {logging_mixin.py:149} INFO - [2023-06-16T13:12:44.913+0700] {dagbag.py:541} INFO - Filling up the DagBag from /Library/Frameworks/Python.framework/Versions/3.11/lib/python3.11/site-packages/airflow/example_dags/example_sensor_decorator.py
[2023-06-16T13:12:44.995+0700] {processor.py:836} INFO - DAG(s) dict_keys(['example_sensor_decorator']) retrieved from /Library/Frameworks/Python.framework/Versions/3.11/lib/python3.11/site-packages/airflow/example_dags/example_sensor_decorator.py
[2023-06-16T13:12:46.311+0700] {logging_mixin.py:149} INFO - [2023-06-16T13:12:46.310+0700] {dag.py:2726} INFO - Sync 1 DAGs
[2023-06-16T13:12:46.332+0700] {logging_mixin.py:149} INFO - [2023-06-16T13:12:46.332+0700] {dag.py:3486} INFO - Setting next_dagrun for example_sensor_decorator to None, run_after=None
[2023-06-16T13:12:46.353+0700] {processor.py:179} INFO - Processing /Library/Frameworks/Python.framework/Versions/3.11/lib/python3.11/site-packages/airflow/example_dags/example_sensor_decorator.py took 1.443 seconds
[2023-06-16T13:15:55.209+0700] {processor.py:157} INFO - Started process (PID=7652) to work on /Library/Frameworks/Python.framework/Versions/3.11/lib/python3.11/site-packages/airflow/example_dags/example_sensor_decorator.py
[2023-06-16T13:15:55.210+0700] {processor.py:826} INFO - Processing file /Library/Frameworks/Python.framework/Versions/3.11/lib/python3.11/site-packages/airflow/example_dags/example_sensor_decorator.py for tasks to queue
[2023-06-16T13:15:55.211+0700] {logging_mixin.py:149} INFO - [2023-06-16T13:15:55.211+0700] {dagbag.py:541} INFO - Filling up the DagBag from /Library/Frameworks/Python.framework/Versions/3.11/lib/python3.11/site-packages/airflow/example_dags/example_sensor_decorator.py
[2023-06-16T13:15:55.266+0700] {processor.py:836} INFO - DAG(s) dict_keys(['example_sensor_decorator']) retrieved from /Library/Frameworks/Python.framework/Versions/3.11/lib/python3.11/site-packages/airflow/example_dags/example_sensor_decorator.py
[2023-06-16T13:15:56.401+0700] {logging_mixin.py:149} INFO - [2023-06-16T13:15:56.401+0700] {dag.py:2726} INFO - Sync 1 DAGs
[2023-06-16T13:15:56.417+0700] {logging_mixin.py:149} INFO - [2023-06-16T13:15:56.417+0700] {dag.py:3486} INFO - Setting next_dagrun for example_sensor_decorator to None, run_after=None
[2023-06-16T13:15:56.440+0700] {processor.py:179} INFO - Processing /Library/Frameworks/Python.framework/Versions/3.11/lib/python3.11/site-packages/airflow/example_dags/example_sensor_decorator.py took 1.233 seconds
[2023-06-16T13:19:13.476+0700] {processor.py:157} INFO - Started process (PID=8092) to work on /Library/Frameworks/Python.framework/Versions/3.11/lib/python3.11/site-packages/airflow/example_dags/example_sensor_decorator.py
[2023-06-16T13:19:13.477+0700] {processor.py:826} INFO - Processing file /Library/Frameworks/Python.framework/Versions/3.11/lib/python3.11/site-packages/airflow/example_dags/example_sensor_decorator.py for tasks to queue
[2023-06-16T13:19:13.478+0700] {logging_mixin.py:149} INFO - [2023-06-16T13:19:13.478+0700] {dagbag.py:541} INFO - Filling up the DagBag from /Library/Frameworks/Python.framework/Versions/3.11/lib/python3.11/site-packages/airflow/example_dags/example_sensor_decorator.py
[2023-06-16T13:19:13.534+0700] {processor.py:836} INFO - DAG(s) dict_keys(['example_sensor_decorator']) retrieved from /Library/Frameworks/Python.framework/Versions/3.11/lib/python3.11/site-packages/airflow/example_dags/example_sensor_decorator.py
[2023-06-16T13:19:14.883+0700] {logging_mixin.py:149} INFO - [2023-06-16T13:19:14.883+0700] {dag.py:2726} INFO - Sync 1 DAGs
[2023-06-16T13:19:14.906+0700] {logging_mixin.py:149} INFO - [2023-06-16T13:19:14.906+0700] {dag.py:3486} INFO - Setting next_dagrun for example_sensor_decorator to None, run_after=None
[2023-06-16T13:19:14.929+0700] {processor.py:179} INFO - Processing /Library/Frameworks/Python.framework/Versions/3.11/lib/python3.11/site-packages/airflow/example_dags/example_sensor_decorator.py took 1.454 seconds
[2023-06-16T13:22:19.049+0700] {processor.py:157} INFO - Started process (PID=8493) to work on /Library/Frameworks/Python.framework/Versions/3.11/lib/python3.11/site-packages/airflow/example_dags/example_sensor_decorator.py
[2023-06-16T13:22:19.051+0700] {processor.py:826} INFO - Processing file /Library/Frameworks/Python.framework/Versions/3.11/lib/python3.11/site-packages/airflow/example_dags/example_sensor_decorator.py for tasks to queue
[2023-06-16T13:22:19.052+0700] {logging_mixin.py:149} INFO - [2023-06-16T13:22:19.052+0700] {dagbag.py:541} INFO - Filling up the DagBag from /Library/Frameworks/Python.framework/Versions/3.11/lib/python3.11/site-packages/airflow/example_dags/example_sensor_decorator.py
[2023-06-16T13:22:19.128+0700] {processor.py:836} INFO - DAG(s) dict_keys(['example_sensor_decorator']) retrieved from /Library/Frameworks/Python.framework/Versions/3.11/lib/python3.11/site-packages/airflow/example_dags/example_sensor_decorator.py
[2023-06-16T13:22:20.496+0700] {logging_mixin.py:149} INFO - [2023-06-16T13:22:20.496+0700] {dag.py:2726} INFO - Sync 1 DAGs
[2023-06-16T13:22:20.520+0700] {logging_mixin.py:149} INFO - [2023-06-16T13:22:20.519+0700] {dag.py:3486} INFO - Setting next_dagrun for example_sensor_decorator to None, run_after=None
[2023-06-16T13:22:20.548+0700] {processor.py:179} INFO - Processing /Library/Frameworks/Python.framework/Versions/3.11/lib/python3.11/site-packages/airflow/example_dags/example_sensor_decorator.py took 1.500 seconds
[2023-06-16T13:24:37.609+0700] {processor.py:157} INFO - Started process (PID=8830) to work on /Library/Frameworks/Python.framework/Versions/3.11/lib/python3.11/site-packages/airflow/example_dags/example_sensor_decorator.py
[2023-06-16T13:24:37.610+0700] {processor.py:826} INFO - Processing file /Library/Frameworks/Python.framework/Versions/3.11/lib/python3.11/site-packages/airflow/example_dags/example_sensor_decorator.py for tasks to queue
[2023-06-16T13:24:37.611+0700] {logging_mixin.py:149} INFO - [2023-06-16T13:24:37.611+0700] {dagbag.py:541} INFO - Filling up the DagBag from /Library/Frameworks/Python.framework/Versions/3.11/lib/python3.11/site-packages/airflow/example_dags/example_sensor_decorator.py
[2023-06-16T13:24:37.670+0700] {processor.py:836} INFO - DAG(s) dict_keys(['example_sensor_decorator']) retrieved from /Library/Frameworks/Python.framework/Versions/3.11/lib/python3.11/site-packages/airflow/example_dags/example_sensor_decorator.py
[2023-06-16T13:24:38.937+0700] {logging_mixin.py:149} INFO - [2023-06-16T13:24:38.936+0700] {dag.py:2726} INFO - Sync 1 DAGs
[2023-06-16T13:24:38.960+0700] {logging_mixin.py:149} INFO - [2023-06-16T13:24:38.960+0700] {dag.py:3486} INFO - Setting next_dagrun for example_sensor_decorator to None, run_after=None
[2023-06-16T13:24:38.980+0700] {processor.py:179} INFO - Processing /Library/Frameworks/Python.framework/Versions/3.11/lib/python3.11/site-packages/airflow/example_dags/example_sensor_decorator.py took 1.372 seconds
[2023-06-16T13:27:00.985+0700] {processor.py:157} INFO - Started process (PID=9107) to work on /Library/Frameworks/Python.framework/Versions/3.11/lib/python3.11/site-packages/airflow/example_dags/example_sensor_decorator.py
[2023-06-16T13:27:00.986+0700] {processor.py:826} INFO - Processing file /Library/Frameworks/Python.framework/Versions/3.11/lib/python3.11/site-packages/airflow/example_dags/example_sensor_decorator.py for tasks to queue
[2023-06-16T13:27:00.987+0700] {logging_mixin.py:149} INFO - [2023-06-16T13:27:00.986+0700] {dagbag.py:541} INFO - Filling up the DagBag from /Library/Frameworks/Python.framework/Versions/3.11/lib/python3.11/site-packages/airflow/example_dags/example_sensor_decorator.py
[2023-06-16T13:27:01.062+0700] {processor.py:836} INFO - DAG(s) dict_keys(['example_sensor_decorator']) retrieved from /Library/Frameworks/Python.framework/Versions/3.11/lib/python3.11/site-packages/airflow/example_dags/example_sensor_decorator.py
[2023-06-16T13:27:02.387+0700] {logging_mixin.py:149} INFO - [2023-06-16T13:27:02.386+0700] {dag.py:2726} INFO - Sync 1 DAGs
[2023-06-16T13:27:02.405+0700] {logging_mixin.py:149} INFO - [2023-06-16T13:27:02.405+0700] {dag.py:3486} INFO - Setting next_dagrun for example_sensor_decorator to None, run_after=None
[2023-06-16T13:27:02.428+0700] {processor.py:179} INFO - Processing /Library/Frameworks/Python.framework/Versions/3.11/lib/python3.11/site-packages/airflow/example_dags/example_sensor_decorator.py took 1.444 seconds
[2023-06-16T13:29:30.367+0700] {processor.py:157} INFO - Started process (PID=9458) to work on /Library/Frameworks/Python.framework/Versions/3.11/lib/python3.11/site-packages/airflow/example_dags/example_sensor_decorator.py
[2023-06-16T13:29:30.367+0700] {processor.py:826} INFO - Processing file /Library/Frameworks/Python.framework/Versions/3.11/lib/python3.11/site-packages/airflow/example_dags/example_sensor_decorator.py for tasks to queue
[2023-06-16T13:29:30.368+0700] {logging_mixin.py:149} INFO - [2023-06-16T13:29:30.368+0700] {dagbag.py:541} INFO - Filling up the DagBag from /Library/Frameworks/Python.framework/Versions/3.11/lib/python3.11/site-packages/airflow/example_dags/example_sensor_decorator.py
[2023-06-16T13:29:30.424+0700] {processor.py:836} INFO - DAG(s) dict_keys(['example_sensor_decorator']) retrieved from /Library/Frameworks/Python.framework/Versions/3.11/lib/python3.11/site-packages/airflow/example_dags/example_sensor_decorator.py
[2023-06-16T13:29:31.678+0700] {logging_mixin.py:149} INFO - [2023-06-16T13:29:31.678+0700] {dag.py:2726} INFO - Sync 1 DAGs
[2023-06-16T13:29:31.701+0700] {logging_mixin.py:149} INFO - [2023-06-16T13:29:31.700+0700] {dag.py:3486} INFO - Setting next_dagrun for example_sensor_decorator to None, run_after=None
[2023-06-16T13:29:31.723+0700] {processor.py:179} INFO - Processing /Library/Frameworks/Python.framework/Versions/3.11/lib/python3.11/site-packages/airflow/example_dags/example_sensor_decorator.py took 1.357 seconds
[2023-06-16T13:32:03.200+0700] {processor.py:157} INFO - Started process (PID=9866) to work on /Library/Frameworks/Python.framework/Versions/3.11/lib/python3.11/site-packages/airflow/example_dags/example_sensor_decorator.py
[2023-06-16T13:32:03.200+0700] {processor.py:826} INFO - Processing file /Library/Frameworks/Python.framework/Versions/3.11/lib/python3.11/site-packages/airflow/example_dags/example_sensor_decorator.py for tasks to queue
[2023-06-16T13:32:03.201+0700] {logging_mixin.py:149} INFO - [2023-06-16T13:32:03.201+0700] {dagbag.py:541} INFO - Filling up the DagBag from /Library/Frameworks/Python.framework/Versions/3.11/lib/python3.11/site-packages/airflow/example_dags/example_sensor_decorator.py
[2023-06-16T13:32:03.267+0700] {processor.py:836} INFO - DAG(s) dict_keys(['example_sensor_decorator']) retrieved from /Library/Frameworks/Python.framework/Versions/3.11/lib/python3.11/site-packages/airflow/example_dags/example_sensor_decorator.py
[2023-06-16T13:32:04.442+0700] {logging_mixin.py:149} INFO - [2023-06-16T13:32:04.441+0700] {dag.py:2726} INFO - Sync 1 DAGs
[2023-06-16T13:32:04.470+0700] {logging_mixin.py:149} INFO - [2023-06-16T13:32:04.470+0700] {dag.py:3486} INFO - Setting next_dagrun for example_sensor_decorator to None, run_after=None
[2023-06-16T13:32:04.493+0700] {processor.py:179} INFO - Processing /Library/Frameworks/Python.framework/Versions/3.11/lib/python3.11/site-packages/airflow/example_dags/example_sensor_decorator.py took 1.294 seconds
[2023-06-16T13:34:42.060+0700] {processor.py:157} INFO - Started process (PID=10430) to work on /Library/Frameworks/Python.framework/Versions/3.11/lib/python3.11/site-packages/airflow/example_dags/example_sensor_decorator.py
[2023-06-16T13:34:42.062+0700] {processor.py:826} INFO - Processing file /Library/Frameworks/Python.framework/Versions/3.11/lib/python3.11/site-packages/airflow/example_dags/example_sensor_decorator.py for tasks to queue
[2023-06-16T13:34:42.062+0700] {logging_mixin.py:149} INFO - [2023-06-16T13:34:42.062+0700] {dagbag.py:541} INFO - Filling up the DagBag from /Library/Frameworks/Python.framework/Versions/3.11/lib/python3.11/site-packages/airflow/example_dags/example_sensor_decorator.py
[2023-06-16T13:34:42.168+0700] {processor.py:836} INFO - DAG(s) dict_keys(['example_sensor_decorator']) retrieved from /Library/Frameworks/Python.framework/Versions/3.11/lib/python3.11/site-packages/airflow/example_dags/example_sensor_decorator.py
[2023-06-16T13:34:43.902+0700] {logging_mixin.py:149} INFO - [2023-06-16T13:34:43.901+0700] {dag.py:2726} INFO - Sync 1 DAGs
[2023-06-16T13:34:43.928+0700] {logging_mixin.py:149} INFO - [2023-06-16T13:34:43.928+0700] {dag.py:3486} INFO - Setting next_dagrun for example_sensor_decorator to None, run_after=None
[2023-06-16T13:34:43.953+0700] {processor.py:179} INFO - Processing /Library/Frameworks/Python.framework/Versions/3.11/lib/python3.11/site-packages/airflow/example_dags/example_sensor_decorator.py took 1.894 seconds
[2023-06-16T13:37:45.127+0700] {processor.py:157} INFO - Started process (PID=10826) to work on /Library/Frameworks/Python.framework/Versions/3.11/lib/python3.11/site-packages/airflow/example_dags/example_sensor_decorator.py
[2023-06-16T13:37:45.129+0700] {processor.py:826} INFO - Processing file /Library/Frameworks/Python.framework/Versions/3.11/lib/python3.11/site-packages/airflow/example_dags/example_sensor_decorator.py for tasks to queue
[2023-06-16T13:37:45.129+0700] {logging_mixin.py:149} INFO - [2023-06-16T13:37:45.129+0700] {dagbag.py:541} INFO - Filling up the DagBag from /Library/Frameworks/Python.framework/Versions/3.11/lib/python3.11/site-packages/airflow/example_dags/example_sensor_decorator.py
[2023-06-16T13:37:45.193+0700] {processor.py:836} INFO - DAG(s) dict_keys(['example_sensor_decorator']) retrieved from /Library/Frameworks/Python.framework/Versions/3.11/lib/python3.11/site-packages/airflow/example_dags/example_sensor_decorator.py
[2023-06-16T13:37:46.269+0700] {logging_mixin.py:149} INFO - [2023-06-16T13:37:46.268+0700] {dag.py:2726} INFO - Sync 1 DAGs
[2023-06-16T13:37:46.287+0700] {logging_mixin.py:149} INFO - [2023-06-16T13:37:46.287+0700] {dag.py:3486} INFO - Setting next_dagrun for example_sensor_decorator to None, run_after=None
[2023-06-16T13:37:46.310+0700] {processor.py:179} INFO - Processing /Library/Frameworks/Python.framework/Versions/3.11/lib/python3.11/site-packages/airflow/example_dags/example_sensor_decorator.py took 1.184 seconds
[2023-06-16T13:40:15.502+0700] {processor.py:157} INFO - Started process (PID=11131) to work on /Library/Frameworks/Python.framework/Versions/3.11/lib/python3.11/site-packages/airflow/example_dags/example_sensor_decorator.py
[2023-06-16T13:40:15.503+0700] {processor.py:826} INFO - Processing file /Library/Frameworks/Python.framework/Versions/3.11/lib/python3.11/site-packages/airflow/example_dags/example_sensor_decorator.py for tasks to queue
[2023-06-16T13:40:15.504+0700] {logging_mixin.py:149} INFO - [2023-06-16T13:40:15.504+0700] {dagbag.py:541} INFO - Filling up the DagBag from /Library/Frameworks/Python.framework/Versions/3.11/lib/python3.11/site-packages/airflow/example_dags/example_sensor_decorator.py
[2023-06-16T13:40:15.574+0700] {processor.py:836} INFO - DAG(s) dict_keys(['example_sensor_decorator']) retrieved from /Library/Frameworks/Python.framework/Versions/3.11/lib/python3.11/site-packages/airflow/example_dags/example_sensor_decorator.py
[2023-06-16T13:40:16.804+0700] {logging_mixin.py:149} INFO - [2023-06-16T13:40:16.803+0700] {dag.py:2726} INFO - Sync 1 DAGs
[2023-06-16T13:40:16.826+0700] {logging_mixin.py:149} INFO - [2023-06-16T13:40:16.826+0700] {dag.py:3486} INFO - Setting next_dagrun for example_sensor_decorator to None, run_after=None
[2023-06-16T13:40:16.850+0700] {processor.py:179} INFO - Processing /Library/Frameworks/Python.framework/Versions/3.11/lib/python3.11/site-packages/airflow/example_dags/example_sensor_decorator.py took 1.349 seconds
[2023-06-16T13:42:58.993+0700] {processor.py:157} INFO - Started process (PID=11485) to work on /Library/Frameworks/Python.framework/Versions/3.11/lib/python3.11/site-packages/airflow/example_dags/example_sensor_decorator.py
[2023-06-16T13:42:58.995+0700] {processor.py:826} INFO - Processing file /Library/Frameworks/Python.framework/Versions/3.11/lib/python3.11/site-packages/airflow/example_dags/example_sensor_decorator.py for tasks to queue
[2023-06-16T13:42:58.995+0700] {logging_mixin.py:149} INFO - [2023-06-16T13:42:58.995+0700] {dagbag.py:541} INFO - Filling up the DagBag from /Library/Frameworks/Python.framework/Versions/3.11/lib/python3.11/site-packages/airflow/example_dags/example_sensor_decorator.py
[2023-06-16T13:42:59.056+0700] {processor.py:836} INFO - DAG(s) dict_keys(['example_sensor_decorator']) retrieved from /Library/Frameworks/Python.framework/Versions/3.11/lib/python3.11/site-packages/airflow/example_dags/example_sensor_decorator.py
[2023-06-16T13:43:00.162+0700] {logging_mixin.py:149} INFO - [2023-06-16T13:43:00.161+0700] {dag.py:2726} INFO - Sync 1 DAGs
[2023-06-16T13:43:00.181+0700] {logging_mixin.py:149} INFO - [2023-06-16T13:43:00.181+0700] {dag.py:3486} INFO - Setting next_dagrun for example_sensor_decorator to None, run_after=None
[2023-06-16T13:43:00.204+0700] {processor.py:179} INFO - Processing /Library/Frameworks/Python.framework/Versions/3.11/lib/python3.11/site-packages/airflow/example_dags/example_sensor_decorator.py took 1.212 seconds
[2023-06-16T13:45:45.888+0700] {processor.py:157} INFO - Started process (PID=11828) to work on /Library/Frameworks/Python.framework/Versions/3.11/lib/python3.11/site-packages/airflow/example_dags/example_sensor_decorator.py
[2023-06-16T13:45:45.890+0700] {processor.py:826} INFO - Processing file /Library/Frameworks/Python.framework/Versions/3.11/lib/python3.11/site-packages/airflow/example_dags/example_sensor_decorator.py for tasks to queue
[2023-06-16T13:45:45.890+0700] {logging_mixin.py:149} INFO - [2023-06-16T13:45:45.890+0700] {dagbag.py:541} INFO - Filling up the DagBag from /Library/Frameworks/Python.framework/Versions/3.11/lib/python3.11/site-packages/airflow/example_dags/example_sensor_decorator.py
[2023-06-16T13:45:45.949+0700] {processor.py:836} INFO - DAG(s) dict_keys(['example_sensor_decorator']) retrieved from /Library/Frameworks/Python.framework/Versions/3.11/lib/python3.11/site-packages/airflow/example_dags/example_sensor_decorator.py
[2023-06-16T13:45:47.275+0700] {logging_mixin.py:149} INFO - [2023-06-16T13:45:47.275+0700] {dag.py:2726} INFO - Sync 1 DAGs
[2023-06-16T13:45:47.296+0700] {logging_mixin.py:149} INFO - [2023-06-16T13:45:47.296+0700] {dag.py:3486} INFO - Setting next_dagrun for example_sensor_decorator to None, run_after=None
[2023-06-16T13:45:47.315+0700] {processor.py:179} INFO - Processing /Library/Frameworks/Python.framework/Versions/3.11/lib/python3.11/site-packages/airflow/example_dags/example_sensor_decorator.py took 1.427 seconds
[2023-06-16T13:48:16.155+0700] {processor.py:157} INFO - Started process (PID=12094) to work on /Library/Frameworks/Python.framework/Versions/3.11/lib/python3.11/site-packages/airflow/example_dags/example_sensor_decorator.py
[2023-06-16T13:48:16.156+0700] {processor.py:826} INFO - Processing file /Library/Frameworks/Python.framework/Versions/3.11/lib/python3.11/site-packages/airflow/example_dags/example_sensor_decorator.py for tasks to queue
[2023-06-16T13:48:16.156+0700] {logging_mixin.py:149} INFO - [2023-06-16T13:48:16.156+0700] {dagbag.py:541} INFO - Filling up the DagBag from /Library/Frameworks/Python.framework/Versions/3.11/lib/python3.11/site-packages/airflow/example_dags/example_sensor_decorator.py
[2023-06-16T13:48:16.220+0700] {processor.py:836} INFO - DAG(s) dict_keys(['example_sensor_decorator']) retrieved from /Library/Frameworks/Python.framework/Versions/3.11/lib/python3.11/site-packages/airflow/example_dags/example_sensor_decorator.py
[2023-06-16T13:48:17.361+0700] {logging_mixin.py:149} INFO - [2023-06-16T13:48:17.360+0700] {dag.py:2726} INFO - Sync 1 DAGs
[2023-06-16T13:48:17.380+0700] {logging_mixin.py:149} INFO - [2023-06-16T13:48:17.380+0700] {dag.py:3486} INFO - Setting next_dagrun for example_sensor_decorator to None, run_after=None
[2023-06-16T13:48:17.403+0700] {processor.py:179} INFO - Processing /Library/Frameworks/Python.framework/Versions/3.11/lib/python3.11/site-packages/airflow/example_dags/example_sensor_decorator.py took 1.249 seconds
[2023-06-16T13:52:38.371+0700] {processor.py:157} INFO - Started process (PID=12496) to work on /Library/Frameworks/Python.framework/Versions/3.11/lib/python3.11/site-packages/airflow/example_dags/example_sensor_decorator.py
[2023-06-16T13:52:38.372+0700] {processor.py:826} INFO - Processing file /Library/Frameworks/Python.framework/Versions/3.11/lib/python3.11/site-packages/airflow/example_dags/example_sensor_decorator.py for tasks to queue
[2023-06-16T13:52:38.373+0700] {logging_mixin.py:149} INFO - [2023-06-16T13:52:38.373+0700] {dagbag.py:541} INFO - Filling up the DagBag from /Library/Frameworks/Python.framework/Versions/3.11/lib/python3.11/site-packages/airflow/example_dags/example_sensor_decorator.py
[2023-06-16T13:52:38.425+0700] {processor.py:836} INFO - DAG(s) dict_keys(['example_sensor_decorator']) retrieved from /Library/Frameworks/Python.framework/Versions/3.11/lib/python3.11/site-packages/airflow/example_dags/example_sensor_decorator.py
[2023-06-16T13:52:39.769+0700] {logging_mixin.py:149} INFO - [2023-06-16T13:52:39.768+0700] {dag.py:2726} INFO - Sync 1 DAGs
[2023-06-16T13:52:39.785+0700] {logging_mixin.py:149} INFO - [2023-06-16T13:52:39.785+0700] {dag.py:3486} INFO - Setting next_dagrun for example_sensor_decorator to None, run_after=None
[2023-06-16T13:52:39.804+0700] {processor.py:179} INFO - Processing /Library/Frameworks/Python.framework/Versions/3.11/lib/python3.11/site-packages/airflow/example_dags/example_sensor_decorator.py took 1.434 seconds
[2023-06-16T13:55:08.909+0700] {processor.py:157} INFO - Started process (PID=12934) to work on /Library/Frameworks/Python.framework/Versions/3.11/lib/python3.11/site-packages/airflow/example_dags/example_sensor_decorator.py
[2023-06-16T13:55:08.911+0700] {processor.py:826} INFO - Processing file /Library/Frameworks/Python.framework/Versions/3.11/lib/python3.11/site-packages/airflow/example_dags/example_sensor_decorator.py for tasks to queue
[2023-06-16T13:55:08.912+0700] {logging_mixin.py:149} INFO - [2023-06-16T13:55:08.911+0700] {dagbag.py:541} INFO - Filling up the DagBag from /Library/Frameworks/Python.framework/Versions/3.11/lib/python3.11/site-packages/airflow/example_dags/example_sensor_decorator.py
[2023-06-16T13:55:08.973+0700] {processor.py:836} INFO - DAG(s) dict_keys(['example_sensor_decorator']) retrieved from /Library/Frameworks/Python.framework/Versions/3.11/lib/python3.11/site-packages/airflow/example_dags/example_sensor_decorator.py
[2023-06-16T13:55:10.103+0700] {logging_mixin.py:149} INFO - [2023-06-16T13:55:10.102+0700] {dag.py:2726} INFO - Sync 1 DAGs
[2023-06-16T13:55:10.122+0700] {logging_mixin.py:149} INFO - [2023-06-16T13:55:10.122+0700] {dag.py:3486} INFO - Setting next_dagrun for example_sensor_decorator to None, run_after=None
[2023-06-16T13:55:10.147+0700] {processor.py:179} INFO - Processing /Library/Frameworks/Python.framework/Versions/3.11/lib/python3.11/site-packages/airflow/example_dags/example_sensor_decorator.py took 1.239 seconds
[2023-06-16T13:57:48.985+0700] {processor.py:157} INFO - Started process (PID=13218) to work on /Library/Frameworks/Python.framework/Versions/3.11/lib/python3.11/site-packages/airflow/example_dags/example_sensor_decorator.py
[2023-06-16T13:57:48.987+0700] {processor.py:826} INFO - Processing file /Library/Frameworks/Python.framework/Versions/3.11/lib/python3.11/site-packages/airflow/example_dags/example_sensor_decorator.py for tasks to queue
[2023-06-16T13:57:48.988+0700] {logging_mixin.py:149} INFO - [2023-06-16T13:57:48.988+0700] {dagbag.py:541} INFO - Filling up the DagBag from /Library/Frameworks/Python.framework/Versions/3.11/lib/python3.11/site-packages/airflow/example_dags/example_sensor_decorator.py
[2023-06-16T13:57:49.061+0700] {processor.py:836} INFO - DAG(s) dict_keys(['example_sensor_decorator']) retrieved from /Library/Frameworks/Python.framework/Versions/3.11/lib/python3.11/site-packages/airflow/example_dags/example_sensor_decorator.py
[2023-06-16T13:57:50.164+0700] {logging_mixin.py:149} INFO - [2023-06-16T13:57:50.164+0700] {dag.py:2726} INFO - Sync 1 DAGs
[2023-06-16T13:57:50.183+0700] {logging_mixin.py:149} INFO - [2023-06-16T13:57:50.183+0700] {dag.py:3486} INFO - Setting next_dagrun for example_sensor_decorator to None, run_after=None
[2023-06-16T13:57:50.204+0700] {processor.py:179} INFO - Processing /Library/Frameworks/Python.framework/Versions/3.11/lib/python3.11/site-packages/airflow/example_dags/example_sensor_decorator.py took 1.220 seconds
[2023-06-16T14:00:30.222+0700] {processor.py:157} INFO - Started process (PID=13557) to work on /Library/Frameworks/Python.framework/Versions/3.11/lib/python3.11/site-packages/airflow/example_dags/example_sensor_decorator.py
[2023-06-16T14:00:30.222+0700] {processor.py:826} INFO - Processing file /Library/Frameworks/Python.framework/Versions/3.11/lib/python3.11/site-packages/airflow/example_dags/example_sensor_decorator.py for tasks to queue
[2023-06-16T14:00:30.223+0700] {logging_mixin.py:149} INFO - [2023-06-16T14:00:30.223+0700] {dagbag.py:541} INFO - Filling up the DagBag from /Library/Frameworks/Python.framework/Versions/3.11/lib/python3.11/site-packages/airflow/example_dags/example_sensor_decorator.py
[2023-06-16T14:00:30.297+0700] {processor.py:836} INFO - DAG(s) dict_keys(['example_sensor_decorator']) retrieved from /Library/Frameworks/Python.framework/Versions/3.11/lib/python3.11/site-packages/airflow/example_dags/example_sensor_decorator.py
[2023-06-16T14:00:31.604+0700] {logging_mixin.py:149} INFO - [2023-06-16T14:00:31.604+0700] {dag.py:2726} INFO - Sync 1 DAGs
[2023-06-16T14:00:31.624+0700] {logging_mixin.py:149} INFO - [2023-06-16T14:00:31.624+0700] {dag.py:3486} INFO - Setting next_dagrun for example_sensor_decorator to None, run_after=None
[2023-06-16T14:00:31.647+0700] {processor.py:179} INFO - Processing /Library/Frameworks/Python.framework/Versions/3.11/lib/python3.11/site-packages/airflow/example_dags/example_sensor_decorator.py took 1.426 seconds
[2023-06-16T14:03:02.716+0700] {processor.py:157} INFO - Started process (PID=13867) to work on /Library/Frameworks/Python.framework/Versions/3.11/lib/python3.11/site-packages/airflow/example_dags/example_sensor_decorator.py
[2023-06-16T14:03:02.717+0700] {processor.py:826} INFO - Processing file /Library/Frameworks/Python.framework/Versions/3.11/lib/python3.11/site-packages/airflow/example_dags/example_sensor_decorator.py for tasks to queue
[2023-06-16T14:03:02.718+0700] {logging_mixin.py:149} INFO - [2023-06-16T14:03:02.718+0700] {dagbag.py:541} INFO - Filling up the DagBag from /Library/Frameworks/Python.framework/Versions/3.11/lib/python3.11/site-packages/airflow/example_dags/example_sensor_decorator.py
[2023-06-16T14:03:02.777+0700] {processor.py:836} INFO - DAG(s) dict_keys(['example_sensor_decorator']) retrieved from /Library/Frameworks/Python.framework/Versions/3.11/lib/python3.11/site-packages/airflow/example_dags/example_sensor_decorator.py
[2023-06-16T14:03:03.907+0700] {logging_mixin.py:149} INFO - [2023-06-16T14:03:03.907+0700] {dag.py:2726} INFO - Sync 1 DAGs
[2023-06-16T14:03:03.926+0700] {logging_mixin.py:149} INFO - [2023-06-16T14:03:03.926+0700] {dag.py:3486} INFO - Setting next_dagrun for example_sensor_decorator to None, run_after=None
[2023-06-16T14:03:03.945+0700] {processor.py:179} INFO - Processing /Library/Frameworks/Python.framework/Versions/3.11/lib/python3.11/site-packages/airflow/example_dags/example_sensor_decorator.py took 1.230 seconds
[2023-06-16T14:05:41.348+0700] {processor.py:157} INFO - Started process (PID=14234) to work on /Library/Frameworks/Python.framework/Versions/3.11/lib/python3.11/site-packages/airflow/example_dags/example_sensor_decorator.py
[2023-06-16T14:05:41.349+0700] {processor.py:826} INFO - Processing file /Library/Frameworks/Python.framework/Versions/3.11/lib/python3.11/site-packages/airflow/example_dags/example_sensor_decorator.py for tasks to queue
[2023-06-16T14:05:41.349+0700] {logging_mixin.py:149} INFO - [2023-06-16T14:05:41.349+0700] {dagbag.py:541} INFO - Filling up the DagBag from /Library/Frameworks/Python.framework/Versions/3.11/lib/python3.11/site-packages/airflow/example_dags/example_sensor_decorator.py
[2023-06-16T14:05:41.408+0700] {processor.py:836} INFO - DAG(s) dict_keys(['example_sensor_decorator']) retrieved from /Library/Frameworks/Python.framework/Versions/3.11/lib/python3.11/site-packages/airflow/example_dags/example_sensor_decorator.py
[2023-06-16T14:05:42.570+0700] {logging_mixin.py:149} INFO - [2023-06-16T14:05:42.569+0700] {dag.py:2726} INFO - Sync 1 DAGs
[2023-06-16T14:05:42.589+0700] {logging_mixin.py:149} INFO - [2023-06-16T14:05:42.588+0700] {dag.py:3486} INFO - Setting next_dagrun for example_sensor_decorator to None, run_after=None
[2023-06-16T14:05:42.610+0700] {processor.py:179} INFO - Processing /Library/Frameworks/Python.framework/Versions/3.11/lib/python3.11/site-packages/airflow/example_dags/example_sensor_decorator.py took 1.264 seconds
[2023-06-16T14:08:20.022+0700] {processor.py:157} INFO - Started process (PID=14683) to work on /Library/Frameworks/Python.framework/Versions/3.11/lib/python3.11/site-packages/airflow/example_dags/example_sensor_decorator.py
[2023-06-16T14:08:20.023+0700] {processor.py:826} INFO - Processing file /Library/Frameworks/Python.framework/Versions/3.11/lib/python3.11/site-packages/airflow/example_dags/example_sensor_decorator.py for tasks to queue
[2023-06-16T14:08:20.024+0700] {logging_mixin.py:149} INFO - [2023-06-16T14:08:20.024+0700] {dagbag.py:541} INFO - Filling up the DagBag from /Library/Frameworks/Python.framework/Versions/3.11/lib/python3.11/site-packages/airflow/example_dags/example_sensor_decorator.py
[2023-06-16T14:08:20.083+0700] {processor.py:836} INFO - DAG(s) dict_keys(['example_sensor_decorator']) retrieved from /Library/Frameworks/Python.framework/Versions/3.11/lib/python3.11/site-packages/airflow/example_dags/example_sensor_decorator.py
[2023-06-16T14:08:21.320+0700] {logging_mixin.py:149} INFO - [2023-06-16T14:08:21.320+0700] {dag.py:2726} INFO - Sync 1 DAGs
[2023-06-16T14:08:21.336+0700] {logging_mixin.py:149} INFO - [2023-06-16T14:08:21.336+0700] {dag.py:3486} INFO - Setting next_dagrun for example_sensor_decorator to None, run_after=None
[2023-06-16T14:08:21.359+0700] {processor.py:179} INFO - Processing /Library/Frameworks/Python.framework/Versions/3.11/lib/python3.11/site-packages/airflow/example_dags/example_sensor_decorator.py took 1.338 seconds
