[2023-06-16T11:02:12.258+0700] {processor.py:157} INFO - Started process (PID=88978) to work on /Library/Frameworks/Python.framework/Versions/3.11/lib/python3.11/site-packages/airflow/example_dags/example_branch_operator_decorator.py
[2023-06-16T11:02:12.258+0700] {processor.py:826} INFO - Processing file /Library/Frameworks/Python.framework/Versions/3.11/lib/python3.11/site-packages/airflow/example_dags/example_branch_operator_decorator.py for tasks to queue
[2023-06-16T11:02:12.259+0700] {logging_mixin.py:149} INFO - [2023-06-16T11:02:12.259+0700] {dagbag.py:541} INFO - Filling up the DagBag from /Library/Frameworks/Python.framework/Versions/3.11/lib/python3.11/site-packages/airflow/example_dags/example_branch_operator_decorator.py
[2023-06-16T11:02:12.316+0700] {processor.py:836} INFO - DAG(s) dict_keys(['example_branch_python_operator_decorator']) retrieved from /Library/Frameworks/Python.framework/Versions/3.11/lib/python3.11/site-packages/airflow/example_dags/example_branch_operator_decorator.py
[2023-06-16T11:02:13.285+0700] {logging_mixin.py:149} INFO - [2023-06-16T11:02:13.285+0700] {dag.py:2726} INFO - Sync 1 DAGs
[2023-06-16T11:02:13.301+0700] {logging_mixin.py:149} INFO - [2023-06-16T11:02:13.300+0700] {dag.py:3486} INFO - Setting next_dagrun for example_branch_python_operator_decorator to 2023-06-15T00:00:00+00:00, run_after=2023-06-16T00:00:00+00:00
[2023-06-16T11:02:13.319+0700] {processor.py:179} INFO - Processing /Library/Frameworks/Python.framework/Versions/3.11/lib/python3.11/site-packages/airflow/example_dags/example_branch_operator_decorator.py took 1.062 seconds
[2023-06-16T11:07:23.225+0700] {processor.py:157} INFO - Started process (PID=89621) to work on /Library/Frameworks/Python.framework/Versions/3.11/lib/python3.11/site-packages/airflow/example_dags/example_branch_operator_decorator.py
[2023-06-16T11:07:23.226+0700] {processor.py:826} INFO - Processing file /Library/Frameworks/Python.framework/Versions/3.11/lib/python3.11/site-packages/airflow/example_dags/example_branch_operator_decorator.py for tasks to queue
[2023-06-16T11:07:23.227+0700] {logging_mixin.py:149} INFO - [2023-06-16T11:07:23.226+0700] {dagbag.py:541} INFO - Filling up the DagBag from /Library/Frameworks/Python.framework/Versions/3.11/lib/python3.11/site-packages/airflow/example_dags/example_branch_operator_decorator.py
[2023-06-16T11:07:23.307+0700] {processor.py:836} INFO - DAG(s) dict_keys(['example_branch_python_operator_decorator']) retrieved from /Library/Frameworks/Python.framework/Versions/3.11/lib/python3.11/site-packages/airflow/example_dags/example_branch_operator_decorator.py
[2023-06-16T11:07:24.839+0700] {logging_mixin.py:149} INFO - [2023-06-16T11:07:24.839+0700] {dag.py:2726} INFO - Sync 1 DAGs
[2023-06-16T11:07:24.865+0700] {logging_mixin.py:149} INFO - [2023-06-16T11:07:24.865+0700] {dag.py:3486} INFO - Setting next_dagrun for example_branch_python_operator_decorator to 2023-06-15T00:00:00+00:00, run_after=2023-06-16T00:00:00+00:00
[2023-06-16T11:07:24.888+0700] {processor.py:179} INFO - Processing /Library/Frameworks/Python.framework/Versions/3.11/lib/python3.11/site-packages/airflow/example_dags/example_branch_operator_decorator.py took 1.664 seconds
[2023-06-16T11:14:16.973+0700] {processor.py:157} INFO - Started process (PID=90482) to work on /Library/Frameworks/Python.framework/Versions/3.11/lib/python3.11/site-packages/airflow/example_dags/example_branch_operator_decorator.py
[2023-06-16T11:14:16.974+0700] {processor.py:826} INFO - Processing file /Library/Frameworks/Python.framework/Versions/3.11/lib/python3.11/site-packages/airflow/example_dags/example_branch_operator_decorator.py for tasks to queue
[2023-06-16T11:14:16.975+0700] {logging_mixin.py:149} INFO - [2023-06-16T11:14:16.974+0700] {dagbag.py:541} INFO - Filling up the DagBag from /Library/Frameworks/Python.framework/Versions/3.11/lib/python3.11/site-packages/airflow/example_dags/example_branch_operator_decorator.py
[2023-06-16T11:14:17.141+0700] {processor.py:836} INFO - DAG(s) dict_keys(['example_branch_python_operator_decorator']) retrieved from /Library/Frameworks/Python.framework/Versions/3.11/lib/python3.11/site-packages/airflow/example_dags/example_branch_operator_decorator.py
[2023-06-16T11:14:18.316+0700] {logging_mixin.py:149} INFO - [2023-06-16T11:14:18.315+0700] {dag.py:2726} INFO - Sync 1 DAGs
[2023-06-16T11:14:18.358+0700] {logging_mixin.py:149} INFO - [2023-06-16T11:14:18.358+0700] {dag.py:3486} INFO - Setting next_dagrun for example_branch_python_operator_decorator to 2023-06-15T00:00:00+00:00, run_after=2023-06-16T00:00:00+00:00
[2023-06-16T11:14:18.383+0700] {processor.py:179} INFO - Processing /Library/Frameworks/Python.framework/Versions/3.11/lib/python3.11/site-packages/airflow/example_dags/example_branch_operator_decorator.py took 1.411 seconds
[2023-06-16T11:20:38.895+0700] {processor.py:157} INFO - Started process (PID=91291) to work on /Library/Frameworks/Python.framework/Versions/3.11/lib/python3.11/site-packages/airflow/example_dags/example_branch_operator_decorator.py
[2023-06-16T11:20:38.896+0700] {processor.py:826} INFO - Processing file /Library/Frameworks/Python.framework/Versions/3.11/lib/python3.11/site-packages/airflow/example_dags/example_branch_operator_decorator.py for tasks to queue
[2023-06-16T11:20:38.896+0700] {logging_mixin.py:149} INFO - [2023-06-16T11:20:38.896+0700] {dagbag.py:541} INFO - Filling up the DagBag from /Library/Frameworks/Python.framework/Versions/3.11/lib/python3.11/site-packages/airflow/example_dags/example_branch_operator_decorator.py
[2023-06-16T11:20:38.960+0700] {processor.py:836} INFO - DAG(s) dict_keys(['example_branch_python_operator_decorator']) retrieved from /Library/Frameworks/Python.framework/Versions/3.11/lib/python3.11/site-packages/airflow/example_dags/example_branch_operator_decorator.py
[2023-06-16T11:20:39.999+0700] {logging_mixin.py:149} INFO - [2023-06-16T11:20:39.999+0700] {dag.py:2726} INFO - Sync 1 DAGs
[2023-06-16T11:20:40.020+0700] {logging_mixin.py:149} INFO - [2023-06-16T11:20:40.020+0700] {dag.py:3486} INFO - Setting next_dagrun for example_branch_python_operator_decorator to 2023-06-15T00:00:00+00:00, run_after=2023-06-16T00:00:00+00:00
[2023-06-16T11:20:40.038+0700] {processor.py:179} INFO - Processing /Library/Frameworks/Python.framework/Versions/3.11/lib/python3.11/site-packages/airflow/example_dags/example_branch_operator_decorator.py took 1.144 seconds
[2023-06-16T11:30:55.000+0700] {processor.py:157} INFO - Started process (PID=92619) to work on /Library/Frameworks/Python.framework/Versions/3.11/lib/python3.11/site-packages/airflow/example_dags/example_branch_operator_decorator.py
[2023-06-16T11:30:55.002+0700] {processor.py:826} INFO - Processing file /Library/Frameworks/Python.framework/Versions/3.11/lib/python3.11/site-packages/airflow/example_dags/example_branch_operator_decorator.py for tasks to queue
[2023-06-16T11:30:55.002+0700] {logging_mixin.py:149} INFO - [2023-06-16T11:30:55.002+0700] {dagbag.py:541} INFO - Filling up the DagBag from /Library/Frameworks/Python.framework/Versions/3.11/lib/python3.11/site-packages/airflow/example_dags/example_branch_operator_decorator.py
[2023-06-16T11:30:55.065+0700] {processor.py:836} INFO - DAG(s) dict_keys(['example_branch_python_operator_decorator']) retrieved from /Library/Frameworks/Python.framework/Versions/3.11/lib/python3.11/site-packages/airflow/example_dags/example_branch_operator_decorator.py
[2023-06-16T11:30:56.486+0700] {logging_mixin.py:149} INFO - [2023-06-16T11:30:56.486+0700] {dag.py:2726} INFO - Sync 1 DAGs
[2023-06-16T11:30:56.509+0700] {logging_mixin.py:149} INFO - [2023-06-16T11:30:56.509+0700] {dag.py:3486} INFO - Setting next_dagrun for example_branch_python_operator_decorator to 2023-06-15T00:00:00+00:00, run_after=2023-06-16T00:00:00+00:00
[2023-06-16T11:30:56.530+0700] {processor.py:179} INFO - Processing /Library/Frameworks/Python.framework/Versions/3.11/lib/python3.11/site-packages/airflow/example_dags/example_branch_operator_decorator.py took 1.532 seconds
[2023-06-16T11:34:48.082+0700] {processor.py:157} INFO - Started process (PID=93116) to work on /Library/Frameworks/Python.framework/Versions/3.11/lib/python3.11/site-packages/airflow/example_dags/example_branch_operator_decorator.py
[2023-06-16T11:34:48.083+0700] {processor.py:826} INFO - Processing file /Library/Frameworks/Python.framework/Versions/3.11/lib/python3.11/site-packages/airflow/example_dags/example_branch_operator_decorator.py for tasks to queue
[2023-06-16T11:34:48.083+0700] {logging_mixin.py:149} INFO - [2023-06-16T11:34:48.083+0700] {dagbag.py:541} INFO - Filling up the DagBag from /Library/Frameworks/Python.framework/Versions/3.11/lib/python3.11/site-packages/airflow/example_dags/example_branch_operator_decorator.py
[2023-06-16T11:34:48.148+0700] {processor.py:836} INFO - DAG(s) dict_keys(['example_branch_python_operator_decorator']) retrieved from /Library/Frameworks/Python.framework/Versions/3.11/lib/python3.11/site-packages/airflow/example_dags/example_branch_operator_decorator.py
[2023-06-16T11:34:49.253+0700] {logging_mixin.py:149} INFO - [2023-06-16T11:34:49.253+0700] {dag.py:2726} INFO - Sync 1 DAGs
[2023-06-16T11:34:49.274+0700] {logging_mixin.py:149} INFO - [2023-06-16T11:34:49.273+0700] {dag.py:3486} INFO - Setting next_dagrun for example_branch_python_operator_decorator to 2023-06-15T00:00:00+00:00, run_after=2023-06-16T00:00:00+00:00
[2023-06-16T11:34:49.295+0700] {processor.py:179} INFO - Processing /Library/Frameworks/Python.framework/Versions/3.11/lib/python3.11/site-packages/airflow/example_dags/example_branch_operator_decorator.py took 1.214 seconds
[2023-06-16T11:40:18.584+0700] {processor.py:157} INFO - Started process (PID=94141) to work on /Library/Frameworks/Python.framework/Versions/3.11/lib/python3.11/site-packages/airflow/example_dags/example_branch_operator_decorator.py
[2023-06-16T11:40:18.585+0700] {processor.py:826} INFO - Processing file /Library/Frameworks/Python.framework/Versions/3.11/lib/python3.11/site-packages/airflow/example_dags/example_branch_operator_decorator.py for tasks to queue
[2023-06-16T11:40:18.586+0700] {logging_mixin.py:149} INFO - [2023-06-16T11:40:18.586+0700] {dagbag.py:541} INFO - Filling up the DagBag from /Library/Frameworks/Python.framework/Versions/3.11/lib/python3.11/site-packages/airflow/example_dags/example_branch_operator_decorator.py
[2023-06-16T11:40:18.664+0700] {processor.py:836} INFO - DAG(s) dict_keys(['example_branch_python_operator_decorator']) retrieved from /Library/Frameworks/Python.framework/Versions/3.11/lib/python3.11/site-packages/airflow/example_dags/example_branch_operator_decorator.py
[2023-06-16T11:40:19.917+0700] {logging_mixin.py:149} INFO - [2023-06-16T11:40:19.917+0700] {dag.py:2726} INFO - Sync 1 DAGs
[2023-06-16T11:40:19.937+0700] {logging_mixin.py:149} INFO - [2023-06-16T11:40:19.937+0700] {dag.py:3486} INFO - Setting next_dagrun for example_branch_python_operator_decorator to 2023-06-15T00:00:00+00:00, run_after=2023-06-16T00:00:00+00:00
[2023-06-16T11:40:19.958+0700] {processor.py:179} INFO - Processing /Library/Frameworks/Python.framework/Versions/3.11/lib/python3.11/site-packages/airflow/example_dags/example_branch_operator_decorator.py took 1.375 seconds
[2023-06-16T11:46:01.866+0700] {processor.py:157} INFO - Started process (PID=94889) to work on /Library/Frameworks/Python.framework/Versions/3.11/lib/python3.11/site-packages/airflow/example_dags/example_branch_operator_decorator.py
[2023-06-16T11:46:01.867+0700] {processor.py:826} INFO - Processing file /Library/Frameworks/Python.framework/Versions/3.11/lib/python3.11/site-packages/airflow/example_dags/example_branch_operator_decorator.py for tasks to queue
[2023-06-16T11:46:01.867+0700] {logging_mixin.py:149} INFO - [2023-06-16T11:46:01.867+0700] {dagbag.py:541} INFO - Filling up the DagBag from /Library/Frameworks/Python.framework/Versions/3.11/lib/python3.11/site-packages/airflow/example_dags/example_branch_operator_decorator.py
[2023-06-16T11:46:01.941+0700] {processor.py:836} INFO - DAG(s) dict_keys(['example_branch_python_operator_decorator']) retrieved from /Library/Frameworks/Python.framework/Versions/3.11/lib/python3.11/site-packages/airflow/example_dags/example_branch_operator_decorator.py
[2023-06-16T11:46:03.077+0700] {logging_mixin.py:149} INFO - [2023-06-16T11:46:03.077+0700] {dag.py:2726} INFO - Sync 1 DAGs
[2023-06-16T11:46:03.097+0700] {logging_mixin.py:149} INFO - [2023-06-16T11:46:03.096+0700] {dag.py:3486} INFO - Setting next_dagrun for example_branch_python_operator_decorator to 2023-06-15T00:00:00+00:00, run_after=2023-06-16T00:00:00+00:00
[2023-06-16T11:46:03.117+0700] {processor.py:179} INFO - Processing /Library/Frameworks/Python.framework/Versions/3.11/lib/python3.11/site-packages/airflow/example_dags/example_branch_operator_decorator.py took 1.252 seconds
[2023-06-16T11:51:22.088+0700] {processor.py:157} INFO - Started process (PID=95480) to work on /Library/Frameworks/Python.framework/Versions/3.11/lib/python3.11/site-packages/airflow/example_dags/example_branch_operator_decorator.py
[2023-06-16T11:51:22.088+0700] {processor.py:826} INFO - Processing file /Library/Frameworks/Python.framework/Versions/3.11/lib/python3.11/site-packages/airflow/example_dags/example_branch_operator_decorator.py for tasks to queue
[2023-06-16T11:51:22.089+0700] {logging_mixin.py:149} INFO - [2023-06-16T11:51:22.089+0700] {dagbag.py:541} INFO - Filling up the DagBag from /Library/Frameworks/Python.framework/Versions/3.11/lib/python3.11/site-packages/airflow/example_dags/example_branch_operator_decorator.py
[2023-06-16T11:51:22.167+0700] {processor.py:836} INFO - DAG(s) dict_keys(['example_branch_python_operator_decorator']) retrieved from /Library/Frameworks/Python.framework/Versions/3.11/lib/python3.11/site-packages/airflow/example_dags/example_branch_operator_decorator.py
[2023-06-16T11:51:23.534+0700] {logging_mixin.py:149} INFO - [2023-06-16T11:51:23.533+0700] {dag.py:2726} INFO - Sync 1 DAGs
[2023-06-16T11:51:23.560+0700] {logging_mixin.py:149} INFO - [2023-06-16T11:51:23.559+0700] {dag.py:3486} INFO - Setting next_dagrun for example_branch_python_operator_decorator to 2023-06-15T00:00:00+00:00, run_after=2023-06-16T00:00:00+00:00
[2023-06-16T11:51:23.587+0700] {processor.py:179} INFO - Processing /Library/Frameworks/Python.framework/Versions/3.11/lib/python3.11/site-packages/airflow/example_dags/example_branch_operator_decorator.py took 1.500 seconds
[2023-06-16T11:55:14.054+0700] {processor.py:157} INFO - Started process (PID=95973) to work on /Library/Frameworks/Python.framework/Versions/3.11/lib/python3.11/site-packages/airflow/example_dags/example_branch_operator_decorator.py
[2023-06-16T11:55:14.056+0700] {processor.py:826} INFO - Processing file /Library/Frameworks/Python.framework/Versions/3.11/lib/python3.11/site-packages/airflow/example_dags/example_branch_operator_decorator.py for tasks to queue
[2023-06-16T11:55:14.056+0700] {logging_mixin.py:149} INFO - [2023-06-16T11:55:14.056+0700] {dagbag.py:541} INFO - Filling up the DagBag from /Library/Frameworks/Python.framework/Versions/3.11/lib/python3.11/site-packages/airflow/example_dags/example_branch_operator_decorator.py
[2023-06-16T11:55:14.122+0700] {processor.py:836} INFO - DAG(s) dict_keys(['example_branch_python_operator_decorator']) retrieved from /Library/Frameworks/Python.framework/Versions/3.11/lib/python3.11/site-packages/airflow/example_dags/example_branch_operator_decorator.py
[2023-06-16T11:55:15.296+0700] {logging_mixin.py:149} INFO - [2023-06-16T11:55:15.295+0700] {dag.py:2726} INFO - Sync 1 DAGs
[2023-06-16T11:55:15.318+0700] {logging_mixin.py:149} INFO - [2023-06-16T11:55:15.318+0700] {dag.py:3486} INFO - Setting next_dagrun for example_branch_python_operator_decorator to 2023-06-15T00:00:00+00:00, run_after=2023-06-16T00:00:00+00:00
[2023-06-16T11:55:15.338+0700] {processor.py:179} INFO - Processing /Library/Frameworks/Python.framework/Versions/3.11/lib/python3.11/site-packages/airflow/example_dags/example_branch_operator_decorator.py took 1.285 seconds
[2023-06-16T12:01:02.586+0700] {processor.py:157} INFO - Started process (PID=96695) to work on /Library/Frameworks/Python.framework/Versions/3.11/lib/python3.11/site-packages/airflow/example_dags/example_branch_operator_decorator.py
[2023-06-16T12:01:02.587+0700] {processor.py:826} INFO - Processing file /Library/Frameworks/Python.framework/Versions/3.11/lib/python3.11/site-packages/airflow/example_dags/example_branch_operator_decorator.py for tasks to queue
[2023-06-16T12:01:02.588+0700] {logging_mixin.py:149} INFO - [2023-06-16T12:01:02.587+0700] {dagbag.py:541} INFO - Filling up the DagBag from /Library/Frameworks/Python.framework/Versions/3.11/lib/python3.11/site-packages/airflow/example_dags/example_branch_operator_decorator.py
[2023-06-16T12:01:02.664+0700] {processor.py:836} INFO - DAG(s) dict_keys(['example_branch_python_operator_decorator']) retrieved from /Library/Frameworks/Python.framework/Versions/3.11/lib/python3.11/site-packages/airflow/example_dags/example_branch_operator_decorator.py
[2023-06-16T12:01:03.945+0700] {logging_mixin.py:149} INFO - [2023-06-16T12:01:03.944+0700] {dag.py:2726} INFO - Sync 1 DAGs
[2023-06-16T12:01:03.986+0700] {logging_mixin.py:149} INFO - [2023-06-16T12:01:03.986+0700] {dag.py:3486} INFO - Setting next_dagrun for example_branch_python_operator_decorator to 2023-06-15T00:00:00+00:00, run_after=2023-06-16T00:00:00+00:00
[2023-06-16T12:01:04.032+0700] {processor.py:179} INFO - Processing /Library/Frameworks/Python.framework/Versions/3.11/lib/python3.11/site-packages/airflow/example_dags/example_branch_operator_decorator.py took 1.446 seconds
[2023-06-16T12:06:18.859+0700] {processor.py:157} INFO - Started process (PID=97421) to work on /Library/Frameworks/Python.framework/Versions/3.11/lib/python3.11/site-packages/airflow/example_dags/example_branch_operator_decorator.py
[2023-06-16T12:06:18.860+0700] {processor.py:826} INFO - Processing file /Library/Frameworks/Python.framework/Versions/3.11/lib/python3.11/site-packages/airflow/example_dags/example_branch_operator_decorator.py for tasks to queue
[2023-06-16T12:06:18.861+0700] {logging_mixin.py:149} INFO - [2023-06-16T12:06:18.861+0700] {dagbag.py:541} INFO - Filling up the DagBag from /Library/Frameworks/Python.framework/Versions/3.11/lib/python3.11/site-packages/airflow/example_dags/example_branch_operator_decorator.py
[2023-06-16T12:06:18.924+0700] {processor.py:836} INFO - DAG(s) dict_keys(['example_branch_python_operator_decorator']) retrieved from /Library/Frameworks/Python.framework/Versions/3.11/lib/python3.11/site-packages/airflow/example_dags/example_branch_operator_decorator.py
[2023-06-16T12:06:19.994+0700] {logging_mixin.py:149} INFO - [2023-06-16T12:06:19.994+0700] {dag.py:2726} INFO - Sync 1 DAGs
[2023-06-16T12:06:20.013+0700] {logging_mixin.py:149} INFO - [2023-06-16T12:06:20.013+0700] {dag.py:3486} INFO - Setting next_dagrun for example_branch_python_operator_decorator to 2023-06-15T00:00:00+00:00, run_after=2023-06-16T00:00:00+00:00
[2023-06-16T12:06:20.040+0700] {processor.py:179} INFO - Processing /Library/Frameworks/Python.framework/Versions/3.11/lib/python3.11/site-packages/airflow/example_dags/example_branch_operator_decorator.py took 1.181 seconds
[2023-06-16T12:11:00.446+0700] {processor.py:157} INFO - Started process (PID=98059) to work on /Library/Frameworks/Python.framework/Versions/3.11/lib/python3.11/site-packages/airflow/example_dags/example_branch_operator_decorator.py
[2023-06-16T12:11:00.448+0700] {processor.py:826} INFO - Processing file /Library/Frameworks/Python.framework/Versions/3.11/lib/python3.11/site-packages/airflow/example_dags/example_branch_operator_decorator.py for tasks to queue
[2023-06-16T12:11:00.449+0700] {logging_mixin.py:149} INFO - [2023-06-16T12:11:00.449+0700] {dagbag.py:541} INFO - Filling up the DagBag from /Library/Frameworks/Python.framework/Versions/3.11/lib/python3.11/site-packages/airflow/example_dags/example_branch_operator_decorator.py
[2023-06-16T12:11:00.518+0700] {processor.py:836} INFO - DAG(s) dict_keys(['example_branch_python_operator_decorator']) retrieved from /Library/Frameworks/Python.framework/Versions/3.11/lib/python3.11/site-packages/airflow/example_dags/example_branch_operator_decorator.py
[2023-06-16T12:11:01.691+0700] {logging_mixin.py:149} INFO - [2023-06-16T12:11:01.691+0700] {dag.py:2726} INFO - Sync 1 DAGs
[2023-06-16T12:11:01.712+0700] {logging_mixin.py:149} INFO - [2023-06-16T12:11:01.712+0700] {dag.py:3486} INFO - Setting next_dagrun for example_branch_python_operator_decorator to 2023-06-15T00:00:00+00:00, run_after=2023-06-16T00:00:00+00:00
[2023-06-16T12:11:01.731+0700] {processor.py:179} INFO - Processing /Library/Frameworks/Python.framework/Versions/3.11/lib/python3.11/site-packages/airflow/example_dags/example_branch_operator_decorator.py took 1.285 seconds
[2023-06-16T12:16:03.040+0700] {processor.py:157} INFO - Started process (PID=98675) to work on /Library/Frameworks/Python.framework/Versions/3.11/lib/python3.11/site-packages/airflow/example_dags/example_branch_operator_decorator.py
[2023-06-16T12:16:03.042+0700] {processor.py:826} INFO - Processing file /Library/Frameworks/Python.framework/Versions/3.11/lib/python3.11/site-packages/airflow/example_dags/example_branch_operator_decorator.py for tasks to queue
[2023-06-16T12:16:03.043+0700] {logging_mixin.py:149} INFO - [2023-06-16T12:16:03.043+0700] {dagbag.py:541} INFO - Filling up the DagBag from /Library/Frameworks/Python.framework/Versions/3.11/lib/python3.11/site-packages/airflow/example_dags/example_branch_operator_decorator.py
[2023-06-16T12:16:03.126+0700] {processor.py:836} INFO - DAG(s) dict_keys(['example_branch_python_operator_decorator']) retrieved from /Library/Frameworks/Python.framework/Versions/3.11/lib/python3.11/site-packages/airflow/example_dags/example_branch_operator_decorator.py
[2023-06-16T12:16:04.320+0700] {logging_mixin.py:149} INFO - [2023-06-16T12:16:04.320+0700] {dag.py:2726} INFO - Sync 1 DAGs
[2023-06-16T12:16:04.342+0700] {logging_mixin.py:149} INFO - [2023-06-16T12:16:04.342+0700] {dag.py:3486} INFO - Setting next_dagrun for example_branch_python_operator_decorator to 2023-06-15T00:00:00+00:00, run_after=2023-06-16T00:00:00+00:00
[2023-06-16T12:16:04.359+0700] {processor.py:179} INFO - Processing /Library/Frameworks/Python.framework/Versions/3.11/lib/python3.11/site-packages/airflow/example_dags/example_branch_operator_decorator.py took 1.319 seconds
[2023-06-16T12:21:01.689+0700] {processor.py:157} INFO - Started process (PID=99307) to work on /Library/Frameworks/Python.framework/Versions/3.11/lib/python3.11/site-packages/airflow/example_dags/example_branch_operator_decorator.py
[2023-06-16T12:21:01.701+0700] {processor.py:826} INFO - Processing file /Library/Frameworks/Python.framework/Versions/3.11/lib/python3.11/site-packages/airflow/example_dags/example_branch_operator_decorator.py for tasks to queue
[2023-06-16T12:21:01.701+0700] {logging_mixin.py:149} INFO - [2023-06-16T12:21:01.701+0700] {dagbag.py:541} INFO - Filling up the DagBag from /Library/Frameworks/Python.framework/Versions/3.11/lib/python3.11/site-packages/airflow/example_dags/example_branch_operator_decorator.py
[2023-06-16T12:21:01.766+0700] {processor.py:836} INFO - DAG(s) dict_keys(['example_branch_python_operator_decorator']) retrieved from /Library/Frameworks/Python.framework/Versions/3.11/lib/python3.11/site-packages/airflow/example_dags/example_branch_operator_decorator.py
[2023-06-16T12:21:02.963+0700] {logging_mixin.py:149} INFO - [2023-06-16T12:21:02.962+0700] {dag.py:2726} INFO - Sync 1 DAGs
[2023-06-16T12:21:02.993+0700] {logging_mixin.py:149} INFO - [2023-06-16T12:21:02.993+0700] {dag.py:3486} INFO - Setting next_dagrun for example_branch_python_operator_decorator to 2023-06-15T00:00:00+00:00, run_after=2023-06-16T00:00:00+00:00
[2023-06-16T12:21:03.019+0700] {processor.py:179} INFO - Processing /Library/Frameworks/Python.framework/Versions/3.11/lib/python3.11/site-packages/airflow/example_dags/example_branch_operator_decorator.py took 1.331 seconds
[2023-06-16T12:26:58.339+0700] {processor.py:157} INFO - Started process (PID=199) to work on /Library/Frameworks/Python.framework/Versions/3.11/lib/python3.11/site-packages/airflow/example_dags/example_branch_operator_decorator.py
[2023-06-16T12:26:58.341+0700] {processor.py:826} INFO - Processing file /Library/Frameworks/Python.framework/Versions/3.11/lib/python3.11/site-packages/airflow/example_dags/example_branch_operator_decorator.py for tasks to queue
[2023-06-16T12:26:58.342+0700] {logging_mixin.py:149} INFO - [2023-06-16T12:26:58.342+0700] {dagbag.py:541} INFO - Filling up the DagBag from /Library/Frameworks/Python.framework/Versions/3.11/lib/python3.11/site-packages/airflow/example_dags/example_branch_operator_decorator.py
[2023-06-16T12:26:58.417+0700] {processor.py:836} INFO - DAG(s) dict_keys(['example_branch_python_operator_decorator']) retrieved from /Library/Frameworks/Python.framework/Versions/3.11/lib/python3.11/site-packages/airflow/example_dags/example_branch_operator_decorator.py
[2023-06-16T12:26:59.721+0700] {logging_mixin.py:149} INFO - [2023-06-16T12:26:59.720+0700] {dag.py:2726} INFO - Sync 1 DAGs
[2023-06-16T12:26:59.744+0700] {logging_mixin.py:149} INFO - [2023-06-16T12:26:59.744+0700] {dag.py:3486} INFO - Setting next_dagrun for example_branch_python_operator_decorator to 2023-06-15T00:00:00+00:00, run_after=2023-06-16T00:00:00+00:00
[2023-06-16T12:26:59.767+0700] {processor.py:179} INFO - Processing /Library/Frameworks/Python.framework/Versions/3.11/lib/python3.11/site-packages/airflow/example_dags/example_branch_operator_decorator.py took 1.429 seconds
[2023-06-16T12:32:10.721+0700] {processor.py:157} INFO - Started process (PID=1230) to work on /Library/Frameworks/Python.framework/Versions/3.11/lib/python3.11/site-packages/airflow/example_dags/example_branch_operator_decorator.py
[2023-06-16T12:32:10.722+0700] {processor.py:826} INFO - Processing file /Library/Frameworks/Python.framework/Versions/3.11/lib/python3.11/site-packages/airflow/example_dags/example_branch_operator_decorator.py for tasks to queue
[2023-06-16T12:32:10.723+0700] {logging_mixin.py:149} INFO - [2023-06-16T12:32:10.722+0700] {dagbag.py:541} INFO - Filling up the DagBag from /Library/Frameworks/Python.framework/Versions/3.11/lib/python3.11/site-packages/airflow/example_dags/example_branch_operator_decorator.py
[2023-06-16T12:32:10.794+0700] {processor.py:836} INFO - DAG(s) dict_keys(['example_branch_python_operator_decorator']) retrieved from /Library/Frameworks/Python.framework/Versions/3.11/lib/python3.11/site-packages/airflow/example_dags/example_branch_operator_decorator.py
[2023-06-16T12:32:12.008+0700] {logging_mixin.py:149} INFO - [2023-06-16T12:32:12.007+0700] {dag.py:2726} INFO - Sync 1 DAGs
[2023-06-16T12:32:12.031+0700] {logging_mixin.py:149} INFO - [2023-06-16T12:32:12.031+0700] {dag.py:3486} INFO - Setting next_dagrun for example_branch_python_operator_decorator to 2023-06-15T00:00:00+00:00, run_after=2023-06-16T00:00:00+00:00
[2023-06-16T12:32:12.054+0700] {processor.py:179} INFO - Processing /Library/Frameworks/Python.framework/Versions/3.11/lib/python3.11/site-packages/airflow/example_dags/example_branch_operator_decorator.py took 1.334 seconds
[2023-06-16T12:37:20.803+0700] {processor.py:157} INFO - Started process (PID=2018) to work on /Library/Frameworks/Python.framework/Versions/3.11/lib/python3.11/site-packages/airflow/example_dags/example_branch_operator_decorator.py
[2023-06-16T12:37:20.803+0700] {processor.py:826} INFO - Processing file /Library/Frameworks/Python.framework/Versions/3.11/lib/python3.11/site-packages/airflow/example_dags/example_branch_operator_decorator.py for tasks to queue
[2023-06-16T12:37:20.804+0700] {logging_mixin.py:149} INFO - [2023-06-16T12:37:20.804+0700] {dagbag.py:541} INFO - Filling up the DagBag from /Library/Frameworks/Python.framework/Versions/3.11/lib/python3.11/site-packages/airflow/example_dags/example_branch_operator_decorator.py
[2023-06-16T12:37:20.863+0700] {processor.py:836} INFO - DAG(s) dict_keys(['example_branch_python_operator_decorator']) retrieved from /Library/Frameworks/Python.framework/Versions/3.11/lib/python3.11/site-packages/airflow/example_dags/example_branch_operator_decorator.py
[2023-06-16T12:37:22.137+0700] {logging_mixin.py:149} INFO - [2023-06-16T12:37:22.136+0700] {dag.py:2726} INFO - Sync 1 DAGs
[2023-06-16T12:37:22.160+0700] {logging_mixin.py:149} INFO - [2023-06-16T12:37:22.160+0700] {dag.py:3486} INFO - Setting next_dagrun for example_branch_python_operator_decorator to 2023-06-15T00:00:00+00:00, run_after=2023-06-16T00:00:00+00:00
[2023-06-16T12:37:22.183+0700] {processor.py:179} INFO - Processing /Library/Frameworks/Python.framework/Versions/3.11/lib/python3.11/site-packages/airflow/example_dags/example_branch_operator_decorator.py took 1.382 seconds
[2023-06-16T12:43:34.633+0700] {processor.py:157} INFO - Started process (PID=2944) to work on /Library/Frameworks/Python.framework/Versions/3.11/lib/python3.11/site-packages/airflow/example_dags/example_branch_operator_decorator.py
[2023-06-16T12:43:34.634+0700] {processor.py:826} INFO - Processing file /Library/Frameworks/Python.framework/Versions/3.11/lib/python3.11/site-packages/airflow/example_dags/example_branch_operator_decorator.py for tasks to queue
[2023-06-16T12:43:34.635+0700] {logging_mixin.py:149} INFO - [2023-06-16T12:43:34.635+0700] {dagbag.py:541} INFO - Filling up the DagBag from /Library/Frameworks/Python.framework/Versions/3.11/lib/python3.11/site-packages/airflow/example_dags/example_branch_operator_decorator.py
[2023-06-16T12:43:34.722+0700] {processor.py:836} INFO - DAG(s) dict_keys(['example_branch_python_operator_decorator']) retrieved from /Library/Frameworks/Python.framework/Versions/3.11/lib/python3.11/site-packages/airflow/example_dags/example_branch_operator_decorator.py
[2023-06-16T12:43:36.007+0700] {logging_mixin.py:149} INFO - [2023-06-16T12:43:36.006+0700] {dag.py:2726} INFO - Sync 1 DAGs
[2023-06-16T12:43:36.027+0700] {logging_mixin.py:149} INFO - [2023-06-16T12:43:36.027+0700] {dag.py:3486} INFO - Setting next_dagrun for example_branch_python_operator_decorator to 2023-06-15T00:00:00+00:00, run_after=2023-06-16T00:00:00+00:00
[2023-06-16T12:43:36.047+0700] {processor.py:179} INFO - Processing /Library/Frameworks/Python.framework/Versions/3.11/lib/python3.11/site-packages/airflow/example_dags/example_branch_operator_decorator.py took 1.416 seconds
[2023-06-16T12:49:53.732+0700] {processor.py:157} INFO - Started process (PID=3814) to work on /Library/Frameworks/Python.framework/Versions/3.11/lib/python3.11/site-packages/airflow/example_dags/example_branch_operator_decorator.py
[2023-06-16T12:49:53.733+0700] {processor.py:826} INFO - Processing file /Library/Frameworks/Python.framework/Versions/3.11/lib/python3.11/site-packages/airflow/example_dags/example_branch_operator_decorator.py for tasks to queue
[2023-06-16T12:49:53.734+0700] {logging_mixin.py:149} INFO - [2023-06-16T12:49:53.734+0700] {dagbag.py:541} INFO - Filling up the DagBag from /Library/Frameworks/Python.framework/Versions/3.11/lib/python3.11/site-packages/airflow/example_dags/example_branch_operator_decorator.py
[2023-06-16T12:49:53.802+0700] {processor.py:836} INFO - DAG(s) dict_keys(['example_branch_python_operator_decorator']) retrieved from /Library/Frameworks/Python.framework/Versions/3.11/lib/python3.11/site-packages/airflow/example_dags/example_branch_operator_decorator.py
[2023-06-16T12:49:55.133+0700] {logging_mixin.py:149} INFO - [2023-06-16T12:49:55.133+0700] {dag.py:2726} INFO - Sync 1 DAGs
[2023-06-16T12:49:55.154+0700] {logging_mixin.py:149} INFO - [2023-06-16T12:49:55.154+0700] {dag.py:3486} INFO - Setting next_dagrun for example_branch_python_operator_decorator to 2023-06-15T00:00:00+00:00, run_after=2023-06-16T00:00:00+00:00
[2023-06-16T12:49:55.173+0700] {processor.py:179} INFO - Processing /Library/Frameworks/Python.framework/Versions/3.11/lib/python3.11/site-packages/airflow/example_dags/example_branch_operator_decorator.py took 1.442 seconds
[2023-06-16T12:55:01.587+0700] {processor.py:157} INFO - Started process (PID=4513) to work on /Library/Frameworks/Python.framework/Versions/3.11/lib/python3.11/site-packages/airflow/example_dags/example_branch_operator_decorator.py
[2023-06-16T12:55:01.589+0700] {processor.py:826} INFO - Processing file /Library/Frameworks/Python.framework/Versions/3.11/lib/python3.11/site-packages/airflow/example_dags/example_branch_operator_decorator.py for tasks to queue
[2023-06-16T12:55:01.590+0700] {logging_mixin.py:149} INFO - [2023-06-16T12:55:01.590+0700] {dagbag.py:541} INFO - Filling up the DagBag from /Library/Frameworks/Python.framework/Versions/3.11/lib/python3.11/site-packages/airflow/example_dags/example_branch_operator_decorator.py
[2023-06-16T12:55:01.798+0700] {processor.py:836} INFO - DAG(s) dict_keys(['example_branch_python_operator_decorator']) retrieved from /Library/Frameworks/Python.framework/Versions/3.11/lib/python3.11/site-packages/airflow/example_dags/example_branch_operator_decorator.py
[2023-06-16T12:55:03.138+0700] {logging_mixin.py:149} INFO - [2023-06-16T12:55:03.138+0700] {dag.py:2726} INFO - Sync 1 DAGs
[2023-06-16T12:55:03.165+0700] {logging_mixin.py:149} INFO - [2023-06-16T12:55:03.165+0700] {dag.py:3486} INFO - Setting next_dagrun for example_branch_python_operator_decorator to 2023-06-15T00:00:00+00:00, run_after=2023-06-16T00:00:00+00:00
[2023-06-16T12:55:03.188+0700] {processor.py:179} INFO - Processing /Library/Frameworks/Python.framework/Versions/3.11/lib/python3.11/site-packages/airflow/example_dags/example_branch_operator_decorator.py took 1.602 seconds
[2023-06-16T13:00:16.461+0700] {processor.py:157} INFO - Started process (PID=5389) to work on /Library/Frameworks/Python.framework/Versions/3.11/lib/python3.11/site-packages/airflow/example_dags/example_branch_operator_decorator.py
[2023-06-16T13:00:16.462+0700] {processor.py:826} INFO - Processing file /Library/Frameworks/Python.framework/Versions/3.11/lib/python3.11/site-packages/airflow/example_dags/example_branch_operator_decorator.py for tasks to queue
[2023-06-16T13:00:16.463+0700] {logging_mixin.py:149} INFO - [2023-06-16T13:00:16.462+0700] {dagbag.py:541} INFO - Filling up the DagBag from /Library/Frameworks/Python.framework/Versions/3.11/lib/python3.11/site-packages/airflow/example_dags/example_branch_operator_decorator.py
[2023-06-16T13:00:16.535+0700] {processor.py:836} INFO - DAG(s) dict_keys(['example_branch_python_operator_decorator']) retrieved from /Library/Frameworks/Python.framework/Versions/3.11/lib/python3.11/site-packages/airflow/example_dags/example_branch_operator_decorator.py
[2023-06-16T13:00:17.999+0700] {logging_mixin.py:149} INFO - [2023-06-16T13:00:17.999+0700] {dag.py:2726} INFO - Sync 1 DAGs
[2023-06-16T13:00:18.028+0700] {logging_mixin.py:149} INFO - [2023-06-16T13:00:18.027+0700] {dag.py:3486} INFO - Setting next_dagrun for example_branch_python_operator_decorator to 2023-06-15T00:00:00+00:00, run_after=2023-06-16T00:00:00+00:00
[2023-06-16T13:00:18.060+0700] {processor.py:179} INFO - Processing /Library/Frameworks/Python.framework/Versions/3.11/lib/python3.11/site-packages/airflow/example_dags/example_branch_operator_decorator.py took 1.600 seconds
[2023-06-16T13:05:50.688+0700] {processor.py:157} INFO - Started process (PID=6174) to work on /Library/Frameworks/Python.framework/Versions/3.11/lib/python3.11/site-packages/airflow/example_dags/example_branch_operator_decorator.py
[2023-06-16T13:05:50.690+0700] {processor.py:826} INFO - Processing file /Library/Frameworks/Python.framework/Versions/3.11/lib/python3.11/site-packages/airflow/example_dags/example_branch_operator_decorator.py for tasks to queue
[2023-06-16T13:05:50.691+0700] {logging_mixin.py:149} INFO - [2023-06-16T13:05:50.690+0700] {dagbag.py:541} INFO - Filling up the DagBag from /Library/Frameworks/Python.framework/Versions/3.11/lib/python3.11/site-packages/airflow/example_dags/example_branch_operator_decorator.py
[2023-06-16T13:05:50.754+0700] {processor.py:836} INFO - DAG(s) dict_keys(['example_branch_python_operator_decorator']) retrieved from /Library/Frameworks/Python.framework/Versions/3.11/lib/python3.11/site-packages/airflow/example_dags/example_branch_operator_decorator.py
[2023-06-16T13:05:51.948+0700] {logging_mixin.py:149} INFO - [2023-06-16T13:05:51.948+0700] {dag.py:2726} INFO - Sync 1 DAGs
[2023-06-16T13:05:51.970+0700] {logging_mixin.py:149} INFO - [2023-06-16T13:05:51.970+0700] {dag.py:3486} INFO - Setting next_dagrun for example_branch_python_operator_decorator to 2023-06-15T00:00:00+00:00, run_after=2023-06-16T00:00:00+00:00
[2023-06-16T13:05:51.994+0700] {processor.py:179} INFO - Processing /Library/Frameworks/Python.framework/Versions/3.11/lib/python3.11/site-packages/airflow/example_dags/example_branch_operator_decorator.py took 1.306 seconds
[2023-06-16T13:11:02.073+0700] {processor.py:157} INFO - Started process (PID=6899) to work on /Library/Frameworks/Python.framework/Versions/3.11/lib/python3.11/site-packages/airflow/example_dags/example_branch_operator_decorator.py
[2023-06-16T13:11:02.075+0700] {processor.py:826} INFO - Processing file /Library/Frameworks/Python.framework/Versions/3.11/lib/python3.11/site-packages/airflow/example_dags/example_branch_operator_decorator.py for tasks to queue
[2023-06-16T13:11:02.075+0700] {logging_mixin.py:149} INFO - [2023-06-16T13:11:02.075+0700] {dagbag.py:541} INFO - Filling up the DagBag from /Library/Frameworks/Python.framework/Versions/3.11/lib/python3.11/site-packages/airflow/example_dags/example_branch_operator_decorator.py
[2023-06-16T13:11:02.159+0700] {processor.py:836} INFO - DAG(s) dict_keys(['example_branch_python_operator_decorator']) retrieved from /Library/Frameworks/Python.framework/Versions/3.11/lib/python3.11/site-packages/airflow/example_dags/example_branch_operator_decorator.py
[2023-06-16T13:11:03.647+0700] {logging_mixin.py:149} INFO - [2023-06-16T13:11:03.647+0700] {dag.py:2726} INFO - Sync 1 DAGs
[2023-06-16T13:11:03.676+0700] {logging_mixin.py:149} INFO - [2023-06-16T13:11:03.675+0700] {dag.py:3486} INFO - Setting next_dagrun for example_branch_python_operator_decorator to 2023-06-15T00:00:00+00:00, run_after=2023-06-16T00:00:00+00:00
[2023-06-16T13:11:03.700+0700] {processor.py:179} INFO - Processing /Library/Frameworks/Python.framework/Versions/3.11/lib/python3.11/site-packages/airflow/example_dags/example_branch_operator_decorator.py took 1.628 seconds
[2023-06-16T13:16:55.284+0700] {processor.py:157} INFO - Started process (PID=7792) to work on /Library/Frameworks/Python.framework/Versions/3.11/lib/python3.11/site-packages/airflow/example_dags/example_branch_operator_decorator.py
[2023-06-16T13:16:55.286+0700] {processor.py:826} INFO - Processing file /Library/Frameworks/Python.framework/Versions/3.11/lib/python3.11/site-packages/airflow/example_dags/example_branch_operator_decorator.py for tasks to queue
[2023-06-16T13:16:55.286+0700] {logging_mixin.py:149} INFO - [2023-06-16T13:16:55.286+0700] {dagbag.py:541} INFO - Filling up the DagBag from /Library/Frameworks/Python.framework/Versions/3.11/lib/python3.11/site-packages/airflow/example_dags/example_branch_operator_decorator.py
[2023-06-16T13:16:55.350+0700] {processor.py:836} INFO - DAG(s) dict_keys(['example_branch_python_operator_decorator']) retrieved from /Library/Frameworks/Python.framework/Versions/3.11/lib/python3.11/site-packages/airflow/example_dags/example_branch_operator_decorator.py
[2023-06-16T13:16:56.797+0700] {logging_mixin.py:149} INFO - [2023-06-16T13:16:56.796+0700] {dag.py:2726} INFO - Sync 1 DAGs
[2023-06-16T13:16:56.823+0700] {logging_mixin.py:149} INFO - [2023-06-16T13:16:56.822+0700] {dag.py:3486} INFO - Setting next_dagrun for example_branch_python_operator_decorator to 2023-06-15T00:00:00+00:00, run_after=2023-06-16T00:00:00+00:00
[2023-06-16T13:16:56.846+0700] {processor.py:179} INFO - Processing /Library/Frameworks/Python.framework/Versions/3.11/lib/python3.11/site-packages/airflow/example_dags/example_branch_operator_decorator.py took 1.563 seconds
[2023-06-16T13:23:04.431+0700] {processor.py:157} INFO - Started process (PID=8598) to work on /Library/Frameworks/Python.framework/Versions/3.11/lib/python3.11/site-packages/airflow/example_dags/example_branch_operator_decorator.py
[2023-06-16T13:23:04.432+0700] {processor.py:826} INFO - Processing file /Library/Frameworks/Python.framework/Versions/3.11/lib/python3.11/site-packages/airflow/example_dags/example_branch_operator_decorator.py for tasks to queue
[2023-06-16T13:23:04.433+0700] {logging_mixin.py:149} INFO - [2023-06-16T13:23:04.433+0700] {dagbag.py:541} INFO - Filling up the DagBag from /Library/Frameworks/Python.framework/Versions/3.11/lib/python3.11/site-packages/airflow/example_dags/example_branch_operator_decorator.py
[2023-06-16T13:23:04.492+0700] {processor.py:836} INFO - DAG(s) dict_keys(['example_branch_python_operator_decorator']) retrieved from /Library/Frameworks/Python.framework/Versions/3.11/lib/python3.11/site-packages/airflow/example_dags/example_branch_operator_decorator.py
[2023-06-16T13:23:05.518+0700] {logging_mixin.py:149} INFO - [2023-06-16T13:23:05.518+0700] {dag.py:2726} INFO - Sync 1 DAGs
[2023-06-16T13:23:05.537+0700] {logging_mixin.py:149} INFO - [2023-06-16T13:23:05.537+0700] {dag.py:3486} INFO - Setting next_dagrun for example_branch_python_operator_decorator to 2023-06-15T00:00:00+00:00, run_after=2023-06-16T00:00:00+00:00
[2023-06-16T13:23:05.560+0700] {processor.py:179} INFO - Processing /Library/Frameworks/Python.framework/Versions/3.11/lib/python3.11/site-packages/airflow/example_dags/example_branch_operator_decorator.py took 1.130 seconds
[2023-06-16T13:27:52.128+0700] {processor.py:157} INFO - Started process (PID=9218) to work on /Library/Frameworks/Python.framework/Versions/3.11/lib/python3.11/site-packages/airflow/example_dags/example_branch_operator_decorator.py
[2023-06-16T13:27:52.129+0700] {processor.py:826} INFO - Processing file /Library/Frameworks/Python.framework/Versions/3.11/lib/python3.11/site-packages/airflow/example_dags/example_branch_operator_decorator.py for tasks to queue
[2023-06-16T13:27:52.130+0700] {logging_mixin.py:149} INFO - [2023-06-16T13:27:52.130+0700] {dagbag.py:541} INFO - Filling up the DagBag from /Library/Frameworks/Python.framework/Versions/3.11/lib/python3.11/site-packages/airflow/example_dags/example_branch_operator_decorator.py
[2023-06-16T13:27:52.266+0700] {processor.py:836} INFO - DAG(s) dict_keys(['example_branch_python_operator_decorator']) retrieved from /Library/Frameworks/Python.framework/Versions/3.11/lib/python3.11/site-packages/airflow/example_dags/example_branch_operator_decorator.py
[2023-06-16T13:27:53.685+0700] {logging_mixin.py:149} INFO - [2023-06-16T13:27:53.684+0700] {dag.py:2726} INFO - Sync 1 DAGs
[2023-06-16T13:27:53.714+0700] {logging_mixin.py:149} INFO - [2023-06-16T13:27:53.714+0700] {dag.py:3486} INFO - Setting next_dagrun for example_branch_python_operator_decorator to 2023-06-15T00:00:00+00:00, run_after=2023-06-16T00:00:00+00:00
[2023-06-16T13:27:53.739+0700] {processor.py:179} INFO - Processing /Library/Frameworks/Python.framework/Versions/3.11/lib/python3.11/site-packages/airflow/example_dags/example_branch_operator_decorator.py took 1.612 seconds
[2023-06-16T13:32:52.816+0700] {processor.py:157} INFO - Started process (PID=10088) to work on /Library/Frameworks/Python.framework/Versions/3.11/lib/python3.11/site-packages/airflow/example_dags/example_branch_operator_decorator.py
[2023-06-16T13:32:52.818+0700] {processor.py:826} INFO - Processing file /Library/Frameworks/Python.framework/Versions/3.11/lib/python3.11/site-packages/airflow/example_dags/example_branch_operator_decorator.py for tasks to queue
[2023-06-16T13:32:52.819+0700] {logging_mixin.py:149} INFO - [2023-06-16T13:32:52.819+0700] {dagbag.py:541} INFO - Filling up the DagBag from /Library/Frameworks/Python.framework/Versions/3.11/lib/python3.11/site-packages/airflow/example_dags/example_branch_operator_decorator.py
[2023-06-16T13:32:52.893+0700] {processor.py:836} INFO - DAG(s) dict_keys(['example_branch_python_operator_decorator']) retrieved from /Library/Frameworks/Python.framework/Versions/3.11/lib/python3.11/site-packages/airflow/example_dags/example_branch_operator_decorator.py
[2023-06-16T13:32:54.047+0700] {logging_mixin.py:149} INFO - [2023-06-16T13:32:54.047+0700] {dag.py:2726} INFO - Sync 1 DAGs
[2023-06-16T13:32:54.069+0700] {logging_mixin.py:149} INFO - [2023-06-16T13:32:54.069+0700] {dag.py:3486} INFO - Setting next_dagrun for example_branch_python_operator_decorator to 2023-06-15T00:00:00+00:00, run_after=2023-06-16T00:00:00+00:00
[2023-06-16T13:32:54.089+0700] {processor.py:179} INFO - Processing /Library/Frameworks/Python.framework/Versions/3.11/lib/python3.11/site-packages/airflow/example_dags/example_branch_operator_decorator.py took 1.274 seconds
[2023-06-16T13:38:29.971+0700] {processor.py:157} INFO - Started process (PID=10925) to work on /Library/Frameworks/Python.framework/Versions/3.11/lib/python3.11/site-packages/airflow/example_dags/example_branch_operator_decorator.py
[2023-06-16T13:38:29.972+0700] {processor.py:826} INFO - Processing file /Library/Frameworks/Python.framework/Versions/3.11/lib/python3.11/site-packages/airflow/example_dags/example_branch_operator_decorator.py for tasks to queue
[2023-06-16T13:38:29.973+0700] {logging_mixin.py:149} INFO - [2023-06-16T13:38:29.973+0700] {dagbag.py:541} INFO - Filling up the DagBag from /Library/Frameworks/Python.framework/Versions/3.11/lib/python3.11/site-packages/airflow/example_dags/example_branch_operator_decorator.py
[2023-06-16T13:38:30.050+0700] {processor.py:836} INFO - DAG(s) dict_keys(['example_branch_python_operator_decorator']) retrieved from /Library/Frameworks/Python.framework/Versions/3.11/lib/python3.11/site-packages/airflow/example_dags/example_branch_operator_decorator.py
[2023-06-16T13:38:31.232+0700] {logging_mixin.py:149} INFO - [2023-06-16T13:38:31.231+0700] {dag.py:2726} INFO - Sync 1 DAGs
[2023-06-16T13:38:31.258+0700] {logging_mixin.py:149} INFO - [2023-06-16T13:38:31.257+0700] {dag.py:3486} INFO - Setting next_dagrun for example_branch_python_operator_decorator to 2023-06-15T00:00:00+00:00, run_after=2023-06-16T00:00:00+00:00
[2023-06-16T13:38:31.282+0700] {processor.py:179} INFO - Processing /Library/Frameworks/Python.framework/Versions/3.11/lib/python3.11/site-packages/airflow/example_dags/example_branch_operator_decorator.py took 1.313 seconds
[2023-06-16T13:43:47.417+0700] {processor.py:157} INFO - Started process (PID=11564) to work on /Library/Frameworks/Python.framework/Versions/3.11/lib/python3.11/site-packages/airflow/example_dags/example_branch_operator_decorator.py
[2023-06-16T13:43:47.418+0700] {processor.py:826} INFO - Processing file /Library/Frameworks/Python.framework/Versions/3.11/lib/python3.11/site-packages/airflow/example_dags/example_branch_operator_decorator.py for tasks to queue
[2023-06-16T13:43:47.419+0700] {logging_mixin.py:149} INFO - [2023-06-16T13:43:47.419+0700] {dagbag.py:541} INFO - Filling up the DagBag from /Library/Frameworks/Python.framework/Versions/3.11/lib/python3.11/site-packages/airflow/example_dags/example_branch_operator_decorator.py
[2023-06-16T13:43:47.487+0700] {processor.py:836} INFO - DAG(s) dict_keys(['example_branch_python_operator_decorator']) retrieved from /Library/Frameworks/Python.framework/Versions/3.11/lib/python3.11/site-packages/airflow/example_dags/example_branch_operator_decorator.py
[2023-06-16T13:43:48.656+0700] {logging_mixin.py:149} INFO - [2023-06-16T13:43:48.655+0700] {dag.py:2726} INFO - Sync 1 DAGs
[2023-06-16T13:43:48.680+0700] {logging_mixin.py:149} INFO - [2023-06-16T13:43:48.680+0700] {dag.py:3486} INFO - Setting next_dagrun for example_branch_python_operator_decorator to 2023-06-15T00:00:00+00:00, run_after=2023-06-16T00:00:00+00:00
[2023-06-16T13:43:48.701+0700] {processor.py:179} INFO - Processing /Library/Frameworks/Python.framework/Versions/3.11/lib/python3.11/site-packages/airflow/example_dags/example_branch_operator_decorator.py took 1.285 seconds
[2023-06-16T13:49:01.814+0700] {processor.py:157} INFO - Started process (PID=12205) to work on /Library/Frameworks/Python.framework/Versions/3.11/lib/python3.11/site-packages/airflow/example_dags/example_branch_operator_decorator.py
[2023-06-16T13:49:01.815+0700] {processor.py:826} INFO - Processing file /Library/Frameworks/Python.framework/Versions/3.11/lib/python3.11/site-packages/airflow/example_dags/example_branch_operator_decorator.py for tasks to queue
[2023-06-16T13:49:01.816+0700] {logging_mixin.py:149} INFO - [2023-06-16T13:49:01.816+0700] {dagbag.py:541} INFO - Filling up the DagBag from /Library/Frameworks/Python.framework/Versions/3.11/lib/python3.11/site-packages/airflow/example_dags/example_branch_operator_decorator.py
[2023-06-16T13:49:01.873+0700] {processor.py:836} INFO - DAG(s) dict_keys(['example_branch_python_operator_decorator']) retrieved from /Library/Frameworks/Python.framework/Versions/3.11/lib/python3.11/site-packages/airflow/example_dags/example_branch_operator_decorator.py
[2023-06-16T13:49:02.899+0700] {logging_mixin.py:149} INFO - [2023-06-16T13:49:02.898+0700] {dag.py:2726} INFO - Sync 1 DAGs
[2023-06-16T13:49:02.920+0700] {logging_mixin.py:149} INFO - [2023-06-16T13:49:02.920+0700] {dag.py:3486} INFO - Setting next_dagrun for example_branch_python_operator_decorator to 2023-06-15T00:00:00+00:00, run_after=2023-06-16T00:00:00+00:00
[2023-06-16T13:49:02.939+0700] {processor.py:179} INFO - Processing /Library/Frameworks/Python.framework/Versions/3.11/lib/python3.11/site-packages/airflow/example_dags/example_branch_operator_decorator.py took 1.125 seconds
[2023-06-16T13:56:11.918+0700] {processor.py:157} INFO - Started process (PID=13053) to work on /Library/Frameworks/Python.framework/Versions/3.11/lib/python3.11/site-packages/airflow/example_dags/example_branch_operator_decorator.py
[2023-06-16T13:56:11.920+0700] {processor.py:826} INFO - Processing file /Library/Frameworks/Python.framework/Versions/3.11/lib/python3.11/site-packages/airflow/example_dags/example_branch_operator_decorator.py for tasks to queue
[2023-06-16T13:56:11.921+0700] {logging_mixin.py:149} INFO - [2023-06-16T13:56:11.921+0700] {dagbag.py:541} INFO - Filling up the DagBag from /Library/Frameworks/Python.framework/Versions/3.11/lib/python3.11/site-packages/airflow/example_dags/example_branch_operator_decorator.py
[2023-06-16T13:56:11.999+0700] {processor.py:836} INFO - DAG(s) dict_keys(['example_branch_python_operator_decorator']) retrieved from /Library/Frameworks/Python.framework/Versions/3.11/lib/python3.11/site-packages/airflow/example_dags/example_branch_operator_decorator.py
[2023-06-16T13:56:13.099+0700] {logging_mixin.py:149} INFO - [2023-06-16T13:56:13.099+0700] {dag.py:2726} INFO - Sync 1 DAGs
[2023-06-16T13:56:13.119+0700] {logging_mixin.py:149} INFO - [2023-06-16T13:56:13.118+0700] {dag.py:3486} INFO - Setting next_dagrun for example_branch_python_operator_decorator to 2023-06-15T00:00:00+00:00, run_after=2023-06-16T00:00:00+00:00
[2023-06-16T13:56:13.142+0700] {processor.py:179} INFO - Processing /Library/Frameworks/Python.framework/Versions/3.11/lib/python3.11/site-packages/airflow/example_dags/example_branch_operator_decorator.py took 1.225 seconds
[2023-06-16T14:01:18.505+0700] {processor.py:157} INFO - Started process (PID=13662) to work on /Library/Frameworks/Python.framework/Versions/3.11/lib/python3.11/site-packages/airflow/example_dags/example_branch_operator_decorator.py
[2023-06-16T14:01:18.506+0700] {processor.py:826} INFO - Processing file /Library/Frameworks/Python.framework/Versions/3.11/lib/python3.11/site-packages/airflow/example_dags/example_branch_operator_decorator.py for tasks to queue
[2023-06-16T14:01:18.506+0700] {logging_mixin.py:149} INFO - [2023-06-16T14:01:18.506+0700] {dagbag.py:541} INFO - Filling up the DagBag from /Library/Frameworks/Python.framework/Versions/3.11/lib/python3.11/site-packages/airflow/example_dags/example_branch_operator_decorator.py
[2023-06-16T14:01:18.576+0700] {processor.py:836} INFO - DAG(s) dict_keys(['example_branch_python_operator_decorator']) retrieved from /Library/Frameworks/Python.framework/Versions/3.11/lib/python3.11/site-packages/airflow/example_dags/example_branch_operator_decorator.py
[2023-06-16T14:01:19.861+0700] {logging_mixin.py:149} INFO - [2023-06-16T14:01:19.861+0700] {dag.py:2726} INFO - Sync 1 DAGs
[2023-06-16T14:01:19.888+0700] {logging_mixin.py:149} INFO - [2023-06-16T14:01:19.888+0700] {dag.py:3486} INFO - Setting next_dagrun for example_branch_python_operator_decorator to 2023-06-15T00:00:00+00:00, run_after=2023-06-16T00:00:00+00:00
[2023-06-16T14:01:19.920+0700] {processor.py:179} INFO - Processing /Library/Frameworks/Python.framework/Versions/3.11/lib/python3.11/site-packages/airflow/example_dags/example_branch_operator_decorator.py took 1.417 seconds
[2023-06-16T14:06:26.449+0700] {processor.py:157} INFO - Started process (PID=14339) to work on /Library/Frameworks/Python.framework/Versions/3.11/lib/python3.11/site-packages/airflow/example_dags/example_branch_operator_decorator.py
[2023-06-16T14:06:26.451+0700] {processor.py:826} INFO - Processing file /Library/Frameworks/Python.framework/Versions/3.11/lib/python3.11/site-packages/airflow/example_dags/example_branch_operator_decorator.py for tasks to queue
[2023-06-16T14:06:26.452+0700] {logging_mixin.py:149} INFO - [2023-06-16T14:06:26.452+0700] {dagbag.py:541} INFO - Filling up the DagBag from /Library/Frameworks/Python.framework/Versions/3.11/lib/python3.11/site-packages/airflow/example_dags/example_branch_operator_decorator.py
[2023-06-16T14:06:26.520+0700] {processor.py:836} INFO - DAG(s) dict_keys(['example_branch_python_operator_decorator']) retrieved from /Library/Frameworks/Python.framework/Versions/3.11/lib/python3.11/site-packages/airflow/example_dags/example_branch_operator_decorator.py
[2023-06-16T14:06:28.056+0700] {logging_mixin.py:149} INFO - [2023-06-16T14:06:28.055+0700] {dag.py:2726} INFO - Sync 1 DAGs
[2023-06-16T14:06:28.087+0700] {logging_mixin.py:149} INFO - [2023-06-16T14:06:28.087+0700] {dag.py:3486} INFO - Setting next_dagrun for example_branch_python_operator_decorator to 2023-06-15T00:00:00+00:00, run_after=2023-06-16T00:00:00+00:00
[2023-06-16T14:06:28.116+0700] {processor.py:179} INFO - Processing /Library/Frameworks/Python.framework/Versions/3.11/lib/python3.11/site-packages/airflow/example_dags/example_branch_operator_decorator.py took 1.667 seconds
