[2023-06-16T08:32:55.525+0700] {processor.py:157} INFO - Started process (PID=88276) to work on /Library/Frameworks/Python.framework/Versions/3.11/lib/python3.11/site-packages/airflow/example_dags/example_kubernetes_executor.py
[2023-06-16T08:32:55.525+0700] {processor.py:826} INFO - Processing file /Library/Frameworks/Python.framework/Versions/3.11/lib/python3.11/site-packages/airflow/example_dags/example_kubernetes_executor.py for tasks to queue
[2023-06-16T08:32:55.526+0700] {logging_mixin.py:149} INFO - [2023-06-16T08:32:55.526+0700] {dagbag.py:541} INFO - Filling up the DagBag from /Library/Frameworks/Python.framework/Versions/3.11/lib/python3.11/site-packages/airflow/example_dags/example_kubernetes_executor.py
[2023-06-16T08:32:55.570+0700] {logging_mixin.py:149} INFO - [2023-06-16T08:32:55.569+0700] {example_kubernetes_executor.py:41} WARNING - The example_kubernetes_executor example DAG requires the kubernetes provider. Please install it with: pip install apache-airflow[cncf.kubernetes]
[2023-06-16T08:32:55.570+0700] {processor.py:838} WARNING - No viable dags retrieved from /Library/Frameworks/Python.framework/Versions/3.11/lib/python3.11/site-packages/airflow/example_dags/example_kubernetes_executor.py
[2023-06-16T08:32:56.390+0700] {processor.py:179} INFO - Processing /Library/Frameworks/Python.framework/Versions/3.11/lib/python3.11/site-packages/airflow/example_dags/example_kubernetes_executor.py took 0.865 seconds
[2023-06-16T11:01:47.884+0700] {processor.py:157} INFO - Started process (PID=88963) to work on /Library/Frameworks/Python.framework/Versions/3.11/lib/python3.11/site-packages/airflow/example_dags/example_kubernetes_executor.py
[2023-06-16T11:01:47.885+0700] {processor.py:826} INFO - Processing file /Library/Frameworks/Python.framework/Versions/3.11/lib/python3.11/site-packages/airflow/example_dags/example_kubernetes_executor.py for tasks to queue
[2023-06-16T11:01:47.886+0700] {logging_mixin.py:149} INFO - [2023-06-16T11:01:47.886+0700] {dagbag.py:541} INFO - Filling up the DagBag from /Library/Frameworks/Python.framework/Versions/3.11/lib/python3.11/site-packages/airflow/example_dags/example_kubernetes_executor.py
[2023-06-16T11:01:47.937+0700] {logging_mixin.py:149} INFO - [2023-06-16T11:01:47.937+0700] {example_kubernetes_executor.py:41} WARNING - The example_kubernetes_executor example DAG requires the kubernetes provider. Please install it with: pip install apache-airflow[cncf.kubernetes]
[2023-06-16T11:01:47.937+0700] {processor.py:838} WARNING - No viable dags retrieved from /Library/Frameworks/Python.framework/Versions/3.11/lib/python3.11/site-packages/airflow/example_dags/example_kubernetes_executor.py
[2023-06-16T11:01:48.909+0700] {processor.py:179} INFO - Processing /Library/Frameworks/Python.framework/Versions/3.11/lib/python3.11/site-packages/airflow/example_dags/example_kubernetes_executor.py took 1.025 seconds
[2023-06-16T11:04:42.821+0700] {processor.py:157} INFO - Started process (PID=89261) to work on /Library/Frameworks/Python.framework/Versions/3.11/lib/python3.11/site-packages/airflow/example_dags/example_kubernetes_executor.py
[2023-06-16T11:04:42.821+0700] {processor.py:826} INFO - Processing file /Library/Frameworks/Python.framework/Versions/3.11/lib/python3.11/site-packages/airflow/example_dags/example_kubernetes_executor.py for tasks to queue
[2023-06-16T11:04:42.822+0700] {logging_mixin.py:149} INFO - [2023-06-16T11:04:42.822+0700] {dagbag.py:541} INFO - Filling up the DagBag from /Library/Frameworks/Python.framework/Versions/3.11/lib/python3.11/site-packages/airflow/example_dags/example_kubernetes_executor.py
[2023-06-16T11:04:42.888+0700] {logging_mixin.py:149} INFO - [2023-06-16T11:04:42.888+0700] {example_kubernetes_executor.py:41} WARNING - The example_kubernetes_executor example DAG requires the kubernetes provider. Please install it with: pip install apache-airflow[cncf.kubernetes]
[2023-06-16T11:04:42.888+0700] {processor.py:838} WARNING - No viable dags retrieved from /Library/Frameworks/Python.framework/Versions/3.11/lib/python3.11/site-packages/airflow/example_dags/example_kubernetes_executor.py
[2023-06-16T11:04:44.385+0700] {processor.py:179} INFO - Processing /Library/Frameworks/Python.framework/Versions/3.11/lib/python3.11/site-packages/airflow/example_dags/example_kubernetes_executor.py took 1.566 seconds
[2023-06-16T11:10:59.426+0700] {processor.py:157} INFO - Started process (PID=90095) to work on /Library/Frameworks/Python.framework/Versions/3.11/lib/python3.11/site-packages/airflow/example_dags/example_kubernetes_executor.py
[2023-06-16T11:10:59.427+0700] {processor.py:826} INFO - Processing file /Library/Frameworks/Python.framework/Versions/3.11/lib/python3.11/site-packages/airflow/example_dags/example_kubernetes_executor.py for tasks to queue
[2023-06-16T11:10:59.427+0700] {logging_mixin.py:149} INFO - [2023-06-16T11:10:59.427+0700] {dagbag.py:541} INFO - Filling up the DagBag from /Library/Frameworks/Python.framework/Versions/3.11/lib/python3.11/site-packages/airflow/example_dags/example_kubernetes_executor.py
[2023-06-16T11:10:59.531+0700] {logging_mixin.py:149} INFO - [2023-06-16T11:10:59.531+0700] {example_kubernetes_executor.py:41} WARNING - The example_kubernetes_executor example DAG requires the kubernetes provider. Please install it with: pip install apache-airflow[cncf.kubernetes]
[2023-06-16T11:10:59.531+0700] {processor.py:838} WARNING - No viable dags retrieved from /Library/Frameworks/Python.framework/Versions/3.11/lib/python3.11/site-packages/airflow/example_dags/example_kubernetes_executor.py
[2023-06-16T11:11:00.611+0700] {processor.py:179} INFO - Processing /Library/Frameworks/Python.framework/Versions/3.11/lib/python3.11/site-packages/airflow/example_dags/example_kubernetes_executor.py took 1.185 seconds
[2023-06-16T11:17:23.848+0700] {processor.py:157} INFO - Started process (PID=90773) to work on /Library/Frameworks/Python.framework/Versions/3.11/lib/python3.11/site-packages/airflow/example_dags/example_kubernetes_executor.py
[2023-06-16T11:17:23.849+0700] {processor.py:826} INFO - Processing file /Library/Frameworks/Python.framework/Versions/3.11/lib/python3.11/site-packages/airflow/example_dags/example_kubernetes_executor.py for tasks to queue
[2023-06-16T11:17:23.850+0700] {logging_mixin.py:149} INFO - [2023-06-16T11:17:23.850+0700] {dagbag.py:541} INFO - Filling up the DagBag from /Library/Frameworks/Python.framework/Versions/3.11/lib/python3.11/site-packages/airflow/example_dags/example_kubernetes_executor.py
[2023-06-16T11:17:23.906+0700] {logging_mixin.py:149} INFO - [2023-06-16T11:17:23.906+0700] {example_kubernetes_executor.py:41} WARNING - The example_kubernetes_executor example DAG requires the kubernetes provider. Please install it with: pip install apache-airflow[cncf.kubernetes]
[2023-06-16T11:17:23.907+0700] {processor.py:838} WARNING - No viable dags retrieved from /Library/Frameworks/Python.framework/Versions/3.11/lib/python3.11/site-packages/airflow/example_dags/example_kubernetes_executor.py
[2023-06-16T11:17:24.997+0700] {processor.py:179} INFO - Processing /Library/Frameworks/Python.framework/Versions/3.11/lib/python3.11/site-packages/airflow/example_dags/example_kubernetes_executor.py took 1.150 seconds
[2023-06-16T11:23:15.751+0700] {processor.py:157} INFO - Started process (PID=91572) to work on /Library/Frameworks/Python.framework/Versions/3.11/lib/python3.11/site-packages/airflow/example_dags/example_kubernetes_executor.py
[2023-06-16T11:23:15.752+0700] {processor.py:826} INFO - Processing file /Library/Frameworks/Python.framework/Versions/3.11/lib/python3.11/site-packages/airflow/example_dags/example_kubernetes_executor.py for tasks to queue
[2023-06-16T11:23:15.753+0700] {logging_mixin.py:149} INFO - [2023-06-16T11:23:15.753+0700] {dagbag.py:541} INFO - Filling up the DagBag from /Library/Frameworks/Python.framework/Versions/3.11/lib/python3.11/site-packages/airflow/example_dags/example_kubernetes_executor.py
[2023-06-16T11:23:15.822+0700] {logging_mixin.py:149} INFO - [2023-06-16T11:23:15.822+0700] {example_kubernetes_executor.py:41} WARNING - The example_kubernetes_executor example DAG requires the kubernetes provider. Please install it with: pip install apache-airflow[cncf.kubernetes]
[2023-06-16T11:23:15.822+0700] {processor.py:838} WARNING - No viable dags retrieved from /Library/Frameworks/Python.framework/Versions/3.11/lib/python3.11/site-packages/airflow/example_dags/example_kubernetes_executor.py
[2023-06-16T11:23:16.963+0700] {processor.py:179} INFO - Processing /Library/Frameworks/Python.framework/Versions/3.11/lib/python3.11/site-packages/airflow/example_dags/example_kubernetes_executor.py took 1.213 seconds
[2023-06-16T11:30:18.624+0700] {processor.py:157} INFO - Started process (PID=92511) to work on /Library/Frameworks/Python.framework/Versions/3.11/lib/python3.11/site-packages/airflow/example_dags/example_kubernetes_executor.py
[2023-06-16T11:30:18.625+0700] {processor.py:826} INFO - Processing file /Library/Frameworks/Python.framework/Versions/3.11/lib/python3.11/site-packages/airflow/example_dags/example_kubernetes_executor.py for tasks to queue
[2023-06-16T11:30:18.625+0700] {logging_mixin.py:149} INFO - [2023-06-16T11:30:18.625+0700] {dagbag.py:541} INFO - Filling up the DagBag from /Library/Frameworks/Python.framework/Versions/3.11/lib/python3.11/site-packages/airflow/example_dags/example_kubernetes_executor.py
[2023-06-16T11:30:18.686+0700] {logging_mixin.py:149} INFO - [2023-06-16T11:30:18.686+0700] {example_kubernetes_executor.py:41} WARNING - The example_kubernetes_executor example DAG requires the kubernetes provider. Please install it with: pip install apache-airflow[cncf.kubernetes]
[2023-06-16T11:30:18.686+0700] {processor.py:838} WARNING - No viable dags retrieved from /Library/Frameworks/Python.framework/Versions/3.11/lib/python3.11/site-packages/airflow/example_dags/example_kubernetes_executor.py
[2023-06-16T11:30:19.926+0700] {processor.py:179} INFO - Processing /Library/Frameworks/Python.framework/Versions/3.11/lib/python3.11/site-packages/airflow/example_dags/example_kubernetes_executor.py took 1.303 seconds
[2023-06-16T11:34:13.737+0700] {processor.py:157} INFO - Started process (PID=93007) to work on /Library/Frameworks/Python.framework/Versions/3.11/lib/python3.11/site-packages/airflow/example_dags/example_kubernetes_executor.py
[2023-06-16T11:34:13.738+0700] {processor.py:826} INFO - Processing file /Library/Frameworks/Python.framework/Versions/3.11/lib/python3.11/site-packages/airflow/example_dags/example_kubernetes_executor.py for tasks to queue
[2023-06-16T11:34:13.739+0700] {logging_mixin.py:149} INFO - [2023-06-16T11:34:13.738+0700] {dagbag.py:541} INFO - Filling up the DagBag from /Library/Frameworks/Python.framework/Versions/3.11/lib/python3.11/site-packages/airflow/example_dags/example_kubernetes_executor.py
[2023-06-16T11:34:13.812+0700] {logging_mixin.py:149} INFO - [2023-06-16T11:34:13.812+0700] {example_kubernetes_executor.py:41} WARNING - The example_kubernetes_executor example DAG requires the kubernetes provider. Please install it with: pip install apache-airflow[cncf.kubernetes]
[2023-06-16T11:34:13.812+0700] {processor.py:838} WARNING - No viable dags retrieved from /Library/Frameworks/Python.framework/Versions/3.11/lib/python3.11/site-packages/airflow/example_dags/example_kubernetes_executor.py
[2023-06-16T11:34:15.174+0700] {processor.py:179} INFO - Processing /Library/Frameworks/Python.framework/Versions/3.11/lib/python3.11/site-packages/airflow/example_dags/example_kubernetes_executor.py took 1.438 seconds
[2023-06-16T11:37:05.292+0700] {processor.py:157} INFO - Started process (PID=93379) to work on /Library/Frameworks/Python.framework/Versions/3.11/lib/python3.11/site-packages/airflow/example_dags/example_kubernetes_executor.py
[2023-06-16T11:37:05.294+0700] {processor.py:826} INFO - Processing file /Library/Frameworks/Python.framework/Versions/3.11/lib/python3.11/site-packages/airflow/example_dags/example_kubernetes_executor.py for tasks to queue
[2023-06-16T11:37:05.294+0700] {logging_mixin.py:149} INFO - [2023-06-16T11:37:05.294+0700] {dagbag.py:541} INFO - Filling up the DagBag from /Library/Frameworks/Python.framework/Versions/3.11/lib/python3.11/site-packages/airflow/example_dags/example_kubernetes_executor.py
[2023-06-16T11:37:05.343+0700] {logging_mixin.py:149} INFO - [2023-06-16T11:37:05.343+0700] {example_kubernetes_executor.py:41} WARNING - The example_kubernetes_executor example DAG requires the kubernetes provider. Please install it with: pip install apache-airflow[cncf.kubernetes]
[2023-06-16T11:37:05.343+0700] {processor.py:838} WARNING - No viable dags retrieved from /Library/Frameworks/Python.framework/Versions/3.11/lib/python3.11/site-packages/airflow/example_dags/example_kubernetes_executor.py
[2023-06-16T11:37:06.396+0700] {processor.py:179} INFO - Processing /Library/Frameworks/Python.framework/Versions/3.11/lib/python3.11/site-packages/airflow/example_dags/example_kubernetes_executor.py took 1.105 seconds
[2023-06-16T11:42:47.696+0700] {processor.py:157} INFO - Started process (PID=94477) to work on /Library/Frameworks/Python.framework/Versions/3.11/lib/python3.11/site-packages/airflow/example_dags/example_kubernetes_executor.py
[2023-06-16T11:42:47.697+0700] {processor.py:826} INFO - Processing file /Library/Frameworks/Python.framework/Versions/3.11/lib/python3.11/site-packages/airflow/example_dags/example_kubernetes_executor.py for tasks to queue
[2023-06-16T11:42:47.698+0700] {logging_mixin.py:149} INFO - [2023-06-16T11:42:47.697+0700] {dagbag.py:541} INFO - Filling up the DagBag from /Library/Frameworks/Python.framework/Versions/3.11/lib/python3.11/site-packages/airflow/example_dags/example_kubernetes_executor.py
[2023-06-16T11:42:47.761+0700] {logging_mixin.py:149} INFO - [2023-06-16T11:42:47.761+0700] {example_kubernetes_executor.py:41} WARNING - The example_kubernetes_executor example DAG requires the kubernetes provider. Please install it with: pip install apache-airflow[cncf.kubernetes]
[2023-06-16T11:42:47.761+0700] {processor.py:838} WARNING - No viable dags retrieved from /Library/Frameworks/Python.framework/Versions/3.11/lib/python3.11/site-packages/airflow/example_dags/example_kubernetes_executor.py
[2023-06-16T11:42:48.898+0700] {processor.py:179} INFO - Processing /Library/Frameworks/Python.framework/Versions/3.11/lib/python3.11/site-packages/airflow/example_dags/example_kubernetes_executor.py took 1.204 seconds
[2023-06-16T11:50:53.407+0700] {processor.py:157} INFO - Started process (PID=95459) to work on /Library/Frameworks/Python.framework/Versions/3.11/lib/python3.11/site-packages/airflow/example_dags/example_kubernetes_executor.py
[2023-06-16T11:50:53.408+0700] {processor.py:826} INFO - Processing file /Library/Frameworks/Python.framework/Versions/3.11/lib/python3.11/site-packages/airflow/example_dags/example_kubernetes_executor.py for tasks to queue
[2023-06-16T11:50:53.408+0700] {logging_mixin.py:149} INFO - [2023-06-16T11:50:53.408+0700] {dagbag.py:541} INFO - Filling up the DagBag from /Library/Frameworks/Python.framework/Versions/3.11/lib/python3.11/site-packages/airflow/example_dags/example_kubernetes_executor.py
[2023-06-16T11:50:53.478+0700] {logging_mixin.py:149} INFO - [2023-06-16T11:50:53.478+0700] {example_kubernetes_executor.py:41} WARNING - The example_kubernetes_executor example DAG requires the kubernetes provider. Please install it with: pip install apache-airflow[cncf.kubernetes]
[2023-06-16T11:50:53.479+0700] {processor.py:838} WARNING - No viable dags retrieved from /Library/Frameworks/Python.framework/Versions/3.11/lib/python3.11/site-packages/airflow/example_dags/example_kubernetes_executor.py
[2023-06-16T11:50:54.710+0700] {processor.py:179} INFO - Processing /Library/Frameworks/Python.framework/Versions/3.11/lib/python3.11/site-packages/airflow/example_dags/example_kubernetes_executor.py took 1.304 seconds
[2023-06-16T11:54:39.874+0700] {processor.py:157} INFO - Started process (PID=95883) to work on /Library/Frameworks/Python.framework/Versions/3.11/lib/python3.11/site-packages/airflow/example_dags/example_kubernetes_executor.py
[2023-06-16T11:54:39.875+0700] {processor.py:826} INFO - Processing file /Library/Frameworks/Python.framework/Versions/3.11/lib/python3.11/site-packages/airflow/example_dags/example_kubernetes_executor.py for tasks to queue
[2023-06-16T11:54:39.875+0700] {logging_mixin.py:149} INFO - [2023-06-16T11:54:39.875+0700] {dagbag.py:541} INFO - Filling up the DagBag from /Library/Frameworks/Python.framework/Versions/3.11/lib/python3.11/site-packages/airflow/example_dags/example_kubernetes_executor.py
[2023-06-16T11:54:39.930+0700] {logging_mixin.py:149} INFO - [2023-06-16T11:54:39.930+0700] {example_kubernetes_executor.py:41} WARNING - The example_kubernetes_executor example DAG requires the kubernetes provider. Please install it with: pip install apache-airflow[cncf.kubernetes]
[2023-06-16T11:54:39.931+0700] {processor.py:838} WARNING - No viable dags retrieved from /Library/Frameworks/Python.framework/Versions/3.11/lib/python3.11/site-packages/airflow/example_dags/example_kubernetes_executor.py
[2023-06-16T11:54:40.994+0700] {processor.py:179} INFO - Processing /Library/Frameworks/Python.framework/Versions/3.11/lib/python3.11/site-packages/airflow/example_dags/example_kubernetes_executor.py took 1.121 seconds
[2023-06-16T11:57:38.836+0700] {processor.py:157} INFO - Started process (PID=96259) to work on /Library/Frameworks/Python.framework/Versions/3.11/lib/python3.11/site-packages/airflow/example_dags/example_kubernetes_executor.py
[2023-06-16T11:57:38.837+0700] {processor.py:826} INFO - Processing file /Library/Frameworks/Python.framework/Versions/3.11/lib/python3.11/site-packages/airflow/example_dags/example_kubernetes_executor.py for tasks to queue
[2023-06-16T11:57:38.838+0700] {logging_mixin.py:149} INFO - [2023-06-16T11:57:38.838+0700] {dagbag.py:541} INFO - Filling up the DagBag from /Library/Frameworks/Python.framework/Versions/3.11/lib/python3.11/site-packages/airflow/example_dags/example_kubernetes_executor.py
[2023-06-16T11:57:38.882+0700] {logging_mixin.py:149} INFO - [2023-06-16T11:57:38.882+0700] {example_kubernetes_executor.py:41} WARNING - The example_kubernetes_executor example DAG requires the kubernetes provider. Please install it with: pip install apache-airflow[cncf.kubernetes]
[2023-06-16T11:57:38.882+0700] {processor.py:838} WARNING - No viable dags retrieved from /Library/Frameworks/Python.framework/Versions/3.11/lib/python3.11/site-packages/airflow/example_dags/example_kubernetes_executor.py
[2023-06-16T11:57:40.017+0700] {processor.py:179} INFO - Processing /Library/Frameworks/Python.framework/Versions/3.11/lib/python3.11/site-packages/airflow/example_dags/example_kubernetes_executor.py took 1.182 seconds
[2023-06-16T12:03:07.951+0700] {processor.py:157} INFO - Started process (PID=97027) to work on /Library/Frameworks/Python.framework/Versions/3.11/lib/python3.11/site-packages/airflow/example_dags/example_kubernetes_executor.py
[2023-06-16T12:03:07.953+0700] {processor.py:826} INFO - Processing file /Library/Frameworks/Python.framework/Versions/3.11/lib/python3.11/site-packages/airflow/example_dags/example_kubernetes_executor.py for tasks to queue
[2023-06-16T12:03:07.954+0700] {logging_mixin.py:149} INFO - [2023-06-16T12:03:07.954+0700] {dagbag.py:541} INFO - Filling up the DagBag from /Library/Frameworks/Python.framework/Versions/3.11/lib/python3.11/site-packages/airflow/example_dags/example_kubernetes_executor.py
[2023-06-16T12:03:08.041+0700] {logging_mixin.py:149} INFO - [2023-06-16T12:03:08.041+0700] {example_kubernetes_executor.py:41} WARNING - The example_kubernetes_executor example DAG requires the kubernetes provider. Please install it with: pip install apache-airflow[cncf.kubernetes]
[2023-06-16T12:03:08.042+0700] {processor.py:838} WARNING - No viable dags retrieved from /Library/Frameworks/Python.framework/Versions/3.11/lib/python3.11/site-packages/airflow/example_dags/example_kubernetes_executor.py
[2023-06-16T12:03:09.242+0700] {processor.py:179} INFO - Processing /Library/Frameworks/Python.framework/Versions/3.11/lib/python3.11/site-packages/airflow/example_dags/example_kubernetes_executor.py took 1.292 seconds
[2023-06-16T12:05:59.413+0700] {processor.py:157} INFO - Started process (PID=97410) to work on /Library/Frameworks/Python.framework/Versions/3.11/lib/python3.11/site-packages/airflow/example_dags/example_kubernetes_executor.py
[2023-06-16T12:05:59.415+0700] {processor.py:826} INFO - Processing file /Library/Frameworks/Python.framework/Versions/3.11/lib/python3.11/site-packages/airflow/example_dags/example_kubernetes_executor.py for tasks to queue
[2023-06-16T12:05:59.415+0700] {logging_mixin.py:149} INFO - [2023-06-16T12:05:59.415+0700] {dagbag.py:541} INFO - Filling up the DagBag from /Library/Frameworks/Python.framework/Versions/3.11/lib/python3.11/site-packages/airflow/example_dags/example_kubernetes_executor.py
[2023-06-16T12:05:59.467+0700] {logging_mixin.py:149} INFO - [2023-06-16T12:05:59.467+0700] {example_kubernetes_executor.py:41} WARNING - The example_kubernetes_executor example DAG requires the kubernetes provider. Please install it with: pip install apache-airflow[cncf.kubernetes]
[2023-06-16T12:05:59.468+0700] {processor.py:838} WARNING - No viable dags retrieved from /Library/Frameworks/Python.framework/Versions/3.11/lib/python3.11/site-packages/airflow/example_dags/example_kubernetes_executor.py
[2023-06-16T12:06:00.748+0700] {processor.py:179} INFO - Processing /Library/Frameworks/Python.framework/Versions/3.11/lib/python3.11/site-packages/airflow/example_dags/example_kubernetes_executor.py took 1.336 seconds
[2023-06-16T12:10:40.590+0700] {processor.py:157} INFO - Started process (PID=97993) to work on /Library/Frameworks/Python.framework/Versions/3.11/lib/python3.11/site-packages/airflow/example_dags/example_kubernetes_executor.py
[2023-06-16T12:10:40.592+0700] {processor.py:826} INFO - Processing file /Library/Frameworks/Python.framework/Versions/3.11/lib/python3.11/site-packages/airflow/example_dags/example_kubernetes_executor.py for tasks to queue
[2023-06-16T12:10:40.592+0700] {logging_mixin.py:149} INFO - [2023-06-16T12:10:40.592+0700] {dagbag.py:541} INFO - Filling up the DagBag from /Library/Frameworks/Python.framework/Versions/3.11/lib/python3.11/site-packages/airflow/example_dags/example_kubernetes_executor.py
[2023-06-16T12:10:40.655+0700] {logging_mixin.py:149} INFO - [2023-06-16T12:10:40.655+0700] {example_kubernetes_executor.py:41} WARNING - The example_kubernetes_executor example DAG requires the kubernetes provider. Please install it with: pip install apache-airflow[cncf.kubernetes]
[2023-06-16T12:10:40.655+0700] {processor.py:838} WARNING - No viable dags retrieved from /Library/Frameworks/Python.framework/Versions/3.11/lib/python3.11/site-packages/airflow/example_dags/example_kubernetes_executor.py
[2023-06-16T12:10:41.746+0700] {processor.py:179} INFO - Processing /Library/Frameworks/Python.framework/Versions/3.11/lib/python3.11/site-packages/airflow/example_dags/example_kubernetes_executor.py took 1.157 seconds
[2023-06-16T12:15:43.211+0700] {processor.py:157} INFO - Started process (PID=98599) to work on /Library/Frameworks/Python.framework/Versions/3.11/lib/python3.11/site-packages/airflow/example_dags/example_kubernetes_executor.py
[2023-06-16T12:15:43.213+0700] {processor.py:826} INFO - Processing file /Library/Frameworks/Python.framework/Versions/3.11/lib/python3.11/site-packages/airflow/example_dags/example_kubernetes_executor.py for tasks to queue
[2023-06-16T12:15:43.213+0700] {logging_mixin.py:149} INFO - [2023-06-16T12:15:43.213+0700] {dagbag.py:541} INFO - Filling up the DagBag from /Library/Frameworks/Python.framework/Versions/3.11/lib/python3.11/site-packages/airflow/example_dags/example_kubernetes_executor.py
[2023-06-16T12:15:43.273+0700] {logging_mixin.py:149} INFO - [2023-06-16T12:15:43.273+0700] {example_kubernetes_executor.py:41} WARNING - The example_kubernetes_executor example DAG requires the kubernetes provider. Please install it with: pip install apache-airflow[cncf.kubernetes]
[2023-06-16T12:15:43.273+0700] {processor.py:838} WARNING - No viable dags retrieved from /Library/Frameworks/Python.framework/Versions/3.11/lib/python3.11/site-packages/airflow/example_dags/example_kubernetes_executor.py
[2023-06-16T12:15:44.345+0700] {processor.py:179} INFO - Processing /Library/Frameworks/Python.framework/Versions/3.11/lib/python3.11/site-packages/airflow/example_dags/example_kubernetes_executor.py took 1.135 seconds
[2023-06-16T12:20:41.701+0700] {processor.py:157} INFO - Started process (PID=99231) to work on /Library/Frameworks/Python.framework/Versions/3.11/lib/python3.11/site-packages/airflow/example_dags/example_kubernetes_executor.py
[2023-06-16T12:20:41.702+0700] {processor.py:826} INFO - Processing file /Library/Frameworks/Python.framework/Versions/3.11/lib/python3.11/site-packages/airflow/example_dags/example_kubernetes_executor.py for tasks to queue
[2023-06-16T12:20:41.703+0700] {logging_mixin.py:149} INFO - [2023-06-16T12:20:41.703+0700] {dagbag.py:541} INFO - Filling up the DagBag from /Library/Frameworks/Python.framework/Versions/3.11/lib/python3.11/site-packages/airflow/example_dags/example_kubernetes_executor.py
[2023-06-16T12:20:41.768+0700] {logging_mixin.py:149} INFO - [2023-06-16T12:20:41.768+0700] {example_kubernetes_executor.py:41} WARNING - The example_kubernetes_executor example DAG requires the kubernetes provider. Please install it with: pip install apache-airflow[cncf.kubernetes]
[2023-06-16T12:20:41.769+0700] {processor.py:838} WARNING - No viable dags retrieved from /Library/Frameworks/Python.framework/Versions/3.11/lib/python3.11/site-packages/airflow/example_dags/example_kubernetes_executor.py
[2023-06-16T12:20:42.783+0700] {processor.py:179} INFO - Processing /Library/Frameworks/Python.framework/Versions/3.11/lib/python3.11/site-packages/airflow/example_dags/example_kubernetes_executor.py took 1.083 seconds
[2023-06-16T12:26:29.924+0700] {processor.py:157} INFO - Started process (PID=134) to work on /Library/Frameworks/Python.framework/Versions/3.11/lib/python3.11/site-packages/airflow/example_dags/example_kubernetes_executor.py
[2023-06-16T12:26:29.926+0700] {processor.py:826} INFO - Processing file /Library/Frameworks/Python.framework/Versions/3.11/lib/python3.11/site-packages/airflow/example_dags/example_kubernetes_executor.py for tasks to queue
[2023-06-16T12:26:29.926+0700] {logging_mixin.py:149} INFO - [2023-06-16T12:26:29.926+0700] {dagbag.py:541} INFO - Filling up the DagBag from /Library/Frameworks/Python.framework/Versions/3.11/lib/python3.11/site-packages/airflow/example_dags/example_kubernetes_executor.py
[2023-06-16T12:26:29.989+0700] {logging_mixin.py:149} INFO - [2023-06-16T12:26:29.988+0700] {example_kubernetes_executor.py:41} WARNING - The example_kubernetes_executor example DAG requires the kubernetes provider. Please install it with: pip install apache-airflow[cncf.kubernetes]
[2023-06-16T12:26:29.989+0700] {processor.py:838} WARNING - No viable dags retrieved from /Library/Frameworks/Python.framework/Versions/3.11/lib/python3.11/site-packages/airflow/example_dags/example_kubernetes_executor.py
[2023-06-16T12:26:31.151+0700] {processor.py:179} INFO - Processing /Library/Frameworks/Python.framework/Versions/3.11/lib/python3.11/site-packages/airflow/example_dags/example_kubernetes_executor.py took 1.228 seconds
[2023-06-16T12:29:19.359+0700] {processor.py:157} INFO - Started process (PID=823) to work on /Library/Frameworks/Python.framework/Versions/3.11/lib/python3.11/site-packages/airflow/example_dags/example_kubernetes_executor.py
[2023-06-16T12:29:19.359+0700] {processor.py:826} INFO - Processing file /Library/Frameworks/Python.framework/Versions/3.11/lib/python3.11/site-packages/airflow/example_dags/example_kubernetes_executor.py for tasks to queue
[2023-06-16T12:29:19.360+0700] {logging_mixin.py:149} INFO - [2023-06-16T12:29:19.360+0700] {dagbag.py:541} INFO - Filling up the DagBag from /Library/Frameworks/Python.framework/Versions/3.11/lib/python3.11/site-packages/airflow/example_dags/example_kubernetes_executor.py
[2023-06-16T12:29:19.419+0700] {logging_mixin.py:149} INFO - [2023-06-16T12:29:19.419+0700] {example_kubernetes_executor.py:41} WARNING - The example_kubernetes_executor example DAG requires the kubernetes provider. Please install it with: pip install apache-airflow[cncf.kubernetes]
[2023-06-16T12:29:19.420+0700] {processor.py:838} WARNING - No viable dags retrieved from /Library/Frameworks/Python.framework/Versions/3.11/lib/python3.11/site-packages/airflow/example_dags/example_kubernetes_executor.py
[2023-06-16T12:29:20.727+0700] {processor.py:179} INFO - Processing /Library/Frameworks/Python.framework/Versions/3.11/lib/python3.11/site-packages/airflow/example_dags/example_kubernetes_executor.py took 1.369 seconds
[2023-06-16T12:34:30.159+0700] {processor.py:157} INFO - Started process (PID=1554) to work on /Library/Frameworks/Python.framework/Versions/3.11/lib/python3.11/site-packages/airflow/example_dags/example_kubernetes_executor.py
[2023-06-16T12:34:30.160+0700] {processor.py:826} INFO - Processing file /Library/Frameworks/Python.framework/Versions/3.11/lib/python3.11/site-packages/airflow/example_dags/example_kubernetes_executor.py for tasks to queue
[2023-06-16T12:34:30.161+0700] {logging_mixin.py:149} INFO - [2023-06-16T12:34:30.161+0700] {dagbag.py:541} INFO - Filling up the DagBag from /Library/Frameworks/Python.framework/Versions/3.11/lib/python3.11/site-packages/airflow/example_dags/example_kubernetes_executor.py
[2023-06-16T12:34:30.223+0700] {logging_mixin.py:149} INFO - [2023-06-16T12:34:30.223+0700] {example_kubernetes_executor.py:41} WARNING - The example_kubernetes_executor example DAG requires the kubernetes provider. Please install it with: pip install apache-airflow[cncf.kubernetes]
[2023-06-16T12:34:30.223+0700] {processor.py:838} WARNING - No viable dags retrieved from /Library/Frameworks/Python.framework/Versions/3.11/lib/python3.11/site-packages/airflow/example_dags/example_kubernetes_executor.py
[2023-06-16T12:34:31.395+0700] {processor.py:179} INFO - Processing /Library/Frameworks/Python.framework/Versions/3.11/lib/python3.11/site-packages/airflow/example_dags/example_kubernetes_executor.py took 1.237 seconds
[2023-06-16T12:40:00.206+0700] {processor.py:157} INFO - Started process (PID=2414) to work on /Library/Frameworks/Python.framework/Versions/3.11/lib/python3.11/site-packages/airflow/example_dags/example_kubernetes_executor.py
[2023-06-16T12:40:00.207+0700] {processor.py:826} INFO - Processing file /Library/Frameworks/Python.framework/Versions/3.11/lib/python3.11/site-packages/airflow/example_dags/example_kubernetes_executor.py for tasks to queue
[2023-06-16T12:40:00.208+0700] {logging_mixin.py:149} INFO - [2023-06-16T12:40:00.207+0700] {dagbag.py:541} INFO - Filling up the DagBag from /Library/Frameworks/Python.framework/Versions/3.11/lib/python3.11/site-packages/airflow/example_dags/example_kubernetes_executor.py
[2023-06-16T12:40:00.274+0700] {logging_mixin.py:149} INFO - [2023-06-16T12:40:00.273+0700] {example_kubernetes_executor.py:41} WARNING - The example_kubernetes_executor example DAG requires the kubernetes provider. Please install it with: pip install apache-airflow[cncf.kubernetes]
[2023-06-16T12:40:00.274+0700] {processor.py:838} WARNING - No viable dags retrieved from /Library/Frameworks/Python.framework/Versions/3.11/lib/python3.11/site-packages/airflow/example_dags/example_kubernetes_executor.py
[2023-06-16T12:40:01.721+0700] {processor.py:179} INFO - Processing /Library/Frameworks/Python.framework/Versions/3.11/lib/python3.11/site-packages/airflow/example_dags/example_kubernetes_executor.py took 1.516 seconds
[2023-06-16T12:43:09.829+0700] {processor.py:157} INFO - Started process (PID=2904) to work on /Library/Frameworks/Python.framework/Versions/3.11/lib/python3.11/site-packages/airflow/example_dags/example_kubernetes_executor.py
[2023-06-16T12:43:09.830+0700] {processor.py:826} INFO - Processing file /Library/Frameworks/Python.framework/Versions/3.11/lib/python3.11/site-packages/airflow/example_dags/example_kubernetes_executor.py for tasks to queue
[2023-06-16T12:43:09.831+0700] {logging_mixin.py:149} INFO - [2023-06-16T12:43:09.831+0700] {dagbag.py:541} INFO - Filling up the DagBag from /Library/Frameworks/Python.framework/Versions/3.11/lib/python3.11/site-packages/airflow/example_dags/example_kubernetes_executor.py
[2023-06-16T12:43:09.887+0700] {logging_mixin.py:149} INFO - [2023-06-16T12:43:09.886+0700] {example_kubernetes_executor.py:41} WARNING - The example_kubernetes_executor example DAG requires the kubernetes provider. Please install it with: pip install apache-airflow[cncf.kubernetes]
[2023-06-16T12:43:09.887+0700] {processor.py:838} WARNING - No viable dags retrieved from /Library/Frameworks/Python.framework/Versions/3.11/lib/python3.11/site-packages/airflow/example_dags/example_kubernetes_executor.py
[2023-06-16T12:43:11.141+0700] {processor.py:179} INFO - Processing /Library/Frameworks/Python.framework/Versions/3.11/lib/python3.11/site-packages/airflow/example_dags/example_kubernetes_executor.py took 1.312 seconds
[2023-06-16T12:46:17.171+0700] {processor.py:157} INFO - Started process (PID=3376) to work on /Library/Frameworks/Python.framework/Versions/3.11/lib/python3.11/site-packages/airflow/example_dags/example_kubernetes_executor.py
[2023-06-16T12:46:17.172+0700] {processor.py:826} INFO - Processing file /Library/Frameworks/Python.framework/Versions/3.11/lib/python3.11/site-packages/airflow/example_dags/example_kubernetes_executor.py for tasks to queue
[2023-06-16T12:46:17.173+0700] {logging_mixin.py:149} INFO - [2023-06-16T12:46:17.173+0700] {dagbag.py:541} INFO - Filling up the DagBag from /Library/Frameworks/Python.framework/Versions/3.11/lib/python3.11/site-packages/airflow/example_dags/example_kubernetes_executor.py
[2023-06-16T12:46:17.233+0700] {logging_mixin.py:149} INFO - [2023-06-16T12:46:17.233+0700] {example_kubernetes_executor.py:41} WARNING - The example_kubernetes_executor example DAG requires the kubernetes provider. Please install it with: pip install apache-airflow[cncf.kubernetes]
[2023-06-16T12:46:17.234+0700] {processor.py:838} WARNING - No viable dags retrieved from /Library/Frameworks/Python.framework/Versions/3.11/lib/python3.11/site-packages/airflow/example_dags/example_kubernetes_executor.py
[2023-06-16T12:46:18.442+0700] {processor.py:179} INFO - Processing /Library/Frameworks/Python.framework/Versions/3.11/lib/python3.11/site-packages/airflow/example_dags/example_kubernetes_executor.py took 1.272 seconds
[2023-06-16T12:49:31.534+0700] {processor.py:157} INFO - Started process (PID=3782) to work on /Library/Frameworks/Python.framework/Versions/3.11/lib/python3.11/site-packages/airflow/example_dags/example_kubernetes_executor.py
[2023-06-16T12:49:31.535+0700] {processor.py:826} INFO - Processing file /Library/Frameworks/Python.framework/Versions/3.11/lib/python3.11/site-packages/airflow/example_dags/example_kubernetes_executor.py for tasks to queue
[2023-06-16T12:49:31.536+0700] {logging_mixin.py:149} INFO - [2023-06-16T12:49:31.536+0700] {dagbag.py:541} INFO - Filling up the DagBag from /Library/Frameworks/Python.framework/Versions/3.11/lib/python3.11/site-packages/airflow/example_dags/example_kubernetes_executor.py
[2023-06-16T12:49:31.592+0700] {logging_mixin.py:149} INFO - [2023-06-16T12:49:31.592+0700] {example_kubernetes_executor.py:41} WARNING - The example_kubernetes_executor example DAG requires the kubernetes provider. Please install it with: pip install apache-airflow[cncf.kubernetes]
[2023-06-16T12:49:31.593+0700] {processor.py:838} WARNING - No viable dags retrieved from /Library/Frameworks/Python.framework/Versions/3.11/lib/python3.11/site-packages/airflow/example_dags/example_kubernetes_executor.py
[2023-06-16T12:49:32.784+0700] {processor.py:179} INFO - Processing /Library/Frameworks/Python.framework/Versions/3.11/lib/python3.11/site-packages/airflow/example_dags/example_kubernetes_executor.py took 1.251 seconds
[2023-06-16T12:54:36.601+0700] {processor.py:157} INFO - Started process (PID=4470) to work on /Library/Frameworks/Python.framework/Versions/3.11/lib/python3.11/site-packages/airflow/example_dags/example_kubernetes_executor.py
[2023-06-16T12:54:36.602+0700] {processor.py:826} INFO - Processing file /Library/Frameworks/Python.framework/Versions/3.11/lib/python3.11/site-packages/airflow/example_dags/example_kubernetes_executor.py for tasks to queue
[2023-06-16T12:54:36.603+0700] {logging_mixin.py:149} INFO - [2023-06-16T12:54:36.603+0700] {dagbag.py:541} INFO - Filling up the DagBag from /Library/Frameworks/Python.framework/Versions/3.11/lib/python3.11/site-packages/airflow/example_dags/example_kubernetes_executor.py
[2023-06-16T12:54:36.688+0700] {logging_mixin.py:149} INFO - [2023-06-16T12:54:36.688+0700] {example_kubernetes_executor.py:41} WARNING - The example_kubernetes_executor example DAG requires the kubernetes provider. Please install it with: pip install apache-airflow[cncf.kubernetes]
[2023-06-16T12:54:36.688+0700] {processor.py:838} WARNING - No viable dags retrieved from /Library/Frameworks/Python.framework/Versions/3.11/lib/python3.11/site-packages/airflow/example_dags/example_kubernetes_executor.py
[2023-06-16T12:54:38.566+0700] {processor.py:179} INFO - Processing /Library/Frameworks/Python.framework/Versions/3.11/lib/python3.11/site-packages/airflow/example_dags/example_kubernetes_executor.py took 1.966 seconds
[2023-06-16T12:59:50.755+0700] {processor.py:157} INFO - Started process (PID=5289) to work on /Library/Frameworks/Python.framework/Versions/3.11/lib/python3.11/site-packages/airflow/example_dags/example_kubernetes_executor.py
[2023-06-16T12:59:50.756+0700] {processor.py:826} INFO - Processing file /Library/Frameworks/Python.framework/Versions/3.11/lib/python3.11/site-packages/airflow/example_dags/example_kubernetes_executor.py for tasks to queue
[2023-06-16T12:59:50.758+0700] {logging_mixin.py:149} INFO - [2023-06-16T12:59:50.757+0700] {dagbag.py:541} INFO - Filling up the DagBag from /Library/Frameworks/Python.framework/Versions/3.11/lib/python3.11/site-packages/airflow/example_dags/example_kubernetes_executor.py
[2023-06-16T12:59:50.837+0700] {logging_mixin.py:149} INFO - [2023-06-16T12:59:50.837+0700] {example_kubernetes_executor.py:41} WARNING - The example_kubernetes_executor example DAG requires the kubernetes provider. Please install it with: pip install apache-airflow[cncf.kubernetes]
[2023-06-16T12:59:50.838+0700] {processor.py:838} WARNING - No viable dags retrieved from /Library/Frameworks/Python.framework/Versions/3.11/lib/python3.11/site-packages/airflow/example_dags/example_kubernetes_executor.py
[2023-06-16T12:59:51.890+0700] {processor.py:179} INFO - Processing /Library/Frameworks/Python.framework/Versions/3.11/lib/python3.11/site-packages/airflow/example_dags/example_kubernetes_executor.py took 1.137 seconds
[2023-06-16T13:02:56.968+0700] {processor.py:157} INFO - Started process (PID=5727) to work on /Library/Frameworks/Python.framework/Versions/3.11/lib/python3.11/site-packages/airflow/example_dags/example_kubernetes_executor.py
[2023-06-16T13:02:56.970+0700] {processor.py:826} INFO - Processing file /Library/Frameworks/Python.framework/Versions/3.11/lib/python3.11/site-packages/airflow/example_dags/example_kubernetes_executor.py for tasks to queue
[2023-06-16T13:02:56.972+0700] {logging_mixin.py:149} INFO - [2023-06-16T13:02:56.971+0700] {dagbag.py:541} INFO - Filling up the DagBag from /Library/Frameworks/Python.framework/Versions/3.11/lib/python3.11/site-packages/airflow/example_dags/example_kubernetes_executor.py
[2023-06-16T13:02:57.030+0700] {logging_mixin.py:149} INFO - [2023-06-16T13:02:57.030+0700] {example_kubernetes_executor.py:41} WARNING - The example_kubernetes_executor example DAG requires the kubernetes provider. Please install it with: pip install apache-airflow[cncf.kubernetes]
[2023-06-16T13:02:57.030+0700] {processor.py:838} WARNING - No viable dags retrieved from /Library/Frameworks/Python.framework/Versions/3.11/lib/python3.11/site-packages/airflow/example_dags/example_kubernetes_executor.py
[2023-06-16T13:02:58.190+0700] {processor.py:179} INFO - Processing /Library/Frameworks/Python.framework/Versions/3.11/lib/python3.11/site-packages/airflow/example_dags/example_kubernetes_executor.py took 1.223 seconds
[2023-06-16T13:08:13.066+0700] {processor.py:157} INFO - Started process (PID=6443) to work on /Library/Frameworks/Python.framework/Versions/3.11/lib/python3.11/site-packages/airflow/example_dags/example_kubernetes_executor.py
[2023-06-16T13:08:13.068+0700] {processor.py:826} INFO - Processing file /Library/Frameworks/Python.framework/Versions/3.11/lib/python3.11/site-packages/airflow/example_dags/example_kubernetes_executor.py for tasks to queue
[2023-06-16T13:08:13.068+0700] {logging_mixin.py:149} INFO - [2023-06-16T13:08:13.068+0700] {dagbag.py:541} INFO - Filling up the DagBag from /Library/Frameworks/Python.framework/Versions/3.11/lib/python3.11/site-packages/airflow/example_dags/example_kubernetes_executor.py
[2023-06-16T13:08:13.122+0700] {logging_mixin.py:149} INFO - [2023-06-16T13:08:13.122+0700] {example_kubernetes_executor.py:41} WARNING - The example_kubernetes_executor example DAG requires the kubernetes provider. Please install it with: pip install apache-airflow[cncf.kubernetes]
[2023-06-16T13:08:13.123+0700] {processor.py:838} WARNING - No viable dags retrieved from /Library/Frameworks/Python.framework/Versions/3.11/lib/python3.11/site-packages/airflow/example_dags/example_kubernetes_executor.py
[2023-06-16T13:08:14.339+0700] {processor.py:179} INFO - Processing /Library/Frameworks/Python.framework/Versions/3.11/lib/python3.11/site-packages/airflow/example_dags/example_kubernetes_executor.py took 1.273 seconds
[2023-06-16T13:13:28.865+0700] {processor.py:157} INFO - Started process (PID=7305) to work on /Library/Frameworks/Python.framework/Versions/3.11/lib/python3.11/site-packages/airflow/example_dags/example_kubernetes_executor.py
[2023-06-16T13:13:28.867+0700] {processor.py:826} INFO - Processing file /Library/Frameworks/Python.framework/Versions/3.11/lib/python3.11/site-packages/airflow/example_dags/example_kubernetes_executor.py for tasks to queue
[2023-06-16T13:13:28.867+0700] {logging_mixin.py:149} INFO - [2023-06-16T13:13:28.867+0700] {dagbag.py:541} INFO - Filling up the DagBag from /Library/Frameworks/Python.framework/Versions/3.11/lib/python3.11/site-packages/airflow/example_dags/example_kubernetes_executor.py
[2023-06-16T13:13:28.928+0700] {logging_mixin.py:149} INFO - [2023-06-16T13:13:28.928+0700] {example_kubernetes_executor.py:41} WARNING - The example_kubernetes_executor example DAG requires the kubernetes provider. Please install it with: pip install apache-airflow[cncf.kubernetes]
[2023-06-16T13:13:28.928+0700] {processor.py:838} WARNING - No viable dags retrieved from /Library/Frameworks/Python.framework/Versions/3.11/lib/python3.11/site-packages/airflow/example_dags/example_kubernetes_executor.py
[2023-06-16T13:13:30.236+0700] {processor.py:179} INFO - Processing /Library/Frameworks/Python.framework/Versions/3.11/lib/python3.11/site-packages/airflow/example_dags/example_kubernetes_executor.py took 1.372 seconds
[2023-06-16T13:19:45.810+0700] {processor.py:157} INFO - Started process (PID=8167) to work on /Library/Frameworks/Python.framework/Versions/3.11/lib/python3.11/site-packages/airflow/example_dags/example_kubernetes_executor.py
[2023-06-16T13:19:45.811+0700] {processor.py:826} INFO - Processing file /Library/Frameworks/Python.framework/Versions/3.11/lib/python3.11/site-packages/airflow/example_dags/example_kubernetes_executor.py for tasks to queue
[2023-06-16T13:19:45.812+0700] {logging_mixin.py:149} INFO - [2023-06-16T13:19:45.812+0700] {dagbag.py:541} INFO - Filling up the DagBag from /Library/Frameworks/Python.framework/Versions/3.11/lib/python3.11/site-packages/airflow/example_dags/example_kubernetes_executor.py
[2023-06-16T13:19:45.875+0700] {logging_mixin.py:149} INFO - [2023-06-16T13:19:45.875+0700] {example_kubernetes_executor.py:41} WARNING - The example_kubernetes_executor example DAG requires the kubernetes provider. Please install it with: pip install apache-airflow[cncf.kubernetes]
[2023-06-16T13:19:45.875+0700] {processor.py:838} WARNING - No viable dags retrieved from /Library/Frameworks/Python.framework/Versions/3.11/lib/python3.11/site-packages/airflow/example_dags/example_kubernetes_executor.py
[2023-06-16T13:19:47.153+0700] {processor.py:179} INFO - Processing /Library/Frameworks/Python.framework/Versions/3.11/lib/python3.11/site-packages/airflow/example_dags/example_kubernetes_executor.py took 1.344 seconds
[2023-06-16T13:25:06.025+0700] {processor.py:157} INFO - Started process (PID=8868) to work on /Library/Frameworks/Python.framework/Versions/3.11/lib/python3.11/site-packages/airflow/example_dags/example_kubernetes_executor.py
[2023-06-16T13:25:06.027+0700] {processor.py:826} INFO - Processing file /Library/Frameworks/Python.framework/Versions/3.11/lib/python3.11/site-packages/airflow/example_dags/example_kubernetes_executor.py for tasks to queue
[2023-06-16T13:25:06.027+0700] {logging_mixin.py:149} INFO - [2023-06-16T13:25:06.027+0700] {dagbag.py:541} INFO - Filling up the DagBag from /Library/Frameworks/Python.framework/Versions/3.11/lib/python3.11/site-packages/airflow/example_dags/example_kubernetes_executor.py
[2023-06-16T13:25:06.152+0700] {logging_mixin.py:149} INFO - [2023-06-16T13:25:06.152+0700] {example_kubernetes_executor.py:41} WARNING - The example_kubernetes_executor example DAG requires the kubernetes provider. Please install it with: pip install apache-airflow[cncf.kubernetes]
[2023-06-16T13:25:06.153+0700] {processor.py:838} WARNING - No viable dags retrieved from /Library/Frameworks/Python.framework/Versions/3.11/lib/python3.11/site-packages/airflow/example_dags/example_kubernetes_executor.py
[2023-06-16T13:25:07.311+0700] {processor.py:179} INFO - Processing /Library/Frameworks/Python.framework/Versions/3.11/lib/python3.11/site-packages/airflow/example_dags/example_kubernetes_executor.py took 1.287 seconds
[2023-06-16T13:30:03.581+0700] {processor.py:157} INFO - Started process (PID=9529) to work on /Library/Frameworks/Python.framework/Versions/3.11/lib/python3.11/site-packages/airflow/example_dags/example_kubernetes_executor.py
[2023-06-16T13:30:03.581+0700] {processor.py:826} INFO - Processing file /Library/Frameworks/Python.framework/Versions/3.11/lib/python3.11/site-packages/airflow/example_dags/example_kubernetes_executor.py for tasks to queue
[2023-06-16T13:30:03.582+0700] {logging_mixin.py:149} INFO - [2023-06-16T13:30:03.582+0700] {dagbag.py:541} INFO - Filling up the DagBag from /Library/Frameworks/Python.framework/Versions/3.11/lib/python3.11/site-packages/airflow/example_dags/example_kubernetes_executor.py
[2023-06-16T13:30:03.653+0700] {logging_mixin.py:149} INFO - [2023-06-16T13:30:03.652+0700] {example_kubernetes_executor.py:41} WARNING - The example_kubernetes_executor example DAG requires the kubernetes provider. Please install it with: pip install apache-airflow[cncf.kubernetes]
[2023-06-16T13:30:03.653+0700] {processor.py:838} WARNING - No viable dags retrieved from /Library/Frameworks/Python.framework/Versions/3.11/lib/python3.11/site-packages/airflow/example_dags/example_kubernetes_executor.py
[2023-06-16T13:30:04.769+0700] {processor.py:179} INFO - Processing /Library/Frameworks/Python.framework/Versions/3.11/lib/python3.11/site-packages/airflow/example_dags/example_kubernetes_executor.py took 1.189 seconds
[2023-06-16T13:35:32.940+0700] {processor.py:157} INFO - Started process (PID=10537) to work on /Library/Frameworks/Python.framework/Versions/3.11/lib/python3.11/site-packages/airflow/example_dags/example_kubernetes_executor.py
[2023-06-16T13:35:32.940+0700] {processor.py:826} INFO - Processing file /Library/Frameworks/Python.framework/Versions/3.11/lib/python3.11/site-packages/airflow/example_dags/example_kubernetes_executor.py for tasks to queue
[2023-06-16T13:35:32.941+0700] {logging_mixin.py:149} INFO - [2023-06-16T13:35:32.941+0700] {dagbag.py:541} INFO - Filling up the DagBag from /Library/Frameworks/Python.framework/Versions/3.11/lib/python3.11/site-packages/airflow/example_dags/example_kubernetes_executor.py
[2023-06-16T13:35:32.994+0700] {logging_mixin.py:149} INFO - [2023-06-16T13:35:32.994+0700] {example_kubernetes_executor.py:41} WARNING - The example_kubernetes_executor example DAG requires the kubernetes provider. Please install it with: pip install apache-airflow[cncf.kubernetes]
[2023-06-16T13:35:32.994+0700] {processor.py:838} WARNING - No viable dags retrieved from /Library/Frameworks/Python.framework/Versions/3.11/lib/python3.11/site-packages/airflow/example_dags/example_kubernetes_executor.py
[2023-06-16T13:35:34.074+0700] {processor.py:179} INFO - Processing /Library/Frameworks/Python.framework/Versions/3.11/lib/python3.11/site-packages/airflow/example_dags/example_kubernetes_executor.py took 1.135 seconds
[2023-06-16T13:40:48.378+0700] {processor.py:157} INFO - Started process (PID=11228) to work on /Library/Frameworks/Python.framework/Versions/3.11/lib/python3.11/site-packages/airflow/example_dags/example_kubernetes_executor.py
[2023-06-16T13:40:48.380+0700] {processor.py:826} INFO - Processing file /Library/Frameworks/Python.framework/Versions/3.11/lib/python3.11/site-packages/airflow/example_dags/example_kubernetes_executor.py for tasks to queue
[2023-06-16T13:40:48.381+0700] {logging_mixin.py:149} INFO - [2023-06-16T13:40:48.380+0700] {dagbag.py:541} INFO - Filling up the DagBag from /Library/Frameworks/Python.framework/Versions/3.11/lib/python3.11/site-packages/airflow/example_dags/example_kubernetes_executor.py
[2023-06-16T13:40:48.463+0700] {logging_mixin.py:149} INFO - [2023-06-16T13:40:48.463+0700] {example_kubernetes_executor.py:41} WARNING - The example_kubernetes_executor example DAG requires the kubernetes provider. Please install it with: pip install apache-airflow[cncf.kubernetes]
[2023-06-16T13:40:48.464+0700] {processor.py:838} WARNING - No viable dags retrieved from /Library/Frameworks/Python.framework/Versions/3.11/lib/python3.11/site-packages/airflow/example_dags/example_kubernetes_executor.py
[2023-06-16T13:40:49.647+0700] {processor.py:179} INFO - Processing /Library/Frameworks/Python.framework/Versions/3.11/lib/python3.11/site-packages/airflow/example_dags/example_kubernetes_executor.py took 1.270 seconds
[2023-06-16T13:46:18.494+0700] {processor.py:157} INFO - Started process (PID=11876) to work on /Library/Frameworks/Python.framework/Versions/3.11/lib/python3.11/site-packages/airflow/example_dags/example_kubernetes_executor.py
[2023-06-16T13:46:18.495+0700] {processor.py:826} INFO - Processing file /Library/Frameworks/Python.framework/Versions/3.11/lib/python3.11/site-packages/airflow/example_dags/example_kubernetes_executor.py for tasks to queue
[2023-06-16T13:46:18.496+0700] {logging_mixin.py:149} INFO - [2023-06-16T13:46:18.496+0700] {dagbag.py:541} INFO - Filling up the DagBag from /Library/Frameworks/Python.framework/Versions/3.11/lib/python3.11/site-packages/airflow/example_dags/example_kubernetes_executor.py
[2023-06-16T13:46:18.570+0700] {logging_mixin.py:149} INFO - [2023-06-16T13:46:18.570+0700] {example_kubernetes_executor.py:41} WARNING - The example_kubernetes_executor example DAG requires the kubernetes provider. Please install it with: pip install apache-airflow[cncf.kubernetes]
[2023-06-16T13:46:18.570+0700] {processor.py:838} WARNING - No viable dags retrieved from /Library/Frameworks/Python.framework/Versions/3.11/lib/python3.11/site-packages/airflow/example_dags/example_kubernetes_executor.py
[2023-06-16T13:46:19.810+0700] {processor.py:179} INFO - Processing /Library/Frameworks/Python.framework/Versions/3.11/lib/python3.11/site-packages/airflow/example_dags/example_kubernetes_executor.py took 1.317 seconds
[2023-06-16T13:53:10.516+0700] {processor.py:157} INFO - Started process (PID=12614) to work on /Library/Frameworks/Python.framework/Versions/3.11/lib/python3.11/site-packages/airflow/example_dags/example_kubernetes_executor.py
[2023-06-16T13:53:10.518+0700] {processor.py:826} INFO - Processing file /Library/Frameworks/Python.framework/Versions/3.11/lib/python3.11/site-packages/airflow/example_dags/example_kubernetes_executor.py for tasks to queue
[2023-06-16T13:53:10.518+0700] {logging_mixin.py:149} INFO - [2023-06-16T13:53:10.518+0700] {dagbag.py:541} INFO - Filling up the DagBag from /Library/Frameworks/Python.framework/Versions/3.11/lib/python3.11/site-packages/airflow/example_dags/example_kubernetes_executor.py
[2023-06-16T13:53:10.571+0700] {logging_mixin.py:149} INFO - [2023-06-16T13:53:10.571+0700] {example_kubernetes_executor.py:41} WARNING - The example_kubernetes_executor example DAG requires the kubernetes provider. Please install it with: pip install apache-airflow[cncf.kubernetes]
[2023-06-16T13:53:10.572+0700] {processor.py:838} WARNING - No viable dags retrieved from /Library/Frameworks/Python.framework/Versions/3.11/lib/python3.11/site-packages/airflow/example_dags/example_kubernetes_executor.py
[2023-06-16T13:53:11.557+0700] {processor.py:179} INFO - Processing /Library/Frameworks/Python.framework/Versions/3.11/lib/python3.11/site-packages/airflow/example_dags/example_kubernetes_executor.py took 1.042 seconds
[2023-06-16T13:58:24.996+0700] {processor.py:157} INFO - Started process (PID=13302) to work on /Library/Frameworks/Python.framework/Versions/3.11/lib/python3.11/site-packages/airflow/example_dags/example_kubernetes_executor.py
[2023-06-16T13:58:24.997+0700] {processor.py:826} INFO - Processing file /Library/Frameworks/Python.framework/Versions/3.11/lib/python3.11/site-packages/airflow/example_dags/example_kubernetes_executor.py for tasks to queue
[2023-06-16T13:58:24.998+0700] {logging_mixin.py:149} INFO - [2023-06-16T13:58:24.997+0700] {dagbag.py:541} INFO - Filling up the DagBag from /Library/Frameworks/Python.framework/Versions/3.11/lib/python3.11/site-packages/airflow/example_dags/example_kubernetes_executor.py
[2023-06-16T13:58:25.048+0700] {logging_mixin.py:149} INFO - [2023-06-16T13:58:25.048+0700] {example_kubernetes_executor.py:41} WARNING - The example_kubernetes_executor example DAG requires the kubernetes provider. Please install it with: pip install apache-airflow[cncf.kubernetes]
[2023-06-16T13:58:25.049+0700] {processor.py:838} WARNING - No viable dags retrieved from /Library/Frameworks/Python.framework/Versions/3.11/lib/python3.11/site-packages/airflow/example_dags/example_kubernetes_executor.py
[2023-06-16T13:58:26.209+0700] {processor.py:179} INFO - Processing /Library/Frameworks/Python.framework/Versions/3.11/lib/python3.11/site-packages/airflow/example_dags/example_kubernetes_executor.py took 1.214 seconds
[2023-06-16T14:03:25.123+0700] {processor.py:157} INFO - Started process (PID=13935) to work on /Library/Frameworks/Python.framework/Versions/3.11/lib/python3.11/site-packages/airflow/example_dags/example_kubernetes_executor.py
[2023-06-16T14:03:25.123+0700] {processor.py:826} INFO - Processing file /Library/Frameworks/Python.framework/Versions/3.11/lib/python3.11/site-packages/airflow/example_dags/example_kubernetes_executor.py for tasks to queue
[2023-06-16T14:03:25.124+0700] {logging_mixin.py:149} INFO - [2023-06-16T14:03:25.124+0700] {dagbag.py:541} INFO - Filling up the DagBag from /Library/Frameworks/Python.framework/Versions/3.11/lib/python3.11/site-packages/airflow/example_dags/example_kubernetes_executor.py
[2023-06-16T14:03:25.181+0700] {logging_mixin.py:149} INFO - [2023-06-16T14:03:25.180+0700] {example_kubernetes_executor.py:41} WARNING - The example_kubernetes_executor example DAG requires the kubernetes provider. Please install it with: pip install apache-airflow[cncf.kubernetes]
[2023-06-16T14:03:25.181+0700] {processor.py:838} WARNING - No viable dags retrieved from /Library/Frameworks/Python.framework/Versions/3.11/lib/python3.11/site-packages/airflow/example_dags/example_kubernetes_executor.py
[2023-06-16T14:03:26.150+0700] {processor.py:179} INFO - Processing /Library/Frameworks/Python.framework/Versions/3.11/lib/python3.11/site-packages/airflow/example_dags/example_kubernetes_executor.py took 1.028 seconds
[2023-06-16T14:08:45.323+0700] {processor.py:157} INFO - Started process (PID=14830) to work on /Library/Frameworks/Python.framework/Versions/3.11/lib/python3.11/site-packages/airflow/example_dags/example_kubernetes_executor.py
[2023-06-16T14:08:45.325+0700] {processor.py:826} INFO - Processing file /Library/Frameworks/Python.framework/Versions/3.11/lib/python3.11/site-packages/airflow/example_dags/example_kubernetes_executor.py for tasks to queue
[2023-06-16T14:08:45.326+0700] {logging_mixin.py:149} INFO - [2023-06-16T14:08:45.326+0700] {dagbag.py:541} INFO - Filling up the DagBag from /Library/Frameworks/Python.framework/Versions/3.11/lib/python3.11/site-packages/airflow/example_dags/example_kubernetes_executor.py
[2023-06-16T14:08:45.427+0700] {logging_mixin.py:149} INFO - [2023-06-16T14:08:45.427+0700] {example_kubernetes_executor.py:41} WARNING - The example_kubernetes_executor example DAG requires the kubernetes provider. Please install it with: pip install apache-airflow[cncf.kubernetes]
[2023-06-16T14:08:45.428+0700] {processor.py:838} WARNING - No viable dags retrieved from /Library/Frameworks/Python.framework/Versions/3.11/lib/python3.11/site-packages/airflow/example_dags/example_kubernetes_executor.py
[2023-06-16T14:08:46.817+0700] {processor.py:179} INFO - Processing /Library/Frameworks/Python.framework/Versions/3.11/lib/python3.11/site-packages/airflow/example_dags/example_kubernetes_executor.py took 1.495 seconds
