[2023-06-16T18:46:42.492+0000] {processor.py:157} INFO - Started process (PID=291) to work on /home/airflow/.local/lib/python3.7/site-packages/airflow/example_dags/tutorial.py
[2023-06-16T18:46:42.497+0000] {processor.py:826} INFO - Processing file /home/airflow/.local/lib/python3.7/site-packages/airflow/example_dags/tutorial.py for tasks to queue
[2023-06-16T18:46:42.505+0000] {logging_mixin.py:149} INFO - [2023-06-16T18:46:42.504+0000] {dagbag.py:541} INFO - Filling up the DagBag from /home/airflow/.local/lib/python3.7/site-packages/airflow/example_dags/tutorial.py
[2023-06-16T18:46:42.530+0000] {processor.py:836} INFO - DAG(s) dict_keys(['tutorial']) retrieved from /home/airflow/.local/lib/python3.7/site-packages/airflow/example_dags/tutorial.py
[2023-06-16T18:46:42.591+0000] {logging_mixin.py:149} INFO - [2023-06-16T18:46:42.591+0000] {dag.py:2726} INFO - Sync 1 DAGs
[2023-06-16T18:46:42.657+0000] {logging_mixin.py:149} INFO - [2023-06-16T18:46:42.657+0000] {dag.py:3490} INFO - Setting next_dagrun for tutorial to 2023-06-15T18:46:42.657102+00:00, run_after=2023-06-16T18:46:42.657102+00:00
[2023-06-16T18:46:42.712+0000] {processor.py:179} INFO - Processing /home/airflow/.local/lib/python3.7/site-packages/airflow/example_dags/tutorial.py took 0.231 seconds
[2023-06-16T18:47:13.549+0000] {processor.py:157} INFO - Started process (PID=355) to work on /home/airflow/.local/lib/python3.7/site-packages/airflow/example_dags/tutorial.py
[2023-06-16T18:47:13.553+0000] {processor.py:826} INFO - Processing file /home/airflow/.local/lib/python3.7/site-packages/airflow/example_dags/tutorial.py for tasks to queue
[2023-06-16T18:47:13.556+0000] {logging_mixin.py:149} INFO - [2023-06-16T18:47:13.556+0000] {dagbag.py:541} INFO - Filling up the DagBag from /home/airflow/.local/lib/python3.7/site-packages/airflow/example_dags/tutorial.py
[2023-06-16T18:47:13.574+0000] {processor.py:836} INFO - DAG(s) dict_keys(['tutorial']) retrieved from /home/airflow/.local/lib/python3.7/site-packages/airflow/example_dags/tutorial.py
[2023-06-16T18:47:13.639+0000] {logging_mixin.py:149} INFO - [2023-06-16T18:47:13.639+0000] {dag.py:2726} INFO - Sync 1 DAGs
[2023-06-16T18:47:13.713+0000] {logging_mixin.py:149} INFO - [2023-06-16T18:47:13.713+0000] {dag.py:3490} INFO - Setting next_dagrun for tutorial to 2023-06-15T18:47:13.712591+00:00, run_after=2023-06-16T18:47:13.712591+00:00
[2023-06-16T18:47:13.757+0000] {processor.py:179} INFO - Processing /home/airflow/.local/lib/python3.7/site-packages/airflow/example_dags/tutorial.py took 0.217 seconds
[2023-06-16T18:47:44.134+0000] {processor.py:157} INFO - Started process (PID=412) to work on /home/airflow/.local/lib/python3.7/site-packages/airflow/example_dags/tutorial.py
[2023-06-16T18:47:44.138+0000] {processor.py:826} INFO - Processing file /home/airflow/.local/lib/python3.7/site-packages/airflow/example_dags/tutorial.py for tasks to queue
[2023-06-16T18:47:44.142+0000] {logging_mixin.py:149} INFO - [2023-06-16T18:47:44.142+0000] {dagbag.py:541} INFO - Filling up the DagBag from /home/airflow/.local/lib/python3.7/site-packages/airflow/example_dags/tutorial.py
[2023-06-16T18:47:44.160+0000] {processor.py:836} INFO - DAG(s) dict_keys(['tutorial']) retrieved from /home/airflow/.local/lib/python3.7/site-packages/airflow/example_dags/tutorial.py
[2023-06-16T18:47:44.224+0000] {logging_mixin.py:149} INFO - [2023-06-16T18:47:44.224+0000] {dag.py:2726} INFO - Sync 1 DAGs
[2023-06-16T18:47:44.298+0000] {logging_mixin.py:149} INFO - [2023-06-16T18:47:44.298+0000] {dag.py:3490} INFO - Setting next_dagrun for tutorial to 2023-06-15T18:47:44.297490+00:00, run_after=2023-06-16T18:47:44.297490+00:00
[2023-06-16T18:47:44.351+0000] {processor.py:179} INFO - Processing /home/airflow/.local/lib/python3.7/site-packages/airflow/example_dags/tutorial.py took 0.226 seconds
[2023-06-16T18:48:14.952+0000] {processor.py:157} INFO - Started process (PID=469) to work on /home/airflow/.local/lib/python3.7/site-packages/airflow/example_dags/tutorial.py
[2023-06-16T18:48:14.956+0000] {processor.py:826} INFO - Processing file /home/airflow/.local/lib/python3.7/site-packages/airflow/example_dags/tutorial.py for tasks to queue
[2023-06-16T18:48:14.962+0000] {logging_mixin.py:149} INFO - [2023-06-16T18:48:14.961+0000] {dagbag.py:541} INFO - Filling up the DagBag from /home/airflow/.local/lib/python3.7/site-packages/airflow/example_dags/tutorial.py
[2023-06-16T18:48:14.981+0000] {processor.py:836} INFO - DAG(s) dict_keys(['tutorial']) retrieved from /home/airflow/.local/lib/python3.7/site-packages/airflow/example_dags/tutorial.py
[2023-06-16T18:48:15.042+0000] {logging_mixin.py:149} INFO - [2023-06-16T18:48:15.041+0000] {dag.py:2726} INFO - Sync 1 DAGs
[2023-06-16T18:48:15.111+0000] {logging_mixin.py:149} INFO - [2023-06-16T18:48:15.111+0000] {dag.py:3490} INFO - Setting next_dagrun for tutorial to 2023-06-15T18:48:15.110971+00:00, run_after=2023-06-16T18:48:15.110971+00:00
[2023-06-16T18:48:15.155+0000] {processor.py:179} INFO - Processing /home/airflow/.local/lib/python3.7/site-packages/airflow/example_dags/tutorial.py took 0.210 seconds
[2023-06-16T18:48:45.413+0000] {processor.py:157} INFO - Started process (PID=526) to work on /home/airflow/.local/lib/python3.7/site-packages/airflow/example_dags/tutorial.py
[2023-06-16T18:48:45.417+0000] {processor.py:826} INFO - Processing file /home/airflow/.local/lib/python3.7/site-packages/airflow/example_dags/tutorial.py for tasks to queue
[2023-06-16T18:48:45.420+0000] {logging_mixin.py:149} INFO - [2023-06-16T18:48:45.420+0000] {dagbag.py:541} INFO - Filling up the DagBag from /home/airflow/.local/lib/python3.7/site-packages/airflow/example_dags/tutorial.py
[2023-06-16T18:48:45.437+0000] {processor.py:836} INFO - DAG(s) dict_keys(['tutorial']) retrieved from /home/airflow/.local/lib/python3.7/site-packages/airflow/example_dags/tutorial.py
[2023-06-16T18:48:45.498+0000] {logging_mixin.py:149} INFO - [2023-06-16T18:48:45.497+0000] {dag.py:2726} INFO - Sync 1 DAGs
[2023-06-16T18:48:45.568+0000] {logging_mixin.py:149} INFO - [2023-06-16T18:48:45.568+0000] {dag.py:3490} INFO - Setting next_dagrun for tutorial to 2023-06-15T18:48:45.567540+00:00, run_after=2023-06-16T18:48:45.567540+00:00
[2023-06-16T18:48:45.623+0000] {processor.py:179} INFO - Processing /home/airflow/.local/lib/python3.7/site-packages/airflow/example_dags/tutorial.py took 0.218 seconds
[2023-06-16T18:49:16.214+0000] {processor.py:157} INFO - Started process (PID=583) to work on /home/airflow/.local/lib/python3.7/site-packages/airflow/example_dags/tutorial.py
[2023-06-16T18:49:16.218+0000] {processor.py:826} INFO - Processing file /home/airflow/.local/lib/python3.7/site-packages/airflow/example_dags/tutorial.py for tasks to queue
[2023-06-16T18:49:16.222+0000] {logging_mixin.py:149} INFO - [2023-06-16T18:49:16.222+0000] {dagbag.py:541} INFO - Filling up the DagBag from /home/airflow/.local/lib/python3.7/site-packages/airflow/example_dags/tutorial.py
[2023-06-16T18:49:16.240+0000] {processor.py:836} INFO - DAG(s) dict_keys(['tutorial']) retrieved from /home/airflow/.local/lib/python3.7/site-packages/airflow/example_dags/tutorial.py
[2023-06-16T18:49:16.340+0000] {logging_mixin.py:149} INFO - [2023-06-16T18:49:16.340+0000] {dag.py:2726} INFO - Sync 1 DAGs
[2023-06-16T18:49:16.405+0000] {logging_mixin.py:149} INFO - [2023-06-16T18:49:16.404+0000] {dag.py:3490} INFO - Setting next_dagrun for tutorial to 2023-06-15T18:49:16.404144+00:00, run_after=2023-06-16T18:49:16.404144+00:00
[2023-06-16T18:49:16.450+0000] {processor.py:179} INFO - Processing /home/airflow/.local/lib/python3.7/site-packages/airflow/example_dags/tutorial.py took 0.245 seconds
[2023-06-16T18:49:47.999+0000] {processor.py:157} INFO - Started process (PID=639) to work on /home/airflow/.local/lib/python3.7/site-packages/airflow/example_dags/tutorial.py
[2023-06-16T18:49:48.002+0000] {processor.py:826} INFO - Processing file /home/airflow/.local/lib/python3.7/site-packages/airflow/example_dags/tutorial.py for tasks to queue
[2023-06-16T18:49:48.005+0000] {logging_mixin.py:149} INFO - [2023-06-16T18:49:48.005+0000] {dagbag.py:541} INFO - Filling up the DagBag from /home/airflow/.local/lib/python3.7/site-packages/airflow/example_dags/tutorial.py
[2023-06-16T18:49:48.026+0000] {processor.py:836} INFO - DAG(s) dict_keys(['tutorial']) retrieved from /home/airflow/.local/lib/python3.7/site-packages/airflow/example_dags/tutorial.py
[2023-06-16T18:49:48.100+0000] {logging_mixin.py:149} INFO - [2023-06-16T18:49:48.099+0000] {dag.py:2726} INFO - Sync 1 DAGs
[2023-06-16T18:49:48.195+0000] {logging_mixin.py:149} INFO - [2023-06-16T18:49:48.193+0000] {dag.py:3490} INFO - Setting next_dagrun for tutorial to 2023-06-15T18:49:48.193412+00:00, run_after=2023-06-16T18:49:48.193412+00:00
[2023-06-16T18:49:48.303+0000] {processor.py:179} INFO - Processing /home/airflow/.local/lib/python3.7/site-packages/airflow/example_dags/tutorial.py took 0.313 seconds
[2023-06-16T18:50:18.454+0000] {processor.py:157} INFO - Started process (PID=696) to work on /home/airflow/.local/lib/python3.7/site-packages/airflow/example_dags/tutorial.py
[2023-06-16T18:50:18.460+0000] {processor.py:826} INFO - Processing file /home/airflow/.local/lib/python3.7/site-packages/airflow/example_dags/tutorial.py for tasks to queue
[2023-06-16T18:50:18.463+0000] {logging_mixin.py:149} INFO - [2023-06-16T18:50:18.463+0000] {dagbag.py:541} INFO - Filling up the DagBag from /home/airflow/.local/lib/python3.7/site-packages/airflow/example_dags/tutorial.py
[2023-06-16T18:50:18.480+0000] {processor.py:836} INFO - DAG(s) dict_keys(['tutorial']) retrieved from /home/airflow/.local/lib/python3.7/site-packages/airflow/example_dags/tutorial.py
[2023-06-16T18:50:18.537+0000] {logging_mixin.py:149} INFO - [2023-06-16T18:50:18.537+0000] {dag.py:2726} INFO - Sync 1 DAGs
[2023-06-16T18:50:18.597+0000] {logging_mixin.py:149} INFO - [2023-06-16T18:50:18.597+0000] {dag.py:3490} INFO - Setting next_dagrun for tutorial to 2023-06-15T18:50:18.596914+00:00, run_after=2023-06-16T18:50:18.596914+00:00
[2023-06-16T18:50:18.645+0000] {processor.py:179} INFO - Processing /home/airflow/.local/lib/python3.7/site-packages/airflow/example_dags/tutorial.py took 0.198 seconds
[2023-06-16T18:50:48.840+0000] {processor.py:157} INFO - Started process (PID=754) to work on /home/airflow/.local/lib/python3.7/site-packages/airflow/example_dags/tutorial.py
[2023-06-16T18:50:48.844+0000] {processor.py:826} INFO - Processing file /home/airflow/.local/lib/python3.7/site-packages/airflow/example_dags/tutorial.py for tasks to queue
[2023-06-16T18:50:48.850+0000] {logging_mixin.py:149} INFO - [2023-06-16T18:50:48.849+0000] {dagbag.py:541} INFO - Filling up the DagBag from /home/airflow/.local/lib/python3.7/site-packages/airflow/example_dags/tutorial.py
[2023-06-16T18:50:48.867+0000] {processor.py:836} INFO - DAG(s) dict_keys(['tutorial']) retrieved from /home/airflow/.local/lib/python3.7/site-packages/airflow/example_dags/tutorial.py
[2023-06-16T18:50:48.929+0000] {logging_mixin.py:149} INFO - [2023-06-16T18:50:48.928+0000] {dag.py:2726} INFO - Sync 1 DAGs
[2023-06-16T18:50:48.988+0000] {logging_mixin.py:149} INFO - [2023-06-16T18:50:48.988+0000] {dag.py:3490} INFO - Setting next_dagrun for tutorial to 2023-06-15T18:50:48.987694+00:00, run_after=2023-06-16T18:50:48.987694+00:00
[2023-06-16T18:50:49.036+0000] {processor.py:179} INFO - Processing /home/airflow/.local/lib/python3.7/site-packages/airflow/example_dags/tutorial.py took 0.203 seconds
[2023-06-16T18:51:19.460+0000] {processor.py:157} INFO - Started process (PID=811) to work on /home/airflow/.local/lib/python3.7/site-packages/airflow/example_dags/tutorial.py
[2023-06-16T18:51:19.466+0000] {processor.py:826} INFO - Processing file /home/airflow/.local/lib/python3.7/site-packages/airflow/example_dags/tutorial.py for tasks to queue
[2023-06-16T18:51:19.471+0000] {logging_mixin.py:149} INFO - [2023-06-16T18:51:19.471+0000] {dagbag.py:541} INFO - Filling up the DagBag from /home/airflow/.local/lib/python3.7/site-packages/airflow/example_dags/tutorial.py
[2023-06-16T18:51:19.490+0000] {processor.py:836} INFO - DAG(s) dict_keys(['tutorial']) retrieved from /home/airflow/.local/lib/python3.7/site-packages/airflow/example_dags/tutorial.py
[2023-06-16T18:51:19.549+0000] {logging_mixin.py:149} INFO - [2023-06-16T18:51:19.549+0000] {dag.py:2726} INFO - Sync 1 DAGs
[2023-06-16T18:51:19.621+0000] {logging_mixin.py:149} INFO - [2023-06-16T18:51:19.620+0000] {dag.py:3490} INFO - Setting next_dagrun for tutorial to 2023-06-15T18:51:19.620239+00:00, run_after=2023-06-16T18:51:19.620239+00:00
[2023-06-16T18:51:19.670+0000] {processor.py:179} INFO - Processing /home/airflow/.local/lib/python3.7/site-packages/airflow/example_dags/tutorial.py took 0.219 seconds
[2023-06-16T18:51:50.348+0000] {processor.py:157} INFO - Started process (PID=869) to work on /home/airflow/.local/lib/python3.7/site-packages/airflow/example_dags/tutorial.py
[2023-06-16T18:51:50.353+0000] {processor.py:826} INFO - Processing file /home/airflow/.local/lib/python3.7/site-packages/airflow/example_dags/tutorial.py for tasks to queue
[2023-06-16T18:51:50.356+0000] {logging_mixin.py:149} INFO - [2023-06-16T18:51:50.356+0000] {dagbag.py:541} INFO - Filling up the DagBag from /home/airflow/.local/lib/python3.7/site-packages/airflow/example_dags/tutorial.py
[2023-06-16T18:51:50.376+0000] {processor.py:836} INFO - DAG(s) dict_keys(['tutorial']) retrieved from /home/airflow/.local/lib/python3.7/site-packages/airflow/example_dags/tutorial.py
[2023-06-16T18:51:50.451+0000] {logging_mixin.py:149} INFO - [2023-06-16T18:51:50.451+0000] {dag.py:2726} INFO - Sync 1 DAGs
[2023-06-16T18:51:50.607+0000] {logging_mixin.py:149} INFO - [2023-06-16T18:51:50.606+0000] {dag.py:3490} INFO - Setting next_dagrun for tutorial to 2023-06-15T18:51:50.606370+00:00, run_after=2023-06-16T18:51:50.606370+00:00
[2023-06-16T18:51:50.715+0000] {processor.py:179} INFO - Processing /home/airflow/.local/lib/python3.7/site-packages/airflow/example_dags/tutorial.py took 0.378 seconds
[2023-06-16T18:52:20.844+0000] {processor.py:157} INFO - Started process (PID=926) to work on /home/airflow/.local/lib/python3.7/site-packages/airflow/example_dags/tutorial.py
[2023-06-16T18:52:20.849+0000] {processor.py:826} INFO - Processing file /home/airflow/.local/lib/python3.7/site-packages/airflow/example_dags/tutorial.py for tasks to queue
[2023-06-16T18:52:20.853+0000] {logging_mixin.py:149} INFO - [2023-06-16T18:52:20.853+0000] {dagbag.py:541} INFO - Filling up the DagBag from /home/airflow/.local/lib/python3.7/site-packages/airflow/example_dags/tutorial.py
[2023-06-16T18:52:20.871+0000] {processor.py:836} INFO - DAG(s) dict_keys(['tutorial']) retrieved from /home/airflow/.local/lib/python3.7/site-packages/airflow/example_dags/tutorial.py
[2023-06-16T18:52:20.936+0000] {logging_mixin.py:149} INFO - [2023-06-16T18:52:20.936+0000] {dag.py:2726} INFO - Sync 1 DAGs
[2023-06-16T18:52:21.003+0000] {logging_mixin.py:149} INFO - [2023-06-16T18:52:21.003+0000] {dag.py:3490} INFO - Setting next_dagrun for tutorial to 2023-06-15T18:52:21.002972+00:00, run_after=2023-06-16T18:52:21.002972+00:00
[2023-06-16T18:52:21.052+0000] {processor.py:179} INFO - Processing /home/airflow/.local/lib/python3.7/site-packages/airflow/example_dags/tutorial.py took 0.217 seconds
[2023-06-16T18:52:54.332+0000] {processor.py:157} INFO - Started process (PID=984) to work on /home/airflow/.local/lib/python3.7/site-packages/airflow/example_dags/tutorial.py
[2023-06-16T18:52:54.340+0000] {processor.py:826} INFO - Processing file /home/airflow/.local/lib/python3.7/site-packages/airflow/example_dags/tutorial.py for tasks to queue
[2023-06-16T18:52:54.346+0000] {logging_mixin.py:149} INFO - [2023-06-16T18:52:54.346+0000] {dagbag.py:541} INFO - Filling up the DagBag from /home/airflow/.local/lib/python3.7/site-packages/airflow/example_dags/tutorial.py
[2023-06-16T18:52:54.377+0000] {processor.py:836} INFO - DAG(s) dict_keys(['tutorial']) retrieved from /home/airflow/.local/lib/python3.7/site-packages/airflow/example_dags/tutorial.py
[2023-06-16T18:52:54.444+0000] {logging_mixin.py:149} INFO - [2023-06-16T18:52:54.444+0000] {dag.py:2726} INFO - Sync 1 DAGs
[2023-06-16T18:52:54.520+0000] {logging_mixin.py:149} INFO - [2023-06-16T18:52:54.519+0000] {dag.py:3490} INFO - Setting next_dagrun for tutorial to 2023-06-15T18:52:54.519310+00:00, run_after=2023-06-16T18:52:54.519310+00:00
[2023-06-16T18:52:54.571+0000] {processor.py:179} INFO - Processing /home/airflow/.local/lib/python3.7/site-packages/airflow/example_dags/tutorial.py took 0.283 seconds
[2023-06-16T18:53:25.410+0000] {processor.py:157} INFO - Started process (PID=1042) to work on /home/airflow/.local/lib/python3.7/site-packages/airflow/example_dags/tutorial.py
[2023-06-16T18:53:25.417+0000] {processor.py:826} INFO - Processing file /home/airflow/.local/lib/python3.7/site-packages/airflow/example_dags/tutorial.py for tasks to queue
[2023-06-16T18:53:25.423+0000] {logging_mixin.py:149} INFO - [2023-06-16T18:53:25.422+0000] {dagbag.py:541} INFO - Filling up the DagBag from /home/airflow/.local/lib/python3.7/site-packages/airflow/example_dags/tutorial.py
[2023-06-16T18:53:25.447+0000] {processor.py:836} INFO - DAG(s) dict_keys(['tutorial']) retrieved from /home/airflow/.local/lib/python3.7/site-packages/airflow/example_dags/tutorial.py
[2023-06-16T18:53:25.532+0000] {logging_mixin.py:149} INFO - [2023-06-16T18:53:25.532+0000] {dag.py:2726} INFO - Sync 1 DAGs
[2023-06-16T18:53:25.615+0000] {logging_mixin.py:149} INFO - [2023-06-16T18:53:25.615+0000] {dag.py:3490} INFO - Setting next_dagrun for tutorial to 2023-06-15T18:53:25.614729+00:00, run_after=2023-06-16T18:53:25.614729+00:00
[2023-06-16T18:53:25.692+0000] {processor.py:179} INFO - Processing /home/airflow/.local/lib/python3.7/site-packages/airflow/example_dags/tutorial.py took 0.297 seconds
[2023-06-16T18:53:55.952+0000] {processor.py:157} INFO - Started process (PID=1099) to work on /home/airflow/.local/lib/python3.7/site-packages/airflow/example_dags/tutorial.py
[2023-06-16T18:53:55.956+0000] {processor.py:826} INFO - Processing file /home/airflow/.local/lib/python3.7/site-packages/airflow/example_dags/tutorial.py for tasks to queue
[2023-06-16T18:53:55.959+0000] {logging_mixin.py:149} INFO - [2023-06-16T18:53:55.959+0000] {dagbag.py:541} INFO - Filling up the DagBag from /home/airflow/.local/lib/python3.7/site-packages/airflow/example_dags/tutorial.py
[2023-06-16T18:53:55.981+0000] {processor.py:836} INFO - DAG(s) dict_keys(['tutorial']) retrieved from /home/airflow/.local/lib/python3.7/site-packages/airflow/example_dags/tutorial.py
[2023-06-16T18:53:56.054+0000] {logging_mixin.py:149} INFO - [2023-06-16T18:53:56.054+0000] {dag.py:2726} INFO - Sync 1 DAGs
[2023-06-16T18:53:56.133+0000] {logging_mixin.py:149} INFO - [2023-06-16T18:53:56.132+0000] {dag.py:3490} INFO - Setting next_dagrun for tutorial to 2023-06-15T18:53:56.132113+00:00, run_after=2023-06-16T18:53:56.132113+00:00
[2023-06-16T18:53:56.189+0000] {processor.py:179} INFO - Processing /home/airflow/.local/lib/python3.7/site-packages/airflow/example_dags/tutorial.py took 0.248 seconds
[2023-06-16T18:54:27.067+0000] {processor.py:157} INFO - Started process (PID=1156) to work on /home/airflow/.local/lib/python3.7/site-packages/airflow/example_dags/tutorial.py
[2023-06-16T18:54:27.073+0000] {processor.py:826} INFO - Processing file /home/airflow/.local/lib/python3.7/site-packages/airflow/example_dags/tutorial.py for tasks to queue
[2023-06-16T18:54:27.080+0000] {logging_mixin.py:149} INFO - [2023-06-16T18:54:27.080+0000] {dagbag.py:541} INFO - Filling up the DagBag from /home/airflow/.local/lib/python3.7/site-packages/airflow/example_dags/tutorial.py
[2023-06-16T18:54:27.106+0000] {processor.py:836} INFO - DAG(s) dict_keys(['tutorial']) retrieved from /home/airflow/.local/lib/python3.7/site-packages/airflow/example_dags/tutorial.py
[2023-06-16T18:54:27.211+0000] {logging_mixin.py:149} INFO - [2023-06-16T18:54:27.211+0000] {dag.py:2726} INFO - Sync 1 DAGs
[2023-06-16T18:54:27.285+0000] {logging_mixin.py:149} INFO - [2023-06-16T18:54:27.285+0000] {dag.py:3490} INFO - Setting next_dagrun for tutorial to 2023-06-15T18:54:27.284132+00:00, run_after=2023-06-16T18:54:27.284132+00:00
[2023-06-16T18:54:27.337+0000] {processor.py:179} INFO - Processing /home/airflow/.local/lib/python3.7/site-packages/airflow/example_dags/tutorial.py took 0.283 seconds
[2023-06-16T18:54:58.104+0000] {processor.py:157} INFO - Started process (PID=1215) to work on /home/airflow/.local/lib/python3.7/site-packages/airflow/example_dags/tutorial.py
[2023-06-16T18:54:58.112+0000] {processor.py:826} INFO - Processing file /home/airflow/.local/lib/python3.7/site-packages/airflow/example_dags/tutorial.py for tasks to queue
[2023-06-16T18:54:58.120+0000] {logging_mixin.py:149} INFO - [2023-06-16T18:54:58.119+0000] {dagbag.py:541} INFO - Filling up the DagBag from /home/airflow/.local/lib/python3.7/site-packages/airflow/example_dags/tutorial.py
[2023-06-16T18:54:58.139+0000] {processor.py:836} INFO - DAG(s) dict_keys(['tutorial']) retrieved from /home/airflow/.local/lib/python3.7/site-packages/airflow/example_dags/tutorial.py
[2023-06-16T18:54:58.201+0000] {logging_mixin.py:149} INFO - [2023-06-16T18:54:58.200+0000] {dag.py:2726} INFO - Sync 1 DAGs
[2023-06-16T18:54:58.287+0000] {logging_mixin.py:149} INFO - [2023-06-16T18:54:58.287+0000] {dag.py:3490} INFO - Setting next_dagrun for tutorial to 2023-06-15T18:54:58.286819+00:00, run_after=2023-06-16T18:54:58.286819+00:00
[2023-06-16T18:54:58.364+0000] {processor.py:179} INFO - Processing /home/airflow/.local/lib/python3.7/site-packages/airflow/example_dags/tutorial.py took 0.315 seconds
[2023-06-16T18:55:29.137+0000] {processor.py:157} INFO - Started process (PID=1272) to work on /home/airflow/.local/lib/python3.7/site-packages/airflow/example_dags/tutorial.py
[2023-06-16T18:55:29.142+0000] {processor.py:826} INFO - Processing file /home/airflow/.local/lib/python3.7/site-packages/airflow/example_dags/tutorial.py for tasks to queue
[2023-06-16T18:55:29.147+0000] {logging_mixin.py:149} INFO - [2023-06-16T18:55:29.146+0000] {dagbag.py:541} INFO - Filling up the DagBag from /home/airflow/.local/lib/python3.7/site-packages/airflow/example_dags/tutorial.py
[2023-06-16T18:55:29.171+0000] {processor.py:836} INFO - DAG(s) dict_keys(['tutorial']) retrieved from /home/airflow/.local/lib/python3.7/site-packages/airflow/example_dags/tutorial.py
[2023-06-16T18:55:29.242+0000] {logging_mixin.py:149} INFO - [2023-06-16T18:55:29.241+0000] {dag.py:2726} INFO - Sync 1 DAGs
[2023-06-16T18:55:29.311+0000] {logging_mixin.py:149} INFO - [2023-06-16T18:55:29.311+0000] {dag.py:3490} INFO - Setting next_dagrun for tutorial to 2023-06-15T18:55:29.311085+00:00, run_after=2023-06-16T18:55:29.311085+00:00
[2023-06-16T18:55:29.371+0000] {processor.py:179} INFO - Processing /home/airflow/.local/lib/python3.7/site-packages/airflow/example_dags/tutorial.py took 0.245 seconds
