[2023-06-16T10:11:37.844+0700] {processor.py:157} INFO - Started process (PID=88548) to work on /Library/Frameworks/Python.framework/Versions/3.11/lib/python3.11/site-packages/airflow/example_dags/tutorial_dag.py
[2023-06-16T10:11:37.845+0700] {processor.py:826} INFO - Processing file /Library/Frameworks/Python.framework/Versions/3.11/lib/python3.11/site-packages/airflow/example_dags/tutorial_dag.py for tasks to queue
[2023-06-16T10:11:37.845+0700] {logging_mixin.py:149} INFO - [2023-06-16T10:11:37.845+0700] {dagbag.py:541} INFO - Filling up the DagBag from /Library/Frameworks/Python.framework/Versions/3.11/lib/python3.11/site-packages/airflow/example_dags/tutorial_dag.py
[2023-06-16T10:11:37.884+0700] {processor.py:836} INFO - DAG(s) dict_keys(['tutorial_dag']) retrieved from /Library/Frameworks/Python.framework/Versions/3.11/lib/python3.11/site-packages/airflow/example_dags/tutorial_dag.py
[2023-06-16T10:11:38.963+0700] {logging_mixin.py:149} INFO - [2023-06-16T10:11:38.963+0700] {dag.py:2726} INFO - Sync 1 DAGs
[2023-06-16T10:11:38.979+0700] {logging_mixin.py:149} INFO - [2023-06-16T10:11:38.979+0700] {dag.py:3486} INFO - Setting next_dagrun for tutorial_dag to None, run_after=None
[2023-06-16T10:11:38.997+0700] {processor.py:179} INFO - Processing /Library/Frameworks/Python.framework/Versions/3.11/lib/python3.11/site-packages/airflow/example_dags/tutorial_dag.py took 1.152 seconds
[2023-06-16T11:02:56.254+0700] {processor.py:157} INFO - Started process (PID=89088) to work on /Library/Frameworks/Python.framework/Versions/3.11/lib/python3.11/site-packages/airflow/example_dags/tutorial_dag.py
[2023-06-16T11:02:56.255+0700] {processor.py:826} INFO - Processing file /Library/Frameworks/Python.framework/Versions/3.11/lib/python3.11/site-packages/airflow/example_dags/tutorial_dag.py for tasks to queue
[2023-06-16T11:02:56.256+0700] {logging_mixin.py:149} INFO - [2023-06-16T11:02:56.255+0700] {dagbag.py:541} INFO - Filling up the DagBag from /Library/Frameworks/Python.framework/Versions/3.11/lib/python3.11/site-packages/airflow/example_dags/tutorial_dag.py
[2023-06-16T11:02:56.300+0700] {processor.py:836} INFO - DAG(s) dict_keys(['tutorial_dag']) retrieved from /Library/Frameworks/Python.framework/Versions/3.11/lib/python3.11/site-packages/airflow/example_dags/tutorial_dag.py
[2023-06-16T11:02:57.539+0700] {logging_mixin.py:149} INFO - [2023-06-16T11:02:57.539+0700] {dag.py:2726} INFO - Sync 1 DAGs
[2023-06-16T11:02:57.564+0700] {logging_mixin.py:149} INFO - [2023-06-16T11:02:57.564+0700] {dag.py:3486} INFO - Setting next_dagrun for tutorial_dag to None, run_after=None
[2023-06-16T11:02:57.589+0700] {processor.py:179} INFO - Processing /Library/Frameworks/Python.framework/Versions/3.11/lib/python3.11/site-packages/airflow/example_dags/tutorial_dag.py took 1.336 seconds
[2023-06-16T11:05:28.227+0700] {processor.py:157} INFO - Started process (PID=89371) to work on /Library/Frameworks/Python.framework/Versions/3.11/lib/python3.11/site-packages/airflow/example_dags/tutorial_dag.py
[2023-06-16T11:05:28.227+0700] {processor.py:826} INFO - Processing file /Library/Frameworks/Python.framework/Versions/3.11/lib/python3.11/site-packages/airflow/example_dags/tutorial_dag.py for tasks to queue
[2023-06-16T11:05:28.228+0700] {logging_mixin.py:149} INFO - [2023-06-16T11:05:28.228+0700] {dagbag.py:541} INFO - Filling up the DagBag from /Library/Frameworks/Python.framework/Versions/3.11/lib/python3.11/site-packages/airflow/example_dags/tutorial_dag.py
[2023-06-16T11:05:28.272+0700] {processor.py:836} INFO - DAG(s) dict_keys(['tutorial_dag']) retrieved from /Library/Frameworks/Python.framework/Versions/3.11/lib/python3.11/site-packages/airflow/example_dags/tutorial_dag.py
[2023-06-16T11:05:29.601+0700] {logging_mixin.py:149} INFO - [2023-06-16T11:05:29.601+0700] {dag.py:2726} INFO - Sync 1 DAGs
[2023-06-16T11:05:29.622+0700] {logging_mixin.py:149} INFO - [2023-06-16T11:05:29.621+0700] {dag.py:3486} INFO - Setting next_dagrun for tutorial_dag to None, run_after=None
[2023-06-16T11:05:29.645+0700] {processor.py:179} INFO - Processing /Library/Frameworks/Python.framework/Versions/3.11/lib/python3.11/site-packages/airflow/example_dags/tutorial_dag.py took 1.419 seconds
[2023-06-16T11:08:11.531+0700] {processor.py:157} INFO - Started process (PID=89753) to work on /Library/Frameworks/Python.framework/Versions/3.11/lib/python3.11/site-packages/airflow/example_dags/tutorial_dag.py
[2023-06-16T11:08:11.532+0700] {processor.py:826} INFO - Processing file /Library/Frameworks/Python.framework/Versions/3.11/lib/python3.11/site-packages/airflow/example_dags/tutorial_dag.py for tasks to queue
[2023-06-16T11:08:11.532+0700] {logging_mixin.py:149} INFO - [2023-06-16T11:08:11.532+0700] {dagbag.py:541} INFO - Filling up the DagBag from /Library/Frameworks/Python.framework/Versions/3.11/lib/python3.11/site-packages/airflow/example_dags/tutorial_dag.py
[2023-06-16T11:08:11.576+0700] {processor.py:836} INFO - DAG(s) dict_keys(['tutorial_dag']) retrieved from /Library/Frameworks/Python.framework/Versions/3.11/lib/python3.11/site-packages/airflow/example_dags/tutorial_dag.py
[2023-06-16T11:08:12.850+0700] {logging_mixin.py:149} INFO - [2023-06-16T11:08:12.850+0700] {dag.py:2726} INFO - Sync 1 DAGs
[2023-06-16T11:08:12.870+0700] {logging_mixin.py:149} INFO - [2023-06-16T11:08:12.870+0700] {dag.py:3486} INFO - Setting next_dagrun for tutorial_dag to None, run_after=None
[2023-06-16T11:08:12.893+0700] {processor.py:179} INFO - Processing /Library/Frameworks/Python.framework/Versions/3.11/lib/python3.11/site-packages/airflow/example_dags/tutorial_dag.py took 1.363 seconds
[2023-06-16T11:11:51.412+0700] {processor.py:157} INFO - Started process (PID=90217) to work on /Library/Frameworks/Python.framework/Versions/3.11/lib/python3.11/site-packages/airflow/example_dags/tutorial_dag.py
[2023-06-16T11:11:51.413+0700] {processor.py:826} INFO - Processing file /Library/Frameworks/Python.framework/Versions/3.11/lib/python3.11/site-packages/airflow/example_dags/tutorial_dag.py for tasks to queue
[2023-06-16T11:11:51.414+0700] {logging_mixin.py:149} INFO - [2023-06-16T11:11:51.413+0700] {dagbag.py:541} INFO - Filling up the DagBag from /Library/Frameworks/Python.framework/Versions/3.11/lib/python3.11/site-packages/airflow/example_dags/tutorial_dag.py
[2023-06-16T11:11:51.454+0700] {processor.py:836} INFO - DAG(s) dict_keys(['tutorial_dag']) retrieved from /Library/Frameworks/Python.framework/Versions/3.11/lib/python3.11/site-packages/airflow/example_dags/tutorial_dag.py
[2023-06-16T11:11:52.800+0700] {logging_mixin.py:149} INFO - [2023-06-16T11:11:52.800+0700] {dag.py:2726} INFO - Sync 1 DAGs
[2023-06-16T11:11:52.843+0700] {logging_mixin.py:149} INFO - [2023-06-16T11:11:52.843+0700] {dag.py:3486} INFO - Setting next_dagrun for tutorial_dag to None, run_after=None
[2023-06-16T11:11:52.870+0700] {processor.py:179} INFO - Processing /Library/Frameworks/Python.framework/Versions/3.11/lib/python3.11/site-packages/airflow/example_dags/tutorial_dag.py took 1.459 seconds
[2023-06-16T11:14:55.558+0700] {processor.py:157} INFO - Started process (PID=90593) to work on /Library/Frameworks/Python.framework/Versions/3.11/lib/python3.11/site-packages/airflow/example_dags/tutorial_dag.py
[2023-06-16T11:14:55.559+0700] {processor.py:826} INFO - Processing file /Library/Frameworks/Python.framework/Versions/3.11/lib/python3.11/site-packages/airflow/example_dags/tutorial_dag.py for tasks to queue
[2023-06-16T11:14:55.560+0700] {logging_mixin.py:149} INFO - [2023-06-16T11:14:55.560+0700] {dagbag.py:541} INFO - Filling up the DagBag from /Library/Frameworks/Python.framework/Versions/3.11/lib/python3.11/site-packages/airflow/example_dags/tutorial_dag.py
[2023-06-16T11:14:55.595+0700] {processor.py:836} INFO - DAG(s) dict_keys(['tutorial_dag']) retrieved from /Library/Frameworks/Python.framework/Versions/3.11/lib/python3.11/site-packages/airflow/example_dags/tutorial_dag.py
[2023-06-16T11:14:56.571+0700] {logging_mixin.py:149} INFO - [2023-06-16T11:14:56.571+0700] {dag.py:2726} INFO - Sync 1 DAGs
[2023-06-16T11:14:56.595+0700] {logging_mixin.py:149} INFO - [2023-06-16T11:14:56.594+0700] {dag.py:3486} INFO - Setting next_dagrun for tutorial_dag to None, run_after=None
[2023-06-16T11:14:56.612+0700] {processor.py:179} INFO - Processing /Library/Frameworks/Python.framework/Versions/3.11/lib/python3.11/site-packages/airflow/example_dags/tutorial_dag.py took 1.055 seconds
[2023-06-16T11:18:31.217+0700] {processor.py:157} INFO - Started process (PID=90983) to work on /Library/Frameworks/Python.framework/Versions/3.11/lib/python3.11/site-packages/airflow/example_dags/tutorial_dag.py
[2023-06-16T11:18:31.218+0700] {processor.py:826} INFO - Processing file /Library/Frameworks/Python.framework/Versions/3.11/lib/python3.11/site-packages/airflow/example_dags/tutorial_dag.py for tasks to queue
[2023-06-16T11:18:31.218+0700] {logging_mixin.py:149} INFO - [2023-06-16T11:18:31.218+0700] {dagbag.py:541} INFO - Filling up the DagBag from /Library/Frameworks/Python.framework/Versions/3.11/lib/python3.11/site-packages/airflow/example_dags/tutorial_dag.py
[2023-06-16T11:18:31.263+0700] {processor.py:836} INFO - DAG(s) dict_keys(['tutorial_dag']) retrieved from /Library/Frameworks/Python.framework/Versions/3.11/lib/python3.11/site-packages/airflow/example_dags/tutorial_dag.py
[2023-06-16T11:18:32.720+0700] {logging_mixin.py:149} INFO - [2023-06-16T11:18:32.719+0700] {dag.py:2726} INFO - Sync 1 DAGs
[2023-06-16T11:18:32.755+0700] {logging_mixin.py:149} INFO - [2023-06-16T11:18:32.755+0700] {dag.py:3486} INFO - Setting next_dagrun for tutorial_dag to None, run_after=None
[2023-06-16T11:18:32.792+0700] {processor.py:179} INFO - Processing /Library/Frameworks/Python.framework/Versions/3.11/lib/python3.11/site-packages/airflow/example_dags/tutorial_dag.py took 1.575 seconds
[2023-06-16T11:21:37.739+0700] {processor.py:157} INFO - Started process (PID=91418) to work on /Library/Frameworks/Python.framework/Versions/3.11/lib/python3.11/site-packages/airflow/example_dags/tutorial_dag.py
[2023-06-16T11:21:37.740+0700] {processor.py:826} INFO - Processing file /Library/Frameworks/Python.framework/Versions/3.11/lib/python3.11/site-packages/airflow/example_dags/tutorial_dag.py for tasks to queue
[2023-06-16T11:21:37.741+0700] {logging_mixin.py:149} INFO - [2023-06-16T11:21:37.741+0700] {dagbag.py:541} INFO - Filling up the DagBag from /Library/Frameworks/Python.framework/Versions/3.11/lib/python3.11/site-packages/airflow/example_dags/tutorial_dag.py
[2023-06-16T11:21:37.801+0700] {processor.py:836} INFO - DAG(s) dict_keys(['tutorial_dag']) retrieved from /Library/Frameworks/Python.framework/Versions/3.11/lib/python3.11/site-packages/airflow/example_dags/tutorial_dag.py
[2023-06-16T11:21:38.974+0700] {logging_mixin.py:149} INFO - [2023-06-16T11:21:38.974+0700] {dag.py:2726} INFO - Sync 1 DAGs
[2023-06-16T11:21:39.002+0700] {logging_mixin.py:149} INFO - [2023-06-16T11:21:39.001+0700] {dag.py:3486} INFO - Setting next_dagrun for tutorial_dag to None, run_after=None
[2023-06-16T11:21:39.023+0700] {processor.py:179} INFO - Processing /Library/Frameworks/Python.framework/Versions/3.11/lib/python3.11/site-packages/airflow/example_dags/tutorial_dag.py took 1.284 seconds
[2023-06-16T11:24:08.970+0700] {processor.py:157} INFO - Started process (PID=91718) to work on /Library/Frameworks/Python.framework/Versions/3.11/lib/python3.11/site-packages/airflow/example_dags/tutorial_dag.py
[2023-06-16T11:24:08.970+0700] {processor.py:826} INFO - Processing file /Library/Frameworks/Python.framework/Versions/3.11/lib/python3.11/site-packages/airflow/example_dags/tutorial_dag.py for tasks to queue
[2023-06-16T11:24:08.971+0700] {logging_mixin.py:149} INFO - [2023-06-16T11:24:08.971+0700] {dagbag.py:541} INFO - Filling up the DagBag from /Library/Frameworks/Python.framework/Versions/3.11/lib/python3.11/site-packages/airflow/example_dags/tutorial_dag.py
[2023-06-16T11:24:09.019+0700] {processor.py:836} INFO - DAG(s) dict_keys(['tutorial_dag']) retrieved from /Library/Frameworks/Python.framework/Versions/3.11/lib/python3.11/site-packages/airflow/example_dags/tutorial_dag.py
[2023-06-16T11:24:10.254+0700] {logging_mixin.py:149} INFO - [2023-06-16T11:24:10.253+0700] {dag.py:2726} INFO - Sync 1 DAGs
[2023-06-16T11:24:10.283+0700] {logging_mixin.py:149} INFO - [2023-06-16T11:24:10.283+0700] {dag.py:3486} INFO - Setting next_dagrun for tutorial_dag to None, run_after=None
[2023-06-16T11:24:10.318+0700] {processor.py:179} INFO - Processing /Library/Frameworks/Python.framework/Versions/3.11/lib/python3.11/site-packages/airflow/example_dags/tutorial_dag.py took 1.349 seconds
[2023-06-16T11:28:34.316+0700] {processor.py:157} INFO - Started process (PID=92295) to work on /Library/Frameworks/Python.framework/Versions/3.11/lib/python3.11/site-packages/airflow/example_dags/tutorial_dag.py
[2023-06-16T11:28:34.316+0700] {processor.py:826} INFO - Processing file /Library/Frameworks/Python.framework/Versions/3.11/lib/python3.11/site-packages/airflow/example_dags/tutorial_dag.py for tasks to queue
[2023-06-16T11:28:34.317+0700] {logging_mixin.py:149} INFO - [2023-06-16T11:28:34.317+0700] {dagbag.py:541} INFO - Filling up the DagBag from /Library/Frameworks/Python.framework/Versions/3.11/lib/python3.11/site-packages/airflow/example_dags/tutorial_dag.py
[2023-06-16T11:28:34.363+0700] {processor.py:836} INFO - DAG(s) dict_keys(['tutorial_dag']) retrieved from /Library/Frameworks/Python.framework/Versions/3.11/lib/python3.11/site-packages/airflow/example_dags/tutorial_dag.py
[2023-06-16T11:28:35.671+0700] {logging_mixin.py:149} INFO - [2023-06-16T11:28:35.671+0700] {dag.py:2726} INFO - Sync 1 DAGs
[2023-06-16T11:28:35.690+0700] {logging_mixin.py:149} INFO - [2023-06-16T11:28:35.690+0700] {dag.py:3486} INFO - Setting next_dagrun for tutorial_dag to None, run_after=None
[2023-06-16T11:28:35.708+0700] {processor.py:179} INFO - Processing /Library/Frameworks/Python.framework/Versions/3.11/lib/python3.11/site-packages/airflow/example_dags/tutorial_dag.py took 1.393 seconds
[2023-06-16T11:31:58.718+0700] {processor.py:157} INFO - Started process (PID=92738) to work on /Library/Frameworks/Python.framework/Versions/3.11/lib/python3.11/site-packages/airflow/example_dags/tutorial_dag.py
[2023-06-16T11:31:58.720+0700] {processor.py:826} INFO - Processing file /Library/Frameworks/Python.framework/Versions/3.11/lib/python3.11/site-packages/airflow/example_dags/tutorial_dag.py for tasks to queue
[2023-06-16T11:31:58.721+0700] {logging_mixin.py:149} INFO - [2023-06-16T11:31:58.721+0700] {dagbag.py:541} INFO - Filling up the DagBag from /Library/Frameworks/Python.framework/Versions/3.11/lib/python3.11/site-packages/airflow/example_dags/tutorial_dag.py
[2023-06-16T11:31:58.798+0700] {processor.py:836} INFO - DAG(s) dict_keys(['tutorial_dag']) retrieved from /Library/Frameworks/Python.framework/Versions/3.11/lib/python3.11/site-packages/airflow/example_dags/tutorial_dag.py
[2023-06-16T11:32:00.238+0700] {logging_mixin.py:149} INFO - [2023-06-16T11:32:00.237+0700] {dag.py:2726} INFO - Sync 1 DAGs
[2023-06-16T11:32:00.262+0700] {logging_mixin.py:149} INFO - [2023-06-16T11:32:00.261+0700] {dag.py:3486} INFO - Setting next_dagrun for tutorial_dag to None, run_after=None
[2023-06-16T11:32:00.283+0700] {processor.py:179} INFO - Processing /Library/Frameworks/Python.framework/Versions/3.11/lib/python3.11/site-packages/airflow/example_dags/tutorial_dag.py took 1.566 seconds
[2023-06-16T11:35:19.797+0700] {processor.py:157} INFO - Started process (PID=93143) to work on /Library/Frameworks/Python.framework/Versions/3.11/lib/python3.11/site-packages/airflow/example_dags/tutorial_dag.py
[2023-06-16T11:35:19.799+0700] {processor.py:826} INFO - Processing file /Library/Frameworks/Python.framework/Versions/3.11/lib/python3.11/site-packages/airflow/example_dags/tutorial_dag.py for tasks to queue
[2023-06-16T11:35:19.799+0700] {logging_mixin.py:149} INFO - [2023-06-16T11:35:19.799+0700] {dagbag.py:541} INFO - Filling up the DagBag from /Library/Frameworks/Python.framework/Versions/3.11/lib/python3.11/site-packages/airflow/example_dags/tutorial_dag.py
[2023-06-16T11:35:19.848+0700] {processor.py:836} INFO - DAG(s) dict_keys(['tutorial_dag']) retrieved from /Library/Frameworks/Python.framework/Versions/3.11/lib/python3.11/site-packages/airflow/example_dags/tutorial_dag.py
[2023-06-16T11:35:20.961+0700] {logging_mixin.py:149} INFO - [2023-06-16T11:35:20.961+0700] {dag.py:2726} INFO - Sync 1 DAGs
[2023-06-16T11:35:20.985+0700] {logging_mixin.py:149} INFO - [2023-06-16T11:35:20.984+0700] {dag.py:3486} INFO - Setting next_dagrun for tutorial_dag to None, run_after=None
[2023-06-16T11:35:21.003+0700] {processor.py:179} INFO - Processing /Library/Frameworks/Python.framework/Versions/3.11/lib/python3.11/site-packages/airflow/example_dags/tutorial_dag.py took 1.207 seconds
[2023-06-16T11:38:00.642+0700] {processor.py:157} INFO - Started process (PID=93881) to work on /Library/Frameworks/Python.framework/Versions/3.11/lib/python3.11/site-packages/airflow/example_dags/tutorial_dag.py
[2023-06-16T11:38:00.644+0700] {processor.py:826} INFO - Processing file /Library/Frameworks/Python.framework/Versions/3.11/lib/python3.11/site-packages/airflow/example_dags/tutorial_dag.py for tasks to queue
[2023-06-16T11:38:00.644+0700] {logging_mixin.py:149} INFO - [2023-06-16T11:38:00.644+0700] {dagbag.py:541} INFO - Filling up the DagBag from /Library/Frameworks/Python.framework/Versions/3.11/lib/python3.11/site-packages/airflow/example_dags/tutorial_dag.py
[2023-06-16T11:38:00.690+0700] {processor.py:836} INFO - DAG(s) dict_keys(['tutorial_dag']) retrieved from /Library/Frameworks/Python.framework/Versions/3.11/lib/python3.11/site-packages/airflow/example_dags/tutorial_dag.py
[2023-06-16T11:38:01.912+0700] {logging_mixin.py:149} INFO - [2023-06-16T11:38:01.912+0700] {dag.py:2726} INFO - Sync 1 DAGs
[2023-06-16T11:38:01.936+0700] {logging_mixin.py:149} INFO - [2023-06-16T11:38:01.936+0700] {dag.py:3486} INFO - Setting next_dagrun for tutorial_dag to None, run_after=None
[2023-06-16T11:38:01.955+0700] {processor.py:179} INFO - Processing /Library/Frameworks/Python.framework/Versions/3.11/lib/python3.11/site-packages/airflow/example_dags/tutorial_dag.py took 1.315 seconds
[2023-06-16T11:40:54.795+0700] {processor.py:157} INFO - Started process (PID=94254) to work on /Library/Frameworks/Python.framework/Versions/3.11/lib/python3.11/site-packages/airflow/example_dags/tutorial_dag.py
[2023-06-16T11:40:54.796+0700] {processor.py:826} INFO - Processing file /Library/Frameworks/Python.framework/Versions/3.11/lib/python3.11/site-packages/airflow/example_dags/tutorial_dag.py for tasks to queue
[2023-06-16T11:40:54.797+0700] {logging_mixin.py:149} INFO - [2023-06-16T11:40:54.797+0700] {dagbag.py:541} INFO - Filling up the DagBag from /Library/Frameworks/Python.framework/Versions/3.11/lib/python3.11/site-packages/airflow/example_dags/tutorial_dag.py
[2023-06-16T11:40:54.835+0700] {processor.py:836} INFO - DAG(s) dict_keys(['tutorial_dag']) retrieved from /Library/Frameworks/Python.framework/Versions/3.11/lib/python3.11/site-packages/airflow/example_dags/tutorial_dag.py
[2023-06-16T11:40:55.991+0700] {logging_mixin.py:149} INFO - [2023-06-16T11:40:55.991+0700] {dag.py:2726} INFO - Sync 1 DAGs
[2023-06-16T11:40:56.030+0700] {logging_mixin.py:149} INFO - [2023-06-16T11:40:56.029+0700] {dag.py:3486} INFO - Setting next_dagrun for tutorial_dag to None, run_after=None
[2023-06-16T11:40:56.054+0700] {processor.py:179} INFO - Processing /Library/Frameworks/Python.framework/Versions/3.11/lib/python3.11/site-packages/airflow/example_dags/tutorial_dag.py took 1.260 seconds
[2023-06-16T11:43:41.222+0700] {processor.py:157} INFO - Started process (PID=94566) to work on /Library/Frameworks/Python.framework/Versions/3.11/lib/python3.11/site-packages/airflow/example_dags/tutorial_dag.py
[2023-06-16T11:43:41.223+0700] {processor.py:826} INFO - Processing file /Library/Frameworks/Python.framework/Versions/3.11/lib/python3.11/site-packages/airflow/example_dags/tutorial_dag.py for tasks to queue
[2023-06-16T11:43:41.224+0700] {logging_mixin.py:149} INFO - [2023-06-16T11:43:41.223+0700] {dagbag.py:541} INFO - Filling up the DagBag from /Library/Frameworks/Python.framework/Versions/3.11/lib/python3.11/site-packages/airflow/example_dags/tutorial_dag.py
[2023-06-16T11:43:41.269+0700] {processor.py:836} INFO - DAG(s) dict_keys(['tutorial_dag']) retrieved from /Library/Frameworks/Python.framework/Versions/3.11/lib/python3.11/site-packages/airflow/example_dags/tutorial_dag.py
[2023-06-16T11:43:42.767+0700] {logging_mixin.py:149} INFO - [2023-06-16T11:43:42.767+0700] {dag.py:2726} INFO - Sync 1 DAGs
[2023-06-16T11:43:42.799+0700] {logging_mixin.py:149} INFO - [2023-06-16T11:43:42.798+0700] {dag.py:3486} INFO - Setting next_dagrun for tutorial_dag to None, run_after=None
[2023-06-16T11:43:42.825+0700] {processor.py:179} INFO - Processing /Library/Frameworks/Python.framework/Versions/3.11/lib/python3.11/site-packages/airflow/example_dags/tutorial_dag.py took 1.605 seconds
[2023-06-16T11:49:07.042+0700] {processor.py:157} INFO - Started process (PID=95212) to work on /Library/Frameworks/Python.framework/Versions/3.11/lib/python3.11/site-packages/airflow/example_dags/tutorial_dag.py
[2023-06-16T11:49:07.043+0700] {processor.py:826} INFO - Processing file /Library/Frameworks/Python.framework/Versions/3.11/lib/python3.11/site-packages/airflow/example_dags/tutorial_dag.py for tasks to queue
[2023-06-16T11:49:07.043+0700] {logging_mixin.py:149} INFO - [2023-06-16T11:49:07.043+0700] {dagbag.py:541} INFO - Filling up the DagBag from /Library/Frameworks/Python.framework/Versions/3.11/lib/python3.11/site-packages/airflow/example_dags/tutorial_dag.py
[2023-06-16T11:49:07.093+0700] {processor.py:836} INFO - DAG(s) dict_keys(['tutorial_dag']) retrieved from /Library/Frameworks/Python.framework/Versions/3.11/lib/python3.11/site-packages/airflow/example_dags/tutorial_dag.py
[2023-06-16T11:49:08.405+0700] {logging_mixin.py:149} INFO - [2023-06-16T11:49:08.405+0700] {dag.py:2726} INFO - Sync 1 DAGs
[2023-06-16T11:49:08.427+0700] {logging_mixin.py:149} INFO - [2023-06-16T11:49:08.427+0700] {dag.py:3486} INFO - Setting next_dagrun for tutorial_dag to None, run_after=None
[2023-06-16T11:49:08.450+0700] {processor.py:179} INFO - Processing /Library/Frameworks/Python.framework/Versions/3.11/lib/python3.11/site-packages/airflow/example_dags/tutorial_dag.py took 1.409 seconds
[2023-06-16T11:52:35.921+0700] {processor.py:157} INFO - Started process (PID=95631) to work on /Library/Frameworks/Python.framework/Versions/3.11/lib/python3.11/site-packages/airflow/example_dags/tutorial_dag.py
[2023-06-16T11:52:35.922+0700] {processor.py:826} INFO - Processing file /Library/Frameworks/Python.framework/Versions/3.11/lib/python3.11/site-packages/airflow/example_dags/tutorial_dag.py for tasks to queue
[2023-06-16T11:52:35.924+0700] {logging_mixin.py:149} INFO - [2023-06-16T11:52:35.924+0700] {dagbag.py:541} INFO - Filling up the DagBag from /Library/Frameworks/Python.framework/Versions/3.11/lib/python3.11/site-packages/airflow/example_dags/tutorial_dag.py
[2023-06-16T11:52:35.977+0700] {processor.py:836} INFO - DAG(s) dict_keys(['tutorial_dag']) retrieved from /Library/Frameworks/Python.framework/Versions/3.11/lib/python3.11/site-packages/airflow/example_dags/tutorial_dag.py
[2023-06-16T11:52:37.252+0700] {logging_mixin.py:149} INFO - [2023-06-16T11:52:37.251+0700] {dag.py:2726} INFO - Sync 1 DAGs
[2023-06-16T11:52:37.276+0700] {logging_mixin.py:149} INFO - [2023-06-16T11:52:37.275+0700] {dag.py:3486} INFO - Setting next_dagrun for tutorial_dag to None, run_after=None
[2023-06-16T11:52:37.299+0700] {processor.py:179} INFO - Processing /Library/Frameworks/Python.framework/Versions/3.11/lib/python3.11/site-packages/airflow/example_dags/tutorial_dag.py took 1.379 seconds
[2023-06-16T11:55:53.793+0700] {processor.py:157} INFO - Started process (PID=96075) to work on /Library/Frameworks/Python.framework/Versions/3.11/lib/python3.11/site-packages/airflow/example_dags/tutorial_dag.py
[2023-06-16T11:55:53.794+0700] {processor.py:826} INFO - Processing file /Library/Frameworks/Python.framework/Versions/3.11/lib/python3.11/site-packages/airflow/example_dags/tutorial_dag.py for tasks to queue
[2023-06-16T11:55:53.794+0700] {logging_mixin.py:149} INFO - [2023-06-16T11:55:53.794+0700] {dagbag.py:541} INFO - Filling up the DagBag from /Library/Frameworks/Python.framework/Versions/3.11/lib/python3.11/site-packages/airflow/example_dags/tutorial_dag.py
[2023-06-16T11:55:53.836+0700] {processor.py:836} INFO - DAG(s) dict_keys(['tutorial_dag']) retrieved from /Library/Frameworks/Python.framework/Versions/3.11/lib/python3.11/site-packages/airflow/example_dags/tutorial_dag.py
[2023-06-16T11:55:55.149+0700] {logging_mixin.py:149} INFO - [2023-06-16T11:55:55.149+0700] {dag.py:2726} INFO - Sync 1 DAGs
[2023-06-16T11:55:55.174+0700] {logging_mixin.py:149} INFO - [2023-06-16T11:55:55.174+0700] {dag.py:3486} INFO - Setting next_dagrun for tutorial_dag to None, run_after=None
[2023-06-16T11:55:55.190+0700] {processor.py:179} INFO - Processing /Library/Frameworks/Python.framework/Versions/3.11/lib/python3.11/site-packages/airflow/example_dags/tutorial_dag.py took 1.398 seconds
[2023-06-16T11:58:39.650+0700] {processor.py:157} INFO - Started process (PID=96379) to work on /Library/Frameworks/Python.framework/Versions/3.11/lib/python3.11/site-packages/airflow/example_dags/tutorial_dag.py
[2023-06-16T11:58:39.652+0700] {processor.py:826} INFO - Processing file /Library/Frameworks/Python.framework/Versions/3.11/lib/python3.11/site-packages/airflow/example_dags/tutorial_dag.py for tasks to queue
[2023-06-16T11:58:39.653+0700] {logging_mixin.py:149} INFO - [2023-06-16T11:58:39.652+0700] {dagbag.py:541} INFO - Filling up the DagBag from /Library/Frameworks/Python.framework/Versions/3.11/lib/python3.11/site-packages/airflow/example_dags/tutorial_dag.py
[2023-06-16T11:58:39.702+0700] {processor.py:836} INFO - DAG(s) dict_keys(['tutorial_dag']) retrieved from /Library/Frameworks/Python.framework/Versions/3.11/lib/python3.11/site-packages/airflow/example_dags/tutorial_dag.py
[2023-06-16T11:58:41.353+0700] {logging_mixin.py:149} INFO - [2023-06-16T11:58:41.353+0700] {dag.py:2726} INFO - Sync 1 DAGs
[2023-06-16T11:58:41.377+0700] {logging_mixin.py:149} INFO - [2023-06-16T11:58:41.377+0700] {dag.py:3486} INFO - Setting next_dagrun for tutorial_dag to None, run_after=None
[2023-06-16T11:58:41.399+0700] {processor.py:179} INFO - Processing /Library/Frameworks/Python.framework/Versions/3.11/lib/python3.11/site-packages/airflow/example_dags/tutorial_dag.py took 1.750 seconds
[2023-06-16T12:01:35.455+0700] {processor.py:157} INFO - Started process (PID=96737) to work on /Library/Frameworks/Python.framework/Versions/3.11/lib/python3.11/site-packages/airflow/example_dags/tutorial_dag.py
[2023-06-16T12:01:35.466+0700] {processor.py:826} INFO - Processing file /Library/Frameworks/Python.framework/Versions/3.11/lib/python3.11/site-packages/airflow/example_dags/tutorial_dag.py for tasks to queue
[2023-06-16T12:01:35.467+0700] {logging_mixin.py:149} INFO - [2023-06-16T12:01:35.467+0700] {dagbag.py:541} INFO - Filling up the DagBag from /Library/Frameworks/Python.framework/Versions/3.11/lib/python3.11/site-packages/airflow/example_dags/tutorial_dag.py
[2023-06-16T12:01:35.542+0700] {processor.py:836} INFO - DAG(s) dict_keys(['tutorial_dag']) retrieved from /Library/Frameworks/Python.framework/Versions/3.11/lib/python3.11/site-packages/airflow/example_dags/tutorial_dag.py
[2023-06-16T12:01:37.203+0700] {logging_mixin.py:149} INFO - [2023-06-16T12:01:37.203+0700] {dag.py:2726} INFO - Sync 1 DAGs
[2023-06-16T12:01:37.232+0700] {logging_mixin.py:149} INFO - [2023-06-16T12:01:37.232+0700] {dag.py:3486} INFO - Setting next_dagrun for tutorial_dag to None, run_after=None
[2023-06-16T12:01:37.258+0700] {processor.py:179} INFO - Processing /Library/Frameworks/Python.framework/Versions/3.11/lib/python3.11/site-packages/airflow/example_dags/tutorial_dag.py took 1.804 seconds
[2023-06-16T12:04:11.827+0700] {processor.py:157} INFO - Started process (PID=97151) to work on /Library/Frameworks/Python.framework/Versions/3.11/lib/python3.11/site-packages/airflow/example_dags/tutorial_dag.py
[2023-06-16T12:04:11.831+0700] {processor.py:826} INFO - Processing file /Library/Frameworks/Python.framework/Versions/3.11/lib/python3.11/site-packages/airflow/example_dags/tutorial_dag.py for tasks to queue
[2023-06-16T12:04:11.832+0700] {logging_mixin.py:149} INFO - [2023-06-16T12:04:11.832+0700] {dagbag.py:541} INFO - Filling up the DagBag from /Library/Frameworks/Python.framework/Versions/3.11/lib/python3.11/site-packages/airflow/example_dags/tutorial_dag.py
[2023-06-16T12:04:11.873+0700] {processor.py:836} INFO - DAG(s) dict_keys(['tutorial_dag']) retrieved from /Library/Frameworks/Python.framework/Versions/3.11/lib/python3.11/site-packages/airflow/example_dags/tutorial_dag.py
[2023-06-16T12:04:13.247+0700] {logging_mixin.py:149} INFO - [2023-06-16T12:04:13.247+0700] {dag.py:2726} INFO - Sync 1 DAGs
[2023-06-16T12:04:13.271+0700] {logging_mixin.py:149} INFO - [2023-06-16T12:04:13.270+0700] {dag.py:3486} INFO - Setting next_dagrun for tutorial_dag to None, run_after=None
[2023-06-16T12:04:13.295+0700] {processor.py:179} INFO - Processing /Library/Frameworks/Python.framework/Versions/3.11/lib/python3.11/site-packages/airflow/example_dags/tutorial_dag.py took 1.469 seconds
[2023-06-16T12:06:47.385+0700] {processor.py:157} INFO - Started process (PID=97457) to work on /Library/Frameworks/Python.framework/Versions/3.11/lib/python3.11/site-packages/airflow/example_dags/tutorial_dag.py
[2023-06-16T12:06:47.387+0700] {processor.py:826} INFO - Processing file /Library/Frameworks/Python.framework/Versions/3.11/lib/python3.11/site-packages/airflow/example_dags/tutorial_dag.py for tasks to queue
[2023-06-16T12:06:47.387+0700] {logging_mixin.py:149} INFO - [2023-06-16T12:06:47.387+0700] {dagbag.py:541} INFO - Filling up the DagBag from /Library/Frameworks/Python.framework/Versions/3.11/lib/python3.11/site-packages/airflow/example_dags/tutorial_dag.py
[2023-06-16T12:06:47.426+0700] {processor.py:836} INFO - DAG(s) dict_keys(['tutorial_dag']) retrieved from /Library/Frameworks/Python.framework/Versions/3.11/lib/python3.11/site-packages/airflow/example_dags/tutorial_dag.py
[2023-06-16T12:06:48.468+0700] {logging_mixin.py:149} INFO - [2023-06-16T12:06:48.467+0700] {dag.py:2726} INFO - Sync 1 DAGs
[2023-06-16T12:06:48.489+0700] {logging_mixin.py:149} INFO - [2023-06-16T12:06:48.489+0700] {dag.py:3486} INFO - Setting next_dagrun for tutorial_dag to None, run_after=None
[2023-06-16T12:06:48.508+0700] {processor.py:179} INFO - Processing /Library/Frameworks/Python.framework/Versions/3.11/lib/python3.11/site-packages/airflow/example_dags/tutorial_dag.py took 1.123 seconds
[2023-06-16T12:09:03.723+0700] {processor.py:157} INFO - Started process (PID=97759) to work on /Library/Frameworks/Python.framework/Versions/3.11/lib/python3.11/site-packages/airflow/example_dags/tutorial_dag.py
[2023-06-16T12:09:03.725+0700] {processor.py:826} INFO - Processing file /Library/Frameworks/Python.framework/Versions/3.11/lib/python3.11/site-packages/airflow/example_dags/tutorial_dag.py for tasks to queue
[2023-06-16T12:09:03.726+0700] {logging_mixin.py:149} INFO - [2023-06-16T12:09:03.725+0700] {dagbag.py:541} INFO - Filling up the DagBag from /Library/Frameworks/Python.framework/Versions/3.11/lib/python3.11/site-packages/airflow/example_dags/tutorial_dag.py
[2023-06-16T12:09:03.763+0700] {processor.py:836} INFO - DAG(s) dict_keys(['tutorial_dag']) retrieved from /Library/Frameworks/Python.framework/Versions/3.11/lib/python3.11/site-packages/airflow/example_dags/tutorial_dag.py
[2023-06-16T12:09:05.020+0700] {logging_mixin.py:149} INFO - [2023-06-16T12:09:05.019+0700] {dag.py:2726} INFO - Sync 1 DAGs
[2023-06-16T12:09:05.043+0700] {logging_mixin.py:149} INFO - [2023-06-16T12:09:05.043+0700] {dag.py:3486} INFO - Setting next_dagrun for tutorial_dag to None, run_after=None
[2023-06-16T12:09:05.073+0700] {processor.py:179} INFO - Processing /Library/Frameworks/Python.framework/Versions/3.11/lib/python3.11/site-packages/airflow/example_dags/tutorial_dag.py took 1.351 seconds
[2023-06-16T12:11:29.159+0700] {processor.py:157} INFO - Started process (PID=98076) to work on /Library/Frameworks/Python.framework/Versions/3.11/lib/python3.11/site-packages/airflow/example_dags/tutorial_dag.py
[2023-06-16T12:11:29.160+0700] {processor.py:826} INFO - Processing file /Library/Frameworks/Python.framework/Versions/3.11/lib/python3.11/site-packages/airflow/example_dags/tutorial_dag.py for tasks to queue
[2023-06-16T12:11:29.160+0700] {logging_mixin.py:149} INFO - [2023-06-16T12:11:29.160+0700] {dagbag.py:541} INFO - Filling up the DagBag from /Library/Frameworks/Python.framework/Versions/3.11/lib/python3.11/site-packages/airflow/example_dags/tutorial_dag.py
[2023-06-16T12:11:29.203+0700] {processor.py:836} INFO - DAG(s) dict_keys(['tutorial_dag']) retrieved from /Library/Frameworks/Python.framework/Versions/3.11/lib/python3.11/site-packages/airflow/example_dags/tutorial_dag.py
[2023-06-16T12:11:30.329+0700] {logging_mixin.py:149} INFO - [2023-06-16T12:11:30.329+0700] {dag.py:2726} INFO - Sync 1 DAGs
[2023-06-16T12:11:30.345+0700] {logging_mixin.py:149} INFO - [2023-06-16T12:11:30.345+0700] {dag.py:3486} INFO - Setting next_dagrun for tutorial_dag to None, run_after=None
[2023-06-16T12:11:30.365+0700] {processor.py:179} INFO - Processing /Library/Frameworks/Python.framework/Versions/3.11/lib/python3.11/site-packages/airflow/example_dags/tutorial_dag.py took 1.207 seconds
[2023-06-16T12:14:04.730+0700] {processor.py:157} INFO - Started process (PID=98436) to work on /Library/Frameworks/Python.framework/Versions/3.11/lib/python3.11/site-packages/airflow/example_dags/tutorial_dag.py
[2023-06-16T12:14:04.732+0700] {processor.py:826} INFO - Processing file /Library/Frameworks/Python.framework/Versions/3.11/lib/python3.11/site-packages/airflow/example_dags/tutorial_dag.py for tasks to queue
[2023-06-16T12:14:04.732+0700] {logging_mixin.py:149} INFO - [2023-06-16T12:14:04.732+0700] {dagbag.py:541} INFO - Filling up the DagBag from /Library/Frameworks/Python.framework/Versions/3.11/lib/python3.11/site-packages/airflow/example_dags/tutorial_dag.py
[2023-06-16T12:14:04.789+0700] {processor.py:836} INFO - DAG(s) dict_keys(['tutorial_dag']) retrieved from /Library/Frameworks/Python.framework/Versions/3.11/lib/python3.11/site-packages/airflow/example_dags/tutorial_dag.py
[2023-06-16T12:14:06.015+0700] {logging_mixin.py:149} INFO - [2023-06-16T12:14:06.015+0700] {dag.py:2726} INFO - Sync 1 DAGs
[2023-06-16T12:14:06.038+0700] {logging_mixin.py:149} INFO - [2023-06-16T12:14:06.038+0700] {dag.py:3486} INFO - Setting next_dagrun for tutorial_dag to None, run_after=None
[2023-06-16T12:14:06.065+0700] {processor.py:179} INFO - Processing /Library/Frameworks/Python.framework/Versions/3.11/lib/python3.11/site-packages/airflow/example_dags/tutorial_dag.py took 1.335 seconds
[2023-06-16T12:16:33.991+0700] {processor.py:157} INFO - Started process (PID=98723) to work on /Library/Frameworks/Python.framework/Versions/3.11/lib/python3.11/site-packages/airflow/example_dags/tutorial_dag.py
[2023-06-16T12:16:33.992+0700] {processor.py:826} INFO - Processing file /Library/Frameworks/Python.framework/Versions/3.11/lib/python3.11/site-packages/airflow/example_dags/tutorial_dag.py for tasks to queue
[2023-06-16T12:16:33.993+0700] {logging_mixin.py:149} INFO - [2023-06-16T12:16:33.992+0700] {dagbag.py:541} INFO - Filling up the DagBag from /Library/Frameworks/Python.framework/Versions/3.11/lib/python3.11/site-packages/airflow/example_dags/tutorial_dag.py
[2023-06-16T12:16:34.033+0700] {processor.py:836} INFO - DAG(s) dict_keys(['tutorial_dag']) retrieved from /Library/Frameworks/Python.framework/Versions/3.11/lib/python3.11/site-packages/airflow/example_dags/tutorial_dag.py
[2023-06-16T12:16:35.239+0700] {logging_mixin.py:149} INFO - [2023-06-16T12:16:35.238+0700] {dag.py:2726} INFO - Sync 1 DAGs
[2023-06-16T12:16:35.256+0700] {logging_mixin.py:149} INFO - [2023-06-16T12:16:35.256+0700] {dag.py:3486} INFO - Setting next_dagrun for tutorial_dag to None, run_after=None
[2023-06-16T12:16:35.280+0700] {processor.py:179} INFO - Processing /Library/Frameworks/Python.framework/Versions/3.11/lib/python3.11/site-packages/airflow/example_dags/tutorial_dag.py took 1.290 seconds
[2023-06-16T12:19:03.330+0700] {processor.py:157} INFO - Started process (PID=99051) to work on /Library/Frameworks/Python.framework/Versions/3.11/lib/python3.11/site-packages/airflow/example_dags/tutorial_dag.py
[2023-06-16T12:19:03.331+0700] {processor.py:826} INFO - Processing file /Library/Frameworks/Python.framework/Versions/3.11/lib/python3.11/site-packages/airflow/example_dags/tutorial_dag.py for tasks to queue
[2023-06-16T12:19:03.332+0700] {logging_mixin.py:149} INFO - [2023-06-16T12:19:03.332+0700] {dagbag.py:541} INFO - Filling up the DagBag from /Library/Frameworks/Python.framework/Versions/3.11/lib/python3.11/site-packages/airflow/example_dags/tutorial_dag.py
[2023-06-16T12:19:03.393+0700] {processor.py:836} INFO - DAG(s) dict_keys(['tutorial_dag']) retrieved from /Library/Frameworks/Python.framework/Versions/3.11/lib/python3.11/site-packages/airflow/example_dags/tutorial_dag.py
[2023-06-16T12:19:04.632+0700] {logging_mixin.py:149} INFO - [2023-06-16T12:19:04.631+0700] {dag.py:2726} INFO - Sync 1 DAGs
[2023-06-16T12:19:04.656+0700] {logging_mixin.py:149} INFO - [2023-06-16T12:19:04.656+0700] {dag.py:3486} INFO - Setting next_dagrun for tutorial_dag to None, run_after=None
[2023-06-16T12:19:04.679+0700] {processor.py:179} INFO - Processing /Library/Frameworks/Python.framework/Versions/3.11/lib/python3.11/site-packages/airflow/example_dags/tutorial_dag.py took 1.350 seconds
[2023-06-16T12:21:33.107+0700] {processor.py:157} INFO - Started process (PID=99361) to work on /Library/Frameworks/Python.framework/Versions/3.11/lib/python3.11/site-packages/airflow/example_dags/tutorial_dag.py
[2023-06-16T12:21:33.108+0700] {processor.py:826} INFO - Processing file /Library/Frameworks/Python.framework/Versions/3.11/lib/python3.11/site-packages/airflow/example_dags/tutorial_dag.py for tasks to queue
[2023-06-16T12:21:33.109+0700] {logging_mixin.py:149} INFO - [2023-06-16T12:21:33.109+0700] {dagbag.py:541} INFO - Filling up the DagBag from /Library/Frameworks/Python.framework/Versions/3.11/lib/python3.11/site-packages/airflow/example_dags/tutorial_dag.py
[2023-06-16T12:21:33.147+0700] {processor.py:836} INFO - DAG(s) dict_keys(['tutorial_dag']) retrieved from /Library/Frameworks/Python.framework/Versions/3.11/lib/python3.11/site-packages/airflow/example_dags/tutorial_dag.py
[2023-06-16T12:21:34.331+0700] {logging_mixin.py:149} INFO - [2023-06-16T12:21:34.331+0700] {dag.py:2726} INFO - Sync 1 DAGs
[2023-06-16T12:21:34.351+0700] {logging_mixin.py:149} INFO - [2023-06-16T12:21:34.351+0700] {dag.py:3486} INFO - Setting next_dagrun for tutorial_dag to None, run_after=None
[2023-06-16T12:21:34.372+0700] {processor.py:179} INFO - Processing /Library/Frameworks/Python.framework/Versions/3.11/lib/python3.11/site-packages/airflow/example_dags/tutorial_dag.py took 1.266 seconds
[2023-06-16T12:24:45.195+0700] {processor.py:157} INFO - Started process (PID=99776) to work on /Library/Frameworks/Python.framework/Versions/3.11/lib/python3.11/site-packages/airflow/example_dags/tutorial_dag.py
[2023-06-16T12:24:45.198+0700] {processor.py:826} INFO - Processing file /Library/Frameworks/Python.framework/Versions/3.11/lib/python3.11/site-packages/airflow/example_dags/tutorial_dag.py for tasks to queue
[2023-06-16T12:24:45.198+0700] {logging_mixin.py:149} INFO - [2023-06-16T12:24:45.198+0700] {dagbag.py:541} INFO - Filling up the DagBag from /Library/Frameworks/Python.framework/Versions/3.11/lib/python3.11/site-packages/airflow/example_dags/tutorial_dag.py
[2023-06-16T12:24:45.236+0700] {processor.py:836} INFO - DAG(s) dict_keys(['tutorial_dag']) retrieved from /Library/Frameworks/Python.framework/Versions/3.11/lib/python3.11/site-packages/airflow/example_dags/tutorial_dag.py
[2023-06-16T12:24:46.359+0700] {logging_mixin.py:149} INFO - [2023-06-16T12:24:46.358+0700] {dag.py:2726} INFO - Sync 1 DAGs
[2023-06-16T12:24:46.380+0700] {logging_mixin.py:149} INFO - [2023-06-16T12:24:46.380+0700] {dag.py:3486} INFO - Setting next_dagrun for tutorial_dag to None, run_after=None
[2023-06-16T12:24:46.405+0700] {processor.py:179} INFO - Processing /Library/Frameworks/Python.framework/Versions/3.11/lib/python3.11/site-packages/airflow/example_dags/tutorial_dag.py took 1.211 seconds
[2023-06-16T12:27:34.322+0700] {processor.py:157} INFO - Started process (PID=391) to work on /Library/Frameworks/Python.framework/Versions/3.11/lib/python3.11/site-packages/airflow/example_dags/tutorial_dag.py
[2023-06-16T12:27:34.322+0700] {processor.py:826} INFO - Processing file /Library/Frameworks/Python.framework/Versions/3.11/lib/python3.11/site-packages/airflow/example_dags/tutorial_dag.py for tasks to queue
[2023-06-16T12:27:34.323+0700] {logging_mixin.py:149} INFO - [2023-06-16T12:27:34.323+0700] {dagbag.py:541} INFO - Filling up the DagBag from /Library/Frameworks/Python.framework/Versions/3.11/lib/python3.11/site-packages/airflow/example_dags/tutorial_dag.py
[2023-06-16T12:27:34.367+0700] {processor.py:836} INFO - DAG(s) dict_keys(['tutorial_dag']) retrieved from /Library/Frameworks/Python.framework/Versions/3.11/lib/python3.11/site-packages/airflow/example_dags/tutorial_dag.py
[2023-06-16T12:27:35.716+0700] {logging_mixin.py:149} INFO - [2023-06-16T12:27:35.716+0700] {dag.py:2726} INFO - Sync 1 DAGs
[2023-06-16T12:27:35.741+0700] {logging_mixin.py:149} INFO - [2023-06-16T12:27:35.741+0700] {dag.py:3486} INFO - Setting next_dagrun for tutorial_dag to None, run_after=None
[2023-06-16T12:27:35.768+0700] {processor.py:179} INFO - Processing /Library/Frameworks/Python.framework/Versions/3.11/lib/python3.11/site-packages/airflow/example_dags/tutorial_dag.py took 1.447 seconds
[2023-06-16T12:30:07.178+0700] {processor.py:157} INFO - Started process (PID=958) to work on /Library/Frameworks/Python.framework/Versions/3.11/lib/python3.11/site-packages/airflow/example_dags/tutorial_dag.py
[2023-06-16T12:30:07.178+0700] {processor.py:826} INFO - Processing file /Library/Frameworks/Python.framework/Versions/3.11/lib/python3.11/site-packages/airflow/example_dags/tutorial_dag.py for tasks to queue
[2023-06-16T12:30:07.179+0700] {logging_mixin.py:149} INFO - [2023-06-16T12:30:07.179+0700] {dagbag.py:541} INFO - Filling up the DagBag from /Library/Frameworks/Python.framework/Versions/3.11/lib/python3.11/site-packages/airflow/example_dags/tutorial_dag.py
[2023-06-16T12:30:07.220+0700] {processor.py:836} INFO - DAG(s) dict_keys(['tutorial_dag']) retrieved from /Library/Frameworks/Python.framework/Versions/3.11/lib/python3.11/site-packages/airflow/example_dags/tutorial_dag.py
[2023-06-16T12:30:08.561+0700] {logging_mixin.py:149} INFO - [2023-06-16T12:30:08.561+0700] {dag.py:2726} INFO - Sync 1 DAGs
[2023-06-16T12:30:08.584+0700] {logging_mixin.py:149} INFO - [2023-06-16T12:30:08.584+0700] {dag.py:3486} INFO - Setting next_dagrun for tutorial_dag to None, run_after=None
[2023-06-16T12:30:08.604+0700] {processor.py:179} INFO - Processing /Library/Frameworks/Python.framework/Versions/3.11/lib/python3.11/site-packages/airflow/example_dags/tutorial_dag.py took 1.427 seconds
[2023-06-16T12:32:48.278+0700] {processor.py:157} INFO - Started process (PID=1316) to work on /Library/Frameworks/Python.framework/Versions/3.11/lib/python3.11/site-packages/airflow/example_dags/tutorial_dag.py
[2023-06-16T12:32:48.279+0700] {processor.py:826} INFO - Processing file /Library/Frameworks/Python.framework/Versions/3.11/lib/python3.11/site-packages/airflow/example_dags/tutorial_dag.py for tasks to queue
[2023-06-16T12:32:48.280+0700] {logging_mixin.py:149} INFO - [2023-06-16T12:32:48.279+0700] {dagbag.py:541} INFO - Filling up the DagBag from /Library/Frameworks/Python.framework/Versions/3.11/lib/python3.11/site-packages/airflow/example_dags/tutorial_dag.py
[2023-06-16T12:32:48.327+0700] {processor.py:836} INFO - DAG(s) dict_keys(['tutorial_dag']) retrieved from /Library/Frameworks/Python.framework/Versions/3.11/lib/python3.11/site-packages/airflow/example_dags/tutorial_dag.py
[2023-06-16T12:32:49.777+0700] {logging_mixin.py:149} INFO - [2023-06-16T12:32:49.776+0700] {dag.py:2726} INFO - Sync 1 DAGs
[2023-06-16T12:32:49.796+0700] {logging_mixin.py:149} INFO - [2023-06-16T12:32:49.796+0700] {dag.py:3486} INFO - Setting next_dagrun for tutorial_dag to None, run_after=None
[2023-06-16T12:32:49.818+0700] {processor.py:179} INFO - Processing /Library/Frameworks/Python.framework/Versions/3.11/lib/python3.11/site-packages/airflow/example_dags/tutorial_dag.py took 1.542 seconds
[2023-06-16T12:35:23.372+0700] {processor.py:157} INFO - Started process (PID=1709) to work on /Library/Frameworks/Python.framework/Versions/3.11/lib/python3.11/site-packages/airflow/example_dags/tutorial_dag.py
[2023-06-16T12:35:23.373+0700] {processor.py:826} INFO - Processing file /Library/Frameworks/Python.framework/Versions/3.11/lib/python3.11/site-packages/airflow/example_dags/tutorial_dag.py for tasks to queue
[2023-06-16T12:35:23.374+0700] {logging_mixin.py:149} INFO - [2023-06-16T12:35:23.374+0700] {dagbag.py:541} INFO - Filling up the DagBag from /Library/Frameworks/Python.framework/Versions/3.11/lib/python3.11/site-packages/airflow/example_dags/tutorial_dag.py
[2023-06-16T12:35:23.417+0700] {processor.py:836} INFO - DAG(s) dict_keys(['tutorial_dag']) retrieved from /Library/Frameworks/Python.framework/Versions/3.11/lib/python3.11/site-packages/airflow/example_dags/tutorial_dag.py
[2023-06-16T12:35:24.747+0700] {logging_mixin.py:149} INFO - [2023-06-16T12:35:24.746+0700] {dag.py:2726} INFO - Sync 1 DAGs
[2023-06-16T12:35:24.773+0700] {logging_mixin.py:149} INFO - [2023-06-16T12:35:24.772+0700] {dag.py:3486} INFO - Setting next_dagrun for tutorial_dag to None, run_after=None
[2023-06-16T12:35:24.798+0700] {processor.py:179} INFO - Processing /Library/Frameworks/Python.framework/Versions/3.11/lib/python3.11/site-packages/airflow/example_dags/tutorial_dag.py took 1.426 seconds
[2023-06-16T12:37:56.990+0700] {processor.py:157} INFO - Started process (PID=2100) to work on /Library/Frameworks/Python.framework/Versions/3.11/lib/python3.11/site-packages/airflow/example_dags/tutorial_dag.py
[2023-06-16T12:37:56.991+0700] {processor.py:826} INFO - Processing file /Library/Frameworks/Python.framework/Versions/3.11/lib/python3.11/site-packages/airflow/example_dags/tutorial_dag.py for tasks to queue
[2023-06-16T12:37:56.992+0700] {logging_mixin.py:149} INFO - [2023-06-16T12:37:56.992+0700] {dagbag.py:541} INFO - Filling up the DagBag from /Library/Frameworks/Python.framework/Versions/3.11/lib/python3.11/site-packages/airflow/example_dags/tutorial_dag.py
[2023-06-16T12:37:57.046+0700] {processor.py:836} INFO - DAG(s) dict_keys(['tutorial_dag']) retrieved from /Library/Frameworks/Python.framework/Versions/3.11/lib/python3.11/site-packages/airflow/example_dags/tutorial_dag.py
[2023-06-16T12:37:58.682+0700] {logging_mixin.py:149} INFO - [2023-06-16T12:37:58.682+0700] {dag.py:2726} INFO - Sync 1 DAGs
[2023-06-16T12:37:58.713+0700] {logging_mixin.py:149} INFO - [2023-06-16T12:37:58.713+0700] {dag.py:3486} INFO - Setting next_dagrun for tutorial_dag to None, run_after=None
[2023-06-16T12:37:58.743+0700] {processor.py:179} INFO - Processing /Library/Frameworks/Python.framework/Versions/3.11/lib/python3.11/site-packages/airflow/example_dags/tutorial_dag.py took 1.754 seconds
[2023-06-16T12:41:10.864+0700] {processor.py:157} INFO - Started process (PID=2593) to work on /Library/Frameworks/Python.framework/Versions/3.11/lib/python3.11/site-packages/airflow/example_dags/tutorial_dag.py
[2023-06-16T12:41:10.865+0700] {processor.py:826} INFO - Processing file /Library/Frameworks/Python.framework/Versions/3.11/lib/python3.11/site-packages/airflow/example_dags/tutorial_dag.py for tasks to queue
[2023-06-16T12:41:10.866+0700] {logging_mixin.py:149} INFO - [2023-06-16T12:41:10.866+0700] {dagbag.py:541} INFO - Filling up the DagBag from /Library/Frameworks/Python.framework/Versions/3.11/lib/python3.11/site-packages/airflow/example_dags/tutorial_dag.py
[2023-06-16T12:41:10.909+0700] {processor.py:836} INFO - DAG(s) dict_keys(['tutorial_dag']) retrieved from /Library/Frameworks/Python.framework/Versions/3.11/lib/python3.11/site-packages/airflow/example_dags/tutorial_dag.py
[2023-06-16T12:41:12.189+0700] {logging_mixin.py:149} INFO - [2023-06-16T12:41:12.189+0700] {dag.py:2726} INFO - Sync 1 DAGs
[2023-06-16T12:41:12.214+0700] {logging_mixin.py:149} INFO - [2023-06-16T12:41:12.213+0700] {dag.py:3486} INFO - Setting next_dagrun for tutorial_dag to None, run_after=None
[2023-06-16T12:41:12.236+0700] {processor.py:179} INFO - Processing /Library/Frameworks/Python.framework/Versions/3.11/lib/python3.11/site-packages/airflow/example_dags/tutorial_dag.py took 1.374 seconds
[2023-06-16T12:44:11.323+0700] {processor.py:157} INFO - Started process (PID=3079) to work on /Library/Frameworks/Python.framework/Versions/3.11/lib/python3.11/site-packages/airflow/example_dags/tutorial_dag.py
[2023-06-16T12:44:11.325+0700] {processor.py:826} INFO - Processing file /Library/Frameworks/Python.framework/Versions/3.11/lib/python3.11/site-packages/airflow/example_dags/tutorial_dag.py for tasks to queue
[2023-06-16T12:44:11.326+0700] {logging_mixin.py:149} INFO - [2023-06-16T12:44:11.325+0700] {dagbag.py:541} INFO - Filling up the DagBag from /Library/Frameworks/Python.framework/Versions/3.11/lib/python3.11/site-packages/airflow/example_dags/tutorial_dag.py
[2023-06-16T12:44:11.378+0700] {processor.py:836} INFO - DAG(s) dict_keys(['tutorial_dag']) retrieved from /Library/Frameworks/Python.framework/Versions/3.11/lib/python3.11/site-packages/airflow/example_dags/tutorial_dag.py
[2023-06-16T12:44:12.683+0700] {logging_mixin.py:149} INFO - [2023-06-16T12:44:12.683+0700] {dag.py:2726} INFO - Sync 1 DAGs
[2023-06-16T12:44:12.715+0700] {logging_mixin.py:149} INFO - [2023-06-16T12:44:12.715+0700] {dag.py:3486} INFO - Setting next_dagrun for tutorial_dag to None, run_after=None
[2023-06-16T12:44:12.756+0700] {processor.py:179} INFO - Processing /Library/Frameworks/Python.framework/Versions/3.11/lib/python3.11/site-packages/airflow/example_dags/tutorial_dag.py took 1.434 seconds
[2023-06-16T12:47:25.751+0700] {processor.py:157} INFO - Started process (PID=3509) to work on /Library/Frameworks/Python.framework/Versions/3.11/lib/python3.11/site-packages/airflow/example_dags/tutorial_dag.py
[2023-06-16T12:47:25.752+0700] {processor.py:826} INFO - Processing file /Library/Frameworks/Python.framework/Versions/3.11/lib/python3.11/site-packages/airflow/example_dags/tutorial_dag.py for tasks to queue
[2023-06-16T12:47:25.753+0700] {logging_mixin.py:149} INFO - [2023-06-16T12:47:25.753+0700] {dagbag.py:541} INFO - Filling up the DagBag from /Library/Frameworks/Python.framework/Versions/3.11/lib/python3.11/site-packages/airflow/example_dags/tutorial_dag.py
[2023-06-16T12:47:25.803+0700] {processor.py:836} INFO - DAG(s) dict_keys(['tutorial_dag']) retrieved from /Library/Frameworks/Python.framework/Versions/3.11/lib/python3.11/site-packages/airflow/example_dags/tutorial_dag.py
[2023-06-16T12:47:26.963+0700] {logging_mixin.py:149} INFO - [2023-06-16T12:47:26.962+0700] {dag.py:2726} INFO - Sync 1 DAGs
[2023-06-16T12:47:26.984+0700] {logging_mixin.py:149} INFO - [2023-06-16T12:47:26.984+0700] {dag.py:3486} INFO - Setting next_dagrun for tutorial_dag to None, run_after=None
[2023-06-16T12:47:27.008+0700] {processor.py:179} INFO - Processing /Library/Frameworks/Python.framework/Versions/3.11/lib/python3.11/site-packages/airflow/example_dags/tutorial_dag.py took 1.259 seconds
[2023-06-16T12:50:28.509+0700] {processor.py:157} INFO - Started process (PID=3917) to work on /Library/Frameworks/Python.framework/Versions/3.11/lib/python3.11/site-packages/airflow/example_dags/tutorial_dag.py
[2023-06-16T12:50:28.510+0700] {processor.py:826} INFO - Processing file /Library/Frameworks/Python.framework/Versions/3.11/lib/python3.11/site-packages/airflow/example_dags/tutorial_dag.py for tasks to queue
[2023-06-16T12:50:28.511+0700] {logging_mixin.py:149} INFO - [2023-06-16T12:50:28.511+0700] {dagbag.py:541} INFO - Filling up the DagBag from /Library/Frameworks/Python.framework/Versions/3.11/lib/python3.11/site-packages/airflow/example_dags/tutorial_dag.py
[2023-06-16T12:50:28.554+0700] {processor.py:836} INFO - DAG(s) dict_keys(['tutorial_dag']) retrieved from /Library/Frameworks/Python.framework/Versions/3.11/lib/python3.11/site-packages/airflow/example_dags/tutorial_dag.py
[2023-06-16T12:50:29.723+0700] {logging_mixin.py:149} INFO - [2023-06-16T12:50:29.722+0700] {dag.py:2726} INFO - Sync 1 DAGs
[2023-06-16T12:50:29.747+0700] {logging_mixin.py:149} INFO - [2023-06-16T12:50:29.747+0700] {dag.py:3486} INFO - Setting next_dagrun for tutorial_dag to None, run_after=None
[2023-06-16T12:50:29.775+0700] {processor.py:179} INFO - Processing /Library/Frameworks/Python.framework/Versions/3.11/lib/python3.11/site-packages/airflow/example_dags/tutorial_dag.py took 1.267 seconds
[2023-06-16T12:53:01.507+0700] {processor.py:157} INFO - Started process (PID=4236) to work on /Library/Frameworks/Python.framework/Versions/3.11/lib/python3.11/site-packages/airflow/example_dags/tutorial_dag.py
[2023-06-16T12:53:01.508+0700] {processor.py:826} INFO - Processing file /Library/Frameworks/Python.framework/Versions/3.11/lib/python3.11/site-packages/airflow/example_dags/tutorial_dag.py for tasks to queue
[2023-06-16T12:53:01.509+0700] {logging_mixin.py:149} INFO - [2023-06-16T12:53:01.509+0700] {dagbag.py:541} INFO - Filling up the DagBag from /Library/Frameworks/Python.framework/Versions/3.11/lib/python3.11/site-packages/airflow/example_dags/tutorial_dag.py
[2023-06-16T12:53:01.545+0700] {processor.py:836} INFO - DAG(s) dict_keys(['tutorial_dag']) retrieved from /Library/Frameworks/Python.framework/Versions/3.11/lib/python3.11/site-packages/airflow/example_dags/tutorial_dag.py
[2023-06-16T12:53:02.729+0700] {logging_mixin.py:149} INFO - [2023-06-16T12:53:02.729+0700] {dag.py:2726} INFO - Sync 1 DAGs
[2023-06-16T12:53:02.747+0700] {logging_mixin.py:149} INFO - [2023-06-16T12:53:02.747+0700] {dag.py:3486} INFO - Setting next_dagrun for tutorial_dag to None, run_after=None
[2023-06-16T12:53:02.767+0700] {processor.py:179} INFO - Processing /Library/Frameworks/Python.framework/Versions/3.11/lib/python3.11/site-packages/airflow/example_dags/tutorial_dag.py took 1.261 seconds
[2023-06-16T12:55:38.396+0700] {processor.py:157} INFO - Started process (PID=4650) to work on /Library/Frameworks/Python.framework/Versions/3.11/lib/python3.11/site-packages/airflow/example_dags/tutorial_dag.py
[2023-06-16T12:55:38.396+0700] {processor.py:826} INFO - Processing file /Library/Frameworks/Python.framework/Versions/3.11/lib/python3.11/site-packages/airflow/example_dags/tutorial_dag.py for tasks to queue
[2023-06-16T12:55:38.397+0700] {logging_mixin.py:149} INFO - [2023-06-16T12:55:38.397+0700] {dagbag.py:541} INFO - Filling up the DagBag from /Library/Frameworks/Python.framework/Versions/3.11/lib/python3.11/site-packages/airflow/example_dags/tutorial_dag.py
[2023-06-16T12:55:38.437+0700] {processor.py:836} INFO - DAG(s) dict_keys(['tutorial_dag']) retrieved from /Library/Frameworks/Python.framework/Versions/3.11/lib/python3.11/site-packages/airflow/example_dags/tutorial_dag.py
[2023-06-16T12:55:39.593+0700] {logging_mixin.py:149} INFO - [2023-06-16T12:55:39.593+0700] {dag.py:2726} INFO - Sync 1 DAGs
[2023-06-16T12:55:39.617+0700] {logging_mixin.py:149} INFO - [2023-06-16T12:55:39.617+0700] {dag.py:3486} INFO - Setting next_dagrun for tutorial_dag to None, run_after=None
[2023-06-16T12:55:39.638+0700] {processor.py:179} INFO - Processing /Library/Frameworks/Python.framework/Versions/3.11/lib/python3.11/site-packages/airflow/example_dags/tutorial_dag.py took 1.243 seconds
[2023-06-16T12:58:12.126+0700] {processor.py:157} INFO - Started process (PID=4983) to work on /Library/Frameworks/Python.framework/Versions/3.11/lib/python3.11/site-packages/airflow/example_dags/tutorial_dag.py
[2023-06-16T12:58:12.127+0700] {processor.py:826} INFO - Processing file /Library/Frameworks/Python.framework/Versions/3.11/lib/python3.11/site-packages/airflow/example_dags/tutorial_dag.py for tasks to queue
[2023-06-16T12:58:12.128+0700] {logging_mixin.py:149} INFO - [2023-06-16T12:58:12.127+0700] {dagbag.py:541} INFO - Filling up the DagBag from /Library/Frameworks/Python.framework/Versions/3.11/lib/python3.11/site-packages/airflow/example_dags/tutorial_dag.py
[2023-06-16T12:58:12.178+0700] {processor.py:836} INFO - DAG(s) dict_keys(['tutorial_dag']) retrieved from /Library/Frameworks/Python.framework/Versions/3.11/lib/python3.11/site-packages/airflow/example_dags/tutorial_dag.py
[2023-06-16T12:58:13.634+0700] {logging_mixin.py:149} INFO - [2023-06-16T12:58:13.634+0700] {dag.py:2726} INFO - Sync 1 DAGs
[2023-06-16T12:58:13.668+0700] {logging_mixin.py:149} INFO - [2023-06-16T12:58:13.667+0700] {dag.py:3486} INFO - Setting next_dagrun for tutorial_dag to None, run_after=None
[2023-06-16T12:58:13.697+0700] {processor.py:179} INFO - Processing /Library/Frameworks/Python.framework/Versions/3.11/lib/python3.11/site-packages/airflow/example_dags/tutorial_dag.py took 1.572 seconds
[2023-06-16T13:00:52.407+0700] {processor.py:157} INFO - Started process (PID=5439) to work on /Library/Frameworks/Python.framework/Versions/3.11/lib/python3.11/site-packages/airflow/example_dags/tutorial_dag.py
[2023-06-16T13:00:52.410+0700] {processor.py:826} INFO - Processing file /Library/Frameworks/Python.framework/Versions/3.11/lib/python3.11/site-packages/airflow/example_dags/tutorial_dag.py for tasks to queue
[2023-06-16T13:00:52.411+0700] {logging_mixin.py:149} INFO - [2023-06-16T13:00:52.411+0700] {dagbag.py:541} INFO - Filling up the DagBag from /Library/Frameworks/Python.framework/Versions/3.11/lib/python3.11/site-packages/airflow/example_dags/tutorial_dag.py
[2023-06-16T13:00:52.465+0700] {processor.py:836} INFO - DAG(s) dict_keys(['tutorial_dag']) retrieved from /Library/Frameworks/Python.framework/Versions/3.11/lib/python3.11/site-packages/airflow/example_dags/tutorial_dag.py
[2023-06-16T13:00:54.093+0700] {logging_mixin.py:149} INFO - [2023-06-16T13:00:54.093+0700] {dag.py:2726} INFO - Sync 1 DAGs
[2023-06-16T13:00:54.126+0700] {logging_mixin.py:149} INFO - [2023-06-16T13:00:54.125+0700] {dag.py:3486} INFO - Setting next_dagrun for tutorial_dag to None, run_after=None
[2023-06-16T13:00:54.161+0700] {processor.py:179} INFO - Processing /Library/Frameworks/Python.framework/Versions/3.11/lib/python3.11/site-packages/airflow/example_dags/tutorial_dag.py took 1.756 seconds
[2023-06-16T13:03:50.561+0700] {processor.py:157} INFO - Started process (PID=5887) to work on /Library/Frameworks/Python.framework/Versions/3.11/lib/python3.11/site-packages/airflow/example_dags/tutorial_dag.py
[2023-06-16T13:03:50.562+0700] {processor.py:826} INFO - Processing file /Library/Frameworks/Python.framework/Versions/3.11/lib/python3.11/site-packages/airflow/example_dags/tutorial_dag.py for tasks to queue
[2023-06-16T13:03:50.563+0700] {logging_mixin.py:149} INFO - [2023-06-16T13:03:50.563+0700] {dagbag.py:541} INFO - Filling up the DagBag from /Library/Frameworks/Python.framework/Versions/3.11/lib/python3.11/site-packages/airflow/example_dags/tutorial_dag.py
[2023-06-16T13:03:50.606+0700] {processor.py:836} INFO - DAG(s) dict_keys(['tutorial_dag']) retrieved from /Library/Frameworks/Python.framework/Versions/3.11/lib/python3.11/site-packages/airflow/example_dags/tutorial_dag.py
[2023-06-16T13:03:52.363+0700] {logging_mixin.py:149} INFO - [2023-06-16T13:03:52.362+0700] {dag.py:2726} INFO - Sync 1 DAGs
[2023-06-16T13:03:52.388+0700] {logging_mixin.py:149} INFO - [2023-06-16T13:03:52.388+0700] {dag.py:3486} INFO - Setting next_dagrun for tutorial_dag to None, run_after=None
[2023-06-16T13:03:52.412+0700] {processor.py:179} INFO - Processing /Library/Frameworks/Python.framework/Versions/3.11/lib/python3.11/site-packages/airflow/example_dags/tutorial_dag.py took 1.852 seconds
[2023-06-16T13:06:27.728+0700] {processor.py:157} INFO - Started process (PID=6252) to work on /Library/Frameworks/Python.framework/Versions/3.11/lib/python3.11/site-packages/airflow/example_dags/tutorial_dag.py
[2023-06-16T13:06:27.729+0700] {processor.py:826} INFO - Processing file /Library/Frameworks/Python.framework/Versions/3.11/lib/python3.11/site-packages/airflow/example_dags/tutorial_dag.py for tasks to queue
[2023-06-16T13:06:27.730+0700] {logging_mixin.py:149} INFO - [2023-06-16T13:06:27.730+0700] {dagbag.py:541} INFO - Filling up the DagBag from /Library/Frameworks/Python.framework/Versions/3.11/lib/python3.11/site-packages/airflow/example_dags/tutorial_dag.py
[2023-06-16T13:06:27.776+0700] {processor.py:836} INFO - DAG(s) dict_keys(['tutorial_dag']) retrieved from /Library/Frameworks/Python.framework/Versions/3.11/lib/python3.11/site-packages/airflow/example_dags/tutorial_dag.py
[2023-06-16T13:06:28.917+0700] {logging_mixin.py:149} INFO - [2023-06-16T13:06:28.917+0700] {dag.py:2726} INFO - Sync 1 DAGs
[2023-06-16T13:06:28.941+0700] {logging_mixin.py:149} INFO - [2023-06-16T13:06:28.941+0700] {dag.py:3486} INFO - Setting next_dagrun for tutorial_dag to None, run_after=None
[2023-06-16T13:06:28.971+0700] {processor.py:179} INFO - Processing /Library/Frameworks/Python.framework/Versions/3.11/lib/python3.11/site-packages/airflow/example_dags/tutorial_dag.py took 1.245 seconds
[2023-06-16T13:09:04.417+0700] {processor.py:157} INFO - Started process (PID=6581) to work on /Library/Frameworks/Python.framework/Versions/3.11/lib/python3.11/site-packages/airflow/example_dags/tutorial_dag.py
[2023-06-16T13:09:04.418+0700] {processor.py:826} INFO - Processing file /Library/Frameworks/Python.framework/Versions/3.11/lib/python3.11/site-packages/airflow/example_dags/tutorial_dag.py for tasks to queue
[2023-06-16T13:09:04.418+0700] {logging_mixin.py:149} INFO - [2023-06-16T13:09:04.418+0700] {dagbag.py:541} INFO - Filling up the DagBag from /Library/Frameworks/Python.framework/Versions/3.11/lib/python3.11/site-packages/airflow/example_dags/tutorial_dag.py
[2023-06-16T13:09:04.466+0700] {processor.py:836} INFO - DAG(s) dict_keys(['tutorial_dag']) retrieved from /Library/Frameworks/Python.framework/Versions/3.11/lib/python3.11/site-packages/airflow/example_dags/tutorial_dag.py
[2023-06-16T13:09:05.596+0700] {logging_mixin.py:149} INFO - [2023-06-16T13:09:05.595+0700] {dag.py:2726} INFO - Sync 1 DAGs
[2023-06-16T13:09:05.616+0700] {logging_mixin.py:149} INFO - [2023-06-16T13:09:05.616+0700] {dag.py:3486} INFO - Setting next_dagrun for tutorial_dag to None, run_after=None
[2023-06-16T13:09:05.638+0700] {processor.py:179} INFO - Processing /Library/Frameworks/Python.framework/Versions/3.11/lib/python3.11/site-packages/airflow/example_dags/tutorial_dag.py took 1.222 seconds
[2023-06-16T13:11:37.476+0700] {processor.py:157} INFO - Started process (PID=7010) to work on /Library/Frameworks/Python.framework/Versions/3.11/lib/python3.11/site-packages/airflow/example_dags/tutorial_dag.py
[2023-06-16T13:11:37.477+0700] {processor.py:826} INFO - Processing file /Library/Frameworks/Python.framework/Versions/3.11/lib/python3.11/site-packages/airflow/example_dags/tutorial_dag.py for tasks to queue
[2023-06-16T13:11:37.478+0700] {logging_mixin.py:149} INFO - [2023-06-16T13:11:37.478+0700] {dagbag.py:541} INFO - Filling up the DagBag from /Library/Frameworks/Python.framework/Versions/3.11/lib/python3.11/site-packages/airflow/example_dags/tutorial_dag.py
[2023-06-16T13:11:37.509+0700] {processor.py:836} INFO - DAG(s) dict_keys(['tutorial_dag']) retrieved from /Library/Frameworks/Python.framework/Versions/3.11/lib/python3.11/site-packages/airflow/example_dags/tutorial_dag.py
[2023-06-16T13:11:38.806+0700] {logging_mixin.py:149} INFO - [2023-06-16T13:11:38.806+0700] {dag.py:2726} INFO - Sync 1 DAGs
[2023-06-16T13:11:38.829+0700] {logging_mixin.py:149} INFO - [2023-06-16T13:11:38.828+0700] {dag.py:3486} INFO - Setting next_dagrun for tutorial_dag to None, run_after=None
[2023-06-16T13:11:38.848+0700] {processor.py:179} INFO - Processing /Library/Frameworks/Python.framework/Versions/3.11/lib/python3.11/site-packages/airflow/example_dags/tutorial_dag.py took 1.372 seconds
[2023-06-16T13:14:35.308+0700] {processor.py:157} INFO - Started process (PID=7466) to work on /Library/Frameworks/Python.framework/Versions/3.11/lib/python3.11/site-packages/airflow/example_dags/tutorial_dag.py
[2023-06-16T13:14:35.310+0700] {processor.py:826} INFO - Processing file /Library/Frameworks/Python.framework/Versions/3.11/lib/python3.11/site-packages/airflow/example_dags/tutorial_dag.py for tasks to queue
[2023-06-16T13:14:35.310+0700] {logging_mixin.py:149} INFO - [2023-06-16T13:14:35.310+0700] {dagbag.py:541} INFO - Filling up the DagBag from /Library/Frameworks/Python.framework/Versions/3.11/lib/python3.11/site-packages/airflow/example_dags/tutorial_dag.py
[2023-06-16T13:14:35.359+0700] {processor.py:836} INFO - DAG(s) dict_keys(['tutorial_dag']) retrieved from /Library/Frameworks/Python.framework/Versions/3.11/lib/python3.11/site-packages/airflow/example_dags/tutorial_dag.py
[2023-06-16T13:14:36.685+0700] {logging_mixin.py:149} INFO - [2023-06-16T13:14:36.684+0700] {dag.py:2726} INFO - Sync 1 DAGs
[2023-06-16T13:14:36.710+0700] {logging_mixin.py:149} INFO - [2023-06-16T13:14:36.710+0700] {dag.py:3486} INFO - Setting next_dagrun for tutorial_dag to None, run_after=None
[2023-06-16T13:14:36.736+0700] {processor.py:179} INFO - Processing /Library/Frameworks/Python.framework/Versions/3.11/lib/python3.11/site-packages/airflow/example_dags/tutorial_dag.py took 1.429 seconds
[2023-06-16T13:17:51.339+0700] {processor.py:157} INFO - Started process (PID=7910) to work on /Library/Frameworks/Python.framework/Versions/3.11/lib/python3.11/site-packages/airflow/example_dags/tutorial_dag.py
[2023-06-16T13:17:51.340+0700] {processor.py:826} INFO - Processing file /Library/Frameworks/Python.framework/Versions/3.11/lib/python3.11/site-packages/airflow/example_dags/tutorial_dag.py for tasks to queue
[2023-06-16T13:17:51.341+0700] {logging_mixin.py:149} INFO - [2023-06-16T13:17:51.341+0700] {dagbag.py:541} INFO - Filling up the DagBag from /Library/Frameworks/Python.framework/Versions/3.11/lib/python3.11/site-packages/airflow/example_dags/tutorial_dag.py
[2023-06-16T13:17:51.384+0700] {processor.py:836} INFO - DAG(s) dict_keys(['tutorial_dag']) retrieved from /Library/Frameworks/Python.framework/Versions/3.11/lib/python3.11/site-packages/airflow/example_dags/tutorial_dag.py
[2023-06-16T13:17:52.822+0700] {logging_mixin.py:149} INFO - [2023-06-16T13:17:52.822+0700] {dag.py:2726} INFO - Sync 1 DAGs
[2023-06-16T13:17:52.845+0700] {logging_mixin.py:149} INFO - [2023-06-16T13:17:52.845+0700] {dag.py:3486} INFO - Setting next_dagrun for tutorial_dag to None, run_after=None
[2023-06-16T13:17:52.869+0700] {processor.py:179} INFO - Processing /Library/Frameworks/Python.framework/Versions/3.11/lib/python3.11/site-packages/airflow/example_dags/tutorial_dag.py took 1.531 seconds
[2023-06-16T13:20:57.234+0700] {processor.py:157} INFO - Started process (PID=8334) to work on /Library/Frameworks/Python.framework/Versions/3.11/lib/python3.11/site-packages/airflow/example_dags/tutorial_dag.py
[2023-06-16T13:20:57.235+0700] {processor.py:826} INFO - Processing file /Library/Frameworks/Python.framework/Versions/3.11/lib/python3.11/site-packages/airflow/example_dags/tutorial_dag.py for tasks to queue
[2023-06-16T13:20:57.236+0700] {logging_mixin.py:149} INFO - [2023-06-16T13:20:57.236+0700] {dagbag.py:541} INFO - Filling up the DagBag from /Library/Frameworks/Python.framework/Versions/3.11/lib/python3.11/site-packages/airflow/example_dags/tutorial_dag.py
[2023-06-16T13:20:57.282+0700] {processor.py:836} INFO - DAG(s) dict_keys(['tutorial_dag']) retrieved from /Library/Frameworks/Python.framework/Versions/3.11/lib/python3.11/site-packages/airflow/example_dags/tutorial_dag.py
[2023-06-16T13:20:58.896+0700] {logging_mixin.py:149} INFO - [2023-06-16T13:20:58.896+0700] {dag.py:2726} INFO - Sync 1 DAGs
[2023-06-16T13:20:58.918+0700] {logging_mixin.py:149} INFO - [2023-06-16T13:20:58.918+0700] {dag.py:3486} INFO - Setting next_dagrun for tutorial_dag to None, run_after=None
[2023-06-16T13:20:58.948+0700] {processor.py:179} INFO - Processing /Library/Frameworks/Python.framework/Versions/3.11/lib/python3.11/site-packages/airflow/example_dags/tutorial_dag.py took 1.715 seconds
[2023-06-16T13:23:35.425+0700] {processor.py:157} INFO - Started process (PID=8675) to work on /Library/Frameworks/Python.framework/Versions/3.11/lib/python3.11/site-packages/airflow/example_dags/tutorial_dag.py
[2023-06-16T13:23:35.426+0700] {processor.py:826} INFO - Processing file /Library/Frameworks/Python.framework/Versions/3.11/lib/python3.11/site-packages/airflow/example_dags/tutorial_dag.py for tasks to queue
[2023-06-16T13:23:35.427+0700] {logging_mixin.py:149} INFO - [2023-06-16T13:23:35.426+0700] {dagbag.py:541} INFO - Filling up the DagBag from /Library/Frameworks/Python.framework/Versions/3.11/lib/python3.11/site-packages/airflow/example_dags/tutorial_dag.py
[2023-06-16T13:23:35.469+0700] {processor.py:836} INFO - DAG(s) dict_keys(['tutorial_dag']) retrieved from /Library/Frameworks/Python.framework/Versions/3.11/lib/python3.11/site-packages/airflow/example_dags/tutorial_dag.py
[2023-06-16T13:23:36.515+0700] {logging_mixin.py:149} INFO - [2023-06-16T13:23:36.515+0700] {dag.py:2726} INFO - Sync 1 DAGs
[2023-06-16T13:23:36.531+0700] {logging_mixin.py:149} INFO - [2023-06-16T13:23:36.531+0700] {dag.py:3486} INFO - Setting next_dagrun for tutorial_dag to None, run_after=None
[2023-06-16T13:23:36.552+0700] {processor.py:179} INFO - Processing /Library/Frameworks/Python.framework/Versions/3.11/lib/python3.11/site-packages/airflow/example_dags/tutorial_dag.py took 1.129 seconds
[2023-06-16T13:25:54.416+0700] {processor.py:157} INFO - Started process (PID=8982) to work on /Library/Frameworks/Python.framework/Versions/3.11/lib/python3.11/site-packages/airflow/example_dags/tutorial_dag.py
[2023-06-16T13:25:54.417+0700] {processor.py:826} INFO - Processing file /Library/Frameworks/Python.framework/Versions/3.11/lib/python3.11/site-packages/airflow/example_dags/tutorial_dag.py for tasks to queue
[2023-06-16T13:25:54.417+0700] {logging_mixin.py:149} INFO - [2023-06-16T13:25:54.417+0700] {dagbag.py:541} INFO - Filling up the DagBag from /Library/Frameworks/Python.framework/Versions/3.11/lib/python3.11/site-packages/airflow/example_dags/tutorial_dag.py
[2023-06-16T13:25:54.457+0700] {processor.py:836} INFO - DAG(s) dict_keys(['tutorial_dag']) retrieved from /Library/Frameworks/Python.framework/Versions/3.11/lib/python3.11/site-packages/airflow/example_dags/tutorial_dag.py
[2023-06-16T13:25:55.632+0700] {logging_mixin.py:149} INFO - [2023-06-16T13:25:55.631+0700] {dag.py:2726} INFO - Sync 1 DAGs
[2023-06-16T13:25:55.655+0700] {logging_mixin.py:149} INFO - [2023-06-16T13:25:55.655+0700] {dag.py:3486} INFO - Setting next_dagrun for tutorial_dag to None, run_after=None
[2023-06-16T13:25:55.707+0700] {processor.py:179} INFO - Processing /Library/Frameworks/Python.framework/Versions/3.11/lib/python3.11/site-packages/airflow/example_dags/tutorial_dag.py took 1.292 seconds
[2023-06-16T13:28:24.783+0700] {processor.py:157} INFO - Started process (PID=9298) to work on /Library/Frameworks/Python.framework/Versions/3.11/lib/python3.11/site-packages/airflow/example_dags/tutorial_dag.py
[2023-06-16T13:28:24.783+0700] {processor.py:826} INFO - Processing file /Library/Frameworks/Python.framework/Versions/3.11/lib/python3.11/site-packages/airflow/example_dags/tutorial_dag.py for tasks to queue
[2023-06-16T13:28:24.784+0700] {logging_mixin.py:149} INFO - [2023-06-16T13:28:24.784+0700] {dagbag.py:541} INFO - Filling up the DagBag from /Library/Frameworks/Python.framework/Versions/3.11/lib/python3.11/site-packages/airflow/example_dags/tutorial_dag.py
[2023-06-16T13:28:24.825+0700] {processor.py:836} INFO - DAG(s) dict_keys(['tutorial_dag']) retrieved from /Library/Frameworks/Python.framework/Versions/3.11/lib/python3.11/site-packages/airflow/example_dags/tutorial_dag.py
[2023-06-16T13:28:25.891+0700] {logging_mixin.py:149} INFO - [2023-06-16T13:28:25.891+0700] {dag.py:2726} INFO - Sync 1 DAGs
[2023-06-16T13:28:25.910+0700] {logging_mixin.py:149} INFO - [2023-06-16T13:28:25.910+0700] {dag.py:3486} INFO - Setting next_dagrun for tutorial_dag to None, run_after=None
[2023-06-16T13:28:25.931+0700] {processor.py:179} INFO - Processing /Library/Frameworks/Python.framework/Versions/3.11/lib/python3.11/site-packages/airflow/example_dags/tutorial_dag.py took 1.149 seconds
[2023-06-16T13:30:53.733+0700] {processor.py:157} INFO - Started process (PID=9681) to work on /Library/Frameworks/Python.framework/Versions/3.11/lib/python3.11/site-packages/airflow/example_dags/tutorial_dag.py
[2023-06-16T13:30:53.734+0700] {processor.py:826} INFO - Processing file /Library/Frameworks/Python.framework/Versions/3.11/lib/python3.11/site-packages/airflow/example_dags/tutorial_dag.py for tasks to queue
[2023-06-16T13:30:53.734+0700] {logging_mixin.py:149} INFO - [2023-06-16T13:30:53.734+0700] {dagbag.py:541} INFO - Filling up the DagBag from /Library/Frameworks/Python.framework/Versions/3.11/lib/python3.11/site-packages/airflow/example_dags/tutorial_dag.py
[2023-06-16T13:30:53.778+0700] {processor.py:836} INFO - DAG(s) dict_keys(['tutorial_dag']) retrieved from /Library/Frameworks/Python.framework/Versions/3.11/lib/python3.11/site-packages/airflow/example_dags/tutorial_dag.py
[2023-06-16T13:30:55.272+0700] {logging_mixin.py:149} INFO - [2023-06-16T13:30:55.271+0700] {dag.py:2726} INFO - Sync 1 DAGs
[2023-06-16T13:30:55.299+0700] {logging_mixin.py:149} INFO - [2023-06-16T13:30:55.299+0700] {dag.py:3486} INFO - Setting next_dagrun for tutorial_dag to None, run_after=None
[2023-06-16T13:30:55.319+0700] {processor.py:179} INFO - Processing /Library/Frameworks/Python.framework/Versions/3.11/lib/python3.11/site-packages/airflow/example_dags/tutorial_dag.py took 1.587 seconds
[2023-06-16T13:33:28.275+0700] {processor.py:157} INFO - Started process (PID=10269) to work on /Library/Frameworks/Python.framework/Versions/3.11/lib/python3.11/site-packages/airflow/example_dags/tutorial_dag.py
[2023-06-16T13:33:28.276+0700] {processor.py:826} INFO - Processing file /Library/Frameworks/Python.framework/Versions/3.11/lib/python3.11/site-packages/airflow/example_dags/tutorial_dag.py for tasks to queue
[2023-06-16T13:33:28.278+0700] {logging_mixin.py:149} INFO - [2023-06-16T13:33:28.277+0700] {dagbag.py:541} INFO - Filling up the DagBag from /Library/Frameworks/Python.framework/Versions/3.11/lib/python3.11/site-packages/airflow/example_dags/tutorial_dag.py
[2023-06-16T13:33:28.317+0700] {processor.py:836} INFO - DAG(s) dict_keys(['tutorial_dag']) retrieved from /Library/Frameworks/Python.framework/Versions/3.11/lib/python3.11/site-packages/airflow/example_dags/tutorial_dag.py
[2023-06-16T13:33:29.630+0700] {logging_mixin.py:149} INFO - [2023-06-16T13:33:29.629+0700] {dag.py:2726} INFO - Sync 1 DAGs
[2023-06-16T13:33:29.657+0700] {logging_mixin.py:149} INFO - [2023-06-16T13:33:29.657+0700] {dag.py:3486} INFO - Setting next_dagrun for tutorial_dag to None, run_after=None
[2023-06-16T13:33:29.683+0700] {processor.py:179} INFO - Processing /Library/Frameworks/Python.framework/Versions/3.11/lib/python3.11/site-packages/airflow/example_dags/tutorial_dag.py took 1.409 seconds
[2023-06-16T13:36:22.289+0700] {processor.py:157} INFO - Started process (PID=10599) to work on /Library/Frameworks/Python.framework/Versions/3.11/lib/python3.11/site-packages/airflow/example_dags/tutorial_dag.py
[2023-06-16T13:36:22.291+0700] {processor.py:826} INFO - Processing file /Library/Frameworks/Python.framework/Versions/3.11/lib/python3.11/site-packages/airflow/example_dags/tutorial_dag.py for tasks to queue
[2023-06-16T13:36:22.292+0700] {logging_mixin.py:149} INFO - [2023-06-16T13:36:22.292+0700] {dagbag.py:541} INFO - Filling up the DagBag from /Library/Frameworks/Python.framework/Versions/3.11/lib/python3.11/site-packages/airflow/example_dags/tutorial_dag.py
[2023-06-16T13:36:22.355+0700] {processor.py:836} INFO - DAG(s) dict_keys(['tutorial_dag']) retrieved from /Library/Frameworks/Python.framework/Versions/3.11/lib/python3.11/site-packages/airflow/example_dags/tutorial_dag.py
[2023-06-16T13:36:23.734+0700] {logging_mixin.py:149} INFO - [2023-06-16T13:36:23.734+0700] {dag.py:2726} INFO - Sync 1 DAGs
[2023-06-16T13:36:23.752+0700] {logging_mixin.py:149} INFO - [2023-06-16T13:36:23.752+0700] {dag.py:3486} INFO - Setting next_dagrun for tutorial_dag to None, run_after=None
[2023-06-16T13:36:23.775+0700] {processor.py:179} INFO - Processing /Library/Frameworks/Python.framework/Versions/3.11/lib/python3.11/site-packages/airflow/example_dags/tutorial_dag.py took 1.488 seconds
[2023-06-16T13:39:05.948+0700] {processor.py:157} INFO - Started process (PID=10980) to work on /Library/Frameworks/Python.framework/Versions/3.11/lib/python3.11/site-packages/airflow/example_dags/tutorial_dag.py
[2023-06-16T13:39:05.950+0700] {processor.py:826} INFO - Processing file /Library/Frameworks/Python.framework/Versions/3.11/lib/python3.11/site-packages/airflow/example_dags/tutorial_dag.py for tasks to queue
[2023-06-16T13:39:05.951+0700] {logging_mixin.py:149} INFO - [2023-06-16T13:39:05.951+0700] {dagbag.py:541} INFO - Filling up the DagBag from /Library/Frameworks/Python.framework/Versions/3.11/lib/python3.11/site-packages/airflow/example_dags/tutorial_dag.py
[2023-06-16T13:39:05.991+0700] {processor.py:836} INFO - DAG(s) dict_keys(['tutorial_dag']) retrieved from /Library/Frameworks/Python.framework/Versions/3.11/lib/python3.11/site-packages/airflow/example_dags/tutorial_dag.py
[2023-06-16T13:39:07.415+0700] {logging_mixin.py:149} INFO - [2023-06-16T13:39:07.415+0700] {dag.py:2726} INFO - Sync 1 DAGs
[2023-06-16T13:39:07.436+0700] {logging_mixin.py:149} INFO - [2023-06-16T13:39:07.435+0700] {dag.py:3486} INFO - Setting next_dagrun for tutorial_dag to None, run_after=None
[2023-06-16T13:39:07.461+0700] {processor.py:179} INFO - Processing /Library/Frameworks/Python.framework/Versions/3.11/lib/python3.11/site-packages/airflow/example_dags/tutorial_dag.py took 1.514 seconds
[2023-06-16T13:41:37.888+0700] {processor.py:157} INFO - Started process (PID=11330) to work on /Library/Frameworks/Python.framework/Versions/3.11/lib/python3.11/site-packages/airflow/example_dags/tutorial_dag.py
[2023-06-16T13:41:37.889+0700] {processor.py:826} INFO - Processing file /Library/Frameworks/Python.framework/Versions/3.11/lib/python3.11/site-packages/airflow/example_dags/tutorial_dag.py for tasks to queue
[2023-06-16T13:41:37.890+0700] {logging_mixin.py:149} INFO - [2023-06-16T13:41:37.890+0700] {dagbag.py:541} INFO - Filling up the DagBag from /Library/Frameworks/Python.framework/Versions/3.11/lib/python3.11/site-packages/airflow/example_dags/tutorial_dag.py
[2023-06-16T13:41:37.929+0700] {processor.py:836} INFO - DAG(s) dict_keys(['tutorial_dag']) retrieved from /Library/Frameworks/Python.framework/Versions/3.11/lib/python3.11/site-packages/airflow/example_dags/tutorial_dag.py
[2023-06-16T13:41:39.125+0700] {logging_mixin.py:149} INFO - [2023-06-16T13:41:39.125+0700] {dag.py:2726} INFO - Sync 1 DAGs
[2023-06-16T13:41:39.150+0700] {logging_mixin.py:149} INFO - [2023-06-16T13:41:39.149+0700] {dag.py:3486} INFO - Setting next_dagrun for tutorial_dag to None, run_after=None
[2023-06-16T13:41:39.182+0700] {processor.py:179} INFO - Processing /Library/Frameworks/Python.framework/Versions/3.11/lib/python3.11/site-packages/airflow/example_dags/tutorial_dag.py took 1.295 seconds
[2023-06-16T13:44:22.227+0700] {processor.py:157} INFO - Started process (PID=11624) to work on /Library/Frameworks/Python.framework/Versions/3.11/lib/python3.11/site-packages/airflow/example_dags/tutorial_dag.py
[2023-06-16T13:44:22.229+0700] {processor.py:826} INFO - Processing file /Library/Frameworks/Python.framework/Versions/3.11/lib/python3.11/site-packages/airflow/example_dags/tutorial_dag.py for tasks to queue
[2023-06-16T13:44:22.230+0700] {logging_mixin.py:149} INFO - [2023-06-16T13:44:22.230+0700] {dagbag.py:541} INFO - Filling up the DagBag from /Library/Frameworks/Python.framework/Versions/3.11/lib/python3.11/site-packages/airflow/example_dags/tutorial_dag.py
[2023-06-16T13:44:22.282+0700] {processor.py:836} INFO - DAG(s) dict_keys(['tutorial_dag']) retrieved from /Library/Frameworks/Python.framework/Versions/3.11/lib/python3.11/site-packages/airflow/example_dags/tutorial_dag.py
[2023-06-16T13:44:23.615+0700] {logging_mixin.py:149} INFO - [2023-06-16T13:44:23.615+0700] {dag.py:2726} INFO - Sync 1 DAGs
[2023-06-16T13:44:23.639+0700] {logging_mixin.py:149} INFO - [2023-06-16T13:44:23.639+0700] {dag.py:3486} INFO - Setting next_dagrun for tutorial_dag to None, run_after=None
[2023-06-16T13:44:23.662+0700] {processor.py:179} INFO - Processing /Library/Frameworks/Python.framework/Versions/3.11/lib/python3.11/site-packages/airflow/example_dags/tutorial_dag.py took 1.436 seconds
[2023-06-16T13:47:10.434+0700] {processor.py:157} INFO - Started process (PID=11982) to work on /Library/Frameworks/Python.framework/Versions/3.11/lib/python3.11/site-packages/airflow/example_dags/tutorial_dag.py
[2023-06-16T13:47:10.435+0700] {processor.py:826} INFO - Processing file /Library/Frameworks/Python.framework/Versions/3.11/lib/python3.11/site-packages/airflow/example_dags/tutorial_dag.py for tasks to queue
[2023-06-16T13:47:10.435+0700] {logging_mixin.py:149} INFO - [2023-06-16T13:47:10.435+0700] {dagbag.py:541} INFO - Filling up the DagBag from /Library/Frameworks/Python.framework/Versions/3.11/lib/python3.11/site-packages/airflow/example_dags/tutorial_dag.py
[2023-06-16T13:47:10.478+0700] {processor.py:836} INFO - DAG(s) dict_keys(['tutorial_dag']) retrieved from /Library/Frameworks/Python.framework/Versions/3.11/lib/python3.11/site-packages/airflow/example_dags/tutorial_dag.py
[2023-06-16T13:47:11.895+0700] {logging_mixin.py:149} INFO - [2023-06-16T13:47:11.895+0700] {dag.py:2726} INFO - Sync 1 DAGs
[2023-06-16T13:47:11.917+0700] {logging_mixin.py:149} INFO - [2023-06-16T13:47:11.917+0700] {dag.py:3486} INFO - Setting next_dagrun for tutorial_dag to None, run_after=None
[2023-06-16T13:47:11.938+0700] {processor.py:179} INFO - Processing /Library/Frameworks/Python.framework/Versions/3.11/lib/python3.11/site-packages/airflow/example_dags/tutorial_dag.py took 1.505 seconds
[2023-06-16T13:51:14.800+0700] {processor.py:157} INFO - Started process (PID=12332) to work on /Library/Frameworks/Python.framework/Versions/3.11/lib/python3.11/site-packages/airflow/example_dags/tutorial_dag.py
[2023-06-16T13:51:14.801+0700] {processor.py:826} INFO - Processing file /Library/Frameworks/Python.framework/Versions/3.11/lib/python3.11/site-packages/airflow/example_dags/tutorial_dag.py for tasks to queue
[2023-06-16T13:51:14.801+0700] {logging_mixin.py:149} INFO - [2023-06-16T13:51:14.801+0700] {dagbag.py:541} INFO - Filling up the DagBag from /Library/Frameworks/Python.framework/Versions/3.11/lib/python3.11/site-packages/airflow/example_dags/tutorial_dag.py
[2023-06-16T13:51:14.832+0700] {processor.py:836} INFO - DAG(s) dict_keys(['tutorial_dag']) retrieved from /Library/Frameworks/Python.framework/Versions/3.11/lib/python3.11/site-packages/airflow/example_dags/tutorial_dag.py
[2023-06-16T13:51:16.282+0700] {logging_mixin.py:149} INFO - [2023-06-16T13:51:16.282+0700] {dag.py:2726} INFO - Sync 1 DAGs
[2023-06-16T13:51:16.301+0700] {logging_mixin.py:149} INFO - [2023-06-16T13:51:16.301+0700] {dag.py:3486} INFO - Setting next_dagrun for tutorial_dag to None, run_after=None
[2023-06-16T13:51:16.317+0700] {processor.py:179} INFO - Processing /Library/Frameworks/Python.framework/Versions/3.11/lib/python3.11/site-packages/airflow/example_dags/tutorial_dag.py took 1.518 seconds
[2023-06-16T13:54:01.289+0700] {processor.py:157} INFO - Started process (PID=12679) to work on /Library/Frameworks/Python.framework/Versions/3.11/lib/python3.11/site-packages/airflow/example_dags/tutorial_dag.py
[2023-06-16T13:54:01.290+0700] {processor.py:826} INFO - Processing file /Library/Frameworks/Python.framework/Versions/3.11/lib/python3.11/site-packages/airflow/example_dags/tutorial_dag.py for tasks to queue
[2023-06-16T13:54:01.290+0700] {logging_mixin.py:149} INFO - [2023-06-16T13:54:01.290+0700] {dagbag.py:541} INFO - Filling up the DagBag from /Library/Frameworks/Python.framework/Versions/3.11/lib/python3.11/site-packages/airflow/example_dags/tutorial_dag.py
[2023-06-16T13:54:01.325+0700] {processor.py:836} INFO - DAG(s) dict_keys(['tutorial_dag']) retrieved from /Library/Frameworks/Python.framework/Versions/3.11/lib/python3.11/site-packages/airflow/example_dags/tutorial_dag.py
[2023-06-16T13:54:02.566+0700] {logging_mixin.py:149} INFO - [2023-06-16T13:54:02.566+0700] {dag.py:2726} INFO - Sync 1 DAGs
[2023-06-16T13:54:02.590+0700] {logging_mixin.py:149} INFO - [2023-06-16T13:54:02.589+0700] {dag.py:3486} INFO - Setting next_dagrun for tutorial_dag to None, run_after=None
[2023-06-16T13:54:02.613+0700] {processor.py:179} INFO - Processing /Library/Frameworks/Python.framework/Versions/3.11/lib/python3.11/site-packages/airflow/example_dags/tutorial_dag.py took 1.325 seconds
[2023-06-16T13:56:43.142+0700] {processor.py:157} INFO - Started process (PID=13100) to work on /Library/Frameworks/Python.framework/Versions/3.11/lib/python3.11/site-packages/airflow/example_dags/tutorial_dag.py
[2023-06-16T13:56:43.143+0700] {processor.py:826} INFO - Processing file /Library/Frameworks/Python.framework/Versions/3.11/lib/python3.11/site-packages/airflow/example_dags/tutorial_dag.py for tasks to queue
[2023-06-16T13:56:43.144+0700] {logging_mixin.py:149} INFO - [2023-06-16T13:56:43.143+0700] {dagbag.py:541} INFO - Filling up the DagBag from /Library/Frameworks/Python.framework/Versions/3.11/lib/python3.11/site-packages/airflow/example_dags/tutorial_dag.py
[2023-06-16T13:56:43.192+0700] {processor.py:836} INFO - DAG(s) dict_keys(['tutorial_dag']) retrieved from /Library/Frameworks/Python.framework/Versions/3.11/lib/python3.11/site-packages/airflow/example_dags/tutorial_dag.py
[2023-06-16T13:56:44.260+0700] {logging_mixin.py:149} INFO - [2023-06-16T13:56:44.260+0700] {dag.py:2726} INFO - Sync 1 DAGs
[2023-06-16T13:56:44.281+0700] {logging_mixin.py:149} INFO - [2023-06-16T13:56:44.281+0700] {dag.py:3486} INFO - Setting next_dagrun for tutorial_dag to None, run_after=None
[2023-06-16T13:56:44.302+0700] {processor.py:179} INFO - Processing /Library/Frameworks/Python.framework/Versions/3.11/lib/python3.11/site-packages/airflow/example_dags/tutorial_dag.py took 1.161 seconds
[2023-06-16T13:59:22.715+0700] {processor.py:157} INFO - Started process (PID=13427) to work on /Library/Frameworks/Python.framework/Versions/3.11/lib/python3.11/site-packages/airflow/example_dags/tutorial_dag.py
[2023-06-16T13:59:22.716+0700] {processor.py:826} INFO - Processing file /Library/Frameworks/Python.framework/Versions/3.11/lib/python3.11/site-packages/airflow/example_dags/tutorial_dag.py for tasks to queue
[2023-06-16T13:59:22.717+0700] {logging_mixin.py:149} INFO - [2023-06-16T13:59:22.717+0700] {dagbag.py:541} INFO - Filling up the DagBag from /Library/Frameworks/Python.framework/Versions/3.11/lib/python3.11/site-packages/airflow/example_dags/tutorial_dag.py
[2023-06-16T13:59:22.764+0700] {processor.py:836} INFO - DAG(s) dict_keys(['tutorial_dag']) retrieved from /Library/Frameworks/Python.framework/Versions/3.11/lib/python3.11/site-packages/airflow/example_dags/tutorial_dag.py
[2023-06-16T13:59:23.887+0700] {logging_mixin.py:149} INFO - [2023-06-16T13:59:23.887+0700] {dag.py:2726} INFO - Sync 1 DAGs
[2023-06-16T13:59:23.907+0700] {logging_mixin.py:149} INFO - [2023-06-16T13:59:23.907+0700] {dag.py:3486} INFO - Setting next_dagrun for tutorial_dag to None, run_after=None
[2023-06-16T13:59:23.925+0700] {processor.py:179} INFO - Processing /Library/Frameworks/Python.framework/Versions/3.11/lib/python3.11/site-packages/airflow/example_dags/tutorial_dag.py took 1.211 seconds
[2023-06-16T14:01:54.064+0700] {processor.py:157} INFO - Started process (PID=13705) to work on /Library/Frameworks/Python.framework/Versions/3.11/lib/python3.11/site-packages/airflow/example_dags/tutorial_dag.py
[2023-06-16T14:01:54.065+0700] {processor.py:826} INFO - Processing file /Library/Frameworks/Python.framework/Versions/3.11/lib/python3.11/site-packages/airflow/example_dags/tutorial_dag.py for tasks to queue
[2023-06-16T14:01:54.066+0700] {logging_mixin.py:149} INFO - [2023-06-16T14:01:54.065+0700] {dagbag.py:541} INFO - Filling up the DagBag from /Library/Frameworks/Python.framework/Versions/3.11/lib/python3.11/site-packages/airflow/example_dags/tutorial_dag.py
[2023-06-16T14:01:54.119+0700] {processor.py:836} INFO - DAG(s) dict_keys(['tutorial_dag']) retrieved from /Library/Frameworks/Python.framework/Versions/3.11/lib/python3.11/site-packages/airflow/example_dags/tutorial_dag.py
[2023-06-16T14:01:55.207+0700] {logging_mixin.py:149} INFO - [2023-06-16T14:01:55.207+0700] {dag.py:2726} INFO - Sync 1 DAGs
[2023-06-16T14:01:55.228+0700] {logging_mixin.py:149} INFO - [2023-06-16T14:01:55.228+0700] {dag.py:3486} INFO - Setting next_dagrun for tutorial_dag to None, run_after=None
[2023-06-16T14:01:55.248+0700] {processor.py:179} INFO - Processing /Library/Frameworks/Python.framework/Versions/3.11/lib/python3.11/site-packages/airflow/example_dags/tutorial_dag.py took 1.185 seconds
[2023-06-16T14:04:14.833+0700] {processor.py:157} INFO - Started process (PID=14039) to work on /Library/Frameworks/Python.framework/Versions/3.11/lib/python3.11/site-packages/airflow/example_dags/tutorial_dag.py
[2023-06-16T14:04:14.833+0700] {processor.py:826} INFO - Processing file /Library/Frameworks/Python.framework/Versions/3.11/lib/python3.11/site-packages/airflow/example_dags/tutorial_dag.py for tasks to queue
[2023-06-16T14:04:14.835+0700] {logging_mixin.py:149} INFO - [2023-06-16T14:04:14.834+0700] {dagbag.py:541} INFO - Filling up the DagBag from /Library/Frameworks/Python.framework/Versions/3.11/lib/python3.11/site-packages/airflow/example_dags/tutorial_dag.py
[2023-06-16T14:04:14.871+0700] {processor.py:836} INFO - DAG(s) dict_keys(['tutorial_dag']) retrieved from /Library/Frameworks/Python.framework/Versions/3.11/lib/python3.11/site-packages/airflow/example_dags/tutorial_dag.py
[2023-06-16T14:04:15.876+0700] {logging_mixin.py:149} INFO - [2023-06-16T14:04:15.876+0700] {dag.py:2726} INFO - Sync 1 DAGs
[2023-06-16T14:04:15.893+0700] {logging_mixin.py:149} INFO - [2023-06-16T14:04:15.893+0700] {dag.py:3486} INFO - Setting next_dagrun for tutorial_dag to None, run_after=None
[2023-06-16T14:04:15.912+0700] {processor.py:179} INFO - Processing /Library/Frameworks/Python.framework/Versions/3.11/lib/python3.11/site-packages/airflow/example_dags/tutorial_dag.py took 1.080 seconds
[2023-06-16T14:07:04.042+0700] {processor.py:157} INFO - Started process (PID=14441) to work on /Library/Frameworks/Python.framework/Versions/3.11/lib/python3.11/site-packages/airflow/example_dags/tutorial_dag.py
[2023-06-16T14:07:04.043+0700] {processor.py:826} INFO - Processing file /Library/Frameworks/Python.framework/Versions/3.11/lib/python3.11/site-packages/airflow/example_dags/tutorial_dag.py for tasks to queue
[2023-06-16T14:07:04.044+0700] {logging_mixin.py:149} INFO - [2023-06-16T14:07:04.044+0700] {dagbag.py:541} INFO - Filling up the DagBag from /Library/Frameworks/Python.framework/Versions/3.11/lib/python3.11/site-packages/airflow/example_dags/tutorial_dag.py
[2023-06-16T14:07:04.116+0700] {processor.py:836} INFO - DAG(s) dict_keys(['tutorial_dag']) retrieved from /Library/Frameworks/Python.framework/Versions/3.11/lib/python3.11/site-packages/airflow/example_dags/tutorial_dag.py
[2023-06-16T14:07:05.749+0700] {logging_mixin.py:149} INFO - [2023-06-16T14:07:05.748+0700] {dag.py:2726} INFO - Sync 1 DAGs
[2023-06-16T14:07:05.776+0700] {logging_mixin.py:149} INFO - [2023-06-16T14:07:05.776+0700] {dag.py:3486} INFO - Setting next_dagrun for tutorial_dag to None, run_after=None
[2023-06-16T14:07:05.801+0700] {processor.py:179} INFO - Processing /Library/Frameworks/Python.framework/Versions/3.11/lib/python3.11/site-packages/airflow/example_dags/tutorial_dag.py took 1.761 seconds
[2023-06-16T14:09:44.873+0700] {processor.py:157} INFO - Started process (PID=15021) to work on /Library/Frameworks/Python.framework/Versions/3.11/lib/python3.11/site-packages/airflow/example_dags/tutorial_dag.py
[2023-06-16T14:09:44.874+0700] {processor.py:826} INFO - Processing file /Library/Frameworks/Python.framework/Versions/3.11/lib/python3.11/site-packages/airflow/example_dags/tutorial_dag.py for tasks to queue
[2023-06-16T14:09:44.875+0700] {logging_mixin.py:149} INFO - [2023-06-16T14:09:44.875+0700] {dagbag.py:541} INFO - Filling up the DagBag from /Library/Frameworks/Python.framework/Versions/3.11/lib/python3.11/site-packages/airflow/example_dags/tutorial_dag.py
[2023-06-16T14:09:44.931+0700] {processor.py:836} INFO - DAG(s) dict_keys(['tutorial_dag']) retrieved from /Library/Frameworks/Python.framework/Versions/3.11/lib/python3.11/site-packages/airflow/example_dags/tutorial_dag.py
[2023-06-16T14:09:46.265+0700] {logging_mixin.py:149} INFO - [2023-06-16T14:09:46.264+0700] {dag.py:2726} INFO - Sync 1 DAGs
[2023-06-16T14:09:46.289+0700] {logging_mixin.py:149} INFO - [2023-06-16T14:09:46.289+0700] {dag.py:3486} INFO - Setting next_dagrun for tutorial_dag to None, run_after=None
[2023-06-16T14:09:46.310+0700] {processor.py:179} INFO - Processing /Library/Frameworks/Python.framework/Versions/3.11/lib/python3.11/site-packages/airflow/example_dags/tutorial_dag.py took 1.438 seconds
