[2023-06-15T22:13:12.225+0700] {taskinstance.py:1103} INFO - Dependencies all met for dep_context=non-requeueable deps ti=<TaskInstance: thethree_reqif_to_rst.upload_to_github manual__2023-06-15T15:12:39+00:00 [queued]>
[2023-06-15T22:13:12.232+0700] {taskinstance.py:1103} INFO - Dependencies all met for dep_context=requeueable deps ti=<TaskInstance: thethree_reqif_to_rst.upload_to_github manual__2023-06-15T15:12:39+00:00 [queued]>
[2023-06-15T22:13:12.233+0700] {taskinstance.py:1308} INFO - Starting attempt 1 of 0
[2023-06-15T22:13:12.250+0700] {taskinstance.py:1327} INFO - Executing <Task(PythonOperator): upload_to_github> on 2023-06-15 15:12:39+00:00
[2023-06-15T22:13:12.254+0700] {standard_task_runner.py:57} INFO - Started process 86150 to run task
[2023-06-15T22:13:12.261+0700] {standard_task_runner.py:84} INFO - Running: ['airflow', 'tasks', 'run', 'thethree_reqif_to_rst', 'upload_to_github', 'manual__2023-06-15T15:12:39+00:00', '--job-id', '174', '--raw', '--subdir', 'DAGS_FOLDER/mainflow.py', '--cfg-path', '/var/folders/v7/qsb_cvl92z92z6jf7g1jc0zr0000gn/T/tmp2608_urh']
[2023-06-15T22:13:12.263+0700] {standard_task_runner.py:85} INFO - Job 174: Subtask upload_to_github
[2023-06-15T22:13:12.324+0700] {task_command.py:410} INFO - Running <TaskInstance: thethree_reqif_to_rst.upload_to_github manual__2023-06-15T15:12:39+00:00 [running]> on host macbook-pro.local
[2023-06-15T22:13:12.397+0700] {taskinstance.py:1545} INFO - Exporting env vars: AIRFLOW_CTX_DAG_OWNER='The Three' AIRFLOW_CTX_DAG_ID='thethree_reqif_to_rst' AIRFLOW_CTX_TASK_ID='upload_to_github' AIRFLOW_CTX_EXECUTION_DATE='2023-06-15T15:12:39+00:00' AIRFLOW_CTX_TRY_NUMBER='1' AIRFLOW_CTX_DAG_RUN_ID='manual__2023-06-15T15:12:39+00:00'
[2023-06-15T22:13:12.412+0700] {mainflow.py:48} INFO - {'AUTHENTICATION': {'TOKEN': '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', 'USERNAME': 'nxquang-al'}, 'MESSAGE': 'test-github-access-token', 'REPOSITORY': {'BRANCH': 'main', 'NAME': 'Test-github-api', 'OWNER': 'R2th'}}
[2023-06-15T22:13:12.412+0700] {mainflow.py:49} INFO - /Users/lap14202/.airflow/data/Requirements.rst
[2023-06-15T22:13:12.413+0700] {upload_to_github.py:21} INFO - https://api.github.com/repos/R2th/Test-github-api/contents/Users/lap14202/.airflow/data/Requirements.rst
[2023-06-15T22:13:12.413+0700] {upload_to_github.py:22} INFO - {'Authorization': 'Bearer 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', 'Content-Type': 'application/vnd.github+json'}
[2023-06-15T22:13:12.414+0700] {upload_to_github.py:23} INFO - main
[2023-06-15T22:14:17.658+0700] {local_task_job_runner.py:291} WARNING - State of this instance has been externally set to restarting. Terminating instance.
[2023-06-15T22:14:17.684+0700] {process_utils.py:131} INFO - Sending 15 to group 86150. PIDs of all processes in the group: [86150]
[2023-06-15T22:14:17.684+0700] {process_utils.py:86} INFO - Sending the signal 15 to group 86150
[2023-06-15T22:16:03.452+0700] {process_utils.py:149} WARNING - process psutil.Process(pid=86150, name='Python', status='running', started='22:13:12') did not respond to SIGTERM. Trying SIGKILL
[2023-06-15T22:16:03.453+0700] {process_utils.py:86} INFO - Sending the signal 9 to group 86150
[2023-06-15T22:16:03.461+0700] {process_utils.py:79} INFO - Process psutil.Process(pid=86150, name='Python', status='terminated', exitcode=<Negsignal.SIGKILL: -9>, started='22:13:12') (86150) terminated with exit code -9
[2023-06-15T22:16:03.462+0700] {standard_task_runner.py:172} ERROR - Job 174 was killed before it finished (likely due to running out of memory)
