[2023-06-16T09:39:06.326+0700] {processor.py:157} INFO - Started process (PID=88526) to work on /Library/Frameworks/Python.framework/Versions/3.11/lib/python3.11/site-packages/airflow/example_dags/plugins/event_listener.py
[2023-06-16T09:39:06.327+0700] {processor.py:826} INFO - Processing file /Library/Frameworks/Python.framework/Versions/3.11/lib/python3.11/site-packages/airflow/example_dags/plugins/event_listener.py for tasks to queue
[2023-06-16T09:39:06.328+0700] {logging_mixin.py:149} INFO - [2023-06-16T09:39:06.328+0700] {dagbag.py:541} INFO - Filling up the DagBag from /Library/Frameworks/Python.framework/Versions/3.11/lib/python3.11/site-packages/airflow/example_dags/plugins/event_listener.py
[2023-06-16T09:39:06.331+0700] {processor.py:838} WARNING - No viable dags retrieved from /Library/Frameworks/Python.framework/Versions/3.11/lib/python3.11/site-packages/airflow/example_dags/plugins/event_listener.py
[2023-06-16T09:39:08.457+0700] {processor.py:179} INFO - Processing /Library/Frameworks/Python.framework/Versions/3.11/lib/python3.11/site-packages/airflow/example_dags/plugins/event_listener.py took 2.133 seconds
[2023-06-16T11:02:44.237+0700] {processor.py:157} INFO - Started process (PID=89023) to work on /Library/Frameworks/Python.framework/Versions/3.11/lib/python3.11/site-packages/airflow/example_dags/plugins/event_listener.py
[2023-06-16T11:02:44.238+0700] {processor.py:826} INFO - Processing file /Library/Frameworks/Python.framework/Versions/3.11/lib/python3.11/site-packages/airflow/example_dags/plugins/event_listener.py for tasks to queue
[2023-06-16T11:02:44.238+0700] {logging_mixin.py:149} INFO - [2023-06-16T11:02:44.238+0700] {dagbag.py:541} INFO - Filling up the DagBag from /Library/Frameworks/Python.framework/Versions/3.11/lib/python3.11/site-packages/airflow/example_dags/plugins/event_listener.py
[2023-06-16T11:02:44.240+0700] {processor.py:838} WARNING - No viable dags retrieved from /Library/Frameworks/Python.framework/Versions/3.11/lib/python3.11/site-packages/airflow/example_dags/plugins/event_listener.py
[2023-06-16T11:02:45.601+0700] {processor.py:179} INFO - Processing /Library/Frameworks/Python.framework/Versions/3.11/lib/python3.11/site-packages/airflow/example_dags/plugins/event_listener.py took 1.365 seconds
[2023-06-16T11:05:16.269+0700] {processor.py:157} INFO - Started process (PID=89365) to work on /Library/Frameworks/Python.framework/Versions/3.11/lib/python3.11/site-packages/airflow/example_dags/plugins/event_listener.py
[2023-06-16T11:05:16.270+0700] {processor.py:826} INFO - Processing file /Library/Frameworks/Python.framework/Versions/3.11/lib/python3.11/site-packages/airflow/example_dags/plugins/event_listener.py for tasks to queue
[2023-06-16T11:05:16.270+0700] {logging_mixin.py:149} INFO - [2023-06-16T11:05:16.270+0700] {dagbag.py:541} INFO - Filling up the DagBag from /Library/Frameworks/Python.framework/Versions/3.11/lib/python3.11/site-packages/airflow/example_dags/plugins/event_listener.py
[2023-06-16T11:05:16.271+0700] {processor.py:838} WARNING - No viable dags retrieved from /Library/Frameworks/Python.framework/Versions/3.11/lib/python3.11/site-packages/airflow/example_dags/plugins/event_listener.py
[2023-06-16T11:05:17.412+0700] {processor.py:179} INFO - Processing /Library/Frameworks/Python.framework/Versions/3.11/lib/python3.11/site-packages/airflow/example_dags/plugins/event_listener.py took 1.144 seconds
[2023-06-16T11:07:56.212+0700] {processor.py:157} INFO - Started process (PID=89743) to work on /Library/Frameworks/Python.framework/Versions/3.11/lib/python3.11/site-packages/airflow/example_dags/plugins/event_listener.py
[2023-06-16T11:07:56.213+0700] {processor.py:826} INFO - Processing file /Library/Frameworks/Python.framework/Versions/3.11/lib/python3.11/site-packages/airflow/example_dags/plugins/event_listener.py for tasks to queue
[2023-06-16T11:07:56.214+0700] {logging_mixin.py:149} INFO - [2023-06-16T11:07:56.213+0700] {dagbag.py:541} INFO - Filling up the DagBag from /Library/Frameworks/Python.framework/Versions/3.11/lib/python3.11/site-packages/airflow/example_dags/plugins/event_listener.py
[2023-06-16T11:07:56.216+0700] {processor.py:838} WARNING - No viable dags retrieved from /Library/Frameworks/Python.framework/Versions/3.11/lib/python3.11/site-packages/airflow/example_dags/plugins/event_listener.py
[2023-06-16T11:07:57.329+0700] {processor.py:179} INFO - Processing /Library/Frameworks/Python.framework/Versions/3.11/lib/python3.11/site-packages/airflow/example_dags/plugins/event_listener.py took 1.119 seconds
[2023-06-16T11:11:39.602+0700] {processor.py:157} INFO - Started process (PID=90147) to work on /Library/Frameworks/Python.framework/Versions/3.11/lib/python3.11/site-packages/airflow/example_dags/plugins/event_listener.py
[2023-06-16T11:11:39.602+0700] {processor.py:826} INFO - Processing file /Library/Frameworks/Python.framework/Versions/3.11/lib/python3.11/site-packages/airflow/example_dags/plugins/event_listener.py for tasks to queue
[2023-06-16T11:11:39.603+0700] {logging_mixin.py:149} INFO - [2023-06-16T11:11:39.603+0700] {dagbag.py:541} INFO - Filling up the DagBag from /Library/Frameworks/Python.framework/Versions/3.11/lib/python3.11/site-packages/airflow/example_dags/plugins/event_listener.py
[2023-06-16T11:11:39.605+0700] {processor.py:838} WARNING - No viable dags retrieved from /Library/Frameworks/Python.framework/Versions/3.11/lib/python3.11/site-packages/airflow/example_dags/plugins/event_listener.py
[2023-06-16T11:11:40.678+0700] {processor.py:179} INFO - Processing /Library/Frameworks/Python.framework/Versions/3.11/lib/python3.11/site-packages/airflow/example_dags/plugins/event_listener.py took 1.077 seconds
[2023-06-16T11:14:45.351+0700] {processor.py:157} INFO - Started process (PID=90531) to work on /Library/Frameworks/Python.framework/Versions/3.11/lib/python3.11/site-packages/airflow/example_dags/plugins/event_listener.py
[2023-06-16T11:14:45.352+0700] {processor.py:826} INFO - Processing file /Library/Frameworks/Python.framework/Versions/3.11/lib/python3.11/site-packages/airflow/example_dags/plugins/event_listener.py for tasks to queue
[2023-06-16T11:14:45.353+0700] {logging_mixin.py:149} INFO - [2023-06-16T11:14:45.352+0700] {dagbag.py:541} INFO - Filling up the DagBag from /Library/Frameworks/Python.framework/Versions/3.11/lib/python3.11/site-packages/airflow/example_dags/plugins/event_listener.py
[2023-06-16T11:14:45.354+0700] {processor.py:838} WARNING - No viable dags retrieved from /Library/Frameworks/Python.framework/Versions/3.11/lib/python3.11/site-packages/airflow/example_dags/plugins/event_listener.py
[2023-06-16T11:14:46.307+0700] {processor.py:179} INFO - Processing /Library/Frameworks/Python.framework/Versions/3.11/lib/python3.11/site-packages/airflow/example_dags/plugins/event_listener.py took 0.957 seconds
[2023-06-16T11:18:11.100+0700] {processor.py:157} INFO - Started process (PID=90911) to work on /Library/Frameworks/Python.framework/Versions/3.11/lib/python3.11/site-packages/airflow/example_dags/plugins/event_listener.py
[2023-06-16T11:18:11.101+0700] {processor.py:826} INFO - Processing file /Library/Frameworks/Python.framework/Versions/3.11/lib/python3.11/site-packages/airflow/example_dags/plugins/event_listener.py for tasks to queue
[2023-06-16T11:18:11.101+0700] {logging_mixin.py:149} INFO - [2023-06-16T11:18:11.101+0700] {dagbag.py:541} INFO - Filling up the DagBag from /Library/Frameworks/Python.framework/Versions/3.11/lib/python3.11/site-packages/airflow/example_dags/plugins/event_listener.py
[2023-06-16T11:18:11.103+0700] {processor.py:838} WARNING - No viable dags retrieved from /Library/Frameworks/Python.framework/Versions/3.11/lib/python3.11/site-packages/airflow/example_dags/plugins/event_listener.py
[2023-06-16T11:18:12.548+0700] {processor.py:179} INFO - Processing /Library/Frameworks/Python.framework/Versions/3.11/lib/python3.11/site-packages/airflow/example_dags/plugins/event_listener.py took 1.449 seconds
[2023-06-16T11:21:17.003+0700] {processor.py:157} INFO - Started process (PID=91326) to work on /Library/Frameworks/Python.framework/Versions/3.11/lib/python3.11/site-packages/airflow/example_dags/plugins/event_listener.py
[2023-06-16T11:21:17.004+0700] {processor.py:826} INFO - Processing file /Library/Frameworks/Python.framework/Versions/3.11/lib/python3.11/site-packages/airflow/example_dags/plugins/event_listener.py for tasks to queue
[2023-06-16T11:21:17.005+0700] {logging_mixin.py:149} INFO - [2023-06-16T11:21:17.005+0700] {dagbag.py:541} INFO - Filling up the DagBag from /Library/Frameworks/Python.framework/Versions/3.11/lib/python3.11/site-packages/airflow/example_dags/plugins/event_listener.py
[2023-06-16T11:21:17.007+0700] {processor.py:838} WARNING - No viable dags retrieved from /Library/Frameworks/Python.framework/Versions/3.11/lib/python3.11/site-packages/airflow/example_dags/plugins/event_listener.py
[2023-06-16T11:21:18.178+0700] {processor.py:179} INFO - Processing /Library/Frameworks/Python.framework/Versions/3.11/lib/python3.11/site-packages/airflow/example_dags/plugins/event_listener.py took 1.176 seconds
[2023-06-16T11:23:56.443+0700] {processor.py:157} INFO - Started process (PID=91711) to work on /Library/Frameworks/Python.framework/Versions/3.11/lib/python3.11/site-packages/airflow/example_dags/plugins/event_listener.py
[2023-06-16T11:23:56.444+0700] {processor.py:826} INFO - Processing file /Library/Frameworks/Python.framework/Versions/3.11/lib/python3.11/site-packages/airflow/example_dags/plugins/event_listener.py for tasks to queue
[2023-06-16T11:23:56.445+0700] {logging_mixin.py:149} INFO - [2023-06-16T11:23:56.445+0700] {dagbag.py:541} INFO - Filling up the DagBag from /Library/Frameworks/Python.framework/Versions/3.11/lib/python3.11/site-packages/airflow/example_dags/plugins/event_listener.py
[2023-06-16T11:23:56.446+0700] {processor.py:838} WARNING - No viable dags retrieved from /Library/Frameworks/Python.framework/Versions/3.11/lib/python3.11/site-packages/airflow/example_dags/plugins/event_listener.py
[2023-06-16T11:23:57.706+0700] {processor.py:179} INFO - Processing /Library/Frameworks/Python.framework/Versions/3.11/lib/python3.11/site-packages/airflow/example_dags/plugins/event_listener.py took 1.264 seconds
[2023-06-16T11:28:10.055+0700] {processor.py:157} INFO - Started process (PID=92260) to work on /Library/Frameworks/Python.framework/Versions/3.11/lib/python3.11/site-packages/airflow/example_dags/plugins/event_listener.py
[2023-06-16T11:28:10.056+0700] {processor.py:826} INFO - Processing file /Library/Frameworks/Python.framework/Versions/3.11/lib/python3.11/site-packages/airflow/example_dags/plugins/event_listener.py for tasks to queue
[2023-06-16T11:28:10.057+0700] {logging_mixin.py:149} INFO - [2023-06-16T11:28:10.057+0700] {dagbag.py:541} INFO - Filling up the DagBag from /Library/Frameworks/Python.framework/Versions/3.11/lib/python3.11/site-packages/airflow/example_dags/plugins/event_listener.py
[2023-06-16T11:28:10.058+0700] {processor.py:838} WARNING - No viable dags retrieved from /Library/Frameworks/Python.framework/Versions/3.11/lib/python3.11/site-packages/airflow/example_dags/plugins/event_listener.py
[2023-06-16T11:28:11.540+0700] {processor.py:179} INFO - Processing /Library/Frameworks/Python.framework/Versions/3.11/lib/python3.11/site-packages/airflow/example_dags/plugins/event_listener.py took 1.485 seconds
[2023-06-16T11:31:46.284+0700] {processor.py:157} INFO - Started process (PID=92729) to work on /Library/Frameworks/Python.framework/Versions/3.11/lib/python3.11/site-packages/airflow/example_dags/plugins/event_listener.py
[2023-06-16T11:31:46.286+0700] {processor.py:826} INFO - Processing file /Library/Frameworks/Python.framework/Versions/3.11/lib/python3.11/site-packages/airflow/example_dags/plugins/event_listener.py for tasks to queue
[2023-06-16T11:31:46.287+0700] {logging_mixin.py:149} INFO - [2023-06-16T11:31:46.287+0700] {dagbag.py:541} INFO - Filling up the DagBag from /Library/Frameworks/Python.framework/Versions/3.11/lib/python3.11/site-packages/airflow/example_dags/plugins/event_listener.py
[2023-06-16T11:31:46.289+0700] {processor.py:838} WARNING - No viable dags retrieved from /Library/Frameworks/Python.framework/Versions/3.11/lib/python3.11/site-packages/airflow/example_dags/plugins/event_listener.py
[2023-06-16T11:31:47.720+0700] {processor.py:179} INFO - Processing /Library/Frameworks/Python.framework/Versions/3.11/lib/python3.11/site-packages/airflow/example_dags/plugins/event_listener.py took 1.439 seconds
[2023-06-16T11:35:08.466+0700] {processor.py:157} INFO - Started process (PID=93135) to work on /Library/Frameworks/Python.framework/Versions/3.11/lib/python3.11/site-packages/airflow/example_dags/plugins/event_listener.py
[2023-06-16T11:35:08.468+0700] {processor.py:826} INFO - Processing file /Library/Frameworks/Python.framework/Versions/3.11/lib/python3.11/site-packages/airflow/example_dags/plugins/event_listener.py for tasks to queue
[2023-06-16T11:35:08.469+0700] {logging_mixin.py:149} INFO - [2023-06-16T11:35:08.469+0700] {dagbag.py:541} INFO - Filling up the DagBag from /Library/Frameworks/Python.framework/Versions/3.11/lib/python3.11/site-packages/airflow/example_dags/plugins/event_listener.py
[2023-06-16T11:35:08.471+0700] {processor.py:838} WARNING - No viable dags retrieved from /Library/Frameworks/Python.framework/Versions/3.11/lib/python3.11/site-packages/airflow/example_dags/plugins/event_listener.py
[2023-06-16T11:35:09.862+0700] {processor.py:179} INFO - Processing /Library/Frameworks/Python.framework/Versions/3.11/lib/python3.11/site-packages/airflow/example_dags/plugins/event_listener.py took 1.397 seconds
[2023-06-16T11:37:45.323+0700] {processor.py:157} INFO - Started process (PID=93868) to work on /Library/Frameworks/Python.framework/Versions/3.11/lib/python3.11/site-packages/airflow/example_dags/plugins/event_listener.py
[2023-06-16T11:37:45.324+0700] {processor.py:826} INFO - Processing file /Library/Frameworks/Python.framework/Versions/3.11/lib/python3.11/site-packages/airflow/example_dags/plugins/event_listener.py for tasks to queue
[2023-06-16T11:37:45.325+0700] {logging_mixin.py:149} INFO - [2023-06-16T11:37:45.325+0700] {dagbag.py:541} INFO - Filling up the DagBag from /Library/Frameworks/Python.framework/Versions/3.11/lib/python3.11/site-packages/airflow/example_dags/plugins/event_listener.py
[2023-06-16T11:37:45.326+0700] {processor.py:838} WARNING - No viable dags retrieved from /Library/Frameworks/Python.framework/Versions/3.11/lib/python3.11/site-packages/airflow/example_dags/plugins/event_listener.py
[2023-06-16T11:37:46.459+0700] {processor.py:179} INFO - Processing /Library/Frameworks/Python.framework/Versions/3.11/lib/python3.11/site-packages/airflow/example_dags/plugins/event_listener.py took 1.138 seconds
[2023-06-16T11:40:38.226+0700] {processor.py:157} INFO - Started process (PID=94190) to work on /Library/Frameworks/Python.framework/Versions/3.11/lib/python3.11/site-packages/airflow/example_dags/plugins/event_listener.py
[2023-06-16T11:40:38.227+0700] {processor.py:826} INFO - Processing file /Library/Frameworks/Python.framework/Versions/3.11/lib/python3.11/site-packages/airflow/example_dags/plugins/event_listener.py for tasks to queue
[2023-06-16T11:40:38.228+0700] {logging_mixin.py:149} INFO - [2023-06-16T11:40:38.228+0700] {dagbag.py:541} INFO - Filling up the DagBag from /Library/Frameworks/Python.framework/Versions/3.11/lib/python3.11/site-packages/airflow/example_dags/plugins/event_listener.py
[2023-06-16T11:40:38.229+0700] {processor.py:838} WARNING - No viable dags retrieved from /Library/Frameworks/Python.framework/Versions/3.11/lib/python3.11/site-packages/airflow/example_dags/plugins/event_listener.py
[2023-06-16T11:40:40.115+0700] {processor.py:179} INFO - Processing /Library/Frameworks/Python.framework/Versions/3.11/lib/python3.11/site-packages/airflow/example_dags/plugins/event_listener.py took 1.890 seconds
[2023-06-16T11:43:28.715+0700] {processor.py:157} INFO - Started process (PID=94558) to work on /Library/Frameworks/Python.framework/Versions/3.11/lib/python3.11/site-packages/airflow/example_dags/plugins/event_listener.py
[2023-06-16T11:43:28.716+0700] {processor.py:826} INFO - Processing file /Library/Frameworks/Python.framework/Versions/3.11/lib/python3.11/site-packages/airflow/example_dags/plugins/event_listener.py for tasks to queue
[2023-06-16T11:43:28.717+0700] {logging_mixin.py:149} INFO - [2023-06-16T11:43:28.717+0700] {dagbag.py:541} INFO - Filling up the DagBag from /Library/Frameworks/Python.framework/Versions/3.11/lib/python3.11/site-packages/airflow/example_dags/plugins/event_listener.py
[2023-06-16T11:43:28.718+0700] {processor.py:838} WARNING - No viable dags retrieved from /Library/Frameworks/Python.framework/Versions/3.11/lib/python3.11/site-packages/airflow/example_dags/plugins/event_listener.py
[2023-06-16T11:43:29.973+0700] {processor.py:179} INFO - Processing /Library/Frameworks/Python.framework/Versions/3.11/lib/python3.11/site-packages/airflow/example_dags/plugins/event_listener.py took 1.259 seconds
[2023-06-16T11:48:46.073+0700] {processor.py:157} INFO - Started process (PID=95145) to work on /Library/Frameworks/Python.framework/Versions/3.11/lib/python3.11/site-packages/airflow/example_dags/plugins/event_listener.py
[2023-06-16T11:48:46.074+0700] {processor.py:826} INFO - Processing file /Library/Frameworks/Python.framework/Versions/3.11/lib/python3.11/site-packages/airflow/example_dags/plugins/event_listener.py for tasks to queue
[2023-06-16T11:48:46.075+0700] {logging_mixin.py:149} INFO - [2023-06-16T11:48:46.074+0700] {dagbag.py:541} INFO - Filling up the DagBag from /Library/Frameworks/Python.framework/Versions/3.11/lib/python3.11/site-packages/airflow/example_dags/plugins/event_listener.py
[2023-06-16T11:48:46.076+0700] {processor.py:838} WARNING - No viable dags retrieved from /Library/Frameworks/Python.framework/Versions/3.11/lib/python3.11/site-packages/airflow/example_dags/plugins/event_listener.py
[2023-06-16T11:48:47.284+0700] {processor.py:179} INFO - Processing /Library/Frameworks/Python.framework/Versions/3.11/lib/python3.11/site-packages/airflow/example_dags/plugins/event_listener.py took 1.212 seconds
[2023-06-16T11:52:23.764+0700] {processor.py:157} INFO - Started process (PID=95605) to work on /Library/Frameworks/Python.framework/Versions/3.11/lib/python3.11/site-packages/airflow/example_dags/plugins/event_listener.py
[2023-06-16T11:52:23.766+0700] {processor.py:826} INFO - Processing file /Library/Frameworks/Python.framework/Versions/3.11/lib/python3.11/site-packages/airflow/example_dags/plugins/event_listener.py for tasks to queue
[2023-06-16T11:52:23.767+0700] {logging_mixin.py:149} INFO - [2023-06-16T11:52:23.766+0700] {dagbag.py:541} INFO - Filling up the DagBag from /Library/Frameworks/Python.framework/Versions/3.11/lib/python3.11/site-packages/airflow/example_dags/plugins/event_listener.py
[2023-06-16T11:52:23.768+0700] {processor.py:838} WARNING - No viable dags retrieved from /Library/Frameworks/Python.framework/Versions/3.11/lib/python3.11/site-packages/airflow/example_dags/plugins/event_listener.py
[2023-06-16T11:52:24.956+0700] {processor.py:179} INFO - Processing /Library/Frameworks/Python.framework/Versions/3.11/lib/python3.11/site-packages/airflow/example_dags/plugins/event_listener.py took 1.193 seconds
[2023-06-16T11:55:42.677+0700] {processor.py:157} INFO - Started process (PID=96012) to work on /Library/Frameworks/Python.framework/Versions/3.11/lib/python3.11/site-packages/airflow/example_dags/plugins/event_listener.py
[2023-06-16T11:55:42.677+0700] {processor.py:826} INFO - Processing file /Library/Frameworks/Python.framework/Versions/3.11/lib/python3.11/site-packages/airflow/example_dags/plugins/event_listener.py for tasks to queue
[2023-06-16T11:55:42.678+0700] {logging_mixin.py:149} INFO - [2023-06-16T11:55:42.678+0700] {dagbag.py:541} INFO - Filling up the DagBag from /Library/Frameworks/Python.framework/Versions/3.11/lib/python3.11/site-packages/airflow/example_dags/plugins/event_listener.py
[2023-06-16T11:55:42.679+0700] {processor.py:838} WARNING - No viable dags retrieved from /Library/Frameworks/Python.framework/Versions/3.11/lib/python3.11/site-packages/airflow/example_dags/plugins/event_listener.py
[2023-06-16T11:55:43.733+0700] {processor.py:179} INFO - Processing /Library/Frameworks/Python.framework/Versions/3.11/lib/python3.11/site-packages/airflow/example_dags/plugins/event_listener.py took 1.057 seconds
[2023-06-16T11:58:26.569+0700] {processor.py:157} INFO - Started process (PID=96353) to work on /Library/Frameworks/Python.framework/Versions/3.11/lib/python3.11/site-packages/airflow/example_dags/plugins/event_listener.py
[2023-06-16T11:58:26.582+0700] {processor.py:826} INFO - Processing file /Library/Frameworks/Python.framework/Versions/3.11/lib/python3.11/site-packages/airflow/example_dags/plugins/event_listener.py for tasks to queue
[2023-06-16T11:58:26.583+0700] {logging_mixin.py:149} INFO - [2023-06-16T11:58:26.583+0700] {dagbag.py:541} INFO - Filling up the DagBag from /Library/Frameworks/Python.framework/Versions/3.11/lib/python3.11/site-packages/airflow/example_dags/plugins/event_listener.py
[2023-06-16T11:58:26.585+0700] {processor.py:838} WARNING - No viable dags retrieved from /Library/Frameworks/Python.framework/Versions/3.11/lib/python3.11/site-packages/airflow/example_dags/plugins/event_listener.py
[2023-06-16T11:58:27.971+0700] {processor.py:179} INFO - Processing /Library/Frameworks/Python.framework/Versions/3.11/lib/python3.11/site-packages/airflow/example_dags/plugins/event_listener.py took 1.403 seconds
[2023-06-16T12:01:23.411+0700] {processor.py:157} INFO - Started process (PID=96709) to work on /Library/Frameworks/Python.framework/Versions/3.11/lib/python3.11/site-packages/airflow/example_dags/plugins/event_listener.py
[2023-06-16T12:01:23.413+0700] {processor.py:826} INFO - Processing file /Library/Frameworks/Python.framework/Versions/3.11/lib/python3.11/site-packages/airflow/example_dags/plugins/event_listener.py for tasks to queue
[2023-06-16T12:01:23.414+0700] {logging_mixin.py:149} INFO - [2023-06-16T12:01:23.414+0700] {dagbag.py:541} INFO - Filling up the DagBag from /Library/Frameworks/Python.framework/Versions/3.11/lib/python3.11/site-packages/airflow/example_dags/plugins/event_listener.py
[2023-06-16T12:01:23.416+0700] {processor.py:838} WARNING - No viable dags retrieved from /Library/Frameworks/Python.framework/Versions/3.11/lib/python3.11/site-packages/airflow/example_dags/plugins/event_listener.py
[2023-06-16T12:01:24.655+0700] {processor.py:179} INFO - Processing /Library/Frameworks/Python.framework/Versions/3.11/lib/python3.11/site-packages/airflow/example_dags/plugins/event_listener.py took 1.245 seconds
[2023-06-16T12:04:00.179+0700] {processor.py:157} INFO - Started process (PID=97145) to work on /Library/Frameworks/Python.framework/Versions/3.11/lib/python3.11/site-packages/airflow/example_dags/plugins/event_listener.py
[2023-06-16T12:04:00.182+0700] {processor.py:826} INFO - Processing file /Library/Frameworks/Python.framework/Versions/3.11/lib/python3.11/site-packages/airflow/example_dags/plugins/event_listener.py for tasks to queue
[2023-06-16T12:04:00.182+0700] {logging_mixin.py:149} INFO - [2023-06-16T12:04:00.182+0700] {dagbag.py:541} INFO - Filling up the DagBag from /Library/Frameworks/Python.framework/Versions/3.11/lib/python3.11/site-packages/airflow/example_dags/plugins/event_listener.py
[2023-06-16T12:04:00.184+0700] {processor.py:838} WARNING - No viable dags retrieved from /Library/Frameworks/Python.framework/Versions/3.11/lib/python3.11/site-packages/airflow/example_dags/plugins/event_listener.py
[2023-06-16T12:04:01.216+0700] {processor.py:179} INFO - Processing /Library/Frameworks/Python.framework/Versions/3.11/lib/python3.11/site-packages/airflow/example_dags/plugins/event_listener.py took 1.038 seconds
[2023-06-16T12:06:36.540+0700] {processor.py:157} INFO - Started process (PID=97451) to work on /Library/Frameworks/Python.framework/Versions/3.11/lib/python3.11/site-packages/airflow/example_dags/plugins/event_listener.py
[2023-06-16T12:06:36.542+0700] {processor.py:826} INFO - Processing file /Library/Frameworks/Python.framework/Versions/3.11/lib/python3.11/site-packages/airflow/example_dags/plugins/event_listener.py for tasks to queue
[2023-06-16T12:06:36.543+0700] {logging_mixin.py:149} INFO - [2023-06-16T12:06:36.543+0700] {dagbag.py:541} INFO - Filling up the DagBag from /Library/Frameworks/Python.framework/Versions/3.11/lib/python3.11/site-packages/airflow/example_dags/plugins/event_listener.py
[2023-06-16T12:06:36.544+0700] {processor.py:838} WARNING - No viable dags retrieved from /Library/Frameworks/Python.framework/Versions/3.11/lib/python3.11/site-packages/airflow/example_dags/plugins/event_listener.py
[2023-06-16T12:06:37.538+0700] {processor.py:179} INFO - Processing /Library/Frameworks/Python.framework/Versions/3.11/lib/python3.11/site-packages/airflow/example_dags/plugins/event_listener.py took 0.999 seconds
[2023-06-16T12:08:52.688+0700] {processor.py:157} INFO - Started process (PID=97695) to work on /Library/Frameworks/Python.framework/Versions/3.11/lib/python3.11/site-packages/airflow/example_dags/plugins/event_listener.py
[2023-06-16T12:08:52.690+0700] {processor.py:826} INFO - Processing file /Library/Frameworks/Python.framework/Versions/3.11/lib/python3.11/site-packages/airflow/example_dags/plugins/event_listener.py for tasks to queue
[2023-06-16T12:08:52.692+0700] {logging_mixin.py:149} INFO - [2023-06-16T12:08:52.692+0700] {dagbag.py:541} INFO - Filling up the DagBag from /Library/Frameworks/Python.framework/Versions/3.11/lib/python3.11/site-packages/airflow/example_dags/plugins/event_listener.py
[2023-06-16T12:08:52.693+0700] {processor.py:838} WARNING - No viable dags retrieved from /Library/Frameworks/Python.framework/Versions/3.11/lib/python3.11/site-packages/airflow/example_dags/plugins/event_listener.py
[2023-06-16T12:08:53.695+0700] {processor.py:179} INFO - Processing /Library/Frameworks/Python.framework/Versions/3.11/lib/python3.11/site-packages/airflow/example_dags/plugins/event_listener.py took 1.008 seconds
[2023-06-16T12:11:18.768+0700] {processor.py:157} INFO - Started process (PID=98069) to work on /Library/Frameworks/Python.framework/Versions/3.11/lib/python3.11/site-packages/airflow/example_dags/plugins/event_listener.py
[2023-06-16T12:11:18.769+0700] {processor.py:826} INFO - Processing file /Library/Frameworks/Python.framework/Versions/3.11/lib/python3.11/site-packages/airflow/example_dags/plugins/event_listener.py for tasks to queue
[2023-06-16T12:11:18.770+0700] {logging_mixin.py:149} INFO - [2023-06-16T12:11:18.770+0700] {dagbag.py:541} INFO - Filling up the DagBag from /Library/Frameworks/Python.framework/Versions/3.11/lib/python3.11/site-packages/airflow/example_dags/plugins/event_listener.py
[2023-06-16T12:11:18.771+0700] {processor.py:838} WARNING - No viable dags retrieved from /Library/Frameworks/Python.framework/Versions/3.11/lib/python3.11/site-packages/airflow/example_dags/plugins/event_listener.py
[2023-06-16T12:11:19.839+0700] {processor.py:179} INFO - Processing /Library/Frameworks/Python.framework/Versions/3.11/lib/python3.11/site-packages/airflow/example_dags/plugins/event_listener.py took 1.071 seconds
[2023-06-16T12:13:52.241+0700] {processor.py:157} INFO - Started process (PID=98372) to work on /Library/Frameworks/Python.framework/Versions/3.11/lib/python3.11/site-packages/airflow/example_dags/plugins/event_listener.py
[2023-06-16T12:13:52.243+0700] {processor.py:826} INFO - Processing file /Library/Frameworks/Python.framework/Versions/3.11/lib/python3.11/site-packages/airflow/example_dags/plugins/event_listener.py for tasks to queue
[2023-06-16T12:13:52.243+0700] {logging_mixin.py:149} INFO - [2023-06-16T12:13:52.243+0700] {dagbag.py:541} INFO - Filling up the DagBag from /Library/Frameworks/Python.framework/Versions/3.11/lib/python3.11/site-packages/airflow/example_dags/plugins/event_listener.py
[2023-06-16T12:13:52.244+0700] {processor.py:838} WARNING - No viable dags retrieved from /Library/Frameworks/Python.framework/Versions/3.11/lib/python3.11/site-packages/airflow/example_dags/plugins/event_listener.py
[2023-06-16T12:13:53.400+0700] {processor.py:179} INFO - Processing /Library/Frameworks/Python.framework/Versions/3.11/lib/python3.11/site-packages/airflow/example_dags/plugins/event_listener.py took 1.159 seconds
[2023-06-16T12:16:22.313+0700] {processor.py:157} INFO - Started process (PID=98694) to work on /Library/Frameworks/Python.framework/Versions/3.11/lib/python3.11/site-packages/airflow/example_dags/plugins/event_listener.py
[2023-06-16T12:16:22.315+0700] {processor.py:826} INFO - Processing file /Library/Frameworks/Python.framework/Versions/3.11/lib/python3.11/site-packages/airflow/example_dags/plugins/event_listener.py for tasks to queue
[2023-06-16T12:16:22.316+0700] {logging_mixin.py:149} INFO - [2023-06-16T12:16:22.316+0700] {dagbag.py:541} INFO - Filling up the DagBag from /Library/Frameworks/Python.framework/Versions/3.11/lib/python3.11/site-packages/airflow/example_dags/plugins/event_listener.py
[2023-06-16T12:16:22.318+0700] {processor.py:838} WARNING - No viable dags retrieved from /Library/Frameworks/Python.framework/Versions/3.11/lib/python3.11/site-packages/airflow/example_dags/plugins/event_listener.py
[2023-06-16T12:16:23.447+0700] {processor.py:179} INFO - Processing /Library/Frameworks/Python.framework/Versions/3.11/lib/python3.11/site-packages/airflow/example_dags/plugins/event_listener.py took 1.134 seconds
[2023-06-16T12:18:52.017+0700] {processor.py:157} INFO - Started process (PID=98977) to work on /Library/Frameworks/Python.framework/Versions/3.11/lib/python3.11/site-packages/airflow/example_dags/plugins/event_listener.py
[2023-06-16T12:18:52.018+0700] {processor.py:826} INFO - Processing file /Library/Frameworks/Python.framework/Versions/3.11/lib/python3.11/site-packages/airflow/example_dags/plugins/event_listener.py for tasks to queue
[2023-06-16T12:18:52.018+0700] {logging_mixin.py:149} INFO - [2023-06-16T12:18:52.018+0700] {dagbag.py:541} INFO - Filling up the DagBag from /Library/Frameworks/Python.framework/Versions/3.11/lib/python3.11/site-packages/airflow/example_dags/plugins/event_listener.py
[2023-06-16T12:18:52.020+0700] {processor.py:838} WARNING - No viable dags retrieved from /Library/Frameworks/Python.framework/Versions/3.11/lib/python3.11/site-packages/airflow/example_dags/plugins/event_listener.py
[2023-06-16T12:18:53.053+0700] {processor.py:179} INFO - Processing /Library/Frameworks/Python.framework/Versions/3.11/lib/python3.11/site-packages/airflow/example_dags/plugins/event_listener.py took 1.037 seconds
[2023-06-16T12:21:21.324+0700] {processor.py:157} INFO - Started process (PID=99326) to work on /Library/Frameworks/Python.framework/Versions/3.11/lib/python3.11/site-packages/airflow/example_dags/plugins/event_listener.py
[2023-06-16T12:21:21.325+0700] {processor.py:826} INFO - Processing file /Library/Frameworks/Python.framework/Versions/3.11/lib/python3.11/site-packages/airflow/example_dags/plugins/event_listener.py for tasks to queue
[2023-06-16T12:21:21.327+0700] {logging_mixin.py:149} INFO - [2023-06-16T12:21:21.327+0700] {dagbag.py:541} INFO - Filling up the DagBag from /Library/Frameworks/Python.framework/Versions/3.11/lib/python3.11/site-packages/airflow/example_dags/plugins/event_listener.py
[2023-06-16T12:21:21.329+0700] {processor.py:838} WARNING - No viable dags retrieved from /Library/Frameworks/Python.framework/Versions/3.11/lib/python3.11/site-packages/airflow/example_dags/plugins/event_listener.py
[2023-06-16T12:21:22.982+0700] {processor.py:179} INFO - Processing /Library/Frameworks/Python.framework/Versions/3.11/lib/python3.11/site-packages/airflow/example_dags/plugins/event_listener.py took 1.659 seconds
[2023-06-16T12:24:35.307+0700] {processor.py:157} INFO - Started process (PID=99769) to work on /Library/Frameworks/Python.framework/Versions/3.11/lib/python3.11/site-packages/airflow/example_dags/plugins/event_listener.py
[2023-06-16T12:24:35.309+0700] {processor.py:826} INFO - Processing file /Library/Frameworks/Python.framework/Versions/3.11/lib/python3.11/site-packages/airflow/example_dags/plugins/event_listener.py for tasks to queue
[2023-06-16T12:24:35.309+0700] {logging_mixin.py:149} INFO - [2023-06-16T12:24:35.309+0700] {dagbag.py:541} INFO - Filling up the DagBag from /Library/Frameworks/Python.framework/Versions/3.11/lib/python3.11/site-packages/airflow/example_dags/plugins/event_listener.py
[2023-06-16T12:24:35.310+0700] {processor.py:838} WARNING - No viable dags retrieved from /Library/Frameworks/Python.framework/Versions/3.11/lib/python3.11/site-packages/airflow/example_dags/plugins/event_listener.py
[2023-06-16T12:24:36.349+0700] {processor.py:179} INFO - Processing /Library/Frameworks/Python.framework/Versions/3.11/lib/python3.11/site-packages/airflow/example_dags/plugins/event_listener.py took 1.043 seconds
[2023-06-16T12:27:22.074+0700] {processor.py:157} INFO - Started process (PID=348) to work on /Library/Frameworks/Python.framework/Versions/3.11/lib/python3.11/site-packages/airflow/example_dags/plugins/event_listener.py
[2023-06-16T12:27:22.075+0700] {processor.py:826} INFO - Processing file /Library/Frameworks/Python.framework/Versions/3.11/lib/python3.11/site-packages/airflow/example_dags/plugins/event_listener.py for tasks to queue
[2023-06-16T12:27:22.075+0700] {logging_mixin.py:149} INFO - [2023-06-16T12:27:22.075+0700] {dagbag.py:541} INFO - Filling up the DagBag from /Library/Frameworks/Python.framework/Versions/3.11/lib/python3.11/site-packages/airflow/example_dags/plugins/event_listener.py
[2023-06-16T12:27:22.076+0700] {processor.py:838} WARNING - No viable dags retrieved from /Library/Frameworks/Python.framework/Versions/3.11/lib/python3.11/site-packages/airflow/example_dags/plugins/event_listener.py
[2023-06-16T12:27:23.362+0700] {processor.py:179} INFO - Processing /Library/Frameworks/Python.framework/Versions/3.11/lib/python3.11/site-packages/airflow/example_dags/plugins/event_listener.py took 1.289 seconds
[2023-06-16T12:29:54.971+0700] {processor.py:157} INFO - Started process (PID=892) to work on /Library/Frameworks/Python.framework/Versions/3.11/lib/python3.11/site-packages/airflow/example_dags/plugins/event_listener.py
[2023-06-16T12:29:54.972+0700] {processor.py:826} INFO - Processing file /Library/Frameworks/Python.framework/Versions/3.11/lib/python3.11/site-packages/airflow/example_dags/plugins/event_listener.py for tasks to queue
[2023-06-16T12:29:54.973+0700] {logging_mixin.py:149} INFO - [2023-06-16T12:29:54.973+0700] {dagbag.py:541} INFO - Filling up the DagBag from /Library/Frameworks/Python.framework/Versions/3.11/lib/python3.11/site-packages/airflow/example_dags/plugins/event_listener.py
[2023-06-16T12:29:54.975+0700] {processor.py:838} WARNING - No viable dags retrieved from /Library/Frameworks/Python.framework/Versions/3.11/lib/python3.11/site-packages/airflow/example_dags/plugins/event_listener.py
[2023-06-16T12:29:56.169+0700] {processor.py:179} INFO - Processing /Library/Frameworks/Python.framework/Versions/3.11/lib/python3.11/site-packages/airflow/example_dags/plugins/event_listener.py took 1.200 seconds
[2023-06-16T12:32:36.366+0700] {processor.py:157} INFO - Started process (PID=1307) to work on /Library/Frameworks/Python.framework/Versions/3.11/lib/python3.11/site-packages/airflow/example_dags/plugins/event_listener.py
[2023-06-16T12:32:36.366+0700] {processor.py:826} INFO - Processing file /Library/Frameworks/Python.framework/Versions/3.11/lib/python3.11/site-packages/airflow/example_dags/plugins/event_listener.py for tasks to queue
[2023-06-16T12:32:36.367+0700] {logging_mixin.py:149} INFO - [2023-06-16T12:32:36.367+0700] {dagbag.py:541} INFO - Filling up the DagBag from /Library/Frameworks/Python.framework/Versions/3.11/lib/python3.11/site-packages/airflow/example_dags/plugins/event_listener.py
[2023-06-16T12:32:36.368+0700] {processor.py:838} WARNING - No viable dags retrieved from /Library/Frameworks/Python.framework/Versions/3.11/lib/python3.11/site-packages/airflow/example_dags/plugins/event_listener.py
[2023-06-16T12:32:37.616+0700] {processor.py:179} INFO - Processing /Library/Frameworks/Python.framework/Versions/3.11/lib/python3.11/site-packages/airflow/example_dags/plugins/event_listener.py took 1.251 seconds
[2023-06-16T12:35:10.489+0700] {processor.py:157} INFO - Started process (PID=1686) to work on /Library/Frameworks/Python.framework/Versions/3.11/lib/python3.11/site-packages/airflow/example_dags/plugins/event_listener.py
[2023-06-16T12:35:10.491+0700] {processor.py:826} INFO - Processing file /Library/Frameworks/Python.framework/Versions/3.11/lib/python3.11/site-packages/airflow/example_dags/plugins/event_listener.py for tasks to queue
[2023-06-16T12:35:10.492+0700] {logging_mixin.py:149} INFO - [2023-06-16T12:35:10.492+0700] {dagbag.py:541} INFO - Filling up the DagBag from /Library/Frameworks/Python.framework/Versions/3.11/lib/python3.11/site-packages/airflow/example_dags/plugins/event_listener.py
[2023-06-16T12:35:10.494+0700] {processor.py:838} WARNING - No viable dags retrieved from /Library/Frameworks/Python.framework/Versions/3.11/lib/python3.11/site-packages/airflow/example_dags/plugins/event_listener.py
[2023-06-16T12:35:11.831+0700] {processor.py:179} INFO - Processing /Library/Frameworks/Python.framework/Versions/3.11/lib/python3.11/site-packages/airflow/example_dags/plugins/event_listener.py took 1.343 seconds
[2023-06-16T12:37:44.562+0700] {processor.py:157} INFO - Started process (PID=2080) to work on /Library/Frameworks/Python.framework/Versions/3.11/lib/python3.11/site-packages/airflow/example_dags/plugins/event_listener.py
[2023-06-16T12:37:44.562+0700] {processor.py:826} INFO - Processing file /Library/Frameworks/Python.framework/Versions/3.11/lib/python3.11/site-packages/airflow/example_dags/plugins/event_listener.py for tasks to queue
[2023-06-16T12:37:44.563+0700] {logging_mixin.py:149} INFO - [2023-06-16T12:37:44.563+0700] {dagbag.py:541} INFO - Filling up the DagBag from /Library/Frameworks/Python.framework/Versions/3.11/lib/python3.11/site-packages/airflow/example_dags/plugins/event_listener.py
[2023-06-16T12:37:44.565+0700] {processor.py:838} WARNING - No viable dags retrieved from /Library/Frameworks/Python.framework/Versions/3.11/lib/python3.11/site-packages/airflow/example_dags/plugins/event_listener.py
[2023-06-16T12:37:45.859+0700] {processor.py:179} INFO - Processing /Library/Frameworks/Python.framework/Versions/3.11/lib/python3.11/site-packages/airflow/example_dags/plugins/event_listener.py took 1.298 seconds
[2023-06-16T12:40:58.995+0700] {processor.py:157} INFO - Started process (PID=2529) to work on /Library/Frameworks/Python.framework/Versions/3.11/lib/python3.11/site-packages/airflow/example_dags/plugins/event_listener.py
[2023-06-16T12:40:58.996+0700] {processor.py:826} INFO - Processing file /Library/Frameworks/Python.framework/Versions/3.11/lib/python3.11/site-packages/airflow/example_dags/plugins/event_listener.py for tasks to queue
[2023-06-16T12:40:58.997+0700] {logging_mixin.py:149} INFO - [2023-06-16T12:40:58.997+0700] {dagbag.py:541} INFO - Filling up the DagBag from /Library/Frameworks/Python.framework/Versions/3.11/lib/python3.11/site-packages/airflow/example_dags/plugins/event_listener.py
[2023-06-16T12:40:58.998+0700] {processor.py:838} WARNING - No viable dags retrieved from /Library/Frameworks/Python.framework/Versions/3.11/lib/python3.11/site-packages/airflow/example_dags/plugins/event_listener.py
[2023-06-16T12:41:00.148+0700] {processor.py:179} INFO - Processing /Library/Frameworks/Python.framework/Versions/3.11/lib/python3.11/site-packages/airflow/example_dags/plugins/event_listener.py took 1.154 seconds
[2023-06-16T12:43:58.963+0700] {processor.py:157} INFO - Started process (PID=2987) to work on /Library/Frameworks/Python.framework/Versions/3.11/lib/python3.11/site-packages/airflow/example_dags/plugins/event_listener.py
[2023-06-16T12:43:58.965+0700] {processor.py:826} INFO - Processing file /Library/Frameworks/Python.framework/Versions/3.11/lib/python3.11/site-packages/airflow/example_dags/plugins/event_listener.py for tasks to queue
[2023-06-16T12:43:58.966+0700] {logging_mixin.py:149} INFO - [2023-06-16T12:43:58.966+0700] {dagbag.py:541} INFO - Filling up the DagBag from /Library/Frameworks/Python.framework/Versions/3.11/lib/python3.11/site-packages/airflow/example_dags/plugins/event_listener.py
[2023-06-16T12:43:58.968+0700] {processor.py:838} WARNING - No viable dags retrieved from /Library/Frameworks/Python.framework/Versions/3.11/lib/python3.11/site-packages/airflow/example_dags/plugins/event_listener.py
[2023-06-16T12:44:00.512+0700] {processor.py:179} INFO - Processing /Library/Frameworks/Python.framework/Versions/3.11/lib/python3.11/site-packages/airflow/example_dags/plugins/event_listener.py took 1.550 seconds
[2023-06-16T12:47:13.591+0700] {processor.py:157} INFO - Started process (PID=3502) to work on /Library/Frameworks/Python.framework/Versions/3.11/lib/python3.11/site-packages/airflow/example_dags/plugins/event_listener.py
[2023-06-16T12:47:13.593+0700] {processor.py:826} INFO - Processing file /Library/Frameworks/Python.framework/Versions/3.11/lib/python3.11/site-packages/airflow/example_dags/plugins/event_listener.py for tasks to queue
[2023-06-16T12:47:13.594+0700] {logging_mixin.py:149} INFO - [2023-06-16T12:47:13.594+0700] {dagbag.py:541} INFO - Filling up the DagBag from /Library/Frameworks/Python.framework/Versions/3.11/lib/python3.11/site-packages/airflow/example_dags/plugins/event_listener.py
[2023-06-16T12:47:13.596+0700] {processor.py:838} WARNING - No viable dags retrieved from /Library/Frameworks/Python.framework/Versions/3.11/lib/python3.11/site-packages/airflow/example_dags/plugins/event_listener.py
[2023-06-16T12:47:15.026+0700] {processor.py:179} INFO - Processing /Library/Frameworks/Python.framework/Versions/3.11/lib/python3.11/site-packages/airflow/example_dags/plugins/event_listener.py took 1.436 seconds
[2023-06-16T12:50:17.783+0700] {processor.py:157} INFO - Started process (PID=3911) to work on /Library/Frameworks/Python.framework/Versions/3.11/lib/python3.11/site-packages/airflow/example_dags/plugins/event_listener.py
[2023-06-16T12:50:17.784+0700] {processor.py:826} INFO - Processing file /Library/Frameworks/Python.framework/Versions/3.11/lib/python3.11/site-packages/airflow/example_dags/plugins/event_listener.py for tasks to queue
[2023-06-16T12:50:17.785+0700] {logging_mixin.py:149} INFO - [2023-06-16T12:50:17.785+0700] {dagbag.py:541} INFO - Filling up the DagBag from /Library/Frameworks/Python.framework/Versions/3.11/lib/python3.11/site-packages/airflow/example_dags/plugins/event_listener.py
[2023-06-16T12:50:17.786+0700] {processor.py:838} WARNING - No viable dags retrieved from /Library/Frameworks/Python.framework/Versions/3.11/lib/python3.11/site-packages/airflow/example_dags/plugins/event_listener.py
[2023-06-16T12:50:18.771+0700] {processor.py:179} INFO - Processing /Library/Frameworks/Python.framework/Versions/3.11/lib/python3.11/site-packages/airflow/example_dags/plugins/event_listener.py took 0.989 seconds
[2023-06-16T12:52:49.899+0700] {processor.py:157} INFO - Started process (PID=4220) to work on /Library/Frameworks/Python.framework/Versions/3.11/lib/python3.11/site-packages/airflow/example_dags/plugins/event_listener.py
[2023-06-16T12:52:49.900+0700] {processor.py:826} INFO - Processing file /Library/Frameworks/Python.framework/Versions/3.11/lib/python3.11/site-packages/airflow/example_dags/plugins/event_listener.py for tasks to queue
[2023-06-16T12:52:49.901+0700] {logging_mixin.py:149} INFO - [2023-06-16T12:52:49.901+0700] {dagbag.py:541} INFO - Filling up the DagBag from /Library/Frameworks/Python.framework/Versions/3.11/lib/python3.11/site-packages/airflow/example_dags/plugins/event_listener.py
[2023-06-16T12:52:49.902+0700] {processor.py:838} WARNING - No viable dags retrieved from /Library/Frameworks/Python.framework/Versions/3.11/lib/python3.11/site-packages/airflow/example_dags/plugins/event_listener.py
[2023-06-16T12:52:51.053+0700] {processor.py:179} INFO - Processing /Library/Frameworks/Python.framework/Versions/3.11/lib/python3.11/site-packages/airflow/example_dags/plugins/event_listener.py took 1.154 seconds
[2023-06-16T12:55:26.094+0700] {processor.py:157} INFO - Started process (PID=4634) to work on /Library/Frameworks/Python.framework/Versions/3.11/lib/python3.11/site-packages/airflow/example_dags/plugins/event_listener.py
[2023-06-16T12:55:26.095+0700] {processor.py:826} INFO - Processing file /Library/Frameworks/Python.framework/Versions/3.11/lib/python3.11/site-packages/airflow/example_dags/plugins/event_listener.py for tasks to queue
[2023-06-16T12:55:26.095+0700] {logging_mixin.py:149} INFO - [2023-06-16T12:55:26.095+0700] {dagbag.py:541} INFO - Filling up the DagBag from /Library/Frameworks/Python.framework/Versions/3.11/lib/python3.11/site-packages/airflow/example_dags/plugins/event_listener.py
[2023-06-16T12:55:26.096+0700] {processor.py:838} WARNING - No viable dags retrieved from /Library/Frameworks/Python.framework/Versions/3.11/lib/python3.11/site-packages/airflow/example_dags/plugins/event_listener.py
[2023-06-16T12:55:27.174+0700] {processor.py:179} INFO - Processing /Library/Frameworks/Python.framework/Versions/3.11/lib/python3.11/site-packages/airflow/example_dags/plugins/event_listener.py took 1.081 seconds
[2023-06-16T12:58:00.082+0700] {processor.py:157} INFO - Started process (PID=4967) to work on /Library/Frameworks/Python.framework/Versions/3.11/lib/python3.11/site-packages/airflow/example_dags/plugins/event_listener.py
[2023-06-16T12:58:00.083+0700] {processor.py:826} INFO - Processing file /Library/Frameworks/Python.framework/Versions/3.11/lib/python3.11/site-packages/airflow/example_dags/plugins/event_listener.py for tasks to queue
[2023-06-16T12:58:00.083+0700] {logging_mixin.py:149} INFO - [2023-06-16T12:58:00.083+0700] {dagbag.py:541} INFO - Filling up the DagBag from /Library/Frameworks/Python.framework/Versions/3.11/lib/python3.11/site-packages/airflow/example_dags/plugins/event_listener.py
[2023-06-16T12:58:00.085+0700] {processor.py:838} WARNING - No viable dags retrieved from /Library/Frameworks/Python.framework/Versions/3.11/lib/python3.11/site-packages/airflow/example_dags/plugins/event_listener.py
[2023-06-16T12:58:01.097+0700] {processor.py:179} INFO - Processing /Library/Frameworks/Python.framework/Versions/3.11/lib/python3.11/site-packages/airflow/example_dags/plugins/event_listener.py took 1.017 seconds
[2023-06-16T13:00:40.380+0700] {processor.py:157} INFO - Started process (PID=5413) to work on /Library/Frameworks/Python.framework/Versions/3.11/lib/python3.11/site-packages/airflow/example_dags/plugins/event_listener.py
[2023-06-16T13:00:40.383+0700] {processor.py:826} INFO - Processing file /Library/Frameworks/Python.framework/Versions/3.11/lib/python3.11/site-packages/airflow/example_dags/plugins/event_listener.py for tasks to queue
[2023-06-16T13:00:40.385+0700] {logging_mixin.py:149} INFO - [2023-06-16T13:00:40.385+0700] {dagbag.py:541} INFO - Filling up the DagBag from /Library/Frameworks/Python.framework/Versions/3.11/lib/python3.11/site-packages/airflow/example_dags/plugins/event_listener.py
[2023-06-16T13:00:40.388+0700] {processor.py:838} WARNING - No viable dags retrieved from /Library/Frameworks/Python.framework/Versions/3.11/lib/python3.11/site-packages/airflow/example_dags/plugins/event_listener.py
[2023-06-16T13:00:41.667+0700] {processor.py:179} INFO - Processing /Library/Frameworks/Python.framework/Versions/3.11/lib/python3.11/site-packages/airflow/example_dags/plugins/event_listener.py took 1.289 seconds
[2023-06-16T13:03:37.472+0700] {processor.py:157} INFO - Started process (PID=5852) to work on /Library/Frameworks/Python.framework/Versions/3.11/lib/python3.11/site-packages/airflow/example_dags/plugins/event_listener.py
[2023-06-16T13:03:37.473+0700] {processor.py:826} INFO - Processing file /Library/Frameworks/Python.framework/Versions/3.11/lib/python3.11/site-packages/airflow/example_dags/plugins/event_listener.py for tasks to queue
[2023-06-16T13:03:37.474+0700] {logging_mixin.py:149} INFO - [2023-06-16T13:03:37.474+0700] {dagbag.py:541} INFO - Filling up the DagBag from /Library/Frameworks/Python.framework/Versions/3.11/lib/python3.11/site-packages/airflow/example_dags/plugins/event_listener.py
[2023-06-16T13:03:37.475+0700] {processor.py:838} WARNING - No viable dags retrieved from /Library/Frameworks/Python.framework/Versions/3.11/lib/python3.11/site-packages/airflow/example_dags/plugins/event_listener.py
[2023-06-16T13:03:39.014+0700] {processor.py:179} INFO - Processing /Library/Frameworks/Python.framework/Versions/3.11/lib/python3.11/site-packages/airflow/example_dags/plugins/event_listener.py took 1.543 seconds
[2023-06-16T13:06:15.157+0700] {processor.py:157} INFO - Started process (PID=6188) to work on /Library/Frameworks/Python.framework/Versions/3.11/lib/python3.11/site-packages/airflow/example_dags/plugins/event_listener.py
[2023-06-16T13:06:15.158+0700] {processor.py:826} INFO - Processing file /Library/Frameworks/Python.framework/Versions/3.11/lib/python3.11/site-packages/airflow/example_dags/plugins/event_listener.py for tasks to queue
[2023-06-16T13:06:15.159+0700] {logging_mixin.py:149} INFO - [2023-06-16T13:06:15.159+0700] {dagbag.py:541} INFO - Filling up the DagBag from /Library/Frameworks/Python.framework/Versions/3.11/lib/python3.11/site-packages/airflow/example_dags/plugins/event_listener.py
[2023-06-16T13:06:15.161+0700] {processor.py:838} WARNING - No viable dags retrieved from /Library/Frameworks/Python.framework/Versions/3.11/lib/python3.11/site-packages/airflow/example_dags/plugins/event_listener.py
[2023-06-16T13:06:16.522+0700] {processor.py:179} INFO - Processing /Library/Frameworks/Python.framework/Versions/3.11/lib/python3.11/site-packages/airflow/example_dags/plugins/event_listener.py took 1.366 seconds
[2023-06-16T13:08:53.266+0700] {processor.py:157} INFO - Started process (PID=6555) to work on /Library/Frameworks/Python.framework/Versions/3.11/lib/python3.11/site-packages/airflow/example_dags/plugins/event_listener.py
[2023-06-16T13:08:53.268+0700] {processor.py:826} INFO - Processing file /Library/Frameworks/Python.framework/Versions/3.11/lib/python3.11/site-packages/airflow/example_dags/plugins/event_listener.py for tasks to queue
[2023-06-16T13:08:53.269+0700] {logging_mixin.py:149} INFO - [2023-06-16T13:08:53.268+0700] {dagbag.py:541} INFO - Filling up the DagBag from /Library/Frameworks/Python.framework/Versions/3.11/lib/python3.11/site-packages/airflow/example_dags/plugins/event_listener.py
[2023-06-16T13:08:53.271+0700] {processor.py:838} WARNING - No viable dags retrieved from /Library/Frameworks/Python.framework/Versions/3.11/lib/python3.11/site-packages/airflow/example_dags/plugins/event_listener.py
[2023-06-16T13:08:54.502+0700] {processor.py:179} INFO - Processing /Library/Frameworks/Python.framework/Versions/3.11/lib/python3.11/site-packages/airflow/example_dags/plugins/event_listener.py took 1.237 seconds
[2023-06-16T13:11:25.934+0700] {processor.py:157} INFO - Started process (PID=7003) to work on /Library/Frameworks/Python.framework/Versions/3.11/lib/python3.11/site-packages/airflow/example_dags/plugins/event_listener.py
[2023-06-16T13:11:25.935+0700] {processor.py:826} INFO - Processing file /Library/Frameworks/Python.framework/Versions/3.11/lib/python3.11/site-packages/airflow/example_dags/plugins/event_listener.py for tasks to queue
[2023-06-16T13:11:25.936+0700] {logging_mixin.py:149} INFO - [2023-06-16T13:11:25.935+0700] {dagbag.py:541} INFO - Filling up the DagBag from /Library/Frameworks/Python.framework/Versions/3.11/lib/python3.11/site-packages/airflow/example_dags/plugins/event_listener.py
[2023-06-16T13:11:25.937+0700] {processor.py:838} WARNING - No viable dags retrieved from /Library/Frameworks/Python.framework/Versions/3.11/lib/python3.11/site-packages/airflow/example_dags/plugins/event_listener.py
[2023-06-16T13:11:27.170+0700] {processor.py:179} INFO - Processing /Library/Frameworks/Python.framework/Versions/3.11/lib/python3.11/site-packages/airflow/example_dags/plugins/event_listener.py took 1.238 seconds
[2023-06-16T13:14:18.487+0700] {processor.py:157} INFO - Started process (PID=7395) to work on /Library/Frameworks/Python.framework/Versions/3.11/lib/python3.11/site-packages/airflow/example_dags/plugins/event_listener.py
[2023-06-16T13:14:18.489+0700] {processor.py:826} INFO - Processing file /Library/Frameworks/Python.framework/Versions/3.11/lib/python3.11/site-packages/airflow/example_dags/plugins/event_listener.py for tasks to queue
[2023-06-16T13:14:18.490+0700] {logging_mixin.py:149} INFO - [2023-06-16T13:14:18.490+0700] {dagbag.py:541} INFO - Filling up the DagBag from /Library/Frameworks/Python.framework/Versions/3.11/lib/python3.11/site-packages/airflow/example_dags/plugins/event_listener.py
[2023-06-16T13:14:18.491+0700] {processor.py:838} WARNING - No viable dags retrieved from /Library/Frameworks/Python.framework/Versions/3.11/lib/python3.11/site-packages/airflow/example_dags/plugins/event_listener.py
[2023-06-16T13:14:19.708+0700] {processor.py:179} INFO - Processing /Library/Frameworks/Python.framework/Versions/3.11/lib/python3.11/site-packages/airflow/example_dags/plugins/event_listener.py took 1.221 seconds
[2023-06-16T13:17:34.674+0700] {processor.py:157} INFO - Started process (PID=7882) to work on /Library/Frameworks/Python.framework/Versions/3.11/lib/python3.11/site-packages/airflow/example_dags/plugins/event_listener.py
[2023-06-16T13:17:34.675+0700] {processor.py:826} INFO - Processing file /Library/Frameworks/Python.framework/Versions/3.11/lib/python3.11/site-packages/airflow/example_dags/plugins/event_listener.py for tasks to queue
[2023-06-16T13:17:34.676+0700] {logging_mixin.py:149} INFO - [2023-06-16T13:17:34.676+0700] {dagbag.py:541} INFO - Filling up the DagBag from /Library/Frameworks/Python.framework/Versions/3.11/lib/python3.11/site-packages/airflow/example_dags/plugins/event_listener.py
[2023-06-16T13:17:34.677+0700] {processor.py:838} WARNING - No viable dags retrieved from /Library/Frameworks/Python.framework/Versions/3.11/lib/python3.11/site-packages/airflow/example_dags/plugins/event_listener.py
[2023-06-16T13:17:36.091+0700] {processor.py:179} INFO - Processing /Library/Frameworks/Python.framework/Versions/3.11/lib/python3.11/site-packages/airflow/example_dags/plugins/event_listener.py took 1.418 seconds
[2023-06-16T13:20:35.219+0700] {processor.py:157} INFO - Started process (PID=8294) to work on /Library/Frameworks/Python.framework/Versions/3.11/lib/python3.11/site-packages/airflow/example_dags/plugins/event_listener.py
[2023-06-16T13:20:35.221+0700] {processor.py:826} INFO - Processing file /Library/Frameworks/Python.framework/Versions/3.11/lib/python3.11/site-packages/airflow/example_dags/plugins/event_listener.py for tasks to queue
[2023-06-16T13:20:35.222+0700] {logging_mixin.py:149} INFO - [2023-06-16T13:20:35.221+0700] {dagbag.py:541} INFO - Filling up the DagBag from /Library/Frameworks/Python.framework/Versions/3.11/lib/python3.11/site-packages/airflow/example_dags/plugins/event_listener.py
[2023-06-16T13:20:35.223+0700] {processor.py:838} WARNING - No viable dags retrieved from /Library/Frameworks/Python.framework/Versions/3.11/lib/python3.11/site-packages/airflow/example_dags/plugins/event_listener.py
[2023-06-16T13:20:36.323+0700] {processor.py:179} INFO - Processing /Library/Frameworks/Python.framework/Versions/3.11/lib/python3.11/site-packages/airflow/example_dags/plugins/event_listener.py took 1.105 seconds
[2023-06-16T13:23:24.928+0700] {processor.py:157} INFO - Started process (PID=8668) to work on /Library/Frameworks/Python.framework/Versions/3.11/lib/python3.11/site-packages/airflow/example_dags/plugins/event_listener.py
[2023-06-16T13:23:24.930+0700] {processor.py:826} INFO - Processing file /Library/Frameworks/Python.framework/Versions/3.11/lib/python3.11/site-packages/airflow/example_dags/plugins/event_listener.py for tasks to queue
[2023-06-16T13:23:24.931+0700] {logging_mixin.py:149} INFO - [2023-06-16T13:23:24.931+0700] {dagbag.py:541} INFO - Filling up the DagBag from /Library/Frameworks/Python.framework/Versions/3.11/lib/python3.11/site-packages/airflow/example_dags/plugins/event_listener.py
[2023-06-16T13:23:24.932+0700] {processor.py:838} WARNING - No viable dags retrieved from /Library/Frameworks/Python.framework/Versions/3.11/lib/python3.11/site-packages/airflow/example_dags/plugins/event_listener.py
[2023-06-16T13:23:25.927+0700] {processor.py:179} INFO - Processing /Library/Frameworks/Python.framework/Versions/3.11/lib/python3.11/site-packages/airflow/example_dags/plugins/event_listener.py took 1.000 seconds
[2023-06-16T13:25:43.551+0700] {processor.py:157} INFO - Started process (PID=8957) to work on /Library/Frameworks/Python.framework/Versions/3.11/lib/python3.11/site-packages/airflow/example_dags/plugins/event_listener.py
[2023-06-16T13:25:43.552+0700] {processor.py:826} INFO - Processing file /Library/Frameworks/Python.framework/Versions/3.11/lib/python3.11/site-packages/airflow/example_dags/plugins/event_listener.py for tasks to queue
[2023-06-16T13:25:43.552+0700] {logging_mixin.py:149} INFO - [2023-06-16T13:25:43.552+0700] {dagbag.py:541} INFO - Filling up the DagBag from /Library/Frameworks/Python.framework/Versions/3.11/lib/python3.11/site-packages/airflow/example_dags/plugins/event_listener.py
[2023-06-16T13:25:43.554+0700] {processor.py:838} WARNING - No viable dags retrieved from /Library/Frameworks/Python.framework/Versions/3.11/lib/python3.11/site-packages/airflow/example_dags/plugins/event_listener.py
[2023-06-16T13:25:44.522+0700] {processor.py:179} INFO - Processing /Library/Frameworks/Python.framework/Versions/3.11/lib/python3.11/site-packages/airflow/example_dags/plugins/event_listener.py took 0.972 seconds
[2023-06-16T13:28:14.062+0700] {processor.py:157} INFO - Started process (PID=9233) to work on /Library/Frameworks/Python.framework/Versions/3.11/lib/python3.11/site-packages/airflow/example_dags/plugins/event_listener.py
[2023-06-16T13:28:14.062+0700] {processor.py:826} INFO - Processing file /Library/Frameworks/Python.framework/Versions/3.11/lib/python3.11/site-packages/airflow/example_dags/plugins/event_listener.py for tasks to queue
[2023-06-16T13:28:14.063+0700] {logging_mixin.py:149} INFO - [2023-06-16T13:28:14.063+0700] {dagbag.py:541} INFO - Filling up the DagBag from /Library/Frameworks/Python.framework/Versions/3.11/lib/python3.11/site-packages/airflow/example_dags/plugins/event_listener.py
[2023-06-16T13:28:14.064+0700] {processor.py:838} WARNING - No viable dags retrieved from /Library/Frameworks/Python.framework/Versions/3.11/lib/python3.11/site-packages/airflow/example_dags/plugins/event_listener.py
[2023-06-16T13:28:15.079+0700] {processor.py:179} INFO - Processing /Library/Frameworks/Python.framework/Versions/3.11/lib/python3.11/site-packages/airflow/example_dags/plugins/event_listener.py took 1.018 seconds
[2023-06-16T13:30:42.142+0700] {processor.py:157} INFO - Started process (PID=9652) to work on /Library/Frameworks/Python.framework/Versions/3.11/lib/python3.11/site-packages/airflow/example_dags/plugins/event_listener.py
[2023-06-16T13:30:42.143+0700] {processor.py:826} INFO - Processing file /Library/Frameworks/Python.framework/Versions/3.11/lib/python3.11/site-packages/airflow/example_dags/plugins/event_listener.py for tasks to queue
[2023-06-16T13:30:42.143+0700] {logging_mixin.py:149} INFO - [2023-06-16T13:30:42.143+0700] {dagbag.py:541} INFO - Filling up the DagBag from /Library/Frameworks/Python.framework/Versions/3.11/lib/python3.11/site-packages/airflow/example_dags/plugins/event_listener.py
[2023-06-16T13:30:42.145+0700] {processor.py:838} WARNING - No viable dags retrieved from /Library/Frameworks/Python.framework/Versions/3.11/lib/python3.11/site-packages/airflow/example_dags/plugins/event_listener.py
[2023-06-16T13:30:43.247+0700] {processor.py:179} INFO - Processing /Library/Frameworks/Python.framework/Versions/3.11/lib/python3.11/site-packages/airflow/example_dags/plugins/event_listener.py took 1.106 seconds
[2023-06-16T13:33:16.984+0700] {processor.py:157} INFO - Started process (PID=10179) to work on /Library/Frameworks/Python.framework/Versions/3.11/lib/python3.11/site-packages/airflow/example_dags/plugins/event_listener.py
[2023-06-16T13:33:16.985+0700] {processor.py:826} INFO - Processing file /Library/Frameworks/Python.framework/Versions/3.11/lib/python3.11/site-packages/airflow/example_dags/plugins/event_listener.py for tasks to queue
[2023-06-16T13:33:16.986+0700] {logging_mixin.py:149} INFO - [2023-06-16T13:33:16.985+0700] {dagbag.py:541} INFO - Filling up the DagBag from /Library/Frameworks/Python.framework/Versions/3.11/lib/python3.11/site-packages/airflow/example_dags/plugins/event_listener.py
[2023-06-16T13:33:16.987+0700] {processor.py:838} WARNING - No viable dags retrieved from /Library/Frameworks/Python.framework/Versions/3.11/lib/python3.11/site-packages/airflow/example_dags/plugins/event_listener.py
[2023-06-16T13:33:18.385+0700] {processor.py:179} INFO - Processing /Library/Frameworks/Python.framework/Versions/3.11/lib/python3.11/site-packages/airflow/example_dags/plugins/event_listener.py took 1.402 seconds
[2023-06-16T13:36:11.153+0700] {processor.py:157} INFO - Started process (PID=10582) to work on /Library/Frameworks/Python.framework/Versions/3.11/lib/python3.11/site-packages/airflow/example_dags/plugins/event_listener.py
[2023-06-16T13:36:11.154+0700] {processor.py:826} INFO - Processing file /Library/Frameworks/Python.framework/Versions/3.11/lib/python3.11/site-packages/airflow/example_dags/plugins/event_listener.py for tasks to queue
[2023-06-16T13:36:11.155+0700] {logging_mixin.py:149} INFO - [2023-06-16T13:36:11.155+0700] {dagbag.py:541} INFO - Filling up the DagBag from /Library/Frameworks/Python.framework/Versions/3.11/lib/python3.11/site-packages/airflow/example_dags/plugins/event_listener.py
[2023-06-16T13:36:11.156+0700] {processor.py:838} WARNING - No viable dags retrieved from /Library/Frameworks/Python.framework/Versions/3.11/lib/python3.11/site-packages/airflow/example_dags/plugins/event_listener.py
[2023-06-16T13:36:12.172+0700] {processor.py:179} INFO - Processing /Library/Frameworks/Python.framework/Versions/3.11/lib/python3.11/site-packages/airflow/example_dags/plugins/event_listener.py took 1.020 seconds
[2023-06-16T13:38:54.320+0700] {processor.py:157} INFO - Started process (PID=10974) to work on /Library/Frameworks/Python.framework/Versions/3.11/lib/python3.11/site-packages/airflow/example_dags/plugins/event_listener.py
[2023-06-16T13:38:54.322+0700] {processor.py:826} INFO - Processing file /Library/Frameworks/Python.framework/Versions/3.11/lib/python3.11/site-packages/airflow/example_dags/plugins/event_listener.py for tasks to queue
[2023-06-16T13:38:54.322+0700] {logging_mixin.py:149} INFO - [2023-06-16T13:38:54.322+0700] {dagbag.py:541} INFO - Filling up the DagBag from /Library/Frameworks/Python.framework/Versions/3.11/lib/python3.11/site-packages/airflow/example_dags/plugins/event_listener.py
[2023-06-16T13:38:54.323+0700] {processor.py:838} WARNING - No viable dags retrieved from /Library/Frameworks/Python.framework/Versions/3.11/lib/python3.11/site-packages/airflow/example_dags/plugins/event_listener.py
[2023-06-16T13:38:55.363+0700] {processor.py:179} INFO - Processing /Library/Frameworks/Python.framework/Versions/3.11/lib/python3.11/site-packages/airflow/example_dags/plugins/event_listener.py took 1.043 seconds
[2023-06-16T13:41:25.903+0700] {processor.py:157} INFO - Started process (PID=11271) to work on /Library/Frameworks/Python.framework/Versions/3.11/lib/python3.11/site-packages/airflow/example_dags/plugins/event_listener.py
[2023-06-16T13:41:25.904+0700] {processor.py:826} INFO - Processing file /Library/Frameworks/Python.framework/Versions/3.11/lib/python3.11/site-packages/airflow/example_dags/plugins/event_listener.py for tasks to queue
[2023-06-16T13:41:25.905+0700] {logging_mixin.py:149} INFO - [2023-06-16T13:41:25.905+0700] {dagbag.py:541} INFO - Filling up the DagBag from /Library/Frameworks/Python.framework/Versions/3.11/lib/python3.11/site-packages/airflow/example_dags/plugins/event_listener.py
[2023-06-16T13:41:25.906+0700] {processor.py:838} WARNING - No viable dags retrieved from /Library/Frameworks/Python.framework/Versions/3.11/lib/python3.11/site-packages/airflow/example_dags/plugins/event_listener.py
[2023-06-16T13:41:27.144+0700] {processor.py:179} INFO - Processing /Library/Frameworks/Python.framework/Versions/3.11/lib/python3.11/site-packages/airflow/example_dags/plugins/event_listener.py took 1.242 seconds
[2023-06-16T13:44:10.410+0700] {processor.py:157} INFO - Started process (PID=11597) to work on /Library/Frameworks/Python.framework/Versions/3.11/lib/python3.11/site-packages/airflow/example_dags/plugins/event_listener.py
[2023-06-16T13:44:10.411+0700] {processor.py:826} INFO - Processing file /Library/Frameworks/Python.framework/Versions/3.11/lib/python3.11/site-packages/airflow/example_dags/plugins/event_listener.py for tasks to queue
[2023-06-16T13:44:10.411+0700] {logging_mixin.py:149} INFO - [2023-06-16T13:44:10.411+0700] {dagbag.py:541} INFO - Filling up the DagBag from /Library/Frameworks/Python.framework/Versions/3.11/lib/python3.11/site-packages/airflow/example_dags/plugins/event_listener.py
[2023-06-16T13:44:10.412+0700] {processor.py:838} WARNING - No viable dags retrieved from /Library/Frameworks/Python.framework/Versions/3.11/lib/python3.11/site-packages/airflow/example_dags/plugins/event_listener.py
[2023-06-16T13:44:11.748+0700] {processor.py:179} INFO - Processing /Library/Frameworks/Python.framework/Versions/3.11/lib/python3.11/site-packages/airflow/example_dags/plugins/event_listener.py took 1.340 seconds
[2023-06-16T13:46:58.596+0700] {processor.py:157} INFO - Started process (PID=11975) to work on /Library/Frameworks/Python.framework/Versions/3.11/lib/python3.11/site-packages/airflow/example_dags/plugins/event_listener.py
[2023-06-16T13:46:58.598+0700] {processor.py:826} INFO - Processing file /Library/Frameworks/Python.framework/Versions/3.11/lib/python3.11/site-packages/airflow/example_dags/plugins/event_listener.py for tasks to queue
[2023-06-16T13:46:58.598+0700] {logging_mixin.py:149} INFO - [2023-06-16T13:46:58.598+0700] {dagbag.py:541} INFO - Filling up the DagBag from /Library/Frameworks/Python.framework/Versions/3.11/lib/python3.11/site-packages/airflow/example_dags/plugins/event_listener.py
[2023-06-16T13:46:58.600+0700] {processor.py:838} WARNING - No viable dags retrieved from /Library/Frameworks/Python.framework/Versions/3.11/lib/python3.11/site-packages/airflow/example_dags/plugins/event_listener.py
[2023-06-16T13:46:59.780+0700] {processor.py:179} INFO - Processing /Library/Frameworks/Python.framework/Versions/3.11/lib/python3.11/site-packages/airflow/example_dags/plugins/event_listener.py took 1.185 seconds
[2023-06-16T13:51:01.578+0700] {processor.py:157} INFO - Started process (PID=12256) to work on /Library/Frameworks/Python.framework/Versions/3.11/lib/python3.11/site-packages/airflow/example_dags/plugins/event_listener.py
[2023-06-16T13:51:01.579+0700] {processor.py:826} INFO - Processing file /Library/Frameworks/Python.framework/Versions/3.11/lib/python3.11/site-packages/airflow/example_dags/plugins/event_listener.py for tasks to queue
[2023-06-16T13:51:01.580+0700] {logging_mixin.py:149} INFO - [2023-06-16T13:51:01.579+0700] {dagbag.py:541} INFO - Filling up the DagBag from /Library/Frameworks/Python.framework/Versions/3.11/lib/python3.11/site-packages/airflow/example_dags/plugins/event_listener.py
[2023-06-16T13:51:01.581+0700] {processor.py:838} WARNING - No viable dags retrieved from /Library/Frameworks/Python.framework/Versions/3.11/lib/python3.11/site-packages/airflow/example_dags/plugins/event_listener.py
[2023-06-16T13:51:03.119+0700] {processor.py:179} INFO - Processing /Library/Frameworks/Python.framework/Versions/3.11/lib/python3.11/site-packages/airflow/example_dags/plugins/event_listener.py took 1.542 seconds
[2023-06-16T13:53:49.420+0700] {processor.py:157} INFO - Started process (PID=12673) to work on /Library/Frameworks/Python.framework/Versions/3.11/lib/python3.11/site-packages/airflow/example_dags/plugins/event_listener.py
[2023-06-16T13:53:49.422+0700] {processor.py:826} INFO - Processing file /Library/Frameworks/Python.framework/Versions/3.11/lib/python3.11/site-packages/airflow/example_dags/plugins/event_listener.py for tasks to queue
[2023-06-16T13:53:49.424+0700] {logging_mixin.py:149} INFO - [2023-06-16T13:53:49.423+0700] {dagbag.py:541} INFO - Filling up the DagBag from /Library/Frameworks/Python.framework/Versions/3.11/lib/python3.11/site-packages/airflow/example_dags/plugins/event_listener.py
[2023-06-16T13:53:49.426+0700] {processor.py:838} WARNING - No viable dags retrieved from /Library/Frameworks/Python.framework/Versions/3.11/lib/python3.11/site-packages/airflow/example_dags/plugins/event_listener.py
[2023-06-16T13:53:50.757+0700] {processor.py:179} INFO - Processing /Library/Frameworks/Python.framework/Versions/3.11/lib/python3.11/site-packages/airflow/example_dags/plugins/event_listener.py took 1.338 seconds
[2023-06-16T13:56:31.959+0700] {processor.py:157} INFO - Started process (PID=13084) to work on /Library/Frameworks/Python.framework/Versions/3.11/lib/python3.11/site-packages/airflow/example_dags/plugins/event_listener.py
[2023-06-16T13:56:31.960+0700] {processor.py:826} INFO - Processing file /Library/Frameworks/Python.framework/Versions/3.11/lib/python3.11/site-packages/airflow/example_dags/plugins/event_listener.py for tasks to queue
[2023-06-16T13:56:31.961+0700] {logging_mixin.py:149} INFO - [2023-06-16T13:56:31.960+0700] {dagbag.py:541} INFO - Filling up the DagBag from /Library/Frameworks/Python.framework/Versions/3.11/lib/python3.11/site-packages/airflow/example_dags/plugins/event_listener.py
[2023-06-16T13:56:31.962+0700] {processor.py:838} WARNING - No viable dags retrieved from /Library/Frameworks/Python.framework/Versions/3.11/lib/python3.11/site-packages/airflow/example_dags/plugins/event_listener.py
[2023-06-16T13:56:32.928+0700] {processor.py:179} INFO - Processing /Library/Frameworks/Python.framework/Versions/3.11/lib/python3.11/site-packages/airflow/example_dags/plugins/event_listener.py took 0.970 seconds
[2023-06-16T13:59:11.502+0700] {processor.py:157} INFO - Started process (PID=13421) to work on /Library/Frameworks/Python.framework/Versions/3.11/lib/python3.11/site-packages/airflow/example_dags/plugins/event_listener.py
[2023-06-16T13:59:11.503+0700] {processor.py:826} INFO - Processing file /Library/Frameworks/Python.framework/Versions/3.11/lib/python3.11/site-packages/airflow/example_dags/plugins/event_listener.py for tasks to queue
[2023-06-16T13:59:11.503+0700] {logging_mixin.py:149} INFO - [2023-06-16T13:59:11.503+0700] {dagbag.py:541} INFO - Filling up the DagBag from /Library/Frameworks/Python.framework/Versions/3.11/lib/python3.11/site-packages/airflow/example_dags/plugins/event_listener.py
[2023-06-16T13:59:11.504+0700] {processor.py:838} WARNING - No viable dags retrieved from /Library/Frameworks/Python.framework/Versions/3.11/lib/python3.11/site-packages/airflow/example_dags/plugins/event_listener.py
[2023-06-16T13:59:12.724+0700] {processor.py:179} INFO - Processing /Library/Frameworks/Python.framework/Versions/3.11/lib/python3.11/site-packages/airflow/example_dags/plugins/event_listener.py took 1.223 seconds
[2023-06-16T14:01:42.630+0700] {processor.py:157} INFO - Started process (PID=13697) to work on /Library/Frameworks/Python.framework/Versions/3.11/lib/python3.11/site-packages/airflow/example_dags/plugins/event_listener.py
[2023-06-16T14:01:42.631+0700] {processor.py:826} INFO - Processing file /Library/Frameworks/Python.framework/Versions/3.11/lib/python3.11/site-packages/airflow/example_dags/plugins/event_listener.py for tasks to queue
[2023-06-16T14:01:42.631+0700] {logging_mixin.py:149} INFO - [2023-06-16T14:01:42.631+0700] {dagbag.py:541} INFO - Filling up the DagBag from /Library/Frameworks/Python.framework/Versions/3.11/lib/python3.11/site-packages/airflow/example_dags/plugins/event_listener.py
[2023-06-16T14:01:42.632+0700] {processor.py:838} WARNING - No viable dags retrieved from /Library/Frameworks/Python.framework/Versions/3.11/lib/python3.11/site-packages/airflow/example_dags/plugins/event_listener.py
[2023-06-16T14:01:43.835+0700] {processor.py:179} INFO - Processing /Library/Frameworks/Python.framework/Versions/3.11/lib/python3.11/site-packages/airflow/example_dags/plugins/event_listener.py took 1.207 seconds
[2023-06-16T14:04:05.447+0700] {processor.py:157} INFO - Started process (PID=13980) to work on /Library/Frameworks/Python.framework/Versions/3.11/lib/python3.11/site-packages/airflow/example_dags/plugins/event_listener.py
[2023-06-16T14:04:05.447+0700] {processor.py:826} INFO - Processing file /Library/Frameworks/Python.framework/Versions/3.11/lib/python3.11/site-packages/airflow/example_dags/plugins/event_listener.py for tasks to queue
[2023-06-16T14:04:05.448+0700] {logging_mixin.py:149} INFO - [2023-06-16T14:04:05.448+0700] {dagbag.py:541} INFO - Filling up the DagBag from /Library/Frameworks/Python.framework/Versions/3.11/lib/python3.11/site-packages/airflow/example_dags/plugins/event_listener.py
[2023-06-16T14:04:05.450+0700] {processor.py:838} WARNING - No viable dags retrieved from /Library/Frameworks/Python.framework/Versions/3.11/lib/python3.11/site-packages/airflow/example_dags/plugins/event_listener.py
[2023-06-16T14:04:06.385+0700] {processor.py:179} INFO - Processing /Library/Frameworks/Python.framework/Versions/3.11/lib/python3.11/site-packages/airflow/example_dags/plugins/event_listener.py took 0.939 seconds
[2023-06-16T14:06:50.336+0700] {processor.py:157} INFO - Started process (PID=14402) to work on /Library/Frameworks/Python.framework/Versions/3.11/lib/python3.11/site-packages/airflow/example_dags/plugins/event_listener.py
[2023-06-16T14:06:50.337+0700] {processor.py:826} INFO - Processing file /Library/Frameworks/Python.framework/Versions/3.11/lib/python3.11/site-packages/airflow/example_dags/plugins/event_listener.py for tasks to queue
[2023-06-16T14:06:50.338+0700] {logging_mixin.py:149} INFO - [2023-06-16T14:06:50.338+0700] {dagbag.py:541} INFO - Filling up the DagBag from /Library/Frameworks/Python.framework/Versions/3.11/lib/python3.11/site-packages/airflow/example_dags/plugins/event_listener.py
[2023-06-16T14:06:50.339+0700] {processor.py:838} WARNING - No viable dags retrieved from /Library/Frameworks/Python.framework/Versions/3.11/lib/python3.11/site-packages/airflow/example_dags/plugins/event_listener.py
[2023-06-16T14:06:51.517+0700] {processor.py:179} INFO - Processing /Library/Frameworks/Python.framework/Versions/3.11/lib/python3.11/site-packages/airflow/example_dags/plugins/event_listener.py took 1.182 seconds
[2023-06-16T14:09:32.940+0700] {processor.py:157} INFO - Started process (PID=15009) to work on /Library/Frameworks/Python.framework/Versions/3.11/lib/python3.11/site-packages/airflow/example_dags/plugins/event_listener.py
[2023-06-16T14:09:32.941+0700] {processor.py:826} INFO - Processing file /Library/Frameworks/Python.framework/Versions/3.11/lib/python3.11/site-packages/airflow/example_dags/plugins/event_listener.py for tasks to queue
[2023-06-16T14:09:32.941+0700] {logging_mixin.py:149} INFO - [2023-06-16T14:09:32.941+0700] {dagbag.py:541} INFO - Filling up the DagBag from /Library/Frameworks/Python.framework/Versions/3.11/lib/python3.11/site-packages/airflow/example_dags/plugins/event_listener.py
[2023-06-16T14:09:32.942+0700] {processor.py:838} WARNING - No viable dags retrieved from /Library/Frameworks/Python.framework/Versions/3.11/lib/python3.11/site-packages/airflow/example_dags/plugins/event_listener.py
[2023-06-16T14:09:34.169+0700] {processor.py:179} INFO - Processing /Library/Frameworks/Python.framework/Versions/3.11/lib/python3.11/site-packages/airflow/example_dags/plugins/event_listener.py took 1.230 seconds
