[2023-06-16T09:38:58.872+0700] {processor.py:157} INFO - Started process (PID=88521) to work on /Library/Frameworks/Python.framework/Versions/3.11/lib/python3.11/site-packages/airflow/example_dags/plugins/listener_plugin.py
[2023-06-16T09:38:58.877+0700] {processor.py:826} INFO - Processing file /Library/Frameworks/Python.framework/Versions/3.11/lib/python3.11/site-packages/airflow/example_dags/plugins/listener_plugin.py for tasks to queue
[2023-06-16T09:38:58.880+0700] {logging_mixin.py:149} INFO - [2023-06-16T09:38:58.879+0700] {dagbag.py:541} INFO - Filling up the DagBag from /Library/Frameworks/Python.framework/Versions/3.11/lib/python3.11/site-packages/airflow/example_dags/plugins/listener_plugin.py
[2023-06-16T09:38:58.890+0700] {processor.py:838} WARNING - No viable dags retrieved from /Library/Frameworks/Python.framework/Versions/3.11/lib/python3.11/site-packages/airflow/example_dags/plugins/listener_plugin.py
[2023-06-16T09:39:02.382+0700] {processor.py:179} INFO - Processing /Library/Frameworks/Python.framework/Versions/3.11/lib/python3.11/site-packages/airflow/example_dags/plugins/listener_plugin.py took 3.514 seconds
[2023-06-16T11:02:40.407+0700] {processor.py:157} INFO - Started process (PID=89020) to work on /Library/Frameworks/Python.framework/Versions/3.11/lib/python3.11/site-packages/airflow/example_dags/plugins/listener_plugin.py
[2023-06-16T11:02:40.408+0700] {processor.py:826} INFO - Processing file /Library/Frameworks/Python.framework/Versions/3.11/lib/python3.11/site-packages/airflow/example_dags/plugins/listener_plugin.py for tasks to queue
[2023-06-16T11:02:40.409+0700] {logging_mixin.py:149} INFO - [2023-06-16T11:02:40.409+0700] {dagbag.py:541} INFO - Filling up the DagBag from /Library/Frameworks/Python.framework/Versions/3.11/lib/python3.11/site-packages/airflow/example_dags/plugins/listener_plugin.py
[2023-06-16T11:02:40.413+0700] {processor.py:838} WARNING - No viable dags retrieved from /Library/Frameworks/Python.framework/Versions/3.11/lib/python3.11/site-packages/airflow/example_dags/plugins/listener_plugin.py
[2023-06-16T11:02:41.778+0700] {processor.py:179} INFO - Processing /Library/Frameworks/Python.framework/Versions/3.11/lib/python3.11/site-packages/airflow/example_dags/plugins/listener_plugin.py took 1.374 seconds
[2023-06-16T11:05:12.123+0700] {processor.py:157} INFO - Started process (PID=89362) to work on /Library/Frameworks/Python.framework/Versions/3.11/lib/python3.11/site-packages/airflow/example_dags/plugins/listener_plugin.py
[2023-06-16T11:05:12.123+0700] {processor.py:826} INFO - Processing file /Library/Frameworks/Python.framework/Versions/3.11/lib/python3.11/site-packages/airflow/example_dags/plugins/listener_plugin.py for tasks to queue
[2023-06-16T11:05:12.125+0700] {logging_mixin.py:149} INFO - [2023-06-16T11:05:12.125+0700] {dagbag.py:541} INFO - Filling up the DagBag from /Library/Frameworks/Python.framework/Versions/3.11/lib/python3.11/site-packages/airflow/example_dags/plugins/listener_plugin.py
[2023-06-16T11:05:12.129+0700] {processor.py:838} WARNING - No viable dags retrieved from /Library/Frameworks/Python.framework/Versions/3.11/lib/python3.11/site-packages/airflow/example_dags/plugins/listener_plugin.py
[2023-06-16T11:05:13.200+0700] {processor.py:179} INFO - Processing /Library/Frameworks/Python.framework/Versions/3.11/lib/python3.11/site-packages/airflow/example_dags/plugins/listener_plugin.py took 1.078 seconds
[2023-06-16T11:07:52.089+0700] {processor.py:157} INFO - Started process (PID=89739) to work on /Library/Frameworks/Python.framework/Versions/3.11/lib/python3.11/site-packages/airflow/example_dags/plugins/listener_plugin.py
[2023-06-16T11:07:52.090+0700] {processor.py:826} INFO - Processing file /Library/Frameworks/Python.framework/Versions/3.11/lib/python3.11/site-packages/airflow/example_dags/plugins/listener_plugin.py for tasks to queue
[2023-06-16T11:07:52.091+0700] {logging_mixin.py:149} INFO - [2023-06-16T11:07:52.090+0700] {dagbag.py:541} INFO - Filling up the DagBag from /Library/Frameworks/Python.framework/Versions/3.11/lib/python3.11/site-packages/airflow/example_dags/plugins/listener_plugin.py
[2023-06-16T11:07:52.096+0700] {processor.py:838} WARNING - No viable dags retrieved from /Library/Frameworks/Python.framework/Versions/3.11/lib/python3.11/site-packages/airflow/example_dags/plugins/listener_plugin.py
[2023-06-16T11:07:53.456+0700] {processor.py:179} INFO - Processing /Library/Frameworks/Python.framework/Versions/3.11/lib/python3.11/site-packages/airflow/example_dags/plugins/listener_plugin.py took 1.368 seconds
[2023-06-16T11:11:35.833+0700] {processor.py:157} INFO - Started process (PID=90144) to work on /Library/Frameworks/Python.framework/Versions/3.11/lib/python3.11/site-packages/airflow/example_dags/plugins/listener_plugin.py
[2023-06-16T11:11:35.834+0700] {processor.py:826} INFO - Processing file /Library/Frameworks/Python.framework/Versions/3.11/lib/python3.11/site-packages/airflow/example_dags/plugins/listener_plugin.py for tasks to queue
[2023-06-16T11:11:35.835+0700] {logging_mixin.py:149} INFO - [2023-06-16T11:11:35.835+0700] {dagbag.py:541} INFO - Filling up the DagBag from /Library/Frameworks/Python.framework/Versions/3.11/lib/python3.11/site-packages/airflow/example_dags/plugins/listener_plugin.py
[2023-06-16T11:11:35.838+0700] {processor.py:838} WARNING - No viable dags retrieved from /Library/Frameworks/Python.framework/Versions/3.11/lib/python3.11/site-packages/airflow/example_dags/plugins/listener_plugin.py
[2023-06-16T11:11:36.907+0700] {processor.py:179} INFO - Processing /Library/Frameworks/Python.framework/Versions/3.11/lib/python3.11/site-packages/airflow/example_dags/plugins/listener_plugin.py took 1.074 seconds
[2023-06-16T11:14:42.663+0700] {processor.py:157} INFO - Started process (PID=90529) to work on /Library/Frameworks/Python.framework/Versions/3.11/lib/python3.11/site-packages/airflow/example_dags/plugins/listener_plugin.py
[2023-06-16T11:14:42.664+0700] {processor.py:826} INFO - Processing file /Library/Frameworks/Python.framework/Versions/3.11/lib/python3.11/site-packages/airflow/example_dags/plugins/listener_plugin.py for tasks to queue
[2023-06-16T11:14:42.664+0700] {logging_mixin.py:149} INFO - [2023-06-16T11:14:42.664+0700] {dagbag.py:541} INFO - Filling up the DagBag from /Library/Frameworks/Python.framework/Versions/3.11/lib/python3.11/site-packages/airflow/example_dags/plugins/listener_plugin.py
[2023-06-16T11:14:42.667+0700] {processor.py:838} WARNING - No viable dags retrieved from /Library/Frameworks/Python.framework/Versions/3.11/lib/python3.11/site-packages/airflow/example_dags/plugins/listener_plugin.py
[2023-06-16T11:14:43.636+0700] {processor.py:179} INFO - Processing /Library/Frameworks/Python.framework/Versions/3.11/lib/python3.11/site-packages/airflow/example_dags/plugins/listener_plugin.py took 0.973 seconds
[2023-06-16T11:18:03.931+0700] {processor.py:157} INFO - Started process (PID=90872) to work on /Library/Frameworks/Python.framework/Versions/3.11/lib/python3.11/site-packages/airflow/example_dags/plugins/listener_plugin.py
[2023-06-16T11:18:03.932+0700] {processor.py:826} INFO - Processing file /Library/Frameworks/Python.framework/Versions/3.11/lib/python3.11/site-packages/airflow/example_dags/plugins/listener_plugin.py for tasks to queue
[2023-06-16T11:18:03.932+0700] {logging_mixin.py:149} INFO - [2023-06-16T11:18:03.932+0700] {dagbag.py:541} INFO - Filling up the DagBag from /Library/Frameworks/Python.framework/Versions/3.11/lib/python3.11/site-packages/airflow/example_dags/plugins/listener_plugin.py
[2023-06-16T11:18:03.934+0700] {processor.py:838} WARNING - No viable dags retrieved from /Library/Frameworks/Python.framework/Versions/3.11/lib/python3.11/site-packages/airflow/example_dags/plugins/listener_plugin.py
[2023-06-16T11:18:05.022+0700] {processor.py:179} INFO - Processing /Library/Frameworks/Python.framework/Versions/3.11/lib/python3.11/site-packages/airflow/example_dags/plugins/listener_plugin.py took 1.091 seconds
[2023-06-16T11:21:10.062+0700] {processor.py:157} INFO - Started process (PID=91321) to work on /Library/Frameworks/Python.framework/Versions/3.11/lib/python3.11/site-packages/airflow/example_dags/plugins/listener_plugin.py
[2023-06-16T11:21:10.063+0700] {processor.py:826} INFO - Processing file /Library/Frameworks/Python.framework/Versions/3.11/lib/python3.11/site-packages/airflow/example_dags/plugins/listener_plugin.py for tasks to queue
[2023-06-16T11:21:10.063+0700] {logging_mixin.py:149} INFO - [2023-06-16T11:21:10.063+0700] {dagbag.py:541} INFO - Filling up the DagBag from /Library/Frameworks/Python.framework/Versions/3.11/lib/python3.11/site-packages/airflow/example_dags/plugins/listener_plugin.py
[2023-06-16T11:21:10.066+0700] {processor.py:838} WARNING - No viable dags retrieved from /Library/Frameworks/Python.framework/Versions/3.11/lib/python3.11/site-packages/airflow/example_dags/plugins/listener_plugin.py
[2023-06-16T11:21:11.156+0700] {processor.py:179} INFO - Processing /Library/Frameworks/Python.framework/Versions/3.11/lib/python3.11/site-packages/airflow/example_dags/plugins/listener_plugin.py took 1.096 seconds
[2023-06-16T11:23:52.644+0700] {processor.py:157} INFO - Started process (PID=91709) to work on /Library/Frameworks/Python.framework/Versions/3.11/lib/python3.11/site-packages/airflow/example_dags/plugins/listener_plugin.py
[2023-06-16T11:23:52.645+0700] {processor.py:826} INFO - Processing file /Library/Frameworks/Python.framework/Versions/3.11/lib/python3.11/site-packages/airflow/example_dags/plugins/listener_plugin.py for tasks to queue
[2023-06-16T11:23:52.645+0700] {logging_mixin.py:149} INFO - [2023-06-16T11:23:52.645+0700] {dagbag.py:541} INFO - Filling up the DagBag from /Library/Frameworks/Python.framework/Versions/3.11/lib/python3.11/site-packages/airflow/example_dags/plugins/listener_plugin.py
[2023-06-16T11:23:52.648+0700] {processor.py:838} WARNING - No viable dags retrieved from /Library/Frameworks/Python.framework/Versions/3.11/lib/python3.11/site-packages/airflow/example_dags/plugins/listener_plugin.py
[2023-06-16T11:23:53.636+0700] {processor.py:179} INFO - Processing /Library/Frameworks/Python.framework/Versions/3.11/lib/python3.11/site-packages/airflow/example_dags/plugins/listener_plugin.py took 0.993 seconds
[2023-06-16T11:28:01.416+0700] {processor.py:157} INFO - Started process (PID=92253) to work on /Library/Frameworks/Python.framework/Versions/3.11/lib/python3.11/site-packages/airflow/example_dags/plugins/listener_plugin.py
[2023-06-16T11:28:01.417+0700] {processor.py:826} INFO - Processing file /Library/Frameworks/Python.framework/Versions/3.11/lib/python3.11/site-packages/airflow/example_dags/plugins/listener_plugin.py for tasks to queue
[2023-06-16T11:28:01.418+0700] {logging_mixin.py:149} INFO - [2023-06-16T11:28:01.418+0700] {dagbag.py:541} INFO - Filling up the DagBag from /Library/Frameworks/Python.framework/Versions/3.11/lib/python3.11/site-packages/airflow/example_dags/plugins/listener_plugin.py
[2023-06-16T11:28:01.422+0700] {processor.py:838} WARNING - No viable dags retrieved from /Library/Frameworks/Python.framework/Versions/3.11/lib/python3.11/site-packages/airflow/example_dags/plugins/listener_plugin.py
[2023-06-16T11:28:02.987+0700] {processor.py:179} INFO - Processing /Library/Frameworks/Python.framework/Versions/3.11/lib/python3.11/site-packages/airflow/example_dags/plugins/listener_plugin.py took 1.572 seconds
[2023-06-16T11:31:42.037+0700] {processor.py:157} INFO - Started process (PID=92724) to work on /Library/Frameworks/Python.framework/Versions/3.11/lib/python3.11/site-packages/airflow/example_dags/plugins/listener_plugin.py
[2023-06-16T11:31:42.039+0700] {processor.py:826} INFO - Processing file /Library/Frameworks/Python.framework/Versions/3.11/lib/python3.11/site-packages/airflow/example_dags/plugins/listener_plugin.py for tasks to queue
[2023-06-16T11:31:42.040+0700] {logging_mixin.py:149} INFO - [2023-06-16T11:31:42.039+0700] {dagbag.py:541} INFO - Filling up the DagBag from /Library/Frameworks/Python.framework/Versions/3.11/lib/python3.11/site-packages/airflow/example_dags/plugins/listener_plugin.py
[2023-06-16T11:31:42.042+0700] {processor.py:838} WARNING - No viable dags retrieved from /Library/Frameworks/Python.framework/Versions/3.11/lib/python3.11/site-packages/airflow/example_dags/plugins/listener_plugin.py
[2023-06-16T11:31:43.285+0700] {processor.py:179} INFO - Processing /Library/Frameworks/Python.framework/Versions/3.11/lib/python3.11/site-packages/airflow/example_dags/plugins/listener_plugin.py took 1.248 seconds
[2023-06-16T11:35:04.698+0700] {processor.py:157} INFO - Started process (PID=93131) to work on /Library/Frameworks/Python.framework/Versions/3.11/lib/python3.11/site-packages/airflow/example_dags/plugins/listener_plugin.py
[2023-06-16T11:35:04.699+0700] {processor.py:826} INFO - Processing file /Library/Frameworks/Python.framework/Versions/3.11/lib/python3.11/site-packages/airflow/example_dags/plugins/listener_plugin.py for tasks to queue
[2023-06-16T11:35:04.700+0700] {logging_mixin.py:149} INFO - [2023-06-16T11:35:04.700+0700] {dagbag.py:541} INFO - Filling up the DagBag from /Library/Frameworks/Python.framework/Versions/3.11/lib/python3.11/site-packages/airflow/example_dags/plugins/listener_plugin.py
[2023-06-16T11:35:04.702+0700] {processor.py:838} WARNING - No viable dags retrieved from /Library/Frameworks/Python.framework/Versions/3.11/lib/python3.11/site-packages/airflow/example_dags/plugins/listener_plugin.py
[2023-06-16T11:35:05.802+0700] {processor.py:179} INFO - Processing /Library/Frameworks/Python.framework/Versions/3.11/lib/python3.11/site-packages/airflow/example_dags/plugins/listener_plugin.py took 1.105 seconds
[2023-06-16T11:37:40.887+0700] {processor.py:157} INFO - Started process (PID=93808) to work on /Library/Frameworks/Python.framework/Versions/3.11/lib/python3.11/site-packages/airflow/example_dags/plugins/listener_plugin.py
[2023-06-16T11:37:40.888+0700] {processor.py:826} INFO - Processing file /Library/Frameworks/Python.framework/Versions/3.11/lib/python3.11/site-packages/airflow/example_dags/plugins/listener_plugin.py for tasks to queue
[2023-06-16T11:37:40.889+0700] {logging_mixin.py:149} INFO - [2023-06-16T11:37:40.889+0700] {dagbag.py:541} INFO - Filling up the DagBag from /Library/Frameworks/Python.framework/Versions/3.11/lib/python3.11/site-packages/airflow/example_dags/plugins/listener_plugin.py
[2023-06-16T11:37:40.892+0700] {processor.py:838} WARNING - No viable dags retrieved from /Library/Frameworks/Python.framework/Versions/3.11/lib/python3.11/site-packages/airflow/example_dags/plugins/listener_plugin.py
[2023-06-16T11:37:42.225+0700] {processor.py:179} INFO - Processing /Library/Frameworks/Python.framework/Versions/3.11/lib/python3.11/site-packages/airflow/example_dags/plugins/listener_plugin.py took 1.339 seconds
[2023-06-16T11:40:34.387+0700] {processor.py:157} INFO - Started process (PID=94171) to work on /Library/Frameworks/Python.framework/Versions/3.11/lib/python3.11/site-packages/airflow/example_dags/plugins/listener_plugin.py
[2023-06-16T11:40:34.389+0700] {processor.py:826} INFO - Processing file /Library/Frameworks/Python.framework/Versions/3.11/lib/python3.11/site-packages/airflow/example_dags/plugins/listener_plugin.py for tasks to queue
[2023-06-16T11:40:34.390+0700] {logging_mixin.py:149} INFO - [2023-06-16T11:40:34.390+0700] {dagbag.py:541} INFO - Filling up the DagBag from /Library/Frameworks/Python.framework/Versions/3.11/lib/python3.11/site-packages/airflow/example_dags/plugins/listener_plugin.py
[2023-06-16T11:40:34.394+0700] {processor.py:838} WARNING - No viable dags retrieved from /Library/Frameworks/Python.framework/Versions/3.11/lib/python3.11/site-packages/airflow/example_dags/plugins/listener_plugin.py
[2023-06-16T11:40:35.507+0700] {processor.py:179} INFO - Processing /Library/Frameworks/Python.framework/Versions/3.11/lib/python3.11/site-packages/airflow/example_dags/plugins/listener_plugin.py took 1.120 seconds
[2023-06-16T11:43:24.674+0700] {processor.py:157} INFO - Started process (PID=94547) to work on /Library/Frameworks/Python.framework/Versions/3.11/lib/python3.11/site-packages/airflow/example_dags/plugins/listener_plugin.py
[2023-06-16T11:43:24.675+0700] {processor.py:826} INFO - Processing file /Library/Frameworks/Python.framework/Versions/3.11/lib/python3.11/site-packages/airflow/example_dags/plugins/listener_plugin.py for tasks to queue
[2023-06-16T11:43:24.675+0700] {logging_mixin.py:149} INFO - [2023-06-16T11:43:24.675+0700] {dagbag.py:541} INFO - Filling up the DagBag from /Library/Frameworks/Python.framework/Versions/3.11/lib/python3.11/site-packages/airflow/example_dags/plugins/listener_plugin.py
[2023-06-16T11:43:24.678+0700] {processor.py:838} WARNING - No viable dags retrieved from /Library/Frameworks/Python.framework/Versions/3.11/lib/python3.11/site-packages/airflow/example_dags/plugins/listener_plugin.py
[2023-06-16T11:43:26.026+0700] {processor.py:179} INFO - Processing /Library/Frameworks/Python.framework/Versions/3.11/lib/python3.11/site-packages/airflow/example_dags/plugins/listener_plugin.py took 1.352 seconds
[2023-06-16T11:48:39.010+0700] {processor.py:157} INFO - Started process (PID=95139) to work on /Library/Frameworks/Python.framework/Versions/3.11/lib/python3.11/site-packages/airflow/example_dags/plugins/listener_plugin.py
[2023-06-16T11:48:39.011+0700] {processor.py:826} INFO - Processing file /Library/Frameworks/Python.framework/Versions/3.11/lib/python3.11/site-packages/airflow/example_dags/plugins/listener_plugin.py for tasks to queue
[2023-06-16T11:48:39.012+0700] {logging_mixin.py:149} INFO - [2023-06-16T11:48:39.012+0700] {dagbag.py:541} INFO - Filling up the DagBag from /Library/Frameworks/Python.framework/Versions/3.11/lib/python3.11/site-packages/airflow/example_dags/plugins/listener_plugin.py
[2023-06-16T11:48:39.015+0700] {processor.py:838} WARNING - No viable dags retrieved from /Library/Frameworks/Python.framework/Versions/3.11/lib/python3.11/site-packages/airflow/example_dags/plugins/listener_plugin.py
[2023-06-16T11:48:40.847+0700] {processor.py:179} INFO - Processing /Library/Frameworks/Python.framework/Versions/3.11/lib/python3.11/site-packages/airflow/example_dags/plugins/listener_plugin.py took 1.838 seconds
[2023-06-16T11:52:19.306+0700] {processor.py:157} INFO - Started process (PID=95602) to work on /Library/Frameworks/Python.framework/Versions/3.11/lib/python3.11/site-packages/airflow/example_dags/plugins/listener_plugin.py
[2023-06-16T11:52:19.306+0700] {processor.py:826} INFO - Processing file /Library/Frameworks/Python.framework/Versions/3.11/lib/python3.11/site-packages/airflow/example_dags/plugins/listener_plugin.py for tasks to queue
[2023-06-16T11:52:19.307+0700] {logging_mixin.py:149} INFO - [2023-06-16T11:52:19.307+0700] {dagbag.py:541} INFO - Filling up the DagBag from /Library/Frameworks/Python.framework/Versions/3.11/lib/python3.11/site-packages/airflow/example_dags/plugins/listener_plugin.py
[2023-06-16T11:52:19.309+0700] {processor.py:838} WARNING - No viable dags retrieved from /Library/Frameworks/Python.framework/Versions/3.11/lib/python3.11/site-packages/airflow/example_dags/plugins/listener_plugin.py
[2023-06-16T11:52:20.879+0700] {processor.py:179} INFO - Processing /Library/Frameworks/Python.framework/Versions/3.11/lib/python3.11/site-packages/airflow/example_dags/plugins/listener_plugin.py took 1.574 seconds
[2023-06-16T11:55:38.536+0700] {processor.py:157} INFO - Started process (PID=96011) to work on /Library/Frameworks/Python.framework/Versions/3.11/lib/python3.11/site-packages/airflow/example_dags/plugins/listener_plugin.py
[2023-06-16T11:55:38.537+0700] {processor.py:826} INFO - Processing file /Library/Frameworks/Python.framework/Versions/3.11/lib/python3.11/site-packages/airflow/example_dags/plugins/listener_plugin.py for tasks to queue
[2023-06-16T11:55:38.537+0700] {logging_mixin.py:149} INFO - [2023-06-16T11:55:38.537+0700] {dagbag.py:541} INFO - Filling up the DagBag from /Library/Frameworks/Python.framework/Versions/3.11/lib/python3.11/site-packages/airflow/example_dags/plugins/listener_plugin.py
[2023-06-16T11:55:38.539+0700] {processor.py:838} WARNING - No viable dags retrieved from /Library/Frameworks/Python.framework/Versions/3.11/lib/python3.11/site-packages/airflow/example_dags/plugins/listener_plugin.py
[2023-06-16T11:55:39.762+0700] {processor.py:179} INFO - Processing /Library/Frameworks/Python.framework/Versions/3.11/lib/python3.11/site-packages/airflow/example_dags/plugins/listener_plugin.py took 1.227 seconds
[2023-06-16T11:58:22.705+0700] {processor.py:157} INFO - Started process (PID=96350) to work on /Library/Frameworks/Python.framework/Versions/3.11/lib/python3.11/site-packages/airflow/example_dags/plugins/listener_plugin.py
[2023-06-16T11:58:22.707+0700] {processor.py:826} INFO - Processing file /Library/Frameworks/Python.framework/Versions/3.11/lib/python3.11/site-packages/airflow/example_dags/plugins/listener_plugin.py for tasks to queue
[2023-06-16T11:58:22.707+0700] {logging_mixin.py:149} INFO - [2023-06-16T11:58:22.707+0700] {dagbag.py:541} INFO - Filling up the DagBag from /Library/Frameworks/Python.framework/Versions/3.11/lib/python3.11/site-packages/airflow/example_dags/plugins/listener_plugin.py
[2023-06-16T11:58:22.710+0700] {processor.py:838} WARNING - No viable dags retrieved from /Library/Frameworks/Python.framework/Versions/3.11/lib/python3.11/site-packages/airflow/example_dags/plugins/listener_plugin.py
[2023-06-16T11:58:24.004+0700] {processor.py:179} INFO - Processing /Library/Frameworks/Python.framework/Versions/3.11/lib/python3.11/site-packages/airflow/example_dags/plugins/listener_plugin.py took 1.299 seconds
[2023-06-16T12:01:19.840+0700] {processor.py:157} INFO - Started process (PID=96707) to work on /Library/Frameworks/Python.framework/Versions/3.11/lib/python3.11/site-packages/airflow/example_dags/plugins/listener_plugin.py
[2023-06-16T12:01:19.841+0700] {processor.py:826} INFO - Processing file /Library/Frameworks/Python.framework/Versions/3.11/lib/python3.11/site-packages/airflow/example_dags/plugins/listener_plugin.py for tasks to queue
[2023-06-16T12:01:19.842+0700] {logging_mixin.py:149} INFO - [2023-06-16T12:01:19.842+0700] {dagbag.py:541} INFO - Filling up the DagBag from /Library/Frameworks/Python.framework/Versions/3.11/lib/python3.11/site-packages/airflow/example_dags/plugins/listener_plugin.py
[2023-06-16T12:01:19.849+0700] {processor.py:838} WARNING - No viable dags retrieved from /Library/Frameworks/Python.framework/Versions/3.11/lib/python3.11/site-packages/airflow/example_dags/plugins/listener_plugin.py
[2023-06-16T12:01:21.225+0700] {processor.py:179} INFO - Processing /Library/Frameworks/Python.framework/Versions/3.11/lib/python3.11/site-packages/airflow/example_dags/plugins/listener_plugin.py took 1.386 seconds
[2023-06-16T12:03:56.024+0700] {processor.py:157} INFO - Started process (PID=97143) to work on /Library/Frameworks/Python.framework/Versions/3.11/lib/python3.11/site-packages/airflow/example_dags/plugins/listener_plugin.py
[2023-06-16T12:03:56.025+0700] {processor.py:826} INFO - Processing file /Library/Frameworks/Python.framework/Versions/3.11/lib/python3.11/site-packages/airflow/example_dags/plugins/listener_plugin.py for tasks to queue
[2023-06-16T12:03:56.026+0700] {logging_mixin.py:149} INFO - [2023-06-16T12:03:56.026+0700] {dagbag.py:541} INFO - Filling up the DagBag from /Library/Frameworks/Python.framework/Versions/3.11/lib/python3.11/site-packages/airflow/example_dags/plugins/listener_plugin.py
[2023-06-16T12:03:56.029+0700] {processor.py:838} WARNING - No viable dags retrieved from /Library/Frameworks/Python.framework/Versions/3.11/lib/python3.11/site-packages/airflow/example_dags/plugins/listener_plugin.py
[2023-06-16T12:03:57.285+0700] {processor.py:179} INFO - Processing /Library/Frameworks/Python.framework/Versions/3.11/lib/python3.11/site-packages/airflow/example_dags/plugins/listener_plugin.py took 1.262 seconds
[2023-06-16T12:06:33.436+0700] {processor.py:157} INFO - Started process (PID=97448) to work on /Library/Frameworks/Python.framework/Versions/3.11/lib/python3.11/site-packages/airflow/example_dags/plugins/listener_plugin.py
[2023-06-16T12:06:33.437+0700] {processor.py:826} INFO - Processing file /Library/Frameworks/Python.framework/Versions/3.11/lib/python3.11/site-packages/airflow/example_dags/plugins/listener_plugin.py for tasks to queue
[2023-06-16T12:06:33.438+0700] {logging_mixin.py:149} INFO - [2023-06-16T12:06:33.438+0700] {dagbag.py:541} INFO - Filling up the DagBag from /Library/Frameworks/Python.framework/Versions/3.11/lib/python3.11/site-packages/airflow/example_dags/plugins/listener_plugin.py
[2023-06-16T12:06:33.442+0700] {processor.py:838} WARNING - No viable dags retrieved from /Library/Frameworks/Python.framework/Versions/3.11/lib/python3.11/site-packages/airflow/example_dags/plugins/listener_plugin.py
[2023-06-16T12:06:34.459+0700] {processor.py:179} INFO - Processing /Library/Frameworks/Python.framework/Versions/3.11/lib/python3.11/site-packages/airflow/example_dags/plugins/listener_plugin.py took 1.024 seconds
[2023-06-16T12:08:49.289+0700] {processor.py:157} INFO - Started process (PID=97694) to work on /Library/Frameworks/Python.framework/Versions/3.11/lib/python3.11/site-packages/airflow/example_dags/plugins/listener_plugin.py
[2023-06-16T12:08:49.291+0700] {processor.py:826} INFO - Processing file /Library/Frameworks/Python.framework/Versions/3.11/lib/python3.11/site-packages/airflow/example_dags/plugins/listener_plugin.py for tasks to queue
[2023-06-16T12:08:49.291+0700] {logging_mixin.py:149} INFO - [2023-06-16T12:08:49.291+0700] {dagbag.py:541} INFO - Filling up the DagBag from /Library/Frameworks/Python.framework/Versions/3.11/lib/python3.11/site-packages/airflow/example_dags/plugins/listener_plugin.py
[2023-06-16T12:08:49.293+0700] {processor.py:838} WARNING - No viable dags retrieved from /Library/Frameworks/Python.framework/Versions/3.11/lib/python3.11/site-packages/airflow/example_dags/plugins/listener_plugin.py
[2023-06-16T12:08:50.276+0700] {processor.py:179} INFO - Processing /Library/Frameworks/Python.framework/Versions/3.11/lib/python3.11/site-packages/airflow/example_dags/plugins/listener_plugin.py took 0.987 seconds
[2023-06-16T12:11:15.249+0700] {processor.py:157} INFO - Started process (PID=98068) to work on /Library/Frameworks/Python.framework/Versions/3.11/lib/python3.11/site-packages/airflow/example_dags/plugins/listener_plugin.py
[2023-06-16T12:11:15.251+0700] {processor.py:826} INFO - Processing file /Library/Frameworks/Python.framework/Versions/3.11/lib/python3.11/site-packages/airflow/example_dags/plugins/listener_plugin.py for tasks to queue
[2023-06-16T12:11:15.251+0700] {logging_mixin.py:149} INFO - [2023-06-16T12:11:15.251+0700] {dagbag.py:541} INFO - Filling up the DagBag from /Library/Frameworks/Python.framework/Versions/3.11/lib/python3.11/site-packages/airflow/example_dags/plugins/listener_plugin.py
[2023-06-16T12:11:15.254+0700] {processor.py:838} WARNING - No viable dags retrieved from /Library/Frameworks/Python.framework/Versions/3.11/lib/python3.11/site-packages/airflow/example_dags/plugins/listener_plugin.py
[2023-06-16T12:11:16.292+0700] {processor.py:179} INFO - Processing /Library/Frameworks/Python.framework/Versions/3.11/lib/python3.11/site-packages/airflow/example_dags/plugins/listener_plugin.py took 1.044 seconds
[2023-06-16T12:13:48.387+0700] {processor.py:157} INFO - Started process (PID=98369) to work on /Library/Frameworks/Python.framework/Versions/3.11/lib/python3.11/site-packages/airflow/example_dags/plugins/listener_plugin.py
[2023-06-16T12:13:48.388+0700] {processor.py:826} INFO - Processing file /Library/Frameworks/Python.framework/Versions/3.11/lib/python3.11/site-packages/airflow/example_dags/plugins/listener_plugin.py for tasks to queue
[2023-06-16T12:13:48.389+0700] {logging_mixin.py:149} INFO - [2023-06-16T12:13:48.389+0700] {dagbag.py:541} INFO - Filling up the DagBag from /Library/Frameworks/Python.framework/Versions/3.11/lib/python3.11/site-packages/airflow/example_dags/plugins/listener_plugin.py
[2023-06-16T12:13:48.391+0700] {processor.py:838} WARNING - No viable dags retrieved from /Library/Frameworks/Python.framework/Versions/3.11/lib/python3.11/site-packages/airflow/example_dags/plugins/listener_plugin.py
[2023-06-16T12:13:49.818+0700] {processor.py:179} INFO - Processing /Library/Frameworks/Python.framework/Versions/3.11/lib/python3.11/site-packages/airflow/example_dags/plugins/listener_plugin.py took 1.433 seconds
[2023-06-16T12:16:18.141+0700] {processor.py:157} INFO - Started process (PID=98684) to work on /Library/Frameworks/Python.framework/Versions/3.11/lib/python3.11/site-packages/airflow/example_dags/plugins/listener_plugin.py
[2023-06-16T12:16:18.143+0700] {processor.py:826} INFO - Processing file /Library/Frameworks/Python.framework/Versions/3.11/lib/python3.11/site-packages/airflow/example_dags/plugins/listener_plugin.py for tasks to queue
[2023-06-16T12:16:18.143+0700] {logging_mixin.py:149} INFO - [2023-06-16T12:16:18.143+0700] {dagbag.py:541} INFO - Filling up the DagBag from /Library/Frameworks/Python.framework/Versions/3.11/lib/python3.11/site-packages/airflow/example_dags/plugins/listener_plugin.py
[2023-06-16T12:16:18.149+0700] {processor.py:838} WARNING - No viable dags retrieved from /Library/Frameworks/Python.framework/Versions/3.11/lib/python3.11/site-packages/airflow/example_dags/plugins/listener_plugin.py
[2023-06-16T12:16:19.496+0700] {processor.py:179} INFO - Processing /Library/Frameworks/Python.framework/Versions/3.11/lib/python3.11/site-packages/airflow/example_dags/plugins/listener_plugin.py took 1.356 seconds
[2023-06-16T12:18:48.153+0700] {processor.py:157} INFO - Started process (PID=98975) to work on /Library/Frameworks/Python.framework/Versions/3.11/lib/python3.11/site-packages/airflow/example_dags/plugins/listener_plugin.py
[2023-06-16T12:18:48.154+0700] {processor.py:826} INFO - Processing file /Library/Frameworks/Python.framework/Versions/3.11/lib/python3.11/site-packages/airflow/example_dags/plugins/listener_plugin.py for tasks to queue
[2023-06-16T12:18:48.154+0700] {logging_mixin.py:149} INFO - [2023-06-16T12:18:48.154+0700] {dagbag.py:541} INFO - Filling up the DagBag from /Library/Frameworks/Python.framework/Versions/3.11/lib/python3.11/site-packages/airflow/example_dags/plugins/listener_plugin.py
[2023-06-16T12:18:48.159+0700] {processor.py:838} WARNING - No viable dags retrieved from /Library/Frameworks/Python.framework/Versions/3.11/lib/python3.11/site-packages/airflow/example_dags/plugins/listener_plugin.py
[2023-06-16T12:18:49.392+0700] {processor.py:179} INFO - Processing /Library/Frameworks/Python.framework/Versions/3.11/lib/python3.11/site-packages/airflow/example_dags/plugins/listener_plugin.py took 1.240 seconds
[2023-06-16T12:21:17.213+0700] {processor.py:157} INFO - Started process (PID=99325) to work on /Library/Frameworks/Python.framework/Versions/3.11/lib/python3.11/site-packages/airflow/example_dags/plugins/listener_plugin.py
[2023-06-16T12:21:17.214+0700] {processor.py:826} INFO - Processing file /Library/Frameworks/Python.framework/Versions/3.11/lib/python3.11/site-packages/airflow/example_dags/plugins/listener_plugin.py for tasks to queue
[2023-06-16T12:21:17.215+0700] {logging_mixin.py:149} INFO - [2023-06-16T12:21:17.214+0700] {dagbag.py:541} INFO - Filling up the DagBag from /Library/Frameworks/Python.framework/Versions/3.11/lib/python3.11/site-packages/airflow/example_dags/plugins/listener_plugin.py
[2023-06-16T12:21:17.220+0700] {processor.py:838} WARNING - No viable dags retrieved from /Library/Frameworks/Python.framework/Versions/3.11/lib/python3.11/site-packages/airflow/example_dags/plugins/listener_plugin.py
[2023-06-16T12:21:18.437+0700] {processor.py:179} INFO - Processing /Library/Frameworks/Python.framework/Versions/3.11/lib/python3.11/site-packages/airflow/example_dags/plugins/listener_plugin.py took 1.224 seconds
[2023-06-16T12:24:31.671+0700] {processor.py:157} INFO - Started process (PID=99748) to work on /Library/Frameworks/Python.framework/Versions/3.11/lib/python3.11/site-packages/airflow/example_dags/plugins/listener_plugin.py
[2023-06-16T12:24:31.672+0700] {processor.py:826} INFO - Processing file /Library/Frameworks/Python.framework/Versions/3.11/lib/python3.11/site-packages/airflow/example_dags/plugins/listener_plugin.py for tasks to queue
[2023-06-16T12:24:31.673+0700] {logging_mixin.py:149} INFO - [2023-06-16T12:24:31.673+0700] {dagbag.py:541} INFO - Filling up the DagBag from /Library/Frameworks/Python.framework/Versions/3.11/lib/python3.11/site-packages/airflow/example_dags/plugins/listener_plugin.py
[2023-06-16T12:24:31.675+0700] {processor.py:838} WARNING - No viable dags retrieved from /Library/Frameworks/Python.framework/Versions/3.11/lib/python3.11/site-packages/airflow/example_dags/plugins/listener_plugin.py
[2023-06-16T12:24:32.764+0700] {processor.py:179} INFO - Processing /Library/Frameworks/Python.framework/Versions/3.11/lib/python3.11/site-packages/airflow/example_dags/plugins/listener_plugin.py took 1.093 seconds
[2023-06-16T12:27:17.833+0700] {processor.py:157} INFO - Started process (PID=340) to work on /Library/Frameworks/Python.framework/Versions/3.11/lib/python3.11/site-packages/airflow/example_dags/plugins/listener_plugin.py
[2023-06-16T12:27:17.834+0700] {processor.py:826} INFO - Processing file /Library/Frameworks/Python.framework/Versions/3.11/lib/python3.11/site-packages/airflow/example_dags/plugins/listener_plugin.py for tasks to queue
[2023-06-16T12:27:17.834+0700] {logging_mixin.py:149} INFO - [2023-06-16T12:27:17.834+0700] {dagbag.py:541} INFO - Filling up the DagBag from /Library/Frameworks/Python.framework/Versions/3.11/lib/python3.11/site-packages/airflow/example_dags/plugins/listener_plugin.py
[2023-06-16T12:27:17.837+0700] {processor.py:838} WARNING - No viable dags retrieved from /Library/Frameworks/Python.framework/Versions/3.11/lib/python3.11/site-packages/airflow/example_dags/plugins/listener_plugin.py
[2023-06-16T12:27:19.035+0700] {processor.py:179} INFO - Processing /Library/Frameworks/Python.framework/Versions/3.11/lib/python3.11/site-packages/airflow/example_dags/plugins/listener_plugin.py took 1.203 seconds
[2023-06-16T12:29:51.206+0700] {processor.py:157} INFO - Started process (PID=890) to work on /Library/Frameworks/Python.framework/Versions/3.11/lib/python3.11/site-packages/airflow/example_dags/plugins/listener_plugin.py
[2023-06-16T12:29:51.207+0700] {processor.py:826} INFO - Processing file /Library/Frameworks/Python.framework/Versions/3.11/lib/python3.11/site-packages/airflow/example_dags/plugins/listener_plugin.py for tasks to queue
[2023-06-16T12:29:51.207+0700] {logging_mixin.py:149} INFO - [2023-06-16T12:29:51.207+0700] {dagbag.py:541} INFO - Filling up the DagBag from /Library/Frameworks/Python.framework/Versions/3.11/lib/python3.11/site-packages/airflow/example_dags/plugins/listener_plugin.py
[2023-06-16T12:29:51.210+0700] {processor.py:838} WARNING - No viable dags retrieved from /Library/Frameworks/Python.framework/Versions/3.11/lib/python3.11/site-packages/airflow/example_dags/plugins/listener_plugin.py
[2023-06-16T12:29:52.275+0700] {processor.py:179} INFO - Processing /Library/Frameworks/Python.framework/Versions/3.11/lib/python3.11/site-packages/airflow/example_dags/plugins/listener_plugin.py took 1.070 seconds
[2023-06-16T12:32:31.700+0700] {processor.py:157} INFO - Started process (PID=1269) to work on /Library/Frameworks/Python.framework/Versions/3.11/lib/python3.11/site-packages/airflow/example_dags/plugins/listener_plugin.py
[2023-06-16T12:32:31.701+0700] {processor.py:826} INFO - Processing file /Library/Frameworks/Python.framework/Versions/3.11/lib/python3.11/site-packages/airflow/example_dags/plugins/listener_plugin.py for tasks to queue
[2023-06-16T12:32:31.702+0700] {logging_mixin.py:149} INFO - [2023-06-16T12:32:31.701+0700] {dagbag.py:541} INFO - Filling up the DagBag from /Library/Frameworks/Python.framework/Versions/3.11/lib/python3.11/site-packages/airflow/example_dags/plugins/listener_plugin.py
[2023-06-16T12:32:31.706+0700] {processor.py:838} WARNING - No viable dags retrieved from /Library/Frameworks/Python.framework/Versions/3.11/lib/python3.11/site-packages/airflow/example_dags/plugins/listener_plugin.py
[2023-06-16T12:32:33.574+0700] {processor.py:179} INFO - Processing /Library/Frameworks/Python.framework/Versions/3.11/lib/python3.11/site-packages/airflow/example_dags/plugins/listener_plugin.py took 1.875 seconds
[2023-06-16T12:35:06.124+0700] {processor.py:157} INFO - Started process (PID=1682) to work on /Library/Frameworks/Python.framework/Versions/3.11/lib/python3.11/site-packages/airflow/example_dags/plugins/listener_plugin.py
[2023-06-16T12:35:06.125+0700] {processor.py:826} INFO - Processing file /Library/Frameworks/Python.framework/Versions/3.11/lib/python3.11/site-packages/airflow/example_dags/plugins/listener_plugin.py for tasks to queue
[2023-06-16T12:35:06.125+0700] {logging_mixin.py:149} INFO - [2023-06-16T12:35:06.125+0700] {dagbag.py:541} INFO - Filling up the DagBag from /Library/Frameworks/Python.framework/Versions/3.11/lib/python3.11/site-packages/airflow/example_dags/plugins/listener_plugin.py
[2023-06-16T12:35:06.127+0700] {processor.py:838} WARNING - No viable dags retrieved from /Library/Frameworks/Python.framework/Versions/3.11/lib/python3.11/site-packages/airflow/example_dags/plugins/listener_plugin.py
[2023-06-16T12:35:07.334+0700] {processor.py:179} INFO - Processing /Library/Frameworks/Python.framework/Versions/3.11/lib/python3.11/site-packages/airflow/example_dags/plugins/listener_plugin.py took 1.211 seconds
[2023-06-16T12:37:40.567+0700] {processor.py:157} INFO - Started process (PID=2069) to work on /Library/Frameworks/Python.framework/Versions/3.11/lib/python3.11/site-packages/airflow/example_dags/plugins/listener_plugin.py
[2023-06-16T12:37:40.568+0700] {processor.py:826} INFO - Processing file /Library/Frameworks/Python.framework/Versions/3.11/lib/python3.11/site-packages/airflow/example_dags/plugins/listener_plugin.py for tasks to queue
[2023-06-16T12:37:40.569+0700] {logging_mixin.py:149} INFO - [2023-06-16T12:37:40.568+0700] {dagbag.py:541} INFO - Filling up the DagBag from /Library/Frameworks/Python.framework/Versions/3.11/lib/python3.11/site-packages/airflow/example_dags/plugins/listener_plugin.py
[2023-06-16T12:37:40.571+0700] {processor.py:838} WARNING - No viable dags retrieved from /Library/Frameworks/Python.framework/Versions/3.11/lib/python3.11/site-packages/airflow/example_dags/plugins/listener_plugin.py
[2023-06-16T12:37:41.710+0700] {processor.py:179} INFO - Processing /Library/Frameworks/Python.framework/Versions/3.11/lib/python3.11/site-packages/airflow/example_dags/plugins/listener_plugin.py took 1.144 seconds
[2023-06-16T12:40:55.561+0700] {processor.py:157} INFO - Started process (PID=2528) to work on /Library/Frameworks/Python.framework/Versions/3.11/lib/python3.11/site-packages/airflow/example_dags/plugins/listener_plugin.py
[2023-06-16T12:40:55.563+0700] {processor.py:826} INFO - Processing file /Library/Frameworks/Python.framework/Versions/3.11/lib/python3.11/site-packages/airflow/example_dags/plugins/listener_plugin.py for tasks to queue
[2023-06-16T12:40:55.563+0700] {logging_mixin.py:149} INFO - [2023-06-16T12:40:55.563+0700] {dagbag.py:541} INFO - Filling up the DagBag from /Library/Frameworks/Python.framework/Versions/3.11/lib/python3.11/site-packages/airflow/example_dags/plugins/listener_plugin.py
[2023-06-16T12:40:55.566+0700] {processor.py:838} WARNING - No viable dags retrieved from /Library/Frameworks/Python.framework/Versions/3.11/lib/python3.11/site-packages/airflow/example_dags/plugins/listener_plugin.py
[2023-06-16T12:40:56.702+0700] {processor.py:179} INFO - Processing /Library/Frameworks/Python.framework/Versions/3.11/lib/python3.11/site-packages/airflow/example_dags/plugins/listener_plugin.py took 1.143 seconds
[2023-06-16T12:43:54.689+0700] {processor.py:157} INFO - Started process (PID=2982) to work on /Library/Frameworks/Python.framework/Versions/3.11/lib/python3.11/site-packages/airflow/example_dags/plugins/listener_plugin.py
[2023-06-16T12:43:54.691+0700] {processor.py:826} INFO - Processing file /Library/Frameworks/Python.framework/Versions/3.11/lib/python3.11/site-packages/airflow/example_dags/plugins/listener_plugin.py for tasks to queue
[2023-06-16T12:43:54.692+0700] {logging_mixin.py:149} INFO - [2023-06-16T12:43:54.691+0700] {dagbag.py:541} INFO - Filling up the DagBag from /Library/Frameworks/Python.framework/Versions/3.11/lib/python3.11/site-packages/airflow/example_dags/plugins/listener_plugin.py
[2023-06-16T12:43:54.694+0700] {processor.py:838} WARNING - No viable dags retrieved from /Library/Frameworks/Python.framework/Versions/3.11/lib/python3.11/site-packages/airflow/example_dags/plugins/listener_plugin.py
[2023-06-16T12:43:55.967+0700] {processor.py:179} INFO - Processing /Library/Frameworks/Python.framework/Versions/3.11/lib/python3.11/site-packages/airflow/example_dags/plugins/listener_plugin.py took 1.279 seconds
[2023-06-16T12:47:09.465+0700] {processor.py:157} INFO - Started process (PID=3499) to work on /Library/Frameworks/Python.framework/Versions/3.11/lib/python3.11/site-packages/airflow/example_dags/plugins/listener_plugin.py
[2023-06-16T12:47:09.467+0700] {processor.py:826} INFO - Processing file /Library/Frameworks/Python.framework/Versions/3.11/lib/python3.11/site-packages/airflow/example_dags/plugins/listener_plugin.py for tasks to queue
[2023-06-16T12:47:09.468+0700] {logging_mixin.py:149} INFO - [2023-06-16T12:47:09.467+0700] {dagbag.py:541} INFO - Filling up the DagBag from /Library/Frameworks/Python.framework/Versions/3.11/lib/python3.11/site-packages/airflow/example_dags/plugins/listener_plugin.py
[2023-06-16T12:47:09.471+0700] {processor.py:838} WARNING - No viable dags retrieved from /Library/Frameworks/Python.framework/Versions/3.11/lib/python3.11/site-packages/airflow/example_dags/plugins/listener_plugin.py
[2023-06-16T12:47:10.780+0700] {processor.py:179} INFO - Processing /Library/Frameworks/Python.framework/Versions/3.11/lib/python3.11/site-packages/airflow/example_dags/plugins/listener_plugin.py took 1.316 seconds
[2023-06-16T12:50:13.838+0700] {processor.py:157} INFO - Started process (PID=3902) to work on /Library/Frameworks/Python.framework/Versions/3.11/lib/python3.11/site-packages/airflow/example_dags/plugins/listener_plugin.py
[2023-06-16T12:50:13.840+0700] {processor.py:826} INFO - Processing file /Library/Frameworks/Python.framework/Versions/3.11/lib/python3.11/site-packages/airflow/example_dags/plugins/listener_plugin.py for tasks to queue
[2023-06-16T12:50:13.840+0700] {logging_mixin.py:149} INFO - [2023-06-16T12:50:13.840+0700] {dagbag.py:541} INFO - Filling up the DagBag from /Library/Frameworks/Python.framework/Versions/3.11/lib/python3.11/site-packages/airflow/example_dags/plugins/listener_plugin.py
[2023-06-16T12:50:13.844+0700] {processor.py:838} WARNING - No viable dags retrieved from /Library/Frameworks/Python.framework/Versions/3.11/lib/python3.11/site-packages/airflow/example_dags/plugins/listener_plugin.py
[2023-06-16T12:50:15.211+0700] {processor.py:179} INFO - Processing /Library/Frameworks/Python.framework/Versions/3.11/lib/python3.11/site-packages/airflow/example_dags/plugins/listener_plugin.py took 1.374 seconds
[2023-06-16T12:52:45.659+0700] {processor.py:157} INFO - Started process (PID=4219) to work on /Library/Frameworks/Python.framework/Versions/3.11/lib/python3.11/site-packages/airflow/example_dags/plugins/listener_plugin.py
[2023-06-16T12:52:45.660+0700] {processor.py:826} INFO - Processing file /Library/Frameworks/Python.framework/Versions/3.11/lib/python3.11/site-packages/airflow/example_dags/plugins/listener_plugin.py for tasks to queue
[2023-06-16T12:52:45.661+0700] {logging_mixin.py:149} INFO - [2023-06-16T12:52:45.660+0700] {dagbag.py:541} INFO - Filling up the DagBag from /Library/Frameworks/Python.framework/Versions/3.11/lib/python3.11/site-packages/airflow/example_dags/plugins/listener_plugin.py
[2023-06-16T12:52:45.665+0700] {processor.py:838} WARNING - No viable dags retrieved from /Library/Frameworks/Python.framework/Versions/3.11/lib/python3.11/site-packages/airflow/example_dags/plugins/listener_plugin.py
[2023-06-16T12:52:47.215+0700] {processor.py:179} INFO - Processing /Library/Frameworks/Python.framework/Versions/3.11/lib/python3.11/site-packages/airflow/example_dags/plugins/listener_plugin.py took 1.557 seconds
[2023-06-16T12:55:21.710+0700] {processor.py:157} INFO - Started process (PID=4606) to work on /Library/Frameworks/Python.framework/Versions/3.11/lib/python3.11/site-packages/airflow/example_dags/plugins/listener_plugin.py
[2023-06-16T12:55:21.712+0700] {processor.py:826} INFO - Processing file /Library/Frameworks/Python.framework/Versions/3.11/lib/python3.11/site-packages/airflow/example_dags/plugins/listener_plugin.py for tasks to queue
[2023-06-16T12:55:21.712+0700] {logging_mixin.py:149} INFO - [2023-06-16T12:55:21.712+0700] {dagbag.py:541} INFO - Filling up the DagBag from /Library/Frameworks/Python.framework/Versions/3.11/lib/python3.11/site-packages/airflow/example_dags/plugins/listener_plugin.py
[2023-06-16T12:55:21.726+0700] {processor.py:838} WARNING - No viable dags retrieved from /Library/Frameworks/Python.framework/Versions/3.11/lib/python3.11/site-packages/airflow/example_dags/plugins/listener_plugin.py
[2023-06-16T12:55:23.238+0700] {processor.py:179} INFO - Processing /Library/Frameworks/Python.framework/Versions/3.11/lib/python3.11/site-packages/airflow/example_dags/plugins/listener_plugin.py took 1.529 seconds
[2023-06-16T12:57:56.307+0700] {processor.py:157} INFO - Started process (PID=4962) to work on /Library/Frameworks/Python.framework/Versions/3.11/lib/python3.11/site-packages/airflow/example_dags/plugins/listener_plugin.py
[2023-06-16T12:57:56.307+0700] {processor.py:826} INFO - Processing file /Library/Frameworks/Python.framework/Versions/3.11/lib/python3.11/site-packages/airflow/example_dags/plugins/listener_plugin.py for tasks to queue
[2023-06-16T12:57:56.308+0700] {logging_mixin.py:149} INFO - [2023-06-16T12:57:56.308+0700] {dagbag.py:541} INFO - Filling up the DagBag from /Library/Frameworks/Python.framework/Versions/3.11/lib/python3.11/site-packages/airflow/example_dags/plugins/listener_plugin.py
[2023-06-16T12:57:56.311+0700] {processor.py:838} WARNING - No viable dags retrieved from /Library/Frameworks/Python.framework/Versions/3.11/lib/python3.11/site-packages/airflow/example_dags/plugins/listener_plugin.py
[2023-06-16T12:57:57.539+0700] {processor.py:179} INFO - Processing /Library/Frameworks/Python.framework/Versions/3.11/lib/python3.11/site-packages/airflow/example_dags/plugins/listener_plugin.py took 1.233 seconds
[2023-06-16T13:00:36.627+0700] {processor.py:157} INFO - Started process (PID=5400) to work on /Library/Frameworks/Python.framework/Versions/3.11/lib/python3.11/site-packages/airflow/example_dags/plugins/listener_plugin.py
[2023-06-16T13:00:36.628+0700] {processor.py:826} INFO - Processing file /Library/Frameworks/Python.framework/Versions/3.11/lib/python3.11/site-packages/airflow/example_dags/plugins/listener_plugin.py for tasks to queue
[2023-06-16T13:00:36.628+0700] {logging_mixin.py:149} INFO - [2023-06-16T13:00:36.628+0700] {dagbag.py:541} INFO - Filling up the DagBag from /Library/Frameworks/Python.framework/Versions/3.11/lib/python3.11/site-packages/airflow/example_dags/plugins/listener_plugin.py
[2023-06-16T13:00:36.631+0700] {processor.py:838} WARNING - No viable dags retrieved from /Library/Frameworks/Python.framework/Versions/3.11/lib/python3.11/site-packages/airflow/example_dags/plugins/listener_plugin.py
[2023-06-16T13:00:37.711+0700] {processor.py:179} INFO - Processing /Library/Frameworks/Python.framework/Versions/3.11/lib/python3.11/site-packages/airflow/example_dags/plugins/listener_plugin.py took 1.085 seconds
[2023-06-16T13:03:33.636+0700] {processor.py:157} INFO - Started process (PID=5842) to work on /Library/Frameworks/Python.framework/Versions/3.11/lib/python3.11/site-packages/airflow/example_dags/plugins/listener_plugin.py
[2023-06-16T13:03:33.638+0700] {processor.py:826} INFO - Processing file /Library/Frameworks/Python.framework/Versions/3.11/lib/python3.11/site-packages/airflow/example_dags/plugins/listener_plugin.py for tasks to queue
[2023-06-16T13:03:33.638+0700] {logging_mixin.py:149} INFO - [2023-06-16T13:03:33.638+0700] {dagbag.py:541} INFO - Filling up the DagBag from /Library/Frameworks/Python.framework/Versions/3.11/lib/python3.11/site-packages/airflow/example_dags/plugins/listener_plugin.py
[2023-06-16T13:03:33.641+0700] {processor.py:838} WARNING - No viable dags retrieved from /Library/Frameworks/Python.framework/Versions/3.11/lib/python3.11/site-packages/airflow/example_dags/plugins/listener_plugin.py
[2023-06-16T13:03:34.790+0700] {processor.py:179} INFO - Processing /Library/Frameworks/Python.framework/Versions/3.11/lib/python3.11/site-packages/airflow/example_dags/plugins/listener_plugin.py took 1.155 seconds
[2023-06-16T13:06:11.404+0700] {processor.py:157} INFO - Started process (PID=6185) to work on /Library/Frameworks/Python.framework/Versions/3.11/lib/python3.11/site-packages/airflow/example_dags/plugins/listener_plugin.py
[2023-06-16T13:06:11.406+0700] {processor.py:826} INFO - Processing file /Library/Frameworks/Python.framework/Versions/3.11/lib/python3.11/site-packages/airflow/example_dags/plugins/listener_plugin.py for tasks to queue
[2023-06-16T13:06:11.407+0700] {logging_mixin.py:149} INFO - [2023-06-16T13:06:11.407+0700] {dagbag.py:541} INFO - Filling up the DagBag from /Library/Frameworks/Python.framework/Versions/3.11/lib/python3.11/site-packages/airflow/example_dags/plugins/listener_plugin.py
[2023-06-16T13:06:11.411+0700] {processor.py:838} WARNING - No viable dags retrieved from /Library/Frameworks/Python.framework/Versions/3.11/lib/python3.11/site-packages/airflow/example_dags/plugins/listener_plugin.py
[2023-06-16T13:06:12.643+0700] {processor.py:179} INFO - Processing /Library/Frameworks/Python.framework/Versions/3.11/lib/python3.11/site-packages/airflow/example_dags/plugins/listener_plugin.py took 1.239 seconds
[2023-06-16T13:08:48.764+0700] {processor.py:157} INFO - Started process (PID=6553) to work on /Library/Frameworks/Python.framework/Versions/3.11/lib/python3.11/site-packages/airflow/example_dags/plugins/listener_plugin.py
[2023-06-16T13:08:48.765+0700] {processor.py:826} INFO - Processing file /Library/Frameworks/Python.framework/Versions/3.11/lib/python3.11/site-packages/airflow/example_dags/plugins/listener_plugin.py for tasks to queue
[2023-06-16T13:08:48.765+0700] {logging_mixin.py:149} INFO - [2023-06-16T13:08:48.765+0700] {dagbag.py:541} INFO - Filling up the DagBag from /Library/Frameworks/Python.framework/Versions/3.11/lib/python3.11/site-packages/airflow/example_dags/plugins/listener_plugin.py
[2023-06-16T13:08:48.768+0700] {processor.py:838} WARNING - No viable dags retrieved from /Library/Frameworks/Python.framework/Versions/3.11/lib/python3.11/site-packages/airflow/example_dags/plugins/listener_plugin.py
[2023-06-16T13:08:50.194+0700] {processor.py:179} INFO - Processing /Library/Frameworks/Python.framework/Versions/3.11/lib/python3.11/site-packages/airflow/example_dags/plugins/listener_plugin.py took 1.431 seconds
[2023-06-16T13:11:22.452+0700] {processor.py:157} INFO - Started process (PID=7001) to work on /Library/Frameworks/Python.framework/Versions/3.11/lib/python3.11/site-packages/airflow/example_dags/plugins/listener_plugin.py
[2023-06-16T13:11:22.453+0700] {processor.py:826} INFO - Processing file /Library/Frameworks/Python.framework/Versions/3.11/lib/python3.11/site-packages/airflow/example_dags/plugins/listener_plugin.py for tasks to queue
[2023-06-16T13:11:22.454+0700] {logging_mixin.py:149} INFO - [2023-06-16T13:11:22.453+0700] {dagbag.py:541} INFO - Filling up the DagBag from /Library/Frameworks/Python.framework/Versions/3.11/lib/python3.11/site-packages/airflow/example_dags/plugins/listener_plugin.py
[2023-06-16T13:11:22.456+0700] {processor.py:838} WARNING - No viable dags retrieved from /Library/Frameworks/Python.framework/Versions/3.11/lib/python3.11/site-packages/airflow/example_dags/plugins/listener_plugin.py
[2023-06-16T13:11:23.455+0700] {processor.py:179} INFO - Processing /Library/Frameworks/Python.framework/Versions/3.11/lib/python3.11/site-packages/airflow/example_dags/plugins/listener_plugin.py took 1.004 seconds
[2023-06-16T13:14:12.198+0700] {processor.py:157} INFO - Started process (PID=7391) to work on /Library/Frameworks/Python.framework/Versions/3.11/lib/python3.11/site-packages/airflow/example_dags/plugins/listener_plugin.py
[2023-06-16T13:14:12.199+0700] {processor.py:826} INFO - Processing file /Library/Frameworks/Python.framework/Versions/3.11/lib/python3.11/site-packages/airflow/example_dags/plugins/listener_plugin.py for tasks to queue
[2023-06-16T13:14:12.200+0700] {logging_mixin.py:149} INFO - [2023-06-16T13:14:12.200+0700] {dagbag.py:541} INFO - Filling up the DagBag from /Library/Frameworks/Python.framework/Versions/3.11/lib/python3.11/site-packages/airflow/example_dags/plugins/listener_plugin.py
[2023-06-16T13:14:12.202+0700] {processor.py:838} WARNING - No viable dags retrieved from /Library/Frameworks/Python.framework/Versions/3.11/lib/python3.11/site-packages/airflow/example_dags/plugins/listener_plugin.py
[2023-06-16T13:14:13.271+0700] {processor.py:179} INFO - Processing /Library/Frameworks/Python.framework/Versions/3.11/lib/python3.11/site-packages/airflow/example_dags/plugins/listener_plugin.py took 1.074 seconds
[2023-06-16T13:17:25.516+0700] {processor.py:157} INFO - Started process (PID=7877) to work on /Library/Frameworks/Python.framework/Versions/3.11/lib/python3.11/site-packages/airflow/example_dags/plugins/listener_plugin.py
[2023-06-16T13:17:25.529+0700] {processor.py:826} INFO - Processing file /Library/Frameworks/Python.framework/Versions/3.11/lib/python3.11/site-packages/airflow/example_dags/plugins/listener_plugin.py for tasks to queue
[2023-06-16T13:17:25.531+0700] {logging_mixin.py:149} INFO - [2023-06-16T13:17:25.531+0700] {dagbag.py:541} INFO - Filling up the DagBag from /Library/Frameworks/Python.framework/Versions/3.11/lib/python3.11/site-packages/airflow/example_dags/plugins/listener_plugin.py
[2023-06-16T13:17:25.543+0700] {processor.py:838} WARNING - No viable dags retrieved from /Library/Frameworks/Python.framework/Versions/3.11/lib/python3.11/site-packages/airflow/example_dags/plugins/listener_plugin.py
[2023-06-16T13:17:26.918+0700] {processor.py:179} INFO - Processing /Library/Frameworks/Python.framework/Versions/3.11/lib/python3.11/site-packages/airflow/example_dags/plugins/listener_plugin.py took 1.404 seconds
[2023-06-16T13:20:28.963+0700] {processor.py:157} INFO - Started process (PID=8288) to work on /Library/Frameworks/Python.framework/Versions/3.11/lib/python3.11/site-packages/airflow/example_dags/plugins/listener_plugin.py
[2023-06-16T13:20:28.964+0700] {processor.py:826} INFO - Processing file /Library/Frameworks/Python.framework/Versions/3.11/lib/python3.11/site-packages/airflow/example_dags/plugins/listener_plugin.py for tasks to queue
[2023-06-16T13:20:28.965+0700] {logging_mixin.py:149} INFO - [2023-06-16T13:20:28.964+0700] {dagbag.py:541} INFO - Filling up the DagBag from /Library/Frameworks/Python.framework/Versions/3.11/lib/python3.11/site-packages/airflow/example_dags/plugins/listener_plugin.py
[2023-06-16T13:20:28.968+0700] {processor.py:838} WARNING - No viable dags retrieved from /Library/Frameworks/Python.framework/Versions/3.11/lib/python3.11/site-packages/airflow/example_dags/plugins/listener_plugin.py
[2023-06-16T13:20:30.094+0700] {processor.py:179} INFO - Processing /Library/Frameworks/Python.framework/Versions/3.11/lib/python3.11/site-packages/airflow/example_dags/plugins/listener_plugin.py took 1.132 seconds
[2023-06-16T13:23:21.399+0700] {processor.py:157} INFO - Started process (PID=8610) to work on /Library/Frameworks/Python.framework/Versions/3.11/lib/python3.11/site-packages/airflow/example_dags/plugins/listener_plugin.py
[2023-06-16T13:23:21.400+0700] {processor.py:826} INFO - Processing file /Library/Frameworks/Python.framework/Versions/3.11/lib/python3.11/site-packages/airflow/example_dags/plugins/listener_plugin.py for tasks to queue
[2023-06-16T13:23:21.400+0700] {logging_mixin.py:149} INFO - [2023-06-16T13:23:21.400+0700] {dagbag.py:541} INFO - Filling up the DagBag from /Library/Frameworks/Python.framework/Versions/3.11/lib/python3.11/site-packages/airflow/example_dags/plugins/listener_plugin.py
[2023-06-16T13:23:21.405+0700] {processor.py:838} WARNING - No viable dags retrieved from /Library/Frameworks/Python.framework/Versions/3.11/lib/python3.11/site-packages/airflow/example_dags/plugins/listener_plugin.py
[2023-06-16T13:23:22.464+0700] {processor.py:179} INFO - Processing /Library/Frameworks/Python.framework/Versions/3.11/lib/python3.11/site-packages/airflow/example_dags/plugins/listener_plugin.py took 1.067 seconds
[2023-06-16T13:25:40.157+0700] {processor.py:157} INFO - Started process (PID=8955) to work on /Library/Frameworks/Python.framework/Versions/3.11/lib/python3.11/site-packages/airflow/example_dags/plugins/listener_plugin.py
[2023-06-16T13:25:40.158+0700] {processor.py:826} INFO - Processing file /Library/Frameworks/Python.framework/Versions/3.11/lib/python3.11/site-packages/airflow/example_dags/plugins/listener_plugin.py for tasks to queue
[2023-06-16T13:25:40.158+0700] {logging_mixin.py:149} INFO - [2023-06-16T13:25:40.158+0700] {dagbag.py:541} INFO - Filling up the DagBag from /Library/Frameworks/Python.framework/Versions/3.11/lib/python3.11/site-packages/airflow/example_dags/plugins/listener_plugin.py
[2023-06-16T13:25:40.160+0700] {processor.py:838} WARNING - No viable dags retrieved from /Library/Frameworks/Python.framework/Versions/3.11/lib/python3.11/site-packages/airflow/example_dags/plugins/listener_plugin.py
[2023-06-16T13:25:41.121+0700] {processor.py:179} INFO - Processing /Library/Frameworks/Python.framework/Versions/3.11/lib/python3.11/site-packages/airflow/example_dags/plugins/listener_plugin.py took 0.966 seconds
[2023-06-16T13:28:10.445+0700] {processor.py:157} INFO - Started process (PID=9231) to work on /Library/Frameworks/Python.framework/Versions/3.11/lib/python3.11/site-packages/airflow/example_dags/plugins/listener_plugin.py
[2023-06-16T13:28:10.446+0700] {processor.py:826} INFO - Processing file /Library/Frameworks/Python.framework/Versions/3.11/lib/python3.11/site-packages/airflow/example_dags/plugins/listener_plugin.py for tasks to queue
[2023-06-16T13:28:10.447+0700] {logging_mixin.py:149} INFO - [2023-06-16T13:28:10.447+0700] {dagbag.py:541} INFO - Filling up the DagBag from /Library/Frameworks/Python.framework/Versions/3.11/lib/python3.11/site-packages/airflow/example_dags/plugins/listener_plugin.py
[2023-06-16T13:28:10.452+0700] {processor.py:838} WARNING - No viable dags retrieved from /Library/Frameworks/Python.framework/Versions/3.11/lib/python3.11/site-packages/airflow/example_dags/plugins/listener_plugin.py
[2023-06-16T13:28:11.561+0700] {processor.py:179} INFO - Processing /Library/Frameworks/Python.framework/Versions/3.11/lib/python3.11/site-packages/airflow/example_dags/plugins/listener_plugin.py took 1.118 seconds
[2023-06-16T13:30:39.276+0700] {processor.py:157} INFO - Started process (PID=9651) to work on /Library/Frameworks/Python.framework/Versions/3.11/lib/python3.11/site-packages/airflow/example_dags/plugins/listener_plugin.py
[2023-06-16T13:30:39.277+0700] {processor.py:826} INFO - Processing file /Library/Frameworks/Python.framework/Versions/3.11/lib/python3.11/site-packages/airflow/example_dags/plugins/listener_plugin.py for tasks to queue
[2023-06-16T13:30:39.278+0700] {logging_mixin.py:149} INFO - [2023-06-16T13:30:39.278+0700] {dagbag.py:541} INFO - Filling up the DagBag from /Library/Frameworks/Python.framework/Versions/3.11/lib/python3.11/site-packages/airflow/example_dags/plugins/listener_plugin.py
[2023-06-16T13:30:39.280+0700] {processor.py:838} WARNING - No viable dags retrieved from /Library/Frameworks/Python.framework/Versions/3.11/lib/python3.11/site-packages/airflow/example_dags/plugins/listener_plugin.py
[2023-06-16T13:30:40.438+0700] {processor.py:179} INFO - Processing /Library/Frameworks/Python.framework/Versions/3.11/lib/python3.11/site-packages/airflow/example_dags/plugins/listener_plugin.py took 1.164 seconds
[2023-06-16T13:33:12.575+0700] {processor.py:157} INFO - Started process (PID=10156) to work on /Library/Frameworks/Python.framework/Versions/3.11/lib/python3.11/site-packages/airflow/example_dags/plugins/listener_plugin.py
[2023-06-16T13:33:12.576+0700] {processor.py:826} INFO - Processing file /Library/Frameworks/Python.framework/Versions/3.11/lib/python3.11/site-packages/airflow/example_dags/plugins/listener_plugin.py for tasks to queue
[2023-06-16T13:33:12.576+0700] {logging_mixin.py:149} INFO - [2023-06-16T13:33:12.576+0700] {dagbag.py:541} INFO - Filling up the DagBag from /Library/Frameworks/Python.framework/Versions/3.11/lib/python3.11/site-packages/airflow/example_dags/plugins/listener_plugin.py
[2023-06-16T13:33:12.582+0700] {processor.py:838} WARNING - No viable dags retrieved from /Library/Frameworks/Python.framework/Versions/3.11/lib/python3.11/site-packages/airflow/example_dags/plugins/listener_plugin.py
[2023-06-16T13:33:13.668+0700] {processor.py:179} INFO - Processing /Library/Frameworks/Python.framework/Versions/3.11/lib/python3.11/site-packages/airflow/example_dags/plugins/listener_plugin.py took 1.095 seconds
[2023-06-16T13:36:07.640+0700] {processor.py:157} INFO - Started process (PID=10579) to work on /Library/Frameworks/Python.framework/Versions/3.11/lib/python3.11/site-packages/airflow/example_dags/plugins/listener_plugin.py
[2023-06-16T13:36:07.642+0700] {processor.py:826} INFO - Processing file /Library/Frameworks/Python.framework/Versions/3.11/lib/python3.11/site-packages/airflow/example_dags/plugins/listener_plugin.py for tasks to queue
[2023-06-16T13:36:07.642+0700] {logging_mixin.py:149} INFO - [2023-06-16T13:36:07.642+0700] {dagbag.py:541} INFO - Filling up the DagBag from /Library/Frameworks/Python.framework/Versions/3.11/lib/python3.11/site-packages/airflow/example_dags/plugins/listener_plugin.py
[2023-06-16T13:36:07.644+0700] {processor.py:838} WARNING - No viable dags retrieved from /Library/Frameworks/Python.framework/Versions/3.11/lib/python3.11/site-packages/airflow/example_dags/plugins/listener_plugin.py
[2023-06-16T13:36:08.599+0700] {processor.py:179} INFO - Processing /Library/Frameworks/Python.framework/Versions/3.11/lib/python3.11/site-packages/airflow/example_dags/plugins/listener_plugin.py took 0.959 seconds
[2023-06-16T13:38:50.252+0700] {processor.py:157} INFO - Started process (PID=10953) to work on /Library/Frameworks/Python.framework/Versions/3.11/lib/python3.11/site-packages/airflow/example_dags/plugins/listener_plugin.py
[2023-06-16T13:38:50.253+0700] {processor.py:826} INFO - Processing file /Library/Frameworks/Python.framework/Versions/3.11/lib/python3.11/site-packages/airflow/example_dags/plugins/listener_plugin.py for tasks to queue
[2023-06-16T13:38:50.254+0700] {logging_mixin.py:149} INFO - [2023-06-16T13:38:50.254+0700] {dagbag.py:541} INFO - Filling up the DagBag from /Library/Frameworks/Python.framework/Versions/3.11/lib/python3.11/site-packages/airflow/example_dags/plugins/listener_plugin.py
[2023-06-16T13:38:50.257+0700] {processor.py:838} WARNING - No viable dags retrieved from /Library/Frameworks/Python.framework/Versions/3.11/lib/python3.11/site-packages/airflow/example_dags/plugins/listener_plugin.py
[2023-06-16T13:38:51.484+0700] {processor.py:179} INFO - Processing /Library/Frameworks/Python.framework/Versions/3.11/lib/python3.11/site-packages/airflow/example_dags/plugins/listener_plugin.py took 1.233 seconds
[2023-06-16T13:41:21.908+0700] {processor.py:157} INFO - Started process (PID=11267) to work on /Library/Frameworks/Python.framework/Versions/3.11/lib/python3.11/site-packages/airflow/example_dags/plugins/listener_plugin.py
[2023-06-16T13:41:21.909+0700] {processor.py:826} INFO - Processing file /Library/Frameworks/Python.framework/Versions/3.11/lib/python3.11/site-packages/airflow/example_dags/plugins/listener_plugin.py for tasks to queue
[2023-06-16T13:41:21.910+0700] {logging_mixin.py:149} INFO - [2023-06-16T13:41:21.910+0700] {dagbag.py:541} INFO - Filling up the DagBag from /Library/Frameworks/Python.framework/Versions/3.11/lib/python3.11/site-packages/airflow/example_dags/plugins/listener_plugin.py
[2023-06-16T13:41:21.913+0700] {processor.py:838} WARNING - No viable dags retrieved from /Library/Frameworks/Python.framework/Versions/3.11/lib/python3.11/site-packages/airflow/example_dags/plugins/listener_plugin.py
[2023-06-16T13:41:23.101+0700] {processor.py:179} INFO - Processing /Library/Frameworks/Python.framework/Versions/3.11/lib/python3.11/site-packages/airflow/example_dags/plugins/listener_plugin.py took 1.194 seconds
[2023-06-16T13:44:06.646+0700] {processor.py:157} INFO - Started process (PID=11595) to work on /Library/Frameworks/Python.framework/Versions/3.11/lib/python3.11/site-packages/airflow/example_dags/plugins/listener_plugin.py
[2023-06-16T13:44:06.648+0700] {processor.py:826} INFO - Processing file /Library/Frameworks/Python.framework/Versions/3.11/lib/python3.11/site-packages/airflow/example_dags/plugins/listener_plugin.py for tasks to queue
[2023-06-16T13:44:06.650+0700] {logging_mixin.py:149} INFO - [2023-06-16T13:44:06.650+0700] {dagbag.py:541} INFO - Filling up the DagBag from /Library/Frameworks/Python.framework/Versions/3.11/lib/python3.11/site-packages/airflow/example_dags/plugins/listener_plugin.py
[2023-06-16T13:44:06.654+0700] {processor.py:838} WARNING - No viable dags retrieved from /Library/Frameworks/Python.framework/Versions/3.11/lib/python3.11/site-packages/airflow/example_dags/plugins/listener_plugin.py
[2023-06-16T13:44:07.670+0700] {processor.py:179} INFO - Processing /Library/Frameworks/Python.framework/Versions/3.11/lib/python3.11/site-packages/airflow/example_dags/plugins/listener_plugin.py took 1.025 seconds
[2023-06-16T13:46:54.081+0700] {processor.py:157} INFO - Started process (PID=11972) to work on /Library/Frameworks/Python.framework/Versions/3.11/lib/python3.11/site-packages/airflow/example_dags/plugins/listener_plugin.py
[2023-06-16T13:46:54.083+0700] {processor.py:826} INFO - Processing file /Library/Frameworks/Python.framework/Versions/3.11/lib/python3.11/site-packages/airflow/example_dags/plugins/listener_plugin.py for tasks to queue
[2023-06-16T13:46:54.083+0700] {logging_mixin.py:149} INFO - [2023-06-16T13:46:54.083+0700] {dagbag.py:541} INFO - Filling up the DagBag from /Library/Frameworks/Python.framework/Versions/3.11/lib/python3.11/site-packages/airflow/example_dags/plugins/listener_plugin.py
[2023-06-16T13:46:54.087+0700] {processor.py:838} WARNING - No viable dags retrieved from /Library/Frameworks/Python.framework/Versions/3.11/lib/python3.11/site-packages/airflow/example_dags/plugins/listener_plugin.py
[2023-06-16T13:46:55.626+0700] {processor.py:179} INFO - Processing /Library/Frameworks/Python.framework/Versions/3.11/lib/python3.11/site-packages/airflow/example_dags/plugins/listener_plugin.py took 1.546 seconds
[2023-06-16T13:50:57.693+0700] {processor.py:157} INFO - Started process (PID=12254) to work on /Library/Frameworks/Python.framework/Versions/3.11/lib/python3.11/site-packages/airflow/example_dags/plugins/listener_plugin.py
[2023-06-16T13:50:57.695+0700] {processor.py:826} INFO - Processing file /Library/Frameworks/Python.framework/Versions/3.11/lib/python3.11/site-packages/airflow/example_dags/plugins/listener_plugin.py for tasks to queue
[2023-06-16T13:50:57.696+0700] {logging_mixin.py:149} INFO - [2023-06-16T13:50:57.695+0700] {dagbag.py:541} INFO - Filling up the DagBag from /Library/Frameworks/Python.framework/Versions/3.11/lib/python3.11/site-packages/airflow/example_dags/plugins/listener_plugin.py
[2023-06-16T13:50:57.698+0700] {processor.py:838} WARNING - No viable dags retrieved from /Library/Frameworks/Python.framework/Versions/3.11/lib/python3.11/site-packages/airflow/example_dags/plugins/listener_plugin.py
[2023-06-16T13:50:58.961+0700] {processor.py:179} INFO - Processing /Library/Frameworks/Python.framework/Versions/3.11/lib/python3.11/site-packages/airflow/example_dags/plugins/listener_plugin.py took 1.268 seconds
[2023-06-16T13:53:45.448+0700] {processor.py:157} INFO - Started process (PID=12670) to work on /Library/Frameworks/Python.framework/Versions/3.11/lib/python3.11/site-packages/airflow/example_dags/plugins/listener_plugin.py
[2023-06-16T13:53:45.450+0700] {processor.py:826} INFO - Processing file /Library/Frameworks/Python.framework/Versions/3.11/lib/python3.11/site-packages/airflow/example_dags/plugins/listener_plugin.py for tasks to queue
[2023-06-16T13:53:45.451+0700] {logging_mixin.py:149} INFO - [2023-06-16T13:53:45.451+0700] {dagbag.py:541} INFO - Filling up the DagBag from /Library/Frameworks/Python.framework/Versions/3.11/lib/python3.11/site-packages/airflow/example_dags/plugins/listener_plugin.py
[2023-06-16T13:53:45.455+0700] {processor.py:838} WARNING - No viable dags retrieved from /Library/Frameworks/Python.framework/Versions/3.11/lib/python3.11/site-packages/airflow/example_dags/plugins/listener_plugin.py
[2023-06-16T13:53:46.695+0700] {processor.py:179} INFO - Processing /Library/Frameworks/Python.framework/Versions/3.11/lib/python3.11/site-packages/airflow/example_dags/plugins/listener_plugin.py took 1.249 seconds
[2023-06-16T13:56:28.599+0700] {processor.py:157} INFO - Started process (PID=13082) to work on /Library/Frameworks/Python.framework/Versions/3.11/lib/python3.11/site-packages/airflow/example_dags/plugins/listener_plugin.py
[2023-06-16T13:56:28.599+0700] {processor.py:826} INFO - Processing file /Library/Frameworks/Python.framework/Versions/3.11/lib/python3.11/site-packages/airflow/example_dags/plugins/listener_plugin.py for tasks to queue
[2023-06-16T13:56:28.600+0700] {logging_mixin.py:149} INFO - [2023-06-16T13:56:28.600+0700] {dagbag.py:541} INFO - Filling up the DagBag from /Library/Frameworks/Python.framework/Versions/3.11/lib/python3.11/site-packages/airflow/example_dags/plugins/listener_plugin.py
[2023-06-16T13:56:28.602+0700] {processor.py:838} WARNING - No viable dags retrieved from /Library/Frameworks/Python.framework/Versions/3.11/lib/python3.11/site-packages/airflow/example_dags/plugins/listener_plugin.py
[2023-06-16T13:56:29.554+0700] {processor.py:179} INFO - Processing /Library/Frameworks/Python.framework/Versions/3.11/lib/python3.11/site-packages/airflow/example_dags/plugins/listener_plugin.py took 0.956 seconds
[2023-06-16T13:59:07.729+0700] {processor.py:157} INFO - Started process (PID=13413) to work on /Library/Frameworks/Python.framework/Versions/3.11/lib/python3.11/site-packages/airflow/example_dags/plugins/listener_plugin.py
[2023-06-16T13:59:07.730+0700] {processor.py:826} INFO - Processing file /Library/Frameworks/Python.framework/Versions/3.11/lib/python3.11/site-packages/airflow/example_dags/plugins/listener_plugin.py for tasks to queue
[2023-06-16T13:59:07.730+0700] {logging_mixin.py:149} INFO - [2023-06-16T13:59:07.730+0700] {dagbag.py:541} INFO - Filling up the DagBag from /Library/Frameworks/Python.framework/Versions/3.11/lib/python3.11/site-packages/airflow/example_dags/plugins/listener_plugin.py
[2023-06-16T13:59:07.732+0700] {processor.py:838} WARNING - No viable dags retrieved from /Library/Frameworks/Python.framework/Versions/3.11/lib/python3.11/site-packages/airflow/example_dags/plugins/listener_plugin.py
[2023-06-16T13:59:08.910+0700] {processor.py:179} INFO - Processing /Library/Frameworks/Python.framework/Versions/3.11/lib/python3.11/site-packages/airflow/example_dags/plugins/listener_plugin.py took 1.182 seconds
[2023-06-16T14:01:38.659+0700] {processor.py:157} INFO - Started process (PID=13694) to work on /Library/Frameworks/Python.framework/Versions/3.11/lib/python3.11/site-packages/airflow/example_dags/plugins/listener_plugin.py
[2023-06-16T14:01:38.660+0700] {processor.py:826} INFO - Processing file /Library/Frameworks/Python.framework/Versions/3.11/lib/python3.11/site-packages/airflow/example_dags/plugins/listener_plugin.py for tasks to queue
[2023-06-16T14:01:38.660+0700] {logging_mixin.py:149} INFO - [2023-06-16T14:01:38.660+0700] {dagbag.py:541} INFO - Filling up the DagBag from /Library/Frameworks/Python.framework/Versions/3.11/lib/python3.11/site-packages/airflow/example_dags/plugins/listener_plugin.py
[2023-06-16T14:01:38.664+0700] {processor.py:838} WARNING - No viable dags retrieved from /Library/Frameworks/Python.framework/Versions/3.11/lib/python3.11/site-packages/airflow/example_dags/plugins/listener_plugin.py
[2023-06-16T14:01:39.900+0700] {processor.py:179} INFO - Processing /Library/Frameworks/Python.framework/Versions/3.11/lib/python3.11/site-packages/airflow/example_dags/plugins/listener_plugin.py took 1.242 seconds
[2023-06-16T14:04:02.107+0700] {processor.py:157} INFO - Started process (PID=13977) to work on /Library/Frameworks/Python.framework/Versions/3.11/lib/python3.11/site-packages/airflow/example_dags/plugins/listener_plugin.py
[2023-06-16T14:04:02.107+0700] {processor.py:826} INFO - Processing file /Library/Frameworks/Python.framework/Versions/3.11/lib/python3.11/site-packages/airflow/example_dags/plugins/listener_plugin.py for tasks to queue
[2023-06-16T14:04:02.108+0700] {logging_mixin.py:149} INFO - [2023-06-16T14:04:02.107+0700] {dagbag.py:541} INFO - Filling up the DagBag from /Library/Frameworks/Python.framework/Versions/3.11/lib/python3.11/site-packages/airflow/example_dags/plugins/listener_plugin.py
[2023-06-16T14:04:02.109+0700] {processor.py:838} WARNING - No viable dags retrieved from /Library/Frameworks/Python.framework/Versions/3.11/lib/python3.11/site-packages/airflow/example_dags/plugins/listener_plugin.py
[2023-06-16T14:04:03.063+0700] {processor.py:179} INFO - Processing /Library/Frameworks/Python.framework/Versions/3.11/lib/python3.11/site-packages/airflow/example_dags/plugins/listener_plugin.py took 0.957 seconds
[2023-06-16T14:06:46.444+0700] {processor.py:157} INFO - Started process (PID=14401) to work on /Library/Frameworks/Python.framework/Versions/3.11/lib/python3.11/site-packages/airflow/example_dags/plugins/listener_plugin.py
[2023-06-16T14:06:46.446+0700] {processor.py:826} INFO - Processing file /Library/Frameworks/Python.framework/Versions/3.11/lib/python3.11/site-packages/airflow/example_dags/plugins/listener_plugin.py for tasks to queue
[2023-06-16T14:06:46.446+0700] {logging_mixin.py:149} INFO - [2023-06-16T14:06:46.446+0700] {dagbag.py:541} INFO - Filling up the DagBag from /Library/Frameworks/Python.framework/Versions/3.11/lib/python3.11/site-packages/airflow/example_dags/plugins/listener_plugin.py
[2023-06-16T14:06:46.449+0700] {processor.py:838} WARNING - No viable dags retrieved from /Library/Frameworks/Python.framework/Versions/3.11/lib/python3.11/site-packages/airflow/example_dags/plugins/listener_plugin.py
[2023-06-16T14:06:47.633+0700] {processor.py:179} INFO - Processing /Library/Frameworks/Python.framework/Versions/3.11/lib/python3.11/site-packages/airflow/example_dags/plugins/listener_plugin.py took 1.190 seconds
[2023-06-16T14:09:29.043+0700] {processor.py:157} INFO - Started process (PID=14981) to work on /Library/Frameworks/Python.framework/Versions/3.11/lib/python3.11/site-packages/airflow/example_dags/plugins/listener_plugin.py
[2023-06-16T14:09:29.045+0700] {processor.py:826} INFO - Processing file /Library/Frameworks/Python.framework/Versions/3.11/lib/python3.11/site-packages/airflow/example_dags/plugins/listener_plugin.py for tasks to queue
[2023-06-16T14:09:29.045+0700] {logging_mixin.py:149} INFO - [2023-06-16T14:09:29.045+0700] {dagbag.py:541} INFO - Filling up the DagBag from /Library/Frameworks/Python.framework/Versions/3.11/lib/python3.11/site-packages/airflow/example_dags/plugins/listener_plugin.py
[2023-06-16T14:09:29.048+0700] {processor.py:838} WARNING - No viable dags retrieved from /Library/Frameworks/Python.framework/Versions/3.11/lib/python3.11/site-packages/airflow/example_dags/plugins/listener_plugin.py
[2023-06-16T14:09:30.286+0700] {processor.py:179} INFO - Processing /Library/Frameworks/Python.framework/Versions/3.11/lib/python3.11/site-packages/airflow/example_dags/plugins/listener_plugin.py took 1.243 seconds
