[2023-06-16T09:38:41.771+0700] {processor.py:157} INFO - Started process (PID=88436) to work on /Library/Frameworks/Python.framework/Versions/3.11/lib/python3.11/site-packages/airflow/example_dags/plugins/workday.py
[2023-06-16T09:38:41.777+0700] {processor.py:826} INFO - Processing file /Library/Frameworks/Python.framework/Versions/3.11/lib/python3.11/site-packages/airflow/example_dags/plugins/workday.py for tasks to queue
[2023-06-16T09:38:41.780+0700] {logging_mixin.py:149} INFO - [2023-06-16T09:38:41.779+0700] {dagbag.py:541} INFO - Filling up the DagBag from /Library/Frameworks/Python.framework/Versions/3.11/lib/python3.11/site-packages/airflow/example_dags/plugins/workday.py
[2023-06-16T09:38:41.794+0700] {logging_mixin.py:149} INFO - [2023-06-16T09:38:41.793+0700] {workday.py:36} WARNING - Could not import pandas. Holidays will not be considered.
[2023-06-16T09:38:41.796+0700] {processor.py:838} WARNING - No viable dags retrieved from /Library/Frameworks/Python.framework/Versions/3.11/lib/python3.11/site-packages/airflow/example_dags/plugins/workday.py
[2023-06-16T09:38:51.949+0700] {processor.py:179} INFO - Processing /Library/Frameworks/Python.framework/Versions/3.11/lib/python3.11/site-packages/airflow/example_dags/plugins/workday.py took 10.185 seconds
[2023-06-16T11:02:34.529+0700] {processor.py:157} INFO - Started process (PID=89012) to work on /Library/Frameworks/Python.framework/Versions/3.11/lib/python3.11/site-packages/airflow/example_dags/plugins/workday.py
[2023-06-16T11:02:34.530+0700] {processor.py:826} INFO - Processing file /Library/Frameworks/Python.framework/Versions/3.11/lib/python3.11/site-packages/airflow/example_dags/plugins/workday.py for tasks to queue
[2023-06-16T11:02:34.530+0700] {logging_mixin.py:149} INFO - [2023-06-16T11:02:34.530+0700] {dagbag.py:541} INFO - Filling up the DagBag from /Library/Frameworks/Python.framework/Versions/3.11/lib/python3.11/site-packages/airflow/example_dags/plugins/workday.py
[2023-06-16T11:02:34.533+0700] {logging_mixin.py:149} INFO - [2023-06-16T11:02:34.533+0700] {workday.py:36} WARNING - Could not import pandas. Holidays will not be considered.
[2023-06-16T11:02:34.534+0700] {processor.py:838} WARNING - No viable dags retrieved from /Library/Frameworks/Python.framework/Versions/3.11/lib/python3.11/site-packages/airflow/example_dags/plugins/workday.py
[2023-06-16T11:02:36.586+0700] {processor.py:179} INFO - Processing /Library/Frameworks/Python.framework/Versions/3.11/lib/python3.11/site-packages/airflow/example_dags/plugins/workday.py took 2.059 seconds
[2023-06-16T11:05:08.262+0700] {processor.py:157} INFO - Started process (PID=89349) to work on /Library/Frameworks/Python.framework/Versions/3.11/lib/python3.11/site-packages/airflow/example_dags/plugins/workday.py
[2023-06-16T11:05:08.263+0700] {processor.py:826} INFO - Processing file /Library/Frameworks/Python.framework/Versions/3.11/lib/python3.11/site-packages/airflow/example_dags/plugins/workday.py for tasks to queue
[2023-06-16T11:05:08.264+0700] {logging_mixin.py:149} INFO - [2023-06-16T11:05:08.264+0700] {dagbag.py:541} INFO - Filling up the DagBag from /Library/Frameworks/Python.framework/Versions/3.11/lib/python3.11/site-packages/airflow/example_dags/plugins/workday.py
[2023-06-16T11:05:08.266+0700] {logging_mixin.py:149} INFO - [2023-06-16T11:05:08.266+0700] {workday.py:36} WARNING - Could not import pandas. Holidays will not be considered.
[2023-06-16T11:05:08.267+0700] {processor.py:838} WARNING - No viable dags retrieved from /Library/Frameworks/Python.framework/Versions/3.11/lib/python3.11/site-packages/airflow/example_dags/plugins/workday.py
[2023-06-16T11:05:09.708+0700] {processor.py:179} INFO - Processing /Library/Frameworks/Python.framework/Versions/3.11/lib/python3.11/site-packages/airflow/example_dags/plugins/workday.py took 1.447 seconds
[2023-06-16T11:07:48.221+0700] {processor.py:157} INFO - Started process (PID=89666) to work on /Library/Frameworks/Python.framework/Versions/3.11/lib/python3.11/site-packages/airflow/example_dags/plugins/workday.py
[2023-06-16T11:07:48.222+0700] {processor.py:826} INFO - Processing file /Library/Frameworks/Python.framework/Versions/3.11/lib/python3.11/site-packages/airflow/example_dags/plugins/workday.py for tasks to queue
[2023-06-16T11:07:48.222+0700] {logging_mixin.py:149} INFO - [2023-06-16T11:07:48.222+0700] {dagbag.py:541} INFO - Filling up the DagBag from /Library/Frameworks/Python.framework/Versions/3.11/lib/python3.11/site-packages/airflow/example_dags/plugins/workday.py
[2023-06-16T11:07:48.224+0700] {logging_mixin.py:149} INFO - [2023-06-16T11:07:48.224+0700] {workday.py:36} WARNING - Could not import pandas. Holidays will not be considered.
[2023-06-16T11:07:48.224+0700] {processor.py:838} WARNING - No viable dags retrieved from /Library/Frameworks/Python.framework/Versions/3.11/lib/python3.11/site-packages/airflow/example_dags/plugins/workday.py
[2023-06-16T11:07:49.377+0700] {processor.py:179} INFO - Processing /Library/Frameworks/Python.framework/Versions/3.11/lib/python3.11/site-packages/airflow/example_dags/plugins/workday.py took 1.157 seconds
[2023-06-16T11:11:31.879+0700] {processor.py:157} INFO - Started process (PID=90123) to work on /Library/Frameworks/Python.framework/Versions/3.11/lib/python3.11/site-packages/airflow/example_dags/plugins/workday.py
[2023-06-16T11:11:31.880+0700] {processor.py:826} INFO - Processing file /Library/Frameworks/Python.framework/Versions/3.11/lib/python3.11/site-packages/airflow/example_dags/plugins/workday.py for tasks to queue
[2023-06-16T11:11:31.880+0700] {logging_mixin.py:149} INFO - [2023-06-16T11:11:31.880+0700] {dagbag.py:541} INFO - Filling up the DagBag from /Library/Frameworks/Python.framework/Versions/3.11/lib/python3.11/site-packages/airflow/example_dags/plugins/workday.py
[2023-06-16T11:11:31.882+0700] {logging_mixin.py:149} INFO - [2023-06-16T11:11:31.882+0700] {workday.py:36} WARNING - Could not import pandas. Holidays will not be considered.
[2023-06-16T11:11:31.882+0700] {processor.py:838} WARNING - No viable dags retrieved from /Library/Frameworks/Python.framework/Versions/3.11/lib/python3.11/site-packages/airflow/example_dags/plugins/workday.py
[2023-06-16T11:11:33.164+0700] {processor.py:179} INFO - Processing /Library/Frameworks/Python.framework/Versions/3.11/lib/python3.11/site-packages/airflow/example_dags/plugins/workday.py took 1.285 seconds
[2023-06-16T11:14:39.286+0700] {processor.py:157} INFO - Started process (PID=90527) to work on /Library/Frameworks/Python.framework/Versions/3.11/lib/python3.11/site-packages/airflow/example_dags/plugins/workday.py
[2023-06-16T11:14:39.287+0700] {processor.py:826} INFO - Processing file /Library/Frameworks/Python.framework/Versions/3.11/lib/python3.11/site-packages/airflow/example_dags/plugins/workday.py for tasks to queue
[2023-06-16T11:14:39.288+0700] {logging_mixin.py:149} INFO - [2023-06-16T11:14:39.287+0700] {dagbag.py:541} INFO - Filling up the DagBag from /Library/Frameworks/Python.framework/Versions/3.11/lib/python3.11/site-packages/airflow/example_dags/plugins/workday.py
[2023-06-16T11:14:39.289+0700] {logging_mixin.py:149} INFO - [2023-06-16T11:14:39.289+0700] {workday.py:36} WARNING - Could not import pandas. Holidays will not be considered.
[2023-06-16T11:14:39.290+0700] {processor.py:838} WARNING - No viable dags retrieved from /Library/Frameworks/Python.framework/Versions/3.11/lib/python3.11/site-packages/airflow/example_dags/plugins/workday.py
[2023-06-16T11:14:40.247+0700] {processor.py:179} INFO - Processing /Library/Frameworks/Python.framework/Versions/3.11/lib/python3.11/site-packages/airflow/example_dags/plugins/workday.py took 0.962 seconds
[2023-06-16T11:17:56.902+0700] {processor.py:157} INFO - Started process (PID=90868) to work on /Library/Frameworks/Python.framework/Versions/3.11/lib/python3.11/site-packages/airflow/example_dags/plugins/workday.py
[2023-06-16T11:17:56.903+0700] {processor.py:826} INFO - Processing file /Library/Frameworks/Python.framework/Versions/3.11/lib/python3.11/site-packages/airflow/example_dags/plugins/workday.py for tasks to queue
[2023-06-16T11:17:56.903+0700] {logging_mixin.py:149} INFO - [2023-06-16T11:17:56.903+0700] {dagbag.py:541} INFO - Filling up the DagBag from /Library/Frameworks/Python.framework/Versions/3.11/lib/python3.11/site-packages/airflow/example_dags/plugins/workday.py
[2023-06-16T11:17:56.905+0700] {logging_mixin.py:149} INFO - [2023-06-16T11:17:56.905+0700] {workday.py:36} WARNING - Could not import pandas. Holidays will not be considered.
[2023-06-16T11:17:56.905+0700] {processor.py:838} WARNING - No viable dags retrieved from /Library/Frameworks/Python.framework/Versions/3.11/lib/python3.11/site-packages/airflow/example_dags/plugins/workday.py
[2023-06-16T11:17:58.189+0700] {processor.py:179} INFO - Processing /Library/Frameworks/Python.framework/Versions/3.11/lib/python3.11/site-packages/airflow/example_dags/plugins/workday.py took 1.288 seconds
[2023-06-16T11:21:03.707+0700] {processor.py:157} INFO - Started process (PID=91316) to work on /Library/Frameworks/Python.framework/Versions/3.11/lib/python3.11/site-packages/airflow/example_dags/plugins/workday.py
[2023-06-16T11:21:03.708+0700] {processor.py:826} INFO - Processing file /Library/Frameworks/Python.framework/Versions/3.11/lib/python3.11/site-packages/airflow/example_dags/plugins/workday.py for tasks to queue
[2023-06-16T11:21:03.709+0700] {logging_mixin.py:149} INFO - [2023-06-16T11:21:03.708+0700] {dagbag.py:541} INFO - Filling up the DagBag from /Library/Frameworks/Python.framework/Versions/3.11/lib/python3.11/site-packages/airflow/example_dags/plugins/workday.py
[2023-06-16T11:21:03.710+0700] {logging_mixin.py:149} INFO - [2023-06-16T11:21:03.710+0700] {workday.py:36} WARNING - Could not import pandas. Holidays will not be considered.
[2023-06-16T11:21:03.711+0700] {processor.py:838} WARNING - No viable dags retrieved from /Library/Frameworks/Python.framework/Versions/3.11/lib/python3.11/site-packages/airflow/example_dags/plugins/workday.py
[2023-06-16T11:21:04.871+0700] {processor.py:179} INFO - Processing /Library/Frameworks/Python.framework/Versions/3.11/lib/python3.11/site-packages/airflow/example_dags/plugins/workday.py took 1.165 seconds
[2023-06-16T11:23:49.089+0700] {processor.py:157} INFO - Started process (PID=91708) to work on /Library/Frameworks/Python.framework/Versions/3.11/lib/python3.11/site-packages/airflow/example_dags/plugins/workday.py
[2023-06-16T11:23:49.090+0700] {processor.py:826} INFO - Processing file /Library/Frameworks/Python.framework/Versions/3.11/lib/python3.11/site-packages/airflow/example_dags/plugins/workday.py for tasks to queue
[2023-06-16T11:23:49.091+0700] {logging_mixin.py:149} INFO - [2023-06-16T11:23:49.091+0700] {dagbag.py:541} INFO - Filling up the DagBag from /Library/Frameworks/Python.framework/Versions/3.11/lib/python3.11/site-packages/airflow/example_dags/plugins/workday.py
[2023-06-16T11:23:49.093+0700] {logging_mixin.py:149} INFO - [2023-06-16T11:23:49.092+0700] {workday.py:36} WARNING - Could not import pandas. Holidays will not be considered.
[2023-06-16T11:23:49.093+0700] {processor.py:838} WARNING - No viable dags retrieved from /Library/Frameworks/Python.framework/Versions/3.11/lib/python3.11/site-packages/airflow/example_dags/plugins/workday.py
[2023-06-16T11:23:50.140+0700] {processor.py:179} INFO - Processing /Library/Frameworks/Python.framework/Versions/3.11/lib/python3.11/site-packages/airflow/example_dags/plugins/workday.py took 1.052 seconds
[2023-06-16T11:27:52.371+0700] {processor.py:157} INFO - Started process (PID=92237) to work on /Library/Frameworks/Python.framework/Versions/3.11/lib/python3.11/site-packages/airflow/example_dags/plugins/workday.py
[2023-06-16T11:27:52.372+0700] {processor.py:826} INFO - Processing file /Library/Frameworks/Python.framework/Versions/3.11/lib/python3.11/site-packages/airflow/example_dags/plugins/workday.py for tasks to queue
[2023-06-16T11:27:52.373+0700] {logging_mixin.py:149} INFO - [2023-06-16T11:27:52.373+0700] {dagbag.py:541} INFO - Filling up the DagBag from /Library/Frameworks/Python.framework/Versions/3.11/lib/python3.11/site-packages/airflow/example_dags/plugins/workday.py
[2023-06-16T11:27:52.375+0700] {logging_mixin.py:149} INFO - [2023-06-16T11:27:52.375+0700] {workday.py:36} WARNING - Could not import pandas. Holidays will not be considered.
[2023-06-16T11:27:52.376+0700] {processor.py:838} WARNING - No viable dags retrieved from /Library/Frameworks/Python.framework/Versions/3.11/lib/python3.11/site-packages/airflow/example_dags/plugins/workday.py
[2023-06-16T11:27:54.063+0700] {processor.py:179} INFO - Processing /Library/Frameworks/Python.framework/Versions/3.11/lib/python3.11/site-packages/airflow/example_dags/plugins/workday.py took 1.693 seconds
[2023-06-16T11:31:38.076+0700] {processor.py:157} INFO - Started process (PID=92666) to work on /Library/Frameworks/Python.framework/Versions/3.11/lib/python3.11/site-packages/airflow/example_dags/plugins/workday.py
[2023-06-16T11:31:38.078+0700] {processor.py:826} INFO - Processing file /Library/Frameworks/Python.framework/Versions/3.11/lib/python3.11/site-packages/airflow/example_dags/plugins/workday.py for tasks to queue
[2023-06-16T11:31:38.078+0700] {logging_mixin.py:149} INFO - [2023-06-16T11:31:38.078+0700] {dagbag.py:541} INFO - Filling up the DagBag from /Library/Frameworks/Python.framework/Versions/3.11/lib/python3.11/site-packages/airflow/example_dags/plugins/workday.py
[2023-06-16T11:31:38.080+0700] {logging_mixin.py:149} INFO - [2023-06-16T11:31:38.080+0700] {workday.py:36} WARNING - Could not import pandas. Holidays will not be considered.
[2023-06-16T11:31:38.081+0700] {processor.py:838} WARNING - No viable dags retrieved from /Library/Frameworks/Python.framework/Versions/3.11/lib/python3.11/site-packages/airflow/example_dags/plugins/workday.py
[2023-06-16T11:31:39.285+0700] {processor.py:179} INFO - Processing /Library/Frameworks/Python.framework/Versions/3.11/lib/python3.11/site-packages/airflow/example_dags/plugins/workday.py took 1.210 seconds
[2023-06-16T11:35:00.829+0700] {processor.py:157} INFO - Started process (PID=93130) to work on /Library/Frameworks/Python.framework/Versions/3.11/lib/python3.11/site-packages/airflow/example_dags/plugins/workday.py
[2023-06-16T11:35:00.831+0700] {processor.py:826} INFO - Processing file /Library/Frameworks/Python.framework/Versions/3.11/lib/python3.11/site-packages/airflow/example_dags/plugins/workday.py for tasks to queue
[2023-06-16T11:35:00.832+0700] {logging_mixin.py:149} INFO - [2023-06-16T11:35:00.832+0700] {dagbag.py:541} INFO - Filling up the DagBag from /Library/Frameworks/Python.framework/Versions/3.11/lib/python3.11/site-packages/airflow/example_dags/plugins/workday.py
[2023-06-16T11:35:00.834+0700] {logging_mixin.py:149} INFO - [2023-06-16T11:35:00.834+0700] {workday.py:36} WARNING - Could not import pandas. Holidays will not be considered.
[2023-06-16T11:35:00.834+0700] {processor.py:838} WARNING - No viable dags retrieved from /Library/Frameworks/Python.framework/Versions/3.11/lib/python3.11/site-packages/airflow/example_dags/plugins/workday.py
[2023-06-16T11:35:02.001+0700] {processor.py:179} INFO - Processing /Library/Frameworks/Python.framework/Versions/3.11/lib/python3.11/site-packages/airflow/example_dags/plugins/workday.py took 1.173 seconds
[2023-06-16T11:37:36.738+0700] {processor.py:157} INFO - Started process (PID=93800) to work on /Library/Frameworks/Python.framework/Versions/3.11/lib/python3.11/site-packages/airflow/example_dags/plugins/workday.py
[2023-06-16T11:37:36.740+0700] {processor.py:826} INFO - Processing file /Library/Frameworks/Python.framework/Versions/3.11/lib/python3.11/site-packages/airflow/example_dags/plugins/workday.py for tasks to queue
[2023-06-16T11:37:36.740+0700] {logging_mixin.py:149} INFO - [2023-06-16T11:37:36.740+0700] {dagbag.py:541} INFO - Filling up the DagBag from /Library/Frameworks/Python.framework/Versions/3.11/lib/python3.11/site-packages/airflow/example_dags/plugins/workday.py
[2023-06-16T11:37:36.742+0700] {logging_mixin.py:149} INFO - [2023-06-16T11:37:36.742+0700] {workday.py:36} WARNING - Could not import pandas. Holidays will not be considered.
[2023-06-16T11:37:36.743+0700] {processor.py:838} WARNING - No viable dags retrieved from /Library/Frameworks/Python.framework/Versions/3.11/lib/python3.11/site-packages/airflow/example_dags/plugins/workday.py
[2023-06-16T11:37:38.271+0700] {processor.py:179} INFO - Processing /Library/Frameworks/Python.framework/Versions/3.11/lib/python3.11/site-packages/airflow/example_dags/plugins/workday.py took 1.534 seconds
[2023-06-16T11:40:30.365+0700] {processor.py:157} INFO - Started process (PID=94168) to work on /Library/Frameworks/Python.framework/Versions/3.11/lib/python3.11/site-packages/airflow/example_dags/plugins/workday.py
[2023-06-16T11:40:30.366+0700] {processor.py:826} INFO - Processing file /Library/Frameworks/Python.framework/Versions/3.11/lib/python3.11/site-packages/airflow/example_dags/plugins/workday.py for tasks to queue
[2023-06-16T11:40:30.367+0700] {logging_mixin.py:149} INFO - [2023-06-16T11:40:30.367+0700] {dagbag.py:541} INFO - Filling up the DagBag from /Library/Frameworks/Python.framework/Versions/3.11/lib/python3.11/site-packages/airflow/example_dags/plugins/workday.py
[2023-06-16T11:40:30.369+0700] {logging_mixin.py:149} INFO - [2023-06-16T11:40:30.369+0700] {workday.py:36} WARNING - Could not import pandas. Holidays will not be considered.
[2023-06-16T11:40:30.369+0700] {processor.py:838} WARNING - No viable dags retrieved from /Library/Frameworks/Python.framework/Versions/3.11/lib/python3.11/site-packages/airflow/example_dags/plugins/workday.py
[2023-06-16T11:40:31.559+0700] {processor.py:179} INFO - Processing /Library/Frameworks/Python.framework/Versions/3.11/lib/python3.11/site-packages/airflow/example_dags/plugins/workday.py took 1.195 seconds
[2023-06-16T11:43:20.741+0700] {processor.py:157} INFO - Started process (PID=94526) to work on /Library/Frameworks/Python.framework/Versions/3.11/lib/python3.11/site-packages/airflow/example_dags/plugins/workday.py
[2023-06-16T11:43:20.742+0700] {processor.py:826} INFO - Processing file /Library/Frameworks/Python.framework/Versions/3.11/lib/python3.11/site-packages/airflow/example_dags/plugins/workday.py for tasks to queue
[2023-06-16T11:43:20.742+0700] {logging_mixin.py:149} INFO - [2023-06-16T11:43:20.742+0700] {dagbag.py:541} INFO - Filling up the DagBag from /Library/Frameworks/Python.framework/Versions/3.11/lib/python3.11/site-packages/airflow/example_dags/plugins/workday.py
[2023-06-16T11:43:20.744+0700] {logging_mixin.py:149} INFO - [2023-06-16T11:43:20.744+0700] {workday.py:36} WARNING - Could not import pandas. Holidays will not be considered.
[2023-06-16T11:43:20.744+0700] {processor.py:838} WARNING - No viable dags retrieved from /Library/Frameworks/Python.framework/Versions/3.11/lib/python3.11/site-packages/airflow/example_dags/plugins/workday.py
[2023-06-16T11:43:21.968+0700] {processor.py:179} INFO - Processing /Library/Frameworks/Python.framework/Versions/3.11/lib/python3.11/site-packages/airflow/example_dags/plugins/workday.py took 1.228 seconds
[2023-06-16T11:48:35.053+0700] {processor.py:157} INFO - Started process (PID=95138) to work on /Library/Frameworks/Python.framework/Versions/3.11/lib/python3.11/site-packages/airflow/example_dags/plugins/workday.py
[2023-06-16T11:48:35.054+0700] {processor.py:826} INFO - Processing file /Library/Frameworks/Python.framework/Versions/3.11/lib/python3.11/site-packages/airflow/example_dags/plugins/workday.py for tasks to queue
[2023-06-16T11:48:35.054+0700] {logging_mixin.py:149} INFO - [2023-06-16T11:48:35.054+0700] {dagbag.py:541} INFO - Filling up the DagBag from /Library/Frameworks/Python.framework/Versions/3.11/lib/python3.11/site-packages/airflow/example_dags/plugins/workday.py
[2023-06-16T11:48:35.056+0700] {logging_mixin.py:149} INFO - [2023-06-16T11:48:35.056+0700] {workday.py:36} WARNING - Could not import pandas. Holidays will not be considered.
[2023-06-16T11:48:35.056+0700] {processor.py:838} WARNING - No viable dags retrieved from /Library/Frameworks/Python.framework/Versions/3.11/lib/python3.11/site-packages/airflow/example_dags/plugins/workday.py
[2023-06-16T11:48:36.368+0700] {processor.py:179} INFO - Processing /Library/Frameworks/Python.framework/Versions/3.11/lib/python3.11/site-packages/airflow/example_dags/plugins/workday.py took 1.316 seconds
[2023-06-16T11:52:14.923+0700] {processor.py:157} INFO - Started process (PID=95601) to work on /Library/Frameworks/Python.framework/Versions/3.11/lib/python3.11/site-packages/airflow/example_dags/plugins/workday.py
[2023-06-16T11:52:14.925+0700] {processor.py:826} INFO - Processing file /Library/Frameworks/Python.framework/Versions/3.11/lib/python3.11/site-packages/airflow/example_dags/plugins/workday.py for tasks to queue
[2023-06-16T11:52:14.926+0700] {logging_mixin.py:149} INFO - [2023-06-16T11:52:14.925+0700] {dagbag.py:541} INFO - Filling up the DagBag from /Library/Frameworks/Python.framework/Versions/3.11/lib/python3.11/site-packages/airflow/example_dags/plugins/workday.py
[2023-06-16T11:52:14.928+0700] {logging_mixin.py:149} INFO - [2023-06-16T11:52:14.928+0700] {workday.py:36} WARNING - Could not import pandas. Holidays will not be considered.
[2023-06-16T11:52:14.929+0700] {processor.py:838} WARNING - No viable dags retrieved from /Library/Frameworks/Python.framework/Versions/3.11/lib/python3.11/site-packages/airflow/example_dags/plugins/workday.py
[2023-06-16T11:52:16.226+0700] {processor.py:179} INFO - Processing /Library/Frameworks/Python.framework/Versions/3.11/lib/python3.11/site-packages/airflow/example_dags/plugins/workday.py took 1.304 seconds
[2023-06-16T11:55:33.965+0700] {processor.py:157} INFO - Started process (PID=96007) to work on /Library/Frameworks/Python.framework/Versions/3.11/lib/python3.11/site-packages/airflow/example_dags/plugins/workday.py
[2023-06-16T11:55:33.966+0700] {processor.py:826} INFO - Processing file /Library/Frameworks/Python.framework/Versions/3.11/lib/python3.11/site-packages/airflow/example_dags/plugins/workday.py for tasks to queue
[2023-06-16T11:55:33.967+0700] {logging_mixin.py:149} INFO - [2023-06-16T11:55:33.967+0700] {dagbag.py:541} INFO - Filling up the DagBag from /Library/Frameworks/Python.framework/Versions/3.11/lib/python3.11/site-packages/airflow/example_dags/plugins/workday.py
[2023-06-16T11:55:33.968+0700] {logging_mixin.py:149} INFO - [2023-06-16T11:55:33.968+0700] {workday.py:36} WARNING - Could not import pandas. Holidays will not be considered.
[2023-06-16T11:55:33.968+0700] {processor.py:838} WARNING - No viable dags retrieved from /Library/Frameworks/Python.framework/Versions/3.11/lib/python3.11/site-packages/airflow/example_dags/plugins/workday.py
[2023-06-16T11:55:35.437+0700] {processor.py:179} INFO - Processing /Library/Frameworks/Python.framework/Versions/3.11/lib/python3.11/site-packages/airflow/example_dags/plugins/workday.py took 1.473 seconds
[2023-06-16T11:58:18.942+0700] {processor.py:157} INFO - Started process (PID=96349) to work on /Library/Frameworks/Python.framework/Versions/3.11/lib/python3.11/site-packages/airflow/example_dags/plugins/workday.py
[2023-06-16T11:58:18.944+0700] {processor.py:826} INFO - Processing file /Library/Frameworks/Python.framework/Versions/3.11/lib/python3.11/site-packages/airflow/example_dags/plugins/workday.py for tasks to queue
[2023-06-16T11:58:18.944+0700] {logging_mixin.py:149} INFO - [2023-06-16T11:58:18.944+0700] {dagbag.py:541} INFO - Filling up the DagBag from /Library/Frameworks/Python.framework/Versions/3.11/lib/python3.11/site-packages/airflow/example_dags/plugins/workday.py
[2023-06-16T11:58:18.945+0700] {logging_mixin.py:149} INFO - [2023-06-16T11:58:18.945+0700] {workday.py:36} WARNING - Could not import pandas. Holidays will not be considered.
[2023-06-16T11:58:18.946+0700] {processor.py:838} WARNING - No viable dags retrieved from /Library/Frameworks/Python.framework/Versions/3.11/lib/python3.11/site-packages/airflow/example_dags/plugins/workday.py
[2023-06-16T11:58:20.113+0700] {processor.py:179} INFO - Processing /Library/Frameworks/Python.framework/Versions/3.11/lib/python3.11/site-packages/airflow/example_dags/plugins/workday.py took 1.172 seconds
[2023-06-16T12:01:15.022+0700] {processor.py:157} INFO - Started process (PID=96704) to work on /Library/Frameworks/Python.framework/Versions/3.11/lib/python3.11/site-packages/airflow/example_dags/plugins/workday.py
[2023-06-16T12:01:15.091+0700] {processor.py:826} INFO - Processing file /Library/Frameworks/Python.framework/Versions/3.11/lib/python3.11/site-packages/airflow/example_dags/plugins/workday.py for tasks to queue
[2023-06-16T12:01:15.117+0700] {logging_mixin.py:149} INFO - [2023-06-16T12:01:15.117+0700] {dagbag.py:541} INFO - Filling up the DagBag from /Library/Frameworks/Python.framework/Versions/3.11/lib/python3.11/site-packages/airflow/example_dags/plugins/workday.py
[2023-06-16T12:01:15.120+0700] {logging_mixin.py:149} INFO - [2023-06-16T12:01:15.119+0700] {workday.py:36} WARNING - Could not import pandas. Holidays will not be considered.
[2023-06-16T12:01:15.120+0700] {processor.py:838} WARNING - No viable dags retrieved from /Library/Frameworks/Python.framework/Versions/3.11/lib/python3.11/site-packages/airflow/example_dags/plugins/workday.py
[2023-06-16T12:01:16.589+0700] {processor.py:179} INFO - Processing /Library/Frameworks/Python.framework/Versions/3.11/lib/python3.11/site-packages/airflow/example_dags/plugins/workday.py took 1.568 seconds
[2023-06-16T12:03:51.944+0700] {processor.py:157} INFO - Started process (PID=97084) to work on /Library/Frameworks/Python.framework/Versions/3.11/lib/python3.11/site-packages/airflow/example_dags/plugins/workday.py
[2023-06-16T12:03:51.945+0700] {processor.py:826} INFO - Processing file /Library/Frameworks/Python.framework/Versions/3.11/lib/python3.11/site-packages/airflow/example_dags/plugins/workday.py for tasks to queue
[2023-06-16T12:03:51.947+0700] {logging_mixin.py:149} INFO - [2023-06-16T12:03:51.946+0700] {dagbag.py:541} INFO - Filling up the DagBag from /Library/Frameworks/Python.framework/Versions/3.11/lib/python3.11/site-packages/airflow/example_dags/plugins/workday.py
[2023-06-16T12:03:51.950+0700] {logging_mixin.py:149} INFO - [2023-06-16T12:03:51.949+0700] {workday.py:36} WARNING - Could not import pandas. Holidays will not be considered.
[2023-06-16T12:03:51.951+0700] {processor.py:838} WARNING - No viable dags retrieved from /Library/Frameworks/Python.framework/Versions/3.11/lib/python3.11/site-packages/airflow/example_dags/plugins/workday.py
[2023-06-16T12:03:53.119+0700] {processor.py:179} INFO - Processing /Library/Frameworks/Python.framework/Versions/3.11/lib/python3.11/site-packages/airflow/example_dags/plugins/workday.py took 1.176 seconds
[2023-06-16T12:06:29.938+0700] {processor.py:157} INFO - Started process (PID=97447) to work on /Library/Frameworks/Python.framework/Versions/3.11/lib/python3.11/site-packages/airflow/example_dags/plugins/workday.py
[2023-06-16T12:06:29.940+0700] {processor.py:826} INFO - Processing file /Library/Frameworks/Python.framework/Versions/3.11/lib/python3.11/site-packages/airflow/example_dags/plugins/workday.py for tasks to queue
[2023-06-16T12:06:29.940+0700] {logging_mixin.py:149} INFO - [2023-06-16T12:06:29.940+0700] {dagbag.py:541} INFO - Filling up the DagBag from /Library/Frameworks/Python.framework/Versions/3.11/lib/python3.11/site-packages/airflow/example_dags/plugins/workday.py
[2023-06-16T12:06:29.942+0700] {logging_mixin.py:149} INFO - [2023-06-16T12:06:29.942+0700] {workday.py:36} WARNING - Could not import pandas. Holidays will not be considered.
[2023-06-16T12:06:29.943+0700] {processor.py:838} WARNING - No viable dags retrieved from /Library/Frameworks/Python.framework/Versions/3.11/lib/python3.11/site-packages/airflow/example_dags/plugins/workday.py
[2023-06-16T12:06:30.932+0700] {processor.py:179} INFO - Processing /Library/Frameworks/Python.framework/Versions/3.11/lib/python3.11/site-packages/airflow/example_dags/plugins/workday.py took 0.995 seconds
[2023-06-16T12:08:45.900+0700] {processor.py:157} INFO - Started process (PID=97690) to work on /Library/Frameworks/Python.framework/Versions/3.11/lib/python3.11/site-packages/airflow/example_dags/plugins/workday.py
[2023-06-16T12:08:45.902+0700] {processor.py:826} INFO - Processing file /Library/Frameworks/Python.framework/Versions/3.11/lib/python3.11/site-packages/airflow/example_dags/plugins/workday.py for tasks to queue
[2023-06-16T12:08:45.903+0700] {logging_mixin.py:149} INFO - [2023-06-16T12:08:45.903+0700] {dagbag.py:541} INFO - Filling up the DagBag from /Library/Frameworks/Python.framework/Versions/3.11/lib/python3.11/site-packages/airflow/example_dags/plugins/workday.py
[2023-06-16T12:08:45.905+0700] {logging_mixin.py:149} INFO - [2023-06-16T12:08:45.904+0700] {workday.py:36} WARNING - Could not import pandas. Holidays will not be considered.
[2023-06-16T12:08:45.905+0700] {processor.py:838} WARNING - No viable dags retrieved from /Library/Frameworks/Python.framework/Versions/3.11/lib/python3.11/site-packages/airflow/example_dags/plugins/workday.py
[2023-06-16T12:08:46.897+0700] {processor.py:179} INFO - Processing /Library/Frameworks/Python.framework/Versions/3.11/lib/python3.11/site-packages/airflow/example_dags/plugins/workday.py took 0.998 seconds
[2023-06-16T12:11:11.629+0700] {processor.py:157} INFO - Started process (PID=98066) to work on /Library/Frameworks/Python.framework/Versions/3.11/lib/python3.11/site-packages/airflow/example_dags/plugins/workday.py
[2023-06-16T12:11:11.630+0700] {processor.py:826} INFO - Processing file /Library/Frameworks/Python.framework/Versions/3.11/lib/python3.11/site-packages/airflow/example_dags/plugins/workday.py for tasks to queue
[2023-06-16T12:11:11.631+0700] {logging_mixin.py:149} INFO - [2023-06-16T12:11:11.631+0700] {dagbag.py:541} INFO - Filling up the DagBag from /Library/Frameworks/Python.framework/Versions/3.11/lib/python3.11/site-packages/airflow/example_dags/plugins/workday.py
[2023-06-16T12:11:11.633+0700] {logging_mixin.py:149} INFO - [2023-06-16T12:11:11.633+0700] {workday.py:36} WARNING - Could not import pandas. Holidays will not be considered.
[2023-06-16T12:11:11.633+0700] {processor.py:838} WARNING - No viable dags retrieved from /Library/Frameworks/Python.framework/Versions/3.11/lib/python3.11/site-packages/airflow/example_dags/plugins/workday.py
[2023-06-16T12:11:12.705+0700] {processor.py:179} INFO - Processing /Library/Frameworks/Python.framework/Versions/3.11/lib/python3.11/site-packages/airflow/example_dags/plugins/workday.py took 1.077 seconds
[2023-06-16T12:13:44.224+0700] {processor.py:157} INFO - Started process (PID=98359) to work on /Library/Frameworks/Python.framework/Versions/3.11/lib/python3.11/site-packages/airflow/example_dags/plugins/workday.py
[2023-06-16T12:13:44.226+0700] {processor.py:826} INFO - Processing file /Library/Frameworks/Python.framework/Versions/3.11/lib/python3.11/site-packages/airflow/example_dags/plugins/workday.py for tasks to queue
[2023-06-16T12:13:44.226+0700] {logging_mixin.py:149} INFO - [2023-06-16T12:13:44.226+0700] {dagbag.py:541} INFO - Filling up the DagBag from /Library/Frameworks/Python.framework/Versions/3.11/lib/python3.11/site-packages/airflow/example_dags/plugins/workday.py
[2023-06-16T12:13:44.229+0700] {logging_mixin.py:149} INFO - [2023-06-16T12:13:44.229+0700] {workday.py:36} WARNING - Could not import pandas. Holidays will not be considered.
[2023-06-16T12:13:44.229+0700] {processor.py:838} WARNING - No viable dags retrieved from /Library/Frameworks/Python.framework/Versions/3.11/lib/python3.11/site-packages/airflow/example_dags/plugins/workday.py
[2023-06-16T12:13:45.538+0700] {processor.py:179} INFO - Processing /Library/Frameworks/Python.framework/Versions/3.11/lib/python3.11/site-packages/airflow/example_dags/plugins/workday.py took 1.315 seconds
[2023-06-16T12:16:14.574+0700] {processor.py:157} INFO - Started process (PID=98682) to work on /Library/Frameworks/Python.framework/Versions/3.11/lib/python3.11/site-packages/airflow/example_dags/plugins/workday.py
[2023-06-16T12:16:14.576+0700] {processor.py:826} INFO - Processing file /Library/Frameworks/Python.framework/Versions/3.11/lib/python3.11/site-packages/airflow/example_dags/plugins/workday.py for tasks to queue
[2023-06-16T12:16:14.576+0700] {logging_mixin.py:149} INFO - [2023-06-16T12:16:14.576+0700] {dagbag.py:541} INFO - Filling up the DagBag from /Library/Frameworks/Python.framework/Versions/3.11/lib/python3.11/site-packages/airflow/example_dags/plugins/workday.py
[2023-06-16T12:16:14.578+0700] {logging_mixin.py:149} INFO - [2023-06-16T12:16:14.578+0700] {workday.py:36} WARNING - Could not import pandas. Holidays will not be considered.
[2023-06-16T12:16:14.579+0700] {processor.py:838} WARNING - No viable dags retrieved from /Library/Frameworks/Python.framework/Versions/3.11/lib/python3.11/site-packages/airflow/example_dags/plugins/workday.py
[2023-06-16T12:16:15.611+0700] {processor.py:179} INFO - Processing /Library/Frameworks/Python.framework/Versions/3.11/lib/python3.11/site-packages/airflow/example_dags/plugins/workday.py took 1.037 seconds
[2023-06-16T12:18:44.045+0700] {processor.py:157} INFO - Started process (PID=98972) to work on /Library/Frameworks/Python.framework/Versions/3.11/lib/python3.11/site-packages/airflow/example_dags/plugins/workday.py
[2023-06-16T12:18:44.046+0700] {processor.py:826} INFO - Processing file /Library/Frameworks/Python.framework/Versions/3.11/lib/python3.11/site-packages/airflow/example_dags/plugins/workday.py for tasks to queue
[2023-06-16T12:18:44.047+0700] {logging_mixin.py:149} INFO - [2023-06-16T12:18:44.047+0700] {dagbag.py:541} INFO - Filling up the DagBag from /Library/Frameworks/Python.framework/Versions/3.11/lib/python3.11/site-packages/airflow/example_dags/plugins/workday.py
[2023-06-16T12:18:44.048+0700] {logging_mixin.py:149} INFO - [2023-06-16T12:18:44.048+0700] {workday.py:36} WARNING - Could not import pandas. Holidays will not be considered.
[2023-06-16T12:18:44.048+0700] {processor.py:838} WARNING - No viable dags retrieved from /Library/Frameworks/Python.framework/Versions/3.11/lib/python3.11/site-packages/airflow/example_dags/plugins/workday.py
[2023-06-16T12:18:45.416+0700] {processor.py:179} INFO - Processing /Library/Frameworks/Python.framework/Versions/3.11/lib/python3.11/site-packages/airflow/example_dags/plugins/workday.py took 1.371 seconds
[2023-06-16T12:21:13.389+0700] {processor.py:157} INFO - Started process (PID=99321) to work on /Library/Frameworks/Python.framework/Versions/3.11/lib/python3.11/site-packages/airflow/example_dags/plugins/workday.py
[2023-06-16T12:21:13.390+0700] {processor.py:826} INFO - Processing file /Library/Frameworks/Python.framework/Versions/3.11/lib/python3.11/site-packages/airflow/example_dags/plugins/workday.py for tasks to queue
[2023-06-16T12:21:13.390+0700] {logging_mixin.py:149} INFO - [2023-06-16T12:21:13.390+0700] {dagbag.py:541} INFO - Filling up the DagBag from /Library/Frameworks/Python.framework/Versions/3.11/lib/python3.11/site-packages/airflow/example_dags/plugins/workday.py
[2023-06-16T12:21:13.392+0700] {logging_mixin.py:149} INFO - [2023-06-16T12:21:13.392+0700] {workday.py:36} WARNING - Could not import pandas. Holidays will not be considered.
[2023-06-16T12:21:13.392+0700] {processor.py:838} WARNING - No viable dags retrieved from /Library/Frameworks/Python.framework/Versions/3.11/lib/python3.11/site-packages/airflow/example_dags/plugins/workday.py
[2023-06-16T12:21:14.490+0700] {processor.py:179} INFO - Processing /Library/Frameworks/Python.framework/Versions/3.11/lib/python3.11/site-packages/airflow/example_dags/plugins/workday.py took 1.101 seconds
[2023-06-16T12:24:28.562+0700] {processor.py:157} INFO - Started process (PID=99746) to work on /Library/Frameworks/Python.framework/Versions/3.11/lib/python3.11/site-packages/airflow/example_dags/plugins/workday.py
[2023-06-16T12:24:28.563+0700] {processor.py:826} INFO - Processing file /Library/Frameworks/Python.framework/Versions/3.11/lib/python3.11/site-packages/airflow/example_dags/plugins/workday.py for tasks to queue
[2023-06-16T12:24:28.563+0700] {logging_mixin.py:149} INFO - [2023-06-16T12:24:28.563+0700] {dagbag.py:541} INFO - Filling up the DagBag from /Library/Frameworks/Python.framework/Versions/3.11/lib/python3.11/site-packages/airflow/example_dags/plugins/workday.py
[2023-06-16T12:24:28.565+0700] {logging_mixin.py:149} INFO - [2023-06-16T12:24:28.565+0700] {workday.py:36} WARNING - Could not import pandas. Holidays will not be considered.
[2023-06-16T12:24:28.565+0700] {processor.py:838} WARNING - No viable dags retrieved from /Library/Frameworks/Python.framework/Versions/3.11/lib/python3.11/site-packages/airflow/example_dags/plugins/workday.py
[2023-06-16T12:24:29.833+0700] {processor.py:179} INFO - Processing /Library/Frameworks/Python.framework/Versions/3.11/lib/python3.11/site-packages/airflow/example_dags/plugins/workday.py took 1.273 seconds
[2023-06-16T12:27:13.861+0700] {processor.py:157} INFO - Started process (PID=316) to work on /Library/Frameworks/Python.framework/Versions/3.11/lib/python3.11/site-packages/airflow/example_dags/plugins/workday.py
[2023-06-16T12:27:13.862+0700] {processor.py:826} INFO - Processing file /Library/Frameworks/Python.framework/Versions/3.11/lib/python3.11/site-packages/airflow/example_dags/plugins/workday.py for tasks to queue
[2023-06-16T12:27:13.863+0700] {logging_mixin.py:149} INFO - [2023-06-16T12:27:13.862+0700] {dagbag.py:541} INFO - Filling up the DagBag from /Library/Frameworks/Python.framework/Versions/3.11/lib/python3.11/site-packages/airflow/example_dags/plugins/workday.py
[2023-06-16T12:27:13.864+0700] {logging_mixin.py:149} INFO - [2023-06-16T12:27:13.864+0700] {workday.py:36} WARNING - Could not import pandas. Holidays will not be considered.
[2023-06-16T12:27:13.864+0700] {processor.py:838} WARNING - No viable dags retrieved from /Library/Frameworks/Python.framework/Versions/3.11/lib/python3.11/site-packages/airflow/example_dags/plugins/workday.py
[2023-06-16T12:27:15.110+0700] {processor.py:179} INFO - Processing /Library/Frameworks/Python.framework/Versions/3.11/lib/python3.11/site-packages/airflow/example_dags/plugins/workday.py took 1.250 seconds
[2023-06-16T12:29:47.425+0700] {processor.py:157} INFO - Started process (PID=881) to work on /Library/Frameworks/Python.framework/Versions/3.11/lib/python3.11/site-packages/airflow/example_dags/plugins/workday.py
[2023-06-16T12:29:47.425+0700] {processor.py:826} INFO - Processing file /Library/Frameworks/Python.framework/Versions/3.11/lib/python3.11/site-packages/airflow/example_dags/plugins/workday.py for tasks to queue
[2023-06-16T12:29:47.426+0700] {logging_mixin.py:149} INFO - [2023-06-16T12:29:47.426+0700] {dagbag.py:541} INFO - Filling up the DagBag from /Library/Frameworks/Python.framework/Versions/3.11/lib/python3.11/site-packages/airflow/example_dags/plugins/workday.py
[2023-06-16T12:29:47.427+0700] {logging_mixin.py:149} INFO - [2023-06-16T12:29:47.427+0700] {workday.py:36} WARNING - Could not import pandas. Holidays will not be considered.
[2023-06-16T12:29:47.427+0700] {processor.py:838} WARNING - No viable dags retrieved from /Library/Frameworks/Python.framework/Versions/3.11/lib/python3.11/site-packages/airflow/example_dags/plugins/workday.py
[2023-06-16T12:29:48.651+0700] {processor.py:179} INFO - Processing /Library/Frameworks/Python.framework/Versions/3.11/lib/python3.11/site-packages/airflow/example_dags/plugins/workday.py took 1.227 seconds
[2023-06-16T12:32:27.810+0700] {processor.py:157} INFO - Started process (PID=1258) to work on /Library/Frameworks/Python.framework/Versions/3.11/lib/python3.11/site-packages/airflow/example_dags/plugins/workday.py
[2023-06-16T12:32:27.825+0700] {processor.py:826} INFO - Processing file /Library/Frameworks/Python.framework/Versions/3.11/lib/python3.11/site-packages/airflow/example_dags/plugins/workday.py for tasks to queue
[2023-06-16T12:32:27.826+0700] {logging_mixin.py:149} INFO - [2023-06-16T12:32:27.826+0700] {dagbag.py:541} INFO - Filling up the DagBag from /Library/Frameworks/Python.framework/Versions/3.11/lib/python3.11/site-packages/airflow/example_dags/plugins/workday.py
[2023-06-16T12:32:27.828+0700] {logging_mixin.py:149} INFO - [2023-06-16T12:32:27.828+0700] {workday.py:36} WARNING - Could not import pandas. Holidays will not be considered.
[2023-06-16T12:32:27.828+0700] {processor.py:838} WARNING - No viable dags retrieved from /Library/Frameworks/Python.framework/Versions/3.11/lib/python3.11/site-packages/airflow/example_dags/plugins/workday.py
[2023-06-16T12:32:29.296+0700] {processor.py:179} INFO - Processing /Library/Frameworks/Python.framework/Versions/3.11/lib/python3.11/site-packages/airflow/example_dags/plugins/workday.py took 1.489 seconds
[2023-06-16T12:35:02.325+0700] {processor.py:157} INFO - Started process (PID=1625) to work on /Library/Frameworks/Python.framework/Versions/3.11/lib/python3.11/site-packages/airflow/example_dags/plugins/workday.py
[2023-06-16T12:35:02.325+0700] {processor.py:826} INFO - Processing file /Library/Frameworks/Python.framework/Versions/3.11/lib/python3.11/site-packages/airflow/example_dags/plugins/workday.py for tasks to queue
[2023-06-16T12:35:02.326+0700] {logging_mixin.py:149} INFO - [2023-06-16T12:35:02.325+0700] {dagbag.py:541} INFO - Filling up the DagBag from /Library/Frameworks/Python.framework/Versions/3.11/lib/python3.11/site-packages/airflow/example_dags/plugins/workday.py
[2023-06-16T12:35:02.327+0700] {logging_mixin.py:149} INFO - [2023-06-16T12:35:02.327+0700] {workday.py:36} WARNING - Could not import pandas. Holidays will not be considered.
[2023-06-16T12:35:02.327+0700] {processor.py:838} WARNING - No viable dags retrieved from /Library/Frameworks/Python.framework/Versions/3.11/lib/python3.11/site-packages/airflow/example_dags/plugins/workday.py
[2023-06-16T12:35:03.550+0700] {processor.py:179} INFO - Processing /Library/Frameworks/Python.framework/Versions/3.11/lib/python3.11/site-packages/airflow/example_dags/plugins/workday.py took 1.226 seconds
[2023-06-16T12:37:36.918+0700] {processor.py:157} INFO - Started process (PID=2066) to work on /Library/Frameworks/Python.framework/Versions/3.11/lib/python3.11/site-packages/airflow/example_dags/plugins/workday.py
[2023-06-16T12:37:36.919+0700] {processor.py:826} INFO - Processing file /Library/Frameworks/Python.framework/Versions/3.11/lib/python3.11/site-packages/airflow/example_dags/plugins/workday.py for tasks to queue
[2023-06-16T12:37:36.920+0700] {logging_mixin.py:149} INFO - [2023-06-16T12:37:36.919+0700] {dagbag.py:541} INFO - Filling up the DagBag from /Library/Frameworks/Python.framework/Versions/3.11/lib/python3.11/site-packages/airflow/example_dags/plugins/workday.py
[2023-06-16T12:37:36.923+0700] {logging_mixin.py:149} INFO - [2023-06-16T12:37:36.923+0700] {workday.py:36} WARNING - Could not import pandas. Holidays will not be considered.
[2023-06-16T12:37:36.924+0700] {processor.py:838} WARNING - No viable dags retrieved from /Library/Frameworks/Python.framework/Versions/3.11/lib/python3.11/site-packages/airflow/example_dags/plugins/workday.py
[2023-06-16T12:37:37.996+0700] {processor.py:179} INFO - Processing /Library/Frameworks/Python.framework/Versions/3.11/lib/python3.11/site-packages/airflow/example_dags/plugins/workday.py took 1.080 seconds
[2023-06-16T12:40:50.882+0700] {processor.py:157} INFO - Started process (PID=2525) to work on /Library/Frameworks/Python.framework/Versions/3.11/lib/python3.11/site-packages/airflow/example_dags/plugins/workday.py
[2023-06-16T12:40:50.882+0700] {processor.py:826} INFO - Processing file /Library/Frameworks/Python.framework/Versions/3.11/lib/python3.11/site-packages/airflow/example_dags/plugins/workday.py for tasks to queue
[2023-06-16T12:40:50.883+0700] {logging_mixin.py:149} INFO - [2023-06-16T12:40:50.883+0700] {dagbag.py:541} INFO - Filling up the DagBag from /Library/Frameworks/Python.framework/Versions/3.11/lib/python3.11/site-packages/airflow/example_dags/plugins/workday.py
[2023-06-16T12:40:50.887+0700] {logging_mixin.py:149} INFO - [2023-06-16T12:40:50.886+0700] {workday.py:36} WARNING - Could not import pandas. Holidays will not be considered.
[2023-06-16T12:40:50.887+0700] {processor.py:838} WARNING - No viable dags retrieved from /Library/Frameworks/Python.framework/Versions/3.11/lib/python3.11/site-packages/airflow/example_dags/plugins/workday.py
[2023-06-16T12:40:52.312+0700] {processor.py:179} INFO - Processing /Library/Frameworks/Python.framework/Versions/3.11/lib/python3.11/site-packages/airflow/example_dags/plugins/workday.py took 1.431 seconds
[2023-06-16T12:43:50.569+0700] {processor.py:157} INFO - Started process (PID=2972) to work on /Library/Frameworks/Python.framework/Versions/3.11/lib/python3.11/site-packages/airflow/example_dags/plugins/workday.py
[2023-06-16T12:43:50.571+0700] {processor.py:826} INFO - Processing file /Library/Frameworks/Python.framework/Versions/3.11/lib/python3.11/site-packages/airflow/example_dags/plugins/workday.py for tasks to queue
[2023-06-16T12:43:50.571+0700] {logging_mixin.py:149} INFO - [2023-06-16T12:43:50.571+0700] {dagbag.py:541} INFO - Filling up the DagBag from /Library/Frameworks/Python.framework/Versions/3.11/lib/python3.11/site-packages/airflow/example_dags/plugins/workday.py
[2023-06-16T12:43:50.573+0700] {logging_mixin.py:149} INFO - [2023-06-16T12:43:50.573+0700] {workday.py:36} WARNING - Could not import pandas. Holidays will not be considered.
[2023-06-16T12:43:50.573+0700] {processor.py:838} WARNING - No viable dags retrieved from /Library/Frameworks/Python.framework/Versions/3.11/lib/python3.11/site-packages/airflow/example_dags/plugins/workday.py
[2023-06-16T12:43:51.779+0700] {processor.py:179} INFO - Processing /Library/Frameworks/Python.framework/Versions/3.11/lib/python3.11/site-packages/airflow/example_dags/plugins/workday.py took 1.211 seconds
[2023-06-16T12:47:05.575+0700] {processor.py:157} INFO - Started process (PID=3441) to work on /Library/Frameworks/Python.framework/Versions/3.11/lib/python3.11/site-packages/airflow/example_dags/plugins/workday.py
[2023-06-16T12:47:05.576+0700] {processor.py:826} INFO - Processing file /Library/Frameworks/Python.framework/Versions/3.11/lib/python3.11/site-packages/airflow/example_dags/plugins/workday.py for tasks to queue
[2023-06-16T12:47:05.577+0700] {logging_mixin.py:149} INFO - [2023-06-16T12:47:05.577+0700] {dagbag.py:541} INFO - Filling up the DagBag from /Library/Frameworks/Python.framework/Versions/3.11/lib/python3.11/site-packages/airflow/example_dags/plugins/workday.py
[2023-06-16T12:47:05.578+0700] {logging_mixin.py:149} INFO - [2023-06-16T12:47:05.578+0700] {workday.py:36} WARNING - Could not import pandas. Holidays will not be considered.
[2023-06-16T12:47:05.578+0700] {processor.py:838} WARNING - No viable dags retrieved from /Library/Frameworks/Python.framework/Versions/3.11/lib/python3.11/site-packages/airflow/example_dags/plugins/workday.py
[2023-06-16T12:47:06.798+0700] {processor.py:179} INFO - Processing /Library/Frameworks/Python.framework/Versions/3.11/lib/python3.11/site-packages/airflow/example_dags/plugins/workday.py took 1.224 seconds
[2023-06-16T12:50:10.043+0700] {processor.py:157} INFO - Started process (PID=3849) to work on /Library/Frameworks/Python.framework/Versions/3.11/lib/python3.11/site-packages/airflow/example_dags/plugins/workday.py
[2023-06-16T12:50:10.044+0700] {processor.py:826} INFO - Processing file /Library/Frameworks/Python.framework/Versions/3.11/lib/python3.11/site-packages/airflow/example_dags/plugins/workday.py for tasks to queue
[2023-06-16T12:50:10.045+0700] {logging_mixin.py:149} INFO - [2023-06-16T12:50:10.045+0700] {dagbag.py:541} INFO - Filling up the DagBag from /Library/Frameworks/Python.framework/Versions/3.11/lib/python3.11/site-packages/airflow/example_dags/plugins/workday.py
[2023-06-16T12:50:10.047+0700] {logging_mixin.py:149} INFO - [2023-06-16T12:50:10.047+0700] {workday.py:36} WARNING - Could not import pandas. Holidays will not be considered.
[2023-06-16T12:50:10.048+0700] {processor.py:838} WARNING - No viable dags retrieved from /Library/Frameworks/Python.framework/Versions/3.11/lib/python3.11/site-packages/airflow/example_dags/plugins/workday.py
[2023-06-16T12:50:11.179+0700] {processor.py:179} INFO - Processing /Library/Frameworks/Python.framework/Versions/3.11/lib/python3.11/site-packages/airflow/example_dags/plugins/workday.py took 1.138 seconds
[2023-06-16T12:52:41.665+0700] {processor.py:157} INFO - Started process (PID=4216) to work on /Library/Frameworks/Python.framework/Versions/3.11/lib/python3.11/site-packages/airflow/example_dags/plugins/workday.py
[2023-06-16T12:52:41.665+0700] {processor.py:826} INFO - Processing file /Library/Frameworks/Python.framework/Versions/3.11/lib/python3.11/site-packages/airflow/example_dags/plugins/workday.py for tasks to queue
[2023-06-16T12:52:41.666+0700] {logging_mixin.py:149} INFO - [2023-06-16T12:52:41.666+0700] {dagbag.py:541} INFO - Filling up the DagBag from /Library/Frameworks/Python.framework/Versions/3.11/lib/python3.11/site-packages/airflow/example_dags/plugins/workday.py
[2023-06-16T12:52:41.668+0700] {logging_mixin.py:149} INFO - [2023-06-16T12:52:41.668+0700] {workday.py:36} WARNING - Could not import pandas. Holidays will not be considered.
[2023-06-16T12:52:41.668+0700] {processor.py:838} WARNING - No viable dags retrieved from /Library/Frameworks/Python.framework/Versions/3.11/lib/python3.11/site-packages/airflow/example_dags/plugins/workday.py
[2023-06-16T12:52:43.256+0700] {processor.py:179} INFO - Processing /Library/Frameworks/Python.framework/Versions/3.11/lib/python3.11/site-packages/airflow/example_dags/plugins/workday.py took 1.592 seconds
[2023-06-16T12:55:17.984+0700] {processor.py:157} INFO - Started process (PID=4592) to work on /Library/Frameworks/Python.framework/Versions/3.11/lib/python3.11/site-packages/airflow/example_dags/plugins/workday.py
[2023-06-16T12:55:17.985+0700] {processor.py:826} INFO - Processing file /Library/Frameworks/Python.framework/Versions/3.11/lib/python3.11/site-packages/airflow/example_dags/plugins/workday.py for tasks to queue
[2023-06-16T12:55:17.986+0700] {logging_mixin.py:149} INFO - [2023-06-16T12:55:17.986+0700] {dagbag.py:541} INFO - Filling up the DagBag from /Library/Frameworks/Python.framework/Versions/3.11/lib/python3.11/site-packages/airflow/example_dags/plugins/workday.py
[2023-06-16T12:55:17.988+0700] {logging_mixin.py:149} INFO - [2023-06-16T12:55:17.988+0700] {workday.py:36} WARNING - Could not import pandas. Holidays will not be considered.
[2023-06-16T12:55:17.988+0700] {processor.py:838} WARNING - No viable dags retrieved from /Library/Frameworks/Python.framework/Versions/3.11/lib/python3.11/site-packages/airflow/example_dags/plugins/workday.py
[2023-06-16T12:55:19.261+0700] {processor.py:179} INFO - Processing /Library/Frameworks/Python.framework/Versions/3.11/lib/python3.11/site-packages/airflow/example_dags/plugins/workday.py took 1.278 seconds
[2023-06-16T12:57:52.166+0700] {processor.py:157} INFO - Started process (PID=4952) to work on /Library/Frameworks/Python.framework/Versions/3.11/lib/python3.11/site-packages/airflow/example_dags/plugins/workday.py
[2023-06-16T12:57:52.167+0700] {processor.py:826} INFO - Processing file /Library/Frameworks/Python.framework/Versions/3.11/lib/python3.11/site-packages/airflow/example_dags/plugins/workday.py for tasks to queue
[2023-06-16T12:57:52.168+0700] {logging_mixin.py:149} INFO - [2023-06-16T12:57:52.168+0700] {dagbag.py:541} INFO - Filling up the DagBag from /Library/Frameworks/Python.framework/Versions/3.11/lib/python3.11/site-packages/airflow/example_dags/plugins/workday.py
[2023-06-16T12:57:52.170+0700] {logging_mixin.py:149} INFO - [2023-06-16T12:57:52.170+0700] {workday.py:36} WARNING - Could not import pandas. Holidays will not be considered.
[2023-06-16T12:57:52.170+0700] {processor.py:838} WARNING - No viable dags retrieved from /Library/Frameworks/Python.framework/Versions/3.11/lib/python3.11/site-packages/airflow/example_dags/plugins/workday.py
[2023-06-16T12:57:53.366+0700] {processor.py:179} INFO - Processing /Library/Frameworks/Python.framework/Versions/3.11/lib/python3.11/site-packages/airflow/example_dags/plugins/workday.py took 1.201 seconds
[2023-06-16T13:00:32.707+0700] {processor.py:157} INFO - Started process (PID=5399) to work on /Library/Frameworks/Python.framework/Versions/3.11/lib/python3.11/site-packages/airflow/example_dags/plugins/workday.py
[2023-06-16T13:00:32.708+0700] {processor.py:826} INFO - Processing file /Library/Frameworks/Python.framework/Versions/3.11/lib/python3.11/site-packages/airflow/example_dags/plugins/workday.py for tasks to queue
[2023-06-16T13:00:32.709+0700] {logging_mixin.py:149} INFO - [2023-06-16T13:00:32.709+0700] {dagbag.py:541} INFO - Filling up the DagBag from /Library/Frameworks/Python.framework/Versions/3.11/lib/python3.11/site-packages/airflow/example_dags/plugins/workday.py
[2023-06-16T13:00:32.712+0700] {logging_mixin.py:149} INFO - [2023-06-16T13:00:32.711+0700] {workday.py:36} WARNING - Could not import pandas. Holidays will not be considered.
[2023-06-16T13:00:32.712+0700] {processor.py:838} WARNING - No viable dags retrieved from /Library/Frameworks/Python.framework/Versions/3.11/lib/python3.11/site-packages/airflow/example_dags/plugins/workday.py
[2023-06-16T13:00:34.136+0700] {processor.py:179} INFO - Processing /Library/Frameworks/Python.framework/Versions/3.11/lib/python3.11/site-packages/airflow/example_dags/plugins/workday.py took 1.430 seconds
[2023-06-16T13:03:29.375+0700] {processor.py:157} INFO - Started process (PID=5837) to work on /Library/Frameworks/Python.framework/Versions/3.11/lib/python3.11/site-packages/airflow/example_dags/plugins/workday.py
[2023-06-16T13:03:29.377+0700] {processor.py:826} INFO - Processing file /Library/Frameworks/Python.framework/Versions/3.11/lib/python3.11/site-packages/airflow/example_dags/plugins/workday.py for tasks to queue
[2023-06-16T13:03:29.378+0700] {logging_mixin.py:149} INFO - [2023-06-16T13:03:29.378+0700] {dagbag.py:541} INFO - Filling up the DagBag from /Library/Frameworks/Python.framework/Versions/3.11/lib/python3.11/site-packages/airflow/example_dags/plugins/workday.py
[2023-06-16T13:03:29.381+0700] {logging_mixin.py:149} INFO - [2023-06-16T13:03:29.381+0700] {workday.py:36} WARNING - Could not import pandas. Holidays will not be considered.
[2023-06-16T13:03:29.381+0700] {processor.py:838} WARNING - No viable dags retrieved from /Library/Frameworks/Python.framework/Versions/3.11/lib/python3.11/site-packages/airflow/example_dags/plugins/workday.py
[2023-06-16T13:03:30.659+0700] {processor.py:179} INFO - Processing /Library/Frameworks/Python.framework/Versions/3.11/lib/python3.11/site-packages/airflow/example_dags/plugins/workday.py took 1.285 seconds
[2023-06-16T13:06:07.090+0700] {processor.py:157} INFO - Started process (PID=6183) to work on /Library/Frameworks/Python.framework/Versions/3.11/lib/python3.11/site-packages/airflow/example_dags/plugins/workday.py
[2023-06-16T13:06:07.091+0700] {processor.py:826} INFO - Processing file /Library/Frameworks/Python.framework/Versions/3.11/lib/python3.11/site-packages/airflow/example_dags/plugins/workday.py for tasks to queue
[2023-06-16T13:06:07.092+0700] {logging_mixin.py:149} INFO - [2023-06-16T13:06:07.092+0700] {dagbag.py:541} INFO - Filling up the DagBag from /Library/Frameworks/Python.framework/Versions/3.11/lib/python3.11/site-packages/airflow/example_dags/plugins/workday.py
[2023-06-16T13:06:07.095+0700] {logging_mixin.py:149} INFO - [2023-06-16T13:06:07.095+0700] {workday.py:36} WARNING - Could not import pandas. Holidays will not be considered.
[2023-06-16T13:06:07.096+0700] {processor.py:838} WARNING - No viable dags retrieved from /Library/Frameworks/Python.framework/Versions/3.11/lib/python3.11/site-packages/airflow/example_dags/plugins/workday.py
[2023-06-16T13:06:08.480+0700] {processor.py:179} INFO - Processing /Library/Frameworks/Python.framework/Versions/3.11/lib/python3.11/site-packages/airflow/example_dags/plugins/workday.py took 1.391 seconds
[2023-06-16T13:08:45.104+0700] {processor.py:157} INFO - Started process (PID=6551) to work on /Library/Frameworks/Python.framework/Versions/3.11/lib/python3.11/site-packages/airflow/example_dags/plugins/workday.py
[2023-06-16T13:08:45.106+0700] {processor.py:826} INFO - Processing file /Library/Frameworks/Python.framework/Versions/3.11/lib/python3.11/site-packages/airflow/example_dags/plugins/workday.py for tasks to queue
[2023-06-16T13:08:45.107+0700] {logging_mixin.py:149} INFO - [2023-06-16T13:08:45.107+0700] {dagbag.py:541} INFO - Filling up the DagBag from /Library/Frameworks/Python.framework/Versions/3.11/lib/python3.11/site-packages/airflow/example_dags/plugins/workday.py
[2023-06-16T13:08:45.108+0700] {logging_mixin.py:149} INFO - [2023-06-16T13:08:45.108+0700] {workday.py:36} WARNING - Could not import pandas. Holidays will not be considered.
[2023-06-16T13:08:45.108+0700] {processor.py:838} WARNING - No viable dags retrieved from /Library/Frameworks/Python.framework/Versions/3.11/lib/python3.11/site-packages/airflow/example_dags/plugins/workday.py
[2023-06-16T13:08:46.214+0700] {processor.py:179} INFO - Processing /Library/Frameworks/Python.framework/Versions/3.11/lib/python3.11/site-packages/airflow/example_dags/plugins/workday.py took 1.110 seconds
[2023-06-16T13:11:18.548+0700] {processor.py:157} INFO - Started process (PID=6998) to work on /Library/Frameworks/Python.framework/Versions/3.11/lib/python3.11/site-packages/airflow/example_dags/plugins/workday.py
[2023-06-16T13:11:18.550+0700] {processor.py:826} INFO - Processing file /Library/Frameworks/Python.framework/Versions/3.11/lib/python3.11/site-packages/airflow/example_dags/plugins/workday.py for tasks to queue
[2023-06-16T13:11:18.550+0700] {logging_mixin.py:149} INFO - [2023-06-16T13:11:18.550+0700] {dagbag.py:541} INFO - Filling up the DagBag from /Library/Frameworks/Python.framework/Versions/3.11/lib/python3.11/site-packages/airflow/example_dags/plugins/workday.py
[2023-06-16T13:11:18.552+0700] {logging_mixin.py:149} INFO - [2023-06-16T13:11:18.552+0700] {workday.py:36} WARNING - Could not import pandas. Holidays will not be considered.
[2023-06-16T13:11:18.553+0700] {processor.py:838} WARNING - No viable dags retrieved from /Library/Frameworks/Python.framework/Versions/3.11/lib/python3.11/site-packages/airflow/example_dags/plugins/workday.py
[2023-06-16T13:11:19.797+0700] {processor.py:179} INFO - Processing /Library/Frameworks/Python.framework/Versions/3.11/lib/python3.11/site-packages/airflow/example_dags/plugins/workday.py took 1.249 seconds
[2023-06-16T13:14:05.205+0700] {processor.py:157} INFO - Started process (PID=7386) to work on /Library/Frameworks/Python.framework/Versions/3.11/lib/python3.11/site-packages/airflow/example_dags/plugins/workday.py
[2023-06-16T13:14:05.207+0700] {processor.py:826} INFO - Processing file /Library/Frameworks/Python.framework/Versions/3.11/lib/python3.11/site-packages/airflow/example_dags/plugins/workday.py for tasks to queue
[2023-06-16T13:14:05.209+0700] {logging_mixin.py:149} INFO - [2023-06-16T13:14:05.209+0700] {dagbag.py:541} INFO - Filling up the DagBag from /Library/Frameworks/Python.framework/Versions/3.11/lib/python3.11/site-packages/airflow/example_dags/plugins/workday.py
[2023-06-16T13:14:05.212+0700] {logging_mixin.py:149} INFO - [2023-06-16T13:14:05.212+0700] {workday.py:36} WARNING - Could not import pandas. Holidays will not be considered.
[2023-06-16T13:14:05.213+0700] {processor.py:838} WARNING - No viable dags retrieved from /Library/Frameworks/Python.framework/Versions/3.11/lib/python3.11/site-packages/airflow/example_dags/plugins/workday.py
[2023-06-16T13:14:06.680+0700] {processor.py:179} INFO - Processing /Library/Frameworks/Python.framework/Versions/3.11/lib/python3.11/site-packages/airflow/example_dags/plugins/workday.py took 1.477 seconds
[2023-06-16T13:17:18.165+0700] {processor.py:157} INFO - Started process (PID=7814) to work on /Library/Frameworks/Python.framework/Versions/3.11/lib/python3.11/site-packages/airflow/example_dags/plugins/workday.py
[2023-06-16T13:17:18.166+0700] {processor.py:826} INFO - Processing file /Library/Frameworks/Python.framework/Versions/3.11/lib/python3.11/site-packages/airflow/example_dags/plugins/workday.py for tasks to queue
[2023-06-16T13:17:18.167+0700] {logging_mixin.py:149} INFO - [2023-06-16T13:17:18.167+0700] {dagbag.py:541} INFO - Filling up the DagBag from /Library/Frameworks/Python.framework/Versions/3.11/lib/python3.11/site-packages/airflow/example_dags/plugins/workday.py
[2023-06-16T13:17:18.169+0700] {logging_mixin.py:149} INFO - [2023-06-16T13:17:18.168+0700] {workday.py:36} WARNING - Could not import pandas. Holidays will not be considered.
[2023-06-16T13:17:18.169+0700] {processor.py:838} WARNING - No viable dags retrieved from /Library/Frameworks/Python.framework/Versions/3.11/lib/python3.11/site-packages/airflow/example_dags/plugins/workday.py
[2023-06-16T13:17:19.501+0700] {processor.py:179} INFO - Processing /Library/Frameworks/Python.framework/Versions/3.11/lib/python3.11/site-packages/airflow/example_dags/plugins/workday.py took 1.337 seconds
[2023-06-16T13:20:21.758+0700] {processor.py:157} INFO - Started process (PID=8260) to work on /Library/Frameworks/Python.framework/Versions/3.11/lib/python3.11/site-packages/airflow/example_dags/plugins/workday.py
[2023-06-16T13:20:21.759+0700] {processor.py:826} INFO - Processing file /Library/Frameworks/Python.framework/Versions/3.11/lib/python3.11/site-packages/airflow/example_dags/plugins/workday.py for tasks to queue
[2023-06-16T13:20:21.759+0700] {logging_mixin.py:149} INFO - [2023-06-16T13:20:21.759+0700] {dagbag.py:541} INFO - Filling up the DagBag from /Library/Frameworks/Python.framework/Versions/3.11/lib/python3.11/site-packages/airflow/example_dags/plugins/workday.py
[2023-06-16T13:20:21.762+0700] {logging_mixin.py:149} INFO - [2023-06-16T13:20:21.761+0700] {workday.py:36} WARNING - Could not import pandas. Holidays will not be considered.
[2023-06-16T13:20:21.762+0700] {processor.py:838} WARNING - No viable dags retrieved from /Library/Frameworks/Python.framework/Versions/3.11/lib/python3.11/site-packages/airflow/example_dags/plugins/workday.py
[2023-06-16T13:20:23.208+0700] {processor.py:179} INFO - Processing /Library/Frameworks/Python.framework/Versions/3.11/lib/python3.11/site-packages/airflow/example_dags/plugins/workday.py took 1.452 seconds
[2023-06-16T13:23:17.945+0700] {processor.py:157} INFO - Started process (PID=8608) to work on /Library/Frameworks/Python.framework/Versions/3.11/lib/python3.11/site-packages/airflow/example_dags/plugins/workday.py
[2023-06-16T13:23:17.947+0700] {processor.py:826} INFO - Processing file /Library/Frameworks/Python.framework/Versions/3.11/lib/python3.11/site-packages/airflow/example_dags/plugins/workday.py for tasks to queue
[2023-06-16T13:23:17.947+0700] {logging_mixin.py:149} INFO - [2023-06-16T13:23:17.947+0700] {dagbag.py:541} INFO - Filling up the DagBag from /Library/Frameworks/Python.framework/Versions/3.11/lib/python3.11/site-packages/airflow/example_dags/plugins/workday.py
[2023-06-16T13:23:17.949+0700] {logging_mixin.py:149} INFO - [2023-06-16T13:23:17.949+0700] {workday.py:36} WARNING - Could not import pandas. Holidays will not be considered.
[2023-06-16T13:23:17.950+0700] {processor.py:838} WARNING - No viable dags retrieved from /Library/Frameworks/Python.framework/Versions/3.11/lib/python3.11/site-packages/airflow/example_dags/plugins/workday.py
[2023-06-16T13:23:18.964+0700] {processor.py:179} INFO - Processing /Library/Frameworks/Python.framework/Versions/3.11/lib/python3.11/site-packages/airflow/example_dags/plugins/workday.py took 1.020 seconds
[2023-06-16T13:25:36.897+0700] {processor.py:157} INFO - Started process (PID=8954) to work on /Library/Frameworks/Python.framework/Versions/3.11/lib/python3.11/site-packages/airflow/example_dags/plugins/workday.py
[2023-06-16T13:25:36.897+0700] {processor.py:826} INFO - Processing file /Library/Frameworks/Python.framework/Versions/3.11/lib/python3.11/site-packages/airflow/example_dags/plugins/workday.py for tasks to queue
[2023-06-16T13:25:36.898+0700] {logging_mixin.py:149} INFO - [2023-06-16T13:25:36.898+0700] {dagbag.py:541} INFO - Filling up the DagBag from /Library/Frameworks/Python.framework/Versions/3.11/lib/python3.11/site-packages/airflow/example_dags/plugins/workday.py
[2023-06-16T13:25:36.900+0700] {logging_mixin.py:149} INFO - [2023-06-16T13:25:36.900+0700] {workday.py:36} WARNING - Could not import pandas. Holidays will not be considered.
[2023-06-16T13:25:36.900+0700] {processor.py:838} WARNING - No viable dags retrieved from /Library/Frameworks/Python.framework/Versions/3.11/lib/python3.11/site-packages/airflow/example_dags/plugins/workday.py
[2023-06-16T13:25:37.876+0700] {processor.py:179} INFO - Processing /Library/Frameworks/Python.framework/Versions/3.11/lib/python3.11/site-packages/airflow/example_dags/plugins/workday.py took 0.981 seconds
[2023-06-16T13:28:07.459+0700] {processor.py:157} INFO - Started process (PID=9230) to work on /Library/Frameworks/Python.framework/Versions/3.11/lib/python3.11/site-packages/airflow/example_dags/plugins/workday.py
[2023-06-16T13:28:07.460+0700] {processor.py:826} INFO - Processing file /Library/Frameworks/Python.framework/Versions/3.11/lib/python3.11/site-packages/airflow/example_dags/plugins/workday.py for tasks to queue
[2023-06-16T13:28:07.461+0700] {logging_mixin.py:149} INFO - [2023-06-16T13:28:07.461+0700] {dagbag.py:541} INFO - Filling up the DagBag from /Library/Frameworks/Python.framework/Versions/3.11/lib/python3.11/site-packages/airflow/example_dags/plugins/workday.py
[2023-06-16T13:28:07.463+0700] {logging_mixin.py:149} INFO - [2023-06-16T13:28:07.463+0700] {workday.py:36} WARNING - Could not import pandas. Holidays will not be considered.
[2023-06-16T13:28:07.463+0700] {processor.py:838} WARNING - No viable dags retrieved from /Library/Frameworks/Python.framework/Versions/3.11/lib/python3.11/site-packages/airflow/example_dags/plugins/workday.py
[2023-06-16T13:28:08.589+0700] {processor.py:179} INFO - Processing /Library/Frameworks/Python.framework/Versions/3.11/lib/python3.11/site-packages/airflow/example_dags/plugins/workday.py took 1.131 seconds
[2023-06-16T13:30:35.467+0700] {processor.py:157} INFO - Started process (PID=9648) to work on /Library/Frameworks/Python.framework/Versions/3.11/lib/python3.11/site-packages/airflow/example_dags/plugins/workday.py
[2023-06-16T13:30:35.468+0700] {processor.py:826} INFO - Processing file /Library/Frameworks/Python.framework/Versions/3.11/lib/python3.11/site-packages/airflow/example_dags/plugins/workday.py for tasks to queue
[2023-06-16T13:30:35.469+0700] {logging_mixin.py:149} INFO - [2023-06-16T13:30:35.469+0700] {dagbag.py:541} INFO - Filling up the DagBag from /Library/Frameworks/Python.framework/Versions/3.11/lib/python3.11/site-packages/airflow/example_dags/plugins/workday.py
[2023-06-16T13:30:35.471+0700] {logging_mixin.py:149} INFO - [2023-06-16T13:30:35.471+0700] {workday.py:36} WARNING - Could not import pandas. Holidays will not be considered.
[2023-06-16T13:30:35.471+0700] {processor.py:838} WARNING - No viable dags retrieved from /Library/Frameworks/Python.framework/Versions/3.11/lib/python3.11/site-packages/airflow/example_dags/plugins/workday.py
[2023-06-16T13:30:36.564+0700] {processor.py:179} INFO - Processing /Library/Frameworks/Python.framework/Versions/3.11/lib/python3.11/site-packages/airflow/example_dags/plugins/workday.py took 1.097 seconds
[2023-06-16T13:33:08.739+0700] {processor.py:157} INFO - Started process (PID=10130) to work on /Library/Frameworks/Python.framework/Versions/3.11/lib/python3.11/site-packages/airflow/example_dags/plugins/workday.py
[2023-06-16T13:33:08.740+0700] {processor.py:826} INFO - Processing file /Library/Frameworks/Python.framework/Versions/3.11/lib/python3.11/site-packages/airflow/example_dags/plugins/workday.py for tasks to queue
[2023-06-16T13:33:08.763+0700] {logging_mixin.py:149} INFO - [2023-06-16T13:33:08.762+0700] {dagbag.py:541} INFO - Filling up the DagBag from /Library/Frameworks/Python.framework/Versions/3.11/lib/python3.11/site-packages/airflow/example_dags/plugins/workday.py
[2023-06-16T13:33:08.785+0700] {logging_mixin.py:149} INFO - [2023-06-16T13:33:08.785+0700] {workday.py:36} WARNING - Could not import pandas. Holidays will not be considered.
[2023-06-16T13:33:08.786+0700] {processor.py:838} WARNING - No viable dags retrieved from /Library/Frameworks/Python.framework/Versions/3.11/lib/python3.11/site-packages/airflow/example_dags/plugins/workday.py
[2023-06-16T13:33:10.014+0700] {processor.py:179} INFO - Processing /Library/Frameworks/Python.framework/Versions/3.11/lib/python3.11/site-packages/airflow/example_dags/plugins/workday.py took 1.276 seconds
[2023-06-16T13:36:04.031+0700] {processor.py:157} INFO - Started process (PID=10574) to work on /Library/Frameworks/Python.framework/Versions/3.11/lib/python3.11/site-packages/airflow/example_dags/plugins/workday.py
[2023-06-16T13:36:04.032+0700] {processor.py:826} INFO - Processing file /Library/Frameworks/Python.framework/Versions/3.11/lib/python3.11/site-packages/airflow/example_dags/plugins/workday.py for tasks to queue
[2023-06-16T13:36:04.032+0700] {logging_mixin.py:149} INFO - [2023-06-16T13:36:04.032+0700] {dagbag.py:541} INFO - Filling up the DagBag from /Library/Frameworks/Python.framework/Versions/3.11/lib/python3.11/site-packages/airflow/example_dags/plugins/workday.py
[2023-06-16T13:36:04.034+0700] {logging_mixin.py:149} INFO - [2023-06-16T13:36:04.034+0700] {workday.py:36} WARNING - Could not import pandas. Holidays will not be considered.
[2023-06-16T13:36:04.034+0700] {processor.py:838} WARNING - No viable dags retrieved from /Library/Frameworks/Python.framework/Versions/3.11/lib/python3.11/site-packages/airflow/example_dags/plugins/workday.py
[2023-06-16T13:36:05.146+0700] {processor.py:179} INFO - Processing /Library/Frameworks/Python.framework/Versions/3.11/lib/python3.11/site-packages/airflow/example_dags/plugins/workday.py took 1.116 seconds
[2023-06-16T13:38:46.404+0700] {processor.py:157} INFO - Started process (PID=10947) to work on /Library/Frameworks/Python.framework/Versions/3.11/lib/python3.11/site-packages/airflow/example_dags/plugins/workday.py
[2023-06-16T13:38:46.406+0700] {processor.py:826} INFO - Processing file /Library/Frameworks/Python.framework/Versions/3.11/lib/python3.11/site-packages/airflow/example_dags/plugins/workday.py for tasks to queue
[2023-06-16T13:38:46.406+0700] {logging_mixin.py:149} INFO - [2023-06-16T13:38:46.406+0700] {dagbag.py:541} INFO - Filling up the DagBag from /Library/Frameworks/Python.framework/Versions/3.11/lib/python3.11/site-packages/airflow/example_dags/plugins/workday.py
[2023-06-16T13:38:46.408+0700] {logging_mixin.py:149} INFO - [2023-06-16T13:38:46.408+0700] {workday.py:36} WARNING - Could not import pandas. Holidays will not be considered.
[2023-06-16T13:38:46.409+0700] {processor.py:838} WARNING - No viable dags retrieved from /Library/Frameworks/Python.framework/Versions/3.11/lib/python3.11/site-packages/airflow/example_dags/plugins/workday.py
[2023-06-16T13:38:47.891+0700] {processor.py:179} INFO - Processing /Library/Frameworks/Python.framework/Versions/3.11/lib/python3.11/site-packages/airflow/example_dags/plugins/workday.py took 1.488 seconds
[2023-06-16T13:41:17.660+0700] {processor.py:157} INFO - Started process (PID=11265) to work on /Library/Frameworks/Python.framework/Versions/3.11/lib/python3.11/site-packages/airflow/example_dags/plugins/workday.py
[2023-06-16T13:41:17.662+0700] {processor.py:826} INFO - Processing file /Library/Frameworks/Python.framework/Versions/3.11/lib/python3.11/site-packages/airflow/example_dags/plugins/workday.py for tasks to queue
[2023-06-16T13:41:17.662+0700] {logging_mixin.py:149} INFO - [2023-06-16T13:41:17.662+0700] {dagbag.py:541} INFO - Filling up the DagBag from /Library/Frameworks/Python.framework/Versions/3.11/lib/python3.11/site-packages/airflow/example_dags/plugins/workday.py
[2023-06-16T13:41:17.664+0700] {logging_mixin.py:149} INFO - [2023-06-16T13:41:17.664+0700] {workday.py:36} WARNING - Could not import pandas. Holidays will not be considered.
[2023-06-16T13:41:17.665+0700] {processor.py:838} WARNING - No viable dags retrieved from /Library/Frameworks/Python.framework/Versions/3.11/lib/python3.11/site-packages/airflow/example_dags/plugins/workday.py
[2023-06-16T13:41:18.996+0700] {processor.py:179} INFO - Processing /Library/Frameworks/Python.framework/Versions/3.11/lib/python3.11/site-packages/airflow/example_dags/plugins/workday.py took 1.337 seconds
[2023-06-16T13:44:02.998+0700] {processor.py:157} INFO - Started process (PID=11593) to work on /Library/Frameworks/Python.framework/Versions/3.11/lib/python3.11/site-packages/airflow/example_dags/plugins/workday.py
[2023-06-16T13:44:03.000+0700] {processor.py:826} INFO - Processing file /Library/Frameworks/Python.framework/Versions/3.11/lib/python3.11/site-packages/airflow/example_dags/plugins/workday.py for tasks to queue
[2023-06-16T13:44:03.001+0700] {logging_mixin.py:149} INFO - [2023-06-16T13:44:03.001+0700] {dagbag.py:541} INFO - Filling up the DagBag from /Library/Frameworks/Python.framework/Versions/3.11/lib/python3.11/site-packages/airflow/example_dags/plugins/workday.py
[2023-06-16T13:44:03.003+0700] {logging_mixin.py:149} INFO - [2023-06-16T13:44:03.003+0700] {workday.py:36} WARNING - Could not import pandas. Holidays will not be considered.
[2023-06-16T13:44:03.003+0700] {processor.py:838} WARNING - No viable dags retrieved from /Library/Frameworks/Python.framework/Versions/3.11/lib/python3.11/site-packages/airflow/example_dags/plugins/workday.py
[2023-06-16T13:44:04.099+0700] {processor.py:179} INFO - Processing /Library/Frameworks/Python.framework/Versions/3.11/lib/python3.11/site-packages/airflow/example_dags/plugins/workday.py took 1.102 seconds
[2023-06-16T13:46:50.332+0700] {processor.py:157} INFO - Started process (PID=11951) to work on /Library/Frameworks/Python.framework/Versions/3.11/lib/python3.11/site-packages/airflow/example_dags/plugins/workday.py
[2023-06-16T13:46:50.333+0700] {processor.py:826} INFO - Processing file /Library/Frameworks/Python.framework/Versions/3.11/lib/python3.11/site-packages/airflow/example_dags/plugins/workday.py for tasks to queue
[2023-06-16T13:46:50.334+0700] {logging_mixin.py:149} INFO - [2023-06-16T13:46:50.334+0700] {dagbag.py:541} INFO - Filling up the DagBag from /Library/Frameworks/Python.framework/Versions/3.11/lib/python3.11/site-packages/airflow/example_dags/plugins/workday.py
[2023-06-16T13:46:50.336+0700] {logging_mixin.py:149} INFO - [2023-06-16T13:46:50.336+0700] {workday.py:36} WARNING - Could not import pandas. Holidays will not be considered.
[2023-06-16T13:46:50.336+0700] {processor.py:838} WARNING - No viable dags retrieved from /Library/Frameworks/Python.framework/Versions/3.11/lib/python3.11/site-packages/airflow/example_dags/plugins/workday.py
[2023-06-16T13:46:51.463+0700] {processor.py:179} INFO - Processing /Library/Frameworks/Python.framework/Versions/3.11/lib/python3.11/site-packages/airflow/example_dags/plugins/workday.py took 1.132 seconds
[2023-06-16T13:50:53.339+0700] {processor.py:157} INFO - Started process (PID=12240) to work on /Library/Frameworks/Python.framework/Versions/3.11/lib/python3.11/site-packages/airflow/example_dags/plugins/workday.py
[2023-06-16T13:50:53.340+0700] {processor.py:826} INFO - Processing file /Library/Frameworks/Python.framework/Versions/3.11/lib/python3.11/site-packages/airflow/example_dags/plugins/workday.py for tasks to queue
[2023-06-16T13:50:53.340+0700] {logging_mixin.py:149} INFO - [2023-06-16T13:50:53.340+0700] {dagbag.py:541} INFO - Filling up the DagBag from /Library/Frameworks/Python.framework/Versions/3.11/lib/python3.11/site-packages/airflow/example_dags/plugins/workday.py
[2023-06-16T13:50:53.343+0700] {logging_mixin.py:149} INFO - [2023-06-16T13:50:53.342+0700] {workday.py:36} WARNING - Could not import pandas. Holidays will not be considered.
[2023-06-16T13:50:53.343+0700] {processor.py:838} WARNING - No viable dags retrieved from /Library/Frameworks/Python.framework/Versions/3.11/lib/python3.11/site-packages/airflow/example_dags/plugins/workday.py
[2023-06-16T13:50:54.884+0700] {processor.py:179} INFO - Processing /Library/Frameworks/Python.framework/Versions/3.11/lib/python3.11/site-packages/airflow/example_dags/plugins/workday.py took 1.547 seconds
[2023-06-16T13:53:41.487+0700] {processor.py:157} INFO - Started process (PID=12667) to work on /Library/Frameworks/Python.framework/Versions/3.11/lib/python3.11/site-packages/airflow/example_dags/plugins/workday.py
[2023-06-16T13:53:41.489+0700] {processor.py:826} INFO - Processing file /Library/Frameworks/Python.framework/Versions/3.11/lib/python3.11/site-packages/airflow/example_dags/plugins/workday.py for tasks to queue
[2023-06-16T13:53:41.489+0700] {logging_mixin.py:149} INFO - [2023-06-16T13:53:41.489+0700] {dagbag.py:541} INFO - Filling up the DagBag from /Library/Frameworks/Python.framework/Versions/3.11/lib/python3.11/site-packages/airflow/example_dags/plugins/workday.py
[2023-06-16T13:53:41.491+0700] {logging_mixin.py:149} INFO - [2023-06-16T13:53:41.491+0700] {workday.py:36} WARNING - Could not import pandas. Holidays will not be considered.
[2023-06-16T13:53:41.492+0700] {processor.py:838} WARNING - No viable dags retrieved from /Library/Frameworks/Python.framework/Versions/3.11/lib/python3.11/site-packages/airflow/example_dags/plugins/workday.py
[2023-06-16T13:53:42.585+0700] {processor.py:179} INFO - Processing /Library/Frameworks/Python.framework/Versions/3.11/lib/python3.11/site-packages/airflow/example_dags/plugins/workday.py took 1.099 seconds
[2023-06-16T13:56:25.223+0700] {processor.py:157} INFO - Started process (PID=13061) to work on /Library/Frameworks/Python.framework/Versions/3.11/lib/python3.11/site-packages/airflow/example_dags/plugins/workday.py
[2023-06-16T13:56:25.223+0700] {processor.py:826} INFO - Processing file /Library/Frameworks/Python.framework/Versions/3.11/lib/python3.11/site-packages/airflow/example_dags/plugins/workday.py for tasks to queue
[2023-06-16T13:56:25.224+0700] {logging_mixin.py:149} INFO - [2023-06-16T13:56:25.224+0700] {dagbag.py:541} INFO - Filling up the DagBag from /Library/Frameworks/Python.framework/Versions/3.11/lib/python3.11/site-packages/airflow/example_dags/plugins/workday.py
[2023-06-16T13:56:25.225+0700] {logging_mixin.py:149} INFO - [2023-06-16T13:56:25.225+0700] {workday.py:36} WARNING - Could not import pandas. Holidays will not be considered.
[2023-06-16T13:56:25.225+0700] {processor.py:838} WARNING - No viable dags retrieved from /Library/Frameworks/Python.framework/Versions/3.11/lib/python3.11/site-packages/airflow/example_dags/plugins/workday.py
[2023-06-16T13:56:26.182+0700] {processor.py:179} INFO - Processing /Library/Frameworks/Python.framework/Versions/3.11/lib/python3.11/site-packages/airflow/example_dags/plugins/workday.py took 0.960 seconds
[2023-06-16T13:59:03.994+0700] {processor.py:157} INFO - Started process (PID=13363) to work on /Library/Frameworks/Python.framework/Versions/3.11/lib/python3.11/site-packages/airflow/example_dags/plugins/workday.py
[2023-06-16T13:59:03.995+0700] {processor.py:826} INFO - Processing file /Library/Frameworks/Python.framework/Versions/3.11/lib/python3.11/site-packages/airflow/example_dags/plugins/workday.py for tasks to queue
[2023-06-16T13:59:03.995+0700] {logging_mixin.py:149} INFO - [2023-06-16T13:59:03.995+0700] {dagbag.py:541} INFO - Filling up the DagBag from /Library/Frameworks/Python.framework/Versions/3.11/lib/python3.11/site-packages/airflow/example_dags/plugins/workday.py
[2023-06-16T13:59:03.997+0700] {logging_mixin.py:149} INFO - [2023-06-16T13:59:03.996+0700] {workday.py:36} WARNING - Could not import pandas. Holidays will not be considered.
[2023-06-16T13:59:03.997+0700] {processor.py:838} WARNING - No viable dags retrieved from /Library/Frameworks/Python.framework/Versions/3.11/lib/python3.11/site-packages/airflow/example_dags/plugins/workday.py
[2023-06-16T13:59:05.108+0700] {processor.py:179} INFO - Processing /Library/Frameworks/Python.framework/Versions/3.11/lib/python3.11/site-packages/airflow/example_dags/plugins/workday.py took 1.115 seconds
[2023-06-16T14:01:34.779+0700] {processor.py:157} INFO - Started process (PID=13693) to work on /Library/Frameworks/Python.framework/Versions/3.11/lib/python3.11/site-packages/airflow/example_dags/plugins/workday.py
[2023-06-16T14:01:34.779+0700] {processor.py:826} INFO - Processing file /Library/Frameworks/Python.framework/Versions/3.11/lib/python3.11/site-packages/airflow/example_dags/plugins/workday.py for tasks to queue
[2023-06-16T14:01:34.780+0700] {logging_mixin.py:149} INFO - [2023-06-16T14:01:34.780+0700] {dagbag.py:541} INFO - Filling up the DagBag from /Library/Frameworks/Python.framework/Versions/3.11/lib/python3.11/site-packages/airflow/example_dags/plugins/workday.py
[2023-06-16T14:01:34.781+0700] {logging_mixin.py:149} INFO - [2023-06-16T14:01:34.781+0700] {workday.py:36} WARNING - Could not import pandas. Holidays will not be considered.
[2023-06-16T14:01:34.782+0700] {processor.py:838} WARNING - No viable dags retrieved from /Library/Frameworks/Python.framework/Versions/3.11/lib/python3.11/site-packages/airflow/example_dags/plugins/workday.py
[2023-06-16T14:01:35.909+0700] {processor.py:179} INFO - Processing /Library/Frameworks/Python.framework/Versions/3.11/lib/python3.11/site-packages/airflow/example_dags/plugins/workday.py took 1.131 seconds
[2023-06-16T14:03:58.715+0700] {processor.py:157} INFO - Started process (PID=13975) to work on /Library/Frameworks/Python.framework/Versions/3.11/lib/python3.11/site-packages/airflow/example_dags/plugins/workday.py
[2023-06-16T14:03:58.716+0700] {processor.py:826} INFO - Processing file /Library/Frameworks/Python.framework/Versions/3.11/lib/python3.11/site-packages/airflow/example_dags/plugins/workday.py for tasks to queue
[2023-06-16T14:03:58.716+0700] {logging_mixin.py:149} INFO - [2023-06-16T14:03:58.716+0700] {dagbag.py:541} INFO - Filling up the DagBag from /Library/Frameworks/Python.framework/Versions/3.11/lib/python3.11/site-packages/airflow/example_dags/plugins/workday.py
[2023-06-16T14:03:58.718+0700] {logging_mixin.py:149} INFO - [2023-06-16T14:03:58.717+0700] {workday.py:36} WARNING - Could not import pandas. Holidays will not be considered.
[2023-06-16T14:03:58.718+0700] {processor.py:838} WARNING - No viable dags retrieved from /Library/Frameworks/Python.framework/Versions/3.11/lib/python3.11/site-packages/airflow/example_dags/plugins/workday.py
[2023-06-16T14:03:59.732+0700] {processor.py:179} INFO - Processing /Library/Frameworks/Python.framework/Versions/3.11/lib/python3.11/site-packages/airflow/example_dags/plugins/workday.py took 1.018 seconds
[2023-06-16T14:06:42.355+0700] {processor.py:157} INFO - Started process (PID=14380) to work on /Library/Frameworks/Python.framework/Versions/3.11/lib/python3.11/site-packages/airflow/example_dags/plugins/workday.py
[2023-06-16T14:06:42.356+0700] {processor.py:826} INFO - Processing file /Library/Frameworks/Python.framework/Versions/3.11/lib/python3.11/site-packages/airflow/example_dags/plugins/workday.py for tasks to queue
[2023-06-16T14:06:42.357+0700] {logging_mixin.py:149} INFO - [2023-06-16T14:06:42.357+0700] {dagbag.py:541} INFO - Filling up the DagBag from /Library/Frameworks/Python.framework/Versions/3.11/lib/python3.11/site-packages/airflow/example_dags/plugins/workday.py
[2023-06-16T14:06:42.359+0700] {logging_mixin.py:149} INFO - [2023-06-16T14:06:42.359+0700] {workday.py:36} WARNING - Could not import pandas. Holidays will not be considered.
[2023-06-16T14:06:42.360+0700] {processor.py:838} WARNING - No viable dags retrieved from /Library/Frameworks/Python.framework/Versions/3.11/lib/python3.11/site-packages/airflow/example_dags/plugins/workday.py
[2023-06-16T14:06:43.762+0700] {processor.py:179} INFO - Processing /Library/Frameworks/Python.framework/Versions/3.11/lib/python3.11/site-packages/airflow/example_dags/plugins/workday.py took 1.408 seconds
[2023-06-16T14:09:24.971+0700] {processor.py:157} INFO - Started process (PID=14927) to work on /Library/Frameworks/Python.framework/Versions/3.11/lib/python3.11/site-packages/airflow/example_dags/plugins/workday.py
[2023-06-16T14:09:24.972+0700] {processor.py:826} INFO - Processing file /Library/Frameworks/Python.framework/Versions/3.11/lib/python3.11/site-packages/airflow/example_dags/plugins/workday.py for tasks to queue
[2023-06-16T14:09:24.972+0700] {logging_mixin.py:149} INFO - [2023-06-16T14:09:24.972+0700] {dagbag.py:541} INFO - Filling up the DagBag from /Library/Frameworks/Python.framework/Versions/3.11/lib/python3.11/site-packages/airflow/example_dags/plugins/workday.py
[2023-06-16T14:09:24.974+0700] {logging_mixin.py:149} INFO - [2023-06-16T14:09:24.974+0700] {workday.py:36} WARNING - Could not import pandas. Holidays will not be considered.
[2023-06-16T14:09:24.974+0700] {processor.py:838} WARNING - No viable dags retrieved from /Library/Frameworks/Python.framework/Versions/3.11/lib/python3.11/site-packages/airflow/example_dags/plugins/workday.py
[2023-06-16T14:09:26.064+0700] {processor.py:179} INFO - Processing /Library/Frameworks/Python.framework/Versions/3.11/lib/python3.11/site-packages/airflow/example_dags/plugins/workday.py took 1.094 seconds
