[2023-06-16T11:59:55.476+0700] {taskinstance.py:1103} INFO - Dependencies all met for dep_context=non-requeueable deps ti=<TaskInstance: thethree_reqif_to_rst.upload_to_github manual__2023-06-16T04:59:26+00:00 [queued]>
[2023-06-16T11:59:55.490+0700] {taskinstance.py:1103} INFO - Dependencies all met for dep_context=requeueable deps ti=<TaskInstance: thethree_reqif_to_rst.upload_to_github manual__2023-06-16T04:59:26+00:00 [queued]>
[2023-06-16T11:59:55.490+0700] {taskinstance.py:1308} INFO - Starting attempt 1 of 0
[2023-06-16T11:59:55.509+0700] {taskinstance.py:1327} INFO - Executing <Task(PythonOperator): upload_to_github> on 2023-06-16 04:59:26+00:00
[2023-06-16T11:59:55.513+0700] {standard_task_runner.py:57} INFO - Started process 96579 to run task
[2023-06-16T11:59:55.522+0700] {standard_task_runner.py:84} INFO - Running: ['airflow', 'tasks', 'run', 'thethree_reqif_to_rst', 'upload_to_github', 'manual__2023-06-16T04:59:26+00:00', '--job-id', '280', '--raw', '--subdir', 'DAGS_FOLDER/mainflow.py', '--cfg-path', '/var/folders/v7/qsb_cvl92z92z6jf7g1jc0zr0000gn/T/tmppxrfi99x']
[2023-06-16T11:59:55.524+0700] {standard_task_runner.py:85} INFO - Job 280: Subtask upload_to_github
[2023-06-16T11:59:55.604+0700] {task_command.py:410} INFO - Running <TaskInstance: thethree_reqif_to_rst.upload_to_github manual__2023-06-16T04:59:26+00:00 [running]> on host macbook-pro.local
[2023-06-16T11:59:55.674+0700] {taskinstance.py:1545} INFO - Exporting env vars: AIRFLOW_CTX_DAG_OWNER='The Three' AIRFLOW_CTX_DAG_ID='thethree_reqif_to_rst' AIRFLOW_CTX_TASK_ID='upload_to_github' AIRFLOW_CTX_EXECUTION_DATE='2023-06-16T04:59:26+00:00' AIRFLOW_CTX_TRY_NUMBER='1' AIRFLOW_CTX_DAG_RUN_ID='manual__2023-06-16T04:59:26+00:00'
[2023-06-16T11:59:55.687+0700] {mainflow.py:48} INFO - {'AUTHENTICATION': {'TOKEN': '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', 'USERNAME': 'nxquang-al'}, 'MESSAGE': 'test-github-access-token', 'REPOSITORY': {'BRANCH': 'main', 'NAME': 'Test-github-api', 'OWNER': 'R2th'}}
[2023-06-16T11:59:55.688+0700] {mainflow.py:49} INFO - /Users/lap14202/.airflow/data/Requirements.rst
[2023-06-16T11:59:55.689+0700] {upload_to_github.py:21} INFO - https://api.github.com/repos/R2th/Test-github-api/contents/Users/lap14202/.airflow/data/Requirements.rst
[2023-06-16T11:59:55.689+0700] {upload_to_github.py:22} INFO - {'Authorization': 'Bearer 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', 'Content-Type': 'application/vnd.github+json', 'User-Agent': 'Mozilla/5.0 (Macintosh; Intel Mac OS X 10_15_7) AppleWebKit/537.36 (KHTML, like Gecko) Chrome/114.0.0.0 Safari/537.36'}
[2023-06-16T11:59:55.690+0700] {upload_to_github.py:23} INFO - main
[2023-06-16T11:59:56.247+0700] {upload_to_github.py:34} INFO - 200
[2023-06-16T11:59:56.248+0700] {upload_to_github.py:35} INFO - {
  "name": "Requirements.rst",
  "path": "Users/lap14202/.airflow/data/Requirements.rst",
  "sha": "51ca0865a6eec4b5641934f261ed8bc9217b041a",
  "size": 50,
  "url": "https://api.github.com/repos/R2th/Test-github-api/contents/Users/lap14202/.airflow/data/Requirements.rst?ref=main",
  "html_url": "https://github.com/R2th/Test-github-api/blob/main/Users/lap14202/.airflow/data/Requirements.rst",
  "git_url": "https://api.github.com/repos/R2th/Test-github-api/git/blobs/51ca0865a6eec4b5641934f261ed8bc9217b041a",
  "download_url": "https://raw.githubusercontent.com/R2th/Test-github-api/main/Users/lap14202/.airflow/data/Requirements.rst",
  "type": "file",
  "content": "Cj09PT09PT09PT09PT09PQpFQ1VfUmVxdWlyZW1lbnQKPT09PT09PT09PT09\nPT09Cgo=\n",
  "encoding": "base64",
  "_links": {
    "self": "https://api.github.com/repos/R2th/Test-github-api/contents/Users/lap14202/.airflow/data/Requirements.rst?ref=main",
    "git": "https://api.github.com/repos/R2th/Test-github-api/git/blobs/51ca0865a6eec4b5641934f261ed8bc9217b041a",
    "html": "https://github.com/R2th/Test-github-api/blob/main/Users/lap14202/.airflow/data/Requirements.rst"
  }
}

[2023-06-16T11:59:56.248+0700] {upload_to_github.py:36} INFO - [('Server', 'GitHub.com'), ('Date', 'Fri, 16 Jun 2023 04:59:56 GMT'), ('Content-Type', 'application/json; charset=utf-8'), ('Content-Length', '1146'), ('Cache-Control', 'private, max-age=60, s-maxage=60'), ('Vary', 'Accept, Authorization, Cookie, X-GitHub-OTP'), ('ETag', '"51ca0865a6eec4b5641934f261ed8bc9217b041a"'), ('Last-Modified', 'Fri, 16 Jun 2023 03:19:18 GMT'), ('X-OAuth-Scopes', 'admin:repo_hook, admin:ssh_signing_key, project, repo, workflow'), ('X-Accepted-OAuth-Scopes', ''), ('github-authentication-token-expiration', '2023-07-18 03:00:56 UTC'), ('X-GitHub-Media-Type', 'github.v3; format=json'), ('x-github-api-version-selected', '2022-11-28'), ('X-RateLimit-Limit', '5000'), ('X-RateLimit-Remaining', '4992'), ('X-RateLimit-Reset', '1686893402'), ('X-RateLimit-Used', '8'), ('X-RateLimit-Resource', 'core'), ('Access-Control-Expose-Headers', 'ETag, Link, Location, Retry-After, X-GitHub-OTP, X-RateLimit-Limit, X-RateLimit-Remaining, X-RateLimit-Used, X-RateLimit-Resource, X-RateLimit-Reset, X-OAuth-Scopes, X-Accepted-OAuth-Scopes, X-Poll-Interval, X-GitHub-Media-Type, X-GitHub-SSO, X-GitHub-Request-Id, Deprecation, Sunset'), ('Access-Control-Allow-Origin', '*'), ('Strict-Transport-Security', 'max-age=31536000; includeSubdomains; preload'), ('X-Frame-Options', 'deny'), ('X-Content-Type-Options', 'nosniff'), ('X-XSS-Protection', '0'), ('Referrer-Policy', 'origin-when-cross-origin, strict-origin-when-cross-origin'), ('Content-Security-Policy', "default-src 'none'"), ('Vary', 'Accept-Encoding, Accept, X-Requested-With'), ('X-GitHub-Request-Id', 'CC88:71EE:2C8CBC:2EF330:648BEC4B')]
[2023-06-16T11:59:56.249+0700] {upload_to_github.py:40} INFO - Retrieve SHA successfully!
[2023-06-16T11:59:56.930+0700] {logging_mixin.py:149} INFO - 200 - Overwrite successfully!
[2023-06-16T11:59:56.934+0700] {python.py:183} INFO - Done. Returned value was: None
[2023-06-16T11:59:56.943+0700] {taskinstance.py:1345} INFO - Marking task as SUCCESS. dag_id=thethree_reqif_to_rst, task_id=upload_to_github, execution_date=20230616T045926, start_date=20230616T045955, end_date=20230616T045956
[2023-06-16T11:59:57.004+0700] {local_task_job_runner.py:225} INFO - Task exited with return code 0
[2023-06-16T11:59:57.028+0700] {taskinstance.py:2651} INFO - 1 downstream tasks scheduled from follow-on schedule check
