[2023-06-16T12:48:22.145+0700] {taskinstance.py:1103} INFO - Dependencies all met for dep_context=non-requeueable deps ti=<TaskInstance: thethree_reqif_to_rst.upload_to_github manual__2023-06-16T05:47:49+00:00 [queued]>
[2023-06-16T12:48:22.155+0700] {taskinstance.py:1103} INFO - Dependencies all met for dep_context=requeueable deps ti=<TaskInstance: thethree_reqif_to_rst.upload_to_github manual__2023-06-16T05:47:49+00:00 [queued]>
[2023-06-16T12:48:22.155+0700] {taskinstance.py:1308} INFO - Starting attempt 1 of 0
[2023-06-16T12:48:22.168+0700] {taskinstance.py:1327} INFO - Executing <Task(PythonOperator): upload_to_github> on 2023-06-16 05:47:49+00:00
[2023-06-16T12:48:22.171+0700] {standard_task_runner.py:57} INFO - Started process 3635 to run task
[2023-06-16T12:48:22.179+0700] {standard_task_runner.py:84} INFO - Running: ['airflow', 'tasks', 'run', 'thethree_reqif_to_rst', 'upload_to_github', 'manual__2023-06-16T05:47:49+00:00', '--job-id', '318', '--raw', '--subdir', 'DAGS_FOLDER/mainflow.py', '--cfg-path', '/var/folders/v7/qsb_cvl92z92z6jf7g1jc0zr0000gn/T/tmpkzq7kpzx']
[2023-06-16T12:48:22.182+0700] {standard_task_runner.py:85} INFO - Job 318: Subtask upload_to_github
[2023-06-16T12:48:22.246+0700] {task_command.py:410} INFO - Running <TaskInstance: thethree_reqif_to_rst.upload_to_github manual__2023-06-16T05:47:49+00:00 [running]> on host macbook-pro.local
[2023-06-16T12:48:22.310+0700] {taskinstance.py:1545} INFO - Exporting env vars: AIRFLOW_CTX_DAG_OWNER='The Three' AIRFLOW_CTX_DAG_ID='thethree_reqif_to_rst' AIRFLOW_CTX_TASK_ID='upload_to_github' AIRFLOW_CTX_EXECUTION_DATE='2023-06-16T05:47:49+00:00' AIRFLOW_CTX_TRY_NUMBER='1' AIRFLOW_CTX_DAG_RUN_ID='manual__2023-06-16T05:47:49+00:00'
[2023-06-16T12:48:22.926+0700] {logging_mixin.py:149} INFO - 404
[2023-06-16T12:48:22.927+0700] {logging_mixin.py:149} INFO - {
  "message": "Not Found",
  "documentation_url": "https://docs.github.com/rest/reference/repos#get-repository-content"
}
[2023-06-16T12:48:22.927+0700] {logging_mixin.py:149} INFO - File does not exist!
[2023-06-16T12:48:23.640+0700] {logging_mixin.py:149} INFO - 201 - Push a new file successfully!
[2023-06-16T12:48:23.643+0700] {python.py:183} INFO - Done. Returned value was: None
[2023-06-16T12:48:23.649+0700] {taskinstance.py:1345} INFO - Marking task as SUCCESS. dag_id=thethree_reqif_to_rst, task_id=upload_to_github, execution_date=20230616T054749, start_date=20230616T054822, end_date=20230616T054823
[2023-06-16T12:48:23.694+0700] {local_task_job_runner.py:225} INFO - Task exited with return code 0
[2023-06-16T12:48:23.716+0700] {taskinstance.py:2651} INFO - 1 downstream tasks scheduled from follow-on schedule check
