[2023-06-16T18:46:32.089+0000] {processor.py:157} INFO - Started process (PID=258) to work on /opt/airflow/dags/mainflow.py
[2023-06-16T18:46:32.092+0000] {processor.py:826} INFO - Processing file /opt/airflow/dags/mainflow.py for tasks to queue
[2023-06-16T18:46:32.095+0000] {logging_mixin.py:149} INFO - [2023-06-16T18:46:32.095+0000] {dagbag.py:541} INFO - Filling up the DagBag from /opt/airflow/dags/mainflow.py
[2023-06-16T18:46:32.117+0000] {processor.py:836} INFO - DAG(s) dict_keys(['thethree_reqif_to_rst']) retrieved from /opt/airflow/dags/mainflow.py
[2023-06-16T18:46:32.189+0000] {logging_mixin.py:149} INFO - [2023-06-16T18:46:32.189+0000] {dag.py:2726} INFO - Sync 1 DAGs
[2023-06-16T18:46:32.261+0000] {logging_mixin.py:149} INFO - [2023-06-16T18:46:32.261+0000] {dag.py:3490} INFO - Setting next_dagrun for thethree_reqif_to_rst to None, run_after=None
[2023-06-16T18:46:32.312+0000] {processor.py:179} INFO - Processing /opt/airflow/dags/mainflow.py took 0.234 seconds
[2023-06-16T18:47:02.667+0000] {processor.py:157} INFO - Started process (PID=315) to work on /opt/airflow/dags/mainflow.py
[2023-06-16T18:47:02.672+0000] {processor.py:826} INFO - Processing file /opt/airflow/dags/mainflow.py for tasks to queue
[2023-06-16T18:47:02.676+0000] {logging_mixin.py:149} INFO - [2023-06-16T18:47:02.675+0000] {dagbag.py:541} INFO - Filling up the DagBag from /opt/airflow/dags/mainflow.py
[2023-06-16T18:47:02.700+0000] {processor.py:836} INFO - DAG(s) dict_keys(['thethree_reqif_to_rst']) retrieved from /opt/airflow/dags/mainflow.py
[2023-06-16T18:47:02.755+0000] {logging_mixin.py:149} INFO - [2023-06-16T18:47:02.755+0000] {dag.py:2726} INFO - Sync 1 DAGs
[2023-06-16T18:47:02.811+0000] {logging_mixin.py:149} INFO - [2023-06-16T18:47:02.811+0000] {dag.py:3490} INFO - Setting next_dagrun for thethree_reqif_to_rst to None, run_after=None
[2023-06-16T18:47:02.851+0000] {processor.py:179} INFO - Processing /opt/airflow/dags/mainflow.py took 0.192 seconds
[2023-06-16T18:47:33.769+0000] {processor.py:157} INFO - Started process (PID=372) to work on /opt/airflow/dags/mainflow.py
[2023-06-16T18:47:33.773+0000] {processor.py:826} INFO - Processing file /opt/airflow/dags/mainflow.py for tasks to queue
[2023-06-16T18:47:33.777+0000] {logging_mixin.py:149} INFO - [2023-06-16T18:47:33.776+0000] {dagbag.py:541} INFO - Filling up the DagBag from /opt/airflow/dags/mainflow.py
[2023-06-16T18:47:33.796+0000] {processor.py:836} INFO - DAG(s) dict_keys(['thethree_reqif_to_rst']) retrieved from /opt/airflow/dags/mainflow.py
[2023-06-16T18:47:33.858+0000] {logging_mixin.py:149} INFO - [2023-06-16T18:47:33.858+0000] {dag.py:2726} INFO - Sync 1 DAGs
[2023-06-16T18:47:33.924+0000] {logging_mixin.py:149} INFO - [2023-06-16T18:47:33.924+0000] {dag.py:3490} INFO - Setting next_dagrun for thethree_reqif_to_rst to None, run_after=None
[2023-06-16T18:47:33.971+0000] {processor.py:179} INFO - Processing /opt/airflow/dags/mainflow.py took 0.214 seconds
[2023-06-16T18:48:04.334+0000] {processor.py:157} INFO - Started process (PID=429) to work on /opt/airflow/dags/mainflow.py
[2023-06-16T18:48:04.339+0000] {processor.py:826} INFO - Processing file /opt/airflow/dags/mainflow.py for tasks to queue
[2023-06-16T18:48:04.343+0000] {logging_mixin.py:149} INFO - [2023-06-16T18:48:04.342+0000] {dagbag.py:541} INFO - Filling up the DagBag from /opt/airflow/dags/mainflow.py
[2023-06-16T18:48:04.364+0000] {processor.py:836} INFO - DAG(s) dict_keys(['thethree_reqif_to_rst']) retrieved from /opt/airflow/dags/mainflow.py
[2023-06-16T18:48:04.423+0000] {logging_mixin.py:149} INFO - [2023-06-16T18:48:04.422+0000] {dag.py:2726} INFO - Sync 1 DAGs
[2023-06-16T18:48:04.486+0000] {logging_mixin.py:149} INFO - [2023-06-16T18:48:04.486+0000] {dag.py:3490} INFO - Setting next_dagrun for thethree_reqif_to_rst to None, run_after=None
[2023-06-16T18:48:04.535+0000] {processor.py:179} INFO - Processing /opt/airflow/dags/mainflow.py took 0.211 seconds
[2023-06-16T18:48:35.000+0000] {processor.py:157} INFO - Started process (PID=486) to work on /opt/airflow/dags/mainflow.py
[2023-06-16T18:48:35.005+0000] {processor.py:826} INFO - Processing file /opt/airflow/dags/mainflow.py for tasks to queue
[2023-06-16T18:48:35.011+0000] {logging_mixin.py:149} INFO - [2023-06-16T18:48:35.010+0000] {dagbag.py:541} INFO - Filling up the DagBag from /opt/airflow/dags/mainflow.py
[2023-06-16T18:48:35.032+0000] {processor.py:836} INFO - DAG(s) dict_keys(['thethree_reqif_to_rst']) retrieved from /opt/airflow/dags/mainflow.py
[2023-06-16T18:48:35.092+0000] {logging_mixin.py:149} INFO - [2023-06-16T18:48:35.092+0000] {dag.py:2726} INFO - Sync 1 DAGs
[2023-06-16T18:48:35.149+0000] {logging_mixin.py:149} INFO - [2023-06-16T18:48:35.149+0000] {dag.py:3490} INFO - Setting next_dagrun for thethree_reqif_to_rst to None, run_after=None
[2023-06-16T18:48:35.190+0000] {processor.py:179} INFO - Processing /opt/airflow/dags/mainflow.py took 0.198 seconds
[2023-06-16T18:49:05.572+0000] {processor.py:157} INFO - Started process (PID=543) to work on /opt/airflow/dags/mainflow.py
[2023-06-16T18:49:05.577+0000] {processor.py:826} INFO - Processing file /opt/airflow/dags/mainflow.py for tasks to queue
[2023-06-16T18:49:05.580+0000] {logging_mixin.py:149} INFO - [2023-06-16T18:49:05.580+0000] {dagbag.py:541} INFO - Filling up the DagBag from /opt/airflow/dags/mainflow.py
[2023-06-16T18:49:05.600+0000] {processor.py:836} INFO - DAG(s) dict_keys(['thethree_reqif_to_rst']) retrieved from /opt/airflow/dags/mainflow.py
[2023-06-16T18:49:05.667+0000] {logging_mixin.py:149} INFO - [2023-06-16T18:49:05.666+0000] {dag.py:2726} INFO - Sync 1 DAGs
[2023-06-16T18:49:05.733+0000] {logging_mixin.py:149} INFO - [2023-06-16T18:49:05.732+0000] {dag.py:3490} INFO - Setting next_dagrun for thethree_reqif_to_rst to None, run_after=None
[2023-06-16T18:49:05.776+0000] {processor.py:179} INFO - Processing /opt/airflow/dags/mainflow.py took 0.213 seconds
[2023-06-16T18:49:35.854+0000] {processor.py:157} INFO - Started process (PID=600) to work on /opt/airflow/dags/mainflow.py
[2023-06-16T18:49:35.861+0000] {processor.py:826} INFO - Processing file /opt/airflow/dags/mainflow.py for tasks to queue
[2023-06-16T18:49:35.866+0000] {logging_mixin.py:149} INFO - [2023-06-16T18:49:35.865+0000] {dagbag.py:541} INFO - Filling up the DagBag from /opt/airflow/dags/mainflow.py
[2023-06-16T18:49:35.889+0000] {processor.py:836} INFO - DAG(s) dict_keys(['thethree_reqif_to_rst']) retrieved from /opt/airflow/dags/mainflow.py
[2023-06-16T18:49:35.944+0000] {logging_mixin.py:149} INFO - [2023-06-16T18:49:35.943+0000] {dag.py:2726} INFO - Sync 1 DAGs
[2023-06-16T18:49:35.997+0000] {logging_mixin.py:149} INFO - [2023-06-16T18:49:35.997+0000] {dag.py:3490} INFO - Setting next_dagrun for thethree_reqif_to_rst to None, run_after=None
[2023-06-16T18:49:36.037+0000] {processor.py:179} INFO - Processing /opt/airflow/dags/mainflow.py took 0.194 seconds
[2023-06-16T18:50:07.045+0000] {processor.py:157} INFO - Started process (PID=656) to work on /opt/airflow/dags/mainflow.py
[2023-06-16T18:50:07.051+0000] {processor.py:826} INFO - Processing file /opt/airflow/dags/mainflow.py for tasks to queue
[2023-06-16T18:50:07.057+0000] {logging_mixin.py:149} INFO - [2023-06-16T18:50:07.056+0000] {dagbag.py:541} INFO - Filling up the DagBag from /opt/airflow/dags/mainflow.py
[2023-06-16T18:50:07.087+0000] {processor.py:836} INFO - DAG(s) dict_keys(['thethree_reqif_to_rst']) retrieved from /opt/airflow/dags/mainflow.py
[2023-06-16T18:50:07.157+0000] {logging_mixin.py:149} INFO - [2023-06-16T18:50:07.157+0000] {dag.py:2726} INFO - Sync 1 DAGs
[2023-06-16T18:50:07.231+0000] {logging_mixin.py:149} INFO - [2023-06-16T18:50:07.231+0000] {dag.py:3490} INFO - Setting next_dagrun for thethree_reqif_to_rst to None, run_after=None
[2023-06-16T18:50:07.288+0000] {processor.py:179} INFO - Processing /opt/airflow/dags/mainflow.py took 0.251 seconds
[2023-06-16T18:50:37.599+0000] {processor.py:157} INFO - Started process (PID=713) to work on /opt/airflow/dags/mainflow.py
[2023-06-16T18:50:37.605+0000] {processor.py:826} INFO - Processing file /opt/airflow/dags/mainflow.py for tasks to queue
[2023-06-16T18:50:37.608+0000] {logging_mixin.py:149} INFO - [2023-06-16T18:50:37.608+0000] {dagbag.py:541} INFO - Filling up the DagBag from /opt/airflow/dags/mainflow.py
[2023-06-16T18:50:37.632+0000] {processor.py:836} INFO - DAG(s) dict_keys(['thethree_reqif_to_rst']) retrieved from /opt/airflow/dags/mainflow.py
[2023-06-16T18:50:37.695+0000] {logging_mixin.py:149} INFO - [2023-06-16T18:50:37.695+0000] {dag.py:2726} INFO - Sync 1 DAGs
[2023-06-16T18:50:37.757+0000] {logging_mixin.py:149} INFO - [2023-06-16T18:50:37.757+0000] {dag.py:3490} INFO - Setting next_dagrun for thethree_reqif_to_rst to None, run_after=None
[2023-06-16T18:50:37.816+0000] {processor.py:179} INFO - Processing /opt/airflow/dags/mainflow.py took 0.227 seconds
[2023-06-16T18:51:08.225+0000] {processor.py:157} INFO - Started process (PID=771) to work on /opt/airflow/dags/mainflow.py
[2023-06-16T18:51:08.228+0000] {processor.py:826} INFO - Processing file /opt/airflow/dags/mainflow.py for tasks to queue
[2023-06-16T18:51:08.231+0000] {logging_mixin.py:149} INFO - [2023-06-16T18:51:08.231+0000] {dagbag.py:541} INFO - Filling up the DagBag from /opt/airflow/dags/mainflow.py
[2023-06-16T18:51:08.251+0000] {processor.py:836} INFO - DAG(s) dict_keys(['thethree_reqif_to_rst']) retrieved from /opt/airflow/dags/mainflow.py
[2023-06-16T18:51:08.306+0000] {logging_mixin.py:149} INFO - [2023-06-16T18:51:08.305+0000] {dag.py:2726} INFO - Sync 1 DAGs
[2023-06-16T18:51:08.361+0000] {logging_mixin.py:149} INFO - [2023-06-16T18:51:08.361+0000] {dag.py:3490} INFO - Setting next_dagrun for thethree_reqif_to_rst to None, run_after=None
[2023-06-16T18:51:08.402+0000] {processor.py:179} INFO - Processing /opt/airflow/dags/mainflow.py took 0.186 seconds
[2023-06-16T18:51:39.008+0000] {processor.py:157} INFO - Started process (PID=828) to work on /opt/airflow/dags/mainflow.py
[2023-06-16T18:51:39.012+0000] {processor.py:826} INFO - Processing file /opt/airflow/dags/mainflow.py for tasks to queue
[2023-06-16T18:51:39.018+0000] {logging_mixin.py:149} INFO - [2023-06-16T18:51:39.018+0000] {dagbag.py:541} INFO - Filling up the DagBag from /opt/airflow/dags/mainflow.py
[2023-06-16T18:51:39.045+0000] {processor.py:836} INFO - DAG(s) dict_keys(['thethree_reqif_to_rst']) retrieved from /opt/airflow/dags/mainflow.py
[2023-06-16T18:51:39.103+0000] {logging_mixin.py:149} INFO - [2023-06-16T18:51:39.103+0000] {dag.py:2726} INFO - Sync 1 DAGs
[2023-06-16T18:51:39.173+0000] {logging_mixin.py:149} INFO - [2023-06-16T18:51:39.173+0000] {dag.py:3490} INFO - Setting next_dagrun for thethree_reqif_to_rst to None, run_after=None
[2023-06-16T18:51:39.215+0000] {processor.py:179} INFO - Processing /opt/airflow/dags/mainflow.py took 0.218 seconds
[2023-06-16T18:52:09.457+0000] {processor.py:157} INFO - Started process (PID=886) to work on /opt/airflow/dags/mainflow.py
[2023-06-16T18:52:09.486+0000] {processor.py:826} INFO - Processing file /opt/airflow/dags/mainflow.py for tasks to queue
[2023-06-16T18:52:09.507+0000] {logging_mixin.py:149} INFO - [2023-06-16T18:52:09.506+0000] {dagbag.py:541} INFO - Filling up the DagBag from /opt/airflow/dags/mainflow.py
[2023-06-16T18:52:09.555+0000] {processor.py:836} INFO - DAG(s) dict_keys(['thethree_reqif_to_rst']) retrieved from /opt/airflow/dags/mainflow.py
[2023-06-16T18:52:09.755+0000] {logging_mixin.py:149} INFO - [2023-06-16T18:52:09.755+0000] {dag.py:2726} INFO - Sync 1 DAGs
[2023-06-16T18:52:09.898+0000] {logging_mixin.py:149} INFO - [2023-06-16T18:52:09.898+0000] {dag.py:3490} INFO - Setting next_dagrun for thethree_reqif_to_rst to None, run_after=None
[2023-06-16T18:52:09.954+0000] {processor.py:179} INFO - Processing /opt/airflow/dags/mainflow.py took 0.508 seconds
[2023-06-16T18:52:40.250+0000] {processor.py:157} INFO - Started process (PID=943) to work on /opt/airflow/dags/mainflow.py
[2023-06-16T18:52:40.254+0000] {processor.py:826} INFO - Processing file /opt/airflow/dags/mainflow.py for tasks to queue
[2023-06-16T18:52:40.259+0000] {logging_mixin.py:149} INFO - [2023-06-16T18:52:40.259+0000] {dagbag.py:541} INFO - Filling up the DagBag from /opt/airflow/dags/mainflow.py
[2023-06-16T18:52:40.289+0000] {processor.py:836} INFO - DAG(s) dict_keys(['thethree_reqif_to_rst']) retrieved from /opt/airflow/dags/mainflow.py
[2023-06-16T18:52:40.367+0000] {logging_mixin.py:149} INFO - [2023-06-16T18:52:40.366+0000] {dag.py:2726} INFO - Sync 1 DAGs
[2023-06-16T18:52:40.449+0000] {logging_mixin.py:149} INFO - [2023-06-16T18:52:40.448+0000] {dag.py:3490} INFO - Setting next_dagrun for thethree_reqif_to_rst to None, run_after=None
[2023-06-16T18:52:40.595+0000] {processor.py:179} INFO - Processing /opt/airflow/dags/mainflow.py took 0.358 seconds
[2023-06-16T18:53:11.112+0000] {processor.py:157} INFO - Started process (PID=1001) to work on /opt/airflow/dags/mainflow.py
[2023-06-16T18:53:11.118+0000] {processor.py:826} INFO - Processing file /opt/airflow/dags/mainflow.py for tasks to queue
[2023-06-16T18:53:11.125+0000] {logging_mixin.py:149} INFO - [2023-06-16T18:53:11.124+0000] {dagbag.py:541} INFO - Filling up the DagBag from /opt/airflow/dags/mainflow.py
[2023-06-16T18:53:11.148+0000] {processor.py:836} INFO - DAG(s) dict_keys(['thethree_reqif_to_rst']) retrieved from /opt/airflow/dags/mainflow.py
[2023-06-16T18:53:11.212+0000] {logging_mixin.py:149} INFO - [2023-06-16T18:53:11.211+0000] {dag.py:2726} INFO - Sync 1 DAGs
[2023-06-16T18:53:11.274+0000] {logging_mixin.py:149} INFO - [2023-06-16T18:53:11.274+0000] {dag.py:3490} INFO - Setting next_dagrun for thethree_reqif_to_rst to None, run_after=None
[2023-06-16T18:53:11.318+0000] {processor.py:179} INFO - Processing /opt/airflow/dags/mainflow.py took 0.213 seconds
[2023-06-16T18:53:41.408+0000] {processor.py:157} INFO - Started process (PID=1059) to work on /opt/airflow/dags/mainflow.py
[2023-06-16T18:53:41.412+0000] {processor.py:826} INFO - Processing file /opt/airflow/dags/mainflow.py for tasks to queue
[2023-06-16T18:53:41.417+0000] {logging_mixin.py:149} INFO - [2023-06-16T18:53:41.416+0000] {dagbag.py:541} INFO - Filling up the DagBag from /opt/airflow/dags/mainflow.py
[2023-06-16T18:53:41.450+0000] {processor.py:836} INFO - DAG(s) dict_keys(['thethree_reqif_to_rst']) retrieved from /opt/airflow/dags/mainflow.py
[2023-06-16T18:53:41.534+0000] {logging_mixin.py:149} INFO - [2023-06-16T18:53:41.534+0000] {dag.py:2726} INFO - Sync 1 DAGs
[2023-06-16T18:53:41.622+0000] {logging_mixin.py:149} INFO - [2023-06-16T18:53:41.621+0000] {dag.py:3490} INFO - Setting next_dagrun for thethree_reqif_to_rst to None, run_after=None
[2023-06-16T18:53:41.679+0000] {processor.py:179} INFO - Processing /opt/airflow/dags/mainflow.py took 0.283 seconds
[2023-06-16T18:54:09.677+0000] {processor.py:157} INFO - Started process (PID=1116) to work on /opt/airflow/dags/mainflow.py
[2023-06-16T18:54:09.681+0000] {processor.py:826} INFO - Processing file /opt/airflow/dags/mainflow.py for tasks to queue
[2023-06-16T18:54:09.687+0000] {logging_mixin.py:149} INFO - [2023-06-16T18:54:09.686+0000] {dagbag.py:541} INFO - Filling up the DagBag from /opt/airflow/dags/mainflow.py
[2023-06-16T18:54:09.749+0000] {processor.py:836} INFO - DAG(s) dict_keys(['thethree_reqif_to_rst']) retrieved from /opt/airflow/dags/mainflow.py
[2023-06-16T18:54:09.884+0000] {logging_mixin.py:149} INFO - [2023-06-16T18:54:09.884+0000] {dag.py:2726} INFO - Sync 1 DAGs
[2023-06-16T18:54:10.065+0000] {logging_mixin.py:149} INFO - [2023-06-16T18:54:10.065+0000] {dag.py:3490} INFO - Setting next_dagrun for thethree_reqif_to_rst to None, run_after=None
[2023-06-16T18:54:10.130+0000] {processor.py:179} INFO - Processing /opt/airflow/dags/mainflow.py took 0.463 seconds
[2023-06-16T18:54:40.956+0000] {processor.py:157} INFO - Started process (PID=1173) to work on /opt/airflow/dags/mainflow.py
[2023-06-16T18:54:40.961+0000] {processor.py:826} INFO - Processing file /opt/airflow/dags/mainflow.py for tasks to queue
[2023-06-16T18:54:40.965+0000] {logging_mixin.py:149} INFO - [2023-06-16T18:54:40.965+0000] {dagbag.py:541} INFO - Filling up the DagBag from /opt/airflow/dags/mainflow.py
[2023-06-16T18:54:40.991+0000] {processor.py:836} INFO - DAG(s) dict_keys(['thethree_reqif_to_rst']) retrieved from /opt/airflow/dags/mainflow.py
[2023-06-16T18:54:41.066+0000] {logging_mixin.py:149} INFO - [2023-06-16T18:54:41.066+0000] {dag.py:2726} INFO - Sync 1 DAGs
[2023-06-16T18:54:41.142+0000] {logging_mixin.py:149} INFO - [2023-06-16T18:54:41.141+0000] {dag.py:3490} INFO - Setting next_dagrun for thethree_reqif_to_rst to None, run_after=None
[2023-06-16T18:54:41.195+0000] {processor.py:179} INFO - Processing /opt/airflow/dags/mainflow.py took 0.248 seconds
[2023-06-16T18:55:11.331+0000] {processor.py:157} INFO - Started process (PID=1232) to work on /opt/airflow/dags/mainflow.py
[2023-06-16T18:55:11.335+0000] {processor.py:826} INFO - Processing file /opt/airflow/dags/mainflow.py for tasks to queue
[2023-06-16T18:55:11.341+0000] {logging_mixin.py:149} INFO - [2023-06-16T18:55:11.341+0000] {dagbag.py:541} INFO - Filling up the DagBag from /opt/airflow/dags/mainflow.py
[2023-06-16T18:55:11.369+0000] {processor.py:836} INFO - DAG(s) dict_keys(['thethree_reqif_to_rst']) retrieved from /opt/airflow/dags/mainflow.py
[2023-06-16T18:55:11.449+0000] {logging_mixin.py:149} INFO - [2023-06-16T18:55:11.448+0000] {dag.py:2726} INFO - Sync 1 DAGs
[2023-06-16T18:55:11.517+0000] {logging_mixin.py:149} INFO - [2023-06-16T18:55:11.517+0000] {dag.py:3490} INFO - Setting next_dagrun for thethree_reqif_to_rst to None, run_after=None
[2023-06-16T18:55:11.566+0000] {processor.py:179} INFO - Processing /opt/airflow/dags/mainflow.py took 0.245 seconds
[2023-06-16T18:55:42.541+0000] {processor.py:157} INFO - Started process (PID=1289) to work on /opt/airflow/dags/mainflow.py
[2023-06-16T18:55:42.544+0000] {processor.py:826} INFO - Processing file /opt/airflow/dags/mainflow.py for tasks to queue
[2023-06-16T18:55:42.548+0000] {logging_mixin.py:149} INFO - [2023-06-16T18:55:42.547+0000] {dagbag.py:541} INFO - Filling up the DagBag from /opt/airflow/dags/mainflow.py
[2023-06-16T18:55:42.569+0000] {processor.py:836} INFO - DAG(s) dict_keys(['thethree_reqif_to_rst']) retrieved from /opt/airflow/dags/mainflow.py
[2023-06-16T18:55:42.620+0000] {logging_mixin.py:149} INFO - [2023-06-16T18:55:42.619+0000] {dag.py:2726} INFO - Sync 1 DAGs
[2023-06-16T18:55:42.674+0000] {logging_mixin.py:149} INFO - [2023-06-16T18:55:42.674+0000] {dag.py:3490} INFO - Setting next_dagrun for thethree_reqif_to_rst to None, run_after=None
[2023-06-16T18:55:42.717+0000] {processor.py:179} INFO - Processing /opt/airflow/dags/mainflow.py took 0.185 seconds
[2023-06-16T18:56:12.803+0000] {processor.py:157} INFO - Started process (PID=1346) to work on /opt/airflow/dags/mainflow.py
[2023-06-16T18:56:12.808+0000] {processor.py:826} INFO - Processing file /opt/airflow/dags/mainflow.py for tasks to queue
[2023-06-16T18:56:12.811+0000] {logging_mixin.py:149} INFO - [2023-06-16T18:56:12.811+0000] {dagbag.py:541} INFO - Filling up the DagBag from /opt/airflow/dags/mainflow.py
[2023-06-16T18:56:12.833+0000] {processor.py:836} INFO - DAG(s) dict_keys(['thethree_reqif_to_rst']) retrieved from /opt/airflow/dags/mainflow.py
[2023-06-16T18:56:12.897+0000] {logging_mixin.py:149} INFO - [2023-06-16T18:56:12.897+0000] {dag.py:2726} INFO - Sync 1 DAGs
[2023-06-16T18:56:12.978+0000] {logging_mixin.py:149} INFO - [2023-06-16T18:56:12.978+0000] {dag.py:3490} INFO - Setting next_dagrun for thethree_reqif_to_rst to None, run_after=None
[2023-06-16T18:56:13.091+0000] {processor.py:179} INFO - Processing /opt/airflow/dags/mainflow.py took 0.295 seconds
[2023-06-16T18:56:43.515+0000] {processor.py:157} INFO - Started process (PID=1403) to work on /opt/airflow/dags/mainflow.py
[2023-06-16T18:56:43.519+0000] {processor.py:826} INFO - Processing file /opt/airflow/dags/mainflow.py for tasks to queue
[2023-06-16T18:56:43.523+0000] {logging_mixin.py:149} INFO - [2023-06-16T18:56:43.523+0000] {dagbag.py:541} INFO - Filling up the DagBag from /opt/airflow/dags/mainflow.py
[2023-06-16T18:56:43.541+0000] {processor.py:836} INFO - DAG(s) dict_keys(['thethree_reqif_to_rst']) retrieved from /opt/airflow/dags/mainflow.py
[2023-06-16T18:56:43.595+0000] {logging_mixin.py:149} INFO - [2023-06-16T18:56:43.595+0000] {dag.py:2726} INFO - Sync 1 DAGs
[2023-06-16T18:56:43.652+0000] {logging_mixin.py:149} INFO - [2023-06-16T18:56:43.651+0000] {dag.py:3490} INFO - Setting next_dagrun for thethree_reqif_to_rst to None, run_after=None
[2023-06-16T18:56:43.696+0000] {processor.py:179} INFO - Processing /opt/airflow/dags/mainflow.py took 0.189 seconds
[2023-06-16T18:57:14.040+0000] {processor.py:157} INFO - Started process (PID=1455) to work on /opt/airflow/dags/mainflow.py
[2023-06-16T18:57:14.044+0000] {processor.py:826} INFO - Processing file /opt/airflow/dags/mainflow.py for tasks to queue
[2023-06-16T18:57:14.048+0000] {logging_mixin.py:149} INFO - [2023-06-16T18:57:14.048+0000] {dagbag.py:541} INFO - Filling up the DagBag from /opt/airflow/dags/mainflow.py
[2023-06-16T18:57:14.076+0000] {processor.py:836} INFO - DAG(s) dict_keys(['thethree_reqif_to_rst']) retrieved from /opt/airflow/dags/mainflow.py
[2023-06-16T18:57:14.145+0000] {logging_mixin.py:149} INFO - [2023-06-16T18:57:14.145+0000] {dag.py:2726} INFO - Sync 1 DAGs
[2023-06-16T18:57:14.209+0000] {logging_mixin.py:149} INFO - [2023-06-16T18:57:14.208+0000] {dag.py:3490} INFO - Setting next_dagrun for thethree_reqif_to_rst to None, run_after=None
[2023-06-16T18:57:14.255+0000] {processor.py:179} INFO - Processing /opt/airflow/dags/mainflow.py took 0.226 seconds
[2023-06-16T18:57:44.643+0000] {processor.py:157} INFO - Started process (PID=1511) to work on /opt/airflow/dags/mainflow.py
[2023-06-16T18:57:44.648+0000] {processor.py:826} INFO - Processing file /opt/airflow/dags/mainflow.py for tasks to queue
[2023-06-16T18:57:44.652+0000] {logging_mixin.py:149} INFO - [2023-06-16T18:57:44.652+0000] {dagbag.py:541} INFO - Filling up the DagBag from /opt/airflow/dags/mainflow.py
[2023-06-16T18:57:44.682+0000] {processor.py:836} INFO - DAG(s) dict_keys(['thethree_reqif_to_rst']) retrieved from /opt/airflow/dags/mainflow.py
[2023-06-16T18:57:44.763+0000] {logging_mixin.py:149} INFO - [2023-06-16T18:57:44.763+0000] {dag.py:2726} INFO - Sync 1 DAGs
[2023-06-16T18:57:44.822+0000] {logging_mixin.py:149} INFO - [2023-06-16T18:57:44.822+0000] {dag.py:3490} INFO - Setting next_dagrun for thethree_reqif_to_rst to None, run_after=None
[2023-06-16T18:57:44.866+0000] {processor.py:179} INFO - Processing /opt/airflow/dags/mainflow.py took 0.234 seconds
[2023-06-16T18:58:15.165+0000] {processor.py:157} INFO - Started process (PID=1568) to work on /opt/airflow/dags/mainflow.py
[2023-06-16T18:58:15.169+0000] {processor.py:826} INFO - Processing file /opt/airflow/dags/mainflow.py for tasks to queue
[2023-06-16T18:58:15.173+0000] {logging_mixin.py:149} INFO - [2023-06-16T18:58:15.172+0000] {dagbag.py:541} INFO - Filling up the DagBag from /opt/airflow/dags/mainflow.py
[2023-06-16T18:58:15.192+0000] {processor.py:836} INFO - DAG(s) dict_keys(['thethree_reqif_to_rst']) retrieved from /opt/airflow/dags/mainflow.py
[2023-06-16T18:58:15.244+0000] {logging_mixin.py:149} INFO - [2023-06-16T18:58:15.244+0000] {dag.py:2726} INFO - Sync 1 DAGs
[2023-06-16T18:58:15.299+0000] {logging_mixin.py:149} INFO - [2023-06-16T18:58:15.299+0000] {dag.py:3490} INFO - Setting next_dagrun for thethree_reqif_to_rst to None, run_after=None
[2023-06-16T18:58:15.339+0000] {processor.py:179} INFO - Processing /opt/airflow/dags/mainflow.py took 0.183 seconds
[2023-06-16T18:58:45.558+0000] {processor.py:157} INFO - Started process (PID=1625) to work on /opt/airflow/dags/mainflow.py
[2023-06-16T18:58:45.561+0000] {processor.py:826} INFO - Processing file /opt/airflow/dags/mainflow.py for tasks to queue
[2023-06-16T18:58:45.564+0000] {logging_mixin.py:149} INFO - [2023-06-16T18:58:45.564+0000] {dagbag.py:541} INFO - Filling up the DagBag from /opt/airflow/dags/mainflow.py
[2023-06-16T18:58:45.587+0000] {processor.py:836} INFO - DAG(s) dict_keys(['thethree_reqif_to_rst']) retrieved from /opt/airflow/dags/mainflow.py
[2023-06-16T18:58:45.639+0000] {logging_mixin.py:149} INFO - [2023-06-16T18:58:45.638+0000] {dag.py:2726} INFO - Sync 1 DAGs
[2023-06-16T18:58:45.694+0000] {logging_mixin.py:149} INFO - [2023-06-16T18:58:45.694+0000] {dag.py:3490} INFO - Setting next_dagrun for thethree_reqif_to_rst to None, run_after=None
[2023-06-16T18:58:45.738+0000] {processor.py:179} INFO - Processing /opt/airflow/dags/mainflow.py took 0.189 seconds
[2023-06-16T18:59:16.225+0000] {processor.py:157} INFO - Started process (PID=1682) to work on /opt/airflow/dags/mainflow.py
[2023-06-16T18:59:16.228+0000] {processor.py:826} INFO - Processing file /opt/airflow/dags/mainflow.py for tasks to queue
[2023-06-16T18:59:16.231+0000] {logging_mixin.py:149} INFO - [2023-06-16T18:59:16.231+0000] {dagbag.py:541} INFO - Filling up the DagBag from /opt/airflow/dags/mainflow.py
[2023-06-16T18:59:16.252+0000] {processor.py:836} INFO - DAG(s) dict_keys(['thethree_reqif_to_rst']) retrieved from /opt/airflow/dags/mainflow.py
[2023-06-16T18:59:16.302+0000] {logging_mixin.py:149} INFO - [2023-06-16T18:59:16.302+0000] {dag.py:2726} INFO - Sync 1 DAGs
[2023-06-16T18:59:16.353+0000] {logging_mixin.py:149} INFO - [2023-06-16T18:59:16.353+0000] {dag.py:3490} INFO - Setting next_dagrun for thethree_reqif_to_rst to None, run_after=None
[2023-06-16T18:59:16.396+0000] {processor.py:179} INFO - Processing /opt/airflow/dags/mainflow.py took 0.181 seconds
[2023-06-16T18:59:46.687+0000] {processor.py:157} INFO - Started process (PID=1739) to work on /opt/airflow/dags/mainflow.py
[2023-06-16T18:59:46.691+0000] {processor.py:826} INFO - Processing file /opt/airflow/dags/mainflow.py for tasks to queue
[2023-06-16T18:59:46.694+0000] {logging_mixin.py:149} INFO - [2023-06-16T18:59:46.694+0000] {dagbag.py:541} INFO - Filling up the DagBag from /opt/airflow/dags/mainflow.py
[2023-06-16T18:59:46.715+0000] {processor.py:836} INFO - DAG(s) dict_keys(['thethree_reqif_to_rst']) retrieved from /opt/airflow/dags/mainflow.py
[2023-06-16T18:59:46.769+0000] {logging_mixin.py:149} INFO - [2023-06-16T18:59:46.768+0000] {dag.py:2726} INFO - Sync 1 DAGs
[2023-06-16T18:59:46.820+0000] {logging_mixin.py:149} INFO - [2023-06-16T18:59:46.820+0000] {dag.py:3490} INFO - Setting next_dagrun for thethree_reqif_to_rst to None, run_after=None
[2023-06-16T18:59:46.858+0000] {processor.py:179} INFO - Processing /opt/airflow/dags/mainflow.py took 0.179 seconds
[2023-06-16T19:00:17.005+0000] {processor.py:157} INFO - Started process (PID=1796) to work on /opt/airflow/dags/mainflow.py
[2023-06-16T19:00:17.009+0000] {processor.py:826} INFO - Processing file /opt/airflow/dags/mainflow.py for tasks to queue
[2023-06-16T19:00:17.013+0000] {logging_mixin.py:149} INFO - [2023-06-16T19:00:17.012+0000] {dagbag.py:541} INFO - Filling up the DagBag from /opt/airflow/dags/mainflow.py
[2023-06-16T19:00:17.035+0000] {processor.py:836} INFO - DAG(s) dict_keys(['thethree_reqif_to_rst']) retrieved from /opt/airflow/dags/mainflow.py
[2023-06-16T19:00:17.091+0000] {logging_mixin.py:149} INFO - [2023-06-16T19:00:17.090+0000] {dag.py:2726} INFO - Sync 1 DAGs
[2023-06-16T19:00:17.146+0000] {logging_mixin.py:149} INFO - [2023-06-16T19:00:17.145+0000] {dag.py:3490} INFO - Setting next_dagrun for thethree_reqif_to_rst to None, run_after=None
[2023-06-16T19:00:17.189+0000] {processor.py:179} INFO - Processing /opt/airflow/dags/mainflow.py took 0.192 seconds
[2023-06-16T19:00:47.626+0000] {processor.py:157} INFO - Started process (PID=1853) to work on /opt/airflow/dags/mainflow.py
[2023-06-16T19:00:47.630+0000] {processor.py:826} INFO - Processing file /opt/airflow/dags/mainflow.py for tasks to queue
[2023-06-16T19:00:47.633+0000] {logging_mixin.py:149} INFO - [2023-06-16T19:00:47.633+0000] {dagbag.py:541} INFO - Filling up the DagBag from /opt/airflow/dags/mainflow.py
[2023-06-16T19:00:47.653+0000] {processor.py:836} INFO - DAG(s) dict_keys(['thethree_reqif_to_rst']) retrieved from /opt/airflow/dags/mainflow.py
[2023-06-16T19:00:47.703+0000] {logging_mixin.py:149} INFO - [2023-06-16T19:00:47.703+0000] {dag.py:2726} INFO - Sync 1 DAGs
[2023-06-16T19:00:47.774+0000] {logging_mixin.py:149} INFO - [2023-06-16T19:00:47.774+0000] {dag.py:3490} INFO - Setting next_dagrun for thethree_reqif_to_rst to None, run_after=None
[2023-06-16T19:00:47.833+0000] {processor.py:179} INFO - Processing /opt/airflow/dags/mainflow.py took 0.216 seconds
[2023-06-16T19:01:18.255+0000] {processor.py:157} INFO - Started process (PID=1917) to work on /opt/airflow/dags/mainflow.py
[2023-06-16T19:01:18.261+0000] {processor.py:826} INFO - Processing file /opt/airflow/dags/mainflow.py for tasks to queue
[2023-06-16T19:01:18.265+0000] {logging_mixin.py:149} INFO - [2023-06-16T19:01:18.264+0000] {dagbag.py:541} INFO - Filling up the DagBag from /opt/airflow/dags/mainflow.py
[2023-06-16T19:01:18.284+0000] {processor.py:836} INFO - DAG(s) dict_keys(['thethree_reqif_to_rst']) retrieved from /opt/airflow/dags/mainflow.py
[2023-06-16T19:01:18.336+0000] {logging_mixin.py:149} INFO - [2023-06-16T19:01:18.335+0000] {dag.py:2726} INFO - Sync 1 DAGs
[2023-06-16T19:01:18.389+0000] {logging_mixin.py:149} INFO - [2023-06-16T19:01:18.389+0000] {dag.py:3490} INFO - Setting next_dagrun for thethree_reqif_to_rst to None, run_after=None
[2023-06-16T19:01:18.421+0000] {processor.py:179} INFO - Processing /opt/airflow/dags/mainflow.py took 0.176 seconds
[2023-06-16T19:01:48.818+0000] {processor.py:157} INFO - Started process (PID=1974) to work on /opt/airflow/dags/mainflow.py
[2023-06-16T19:01:48.822+0000] {processor.py:826} INFO - Processing file /opt/airflow/dags/mainflow.py for tasks to queue
[2023-06-16T19:01:48.826+0000] {logging_mixin.py:149} INFO - [2023-06-16T19:01:48.825+0000] {dagbag.py:541} INFO - Filling up the DagBag from /opt/airflow/dags/mainflow.py
[2023-06-16T19:01:48.847+0000] {processor.py:836} INFO - DAG(s) dict_keys(['thethree_reqif_to_rst']) retrieved from /opt/airflow/dags/mainflow.py
[2023-06-16T19:01:48.899+0000] {logging_mixin.py:149} INFO - [2023-06-16T19:01:48.898+0000] {dag.py:2726} INFO - Sync 1 DAGs
[2023-06-16T19:01:48.944+0000] {logging_mixin.py:149} INFO - [2023-06-16T19:01:48.944+0000] {dag.py:3490} INFO - Setting next_dagrun for thethree_reqif_to_rst to None, run_after=None
[2023-06-16T19:01:48.986+0000] {processor.py:179} INFO - Processing /opt/airflow/dags/mainflow.py took 0.177 seconds
[2023-06-16T19:02:19.151+0000] {processor.py:157} INFO - Started process (PID=2031) to work on /opt/airflow/dags/mainflow.py
[2023-06-16T19:02:19.155+0000] {processor.py:826} INFO - Processing file /opt/airflow/dags/mainflow.py for tasks to queue
[2023-06-16T19:02:19.159+0000] {logging_mixin.py:149} INFO - [2023-06-16T19:02:19.158+0000] {dagbag.py:541} INFO - Filling up the DagBag from /opt/airflow/dags/mainflow.py
[2023-06-16T19:02:19.179+0000] {processor.py:836} INFO - DAG(s) dict_keys(['thethree_reqif_to_rst']) retrieved from /opt/airflow/dags/mainflow.py
[2023-06-16T19:02:19.231+0000] {logging_mixin.py:149} INFO - [2023-06-16T19:02:19.230+0000] {dag.py:2726} INFO - Sync 1 DAGs
[2023-06-16T19:02:19.292+0000] {logging_mixin.py:149} INFO - [2023-06-16T19:02:19.291+0000] {dag.py:3490} INFO - Setting next_dagrun for thethree_reqif_to_rst to None, run_after=None
[2023-06-16T19:02:19.337+0000] {processor.py:179} INFO - Processing /opt/airflow/dags/mainflow.py took 0.193 seconds
[2023-06-16T19:02:49.451+0000] {processor.py:157} INFO - Started process (PID=2089) to work on /opt/airflow/dags/mainflow.py
[2023-06-16T19:02:49.454+0000] {processor.py:826} INFO - Processing file /opt/airflow/dags/mainflow.py for tasks to queue
[2023-06-16T19:02:49.457+0000] {logging_mixin.py:149} INFO - [2023-06-16T19:02:49.457+0000] {dagbag.py:541} INFO - Filling up the DagBag from /opt/airflow/dags/mainflow.py
[2023-06-16T19:02:49.484+0000] {processor.py:836} INFO - DAG(s) dict_keys(['thethree_reqif_to_rst']) retrieved from /opt/airflow/dags/mainflow.py
[2023-06-16T19:02:49.541+0000] {logging_mixin.py:149} INFO - [2023-06-16T19:02:49.541+0000] {dag.py:2726} INFO - Sync 1 DAGs
[2023-06-16T19:02:49.598+0000] {logging_mixin.py:149} INFO - [2023-06-16T19:02:49.598+0000] {dag.py:3490} INFO - Setting next_dagrun for thethree_reqif_to_rst to None, run_after=None
[2023-06-16T19:02:49.639+0000] {processor.py:179} INFO - Processing /opt/airflow/dags/mainflow.py took 0.197 seconds
[2023-06-16T19:03:20.074+0000] {processor.py:157} INFO - Started process (PID=2146) to work on /opt/airflow/dags/mainflow.py
[2023-06-16T19:03:20.079+0000] {processor.py:826} INFO - Processing file /opt/airflow/dags/mainflow.py for tasks to queue
[2023-06-16T19:03:20.082+0000] {logging_mixin.py:149} INFO - [2023-06-16T19:03:20.082+0000] {dagbag.py:541} INFO - Filling up the DagBag from /opt/airflow/dags/mainflow.py
[2023-06-16T19:03:20.102+0000] {processor.py:836} INFO - DAG(s) dict_keys(['thethree_reqif_to_rst']) retrieved from /opt/airflow/dags/mainflow.py
[2023-06-16T19:03:20.157+0000] {logging_mixin.py:149} INFO - [2023-06-16T19:03:20.157+0000] {dag.py:2726} INFO - Sync 1 DAGs
[2023-06-16T19:03:20.209+0000] {logging_mixin.py:149} INFO - [2023-06-16T19:03:20.209+0000] {dag.py:3490} INFO - Setting next_dagrun for thethree_reqif_to_rst to None, run_after=None
[2023-06-16T19:03:20.249+0000] {processor.py:179} INFO - Processing /opt/airflow/dags/mainflow.py took 0.184 seconds
[2023-06-16T19:03:50.357+0000] {processor.py:157} INFO - Started process (PID=2202) to work on /opt/airflow/dags/mainflow.py
[2023-06-16T19:03:50.360+0000] {processor.py:826} INFO - Processing file /opt/airflow/dags/mainflow.py for tasks to queue
[2023-06-16T19:03:50.364+0000] {logging_mixin.py:149} INFO - [2023-06-16T19:03:50.363+0000] {dagbag.py:541} INFO - Filling up the DagBag from /opt/airflow/dags/mainflow.py
[2023-06-16T19:03:50.383+0000] {processor.py:836} INFO - DAG(s) dict_keys(['thethree_reqif_to_rst']) retrieved from /opt/airflow/dags/mainflow.py
[2023-06-16T19:03:50.429+0000] {logging_mixin.py:149} INFO - [2023-06-16T19:03:50.429+0000] {dag.py:2726} INFO - Sync 1 DAGs
[2023-06-16T19:03:50.477+0000] {logging_mixin.py:149} INFO - [2023-06-16T19:03:50.477+0000] {dag.py:3490} INFO - Setting next_dagrun for thethree_reqif_to_rst to None, run_after=None
[2023-06-16T19:03:50.525+0000] {processor.py:179} INFO - Processing /opt/airflow/dags/mainflow.py took 0.177 seconds
[2023-06-16T19:04:20.769+0000] {processor.py:157} INFO - Started process (PID=2259) to work on /opt/airflow/dags/mainflow.py
[2023-06-16T19:04:20.773+0000] {processor.py:826} INFO - Processing file /opt/airflow/dags/mainflow.py for tasks to queue
[2023-06-16T19:04:20.779+0000] {logging_mixin.py:149} INFO - [2023-06-16T19:04:20.778+0000] {dagbag.py:541} INFO - Filling up the DagBag from /opt/airflow/dags/mainflow.py
[2023-06-16T19:04:20.809+0000] {processor.py:836} INFO - DAG(s) dict_keys(['thethree_reqif_to_rst']) retrieved from /opt/airflow/dags/mainflow.py
[2023-06-16T19:04:20.902+0000] {logging_mixin.py:149} INFO - [2023-06-16T19:04:20.901+0000] {dag.py:2726} INFO - Sync 1 DAGs
[2023-06-16T19:04:21.004+0000] {logging_mixin.py:149} INFO - [2023-06-16T19:04:21.003+0000] {dag.py:3490} INFO - Setting next_dagrun for thethree_reqif_to_rst to None, run_after=None
[2023-06-16T19:04:21.094+0000] {processor.py:179} INFO - Processing /opt/airflow/dags/mainflow.py took 0.335 seconds
[2023-06-16T19:04:51.503+0000] {processor.py:157} INFO - Started process (PID=2315) to work on /opt/airflow/dags/mainflow.py
[2023-06-16T19:04:51.506+0000] {processor.py:826} INFO - Processing file /opt/airflow/dags/mainflow.py for tasks to queue
[2023-06-16T19:04:51.510+0000] {logging_mixin.py:149} INFO - [2023-06-16T19:04:51.509+0000] {dagbag.py:541} INFO - Filling up the DagBag from /opt/airflow/dags/mainflow.py
[2023-06-16T19:04:51.532+0000] {processor.py:836} INFO - DAG(s) dict_keys(['thethree_reqif_to_rst']) retrieved from /opt/airflow/dags/mainflow.py
[2023-06-16T19:04:51.578+0000] {logging_mixin.py:149} INFO - [2023-06-16T19:04:51.578+0000] {dag.py:2726} INFO - Sync 1 DAGs
[2023-06-16T19:04:51.630+0000] {logging_mixin.py:149} INFO - [2023-06-16T19:04:51.630+0000] {dag.py:3490} INFO - Setting next_dagrun for thethree_reqif_to_rst to None, run_after=None
[2023-06-16T19:04:51.672+0000] {processor.py:179} INFO - Processing /opt/airflow/dags/mainflow.py took 0.178 seconds
[2023-06-16T19:05:21.919+0000] {processor.py:157} INFO - Started process (PID=2373) to work on /opt/airflow/dags/mainflow.py
[2023-06-16T19:05:21.923+0000] {processor.py:826} INFO - Processing file /opt/airflow/dags/mainflow.py for tasks to queue
[2023-06-16T19:05:21.927+0000] {logging_mixin.py:149} INFO - [2023-06-16T19:05:21.927+0000] {dagbag.py:541} INFO - Filling up the DagBag from /opt/airflow/dags/mainflow.py
[2023-06-16T19:05:21.950+0000] {processor.py:836} INFO - DAG(s) dict_keys(['thethree_reqif_to_rst']) retrieved from /opt/airflow/dags/mainflow.py
[2023-06-16T19:05:22.018+0000] {logging_mixin.py:149} INFO - [2023-06-16T19:05:22.018+0000] {dag.py:2726} INFO - Sync 1 DAGs
[2023-06-16T19:05:22.078+0000] {logging_mixin.py:149} INFO - [2023-06-16T19:05:22.077+0000] {dag.py:3490} INFO - Setting next_dagrun for thethree_reqif_to_rst to None, run_after=None
[2023-06-16T19:05:22.128+0000] {processor.py:179} INFO - Processing /opt/airflow/dags/mainflow.py took 0.219 seconds
[2023-06-16T19:05:52.477+0000] {processor.py:157} INFO - Started process (PID=2430) to work on /opt/airflow/dags/mainflow.py
[2023-06-16T19:05:52.480+0000] {processor.py:826} INFO - Processing file /opt/airflow/dags/mainflow.py for tasks to queue
[2023-06-16T19:05:52.484+0000] {logging_mixin.py:149} INFO - [2023-06-16T19:05:52.484+0000] {dagbag.py:541} INFO - Filling up the DagBag from /opt/airflow/dags/mainflow.py
[2023-06-16T19:05:52.507+0000] {processor.py:836} INFO - DAG(s) dict_keys(['thethree_reqif_to_rst']) retrieved from /opt/airflow/dags/mainflow.py
[2023-06-16T19:05:52.566+0000] {logging_mixin.py:149} INFO - [2023-06-16T19:05:52.566+0000] {dag.py:2726} INFO - Sync 1 DAGs
[2023-06-16T19:05:52.617+0000] {logging_mixin.py:149} INFO - [2023-06-16T19:05:52.617+0000] {dag.py:3490} INFO - Setting next_dagrun for thethree_reqif_to_rst to None, run_after=None
[2023-06-16T19:05:52.658+0000] {processor.py:179} INFO - Processing /opt/airflow/dags/mainflow.py took 0.190 seconds
[2023-06-16T19:06:22.896+0000] {processor.py:157} INFO - Started process (PID=2487) to work on /opt/airflow/dags/mainflow.py
[2023-06-16T19:06:22.900+0000] {processor.py:826} INFO - Processing file /opt/airflow/dags/mainflow.py for tasks to queue
[2023-06-16T19:06:22.903+0000] {logging_mixin.py:149} INFO - [2023-06-16T19:06:22.903+0000] {dagbag.py:541} INFO - Filling up the DagBag from /opt/airflow/dags/mainflow.py
[2023-06-16T19:06:22.927+0000] {processor.py:836} INFO - DAG(s) dict_keys(['thethree_reqif_to_rst']) retrieved from /opt/airflow/dags/mainflow.py
[2023-06-16T19:06:22.977+0000] {logging_mixin.py:149} INFO - [2023-06-16T19:06:22.977+0000] {dag.py:2726} INFO - Sync 1 DAGs
[2023-06-16T19:06:23.032+0000] {logging_mixin.py:149} INFO - [2023-06-16T19:06:23.032+0000] {dag.py:3490} INFO - Setting next_dagrun for thethree_reqif_to_rst to None, run_after=None
[2023-06-16T19:06:23.074+0000] {processor.py:179} INFO - Processing /opt/airflow/dags/mainflow.py took 0.186 seconds
[2023-06-16T19:06:53.416+0000] {processor.py:157} INFO - Started process (PID=2544) to work on /opt/airflow/dags/mainflow.py
[2023-06-16T19:06:53.422+0000] {processor.py:826} INFO - Processing file /opt/airflow/dags/mainflow.py for tasks to queue
[2023-06-16T19:06:53.426+0000] {logging_mixin.py:149} INFO - [2023-06-16T19:06:53.425+0000] {dagbag.py:541} INFO - Filling up the DagBag from /opt/airflow/dags/mainflow.py
[2023-06-16T19:06:53.449+0000] {processor.py:836} INFO - DAG(s) dict_keys(['thethree_reqif_to_rst']) retrieved from /opt/airflow/dags/mainflow.py
[2023-06-16T19:06:53.506+0000] {logging_mixin.py:149} INFO - [2023-06-16T19:06:53.505+0000] {dag.py:2726} INFO - Sync 1 DAGs
[2023-06-16T19:06:53.577+0000] {logging_mixin.py:149} INFO - [2023-06-16T19:06:53.577+0000] {dag.py:3490} INFO - Setting next_dagrun for thethree_reqif_to_rst to None, run_after=None
[2023-06-16T19:06:53.617+0000] {processor.py:179} INFO - Processing /opt/airflow/dags/mainflow.py took 0.209 seconds
[2023-06-16T19:07:23.899+0000] {processor.py:157} INFO - Started process (PID=2601) to work on /opt/airflow/dags/mainflow.py
[2023-06-16T19:07:23.903+0000] {processor.py:826} INFO - Processing file /opt/airflow/dags/mainflow.py for tasks to queue
[2023-06-16T19:07:23.906+0000] {logging_mixin.py:149} INFO - [2023-06-16T19:07:23.906+0000] {dagbag.py:541} INFO - Filling up the DagBag from /opt/airflow/dags/mainflow.py
[2023-06-16T19:07:23.931+0000] {processor.py:836} INFO - DAG(s) dict_keys(['thethree_reqif_to_rst']) retrieved from /opt/airflow/dags/mainflow.py
[2023-06-16T19:07:23.995+0000] {logging_mixin.py:149} INFO - [2023-06-16T19:07:23.994+0000] {dag.py:2726} INFO - Sync 1 DAGs
[2023-06-16T19:07:24.052+0000] {logging_mixin.py:149} INFO - [2023-06-16T19:07:24.051+0000] {dag.py:3490} INFO - Setting next_dagrun for thethree_reqif_to_rst to None, run_after=None
[2023-06-16T19:07:24.091+0000] {processor.py:179} INFO - Processing /opt/airflow/dags/mainflow.py took 0.203 seconds
[2023-06-16T19:07:54.284+0000] {processor.py:157} INFO - Started process (PID=2657) to work on /opt/airflow/dags/mainflow.py
[2023-06-16T19:07:54.288+0000] {processor.py:826} INFO - Processing file /opt/airflow/dags/mainflow.py for tasks to queue
[2023-06-16T19:07:54.293+0000] {logging_mixin.py:149} INFO - [2023-06-16T19:07:54.292+0000] {dagbag.py:541} INFO - Filling up the DagBag from /opt/airflow/dags/mainflow.py
[2023-06-16T19:07:54.316+0000] {processor.py:836} INFO - DAG(s) dict_keys(['thethree_reqif_to_rst']) retrieved from /opt/airflow/dags/mainflow.py
[2023-06-16T19:07:54.377+0000] {logging_mixin.py:149} INFO - [2023-06-16T19:07:54.377+0000] {dag.py:2726} INFO - Sync 1 DAGs
[2023-06-16T19:07:54.438+0000] {logging_mixin.py:149} INFO - [2023-06-16T19:07:54.437+0000] {dag.py:3490} INFO - Setting next_dagrun for thethree_reqif_to_rst to None, run_after=None
[2023-06-16T19:07:54.494+0000] {processor.py:179} INFO - Processing /opt/airflow/dags/mainflow.py took 0.221 seconds
[2023-06-16T19:08:24.632+0000] {processor.py:157} INFO - Started process (PID=2714) to work on /opt/airflow/dags/mainflow.py
[2023-06-16T19:08:24.636+0000] {processor.py:826} INFO - Processing file /opt/airflow/dags/mainflow.py for tasks to queue
[2023-06-16T19:08:24.640+0000] {logging_mixin.py:149} INFO - [2023-06-16T19:08:24.640+0000] {dagbag.py:541} INFO - Filling up the DagBag from /opt/airflow/dags/mainflow.py
[2023-06-16T19:08:24.663+0000] {processor.py:836} INFO - DAG(s) dict_keys(['thethree_reqif_to_rst']) retrieved from /opt/airflow/dags/mainflow.py
[2023-06-16T19:08:24.718+0000] {logging_mixin.py:149} INFO - [2023-06-16T19:08:24.718+0000] {dag.py:2726} INFO - Sync 1 DAGs
[2023-06-16T19:08:24.769+0000] {logging_mixin.py:149} INFO - [2023-06-16T19:08:24.769+0000] {dag.py:3490} INFO - Setting next_dagrun for thethree_reqif_to_rst to None, run_after=None
[2023-06-16T19:08:24.815+0000] {processor.py:179} INFO - Processing /opt/airflow/dags/mainflow.py took 0.190 seconds
[2023-06-16T19:08:54.978+0000] {processor.py:157} INFO - Started process (PID=2771) to work on /opt/airflow/dags/mainflow.py
[2023-06-16T19:08:54.986+0000] {processor.py:826} INFO - Processing file /opt/airflow/dags/mainflow.py for tasks to queue
[2023-06-16T19:08:54.998+0000] {logging_mixin.py:149} INFO - [2023-06-16T19:08:54.998+0000] {dagbag.py:541} INFO - Filling up the DagBag from /opt/airflow/dags/mainflow.py
[2023-06-16T19:08:55.023+0000] {processor.py:836} INFO - DAG(s) dict_keys(['thethree_reqif_to_rst']) retrieved from /opt/airflow/dags/mainflow.py
[2023-06-16T19:08:55.105+0000] {logging_mixin.py:149} INFO - [2023-06-16T19:08:55.105+0000] {dag.py:2726} INFO - Sync 1 DAGs
[2023-06-16T19:08:55.270+0000] {logging_mixin.py:149} INFO - [2023-06-16T19:08:55.270+0000] {dag.py:3490} INFO - Setting next_dagrun for thethree_reqif_to_rst to None, run_after=None
[2023-06-16T19:08:55.369+0000] {processor.py:179} INFO - Processing /opt/airflow/dags/mainflow.py took 0.402 seconds
[2023-06-16T19:09:26.363+0000] {processor.py:157} INFO - Started process (PID=2827) to work on /opt/airflow/dags/mainflow.py
[2023-06-16T19:09:26.369+0000] {processor.py:826} INFO - Processing file /opt/airflow/dags/mainflow.py for tasks to queue
[2023-06-16T19:09:26.372+0000] {logging_mixin.py:149} INFO - [2023-06-16T19:09:26.372+0000] {dagbag.py:541} INFO - Filling up the DagBag from /opt/airflow/dags/mainflow.py
[2023-06-16T19:09:26.396+0000] {processor.py:836} INFO - DAG(s) dict_keys(['thethree_reqif_to_rst']) retrieved from /opt/airflow/dags/mainflow.py
[2023-06-16T19:09:26.466+0000] {logging_mixin.py:149} INFO - [2023-06-16T19:09:26.465+0000] {dag.py:2726} INFO - Sync 1 DAGs
[2023-06-16T19:09:26.544+0000] {logging_mixin.py:149} INFO - [2023-06-16T19:09:26.544+0000] {dag.py:3490} INFO - Setting next_dagrun for thethree_reqif_to_rst to None, run_after=None
[2023-06-16T19:09:26.598+0000] {processor.py:179} INFO - Processing /opt/airflow/dags/mainflow.py took 0.243 seconds
[2023-06-16T19:09:56.875+0000] {processor.py:157} INFO - Started process (PID=2884) to work on /opt/airflow/dags/mainflow.py
[2023-06-16T19:09:56.879+0000] {processor.py:826} INFO - Processing file /opt/airflow/dags/mainflow.py for tasks to queue
[2023-06-16T19:09:56.883+0000] {logging_mixin.py:149} INFO - [2023-06-16T19:09:56.883+0000] {dagbag.py:541} INFO - Filling up the DagBag from /opt/airflow/dags/mainflow.py
[2023-06-16T19:09:56.904+0000] {processor.py:836} INFO - DAG(s) dict_keys(['thethree_reqif_to_rst']) retrieved from /opt/airflow/dags/mainflow.py
[2023-06-16T19:09:56.957+0000] {logging_mixin.py:149} INFO - [2023-06-16T19:09:56.957+0000] {dag.py:2726} INFO - Sync 1 DAGs
[2023-06-16T19:09:57.008+0000] {logging_mixin.py:149} INFO - [2023-06-16T19:09:57.008+0000] {dag.py:3490} INFO - Setting next_dagrun for thethree_reqif_to_rst to None, run_after=None
[2023-06-16T19:09:57.049+0000] {processor.py:179} INFO - Processing /opt/airflow/dags/mainflow.py took 0.181 seconds
[2023-06-16T19:10:27.287+0000] {processor.py:157} INFO - Started process (PID=2941) to work on /opt/airflow/dags/mainflow.py
[2023-06-16T19:10:27.292+0000] {processor.py:826} INFO - Processing file /opt/airflow/dags/mainflow.py for tasks to queue
[2023-06-16T19:10:27.296+0000] {logging_mixin.py:149} INFO - [2023-06-16T19:10:27.296+0000] {dagbag.py:541} INFO - Filling up the DagBag from /opt/airflow/dags/mainflow.py
[2023-06-16T19:10:27.319+0000] {processor.py:836} INFO - DAG(s) dict_keys(['thethree_reqif_to_rst']) retrieved from /opt/airflow/dags/mainflow.py
[2023-06-16T19:10:27.383+0000] {logging_mixin.py:149} INFO - [2023-06-16T19:10:27.382+0000] {dag.py:2726} INFO - Sync 1 DAGs
[2023-06-16T19:10:27.429+0000] {logging_mixin.py:149} INFO - [2023-06-16T19:10:27.429+0000] {dag.py:3490} INFO - Setting next_dagrun for thethree_reqif_to_rst to None, run_after=None
[2023-06-16T19:10:27.471+0000] {processor.py:179} INFO - Processing /opt/airflow/dags/mainflow.py took 0.194 seconds
[2023-06-16T19:10:57.709+0000] {processor.py:157} INFO - Started process (PID=2998) to work on /opt/airflow/dags/mainflow.py
[2023-06-16T19:10:57.712+0000] {processor.py:826} INFO - Processing file /opt/airflow/dags/mainflow.py for tasks to queue
[2023-06-16T19:10:57.716+0000] {logging_mixin.py:149} INFO - [2023-06-16T19:10:57.716+0000] {dagbag.py:541} INFO - Filling up the DagBag from /opt/airflow/dags/mainflow.py
[2023-06-16T19:10:57.740+0000] {processor.py:836} INFO - DAG(s) dict_keys(['thethree_reqif_to_rst']) retrieved from /opt/airflow/dags/mainflow.py
[2023-06-16T19:10:57.796+0000] {logging_mixin.py:149} INFO - [2023-06-16T19:10:57.795+0000] {dag.py:2726} INFO - Sync 1 DAGs
[2023-06-16T19:10:57.851+0000] {logging_mixin.py:149} INFO - [2023-06-16T19:10:57.851+0000] {dag.py:3490} INFO - Setting next_dagrun for thethree_reqif_to_rst to None, run_after=None
[2023-06-16T19:10:57.893+0000] {processor.py:179} INFO - Processing /opt/airflow/dags/mainflow.py took 0.192 seconds
[2023-06-16T19:11:27.956+0000] {processor.py:157} INFO - Started process (PID=3055) to work on /opt/airflow/dags/mainflow.py
[2023-06-16T19:11:27.960+0000] {processor.py:826} INFO - Processing file /opt/airflow/dags/mainflow.py for tasks to queue
[2023-06-16T19:11:27.964+0000] {logging_mixin.py:149} INFO - [2023-06-16T19:11:27.963+0000] {dagbag.py:541} INFO - Filling up the DagBag from /opt/airflow/dags/mainflow.py
[2023-06-16T19:11:27.982+0000] {processor.py:836} INFO - DAG(s) dict_keys(['thethree_reqif_to_rst']) retrieved from /opt/airflow/dags/mainflow.py
[2023-06-16T19:11:28.042+0000] {logging_mixin.py:149} INFO - [2023-06-16T19:11:28.042+0000] {dag.py:2726} INFO - Sync 1 DAGs
[2023-06-16T19:11:28.095+0000] {logging_mixin.py:149} INFO - [2023-06-16T19:11:28.094+0000] {dag.py:3490} INFO - Setting next_dagrun for thethree_reqif_to_rst to None, run_after=None
[2023-06-16T19:11:28.135+0000] {processor.py:179} INFO - Processing /opt/airflow/dags/mainflow.py took 0.188 seconds
[2023-06-16T19:11:58.780+0000] {processor.py:157} INFO - Started process (PID=3108) to work on /opt/airflow/dags/mainflow.py
[2023-06-16T19:11:58.785+0000] {processor.py:826} INFO - Processing file /opt/airflow/dags/mainflow.py for tasks to queue
[2023-06-16T19:11:58.788+0000] {logging_mixin.py:149} INFO - [2023-06-16T19:11:58.787+0000] {dagbag.py:541} INFO - Filling up the DagBag from /opt/airflow/dags/mainflow.py
[2023-06-16T19:11:58.806+0000] {processor.py:836} INFO - DAG(s) dict_keys(['thethree_reqif_to_rst']) retrieved from /opt/airflow/dags/mainflow.py
[2023-06-16T19:11:58.865+0000] {logging_mixin.py:149} INFO - [2023-06-16T19:11:58.864+0000] {dag.py:2726} INFO - Sync 1 DAGs
[2023-06-16T19:11:58.941+0000] {logging_mixin.py:149} INFO - [2023-06-16T19:11:58.940+0000] {dag.py:3490} INFO - Setting next_dagrun for thethree_reqif_to_rst to None, run_after=None
[2023-06-16T19:11:59.013+0000] {processor.py:179} INFO - Processing /opt/airflow/dags/mainflow.py took 0.247 seconds
[2023-06-16T19:12:29.689+0000] {processor.py:157} INFO - Started process (PID=3165) to work on /opt/airflow/dags/mainflow.py
[2023-06-16T19:12:29.693+0000] {processor.py:826} INFO - Processing file /opt/airflow/dags/mainflow.py for tasks to queue
[2023-06-16T19:12:29.697+0000] {logging_mixin.py:149} INFO - [2023-06-16T19:12:29.696+0000] {dagbag.py:541} INFO - Filling up the DagBag from /opt/airflow/dags/mainflow.py
[2023-06-16T19:12:29.717+0000] {processor.py:836} INFO - DAG(s) dict_keys(['thethree_reqif_to_rst']) retrieved from /opt/airflow/dags/mainflow.py
[2023-06-16T19:12:29.768+0000] {logging_mixin.py:149} INFO - [2023-06-16T19:12:29.768+0000] {dag.py:2726} INFO - Sync 1 DAGs
[2023-06-16T19:12:29.825+0000] {logging_mixin.py:149} INFO - [2023-06-16T19:12:29.824+0000] {dag.py:3490} INFO - Setting next_dagrun for thethree_reqif_to_rst to None, run_after=None
[2023-06-16T19:12:29.874+0000] {processor.py:179} INFO - Processing /opt/airflow/dags/mainflow.py took 0.192 seconds
[2023-06-16T19:13:00.107+0000] {processor.py:157} INFO - Started process (PID=3222) to work on /opt/airflow/dags/mainflow.py
[2023-06-16T19:13:00.110+0000] {processor.py:826} INFO - Processing file /opt/airflow/dags/mainflow.py for tasks to queue
[2023-06-16T19:13:00.113+0000] {logging_mixin.py:149} INFO - [2023-06-16T19:13:00.113+0000] {dagbag.py:541} INFO - Filling up the DagBag from /opt/airflow/dags/mainflow.py
[2023-06-16T19:13:00.136+0000] {processor.py:836} INFO - DAG(s) dict_keys(['thethree_reqif_to_rst']) retrieved from /opt/airflow/dags/mainflow.py
[2023-06-16T19:13:00.201+0000] {logging_mixin.py:149} INFO - [2023-06-16T19:13:00.201+0000] {dag.py:2726} INFO - Sync 1 DAGs
[2023-06-16T19:13:00.274+0000] {logging_mixin.py:149} INFO - [2023-06-16T19:13:00.273+0000] {dag.py:3490} INFO - Setting next_dagrun for thethree_reqif_to_rst to None, run_after=None
[2023-06-16T19:13:00.334+0000] {processor.py:179} INFO - Processing /opt/airflow/dags/mainflow.py took 0.238 seconds
[2023-06-16T19:13:30.583+0000] {processor.py:157} INFO - Started process (PID=3279) to work on /opt/airflow/dags/mainflow.py
[2023-06-16T19:13:30.588+0000] {processor.py:826} INFO - Processing file /opt/airflow/dags/mainflow.py for tasks to queue
[2023-06-16T19:13:30.591+0000] {logging_mixin.py:149} INFO - [2023-06-16T19:13:30.591+0000] {dagbag.py:541} INFO - Filling up the DagBag from /opt/airflow/dags/mainflow.py
[2023-06-16T19:13:30.609+0000] {processor.py:836} INFO - DAG(s) dict_keys(['thethree_reqif_to_rst']) retrieved from /opt/airflow/dags/mainflow.py
[2023-06-16T19:13:30.660+0000] {logging_mixin.py:149} INFO - [2023-06-16T19:13:30.660+0000] {dag.py:2726} INFO - Sync 1 DAGs
[2023-06-16T19:13:30.714+0000] {logging_mixin.py:149} INFO - [2023-06-16T19:13:30.714+0000] {dag.py:3490} INFO - Setting next_dagrun for thethree_reqif_to_rst to None, run_after=None
[2023-06-16T19:13:30.755+0000] {processor.py:179} INFO - Processing /opt/airflow/dags/mainflow.py took 0.179 seconds
[2023-06-16T19:14:01.519+0000] {processor.py:157} INFO - Started process (PID=3336) to work on /opt/airflow/dags/mainflow.py
[2023-06-16T19:14:01.523+0000] {processor.py:826} INFO - Processing file /opt/airflow/dags/mainflow.py for tasks to queue
[2023-06-16T19:14:01.547+0000] {logging_mixin.py:149} INFO - [2023-06-16T19:14:01.546+0000] {dagbag.py:541} INFO - Filling up the DagBag from /opt/airflow/dags/mainflow.py
[2023-06-16T19:14:01.573+0000] {processor.py:836} INFO - DAG(s) dict_keys(['thethree_reqif_to_rst']) retrieved from /opt/airflow/dags/mainflow.py
[2023-06-16T19:14:01.648+0000] {logging_mixin.py:149} INFO - [2023-06-16T19:14:01.648+0000] {dag.py:2726} INFO - Sync 1 DAGs
[2023-06-16T19:14:01.713+0000] {logging_mixin.py:149} INFO - [2023-06-16T19:14:01.713+0000] {dag.py:3490} INFO - Setting next_dagrun for thethree_reqif_to_rst to None, run_after=None
[2023-06-16T19:14:01.783+0000] {processor.py:179} INFO - Processing /opt/airflow/dags/mainflow.py took 0.276 seconds
[2023-06-16T19:14:32.070+0000] {processor.py:157} INFO - Started process (PID=3393) to work on /opt/airflow/dags/mainflow.py
[2023-06-16T19:14:32.075+0000] {processor.py:826} INFO - Processing file /opt/airflow/dags/mainflow.py for tasks to queue
[2023-06-16T19:14:32.078+0000] {logging_mixin.py:149} INFO - [2023-06-16T19:14:32.078+0000] {dagbag.py:541} INFO - Filling up the DagBag from /opt/airflow/dags/mainflow.py
[2023-06-16T19:14:32.102+0000] {processor.py:836} INFO - DAG(s) dict_keys(['thethree_reqif_to_rst']) retrieved from /opt/airflow/dags/mainflow.py
[2023-06-16T19:14:32.174+0000] {logging_mixin.py:149} INFO - [2023-06-16T19:14:32.173+0000] {dag.py:2726} INFO - Sync 1 DAGs
[2023-06-16T19:14:32.247+0000] {logging_mixin.py:149} INFO - [2023-06-16T19:14:32.246+0000] {dag.py:3490} INFO - Setting next_dagrun for thethree_reqif_to_rst to None, run_after=None
[2023-06-16T19:14:32.294+0000] {processor.py:179} INFO - Processing /opt/airflow/dags/mainflow.py took 0.233 seconds
[2023-06-16T19:15:03.153+0000] {processor.py:157} INFO - Started process (PID=3451) to work on /opt/airflow/dags/mainflow.py
[2023-06-16T19:15:03.157+0000] {processor.py:826} INFO - Processing file /opt/airflow/dags/mainflow.py for tasks to queue
[2023-06-16T19:15:03.166+0000] {logging_mixin.py:149} INFO - [2023-06-16T19:15:03.165+0000] {dagbag.py:541} INFO - Filling up the DagBag from /opt/airflow/dags/mainflow.py
[2023-06-16T19:15:03.212+0000] {processor.py:836} INFO - DAG(s) dict_keys(['thethree_reqif_to_rst']) retrieved from /opt/airflow/dags/mainflow.py
[2023-06-16T19:15:03.275+0000] {logging_mixin.py:149} INFO - [2023-06-16T19:15:03.275+0000] {dag.py:2726} INFO - Sync 1 DAGs
[2023-06-16T19:15:03.345+0000] {logging_mixin.py:149} INFO - [2023-06-16T19:15:03.344+0000] {dag.py:3490} INFO - Setting next_dagrun for thethree_reqif_to_rst to None, run_after=None
[2023-06-16T19:15:03.396+0000] {processor.py:179} INFO - Processing /opt/airflow/dags/mainflow.py took 0.254 seconds
[2023-06-16T19:15:33.919+0000] {processor.py:157} INFO - Started process (PID=3508) to work on /opt/airflow/dags/mainflow.py
[2023-06-16T19:15:33.923+0000] {processor.py:826} INFO - Processing file /opt/airflow/dags/mainflow.py for tasks to queue
[2023-06-16T19:15:33.927+0000] {logging_mixin.py:149} INFO - [2023-06-16T19:15:33.927+0000] {dagbag.py:541} INFO - Filling up the DagBag from /opt/airflow/dags/mainflow.py
[2023-06-16T19:15:33.948+0000] {processor.py:836} INFO - DAG(s) dict_keys(['thethree_reqif_to_rst']) retrieved from /opt/airflow/dags/mainflow.py
[2023-06-16T19:15:34.010+0000] {logging_mixin.py:149} INFO - [2023-06-16T19:15:34.010+0000] {dag.py:2726} INFO - Sync 1 DAGs
[2023-06-16T19:15:34.063+0000] {logging_mixin.py:149} INFO - [2023-06-16T19:15:34.063+0000] {dag.py:3490} INFO - Setting next_dagrun for thethree_reqif_to_rst to None, run_after=None
[2023-06-16T19:15:34.110+0000] {processor.py:179} INFO - Processing /opt/airflow/dags/mainflow.py took 0.200 seconds
[2023-06-16T19:16:04.457+0000] {processor.py:157} INFO - Started process (PID=3565) to work on /opt/airflow/dags/mainflow.py
[2023-06-16T19:16:04.461+0000] {processor.py:826} INFO - Processing file /opt/airflow/dags/mainflow.py for tasks to queue
[2023-06-16T19:16:04.465+0000] {logging_mixin.py:149} INFO - [2023-06-16T19:16:04.464+0000] {dagbag.py:541} INFO - Filling up the DagBag from /opt/airflow/dags/mainflow.py
[2023-06-16T19:16:04.492+0000] {processor.py:836} INFO - DAG(s) dict_keys(['thethree_reqif_to_rst']) retrieved from /opt/airflow/dags/mainflow.py
[2023-06-16T19:16:04.560+0000] {logging_mixin.py:149} INFO - [2023-06-16T19:16:04.560+0000] {dag.py:2726} INFO - Sync 1 DAGs
[2023-06-16T19:16:04.623+0000] {logging_mixin.py:149} INFO - [2023-06-16T19:16:04.623+0000] {dag.py:3490} INFO - Setting next_dagrun for thethree_reqif_to_rst to None, run_after=None
[2023-06-16T19:16:04.668+0000] {processor.py:179} INFO - Processing /opt/airflow/dags/mainflow.py took 0.220 seconds
[2023-06-16T19:16:35.134+0000] {processor.py:157} INFO - Started process (PID=3622) to work on /opt/airflow/dags/mainflow.py
[2023-06-16T19:16:35.139+0000] {processor.py:826} INFO - Processing file /opt/airflow/dags/mainflow.py for tasks to queue
[2023-06-16T19:16:35.144+0000] {logging_mixin.py:149} INFO - [2023-06-16T19:16:35.144+0000] {dagbag.py:541} INFO - Filling up the DagBag from /opt/airflow/dags/mainflow.py
[2023-06-16T19:16:35.169+0000] {processor.py:836} INFO - DAG(s) dict_keys(['thethree_reqif_to_rst']) retrieved from /opt/airflow/dags/mainflow.py
[2023-06-16T19:16:35.230+0000] {logging_mixin.py:149} INFO - [2023-06-16T19:16:35.229+0000] {dag.py:2726} INFO - Sync 1 DAGs
[2023-06-16T19:16:35.305+0000] {logging_mixin.py:149} INFO - [2023-06-16T19:16:35.305+0000] {dag.py:3490} INFO - Setting next_dagrun for thethree_reqif_to_rst to None, run_after=None
[2023-06-16T19:16:35.351+0000] {processor.py:179} INFO - Processing /opt/airflow/dags/mainflow.py took 0.230 seconds
[2023-06-16T19:17:05.488+0000] {processor.py:157} INFO - Started process (PID=3679) to work on /opt/airflow/dags/mainflow.py
[2023-06-16T19:17:05.492+0000] {processor.py:826} INFO - Processing file /opt/airflow/dags/mainflow.py for tasks to queue
[2023-06-16T19:17:05.496+0000] {logging_mixin.py:149} INFO - [2023-06-16T19:17:05.496+0000] {dagbag.py:541} INFO - Filling up the DagBag from /opt/airflow/dags/mainflow.py
[2023-06-16T19:17:05.517+0000] {processor.py:836} INFO - DAG(s) dict_keys(['thethree_reqif_to_rst']) retrieved from /opt/airflow/dags/mainflow.py
[2023-06-16T19:17:05.580+0000] {logging_mixin.py:149} INFO - [2023-06-16T19:17:05.579+0000] {dag.py:2726} INFO - Sync 1 DAGs
[2023-06-16T19:17:05.641+0000] {logging_mixin.py:149} INFO - [2023-06-16T19:17:05.641+0000] {dag.py:3490} INFO - Setting next_dagrun for thethree_reqif_to_rst to None, run_after=None
[2023-06-16T19:17:05.685+0000] {processor.py:179} INFO - Processing /opt/airflow/dags/mainflow.py took 0.205 seconds
[2023-06-16T19:17:36.012+0000] {processor.py:157} INFO - Started process (PID=3736) to work on /opt/airflow/dags/mainflow.py
[2023-06-16T19:17:36.017+0000] {processor.py:826} INFO - Processing file /opt/airflow/dags/mainflow.py for tasks to queue
[2023-06-16T19:17:36.021+0000] {logging_mixin.py:149} INFO - [2023-06-16T19:17:36.021+0000] {dagbag.py:541} INFO - Filling up the DagBag from /opt/airflow/dags/mainflow.py
[2023-06-16T19:17:36.047+0000] {processor.py:836} INFO - DAG(s) dict_keys(['thethree_reqif_to_rst']) retrieved from /opt/airflow/dags/mainflow.py
[2023-06-16T19:17:36.110+0000] {logging_mixin.py:149} INFO - [2023-06-16T19:17:36.110+0000] {dag.py:2726} INFO - Sync 1 DAGs
[2023-06-16T19:17:36.175+0000] {logging_mixin.py:149} INFO - [2023-06-16T19:17:36.175+0000] {dag.py:3490} INFO - Setting next_dagrun for thethree_reqif_to_rst to None, run_after=None
[2023-06-16T19:17:36.226+0000] {processor.py:179} INFO - Processing /opt/airflow/dags/mainflow.py took 0.222 seconds
[2023-06-16T19:18:06.966+0000] {processor.py:157} INFO - Started process (PID=3793) to work on /opt/airflow/dags/mainflow.py
[2023-06-16T19:18:06.972+0000] {processor.py:826} INFO - Processing file /opt/airflow/dags/mainflow.py for tasks to queue
[2023-06-16T19:18:06.976+0000] {logging_mixin.py:149} INFO - [2023-06-16T19:18:06.976+0000] {dagbag.py:541} INFO - Filling up the DagBag from /opt/airflow/dags/mainflow.py
[2023-06-16T19:18:06.998+0000] {processor.py:836} INFO - DAG(s) dict_keys(['thethree_reqif_to_rst']) retrieved from /opt/airflow/dags/mainflow.py
[2023-06-16T19:18:07.051+0000] {logging_mixin.py:149} INFO - [2023-06-16T19:18:07.051+0000] {dag.py:2726} INFO - Sync 1 DAGs
[2023-06-16T19:18:07.106+0000] {logging_mixin.py:149} INFO - [2023-06-16T19:18:07.106+0000] {dag.py:3490} INFO - Setting next_dagrun for thethree_reqif_to_rst to None, run_after=None
[2023-06-16T19:18:07.149+0000] {processor.py:179} INFO - Processing /opt/airflow/dags/mainflow.py took 0.191 seconds
[2023-06-16T19:18:37.627+0000] {processor.py:157} INFO - Started process (PID=3850) to work on /opt/airflow/dags/mainflow.py
[2023-06-16T19:18:37.630+0000] {processor.py:826} INFO - Processing file /opt/airflow/dags/mainflow.py for tasks to queue
[2023-06-16T19:18:37.635+0000] {logging_mixin.py:149} INFO - [2023-06-16T19:18:37.635+0000] {dagbag.py:541} INFO - Filling up the DagBag from /opt/airflow/dags/mainflow.py
[2023-06-16T19:18:37.681+0000] {processor.py:836} INFO - DAG(s) dict_keys(['thethree_reqif_to_rst']) retrieved from /opt/airflow/dags/mainflow.py
[2023-06-16T19:18:37.724+0000] {logging_mixin.py:149} INFO - [2023-06-16T19:18:37.724+0000] {dag.py:2726} INFO - Sync 1 DAGs
[2023-06-16T19:18:37.767+0000] {logging_mixin.py:149} INFO - [2023-06-16T19:18:37.767+0000] {dag.py:3490} INFO - Setting next_dagrun for thethree_reqif_to_rst to None, run_after=None
[2023-06-16T19:18:37.839+0000] {processor.py:179} INFO - Processing /opt/airflow/dags/mainflow.py took 0.218 seconds
[2023-06-16T19:19:08.202+0000] {processor.py:157} INFO - Started process (PID=3907) to work on /opt/airflow/dags/mainflow.py
[2023-06-16T19:19:08.206+0000] {processor.py:826} INFO - Processing file /opt/airflow/dags/mainflow.py for tasks to queue
[2023-06-16T19:19:08.210+0000] {logging_mixin.py:149} INFO - [2023-06-16T19:19:08.209+0000] {dagbag.py:541} INFO - Filling up the DagBag from /opt/airflow/dags/mainflow.py
[2023-06-16T19:19:08.229+0000] {processor.py:836} INFO - DAG(s) dict_keys(['thethree_reqif_to_rst']) retrieved from /opt/airflow/dags/mainflow.py
[2023-06-16T19:19:08.282+0000] {logging_mixin.py:149} INFO - [2023-06-16T19:19:08.282+0000] {dag.py:2726} INFO - Sync 1 DAGs
[2023-06-16T19:19:08.332+0000] {logging_mixin.py:149} INFO - [2023-06-16T19:19:08.332+0000] {dag.py:3490} INFO - Setting next_dagrun for thethree_reqif_to_rst to None, run_after=None
[2023-06-16T19:19:08.372+0000] {processor.py:179} INFO - Processing /opt/airflow/dags/mainflow.py took 0.179 seconds
[2023-06-16T19:19:38.812+0000] {processor.py:157} INFO - Started process (PID=3965) to work on /opt/airflow/dags/mainflow.py
[2023-06-16T19:19:38.815+0000] {processor.py:826} INFO - Processing file /opt/airflow/dags/mainflow.py for tasks to queue
[2023-06-16T19:19:38.818+0000] {logging_mixin.py:149} INFO - [2023-06-16T19:19:38.817+0000] {dagbag.py:541} INFO - Filling up the DagBag from /opt/airflow/dags/mainflow.py
[2023-06-16T19:19:38.838+0000] {processor.py:836} INFO - DAG(s) dict_keys(['thethree_reqif_to_rst']) retrieved from /opt/airflow/dags/mainflow.py
[2023-06-16T19:19:38.891+0000] {logging_mixin.py:149} INFO - [2023-06-16T19:19:38.891+0000] {dag.py:2726} INFO - Sync 1 DAGs
[2023-06-16T19:19:38.957+0000] {logging_mixin.py:149} INFO - [2023-06-16T19:19:38.957+0000] {dag.py:3490} INFO - Setting next_dagrun for thethree_reqif_to_rst to None, run_after=None
[2023-06-16T19:19:39.016+0000] {processor.py:179} INFO - Processing /opt/airflow/dags/mainflow.py took 0.211 seconds
[2023-06-16T19:20:09.262+0000] {processor.py:157} INFO - Started process (PID=4022) to work on /opt/airflow/dags/mainflow.py
[2023-06-16T19:20:09.266+0000] {processor.py:826} INFO - Processing file /opt/airflow/dags/mainflow.py for tasks to queue
[2023-06-16T19:20:09.272+0000] {logging_mixin.py:149} INFO - [2023-06-16T19:20:09.271+0000] {dagbag.py:541} INFO - Filling up the DagBag from /opt/airflow/dags/mainflow.py
[2023-06-16T19:20:09.293+0000] {processor.py:836} INFO - DAG(s) dict_keys(['thethree_reqif_to_rst']) retrieved from /opt/airflow/dags/mainflow.py
[2023-06-16T19:20:09.354+0000] {logging_mixin.py:149} INFO - [2023-06-16T19:20:09.353+0000] {dag.py:2726} INFO - Sync 1 DAGs
[2023-06-16T19:20:09.411+0000] {logging_mixin.py:149} INFO - [2023-06-16T19:20:09.411+0000] {dag.py:3490} INFO - Setting next_dagrun for thethree_reqif_to_rst to None, run_after=None
[2023-06-16T19:20:09.462+0000] {processor.py:179} INFO - Processing /opt/airflow/dags/mainflow.py took 0.209 seconds
[2023-06-16T19:20:39.848+0000] {processor.py:157} INFO - Started process (PID=4079) to work on /opt/airflow/dags/mainflow.py
[2023-06-16T19:20:39.852+0000] {processor.py:826} INFO - Processing file /opt/airflow/dags/mainflow.py for tasks to queue
[2023-06-16T19:20:39.856+0000] {logging_mixin.py:149} INFO - [2023-06-16T19:20:39.855+0000] {dagbag.py:541} INFO - Filling up the DagBag from /opt/airflow/dags/mainflow.py
[2023-06-16T19:20:39.876+0000] {processor.py:836} INFO - DAG(s) dict_keys(['thethree_reqif_to_rst']) retrieved from /opt/airflow/dags/mainflow.py
[2023-06-16T19:20:39.930+0000] {logging_mixin.py:149} INFO - [2023-06-16T19:20:39.930+0000] {dag.py:2726} INFO - Sync 1 DAGs
[2023-06-16T19:20:39.984+0000] {logging_mixin.py:149} INFO - [2023-06-16T19:20:39.983+0000] {dag.py:3490} INFO - Setting next_dagrun for thethree_reqif_to_rst to None, run_after=None
[2023-06-16T19:20:40.030+0000] {processor.py:179} INFO - Processing /opt/airflow/dags/mainflow.py took 0.191 seconds
[2023-06-16T19:21:10.274+0000] {processor.py:157} INFO - Started process (PID=4136) to work on /opt/airflow/dags/mainflow.py
[2023-06-16T19:21:10.278+0000] {processor.py:826} INFO - Processing file /opt/airflow/dags/mainflow.py for tasks to queue
[2023-06-16T19:21:10.281+0000] {logging_mixin.py:149} INFO - [2023-06-16T19:21:10.281+0000] {dagbag.py:541} INFO - Filling up the DagBag from /opt/airflow/dags/mainflow.py
[2023-06-16T19:21:10.300+0000] {processor.py:836} INFO - DAG(s) dict_keys(['thethree_reqif_to_rst']) retrieved from /opt/airflow/dags/mainflow.py
[2023-06-16T19:21:10.346+0000] {logging_mixin.py:149} INFO - [2023-06-16T19:21:10.345+0000] {dag.py:2726} INFO - Sync 1 DAGs
[2023-06-16T19:21:10.395+0000] {logging_mixin.py:149} INFO - [2023-06-16T19:21:10.394+0000] {dag.py:3490} INFO - Setting next_dagrun for thethree_reqif_to_rst to None, run_after=None
[2023-06-16T19:21:10.430+0000] {processor.py:179} INFO - Processing /opt/airflow/dags/mainflow.py took 0.163 seconds
[2023-06-16T19:21:40.544+0000] {processor.py:157} INFO - Started process (PID=4193) to work on /opt/airflow/dags/mainflow.py
[2023-06-16T19:21:40.547+0000] {processor.py:826} INFO - Processing file /opt/airflow/dags/mainflow.py for tasks to queue
[2023-06-16T19:21:40.550+0000] {logging_mixin.py:149} INFO - [2023-06-16T19:21:40.550+0000] {dagbag.py:541} INFO - Filling up the DagBag from /opt/airflow/dags/mainflow.py
[2023-06-16T19:21:40.570+0000] {processor.py:836} INFO - DAG(s) dict_keys(['thethree_reqif_to_rst']) retrieved from /opt/airflow/dags/mainflow.py
[2023-06-16T19:21:40.632+0000] {logging_mixin.py:149} INFO - [2023-06-16T19:21:40.632+0000] {dag.py:2726} INFO - Sync 1 DAGs
[2023-06-16T19:21:40.688+0000] {logging_mixin.py:149} INFO - [2023-06-16T19:21:40.688+0000] {dag.py:3490} INFO - Setting next_dagrun for thethree_reqif_to_rst to None, run_after=None
[2023-06-16T19:21:40.739+0000] {processor.py:179} INFO - Processing /opt/airflow/dags/mainflow.py took 0.202 seconds
[2023-06-16T19:22:11.285+0000] {processor.py:157} INFO - Started process (PID=4251) to work on /opt/airflow/dags/mainflow.py
[2023-06-16T19:22:11.289+0000] {processor.py:826} INFO - Processing file /opt/airflow/dags/mainflow.py for tasks to queue
[2023-06-16T19:22:11.293+0000] {logging_mixin.py:149} INFO - [2023-06-16T19:22:11.293+0000] {dagbag.py:541} INFO - Filling up the DagBag from /opt/airflow/dags/mainflow.py
[2023-06-16T19:22:11.318+0000] {processor.py:836} INFO - DAG(s) dict_keys(['thethree_reqif_to_rst']) retrieved from /opt/airflow/dags/mainflow.py
[2023-06-16T19:22:11.379+0000] {logging_mixin.py:149} INFO - [2023-06-16T19:22:11.379+0000] {dag.py:2726} INFO - Sync 1 DAGs
[2023-06-16T19:22:11.437+0000] {logging_mixin.py:149} INFO - [2023-06-16T19:22:11.437+0000] {dag.py:3490} INFO - Setting next_dagrun for thethree_reqif_to_rst to None, run_after=None
[2023-06-16T19:22:11.481+0000] {processor.py:179} INFO - Processing /opt/airflow/dags/mainflow.py took 0.204 seconds
[2023-06-16T19:22:41.695+0000] {processor.py:157} INFO - Started process (PID=4308) to work on /opt/airflow/dags/mainflow.py
[2023-06-16T19:22:41.700+0000] {processor.py:826} INFO - Processing file /opt/airflow/dags/mainflow.py for tasks to queue
[2023-06-16T19:22:41.704+0000] {logging_mixin.py:149} INFO - [2023-06-16T19:22:41.703+0000] {dagbag.py:541} INFO - Filling up the DagBag from /opt/airflow/dags/mainflow.py
[2023-06-16T19:22:41.728+0000] {processor.py:836} INFO - DAG(s) dict_keys(['thethree_reqif_to_rst']) retrieved from /opt/airflow/dags/mainflow.py
[2023-06-16T19:22:41.798+0000] {logging_mixin.py:149} INFO - [2023-06-16T19:22:41.798+0000] {dag.py:2726} INFO - Sync 1 DAGs
[2023-06-16T19:22:41.885+0000] {logging_mixin.py:149} INFO - [2023-06-16T19:22:41.885+0000] {dag.py:3490} INFO - Setting next_dagrun for thethree_reqif_to_rst to None, run_after=None
[2023-06-16T19:22:41.942+0000] {processor.py:179} INFO - Processing /opt/airflow/dags/mainflow.py took 0.258 seconds
[2023-06-16T19:23:12.247+0000] {processor.py:157} INFO - Started process (PID=4365) to work on /opt/airflow/dags/mainflow.py
[2023-06-16T19:23:12.251+0000] {processor.py:826} INFO - Processing file /opt/airflow/dags/mainflow.py for tasks to queue
[2023-06-16T19:23:12.254+0000] {logging_mixin.py:149} INFO - [2023-06-16T19:23:12.254+0000] {dagbag.py:541} INFO - Filling up the DagBag from /opt/airflow/dags/mainflow.py
[2023-06-16T19:23:12.278+0000] {processor.py:836} INFO - DAG(s) dict_keys(['thethree_reqif_to_rst']) retrieved from /opt/airflow/dags/mainflow.py
[2023-06-16T19:23:12.342+0000] {logging_mixin.py:149} INFO - [2023-06-16T19:23:12.342+0000] {dag.py:2726} INFO - Sync 1 DAGs
[2023-06-16T19:23:12.401+0000] {logging_mixin.py:149} INFO - [2023-06-16T19:23:12.401+0000] {dag.py:3490} INFO - Setting next_dagrun for thethree_reqif_to_rst to None, run_after=None
[2023-06-16T19:23:12.446+0000] {processor.py:179} INFO - Processing /opt/airflow/dags/mainflow.py took 0.209 seconds
