[2023-06-14T20:47:30.857+0700] {processor.py:157} INFO - Started process (PID=31089) to work on /Users/lap14202/.airflow/dags/main_airflow.py
[2023-06-14T20:47:30.857+0700] {processor.py:826} INFO - Processing file /Users/lap14202/.airflow/dags/main_airflow.py for tasks to queue
[2023-06-14T20:47:30.858+0700] {logging_mixin.py:149} INFO - [2023-06-14T20:47:30.858+0700] {dagbag.py:541} INFO - Filling up the DagBag from /Users/lap14202/.airflow/dags/main_airflow.py
[2023-06-14T20:47:30.885+0700] {processor.py:836} INFO - DAG(s) dict_keys(['TheThree_airflow']) retrieved from /Users/lap14202/.airflow/dags/main_airflow.py
[2023-06-14T20:47:31.766+0700] {logging_mixin.py:149} INFO - [2023-06-14T20:47:31.766+0700] {manager.py:504} INFO - Created Permission View: can delete on DAG:TheThree_airflow
[2023-06-14T20:47:31.774+0700] {logging_mixin.py:149} INFO - [2023-06-14T20:47:31.774+0700] {manager.py:504} INFO - Created Permission View: can edit on DAG:TheThree_airflow
[2023-06-14T20:47:31.780+0700] {logging_mixin.py:149} INFO - [2023-06-14T20:47:31.779+0700] {manager.py:504} INFO - Created Permission View: can read on DAG:TheThree_airflow
[2023-06-14T20:47:31.780+0700] {logging_mixin.py:149} INFO - [2023-06-14T20:47:31.780+0700] {dag.py:2726} INFO - Sync 1 DAGs
[2023-06-14T20:47:31.789+0700] {logging_mixin.py:149} INFO - [2023-06-14T20:47:31.789+0700] {dag.py:2747} INFO - Creating ORM DAG for TheThree_airflow
[2023-06-14T20:47:31.796+0700] {logging_mixin.py:149} INFO - [2023-06-14T20:47:31.796+0700] {dag.py:3486} INFO - Setting next_dagrun for TheThree_airflow to 2023-06-13T13:47:31.796196+00:00, run_after=2023-06-14T13:47:31.796196+00:00
[2023-06-14T20:47:31.809+0700] {processor.py:179} INFO - Processing /Users/lap14202/.airflow/dags/main_airflow.py took 0.953 seconds
[2023-06-14T20:48:01.294+0700] {processor.py:157} INFO - Started process (PID=31152) to work on /Users/lap14202/.airflow/dags/main_airflow.py
[2023-06-14T20:48:01.295+0700] {processor.py:826} INFO - Processing file /Users/lap14202/.airflow/dags/main_airflow.py for tasks to queue
[2023-06-14T20:48:01.296+0700] {logging_mixin.py:149} INFO - [2023-06-14T20:48:01.296+0700] {dagbag.py:541} INFO - Filling up the DagBag from /Users/lap14202/.airflow/dags/main_airflow.py
[2023-06-14T20:48:01.323+0700] {processor.py:836} INFO - DAG(s) dict_keys(['TheThree_airflow']) retrieved from /Users/lap14202/.airflow/dags/main_airflow.py
[2023-06-14T20:48:01.365+0700] {logging_mixin.py:149} INFO - [2023-06-14T20:48:01.365+0700] {dag.py:2726} INFO - Sync 1 DAGs
[2023-06-14T20:48:02.062+0700] {logging_mixin.py:149} INFO - [2023-06-14T20:48:02.062+0700] {dag.py:3486} INFO - Setting next_dagrun for TheThree_airflow to 2023-06-13T13:48:02.062605+00:00, run_after=2023-06-14T13:48:02.062605+00:00
[2023-06-14T20:48:02.077+0700] {processor.py:179} INFO - Processing /Users/lap14202/.airflow/dags/main_airflow.py took 0.784 seconds
[2023-06-14T20:50:26.789+0700] {processor.py:157} INFO - Started process (PID=31474) to work on /Users/lap14202/.airflow/dags/main_airflow.py
[2023-06-14T20:50:26.790+0700] {processor.py:826} INFO - Processing file /Users/lap14202/.airflow/dags/main_airflow.py for tasks to queue
[2023-06-14T20:50:26.792+0700] {logging_mixin.py:149} INFO - [2023-06-14T20:50:26.791+0700] {dagbag.py:541} INFO - Filling up the DagBag from /Users/lap14202/.airflow/dags/main_airflow.py
[2023-06-14T20:50:26.841+0700] {processor.py:836} INFO - DAG(s) dict_keys(['TheThree_airflow']) retrieved from /Users/lap14202/.airflow/dags/main_airflow.py
[2023-06-14T20:50:28.208+0700] {logging_mixin.py:149} INFO - [2023-06-14T20:50:28.208+0700] {dag.py:2726} INFO - Sync 1 DAGs
[2023-06-14T20:50:28.231+0700] {logging_mixin.py:149} INFO - [2023-06-14T20:50:28.231+0700] {dag.py:3486} INFO - Setting next_dagrun for TheThree_airflow to 2023-06-14T13:48:02.062605+00:00, run_after=2023-06-15T13:48:02.062605+00:00
[2023-06-14T20:50:28.260+0700] {processor.py:179} INFO - Processing /Users/lap14202/.airflow/dags/main_airflow.py took 1.473 seconds
[2023-06-14T20:53:03.508+0700] {processor.py:157} INFO - Started process (PID=31746) to work on /Users/lap14202/.airflow/dags/main_airflow.py
[2023-06-14T20:53:03.509+0700] {processor.py:826} INFO - Processing file /Users/lap14202/.airflow/dags/main_airflow.py for tasks to queue
[2023-06-14T20:53:03.511+0700] {logging_mixin.py:149} INFO - [2023-06-14T20:53:03.510+0700] {dagbag.py:541} INFO - Filling up the DagBag from /Users/lap14202/.airflow/dags/main_airflow.py
[2023-06-14T20:53:03.565+0700] {processor.py:836} INFO - DAG(s) dict_keys(['TheThree_airflow']) retrieved from /Users/lap14202/.airflow/dags/main_airflow.py
[2023-06-14T20:53:05.224+0700] {logging_mixin.py:149} INFO - [2023-06-14T20:53:05.223+0700] {dag.py:2726} INFO - Sync 1 DAGs
[2023-06-14T20:53:05.261+0700] {logging_mixin.py:149} INFO - [2023-06-14T20:53:05.261+0700] {dag.py:3486} INFO - Setting next_dagrun for TheThree_airflow to 2023-06-14T13:48:02.062605+00:00, run_after=2023-06-15T13:48:02.062605+00:00
[2023-06-14T20:53:05.293+0700] {processor.py:179} INFO - Processing /Users/lap14202/.airflow/dags/main_airflow.py took 1.786 seconds
[2023-06-14T21:57:13.403+0700] {processor.py:157} INFO - Started process (PID=32196) to work on /Users/lap14202/.airflow/dags/main_airflow.py
[2023-06-14T21:57:13.405+0700] {processor.py:826} INFO - Processing file /Users/lap14202/.airflow/dags/main_airflow.py for tasks to queue
[2023-06-14T21:57:13.405+0700] {logging_mixin.py:149} INFO - [2023-06-14T21:57:13.405+0700] {dagbag.py:541} INFO - Filling up the DagBag from /Users/lap14202/.airflow/dags/main_airflow.py
[2023-06-14T21:57:13.436+0700] {processor.py:836} INFO - DAG(s) dict_keys(['TheThree_airflow']) retrieved from /Users/lap14202/.airflow/dags/main_airflow.py
[2023-06-14T21:57:14.321+0700] {logging_mixin.py:149} INFO - [2023-06-14T21:57:14.321+0700] {dag.py:2726} INFO - Sync 1 DAGs
[2023-06-14T21:57:14.335+0700] {logging_mixin.py:149} INFO - [2023-06-14T21:57:14.334+0700] {dag.py:3486} INFO - Setting next_dagrun for TheThree_airflow to 2023-06-14T13:48:02.062605+00:00, run_after=2023-06-15T13:48:02.062605+00:00
[2023-06-14T21:57:14.351+0700] {processor.py:179} INFO - Processing /Users/lap14202/.airflow/dags/main_airflow.py took 0.949 seconds
[2023-06-14T21:59:04.647+0700] {processor.py:157} INFO - Started process (PID=32447) to work on /Users/lap14202/.airflow/dags/main_airflow.py
[2023-06-14T21:59:04.647+0700] {processor.py:826} INFO - Processing file /Users/lap14202/.airflow/dags/main_airflow.py for tasks to queue
[2023-06-14T21:59:04.648+0700] {logging_mixin.py:149} INFO - [2023-06-14T21:59:04.648+0700] {dagbag.py:541} INFO - Filling up the DagBag from /Users/lap14202/.airflow/dags/main_airflow.py
[2023-06-14T21:59:04.673+0700] {processor.py:836} INFO - DAG(s) dict_keys(['TheThree_airflow']) retrieved from /Users/lap14202/.airflow/dags/main_airflow.py
[2023-06-14T21:59:05.419+0700] {logging_mixin.py:149} INFO - [2023-06-14T21:59:05.418+0700] {dag.py:2726} INFO - Sync 1 DAGs
[2023-06-14T21:59:05.433+0700] {logging_mixin.py:149} INFO - [2023-06-14T21:59:05.433+0700] {dag.py:3486} INFO - Setting next_dagrun for TheThree_airflow to 2023-06-14T13:48:02.062605+00:00, run_after=2023-06-15T13:48:02.062605+00:00
[2023-06-14T21:59:05.446+0700] {processor.py:179} INFO - Processing /Users/lap14202/.airflow/dags/main_airflow.py took 0.799 seconds
[2023-06-14T22:00:44.377+0700] {processor.py:157} INFO - Started process (PID=32679) to work on /Users/lap14202/.airflow/dags/main_airflow.py
[2023-06-14T22:00:44.378+0700] {processor.py:826} INFO - Processing file /Users/lap14202/.airflow/dags/main_airflow.py for tasks to queue
[2023-06-14T22:00:44.378+0700] {logging_mixin.py:149} INFO - [2023-06-14T22:00:44.378+0700] {dagbag.py:541} INFO - Filling up the DagBag from /Users/lap14202/.airflow/dags/main_airflow.py
[2023-06-14T22:00:44.407+0700] {processor.py:836} INFO - DAG(s) dict_keys(['TheThree_airflow']) retrieved from /Users/lap14202/.airflow/dags/main_airflow.py
[2023-06-14T22:00:45.234+0700] {logging_mixin.py:149} INFO - [2023-06-14T22:00:45.234+0700] {dag.py:2726} INFO - Sync 1 DAGs
[2023-06-14T22:00:45.254+0700] {logging_mixin.py:149} INFO - [2023-06-14T22:00:45.254+0700] {dag.py:3486} INFO - Setting next_dagrun for TheThree_airflow to 2023-06-14T13:48:02.062605+00:00, run_after=2023-06-15T13:48:02.062605+00:00
[2023-06-14T22:00:45.270+0700] {processor.py:179} INFO - Processing /Users/lap14202/.airflow/dags/main_airflow.py took 0.893 seconds
[2023-06-14T22:02:33.166+0700] {processor.py:157} INFO - Started process (PID=32916) to work on /Users/lap14202/.airflow/dags/main_airflow.py
[2023-06-14T22:02:33.181+0700] {processor.py:826} INFO - Processing file /Users/lap14202/.airflow/dags/main_airflow.py for tasks to queue
[2023-06-14T22:02:33.183+0700] {logging_mixin.py:149} INFO - [2023-06-14T22:02:33.182+0700] {dagbag.py:541} INFO - Filling up the DagBag from /Users/lap14202/.airflow/dags/main_airflow.py
[2023-06-14T22:02:33.236+0700] {processor.py:836} INFO - DAG(s) dict_keys(['TheThree_airflow']) retrieved from /Users/lap14202/.airflow/dags/main_airflow.py
[2023-06-14T22:02:34.154+0700] {logging_mixin.py:149} INFO - [2023-06-14T22:02:34.154+0700] {dag.py:2726} INFO - Sync 1 DAGs
[2023-06-14T22:02:34.169+0700] {logging_mixin.py:149} INFO - [2023-06-14T22:02:34.169+0700] {dag.py:3486} INFO - Setting next_dagrun for TheThree_airflow to 2023-06-14T13:48:02.062605+00:00, run_after=2023-06-15T13:48:02.062605+00:00
[2023-06-14T22:02:34.183+0700] {processor.py:179} INFO - Processing /Users/lap14202/.airflow/dags/main_airflow.py took 1.018 seconds
[2023-06-14T22:04:16.621+0700] {processor.py:157} INFO - Started process (PID=33112) to work on /Users/lap14202/.airflow/dags/main_airflow.py
[2023-06-14T22:04:16.622+0700] {processor.py:826} INFO - Processing file /Users/lap14202/.airflow/dags/main_airflow.py for tasks to queue
[2023-06-14T22:04:16.622+0700] {logging_mixin.py:149} INFO - [2023-06-14T22:04:16.622+0700] {dagbag.py:541} INFO - Filling up the DagBag from /Users/lap14202/.airflow/dags/main_airflow.py
[2023-06-14T22:04:16.649+0700] {processor.py:836} INFO - DAG(s) dict_keys(['TheThree_airflow']) retrieved from /Users/lap14202/.airflow/dags/main_airflow.py
[2023-06-14T22:04:17.529+0700] {logging_mixin.py:149} INFO - [2023-06-14T22:04:17.529+0700] {dag.py:2726} INFO - Sync 1 DAGs
[2023-06-14T22:04:17.545+0700] {logging_mixin.py:149} INFO - [2023-06-14T22:04:17.545+0700] {dag.py:3486} INFO - Setting next_dagrun for TheThree_airflow to 2023-06-14T13:48:02.062605+00:00, run_after=2023-06-15T13:48:02.062605+00:00
[2023-06-14T22:04:17.559+0700] {processor.py:179} INFO - Processing /Users/lap14202/.airflow/dags/main_airflow.py took 0.939 seconds
[2023-06-14T22:06:00.530+0700] {processor.py:157} INFO - Started process (PID=33348) to work on /Users/lap14202/.airflow/dags/main_airflow.py
[2023-06-14T22:06:00.530+0700] {processor.py:826} INFO - Processing file /Users/lap14202/.airflow/dags/main_airflow.py for tasks to queue
[2023-06-14T22:06:00.531+0700] {logging_mixin.py:149} INFO - [2023-06-14T22:06:00.531+0700] {dagbag.py:541} INFO - Filling up the DagBag from /Users/lap14202/.airflow/dags/main_airflow.py
[2023-06-14T22:06:00.560+0700] {processor.py:836} INFO - DAG(s) dict_keys(['TheThree_airflow']) retrieved from /Users/lap14202/.airflow/dags/main_airflow.py
[2023-06-14T22:06:01.377+0700] {logging_mixin.py:149} INFO - [2023-06-14T22:06:01.377+0700] {dag.py:2726} INFO - Sync 1 DAGs
[2023-06-14T22:06:01.391+0700] {logging_mixin.py:149} INFO - [2023-06-14T22:06:01.391+0700] {dag.py:3486} INFO - Setting next_dagrun for TheThree_airflow to 2023-06-14T13:48:02.062605+00:00, run_after=2023-06-15T13:48:02.062605+00:00
[2023-06-14T22:06:01.407+0700] {processor.py:179} INFO - Processing /Users/lap14202/.airflow/dags/main_airflow.py took 0.878 seconds
[2023-06-14T22:07:44.314+0700] {processor.py:157} INFO - Started process (PID=33557) to work on /Users/lap14202/.airflow/dags/main_airflow.py
[2023-06-14T22:07:44.315+0700] {processor.py:826} INFO - Processing file /Users/lap14202/.airflow/dags/main_airflow.py for tasks to queue
[2023-06-14T22:07:44.315+0700] {logging_mixin.py:149} INFO - [2023-06-14T22:07:44.315+0700] {dagbag.py:541} INFO - Filling up the DagBag from /Users/lap14202/.airflow/dags/main_airflow.py
[2023-06-14T22:07:44.342+0700] {processor.py:836} INFO - DAG(s) dict_keys(['TheThree_airflow']) retrieved from /Users/lap14202/.airflow/dags/main_airflow.py
[2023-06-14T22:07:45.180+0700] {logging_mixin.py:149} INFO - [2023-06-14T22:07:45.180+0700] {dag.py:2726} INFO - Sync 1 DAGs
[2023-06-14T22:07:45.196+0700] {logging_mixin.py:149} INFO - [2023-06-14T22:07:45.196+0700] {dag.py:3486} INFO - Setting next_dagrun for TheThree_airflow to 2023-06-14T13:48:02.062605+00:00, run_after=2023-06-15T13:48:02.062605+00:00
[2023-06-14T22:07:45.212+0700] {processor.py:179} INFO - Processing /Users/lap14202/.airflow/dags/main_airflow.py took 0.898 seconds
[2023-06-14T22:09:28.994+0700] {processor.py:157} INFO - Started process (PID=33743) to work on /Users/lap14202/.airflow/dags/main_airflow.py
[2023-06-14T22:09:28.996+0700] {processor.py:826} INFO - Processing file /Users/lap14202/.airflow/dags/main_airflow.py for tasks to queue
[2023-06-14T22:09:28.998+0700] {logging_mixin.py:149} INFO - [2023-06-14T22:09:28.998+0700] {dagbag.py:541} INFO - Filling up the DagBag from /Users/lap14202/.airflow/dags/main_airflow.py
[2023-06-14T22:09:29.059+0700] {processor.py:836} INFO - DAG(s) dict_keys(['TheThree_airflow']) retrieved from /Users/lap14202/.airflow/dags/main_airflow.py
[2023-06-14T22:09:29.881+0700] {logging_mixin.py:149} INFO - [2023-06-14T22:09:29.881+0700] {dag.py:2726} INFO - Sync 1 DAGs
[2023-06-14T22:09:29.899+0700] {logging_mixin.py:149} INFO - [2023-06-14T22:09:29.899+0700] {dag.py:3486} INFO - Setting next_dagrun for TheThree_airflow to 2023-06-14T13:48:02.062605+00:00, run_after=2023-06-15T13:48:02.062605+00:00
[2023-06-14T22:09:29.967+0700] {processor.py:179} INFO - Processing /Users/lap14202/.airflow/dags/main_airflow.py took 0.975 seconds
[2023-06-14T22:11:14.052+0700] {processor.py:157} INFO - Started process (PID=33971) to work on /Users/lap14202/.airflow/dags/main_airflow.py
[2023-06-14T22:11:14.053+0700] {processor.py:826} INFO - Processing file /Users/lap14202/.airflow/dags/main_airflow.py for tasks to queue
[2023-06-14T22:11:14.055+0700] {logging_mixin.py:149} INFO - [2023-06-14T22:11:14.054+0700] {dagbag.py:541} INFO - Filling up the DagBag from /Users/lap14202/.airflow/dags/main_airflow.py
[2023-06-14T22:11:14.093+0700] {processor.py:836} INFO - DAG(s) dict_keys(['TheThree_airflow']) retrieved from /Users/lap14202/.airflow/dags/main_airflow.py
[2023-06-14T22:11:14.957+0700] {logging_mixin.py:149} INFO - [2023-06-14T22:11:14.956+0700] {dag.py:2726} INFO - Sync 1 DAGs
[2023-06-14T22:11:14.976+0700] {logging_mixin.py:149} INFO - [2023-06-14T22:11:14.976+0700] {dag.py:3486} INFO - Setting next_dagrun for TheThree_airflow to 2023-06-14T13:48:02.062605+00:00, run_after=2023-06-15T13:48:02.062605+00:00
[2023-06-14T22:11:15.036+0700] {processor.py:179} INFO - Processing /Users/lap14202/.airflow/dags/main_airflow.py took 0.984 seconds
[2023-06-14T22:12:52.448+0700] {processor.py:157} INFO - Started process (PID=34204) to work on /Users/lap14202/.airflow/dags/main_airflow.py
[2023-06-14T22:12:52.448+0700] {processor.py:826} INFO - Processing file /Users/lap14202/.airflow/dags/main_airflow.py for tasks to queue
[2023-06-14T22:12:52.449+0700] {logging_mixin.py:149} INFO - [2023-06-14T22:12:52.449+0700] {dagbag.py:541} INFO - Filling up the DagBag from /Users/lap14202/.airflow/dags/main_airflow.py
[2023-06-14T22:12:52.474+0700] {processor.py:836} INFO - DAG(s) dict_keys(['TheThree_airflow']) retrieved from /Users/lap14202/.airflow/dags/main_airflow.py
[2023-06-14T22:12:53.223+0700] {logging_mixin.py:149} INFO - [2023-06-14T22:12:53.223+0700] {dag.py:2726} INFO - Sync 1 DAGs
[2023-06-14T22:12:53.237+0700] {logging_mixin.py:149} INFO - [2023-06-14T22:12:53.237+0700] {dag.py:3486} INFO - Setting next_dagrun for TheThree_airflow to 2023-06-14T13:48:02.062605+00:00, run_after=2023-06-15T13:48:02.062605+00:00
[2023-06-14T22:12:53.251+0700] {processor.py:179} INFO - Processing /Users/lap14202/.airflow/dags/main_airflow.py took 0.804 seconds
[2023-06-14T22:14:35.501+0700] {processor.py:157} INFO - Started process (PID=34425) to work on /Users/lap14202/.airflow/dags/main_airflow.py
[2023-06-14T22:14:35.520+0700] {processor.py:826} INFO - Processing file /Users/lap14202/.airflow/dags/main_airflow.py for tasks to queue
[2023-06-14T22:14:35.521+0700] {logging_mixin.py:149} INFO - [2023-06-14T22:14:35.521+0700] {dagbag.py:541} INFO - Filling up the DagBag from /Users/lap14202/.airflow/dags/main_airflow.py
[2023-06-14T22:14:35.575+0700] {processor.py:836} INFO - DAG(s) dict_keys(['TheThree_airflow']) retrieved from /Users/lap14202/.airflow/dags/main_airflow.py
[2023-06-14T22:14:36.440+0700] {logging_mixin.py:149} INFO - [2023-06-14T22:14:36.439+0700] {dag.py:2726} INFO - Sync 1 DAGs
[2023-06-14T22:14:36.457+0700] {logging_mixin.py:149} INFO - [2023-06-14T22:14:36.456+0700] {dag.py:3486} INFO - Setting next_dagrun for TheThree_airflow to 2023-06-14T13:48:02.062605+00:00, run_after=2023-06-15T13:48:02.062605+00:00
[2023-06-14T22:14:36.472+0700] {processor.py:179} INFO - Processing /Users/lap14202/.airflow/dags/main_airflow.py took 0.971 seconds
[2023-06-14T22:16:26.063+0700] {processor.py:157} INFO - Started process (PID=34608) to work on /Users/lap14202/.airflow/dags/main_airflow.py
[2023-06-14T22:16:26.069+0700] {processor.py:826} INFO - Processing file /Users/lap14202/.airflow/dags/main_airflow.py for tasks to queue
[2023-06-14T22:16:26.070+0700] {logging_mixin.py:149} INFO - [2023-06-14T22:16:26.070+0700] {dagbag.py:541} INFO - Filling up the DagBag from /Users/lap14202/.airflow/dags/main_airflow.py
[2023-06-14T22:16:26.129+0700] {processor.py:836} INFO - DAG(s) dict_keys(['TheThree_airflow']) retrieved from /Users/lap14202/.airflow/dags/main_airflow.py
[2023-06-14T22:16:26.975+0700] {logging_mixin.py:149} INFO - [2023-06-14T22:16:26.975+0700] {dag.py:2726} INFO - Sync 1 DAGs
[2023-06-14T22:16:26.991+0700] {logging_mixin.py:149} INFO - [2023-06-14T22:16:26.991+0700] {dag.py:3486} INFO - Setting next_dagrun for TheThree_airflow to 2023-06-14T13:48:02.062605+00:00, run_after=2023-06-15T13:48:02.062605+00:00
[2023-06-14T22:16:27.006+0700] {processor.py:179} INFO - Processing /Users/lap14202/.airflow/dags/main_airflow.py took 0.943 seconds
[2023-06-14T22:18:10.222+0700] {processor.py:157} INFO - Started process (PID=34848) to work on /Users/lap14202/.airflow/dags/main_airflow.py
[2023-06-14T22:18:10.222+0700] {processor.py:826} INFO - Processing file /Users/lap14202/.airflow/dags/main_airflow.py for tasks to queue
[2023-06-14T22:18:10.223+0700] {logging_mixin.py:149} INFO - [2023-06-14T22:18:10.223+0700] {dagbag.py:541} INFO - Filling up the DagBag from /Users/lap14202/.airflow/dags/main_airflow.py
[2023-06-14T22:18:10.249+0700] {processor.py:836} INFO - DAG(s) dict_keys(['TheThree_airflow']) retrieved from /Users/lap14202/.airflow/dags/main_airflow.py
[2023-06-14T22:18:11.018+0700] {logging_mixin.py:149} INFO - [2023-06-14T22:18:11.018+0700] {dag.py:2726} INFO - Sync 1 DAGs
[2023-06-14T22:18:11.032+0700] {logging_mixin.py:149} INFO - [2023-06-14T22:18:11.032+0700] {dag.py:3486} INFO - Setting next_dagrun for TheThree_airflow to 2023-06-14T13:48:02.062605+00:00, run_after=2023-06-15T13:48:02.062605+00:00
[2023-06-14T22:18:11.046+0700] {processor.py:179} INFO - Processing /Users/lap14202/.airflow/dags/main_airflow.py took 0.825 seconds
[2023-06-14T22:19:48.285+0700] {processor.py:157} INFO - Started process (PID=35057) to work on /Users/lap14202/.airflow/dags/main_airflow.py
[2023-06-14T22:19:48.286+0700] {processor.py:826} INFO - Processing file /Users/lap14202/.airflow/dags/main_airflow.py for tasks to queue
[2023-06-14T22:19:48.286+0700] {logging_mixin.py:149} INFO - [2023-06-14T22:19:48.286+0700] {dagbag.py:541} INFO - Filling up the DagBag from /Users/lap14202/.airflow/dags/main_airflow.py
[2023-06-14T22:19:48.312+0700] {processor.py:836} INFO - DAG(s) dict_keys(['TheThree_airflow']) retrieved from /Users/lap14202/.airflow/dags/main_airflow.py
[2023-06-14T22:19:49.050+0700] {logging_mixin.py:149} INFO - [2023-06-14T22:19:49.050+0700] {dag.py:2726} INFO - Sync 1 DAGs
[2023-06-14T22:19:49.064+0700] {logging_mixin.py:149} INFO - [2023-06-14T22:19:49.064+0700] {dag.py:3486} INFO - Setting next_dagrun for TheThree_airflow to 2023-06-14T13:48:02.062605+00:00, run_after=2023-06-15T13:48:02.062605+00:00
[2023-06-14T22:19:49.078+0700] {processor.py:179} INFO - Processing /Users/lap14202/.airflow/dags/main_airflow.py took 0.793 seconds
[2023-06-14T22:21:26.308+0700] {processor.py:157} INFO - Started process (PID=35219) to work on /Users/lap14202/.airflow/dags/main_airflow.py
[2023-06-14T22:21:26.309+0700] {processor.py:826} INFO - Processing file /Users/lap14202/.airflow/dags/main_airflow.py for tasks to queue
[2023-06-14T22:21:26.309+0700] {logging_mixin.py:149} INFO - [2023-06-14T22:21:26.309+0700] {dagbag.py:541} INFO - Filling up the DagBag from /Users/lap14202/.airflow/dags/main_airflow.py
[2023-06-14T22:21:26.336+0700] {processor.py:836} INFO - DAG(s) dict_keys(['TheThree_airflow']) retrieved from /Users/lap14202/.airflow/dags/main_airflow.py
[2023-06-14T22:21:27.070+0700] {logging_mixin.py:149} INFO - [2023-06-14T22:21:27.069+0700] {dag.py:2726} INFO - Sync 1 DAGs
[2023-06-14T22:21:27.083+0700] {logging_mixin.py:149} INFO - [2023-06-14T22:21:27.083+0700] {dag.py:3486} INFO - Setting next_dagrun for TheThree_airflow to 2023-06-14T13:48:02.062605+00:00, run_after=2023-06-15T13:48:02.062605+00:00
[2023-06-14T22:21:27.097+0700] {processor.py:179} INFO - Processing /Users/lap14202/.airflow/dags/main_airflow.py took 0.789 seconds
[2023-06-14T22:23:04.802+0700] {processor.py:157} INFO - Started process (PID=35447) to work on /Users/lap14202/.airflow/dags/main_airflow.py
[2023-06-14T22:23:04.803+0700] {processor.py:826} INFO - Processing file /Users/lap14202/.airflow/dags/main_airflow.py for tasks to queue
[2023-06-14T22:23:04.804+0700] {logging_mixin.py:149} INFO - [2023-06-14T22:23:04.803+0700] {dagbag.py:541} INFO - Filling up the DagBag from /Users/lap14202/.airflow/dags/main_airflow.py
[2023-06-14T22:23:04.842+0700] {processor.py:836} INFO - DAG(s) dict_keys(['TheThree_airflow']) retrieved from /Users/lap14202/.airflow/dags/main_airflow.py
[2023-06-14T22:23:05.612+0700] {logging_mixin.py:149} INFO - [2023-06-14T22:23:05.612+0700] {dag.py:2726} INFO - Sync 1 DAGs
[2023-06-14T22:23:05.627+0700] {logging_mixin.py:149} INFO - [2023-06-14T22:23:05.627+0700] {dag.py:3486} INFO - Setting next_dagrun for TheThree_airflow to 2023-06-14T13:48:02.062605+00:00, run_after=2023-06-15T13:48:02.062605+00:00
[2023-06-14T22:23:05.641+0700] {processor.py:179} INFO - Processing /Users/lap14202/.airflow/dags/main_airflow.py took 0.840 seconds
[2023-06-14T22:24:39.969+0700] {processor.py:157} INFO - Started process (PID=35672) to work on /Users/lap14202/.airflow/dags/main_airflow.py
[2023-06-14T22:24:39.970+0700] {processor.py:826} INFO - Processing file /Users/lap14202/.airflow/dags/main_airflow.py for tasks to queue
[2023-06-14T22:24:39.971+0700] {logging_mixin.py:149} INFO - [2023-06-14T22:24:39.971+0700] {dagbag.py:541} INFO - Filling up the DagBag from /Users/lap14202/.airflow/dags/main_airflow.py
[2023-06-14T22:24:39.997+0700] {processor.py:836} INFO - DAG(s) dict_keys(['TheThree_airflow']) retrieved from /Users/lap14202/.airflow/dags/main_airflow.py
[2023-06-14T22:24:40.721+0700] {logging_mixin.py:149} INFO - [2023-06-14T22:24:40.721+0700] {dag.py:2726} INFO - Sync 1 DAGs
[2023-06-14T22:24:40.735+0700] {logging_mixin.py:149} INFO - [2023-06-14T22:24:40.734+0700] {dag.py:3486} INFO - Setting next_dagrun for TheThree_airflow to 2023-06-14T13:48:02.062605+00:00, run_after=2023-06-15T13:48:02.062605+00:00
[2023-06-14T22:24:40.747+0700] {processor.py:179} INFO - Processing /Users/lap14202/.airflow/dags/main_airflow.py took 0.779 seconds
[2023-06-14T22:26:17.288+0700] {processor.py:157} INFO - Started process (PID=35834) to work on /Users/lap14202/.airflow/dags/main_airflow.py
[2023-06-14T22:26:17.288+0700] {processor.py:826} INFO - Processing file /Users/lap14202/.airflow/dags/main_airflow.py for tasks to queue
[2023-06-14T22:26:17.289+0700] {logging_mixin.py:149} INFO - [2023-06-14T22:26:17.289+0700] {dagbag.py:541} INFO - Filling up the DagBag from /Users/lap14202/.airflow/dags/main_airflow.py
[2023-06-14T22:26:17.314+0700] {processor.py:836} INFO - DAG(s) dict_keys(['TheThree_airflow']) retrieved from /Users/lap14202/.airflow/dags/main_airflow.py
[2023-06-14T22:26:18.036+0700] {logging_mixin.py:149} INFO - [2023-06-14T22:26:18.036+0700] {dag.py:2726} INFO - Sync 1 DAGs
[2023-06-14T22:26:18.050+0700] {logging_mixin.py:149} INFO - [2023-06-14T22:26:18.050+0700] {dag.py:3486} INFO - Setting next_dagrun for TheThree_airflow to 2023-06-14T13:48:02.062605+00:00, run_after=2023-06-15T13:48:02.062605+00:00
[2023-06-14T22:26:18.071+0700] {processor.py:179} INFO - Processing /Users/lap14202/.airflow/dags/main_airflow.py took 0.784 seconds
[2023-06-14T22:27:54.802+0700] {processor.py:157} INFO - Started process (PID=36064) to work on /Users/lap14202/.airflow/dags/main_airflow.py
[2023-06-14T22:27:54.802+0700] {processor.py:826} INFO - Processing file /Users/lap14202/.airflow/dags/main_airflow.py for tasks to queue
[2023-06-14T22:27:54.803+0700] {logging_mixin.py:149} INFO - [2023-06-14T22:27:54.803+0700] {dagbag.py:541} INFO - Filling up the DagBag from /Users/lap14202/.airflow/dags/main_airflow.py
[2023-06-14T22:27:54.828+0700] {processor.py:836} INFO - DAG(s) dict_keys(['TheThree_airflow']) retrieved from /Users/lap14202/.airflow/dags/main_airflow.py
[2023-06-14T22:27:55.567+0700] {logging_mixin.py:149} INFO - [2023-06-14T22:27:55.567+0700] {dag.py:2726} INFO - Sync 1 DAGs
[2023-06-14T22:27:55.580+0700] {logging_mixin.py:149} INFO - [2023-06-14T22:27:55.580+0700] {dag.py:3486} INFO - Setting next_dagrun for TheThree_airflow to 2023-06-14T13:48:02.062605+00:00, run_after=2023-06-15T13:48:02.062605+00:00
[2023-06-14T22:27:55.594+0700] {processor.py:179} INFO - Processing /Users/lap14202/.airflow/dags/main_airflow.py took 0.793 seconds
[2023-06-14T22:29:30.444+0700] {processor.py:157} INFO - Started process (PID=36231) to work on /Users/lap14202/.airflow/dags/main_airflow.py
[2023-06-14T22:29:30.444+0700] {processor.py:826} INFO - Processing file /Users/lap14202/.airflow/dags/main_airflow.py for tasks to queue
[2023-06-14T22:29:30.445+0700] {logging_mixin.py:149} INFO - [2023-06-14T22:29:30.445+0700] {dagbag.py:541} INFO - Filling up the DagBag from /Users/lap14202/.airflow/dags/main_airflow.py
[2023-06-14T22:29:30.471+0700] {processor.py:836} INFO - DAG(s) dict_keys(['TheThree_airflow']) retrieved from /Users/lap14202/.airflow/dags/main_airflow.py
[2023-06-14T22:29:31.203+0700] {logging_mixin.py:149} INFO - [2023-06-14T22:29:31.203+0700] {dag.py:2726} INFO - Sync 1 DAGs
[2023-06-14T22:29:31.217+0700] {logging_mixin.py:149} INFO - [2023-06-14T22:29:31.217+0700] {dag.py:3486} INFO - Setting next_dagrun for TheThree_airflow to 2023-06-14T13:48:02.062605+00:00, run_after=2023-06-15T13:48:02.062605+00:00
[2023-06-14T22:29:31.231+0700] {processor.py:179} INFO - Processing /Users/lap14202/.airflow/dags/main_airflow.py took 0.787 seconds
[2023-06-14T22:31:08.955+0700] {processor.py:157} INFO - Started process (PID=36465) to work on /Users/lap14202/.airflow/dags/main_airflow.py
[2023-06-14T22:31:08.956+0700] {processor.py:826} INFO - Processing file /Users/lap14202/.airflow/dags/main_airflow.py for tasks to queue
[2023-06-14T22:31:08.956+0700] {logging_mixin.py:149} INFO - [2023-06-14T22:31:08.956+0700] {dagbag.py:541} INFO - Filling up the DagBag from /Users/lap14202/.airflow/dags/main_airflow.py
[2023-06-14T22:31:08.982+0700] {processor.py:836} INFO - DAG(s) dict_keys(['TheThree_airflow']) retrieved from /Users/lap14202/.airflow/dags/main_airflow.py
[2023-06-14T22:31:09.713+0700] {logging_mixin.py:149} INFO - [2023-06-14T22:31:09.713+0700] {dag.py:2726} INFO - Sync 1 DAGs
[2023-06-14T22:31:09.728+0700] {logging_mixin.py:149} INFO - [2023-06-14T22:31:09.728+0700] {dag.py:3486} INFO - Setting next_dagrun for TheThree_airflow to 2023-06-14T13:48:02.062605+00:00, run_after=2023-06-15T13:48:02.062605+00:00
[2023-06-14T22:31:09.749+0700] {processor.py:179} INFO - Processing /Users/lap14202/.airflow/dags/main_airflow.py took 0.795 seconds
[2023-06-14T22:32:46.697+0700] {processor.py:157} INFO - Started process (PID=36664) to work on /Users/lap14202/.airflow/dags/main_airflow.py
[2023-06-14T22:32:46.697+0700] {processor.py:826} INFO - Processing file /Users/lap14202/.airflow/dags/main_airflow.py for tasks to queue
[2023-06-14T22:32:46.698+0700] {logging_mixin.py:149} INFO - [2023-06-14T22:32:46.698+0700] {dagbag.py:541} INFO - Filling up the DagBag from /Users/lap14202/.airflow/dags/main_airflow.py
[2023-06-14T22:32:46.725+0700] {processor.py:836} INFO - DAG(s) dict_keys(['TheThree_airflow']) retrieved from /Users/lap14202/.airflow/dags/main_airflow.py
[2023-06-14T22:32:47.501+0700] {logging_mixin.py:149} INFO - [2023-06-14T22:32:47.501+0700] {dag.py:2726} INFO - Sync 1 DAGs
[2023-06-14T22:32:47.515+0700] {logging_mixin.py:149} INFO - [2023-06-14T22:32:47.515+0700] {dag.py:3486} INFO - Setting next_dagrun for TheThree_airflow to 2023-06-14T13:48:02.062605+00:00, run_after=2023-06-15T13:48:02.062605+00:00
[2023-06-14T22:32:47.529+0700] {processor.py:179} INFO - Processing /Users/lap14202/.airflow/dags/main_airflow.py took 0.832 seconds
[2023-06-14T22:34:23.181+0700] {processor.py:157} INFO - Started process (PID=36849) to work on /Users/lap14202/.airflow/dags/main_airflow.py
[2023-06-14T22:34:23.181+0700] {processor.py:826} INFO - Processing file /Users/lap14202/.airflow/dags/main_airflow.py for tasks to queue
[2023-06-14T22:34:23.182+0700] {logging_mixin.py:149} INFO - [2023-06-14T22:34:23.182+0700] {dagbag.py:541} INFO - Filling up the DagBag from /Users/lap14202/.airflow/dags/main_airflow.py
[2023-06-14T22:34:23.208+0700] {processor.py:836} INFO - DAG(s) dict_keys(['TheThree_airflow']) retrieved from /Users/lap14202/.airflow/dags/main_airflow.py
[2023-06-14T22:34:23.940+0700] {logging_mixin.py:149} INFO - [2023-06-14T22:34:23.940+0700] {dag.py:2726} INFO - Sync 1 DAGs
[2023-06-14T22:34:23.953+0700] {logging_mixin.py:149} INFO - [2023-06-14T22:34:23.953+0700] {dag.py:3486} INFO - Setting next_dagrun for TheThree_airflow to 2023-06-14T13:48:02.062605+00:00, run_after=2023-06-15T13:48:02.062605+00:00
[2023-06-14T22:34:23.976+0700] {processor.py:179} INFO - Processing /Users/lap14202/.airflow/dags/main_airflow.py took 0.795 seconds
[2023-06-14T22:36:01.031+0700] {processor.py:157} INFO - Started process (PID=37079) to work on /Users/lap14202/.airflow/dags/main_airflow.py
[2023-06-14T22:36:01.031+0700] {processor.py:826} INFO - Processing file /Users/lap14202/.airflow/dags/main_airflow.py for tasks to queue
[2023-06-14T22:36:01.032+0700] {logging_mixin.py:149} INFO - [2023-06-14T22:36:01.032+0700] {dagbag.py:541} INFO - Filling up the DagBag from /Users/lap14202/.airflow/dags/main_airflow.py
[2023-06-14T22:36:01.058+0700] {processor.py:836} INFO - DAG(s) dict_keys(['TheThree_airflow']) retrieved from /Users/lap14202/.airflow/dags/main_airflow.py
[2023-06-14T22:36:01.790+0700] {logging_mixin.py:149} INFO - [2023-06-14T22:36:01.790+0700] {dag.py:2726} INFO - Sync 1 DAGs
[2023-06-14T22:36:01.805+0700] {logging_mixin.py:149} INFO - [2023-06-14T22:36:01.805+0700] {dag.py:3486} INFO - Setting next_dagrun for TheThree_airflow to 2023-06-14T13:48:02.062605+00:00, run_after=2023-06-15T13:48:02.062605+00:00
[2023-06-14T22:36:01.819+0700] {processor.py:179} INFO - Processing /Users/lap14202/.airflow/dags/main_airflow.py took 0.788 seconds
[2023-06-14T22:37:39.825+0700] {processor.py:157} INFO - Started process (PID=37294) to work on /Users/lap14202/.airflow/dags/main_airflow.py
[2023-06-14T22:37:39.826+0700] {processor.py:826} INFO - Processing file /Users/lap14202/.airflow/dags/main_airflow.py for tasks to queue
[2023-06-14T22:37:39.826+0700] {logging_mixin.py:149} INFO - [2023-06-14T22:37:39.826+0700] {dagbag.py:541} INFO - Filling up the DagBag from /Users/lap14202/.airflow/dags/main_airflow.py
[2023-06-14T22:37:39.852+0700] {processor.py:836} INFO - DAG(s) dict_keys(['TheThree_airflow']) retrieved from /Users/lap14202/.airflow/dags/main_airflow.py
[2023-06-14T22:37:40.597+0700] {logging_mixin.py:149} INFO - [2023-06-14T22:37:40.596+0700] {dag.py:2726} INFO - Sync 1 DAGs
[2023-06-14T22:37:40.610+0700] {logging_mixin.py:149} INFO - [2023-06-14T22:37:40.610+0700] {dag.py:3486} INFO - Setting next_dagrun for TheThree_airflow to 2023-06-14T13:48:02.062605+00:00, run_after=2023-06-15T13:48:02.062605+00:00
[2023-06-14T22:37:40.624+0700] {processor.py:179} INFO - Processing /Users/lap14202/.airflow/dags/main_airflow.py took 0.799 seconds
[2023-06-14T22:39:11.366+0700] {processor.py:157} INFO - Started process (PID=37458) to work on /Users/lap14202/.airflow/dags/main_airflow.py
[2023-06-14T22:39:11.367+0700] {processor.py:826} INFO - Processing file /Users/lap14202/.airflow/dags/main_airflow.py for tasks to queue
[2023-06-14T22:39:11.367+0700] {logging_mixin.py:149} INFO - [2023-06-14T22:39:11.367+0700] {dagbag.py:541} INFO - Filling up the DagBag from /Users/lap14202/.airflow/dags/main_airflow.py
[2023-06-14T22:39:11.394+0700] {processor.py:836} INFO - DAG(s) dict_keys(['TheThree_airflow']) retrieved from /Users/lap14202/.airflow/dags/main_airflow.py
[2023-06-14T22:39:12.144+0700] {logging_mixin.py:149} INFO - [2023-06-14T22:39:12.144+0700] {dag.py:2726} INFO - Sync 1 DAGs
[2023-06-14T22:39:12.157+0700] {logging_mixin.py:149} INFO - [2023-06-14T22:39:12.157+0700] {dag.py:3486} INFO - Setting next_dagrun for TheThree_airflow to 2023-06-14T13:48:02.062605+00:00, run_after=2023-06-15T13:48:02.062605+00:00
[2023-06-14T22:39:12.171+0700] {processor.py:179} INFO - Processing /Users/lap14202/.airflow/dags/main_airflow.py took 0.805 seconds
[2023-06-14T22:40:45.844+0700] {processor.py:157} INFO - Started process (PID=37664) to work on /Users/lap14202/.airflow/dags/main_airflow.py
[2023-06-14T22:40:45.845+0700] {processor.py:826} INFO - Processing file /Users/lap14202/.airflow/dags/main_airflow.py for tasks to queue
[2023-06-14T22:40:45.846+0700] {logging_mixin.py:149} INFO - [2023-06-14T22:40:45.846+0700] {dagbag.py:541} INFO - Filling up the DagBag from /Users/lap14202/.airflow/dags/main_airflow.py
[2023-06-14T22:40:45.873+0700] {processor.py:836} INFO - DAG(s) dict_keys(['TheThree_airflow']) retrieved from /Users/lap14202/.airflow/dags/main_airflow.py
[2023-06-14T22:40:46.633+0700] {logging_mixin.py:149} INFO - [2023-06-14T22:40:46.633+0700] {dag.py:2726} INFO - Sync 1 DAGs
[2023-06-14T22:40:46.647+0700] {logging_mixin.py:149} INFO - [2023-06-14T22:40:46.647+0700] {dag.py:3486} INFO - Setting next_dagrun for TheThree_airflow to 2023-06-14T13:48:02.062605+00:00, run_after=2023-06-15T13:48:02.062605+00:00
[2023-06-14T22:40:46.660+0700] {processor.py:179} INFO - Processing /Users/lap14202/.airflow/dags/main_airflow.py took 0.817 seconds
[2023-06-14T22:42:25.753+0700] {processor.py:157} INFO - Started process (PID=37861) to work on /Users/lap14202/.airflow/dags/main_airflow.py
[2023-06-14T22:42:25.754+0700] {processor.py:826} INFO - Processing file /Users/lap14202/.airflow/dags/main_airflow.py for tasks to queue
[2023-06-14T22:42:25.755+0700] {logging_mixin.py:149} INFO - [2023-06-14T22:42:25.755+0700] {dagbag.py:541} INFO - Filling up the DagBag from /Users/lap14202/.airflow/dags/main_airflow.py
[2023-06-14T22:42:25.791+0700] {processor.py:836} INFO - DAG(s) dict_keys(['TheThree_airflow']) retrieved from /Users/lap14202/.airflow/dags/main_airflow.py
[2023-06-14T22:42:26.567+0700] {logging_mixin.py:149} INFO - [2023-06-14T22:42:26.567+0700] {dag.py:2726} INFO - Sync 1 DAGs
[2023-06-14T22:42:26.580+0700] {logging_mixin.py:149} INFO - [2023-06-14T22:42:26.580+0700] {dag.py:3486} INFO - Setting next_dagrun for TheThree_airflow to 2023-06-14T13:48:02.062605+00:00, run_after=2023-06-15T13:48:02.062605+00:00
[2023-06-14T22:42:26.594+0700] {processor.py:179} INFO - Processing /Users/lap14202/.airflow/dags/main_airflow.py took 0.842 seconds
[2023-06-14T22:44:06.273+0700] {processor.py:157} INFO - Started process (PID=38096) to work on /Users/lap14202/.airflow/dags/main_airflow.py
[2023-06-14T22:44:06.275+0700] {processor.py:826} INFO - Processing file /Users/lap14202/.airflow/dags/main_airflow.py for tasks to queue
[2023-06-14T22:44:06.275+0700] {logging_mixin.py:149} INFO - [2023-06-14T22:44:06.275+0700] {dagbag.py:541} INFO - Filling up the DagBag from /Users/lap14202/.airflow/dags/main_airflow.py
[2023-06-14T22:44:06.303+0700] {processor.py:836} INFO - DAG(s) dict_keys(['TheThree_airflow']) retrieved from /Users/lap14202/.airflow/dags/main_airflow.py
[2023-06-14T22:44:07.222+0700] {logging_mixin.py:149} INFO - [2023-06-14T22:44:07.222+0700] {dag.py:2726} INFO - Sync 1 DAGs
[2023-06-14T22:44:07.240+0700] {logging_mixin.py:149} INFO - [2023-06-14T22:44:07.240+0700] {dag.py:3486} INFO - Setting next_dagrun for TheThree_airflow to 2023-06-14T13:48:02.062605+00:00, run_after=2023-06-15T13:48:02.062605+00:00
[2023-06-14T22:44:07.255+0700] {processor.py:179} INFO - Processing /Users/lap14202/.airflow/dags/main_airflow.py took 0.982 seconds
[2023-06-14T22:45:41.090+0700] {processor.py:157} INFO - Started process (PID=38326) to work on /Users/lap14202/.airflow/dags/main_airflow.py
[2023-06-14T22:45:41.092+0700] {processor.py:826} INFO - Processing file /Users/lap14202/.airflow/dags/main_airflow.py for tasks to queue
[2023-06-14T22:45:41.092+0700] {logging_mixin.py:149} INFO - [2023-06-14T22:45:41.092+0700] {dagbag.py:541} INFO - Filling up the DagBag from /Users/lap14202/.airflow/dags/main_airflow.py
[2023-06-14T22:45:41.119+0700] {processor.py:836} INFO - DAG(s) dict_keys(['TheThree_airflow']) retrieved from /Users/lap14202/.airflow/dags/main_airflow.py
[2023-06-14T22:45:41.841+0700] {logging_mixin.py:149} INFO - [2023-06-14T22:45:41.841+0700] {dag.py:2726} INFO - Sync 1 DAGs
[2023-06-14T22:45:41.854+0700] {logging_mixin.py:149} INFO - [2023-06-14T22:45:41.854+0700] {dag.py:3486} INFO - Setting next_dagrun for TheThree_airflow to 2023-06-14T13:48:02.062605+00:00, run_after=2023-06-15T13:48:02.062605+00:00
[2023-06-14T22:45:41.869+0700] {processor.py:179} INFO - Processing /Users/lap14202/.airflow/dags/main_airflow.py took 0.779 seconds
[2023-06-14T22:47:16.132+0700] {processor.py:157} INFO - Started process (PID=38496) to work on /Users/lap14202/.airflow/dags/main_airflow.py
[2023-06-14T22:47:16.132+0700] {processor.py:826} INFO - Processing file /Users/lap14202/.airflow/dags/main_airflow.py for tasks to queue
[2023-06-14T22:47:16.133+0700] {logging_mixin.py:149} INFO - [2023-06-14T22:47:16.132+0700] {dagbag.py:541} INFO - Filling up the DagBag from /Users/lap14202/.airflow/dags/main_airflow.py
[2023-06-14T22:47:16.158+0700] {processor.py:836} INFO - DAG(s) dict_keys(['TheThree_airflow']) retrieved from /Users/lap14202/.airflow/dags/main_airflow.py
[2023-06-14T22:47:16.938+0700] {logging_mixin.py:149} INFO - [2023-06-14T22:47:16.938+0700] {dag.py:2726} INFO - Sync 1 DAGs
[2023-06-14T22:47:16.952+0700] {logging_mixin.py:149} INFO - [2023-06-14T22:47:16.952+0700] {dag.py:3486} INFO - Setting next_dagrun for TheThree_airflow to 2023-06-14T13:48:02.062605+00:00, run_after=2023-06-15T13:48:02.062605+00:00
[2023-06-14T22:47:16.966+0700] {processor.py:179} INFO - Processing /Users/lap14202/.airflow/dags/main_airflow.py took 0.835 seconds
[2023-06-14T22:48:53.766+0700] {processor.py:157} INFO - Started process (PID=38718) to work on /Users/lap14202/.airflow/dags/main_airflow.py
[2023-06-14T22:48:53.766+0700] {processor.py:826} INFO - Processing file /Users/lap14202/.airflow/dags/main_airflow.py for tasks to queue
[2023-06-14T22:48:53.767+0700] {logging_mixin.py:149} INFO - [2023-06-14T22:48:53.767+0700] {dagbag.py:541} INFO - Filling up the DagBag from /Users/lap14202/.airflow/dags/main_airflow.py
[2023-06-14T22:48:53.792+0700] {processor.py:836} INFO - DAG(s) dict_keys(['TheThree_airflow']) retrieved from /Users/lap14202/.airflow/dags/main_airflow.py
[2023-06-14T22:48:54.529+0700] {logging_mixin.py:149} INFO - [2023-06-14T22:48:54.529+0700] {dag.py:2726} INFO - Sync 1 DAGs
[2023-06-14T22:48:54.543+0700] {logging_mixin.py:149} INFO - [2023-06-14T22:48:54.543+0700] {dag.py:3486} INFO - Setting next_dagrun for TheThree_airflow to 2023-06-14T13:48:02.062605+00:00, run_after=2023-06-15T13:48:02.062605+00:00
[2023-06-14T22:48:54.557+0700] {processor.py:179} INFO - Processing /Users/lap14202/.airflow/dags/main_airflow.py took 0.792 seconds
[2023-06-14T22:50:31.653+0700] {processor.py:157} INFO - Started process (PID=38885) to work on /Users/lap14202/.airflow/dags/main_airflow.py
[2023-06-14T22:50:31.654+0700] {processor.py:826} INFO - Processing file /Users/lap14202/.airflow/dags/main_airflow.py for tasks to queue
[2023-06-14T22:50:31.654+0700] {logging_mixin.py:149} INFO - [2023-06-14T22:50:31.654+0700] {dagbag.py:541} INFO - Filling up the DagBag from /Users/lap14202/.airflow/dags/main_airflow.py
[2023-06-14T22:50:31.680+0700] {processor.py:836} INFO - DAG(s) dict_keys(['TheThree_airflow']) retrieved from /Users/lap14202/.airflow/dags/main_airflow.py
[2023-06-14T22:50:32.408+0700] {logging_mixin.py:149} INFO - [2023-06-14T22:50:32.407+0700] {dag.py:2726} INFO - Sync 1 DAGs
[2023-06-14T22:50:32.421+0700] {logging_mixin.py:149} INFO - [2023-06-14T22:50:32.421+0700] {dag.py:3486} INFO - Setting next_dagrun for TheThree_airflow to 2023-06-14T13:48:02.062605+00:00, run_after=2023-06-15T13:48:02.062605+00:00
[2023-06-14T22:50:32.434+0700] {processor.py:179} INFO - Processing /Users/lap14202/.airflow/dags/main_airflow.py took 0.781 seconds
[2023-06-14T22:52:09.776+0700] {processor.py:157} INFO - Started process (PID=39105) to work on /Users/lap14202/.airflow/dags/main_airflow.py
[2023-06-14T22:52:09.778+0700] {processor.py:826} INFO - Processing file /Users/lap14202/.airflow/dags/main_airflow.py for tasks to queue
[2023-06-14T22:52:09.778+0700] {logging_mixin.py:149} INFO - [2023-06-14T22:52:09.778+0700] {dagbag.py:541} INFO - Filling up the DagBag from /Users/lap14202/.airflow/dags/main_airflow.py
[2023-06-14T22:52:09.804+0700] {processor.py:836} INFO - DAG(s) dict_keys(['TheThree_airflow']) retrieved from /Users/lap14202/.airflow/dags/main_airflow.py
[2023-06-14T22:52:10.535+0700] {logging_mixin.py:149} INFO - [2023-06-14T22:52:10.535+0700] {dag.py:2726} INFO - Sync 1 DAGs
[2023-06-14T22:52:10.549+0700] {logging_mixin.py:149} INFO - [2023-06-14T22:52:10.549+0700] {dag.py:3486} INFO - Setting next_dagrun for TheThree_airflow to 2023-06-14T13:48:02.062605+00:00, run_after=2023-06-15T13:48:02.062605+00:00
[2023-06-14T22:52:10.563+0700] {processor.py:179} INFO - Processing /Users/lap14202/.airflow/dags/main_airflow.py took 0.787 seconds
[2023-06-14T22:53:47.720+0700] {processor.py:157} INFO - Started process (PID=39315) to work on /Users/lap14202/.airflow/dags/main_airflow.py
[2023-06-14T22:53:47.722+0700] {processor.py:826} INFO - Processing file /Users/lap14202/.airflow/dags/main_airflow.py for tasks to queue
[2023-06-14T22:53:47.722+0700] {logging_mixin.py:149} INFO - [2023-06-14T22:53:47.722+0700] {dagbag.py:541} INFO - Filling up the DagBag from /Users/lap14202/.airflow/dags/main_airflow.py
[2023-06-14T22:53:47.749+0700] {processor.py:836} INFO - DAG(s) dict_keys(['TheThree_airflow']) retrieved from /Users/lap14202/.airflow/dags/main_airflow.py
[2023-06-14T22:53:48.472+0700] {logging_mixin.py:149} INFO - [2023-06-14T22:53:48.472+0700] {dag.py:2726} INFO - Sync 1 DAGs
[2023-06-14T22:53:48.485+0700] {logging_mixin.py:149} INFO - [2023-06-14T22:53:48.485+0700] {dag.py:3486} INFO - Setting next_dagrun for TheThree_airflow to 2023-06-14T13:48:02.062605+00:00, run_after=2023-06-15T13:48:02.062605+00:00
[2023-06-14T22:53:48.499+0700] {processor.py:179} INFO - Processing /Users/lap14202/.airflow/dags/main_airflow.py took 0.779 seconds
[2023-06-14T22:55:25.348+0700] {processor.py:157} INFO - Started process (PID=39486) to work on /Users/lap14202/.airflow/dags/main_airflow.py
[2023-06-14T22:55:25.350+0700] {processor.py:826} INFO - Processing file /Users/lap14202/.airflow/dags/main_airflow.py for tasks to queue
[2023-06-14T22:55:25.351+0700] {logging_mixin.py:149} INFO - [2023-06-14T22:55:25.350+0700] {dagbag.py:541} INFO - Filling up the DagBag from /Users/lap14202/.airflow/dags/main_airflow.py
[2023-06-14T22:55:25.381+0700] {processor.py:836} INFO - DAG(s) dict_keys(['TheThree_airflow']) retrieved from /Users/lap14202/.airflow/dags/main_airflow.py
[2023-06-14T22:55:26.206+0700] {logging_mixin.py:149} INFO - [2023-06-14T22:55:26.206+0700] {dag.py:2726} INFO - Sync 1 DAGs
[2023-06-14T22:55:26.225+0700] {logging_mixin.py:149} INFO - [2023-06-14T22:55:26.225+0700] {dag.py:3486} INFO - Setting next_dagrun for TheThree_airflow to 2023-06-14T13:48:02.062605+00:00, run_after=2023-06-15T13:48:02.062605+00:00
[2023-06-14T22:55:26.239+0700] {processor.py:179} INFO - Processing /Users/lap14202/.airflow/dags/main_airflow.py took 0.892 seconds
[2023-06-14T22:57:03.164+0700] {processor.py:157} INFO - Started process (PID=39706) to work on /Users/lap14202/.airflow/dags/main_airflow.py
[2023-06-14T22:57:03.165+0700] {processor.py:826} INFO - Processing file /Users/lap14202/.airflow/dags/main_airflow.py for tasks to queue
[2023-06-14T22:57:03.166+0700] {logging_mixin.py:149} INFO - [2023-06-14T22:57:03.166+0700] {dagbag.py:541} INFO - Filling up the DagBag from /Users/lap14202/.airflow/dags/main_airflow.py
[2023-06-14T22:57:03.193+0700] {processor.py:836} INFO - DAG(s) dict_keys(['TheThree_airflow']) retrieved from /Users/lap14202/.airflow/dags/main_airflow.py
[2023-06-14T22:57:03.944+0700] {logging_mixin.py:149} INFO - [2023-06-14T22:57:03.944+0700] {dag.py:2726} INFO - Sync 1 DAGs
[2023-06-14T22:57:03.958+0700] {logging_mixin.py:149} INFO - [2023-06-14T22:57:03.958+0700] {dag.py:3486} INFO - Setting next_dagrun for TheThree_airflow to 2023-06-14T13:48:02.062605+00:00, run_after=2023-06-15T13:48:02.062605+00:00
[2023-06-14T22:57:03.972+0700] {processor.py:179} INFO - Processing /Users/lap14202/.airflow/dags/main_airflow.py took 0.808 seconds
[2023-06-14T22:58:41.158+0700] {processor.py:157} INFO - Started process (PID=39921) to work on /Users/lap14202/.airflow/dags/main_airflow.py
[2023-06-14T22:58:41.160+0700] {processor.py:826} INFO - Processing file /Users/lap14202/.airflow/dags/main_airflow.py for tasks to queue
[2023-06-14T22:58:41.160+0700] {logging_mixin.py:149} INFO - [2023-06-14T22:58:41.160+0700] {dagbag.py:541} INFO - Filling up the DagBag from /Users/lap14202/.airflow/dags/main_airflow.py
[2023-06-14T22:58:41.190+0700] {processor.py:836} INFO - DAG(s) dict_keys(['TheThree_airflow']) retrieved from /Users/lap14202/.airflow/dags/main_airflow.py
[2023-06-14T22:58:41.994+0700] {logging_mixin.py:149} INFO - [2023-06-14T22:58:41.994+0700] {dag.py:2726} INFO - Sync 1 DAGs
[2023-06-14T22:58:42.009+0700] {logging_mixin.py:149} INFO - [2023-06-14T22:58:42.008+0700] {dag.py:3486} INFO - Setting next_dagrun for TheThree_airflow to 2023-06-14T13:48:02.062605+00:00, run_after=2023-06-15T13:48:02.062605+00:00
[2023-06-14T22:58:42.023+0700] {processor.py:179} INFO - Processing /Users/lap14202/.airflow/dags/main_airflow.py took 0.866 seconds
[2023-06-14T23:00:20.210+0700] {processor.py:157} INFO - Started process (PID=40135) to work on /Users/lap14202/.airflow/dags/main_airflow.py
[2023-06-14T23:00:20.212+0700] {processor.py:826} INFO - Processing file /Users/lap14202/.airflow/dags/main_airflow.py for tasks to queue
[2023-06-14T23:00:20.213+0700] {logging_mixin.py:149} INFO - [2023-06-14T23:00:20.212+0700] {dagbag.py:541} INFO - Filling up the DagBag from /Users/lap14202/.airflow/dags/main_airflow.py
[2023-06-14T23:00:20.240+0700] {processor.py:836} INFO - DAG(s) dict_keys(['TheThree_airflow']) retrieved from /Users/lap14202/.airflow/dags/main_airflow.py
[2023-06-14T23:00:21.014+0700] {logging_mixin.py:149} INFO - [2023-06-14T23:00:21.013+0700] {dag.py:2726} INFO - Sync 1 DAGs
[2023-06-14T23:00:21.030+0700] {logging_mixin.py:149} INFO - [2023-06-14T23:00:21.030+0700] {dag.py:3486} INFO - Setting next_dagrun for TheThree_airflow to 2023-06-14T13:48:02.062605+00:00, run_after=2023-06-15T13:48:02.062605+00:00
[2023-06-14T23:00:21.053+0700] {processor.py:179} INFO - Processing /Users/lap14202/.airflow/dags/main_airflow.py took 0.843 seconds
[2023-06-14T23:02:04.809+0700] {processor.py:157} INFO - Started process (PID=40376) to work on /Users/lap14202/.airflow/dags/main_airflow.py
[2023-06-14T23:02:04.810+0700] {processor.py:826} INFO - Processing file /Users/lap14202/.airflow/dags/main_airflow.py for tasks to queue
[2023-06-14T23:02:04.811+0700] {logging_mixin.py:149} INFO - [2023-06-14T23:02:04.811+0700] {dagbag.py:541} INFO - Filling up the DagBag from /Users/lap14202/.airflow/dags/main_airflow.py
[2023-06-14T23:02:04.837+0700] {processor.py:836} INFO - DAG(s) dict_keys(['TheThree_airflow']) retrieved from /Users/lap14202/.airflow/dags/main_airflow.py
[2023-06-14T23:02:05.602+0700] {logging_mixin.py:149} INFO - [2023-06-14T23:02:05.602+0700] {dag.py:2726} INFO - Sync 1 DAGs
[2023-06-14T23:02:05.616+0700] {logging_mixin.py:149} INFO - [2023-06-14T23:02:05.615+0700] {dag.py:3486} INFO - Setting next_dagrun for TheThree_airflow to 2023-06-14T13:48:02.062605+00:00, run_after=2023-06-15T13:48:02.062605+00:00
[2023-06-14T23:02:05.640+0700] {processor.py:179} INFO - Processing /Users/lap14202/.airflow/dags/main_airflow.py took 0.832 seconds
[2023-06-14T23:03:42.335+0700] {processor.py:157} INFO - Started process (PID=40627) to work on /Users/lap14202/.airflow/dags/main_airflow.py
[2023-06-14T23:03:42.336+0700] {processor.py:826} INFO - Processing file /Users/lap14202/.airflow/dags/main_airflow.py for tasks to queue
[2023-06-14T23:03:42.336+0700] {logging_mixin.py:149} INFO - [2023-06-14T23:03:42.336+0700] {dagbag.py:541} INFO - Filling up the DagBag from /Users/lap14202/.airflow/dags/main_airflow.py
[2023-06-14T23:03:42.361+0700] {processor.py:836} INFO - DAG(s) dict_keys(['TheThree_airflow']) retrieved from /Users/lap14202/.airflow/dags/main_airflow.py
[2023-06-14T23:03:43.088+0700] {logging_mixin.py:149} INFO - [2023-06-14T23:03:43.087+0700] {dag.py:2726} INFO - Sync 1 DAGs
[2023-06-14T23:03:43.120+0700] {logging_mixin.py:149} INFO - [2023-06-14T23:03:43.119+0700] {dag.py:3486} INFO - Setting next_dagrun for TheThree_airflow to 2023-06-14T13:48:02.062605+00:00, run_after=2023-06-15T13:48:02.062605+00:00
[2023-06-14T23:03:43.134+0700] {processor.py:179} INFO - Processing /Users/lap14202/.airflow/dags/main_airflow.py took 0.800 seconds
[2023-06-14T23:05:07.947+0700] {processor.py:157} INFO - Started process (PID=40787) to work on /Users/lap14202/.airflow/dags/main_airflow.py
[2023-06-14T23:05:07.947+0700] {processor.py:826} INFO - Processing file /Users/lap14202/.airflow/dags/main_airflow.py for tasks to queue
[2023-06-14T23:05:07.948+0700] {logging_mixin.py:149} INFO - [2023-06-14T23:05:07.948+0700] {dagbag.py:541} INFO - Filling up the DagBag from /Users/lap14202/.airflow/dags/main_airflow.py
[2023-06-14T23:05:07.974+0700] {processor.py:836} INFO - DAG(s) dict_keys(['TheThree_airflow']) retrieved from /Users/lap14202/.airflow/dags/main_airflow.py
[2023-06-14T23:05:08.665+0700] {logging_mixin.py:149} INFO - [2023-06-14T23:05:08.665+0700] {dag.py:2726} INFO - Sync 1 DAGs
[2023-06-14T23:05:08.678+0700] {logging_mixin.py:149} INFO - [2023-06-14T23:05:08.678+0700] {dag.py:3486} INFO - Setting next_dagrun for TheThree_airflow to 2023-06-14T13:48:02.062605+00:00, run_after=2023-06-15T13:48:02.062605+00:00
[2023-06-14T23:05:08.700+0700] {processor.py:179} INFO - Processing /Users/lap14202/.airflow/dags/main_airflow.py took 0.754 seconds
[2023-06-14T23:06:36.421+0700] {processor.py:157} INFO - Started process (PID=40926) to work on /Users/lap14202/.airflow/dags/main_airflow.py
[2023-06-14T23:06:36.421+0700] {processor.py:826} INFO - Processing file /Users/lap14202/.airflow/dags/main_airflow.py for tasks to queue
[2023-06-14T23:06:36.422+0700] {logging_mixin.py:149} INFO - [2023-06-14T23:06:36.422+0700] {dagbag.py:541} INFO - Filling up the DagBag from /Users/lap14202/.airflow/dags/main_airflow.py
[2023-06-14T23:06:36.448+0700] {processor.py:836} INFO - DAG(s) dict_keys(['TheThree_airflow']) retrieved from /Users/lap14202/.airflow/dags/main_airflow.py
[2023-06-14T23:06:37.165+0700] {logging_mixin.py:149} INFO - [2023-06-14T23:06:37.165+0700] {dag.py:2726} INFO - Sync 1 DAGs
[2023-06-14T23:06:37.178+0700] {logging_mixin.py:149} INFO - [2023-06-14T23:06:37.178+0700] {dag.py:3486} INFO - Setting next_dagrun for TheThree_airflow to 2023-06-14T13:48:02.062605+00:00, run_after=2023-06-15T13:48:02.062605+00:00
[2023-06-14T23:06:37.192+0700] {processor.py:179} INFO - Processing /Users/lap14202/.airflow/dags/main_airflow.py took 0.772 seconds
[2023-06-14T23:08:07.699+0700] {processor.py:157} INFO - Started process (PID=41139) to work on /Users/lap14202/.airflow/dags/main_airflow.py
[2023-06-14T23:08:07.700+0700] {processor.py:826} INFO - Processing file /Users/lap14202/.airflow/dags/main_airflow.py for tasks to queue
[2023-06-14T23:08:07.700+0700] {logging_mixin.py:149} INFO - [2023-06-14T23:08:07.700+0700] {dagbag.py:541} INFO - Filling up the DagBag from /Users/lap14202/.airflow/dags/main_airflow.py
[2023-06-14T23:08:07.726+0700] {processor.py:836} INFO - DAG(s) dict_keys(['TheThree_airflow']) retrieved from /Users/lap14202/.airflow/dags/main_airflow.py
[2023-06-14T23:08:08.451+0700] {logging_mixin.py:149} INFO - [2023-06-14T23:08:08.450+0700] {dag.py:2726} INFO - Sync 1 DAGs
[2023-06-14T23:08:08.465+0700] {logging_mixin.py:149} INFO - [2023-06-14T23:08:08.465+0700] {dag.py:3486} INFO - Setting next_dagrun for TheThree_airflow to 2023-06-14T13:48:02.062605+00:00, run_after=2023-06-15T13:48:02.062605+00:00
[2023-06-14T23:08:08.479+0700] {processor.py:179} INFO - Processing /Users/lap14202/.airflow/dags/main_airflow.py took 0.781 seconds
[2023-06-14T23:09:44.896+0700] {processor.py:157} INFO - Started process (PID=41353) to work on /Users/lap14202/.airflow/dags/main_airflow.py
[2023-06-14T23:09:44.897+0700] {processor.py:826} INFO - Processing file /Users/lap14202/.airflow/dags/main_airflow.py for tasks to queue
[2023-06-14T23:09:44.897+0700] {logging_mixin.py:149} INFO - [2023-06-14T23:09:44.897+0700] {dagbag.py:541} INFO - Filling up the DagBag from /Users/lap14202/.airflow/dags/main_airflow.py
[2023-06-14T23:09:44.921+0700] {processor.py:836} INFO - DAG(s) dict_keys(['TheThree_airflow']) retrieved from /Users/lap14202/.airflow/dags/main_airflow.py
[2023-06-14T23:09:45.614+0700] {logging_mixin.py:149} INFO - [2023-06-14T23:09:45.614+0700] {dag.py:2726} INFO - Sync 1 DAGs
[2023-06-14T23:09:45.627+0700] {logging_mixin.py:149} INFO - [2023-06-14T23:09:45.627+0700] {dag.py:3486} INFO - Setting next_dagrun for TheThree_airflow to 2023-06-14T13:48:02.062605+00:00, run_after=2023-06-15T13:48:02.062605+00:00
[2023-06-14T23:09:45.648+0700] {processor.py:179} INFO - Processing /Users/lap14202/.airflow/dags/main_airflow.py took 0.753 seconds
[2023-06-14T23:11:20.716+0700] {processor.py:157} INFO - Started process (PID=41512) to work on /Users/lap14202/.airflow/dags/main_airflow.py
[2023-06-14T23:11:20.717+0700] {processor.py:826} INFO - Processing file /Users/lap14202/.airflow/dags/main_airflow.py for tasks to queue
[2023-06-14T23:11:20.717+0700] {logging_mixin.py:149} INFO - [2023-06-14T23:11:20.717+0700] {dagbag.py:541} INFO - Filling up the DagBag from /Users/lap14202/.airflow/dags/main_airflow.py
[2023-06-14T23:11:20.742+0700] {processor.py:836} INFO - DAG(s) dict_keys(['TheThree_airflow']) retrieved from /Users/lap14202/.airflow/dags/main_airflow.py
[2023-06-14T23:11:21.436+0700] {logging_mixin.py:149} INFO - [2023-06-14T23:11:21.436+0700] {dag.py:2726} INFO - Sync 1 DAGs
[2023-06-14T23:11:21.449+0700] {logging_mixin.py:149} INFO - [2023-06-14T23:11:21.449+0700] {dag.py:3486} INFO - Setting next_dagrun for TheThree_airflow to 2023-06-14T13:48:02.062605+00:00, run_after=2023-06-15T13:48:02.062605+00:00
[2023-06-14T23:11:21.471+0700] {processor.py:179} INFO - Processing /Users/lap14202/.airflow/dags/main_airflow.py took 0.755 seconds
[2023-06-14T23:13:00.061+0700] {processor.py:157} INFO - Started process (PID=41736) to work on /Users/lap14202/.airflow/dags/main_airflow.py
[2023-06-14T23:13:00.062+0700] {processor.py:826} INFO - Processing file /Users/lap14202/.airflow/dags/main_airflow.py for tasks to queue
[2023-06-14T23:13:00.063+0700] {logging_mixin.py:149} INFO - [2023-06-14T23:13:00.063+0700] {dagbag.py:541} INFO - Filling up the DagBag from /Users/lap14202/.airflow/dags/main_airflow.py
[2023-06-14T23:13:00.089+0700] {processor.py:836} INFO - DAG(s) dict_keys(['TheThree_airflow']) retrieved from /Users/lap14202/.airflow/dags/main_airflow.py
[2023-06-14T23:13:00.826+0700] {logging_mixin.py:149} INFO - [2023-06-14T23:13:00.826+0700] {dag.py:2726} INFO - Sync 1 DAGs
[2023-06-14T23:13:00.839+0700] {logging_mixin.py:149} INFO - [2023-06-14T23:13:00.839+0700] {dag.py:3486} INFO - Setting next_dagrun for TheThree_airflow to 2023-06-14T13:48:02.062605+00:00, run_after=2023-06-15T13:48:02.062605+00:00
[2023-06-14T23:13:00.860+0700] {processor.py:179} INFO - Processing /Users/lap14202/.airflow/dags/main_airflow.py took 0.801 seconds
[2023-06-14T23:14:35.656+0700] {processor.py:157} INFO - Started process (PID=41886) to work on /Users/lap14202/.airflow/dags/main_airflow.py
[2023-06-14T23:14:35.656+0700] {processor.py:826} INFO - Processing file /Users/lap14202/.airflow/dags/main_airflow.py for tasks to queue
[2023-06-14T23:14:35.657+0700] {logging_mixin.py:149} INFO - [2023-06-14T23:14:35.657+0700] {dagbag.py:541} INFO - Filling up the DagBag from /Users/lap14202/.airflow/dags/main_airflow.py
[2023-06-14T23:14:35.681+0700] {processor.py:836} INFO - DAG(s) dict_keys(['TheThree_airflow']) retrieved from /Users/lap14202/.airflow/dags/main_airflow.py
[2023-06-14T23:14:36.386+0700] {logging_mixin.py:149} INFO - [2023-06-14T23:14:36.386+0700] {dag.py:2726} INFO - Sync 1 DAGs
[2023-06-14T23:14:36.398+0700] {logging_mixin.py:149} INFO - [2023-06-14T23:14:36.398+0700] {dag.py:3486} INFO - Setting next_dagrun for TheThree_airflow to 2023-06-14T13:48:02.062605+00:00, run_after=2023-06-15T13:48:02.062605+00:00
[2023-06-14T23:14:36.412+0700] {processor.py:179} INFO - Processing /Users/lap14202/.airflow/dags/main_airflow.py took 0.757 seconds
[2023-06-14T23:16:12.907+0700] {processor.py:157} INFO - Started process (PID=42141) to work on /Users/lap14202/.airflow/dags/main_airflow.py
[2023-06-14T23:16:12.907+0700] {processor.py:826} INFO - Processing file /Users/lap14202/.airflow/dags/main_airflow.py for tasks to queue
[2023-06-14T23:16:12.907+0700] {logging_mixin.py:149} INFO - [2023-06-14T23:16:12.907+0700] {dagbag.py:541} INFO - Filling up the DagBag from /Users/lap14202/.airflow/dags/main_airflow.py
[2023-06-14T23:16:12.932+0700] {processor.py:836} INFO - DAG(s) dict_keys(['TheThree_airflow']) retrieved from /Users/lap14202/.airflow/dags/main_airflow.py
[2023-06-14T23:16:13.644+0700] {logging_mixin.py:149} INFO - [2023-06-14T23:16:13.644+0700] {dag.py:2726} INFO - Sync 1 DAGs
[2023-06-14T23:16:13.657+0700] {logging_mixin.py:149} INFO - [2023-06-14T23:16:13.657+0700] {dag.py:3486} INFO - Setting next_dagrun for TheThree_airflow to 2023-06-14T13:48:02.062605+00:00, run_after=2023-06-15T13:48:02.062605+00:00
[2023-06-14T23:16:13.670+0700] {processor.py:179} INFO - Processing /Users/lap14202/.airflow/dags/main_airflow.py took 0.764 seconds
[2023-06-14T23:17:51.491+0700] {processor.py:157} INFO - Started process (PID=42668) to work on /Users/lap14202/.airflow/dags/main_airflow.py
[2023-06-14T23:17:51.492+0700] {processor.py:826} INFO - Processing file /Users/lap14202/.airflow/dags/main_airflow.py for tasks to queue
[2023-06-14T23:17:51.493+0700] {logging_mixin.py:149} INFO - [2023-06-14T23:17:51.493+0700] {dagbag.py:541} INFO - Filling up the DagBag from /Users/lap14202/.airflow/dags/main_airflow.py
[2023-06-14T23:17:51.519+0700] {processor.py:836} INFO - DAG(s) dict_keys(['TheThree_airflow']) retrieved from /Users/lap14202/.airflow/dags/main_airflow.py
[2023-06-14T23:17:52.290+0700] {logging_mixin.py:149} INFO - [2023-06-14T23:17:52.290+0700] {dag.py:2726} INFO - Sync 1 DAGs
[2023-06-14T23:17:52.304+0700] {logging_mixin.py:149} INFO - [2023-06-14T23:17:52.304+0700] {dag.py:3486} INFO - Setting next_dagrun for TheThree_airflow to 2023-06-14T13:48:02.062605+00:00, run_after=2023-06-15T13:48:02.062605+00:00
[2023-06-14T23:17:52.319+0700] {processor.py:179} INFO - Processing /Users/lap14202/.airflow/dags/main_airflow.py took 0.829 seconds
[2023-06-14T23:19:39.716+0700] {processor.py:157} INFO - Started process (PID=42969) to work on /Users/lap14202/.airflow/dags/main_airflow.py
[2023-06-14T23:19:39.719+0700] {processor.py:826} INFO - Processing file /Users/lap14202/.airflow/dags/main_airflow.py for tasks to queue
[2023-06-14T23:19:39.720+0700] {logging_mixin.py:149} INFO - [2023-06-14T23:19:39.720+0700] {dagbag.py:541} INFO - Filling up the DagBag from /Users/lap14202/.airflow/dags/main_airflow.py
[2023-06-14T23:19:39.749+0700] {processor.py:836} INFO - DAG(s) dict_keys(['TheThree_airflow']) retrieved from /Users/lap14202/.airflow/dags/main_airflow.py
[2023-06-14T23:19:40.534+0700] {logging_mixin.py:149} INFO - [2023-06-14T23:19:40.534+0700] {dag.py:2726} INFO - Sync 1 DAGs
[2023-06-14T23:19:40.548+0700] {logging_mixin.py:149} INFO - [2023-06-14T23:19:40.548+0700] {dag.py:3486} INFO - Setting next_dagrun for TheThree_airflow to 2023-06-14T13:48:02.062605+00:00, run_after=2023-06-15T13:48:02.062605+00:00
[2023-06-14T23:19:40.563+0700] {processor.py:179} INFO - Processing /Users/lap14202/.airflow/dags/main_airflow.py took 0.848 seconds
[2023-06-14T23:22:12.342+0700] {processor.py:157} INFO - Started process (PID=43410) to work on /Users/lap14202/.airflow/dags/main_airflow.py
[2023-06-14T23:22:12.343+0700] {processor.py:826} INFO - Processing file /Users/lap14202/.airflow/dags/main_airflow.py for tasks to queue
[2023-06-14T23:22:12.344+0700] {logging_mixin.py:149} INFO - [2023-06-14T23:22:12.344+0700] {dagbag.py:541} INFO - Filling up the DagBag from /Users/lap14202/.airflow/dags/main_airflow.py
[2023-06-14T23:22:12.371+0700] {processor.py:836} INFO - DAG(s) dict_keys(['TheThree_airflow']) retrieved from /Users/lap14202/.airflow/dags/main_airflow.py
[2023-06-14T23:22:13.097+0700] {logging_mixin.py:149} INFO - [2023-06-14T23:22:13.097+0700] {dag.py:2726} INFO - Sync 1 DAGs
[2023-06-14T23:22:13.111+0700] {logging_mixin.py:149} INFO - [2023-06-14T23:22:13.110+0700] {dag.py:3486} INFO - Setting next_dagrun for TheThree_airflow to 2023-06-14T13:48:02.062605+00:00, run_after=2023-06-15T13:48:02.062605+00:00
[2023-06-14T23:22:13.124+0700] {processor.py:179} INFO - Processing /Users/lap14202/.airflow/dags/main_airflow.py took 0.783 seconds
[2023-06-14T23:23:52.264+0700] {processor.py:157} INFO - Started process (PID=43633) to work on /Users/lap14202/.airflow/dags/main_airflow.py
[2023-06-14T23:23:52.266+0700] {processor.py:826} INFO - Processing file /Users/lap14202/.airflow/dags/main_airflow.py for tasks to queue
[2023-06-14T23:23:52.266+0700] {logging_mixin.py:149} INFO - [2023-06-14T23:23:52.266+0700] {dagbag.py:541} INFO - Filling up the DagBag from /Users/lap14202/.airflow/dags/main_airflow.py
[2023-06-14T23:23:52.293+0700] {processor.py:836} INFO - DAG(s) dict_keys(['TheThree_airflow']) retrieved from /Users/lap14202/.airflow/dags/main_airflow.py
[2023-06-14T23:23:53.026+0700] {logging_mixin.py:149} INFO - [2023-06-14T23:23:53.026+0700] {dag.py:2726} INFO - Sync 1 DAGs
[2023-06-14T23:23:53.039+0700] {logging_mixin.py:149} INFO - [2023-06-14T23:23:53.039+0700] {dag.py:3486} INFO - Setting next_dagrun for TheThree_airflow to 2023-06-14T13:48:02.062605+00:00, run_after=2023-06-15T13:48:02.062605+00:00
[2023-06-14T23:23:53.053+0700] {processor.py:179} INFO - Processing /Users/lap14202/.airflow/dags/main_airflow.py took 0.789 seconds
[2023-06-14T23:25:26.582+0700] {processor.py:157} INFO - Started process (PID=43801) to work on /Users/lap14202/.airflow/dags/main_airflow.py
[2023-06-14T23:25:26.582+0700] {processor.py:826} INFO - Processing file /Users/lap14202/.airflow/dags/main_airflow.py for tasks to queue
[2023-06-14T23:25:26.583+0700] {logging_mixin.py:149} INFO - [2023-06-14T23:25:26.583+0700] {dagbag.py:541} INFO - Filling up the DagBag from /Users/lap14202/.airflow/dags/main_airflow.py
[2023-06-14T23:25:26.610+0700] {processor.py:836} INFO - DAG(s) dict_keys(['TheThree_airflow']) retrieved from /Users/lap14202/.airflow/dags/main_airflow.py
[2023-06-14T23:25:27.331+0700] {logging_mixin.py:149} INFO - [2023-06-14T23:25:27.330+0700] {dag.py:2726} INFO - Sync 1 DAGs
[2023-06-14T23:25:27.344+0700] {logging_mixin.py:149} INFO - [2023-06-14T23:25:27.344+0700] {dag.py:3486} INFO - Setting next_dagrun for TheThree_airflow to 2023-06-14T13:48:02.062605+00:00, run_after=2023-06-15T13:48:02.062605+00:00
[2023-06-14T23:25:27.357+0700] {processor.py:179} INFO - Processing /Users/lap14202/.airflow/dags/main_airflow.py took 0.775 seconds
[2023-06-14T23:27:06.843+0700] {processor.py:157} INFO - Started process (PID=44030) to work on /Users/lap14202/.airflow/dags/main_airflow.py
[2023-06-14T23:27:06.844+0700] {processor.py:826} INFO - Processing file /Users/lap14202/.airflow/dags/main_airflow.py for tasks to queue
[2023-06-14T23:27:06.845+0700] {logging_mixin.py:149} INFO - [2023-06-14T23:27:06.844+0700] {dagbag.py:541} INFO - Filling up the DagBag from /Users/lap14202/.airflow/dags/main_airflow.py
[2023-06-14T23:27:06.874+0700] {processor.py:836} INFO - DAG(s) dict_keys(['TheThree_airflow']) retrieved from /Users/lap14202/.airflow/dags/main_airflow.py
[2023-06-14T23:27:07.705+0700] {logging_mixin.py:149} INFO - [2023-06-14T23:27:07.705+0700] {dag.py:2726} INFO - Sync 1 DAGs
[2023-06-14T23:27:07.720+0700] {logging_mixin.py:149} INFO - [2023-06-14T23:27:07.719+0700] {dag.py:3486} INFO - Setting next_dagrun for TheThree_airflow to 2023-06-14T13:48:02.062605+00:00, run_after=2023-06-15T13:48:02.062605+00:00
[2023-06-14T23:27:07.733+0700] {processor.py:179} INFO - Processing /Users/lap14202/.airflow/dags/main_airflow.py took 0.891 seconds
[2023-06-14T23:28:46.938+0700] {processor.py:157} INFO - Started process (PID=44181) to work on /Users/lap14202/.airflow/dags/main_airflow.py
[2023-06-14T23:28:46.938+0700] {processor.py:826} INFO - Processing file /Users/lap14202/.airflow/dags/main_airflow.py for tasks to queue
[2023-06-14T23:28:46.939+0700] {logging_mixin.py:149} INFO - [2023-06-14T23:28:46.939+0700] {dagbag.py:541} INFO - Filling up the DagBag from /Users/lap14202/.airflow/dags/main_airflow.py
[2023-06-14T23:28:46.965+0700] {processor.py:836} INFO - DAG(s) dict_keys(['TheThree_airflow']) retrieved from /Users/lap14202/.airflow/dags/main_airflow.py
[2023-06-14T23:28:47.725+0700] {logging_mixin.py:149} INFO - [2023-06-14T23:28:47.725+0700] {dag.py:2726} INFO - Sync 1 DAGs
[2023-06-14T23:28:47.738+0700] {logging_mixin.py:149} INFO - [2023-06-14T23:28:47.738+0700] {dag.py:3486} INFO - Setting next_dagrun for TheThree_airflow to 2023-06-14T13:48:02.062605+00:00, run_after=2023-06-15T13:48:02.062605+00:00
[2023-06-14T23:28:47.751+0700] {processor.py:179} INFO - Processing /Users/lap14202/.airflow/dags/main_airflow.py took 0.814 seconds
[2023-06-14T23:30:26.612+0700] {processor.py:157} INFO - Started process (PID=44423) to work on /Users/lap14202/.airflow/dags/main_airflow.py
[2023-06-14T23:30:26.614+0700] {processor.py:826} INFO - Processing file /Users/lap14202/.airflow/dags/main_airflow.py for tasks to queue
[2023-06-14T23:30:26.614+0700] {logging_mixin.py:149} INFO - [2023-06-14T23:30:26.614+0700] {dagbag.py:541} INFO - Filling up the DagBag from /Users/lap14202/.airflow/dags/main_airflow.py
[2023-06-14T23:30:26.641+0700] {processor.py:836} INFO - DAG(s) dict_keys(['TheThree_airflow']) retrieved from /Users/lap14202/.airflow/dags/main_airflow.py
[2023-06-14T23:30:27.365+0700] {logging_mixin.py:149} INFO - [2023-06-14T23:30:27.365+0700] {dag.py:2726} INFO - Sync 1 DAGs
[2023-06-14T23:30:27.378+0700] {logging_mixin.py:149} INFO - [2023-06-14T23:30:27.378+0700] {dag.py:3486} INFO - Setting next_dagrun for TheThree_airflow to 2023-06-14T13:48:02.062605+00:00, run_after=2023-06-15T13:48:02.062605+00:00
[2023-06-14T23:30:27.399+0700] {processor.py:179} INFO - Processing /Users/lap14202/.airflow/dags/main_airflow.py took 0.788 seconds
[2023-06-14T23:32:03.654+0700] {processor.py:157} INFO - Started process (PID=44648) to work on /Users/lap14202/.airflow/dags/main_airflow.py
[2023-06-14T23:32:03.655+0700] {processor.py:826} INFO - Processing file /Users/lap14202/.airflow/dags/main_airflow.py for tasks to queue
[2023-06-14T23:32:03.655+0700] {logging_mixin.py:149} INFO - [2023-06-14T23:32:03.655+0700] {dagbag.py:541} INFO - Filling up the DagBag from /Users/lap14202/.airflow/dags/main_airflow.py
[2023-06-14T23:32:03.682+0700] {processor.py:836} INFO - DAG(s) dict_keys(['TheThree_airflow']) retrieved from /Users/lap14202/.airflow/dags/main_airflow.py
[2023-06-14T23:32:04.437+0700] {logging_mixin.py:149} INFO - [2023-06-14T23:32:04.437+0700] {dag.py:2726} INFO - Sync 1 DAGs
[2023-06-14T23:32:04.451+0700] {logging_mixin.py:149} INFO - [2023-06-14T23:32:04.450+0700] {dag.py:3486} INFO - Setting next_dagrun for TheThree_airflow to 2023-06-14T13:48:02.062605+00:00, run_after=2023-06-15T13:48:02.062605+00:00
[2023-06-14T23:32:04.466+0700] {processor.py:179} INFO - Processing /Users/lap14202/.airflow/dags/main_airflow.py took 0.812 seconds
[2023-06-14T23:33:40.348+0700] {processor.py:157} INFO - Started process (PID=44809) to work on /Users/lap14202/.airflow/dags/main_airflow.py
[2023-06-14T23:33:40.349+0700] {processor.py:826} INFO - Processing file /Users/lap14202/.airflow/dags/main_airflow.py for tasks to queue
[2023-06-14T23:33:40.350+0700] {logging_mixin.py:149} INFO - [2023-06-14T23:33:40.350+0700] {dagbag.py:541} INFO - Filling up the DagBag from /Users/lap14202/.airflow/dags/main_airflow.py
[2023-06-14T23:33:40.380+0700] {processor.py:836} INFO - DAG(s) dict_keys(['TheThree_airflow']) retrieved from /Users/lap14202/.airflow/dags/main_airflow.py
[2023-06-14T23:33:41.116+0700] {logging_mixin.py:149} INFO - [2023-06-14T23:33:41.116+0700] {dag.py:2726} INFO - Sync 1 DAGs
[2023-06-14T23:33:41.130+0700] {logging_mixin.py:149} INFO - [2023-06-14T23:33:41.130+0700] {dag.py:3486} INFO - Setting next_dagrun for TheThree_airflow to 2023-06-14T13:48:02.062605+00:00, run_after=2023-06-15T13:48:02.062605+00:00
[2023-06-14T23:33:41.145+0700] {processor.py:179} INFO - Processing /Users/lap14202/.airflow/dags/main_airflow.py took 0.798 seconds
[2023-06-14T23:35:15.252+0700] {processor.py:157} INFO - Started process (PID=45086) to work on /Users/lap14202/.airflow/dags/main_airflow.py
[2023-06-14T23:35:15.253+0700] {processor.py:826} INFO - Processing file /Users/lap14202/.airflow/dags/main_airflow.py for tasks to queue
[2023-06-14T23:35:15.254+0700] {logging_mixin.py:149} INFO - [2023-06-14T23:35:15.254+0700] {dagbag.py:541} INFO - Filling up the DagBag from /Users/lap14202/.airflow/dags/main_airflow.py
[2023-06-14T23:35:15.295+0700] {processor.py:836} INFO - DAG(s) dict_keys(['TheThree_airflow']) retrieved from /Users/lap14202/.airflow/dags/main_airflow.py
[2023-06-14T23:35:15.997+0700] {logging_mixin.py:149} INFO - [2023-06-14T23:35:15.997+0700] {dag.py:2726} INFO - Sync 1 DAGs
[2023-06-14T23:35:16.010+0700] {logging_mixin.py:149} INFO - [2023-06-14T23:35:16.010+0700] {dag.py:3486} INFO - Setting next_dagrun for TheThree_airflow to 2023-06-14T13:48:02.062605+00:00, run_after=2023-06-15T13:48:02.062605+00:00
[2023-06-14T23:35:16.023+0700] {processor.py:179} INFO - Processing /Users/lap14202/.airflow/dags/main_airflow.py took 0.772 seconds
[2023-06-14T23:36:52.827+0700] {processor.py:157} INFO - Started process (PID=45334) to work on /Users/lap14202/.airflow/dags/main_airflow.py
[2023-06-14T23:36:52.828+0700] {processor.py:826} INFO - Processing file /Users/lap14202/.airflow/dags/main_airflow.py for tasks to queue
[2023-06-14T23:36:52.830+0700] {logging_mixin.py:149} INFO - [2023-06-14T23:36:52.829+0700] {dagbag.py:541} INFO - Filling up the DagBag from /Users/lap14202/.airflow/dags/main_airflow.py
[2023-06-14T23:36:52.869+0700] {processor.py:836} INFO - DAG(s) dict_keys(['TheThree_airflow']) retrieved from /Users/lap14202/.airflow/dags/main_airflow.py
[2023-06-14T23:36:53.826+0700] {logging_mixin.py:149} INFO - [2023-06-14T23:36:53.825+0700] {dag.py:2726} INFO - Sync 1 DAGs
[2023-06-14T23:36:53.841+0700] {logging_mixin.py:149} INFO - [2023-06-14T23:36:53.841+0700] {dag.py:3486} INFO - Setting next_dagrun for TheThree_airflow to 2023-06-14T13:48:02.062605+00:00, run_after=2023-06-15T13:48:02.062605+00:00
[2023-06-14T23:36:53.856+0700] {processor.py:179} INFO - Processing /Users/lap14202/.airflow/dags/main_airflow.py took 1.030 seconds
