[2023-06-16T11:41:11.544+0700] {taskinstance.py:1103} INFO - Dependencies all met for dep_context=non-requeueable deps ti=<TaskInstance: thethree_reqif_to_rst.upload_to_github manual__2023-06-16T04:40:41+00:00 [queued]>
[2023-06-16T11:41:11.553+0700] {taskinstance.py:1103} INFO - Dependencies all met for dep_context=requeueable deps ti=<TaskInstance: thethree_reqif_to_rst.upload_to_github manual__2023-06-16T04:40:41+00:00 [queued]>
[2023-06-16T11:41:11.554+0700] {taskinstance.py:1308} INFO - Starting attempt 1 of 0
[2023-06-16T11:41:11.570+0700] {taskinstance.py:1327} INFO - Executing <Task(PythonOperator): upload_to_github> on 2023-06-16 04:40:41+00:00
[2023-06-16T11:41:11.574+0700] {standard_task_runner.py:57} INFO - Started process 94267 to run task
[2023-06-16T11:41:11.582+0700] {standard_task_runner.py:84} INFO - Running: ['airflow', 'tasks', 'run', 'thethree_reqif_to_rst', 'upload_to_github', 'manual__2023-06-16T04:40:41+00:00', '--job-id', '246', '--raw', '--subdir', 'DAGS_FOLDER/mainflow.py', '--cfg-path', '/var/folders/v7/qsb_cvl92z92z6jf7g1jc0zr0000gn/T/tmpu94v9e09']
[2023-06-16T11:41:11.583+0700] {standard_task_runner.py:85} INFO - Job 246: Subtask upload_to_github
[2023-06-16T11:41:11.644+0700] {task_command.py:410} INFO - Running <TaskInstance: thethree_reqif_to_rst.upload_to_github manual__2023-06-16T04:40:41+00:00 [running]> on host macbook-pro.local
[2023-06-16T11:41:11.709+0700] {taskinstance.py:1545} INFO - Exporting env vars: AIRFLOW_CTX_DAG_OWNER='The Three' AIRFLOW_CTX_DAG_ID='thethree_reqif_to_rst' AIRFLOW_CTX_TASK_ID='upload_to_github' AIRFLOW_CTX_EXECUTION_DATE='2023-06-16T04:40:41+00:00' AIRFLOW_CTX_TRY_NUMBER='1' AIRFLOW_CTX_DAG_RUN_ID='manual__2023-06-16T04:40:41+00:00'
[2023-06-16T11:41:11.722+0700] {mainflow.py:48} INFO - {'AUTHENTICATION': {'TOKEN': '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', 'USERNAME': 'nxquang-al'}, 'MESSAGE': 'test-github-access-token', 'REPOSITORY': {'BRANCH': 'main', 'NAME': 'Test-github-api', 'OWNER': 'R2th'}}
[2023-06-16T11:41:11.722+0700] {mainflow.py:49} INFO - /Users/lap14202/.airflow/data/Requirements.rst
[2023-06-16T11:41:11.723+0700] {upload_to_github.py:22} INFO - /repos/R2th/Test-github-api/contents/Users/lap14202/.airflow/data/Requirements.rst
[2023-06-16T11:41:11.723+0700] {upload_to_github.py:23} INFO - {'Authorization': 'Bearer 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', 'Content-Type': 'application/vnd.github+json', 'User-Agent': 'Mozilla/5.0 (Macintosh; Intel Mac OS X 10_15_7) AppleWebKit/537.36 (KHTML, like Gecko) Chrome/114.0.0.0 Safari/537.36'}
[2023-06-16T11:41:11.724+0700] {upload_to_github.py:24} INFO - main
[2023-06-16T11:41:12.081+0700] {upload_to_github.py:40} INFO - 400
[2023-06-16T11:41:12.082+0700] {upload_to_github.py:41} INFO - b'<!DOCTYPE html>\n<html lang=en>\n  <meta charset=utf-8>\n  <meta name=viewport content="initial-scale=1, minimum-scale=1, width=device-width">\n  <title>Error 400 (Bad Request)!!1</title>\n  <style>\n    *{margin:0;padding:0}html,code{font:15px/22px arial,sans-serif}html{background:#fff;color:#222;padding:15px}body{margin:7% auto 0;max-width:390px;min-height:180px;padding:30px 0 15px}* > body{background:url(//www.google.com/images/errors/robot.png) 100% 5px no-repeat;padding-right:205px}p{margin:11px 0 22px;overflow:hidden}ins{color:#777;text-decoration:none}a img{border:0}@media screen and (max-width:772px){body{background:none;margin-top:0;max-width:none;padding-right:0}}#logo{background:url(//www.google.com/images/branding/googlelogo/1x/googlelogo_color_150x54dp.png) no-repeat;margin-left:-5px}@media only screen and (min-resolution:192dpi){#logo{background:url(//www.google.com/images/branding/googlelogo/2x/googlelogo_color_150x54dp.png) no-repeat 0% 0%/100% 100%;-moz-border-image:url(//www.google.com/images/branding/googlelogo/2x/googlelogo_color_150x54dp.png) 0}}@media only screen and (-webkit-min-device-pixel-ratio:2){#logo{background:url(//www.google.com/images/branding/googlelogo/2x/googlelogo_color_150x54dp.png) no-repeat;-webkit-background-size:100% 100%}}#logo{display:inline-block;height:54px;width:150px}\n  </style>\n  <a href=//www.google.com/><span id=logo aria-label=Google></span></a>\n  <p><b>400.</b> <ins>That\xe2\x80\x99s an error.</ins>\n  <p>Your client has issued a malformed or illegal request.  <ins>That\xe2\x80\x99s all we know.</ins>\n'
[2023-06-16T11:41:12.083+0700] {upload_to_github.py:42} INFO - [('Content-Type', 'text/html; charset=UTF-8'), ('Referrer-Policy', 'no-referrer'), ('Content-Length', '1555'), ('Date', 'Fri, 16 Jun 2023 04:41:12 GMT')]
[2023-06-16T11:41:12.087+0700] {python.py:183} INFO - Done. Returned value was: None
[2023-06-16T11:41:12.092+0700] {taskinstance.py:1345} INFO - Marking task as SUCCESS. dag_id=thethree_reqif_to_rst, task_id=upload_to_github, execution_date=20230616T044041, start_date=20230616T044111, end_date=20230616T044112
[2023-06-16T11:41:12.136+0700] {local_task_job_runner.py:225} INFO - Task exited with return code 0
[2023-06-16T11:41:12.159+0700] {taskinstance.py:2651} INFO - 1 downstream tasks scheduled from follow-on schedule check
