[2023-06-16T11:38:19.164+0700] {taskinstance.py:1103} INFO - Dependencies all met for dep_context=non-requeueable deps ti=<TaskInstance: thethree_reqif_to_rst.upload_to_github manual__2023-06-16T04:37:49+00:00 [queued]>
[2023-06-16T11:38:19.171+0700] {taskinstance.py:1103} INFO - Dependencies all met for dep_context=requeueable deps ti=<TaskInstance: thethree_reqif_to_rst.upload_to_github manual__2023-06-16T04:37:49+00:00 [queued]>
[2023-06-16T11:38:19.171+0700] {taskinstance.py:1308} INFO - Starting attempt 1 of 0
[2023-06-16T11:38:19.185+0700] {taskinstance.py:1327} INFO - Executing <Task(PythonOperator): upload_to_github> on 2023-06-16 04:37:49+00:00
[2023-06-16T11:38:19.188+0700] {standard_task_runner.py:57} INFO - Started process 93905 to run task
[2023-06-16T11:38:19.197+0700] {standard_task_runner.py:84} INFO - Running: ['airflow', 'tasks', 'run', 'thethree_reqif_to_rst', 'upload_to_github', 'manual__2023-06-16T04:37:49+00:00', '--job-id', '241', '--raw', '--subdir', 'DAGS_FOLDER/mainflow.py', '--cfg-path', '/var/folders/v7/qsb_cvl92z92z6jf7g1jc0zr0000gn/T/tmp21lyyecc']
[2023-06-16T11:38:19.199+0700] {standard_task_runner.py:85} INFO - Job 241: Subtask upload_to_github
[2023-06-16T11:38:19.261+0700] {task_command.py:410} INFO - Running <TaskInstance: thethree_reqif_to_rst.upload_to_github manual__2023-06-16T04:37:49+00:00 [running]> on host macbook-pro.local
[2023-06-16T11:38:19.325+0700] {taskinstance.py:1545} INFO - Exporting env vars: AIRFLOW_CTX_DAG_OWNER='The Three' AIRFLOW_CTX_DAG_ID='thethree_reqif_to_rst' AIRFLOW_CTX_TASK_ID='upload_to_github' AIRFLOW_CTX_EXECUTION_DATE='2023-06-16T04:37:49+00:00' AIRFLOW_CTX_TRY_NUMBER='1' AIRFLOW_CTX_DAG_RUN_ID='manual__2023-06-16T04:37:49+00:00'
[2023-06-16T11:38:19.338+0700] {mainflow.py:48} INFO - {'AUTHENTICATION': {'TOKEN': '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', 'USERNAME': 'nxquang-al'}, 'MESSAGE': 'test-github-access-token', 'REPOSITORY': {'BRANCH': 'main', 'NAME': 'Test-github-api', 'OWNER': 'R2th'}}
[2023-06-16T11:38:19.339+0700] {mainflow.py:49} INFO - /Users/lap14202/.airflow/data/Requirements.rst
[2023-06-16T11:38:19.339+0700] {upload_to_github.py:22} INFO - /repos/R2th/Test-github-api/contents/Users/lap14202/.airflow/data/Requirements.rst
[2023-06-16T11:38:19.340+0700] {upload_to_github.py:23} INFO - {'Authorization': 'Bearer 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', 'Content-Type': 'application/vnd.github+json'}
[2023-06-16T11:38:19.340+0700] {upload_to_github.py:24} INFO - main
[2023-06-16T11:38:19.886+0700] {upload_to_github.py:40} INFO - 403
[2023-06-16T11:38:19.886+0700] {upload_to_github.py:41} INFO - b'\r\nRequest forbidden by administrative rules. Please make sure your request has a User-Agent header (https://docs.github.com/en/rest/overview/resources-in-the-rest-api#user-agent-required). Check https://developer.github.com for other possible causes.\r\n'
[2023-06-16T11:38:19.887+0700] {upload_to_github.py:42} INFO - [('Cache-Control', 'no-cache'), ('Content-Type', 'text/html; charset=utf-8'), ('Strict-Transport-Security', 'max-age=31536000'), ('X-Content-Type-Options', 'nosniff'), ('X-Frame-Options', 'deny'), ('X-XSS-Protection', '0'), ('Content-Security-Policy', "default-src 'none'; style-src 'unsafe-inline'"), ('connection', 'close')]
[2023-06-16T11:38:19.897+0700] {python.py:183} INFO - Done. Returned value was: None
[2023-06-16T11:38:19.903+0700] {taskinstance.py:1345} INFO - Marking task as SUCCESS. dag_id=thethree_reqif_to_rst, task_id=upload_to_github, execution_date=20230616T043749, start_date=20230616T043819, end_date=20230616T043819
[2023-06-16T11:38:19.924+0700] {local_task_job_runner.py:225} INFO - Task exited with return code 0
[2023-06-16T11:38:19.940+0700] {taskinstance.py:2651} INFO - 1 downstream tasks scheduled from follow-on schedule check
